2023-07-05 05:57:33,456[INFO ]:Before Clear Queue.
2023-07-05 05:57:33,460[INFO ]:Clear Queue.
2023-07-05 05:57:33,460[INFO ]:Reset System Bytes to Zero(0).
2023-07-05 05:57:33,460[INFO ]:Connection Mode : Passive
2023-07-05 05:57:33,464[INFO ]:Thread State Changed : Working
2023-07-05 05:57:33,465[INFO ]:Start RunThreadPassive()
2023-07-05 05:57:33,465[INFO ]:Listening State Changed : Open
2023-07-05 05:57:33,465[INFO ]:Socket Listener was Started.
2023-07-05 05:57:33,465[INFO ]:Before Clear Queue.
2023-07-05 05:57:33,465[INFO ]:Clear Queue.
2023-07-05 05:57:33,465[INFO ]:Waiting New Connection...
2023-07-05 05:57:58,441[INFO ]:Before Clear Queue.
2023-07-05 05:57:58,448[INFO ]:Clear Queue.
2023-07-05 05:57:58,448[INFO ]:Reset System Bytes to Zero(0).
2023-07-05 05:57:58,449[INFO ]:Connection Mode : Passive
2023-07-05 05:57:58,455[INFO ]:Thread State Changed : Working
2023-07-05 05:57:58,456[INFO ]:Start RunThreadPassive()
2023-07-05 05:57:58,456[INFO ]:Listening State Changed : Open
2023-07-05 05:57:58,456[INFO ]:Socket Listener was Started.
2023-07-05 05:57:58,456[INFO ]:Before Clear Queue.
2023-07-05 05:57:58,456[INFO ]:Clear Queue.
2023-07-05 05:57:58,456[INFO ]:Waiting New Connection...
2023-07-05 05:58:44,147[INFO ]:Before Clear Queue.
2023-07-05 05:58:44,153[INFO ]:Clear Queue.
2023-07-05 05:58:44,153[INFO ]:Reset System Bytes to Zero(0).
2023-07-05 05:58:44,153[INFO ]:Connection Mode : Passive
2023-07-05 05:58:44,158[INFO ]:Thread State Changed : Working
2023-07-05 05:58:44,159[INFO ]:Start RunThreadPassive()
2023-07-05 05:58:44,159[INFO ]:Listening State Changed : Open
2023-07-05 05:58:44,160[INFO ]:Socket Listener was Started.
2023-07-05 05:58:44,160[INFO ]:Before Clear Queue.
2023-07-05 05:58:44,160[INFO ]:Clear Queue.
2023-07-05 05:58:44,160[INFO ]:Waiting New Connection...
2023-07-05 05:59:35,356[INFO ]:Before Clear Queue.
2023-07-05 05:59:35,364[INFO ]:Clear Queue.
2023-07-05 05:59:35,364[INFO ]:Reset System Bytes to Zero(0).
2023-07-05 05:59:35,364[INFO ]:Connection Mode : Passive
2023-07-05 05:59:35,371[INFO ]:Thread State Changed : Working
2023-07-05 05:59:35,372[INFO ]:Start RunThreadPassive()
2023-07-05 05:59:35,372[INFO ]:Listening State Changed : Open
2023-07-05 05:59:35,372[INFO ]:Socket Listener was Started.
2023-07-05 05:59:35,372[INFO ]:Before Clear Queue.
2023-07-05 05:59:35,372[INFO ]:Clear Queue.
2023-07-05 05:59:35,372[INFO ]:Waiting New Connection...
