2023-07-06 19:46:43,298[INFO ]:Before Clear Queue.
2023-07-06 19:46:43,302[INFO ]:Clear Queue.
2023-07-06 19:46:43,302[INFO ]:Reset System Bytes to Zero(0).
2023-07-06 19:46:43,302[INFO ]:Connection Mode : Passive
2023-07-06 19:46:43,307[INFO ]:Thread State Changed : Working
2023-07-06 19:46:43,307[INFO ]:Start RunThreadPassive()
2023-07-06 19:46:43,309[INFO ]:Listening State Changed : Open
2023-07-06 19:46:43,309[INFO ]:Socket Listener was Started.
2023-07-06 19:46:43,309[INFO ]:Before Clear Queue.
2023-07-06 19:46:43,309[INFO ]:Clear Queue.
2023-07-06 19:46:43,309[INFO ]:Waiting New Connection...
2023-07-06 19:46:53,337[INFO ]:Accept New Connection.
2023-07-06 19:46:53,337[INFO ]:Listening State Changed : Close
2023-07-06 19:46:53,339[INFO ]:Start New Connection.
2023-07-06 19:46:53,340[INFO ]:HSMS Connection State Is Changed : 0 -> 1
2023-07-06 19:46:53,344[INFO ]:Start Basic Timer Due(1000), Period(1000)
2023-07-06 19:46:53,346[INFO ]:Started Basic Timer.
2023-07-06 19:46:53,352[INFO ]:Start Recv Thread.
2023-07-06 19:46:53,353[INFO ]:Start RunThreadRecv()
2023-07-06 19:46:53,361[INFO ]:Queued HSMS Message : SSID(65535), B2(0), B3(0), P(0), S(2), SB(21,738), Length[0]
2023-07-06 19:46:53,362[INFO ]:Message Stat : Queue[1], Sent[0], Recv[1]
2023-07-06 19:46:53,362[INFO ]:HSMS Connection State Is Changed : 1 -> 3
2023-07-06 19:46:53,364[INFO ]:Received Select Request.
2023-07-06 19:46:53,364[INFO ]:<<< Received HSMS Message <<< : SSID(65535), B2(0), B3(0), P(0), S(1), SB(21,738), Length[0]
2023-07-06 19:46:53,364[INFO ]:Send LinkTest Request.
2023-07-06 19:46:53,364[INFO ]:Queued HSMS Message : SSID(65535), B2(0), B3(0), P(0), S(5), SB(0), Length[0]
2023-07-06 19:46:53,364[INFO ]:Message Stat : Queue[2], Sent[0], Recv[1]
2023-07-06 19:46:53,415[INFO ]:Sent Select Response.
2023-07-06 19:46:53,415[INFO ]:>>> Sent HSMS Message >>> : SSID(65535), B2(0), B3(0), P(0), S(2), SB(21,738), Length[0]
2023-07-06 19:46:53,415[INFO ]:>>> Sent HSMS Message >>> : SSID(65535), B2(0), B3(0), P(0), S(5), SB(0), Length[0]
2023-07-06 19:46:53,428[INFO ]:Received LinkTest Response.
2023-07-06 19:46:53,428[INFO ]:<<< Received HSMS Message <<< : SSID(65535), B2(0), B3(0), P(0), S(6), SB(0), Length[0]
2023-07-06 19:46:53,517[INFO ]:Queued HSMS Message : SSID(0), B2(129), B3(13), P(0), S(0), SB(1), Length[13]
2023-07-06 19:46:53,518[INFO ]:Message Stat : Queue[1], Sent[0], Recv[1]
2023-07-06 19:46:53,533[INFO ]:>>> Sent HSMS Message >>> : SSID(0), B2(129), B3(13), P(0), S(0), SB(1), Length[13]
2023-07-06 19:46:53,534[DEBUG]:>>>> HSMS Data [13] >>>>
    01-02-41-03  44-46-52-41  04-38-35-38  37
2023-07-06 19:46:53,578[INFO ]:<<< Received HSMS Message <<< : SSID(0), B2(1), B3(14), P(0), S(0), SB(1), Length[7]
2023-07-06 19:46:53,578[DEBUG]:<<<< HSMS Data [7] <<<<
    01-02-21-01  00-01-00
2023-07-06 19:47:46,097[INFO ]:Before Clear Queue.
2023-07-06 19:47:46,104[INFO ]:Clear Queue.
2023-07-06 19:47:46,104[INFO ]:Reset System Bytes to Zero(0).
2023-07-06 19:47:46,104[INFO ]:Connection Mode : Passive
2023-07-06 19:47:46,107[INFO ]:Thread State Changed : Working
2023-07-06 19:47:46,108[INFO ]:Start RunThreadPassive()
2023-07-06 19:47:46,108[INFO ]:Listening State Changed : Open
2023-07-06 19:47:46,108[INFO ]:Socket Listener was Started.
2023-07-06 19:47:46,108[INFO ]:Before Clear Queue.
2023-07-06 19:47:46,108[INFO ]:Clear Queue.
2023-07-06 19:47:46,108[INFO ]:Waiting New Connection...
2023-07-06 19:47:54,176[INFO ]:Accept New Connection.
2023-07-06 19:47:54,176[INFO ]:Listening State Changed : Close
2023-07-06 19:47:54,176[INFO ]:Start New Connection.
2023-07-06 19:47:54,176[INFO ]:HSMS Connection State Is Changed : 0 -> 1
2023-07-06 19:47:54,178[INFO ]:Start Basic Timer Due(1000), Period(1000)
2023-07-06 19:47:54,179[INFO ]:Started Basic Timer.
2023-07-06 19:47:54,182[INFO ]:Start Recv Thread.
2023-07-06 19:47:54,182[INFO ]:Start RunThreadRecv()
2023-07-06 19:47:54,187[INFO ]:Queued HSMS Message : SSID(65535), B2(0), B3(0), P(0), S(2), SB(21,746), Length[0]
2023-07-06 19:47:54,188[INFO ]:Message Stat : Queue[1], Sent[0], Recv[1]
2023-07-06 19:47:54,188[INFO ]:HSMS Connection State Is Changed : 1 -> 3
2023-07-06 19:47:54,190[INFO ]:Received Select Request.
2023-07-06 19:47:54,190[INFO ]:<<< Received HSMS Message <<< : SSID(65535), B2(0), B3(0), P(0), S(1), SB(21,746), Length[0]
2023-07-06 19:47:54,190[INFO ]:Send LinkTest Request.
2023-07-06 19:47:54,190[INFO ]:Queued HSMS Message : SSID(65535), B2(0), B3(0), P(0), S(5), SB(0), Length[0]
2023-07-06 19:47:54,190[INFO ]:Message Stat : Queue[2], Sent[0], Recv[1]
2023-07-06 19:47:54,212[INFO ]:Queued HSMS Message : SSID(0), B2(129), B3(13), P(0), S(0), SB(1), Length[23]
2023-07-06 19:47:54,212[INFO ]:Message Stat : Queue[3], Sent[0], Recv[1]
2023-07-06 19:47:54,239[INFO ]:Sent Select Response.
2023-07-06 19:47:54,239[INFO ]:>>> Sent HSMS Message >>> : SSID(65535), B2(0), B3(0), P(0), S(2), SB(21,746), Length[0]
2023-07-06 19:47:54,239[INFO ]:>>> Sent HSMS Message >>> : SSID(65535), B2(0), B3(0), P(0), S(5), SB(0), Length[0]
2023-07-06 19:47:54,239[INFO ]:>>> Sent HSMS Message >>> : SSID(0), B2(129), B3(13), P(0), S(0), SB(1), Length[23]
2023-07-06 19:47:54,239[DEBUG]:>>>> HSMS Data [23] >>>>
    01-02-41-03  44-46-52-41  0E-31-2E-30  2E-38-35-38
    37-2E-33-35  36-33-32
2023-07-06 19:47:54,252[INFO ]:Received LinkTest Response.
2023-07-06 19:47:54,252[INFO ]:<<< Received HSMS Message <<< : SSID(65535), B2(0), B3(0), P(0), S(6), SB(0), Length[0]
2023-07-06 19:47:54,329[INFO ]:<<< Received HSMS Message <<< : SSID(0), B2(1), B3(14), P(0), S(0), SB(1), Length[7]
2023-07-06 19:47:54,329[DEBUG]:<<<< HSMS Data [7] <<<<
    01-02-21-01  00-01-00
