2023-06-30 18:58:34,050[INFO ]:Before Clear Queue.
2023-06-30 18:58:34,057[INFO ]:Clear Queue.
2023-06-30 18:58:34,057[INFO ]:Reset System Bytes to Zero(0).
2023-06-30 18:58:34,057[INFO ]:Connection Mode : Passive
2023-06-30 18:58:34,062[INFO ]:Thread State Changed : Working
2023-06-30 18:58:34,063[INFO ]:Start RunThreadPassive()
2023-06-30 18:58:34,071[INFO ]:Listening State Changed : Open
2023-06-30 18:58:34,072[INFO ]:Socket Listener was Started.
2023-06-30 18:58:34,072[INFO ]:Before Clear Queue.
2023-06-30 18:58:34,072[INFO ]:Clear Queue.
2023-06-30 18:58:34,072[INFO ]:Waiting New Connection...
2023-06-30 18:58:37,728[INFO ]:Accept New Connection.
2023-06-30 18:58:37,728[INFO ]:Listening State Changed : Close
2023-06-30 18:58:37,729[INFO ]:Start New Connection.
2023-06-30 18:58:37,729[INFO ]:HSMS Connection State Is Changed : 0 -> 1
2023-06-30 18:58:37,731[INFO ]:Start Basic Timer Due(1000), Period(1000)
2023-06-30 18:58:37,732[INFO ]:Started Basic Timer.
2023-06-30 18:58:37,736[INFO ]:Start Recv Thread.
2023-06-30 18:58:37,736[INFO ]:Start RunThreadRecv()
2023-06-30 18:58:37,740[INFO ]:Queued HSMS Message : SSID(65535), B2(0), B3(0), P(0), S(2), SB(16,824), Length[0]
2023-06-30 18:58:37,740[INFO ]:Message Stat : Queue[1], Sent[0], Recv[1]
2023-06-30 18:58:37,740[INFO ]:HSMS Connection State Is Changed : 1 -> 3
2023-06-30 18:58:37,742[INFO ]:Received Select Request.
2023-06-30 18:58:37,742[INFO ]:<<< Received HSMS Message <<< : SSID(65535), B2(0), B3(0), P(0), S(1), SB(16,824), Length[0]
2023-06-30 18:58:37,742[INFO ]:Send LinkTest Request.
2023-06-30 18:58:37,743[INFO ]:Queued HSMS Message : SSID(65535), B2(0), B3(0), P(0), S(5), SB(0), Length[0]
2023-06-30 18:58:37,743[INFO ]:Message Stat : Queue[2], Sent[0], Recv[1]
2023-06-30 18:58:37,789[INFO ]:Sent Select Response.
2023-06-30 18:58:37,790[INFO ]:>>> Sent HSMS Message >>> : SSID(65535), B2(0), B3(0), P(0), S(2), SB(16,824), Length[0]
2023-06-30 18:58:37,790[INFO ]:>>> Sent HSMS Message >>> : SSID(65535), B2(0), B3(0), P(0), S(5), SB(0), Length[0]
2023-06-30 18:58:37,819[INFO ]:Received LinkTest Response.
2023-06-30 18:58:37,819[INFO ]:<<< Received HSMS Message <<< : SSID(65535), B2(0), B3(0), P(0), S(6), SB(0), Length[0]
2023-06-30 18:58:37,882[INFO ]:Queued HSMS Message : SSID(1), B2(129), B3(13), P(0), S(0), SB(1), Length[10]
2023-06-30 18:58:37,882[INFO ]:Message Stat : Queue[1], Sent[0], Recv[1]
2023-06-30 18:58:37,895[INFO ]:>>> Sent HSMS Message >>> : SSID(1), B2(129), B3(13), P(0), S(0), SB(1), Length[10]
2023-06-30 18:58:37,895[DEBUG]:>>>> HSMS Data [10] >>>>
    01-02-41-03  44-46-52-41  01-30
2023-06-30 18:58:37,972[INFO ]:<<< Received HSMS Message <<< : SSID(1), B2(1), B3(14), P(0), S(0), SB(1), Length[7]
2023-06-30 18:58:37,972[DEBUG]:<<<< HSMS Data [7] <<<<
    01-02-21-01  00-01-00
2023-06-30 18:59:09,231[INFO ]:Received LinkTest Request.
2023-06-30 18:59:09,231[INFO ]:<<< Received HSMS Message <<< : SSID(65535), B2(0), B3(0), P(0), S(5), SB(16,832), Length[0]
2023-06-30 18:59:09,231[INFO ]:Queued HSMS Message : SSID(65535), B2(0), B3(0), P(0), S(6), SB(16,832), Length[0]
2023-06-30 18:59:09,231[INFO ]:Message Stat : Queue[1], Sent[0], Recv[3]
2023-06-30 18:59:09,291[INFO ]:Sent LinkTest Response.
2023-06-30 18:59:09,291[INFO ]:>>> Sent HSMS Message >>> : SSID(65535), B2(0), B3(0), P(0), S(6), SB(16,832), Length[0]
2023-06-30 18:59:40,777[INFO ]:Received LinkTest Request.
2023-06-30 18:59:40,777[INFO ]:<<< Received HSMS Message <<< : SSID(65535), B2(0), B3(0), P(0), S(5), SB(16,836), Length[0]
2023-06-30 18:59:40,777[INFO ]:Queued HSMS Message : SSID(65535), B2(0), B3(0), P(0), S(6), SB(16,836), Length[0]
2023-06-30 18:59:40,778[INFO ]:Message Stat : Queue[1], Sent[0], Recv[3]
2023-06-30 18:59:40,808[INFO ]:Sent LinkTest Response.
2023-06-30 18:59:40,808[INFO ]:>>> Sent HSMS Message >>> : SSID(65535), B2(0), B3(0), P(0), S(6), SB(16,836), Length[0]
