2023-07-04 01:15:49,757[INFO ]:Before Clear Queue.
2023-07-04 01:15:49,762[INFO ]:Clear Queue.
2023-07-04 01:15:49,762[INFO ]:Reset System Bytes to Zero(0).
2023-07-04 01:15:49,762[INFO ]:Connection Mode : Passive
2023-07-04 01:15:49,766[INFO ]:Thread State Changed : Working
2023-07-04 01:15:49,767[INFO ]:Start RunThreadPassive()
2023-07-04 01:15:49,767[INFO ]:Listening State Changed : Open
2023-07-04 01:15:49,767[INFO ]:Socket Listener was Started.
2023-07-04 01:15:49,767[INFO ]:Before Clear Queue.
2023-07-04 01:15:49,767[INFO ]:Clear Queue.
2023-07-04 01:15:49,768[INFO ]:Waiting New Connection...
2023-07-04 01:20:15,318[INFO ]:Before Clear Queue.
2023-07-04 01:20:15,324[INFO ]:Clear Queue.
2023-07-04 01:20:15,372[INFO ]:Reset System Bytes to Zero(0).
2023-07-04 01:20:15,372[INFO ]:Connection Mode : Passive
2023-07-04 01:20:15,388[INFO ]:Thread State Changed : Working
2023-07-04 01:20:15,389[INFO ]:Start RunThreadPassive()
2023-07-04 01:20:15,390[INFO ]:Listening State Changed : Open
2023-07-04 01:20:15,390[INFO ]:Socket Listener was Started.
2023-07-04 01:20:15,390[INFO ]:Before Clear Queue.
2023-07-04 01:20:15,390[INFO ]:Clear Queue.
2023-07-04 01:20:15,390[INFO ]:Waiting New Connection...
