2023-08-29 12:48:17,703[INFO ]:Before Clear Queue.
2023-08-29 12:48:17,711[INFO ]:Clear Queue.
2023-08-29 12:48:17,711[INFO ]:Reset System Bytes to Zero(0).
2023-08-29 12:48:17,711[INFO ]:Connection Mode : Passive
2023-08-29 12:48:17,716[INFO ]:Thread State Changed : Working
2023-08-29 12:48:17,717[INFO ]:Start RunThreadPassive()
2023-08-29 12:48:17,717[INFO ]:Listening State Changed : Open
2023-08-29 12:48:17,717[INFO ]:Socket Listener was Started.
2023-08-29 12:48:17,718[INFO ]:Before Clear Queue.
2023-08-29 12:48:17,718[INFO ]:Clear Queue.
2023-08-29 12:48:17,718[INFO ]:Waiting New Connection...
2023-08-29 12:48:19,245[INFO ]:Accept New Connection.
2023-08-29 12:48:19,245[INFO ]:Listening State Changed : Close
2023-08-29 12:48:19,245[INFO ]:Start New Connection.
2023-08-29 12:48:19,248[INFO ]:HSMS Connection State Is Changed : 0 -> 1
2023-08-29 12:48:19,255[INFO ]:Start Basic Timer Due(1000), Period(1000)
2023-08-29 12:48:19,256[INFO ]:Started Basic Timer.
2023-08-29 12:48:19,261[INFO ]:Start Recv Thread.
2023-08-29 12:48:19,261[INFO ]:Start RunThreadRecv()
2023-08-29 12:48:19,269[INFO ]:Queued HSMS Message : SSID(65535), B2(0), B3(0), P(0), S(2), SB(19,550), Length[0]
2023-08-29 12:48:19,269[INFO ]:Message Stat : Queue[1], Sent[0], Recv[1]
2023-08-29 12:48:19,269[INFO ]:HSMS Connection State Is Changed : 1 -> 3
2023-08-29 12:48:19,272[INFO ]:Received Select Request.
2023-08-29 12:48:19,272[INFO ]:<<< Received HSMS Message <<< : SSID(65535), B2(0), B3(0), P(0), S(1), SB(19,550), Length[0]
2023-08-29 12:48:19,273[INFO ]:Send LinkTest Request.
2023-08-29 12:48:19,273[INFO ]:Queued HSMS Message : SSID(65535), B2(0), B3(0), P(0), S(5), SB(0), Length[0]
2023-08-29 12:48:19,273[INFO ]:Message Stat : Queue[2], Sent[0], Recv[1]
2023-08-29 12:48:19,293[INFO ]:Queued HSMS Message : SSID(0), B2(129), B3(13), P(0), S(0), SB(1), Length[23]
2023-08-29 12:48:19,293[INFO ]:Message Stat : Queue[3], Sent[0], Recv[1]
2023-08-29 12:48:19,324[INFO ]:Sent Select Response.
2023-08-29 12:48:19,324[INFO ]:>>> Sent HSMS Message >>> : SSID(65535), B2(0), B3(0), P(0), S(2), SB(19,550), Length[0]
2023-08-29 12:48:19,325[INFO ]:>>> Sent HSMS Message >>> : SSID(65535), B2(0), B3(0), P(0), S(5), SB(0), Length[0]
2023-08-29 12:48:19,325[INFO ]:>>> Sent HSMS Message >>> : SSID(0), B2(129), B3(13), P(0), S(0), SB(1), Length[23]
2023-08-29 12:48:19,326[DEBUG]:>>>> HSMS Data [23] >>>>
    01-02-41-03  44-46-52-41  0E-31-2E-30  2E-38-36-34
    31-2E-32-33  30-34-37
2023-08-29 12:48:19,337[INFO ]:Received LinkTest Response.
2023-08-29 12:48:19,337[INFO ]:<<< Received HSMS Message <<< : SSID(65535), B2(0), B3(0), P(0), S(6), SB(0), Length[0]
2023-08-29 12:48:19,414[INFO ]:<<< Received HSMS Message <<< : SSID(0), B2(1), B3(14), P(0), S(0), SB(1), Length[7]
2023-08-29 12:48:19,414[DEBUG]:<<<< HSMS Data [7] <<<<
    01-02-21-01  00-01-00
2023-08-29 12:48:51,205[INFO ]:Received LinkTest Request.
2023-08-29 12:48:51,205[INFO ]:<<< Received HSMS Message <<< : SSID(65535), B2(0), B3(0), P(0), S(5), SB(19,558), Length[0]
2023-08-29 12:48:51,205[INFO ]:Queued HSMS Message : SSID(65535), B2(0), B3(0), P(0), S(6), SB(19,558), Length[0]
2023-08-29 12:48:51,205[INFO ]:Message Stat : Queue[1], Sent[0], Recv[3]
2023-08-29 12:48:51,220[INFO ]:Sent LinkTest Response.
2023-08-29 12:48:51,220[INFO ]:>>> Sent HSMS Message >>> : SSID(65535), B2(0), B3(0), P(0), S(6), SB(19,558), Length[0]
2023-08-29 12:49:15,583[INFO ]:<<< Received HSMS Message <<< : SSID(0), B2(135), B3(23), P(0), S(0), SB(19,562), Length[131]
2023-08-29 12:49:15,583[DEBUG]:<<<< HSMS Data [131] <<<<
    01-04-41-01  30-41-01-30  41-01-30-01  03-01-02-B1
    04-00-00-00  0A-01-01-01  02-41-01-30  B1-04-00-00
    00-01-01-02  B1-04-00-00  00-0B-01-06  01-02-41-01
    30-B1-04-00  00-00-00-01  02-41-01-30  91-04-00-00
    00-00-01-02  41-01-30-91  04-00-00-00  00-01-02-41
    01-30-B1-04  00-00-00-00  01-02-41-01  30-B1-04-00
    00-00-00-01  02-41-01-30  B1-04-00-00  00-00-01-02
    B1-04-00-00  00-1F-01-01  01-02-41-01  30-91-04-00
    00-00-00
