2023-07-05 15:00:42,506[INFO ]:Send LinkTest Request.
2023-07-05 15:00:42,510[INFO ]:Queued HSMS Message : SSID(65535), B2(0), B3(0), P(0), S(5), SB(9), Length[0]
2023-07-05 15:00:42,510[INFO ]:Message Stat : Queue[1], Sent[0], Recv[9]
2023-07-05 15:00:42,522[INFO ]:>>> Sent HSMS Message >>> : SSID(65535), B2(0), B3(0), P(0), S(5), SB(9), Length[0]
2023-07-05 15:00:42,630[INFO ]:Received LinkTest Response.
2023-07-05 15:00:42,630[INFO ]:<<< Received HSMS Message <<< : SSID(65535), B2(0), B3(0), P(0), S(6), SB(9), Length[0]
2023-07-05 15:02:44,149[INFO ]:Send LinkTest Request.
2023-07-05 15:02:44,149[INFO ]:Queued HSMS Message : SSID(65535), B2(0), B3(0), P(0), S(5), SB(10), Length[0]
2023-07-05 15:02:44,149[INFO ]:Message Stat : Queue[1], Sent[0], Recv[10]
2023-07-05 15:02:44,211[INFO ]:>>> Sent HSMS Message >>> : SSID(65535), B2(0), B3(0), P(0), S(5), SB(10), Length[0]
2023-07-05 15:02:44,364[INFO ]:Received LinkTest Response.
2023-07-05 15:02:44,364[INFO ]:<<< Received HSMS Message <<< : SSID(65535), B2(0), B3(0), P(0), S(6), SB(10), Length[0]
2023-07-05 15:04:45,775[INFO ]:Send LinkTest Request.
2023-07-05 15:04:45,775[INFO ]:Queued HSMS Message : SSID(65535), B2(0), B3(0), P(0), S(5), SB(11), Length[0]
2023-07-05 15:04:45,775[INFO ]:Message Stat : Queue[1], Sent[0], Recv[11]
2023-07-05 15:04:45,806[INFO ]:>>> Sent HSMS Message >>> : SSID(65535), B2(0), B3(0), P(0), S(5), SB(11), Length[0]
2023-07-05 15:04:45,912[INFO ]:Received LinkTest Response.
2023-07-05 15:04:45,912[INFO ]:<<< Received HSMS Message <<< : SSID(65535), B2(0), B3(0), P(0), S(6), SB(11), Length[0]
2023-07-05 15:06:47,428[INFO ]:Send LinkTest Request.
2023-07-05 15:06:47,428[INFO ]:Queued HSMS Message : SSID(65535), B2(0), B3(0), P(0), S(5), SB(12), Length[0]
2023-07-05 15:06:47,428[INFO ]:Message Stat : Queue[1], Sent[0], Recv[12]
2023-07-05 15:06:47,443[INFO ]:>>> Sent HSMS Message >>> : SSID(65535), B2(0), B3(0), P(0), S(5), SB(12), Length[0]
2023-07-05 15:06:47,578[INFO ]:Received LinkTest Response.
2023-07-05 15:06:47,578[INFO ]:<<< Received HSMS Message <<< : SSID(65535), B2(0), B3(0), P(0), S(6), SB(12), Length[0]
2023-07-05 15:44:06,888[INFO ]:Before Clear Queue.
2023-07-05 15:44:06,894[INFO ]:Clear Queue.
2023-07-05 15:44:06,894[INFO ]:Reset System Bytes to Zero(0).
2023-07-05 15:44:06,894[INFO ]:Connection Mode : Passive
2023-07-05 15:44:06,899[INFO ]:Thread State Changed : Working
2023-07-05 15:44:06,900[INFO ]:Start RunThreadPassive()
2023-07-05 15:44:06,900[INFO ]:Listening State Changed : Open
2023-07-05 15:44:06,900[INFO ]:Socket Listener was Started.
2023-07-05 15:44:06,900[INFO ]:Before Clear Queue.
2023-07-05 15:44:06,900[INFO ]:Clear Queue.
2023-07-05 15:44:06,900[INFO ]:Waiting New Connection...
2023-07-05 15:44:08,875[INFO ]:Accept New Connection.
2023-07-05 15:44:08,875[INFO ]:Listening State Changed : Close
2023-07-05 15:44:08,875[INFO ]:Start New Connection.
2023-07-05 15:44:08,876[INFO ]:HSMS Connection State Is Changed : 0 -> 1
2023-07-05 15:44:08,878[INFO ]:Start Basic Timer Due(1000), Period(1000)
2023-07-05 15:44:08,879[INFO ]:Started Basic Timer.
2023-07-05 15:44:08,883[INFO ]:Start Recv Thread.
2023-07-05 15:44:08,884[INFO ]:Start RunThreadRecv()
2023-07-05 15:44:08,889[INFO ]:Queued HSMS Message : SSID(0), B2(0), B3(0), P(0), S(2), SB(57), Length[0]
2023-07-05 15:44:08,889[INFO ]:Message Stat : Queue[1], Sent[0], Recv[1]
2023-07-05 15:44:08,889[INFO ]:HSMS Connection State Is Changed : 1 -> 3
2023-07-05 15:44:08,891[INFO ]:Received Select Request.
2023-07-05 15:44:08,891[INFO ]:<<< Received HSMS Message <<< : SSID(0), B2(0), B3(0), P(0), S(1), SB(57), Length[0]
2023-07-05 15:44:08,891[INFO ]:Send LinkTest Request.
2023-07-05 15:44:08,891[INFO ]:Queued HSMS Message : SSID(65535), B2(0), B3(0), P(0), S(5), SB(0), Length[0]
2023-07-05 15:44:08,891[INFO ]:Message Stat : Queue[2], Sent[0], Recv[1]
2023-07-05 15:44:08,908[INFO ]:Queued HSMS Message : SSID(0), B2(129), B3(13), P(0), S(0), SB(1), Length[10]
2023-07-05 15:44:08,908[INFO ]:Message Stat : Queue[3], Sent[0], Recv[1]
2023-07-05 15:44:08,938[INFO ]:Sent Select Response.
2023-07-05 15:44:08,938[INFO ]:>>> Sent HSMS Message >>> : SSID(0), B2(0), B3(0), P(0), S(2), SB(57), Length[0]
2023-07-05 15:44:08,939[INFO ]:>>> Sent HSMS Message >>> : SSID(65535), B2(0), B3(0), P(0), S(5), SB(0), Length[0]
2023-07-05 15:44:08,939[INFO ]:>>> Sent HSMS Message >>> : SSID(0), B2(129), B3(13), P(0), S(0), SB(1), Length[10]
2023-07-05 15:44:08,939[DEBUG]:>>>> HSMS Data [10] >>>>
    01-02-41-03  44-46-52-41  01-30
2023-07-05 15:44:09,043[INFO ]:Received LinkTest Response.
2023-07-05 15:44:09,043[INFO ]:<<< Received HSMS Message <<< : SSID(65535), B2(0), B3(0), P(0), S(6), SB(0), Length[0]
2023-07-05 15:44:09,181[INFO ]:<<< Received HSMS Message <<< : SSID(0), B2(1), B3(14), P(0), S(0), SB(1), Length[11]
2023-07-05 15:44:09,181[DEBUG]:<<<< HSMS Data [11] <<<<
    01-02-21-01  00-01-02-41  00-41-00
2023-07-05 15:44:12,924[INFO ]:Queued HSMS Message : SSID(0), B2(134), B3(11), P(0), S(0), SB(2), Length[34]
2023-07-05 15:44:12,924[INFO ]:Message Stat : Queue[1], Sent[0], Recv[2]
2023-07-05 15:44:12,950[INFO ]:>>> Sent HSMS Message >>> : SSID(0), B2(134), B3(11), P(0), S(0), SB(2), Length[34]
2023-07-05 15:44:12,950[DEBUG]:>>>> HSMS Data [34] >>>>
    01-03-B1-04  00-00-00-00  B1-04-00-00  03-EA-01-01
    01-02-B1-04  00-00-03-EA  01-02-A9-02  00-04-A9-02
    00-05
2023-07-05 15:44:13,117[INFO ]:<<< Received HSMS Message <<< : SSID(0), B2(6), B3(12), P(0), S(0), SB(2), Length[3]
2023-07-05 15:44:13,117[DEBUG]:<<<< HSMS Data [3] <<<<
    21-01-00
2023-07-05 15:44:45,521[INFO ]:Queued HSMS Message : SSID(0), B2(134), B3(11), P(0), S(0), SB(3), Length[34]
2023-07-05 15:44:45,521[INFO ]:Message Stat : Queue[1], Sent[0], Recv[3]
2023-07-05 15:44:45,580[INFO ]:>>> Sent HSMS Message >>> : SSID(0), B2(134), B3(11), P(0), S(0), SB(3), Length[34]
2023-07-05 15:44:45,580[DEBUG]:>>>> HSMS Data [34] >>>>
    01-03-B1-04  00-00-00-00  B1-04-00-00  03-EB-01-01
    01-02-B1-04  00-00-03-EB  01-02-A9-02  00-05-A9-02
    00-04
2023-07-05 15:44:45,762[INFO ]:<<< Received HSMS Message <<< : SSID(0), B2(6), B3(12), P(0), S(0), SB(3), Length[3]
2023-07-05 15:44:45,762[DEBUG]:<<<< HSMS Data [3] <<<<
    21-01-00
2023-07-05 15:45:19,277[INFO ]:Queued HSMS Message : SSID(0), B2(134), B3(11), P(0), S(0), SB(4), Length[34]
2023-07-05 15:45:19,277[INFO ]:Message Stat : Queue[1], Sent[0], Recv[4]
2023-07-05 15:45:19,309[INFO ]:>>> Sent HSMS Message >>> : SSID(0), B2(134), B3(11), P(0), S(0), SB(4), Length[34]
2023-07-05 15:45:19,309[DEBUG]:>>>> HSMS Data [34] >>>>
    01-03-B1-04  00-00-00-00  B1-04-00-00  03-E9-01-01
    01-02-B1-04  00-00-03-E9  01-02-A9-02  00-01-A9-02
    00-05
2023-07-05 15:45:19,522[INFO ]:<<< Received HSMS Message <<< : SSID(0), B2(6), B3(12), P(0), S(0), SB(4), Length[3]
2023-07-05 15:45:19,522[DEBUG]:<<<< HSMS Data [3] <<<<
    21-01-00
2023-07-05 15:46:09,558[INFO ]:Send LinkTest Request.
2023-07-05 15:46:09,558[INFO ]:Queued HSMS Message : SSID(65535), B2(0), B3(0), P(0), S(5), SB(5), Length[0]
2023-07-05 15:46:09,558[INFO ]:Message Stat : Queue[1], Sent[0], Recv[5]
2023-07-05 15:46:09,573[INFO ]:>>> Sent HSMS Message >>> : SSID(65535), B2(0), B3(0), P(0), S(5), SB(5), Length[0]
2023-07-05 15:46:09,679[INFO ]:Received LinkTest Response.
2023-07-05 15:46:09,679[INFO ]:<<< Received HSMS Message <<< : SSID(65535), B2(0), B3(0), P(0), S(6), SB(5), Length[0]
2023-07-05 15:48:11,243[INFO ]:Send LinkTest Request.
2023-07-05 15:48:11,243[INFO ]:Queued HSMS Message : SSID(65535), B2(0), B3(0), P(0), S(5), SB(6), Length[0]
2023-07-05 15:48:11,244[INFO ]:Message Stat : Queue[1], Sent[0], Recv[6]
2023-07-05 15:48:11,289[INFO ]:>>> Sent HSMS Message >>> : SSID(65535), B2(0), B3(0), P(0), S(5), SB(6), Length[0]
2023-07-05 15:48:11,411[INFO ]:Received LinkTest Response.
2023-07-05 15:48:11,411[INFO ]:<<< Received HSMS Message <<< : SSID(65535), B2(0), B3(0), P(0), S(6), SB(6), Length[0]
2023-07-05 15:50:12,988[INFO ]:Send LinkTest Request.
2023-07-05 15:50:12,988[INFO ]:Queued HSMS Message : SSID(65535), B2(0), B3(0), P(0), S(5), SB(7), Length[0]
2023-07-05 15:50:12,988[INFO ]:Message Stat : Queue[1], Sent[0], Recv[7]
2023-07-05 15:50:13,048[INFO ]:>>> Sent HSMS Message >>> : SSID(65535), B2(0), B3(0), P(0), S(5), SB(7), Length[0]
2023-07-05 15:50:13,215[INFO ]:Received LinkTest Response.
2023-07-05 15:50:13,215[INFO ]:<<< Received HSMS Message <<< : SSID(65535), B2(0), B3(0), P(0), S(6), SB(7), Length[0]
2023-07-05 15:52:14,667[INFO ]:Send LinkTest Request.
2023-07-05 15:52:14,667[INFO ]:Queued HSMS Message : SSID(65535), B2(0), B3(0), P(0), S(5), SB(8), Length[0]
2023-07-05 15:52:14,667[INFO ]:Message Stat : Queue[1], Sent[0], Recv[8]
2023-07-05 15:52:14,728[INFO ]:>>> Sent HSMS Message >>> : SSID(65535), B2(0), B3(0), P(0), S(5), SB(8), Length[0]
2023-07-05 15:52:14,834[INFO ]:Received LinkTest Response.
2023-07-05 15:52:14,834[INFO ]:<<< Received HSMS Message <<< : SSID(65535), B2(0), B3(0), P(0), S(6), SB(8), Length[0]
2023-07-05 15:58:13,200[INFO ]:Before Clear Queue.
2023-07-05 15:58:13,206[INFO ]:Clear Queue.
2023-07-05 15:58:13,206[INFO ]:Reset System Bytes to Zero(0).
2023-07-05 15:58:13,206[INFO ]:Connection Mode : Passive
2023-07-05 15:58:13,210[INFO ]:Thread State Changed : Working
2023-07-05 15:58:13,211[INFO ]:Start RunThreadPassive()
2023-07-05 15:58:13,211[INFO ]:Listening State Changed : Open
2023-07-05 15:58:13,211[INFO ]:Socket Listener was Started.
2023-07-05 15:58:13,211[INFO ]:Before Clear Queue.
2023-07-05 15:58:13,211[INFO ]:Clear Queue.
2023-07-05 15:58:13,211[INFO ]:Waiting New Connection...
2023-07-05 15:59:32,731[INFO ]:Before Clear Queue.
2023-07-05 15:59:32,738[INFO ]:Clear Queue.
2023-07-05 15:59:32,738[INFO ]:Reset System Bytes to Zero(0).
2023-07-05 15:59:32,738[INFO ]:Connection Mode : Passive
2023-07-05 15:59:32,748[INFO ]:Thread State Changed : Working
2023-07-05 15:59:32,749[INFO ]:Start RunThreadPassive()
2023-07-05 15:59:32,749[INFO ]:Listening State Changed : Open
2023-07-05 15:59:32,749[INFO ]:Socket Listener was Started.
2023-07-05 15:59:32,749[INFO ]:Before Clear Queue.
2023-07-05 15:59:32,749[INFO ]:Clear Queue.
2023-07-05 15:59:32,749[INFO ]:Waiting New Connection...
2023-07-05 15:59:36,425[INFO ]:Accept New Connection.
2023-07-05 15:59:36,425[INFO ]:Listening State Changed : Close
2023-07-05 15:59:36,425[INFO ]:Start New Connection.
2023-07-05 15:59:36,427[INFO ]:HSMS Connection State Is Changed : 0 -> 1
2023-07-05 15:59:36,430[INFO ]:Start Basic Timer Due(1000), Period(1000)
2023-07-05 15:59:36,432[INFO ]:Started Basic Timer.
2023-07-05 15:59:36,439[INFO ]:Start Recv Thread.
2023-07-05 15:59:36,440[INFO ]:Start RunThreadRecv()
2023-07-05 15:59:36,447[INFO ]:Queued HSMS Message : SSID(0), B2(0), B3(0), P(0), S(2), SB(60), Length[0]
2023-07-05 15:59:36,448[INFO ]:Message Stat : Queue[1], Sent[0], Recv[1]
2023-07-05 15:59:36,448[INFO ]:HSMS Connection State Is Changed : 1 -> 3
2023-07-05 15:59:36,451[INFO ]:Received Select Request.
2023-07-05 15:59:36,451[INFO ]:<<< Received HSMS Message <<< : SSID(0), B2(0), B3(0), P(0), S(1), SB(60), Length[0]
2023-07-05 15:59:36,451[INFO ]:Send LinkTest Request.
2023-07-05 15:59:36,451[INFO ]:Queued HSMS Message : SSID(65535), B2(0), B3(0), P(0), S(5), SB(0), Length[0]
2023-07-05 15:59:36,451[INFO ]:Message Stat : Queue[2], Sent[0], Recv[1]
2023-07-05 15:59:36,503[INFO ]:Sent Select Response.
2023-07-05 15:59:36,503[INFO ]:>>> Sent HSMS Message >>> : SSID(0), B2(0), B3(0), P(0), S(2), SB(60), Length[0]
2023-07-05 15:59:36,504[INFO ]:>>> Sent HSMS Message >>> : SSID(65535), B2(0), B3(0), P(0), S(5), SB(0), Length[0]
2023-07-05 15:59:36,598[INFO ]:Queued HSMS Message : SSID(0), B2(129), B3(13), P(0), S(0), SB(1), Length[10]
2023-07-05 15:59:36,598[INFO ]:Message Stat : Queue[1], Sent[1], Recv[0]
2023-07-05 15:59:36,623[INFO ]:>>> Sent HSMS Message >>> : SSID(0), B2(129), B3(13), P(0), S(0), SB(1), Length[10]
2023-07-05 15:59:36,624[DEBUG]:>>>> HSMS Data [10] >>>>
    01-02-41-03  44-46-52-41  01-30
2023-07-05 15:59:36,654[INFO ]:Received LinkTest Response.
2023-07-05 15:59:36,654[INFO ]:<<< Received HSMS Message <<< : SSID(65535), B2(0), B3(0), P(0), S(6), SB(0), Length[0]
2023-07-05 15:59:36,869[INFO ]:<<< Received HSMS Message <<< : SSID(0), B2(1), B3(14), P(0), S(0), SB(1), Length[11]
2023-07-05 15:59:36,869[DEBUG]:<<<< HSMS Data [11] <<<<
    01-02-21-01  00-01-02-41  00-41-00
2023-07-05 15:59:39,316[INFO ]:Queued HSMS Message : SSID(0), B2(133), B3(1), P(0), S(0), SB(2), Length[28]
2023-07-05 15:59:39,317[INFO ]:Message Stat : Queue[1], Sent[0], Recv[2]
