2023-07-03 10:53:25,048[INFO ]:Queued SECS2 Message : S1F13
2023-07-03 10:53:25,059[INFO ]:SENT SECS2 Message : SSID(1), B2(129), B3(13), P(0), S(0), SB(1)
2023-07-03 10:53:25,065[INFO ]:>>>S1F13 W>>>  
<L [2] 
    <A [3] "DFR">
    <A [1] "0">
>
2023-07-03 10:53:25,126[INFO ]:RECV SECS2 Message : SSID(1), B2(1), B3(14), P(0), S(0), SB(1), Length[7]
2023-07-03 10:53:25,127[DEBUG]:<<<S1F14<<<  
<L [2] 
    <B [1] 00 >
    <L [0] >
>
2023-07-03 10:53:49,456[INFO ]:Queued SECS2 Message : S6F11
2023-07-03 10:53:49,485[INFO ]:SENT SECS2 Message : SSID(1), B2(134), B3(11), P(0), S(0), SB(2)
2023-07-03 10:53:49,487[INFO ]:>>>S6F11 W>>>  
<L [3] 
    <U4 [1] 0 >
    <U4 [1] `EquipmentStateChanged` 1051 >
    <L [0] >
>
2023-07-03 10:53:49,579[INFO ]:RECV SECS2 Message : SSID(1), B2(6), B3(12), P(0), S(0), SB(2), Length[3]
2023-07-03 10:53:49,579[DEBUG]:<<<S6F12<<<  
<B [1] 00 >
2023-07-03 10:53:49,775[INFO ]:Queued SECS2 Message : S6F11
2023-07-03 10:53:49,791[INFO ]:SENT SECS2 Message : SSID(1), B2(134), B3(11), P(0), S(0), SB(3)
2023-07-03 10:53:49,791[INFO ]:>>>S6F11 W>>>  
<L [3] 
    <U4 [1] 0 >
    <U4 [1] `EquipmentStateChanged` 1051 >
    <L [0] >
>
2023-07-03 10:53:49,883[INFO ]:RECV SECS2 Message : SSID(1), B2(6), B3(12), P(0), S(0), SB(3), Length[3]
2023-07-03 10:53:49,884[DEBUG]:<<<S6F12<<<  
<B [1] 00 >
2023-07-03 10:55:24,884[INFO ]:Queued SECS2 Message : S1F13
2023-07-03 10:55:24,895[INFO ]:SENT SECS2 Message : SSID(1), B2(129), B3(13), P(0), S(0), SB(1)
2023-07-03 10:55:24,899[INFO ]:>>>S1F13 W>>>  
<L [2] 
    <A [3] "DFR">
    <A [1] "0">
>
2023-07-03 10:55:24,945[INFO ]:RECV SECS2 Message : SSID(1), B2(1), B3(14), P(0), S(0), SB(1), Length[7]
2023-07-03 10:55:24,945[DEBUG]:<<<S1F14<<<  
<L [2] 
    <B [1] 00 >
    <L [0] >
>
