2023-07-05 09:01:33,908[INFO ]:Queued SECS2 Message : S1F13
2023-07-05 09:01:33,941[INFO ]:SENT SECS2 Message : SSID(1), B2(129), B3(13), P(0), S(0), SB(1)
2023-07-05 09:01:33,943[INFO ]:>>>S1F13 W>>>  
<L [2] 
    <A [3] "DFR">
    <A [1] "0">
>
2023-07-05 09:01:33,964[INFO ]:RECV SECS2 Message : SSID(1), B2(1), B3(14), P(0), S(0), SB(1), Length[7]
2023-07-05 09:01:33,965[DEBUG]:<<<S1F14<<<  
<L [2] 
    <B [1] 00 >
    <L [0] >
>
2023-07-05 09:01:40,571[INFO ]:RECV SECS2 Message : SSID(1), B2(130), B3(41), P(0), S(0), SB(19,378), Length[30]
2023-07-05 09:01:40,571[DEBUG]:<<<S2F41 W<<<  
<L [2] 
    <A [8] "PPSELECT">
    <L [1] 
        <L [2] 
            <A [4] "PPID">
            <A [6] "TEST-1">
        >
    >
>
2023-07-05 09:01:40,583[INFO ]:Queued SECS2 Message : S2F42
2023-07-05 09:01:40,632[INFO ]:SENT SECS2 Message : SSID(1), B2(2), B3(42), P(0), S(0), SB(19,378)
2023-07-05 09:01:40,632[INFO ]:>>>S2F42>>>  
<L [2] 
    <B [1] 04 >
    <L [0] >
>
2023-07-05 09:01:57,509[INFO ]:RECV SECS2 Message : SSID(1), B2(130), B3(41), P(0), S(0), SB(19,380), Length[30]
2023-07-05 09:01:57,509[DEBUG]:<<<S2F41 W<<<  
<L [2] 
    <A [8] "PPSELECT">
    <L [1] 
        <L [2] 
            <A [4] "PPID">
            <A [6] "TEST-1">
        >
    >
>
2023-07-05 09:01:57,510[INFO ]:Queued SECS2 Message : S2F42
2023-07-05 09:01:57,555[INFO ]:SENT SECS2 Message : SSID(1), B2(2), B3(42), P(0), S(0), SB(19,380)
2023-07-05 09:01:57,555[INFO ]:>>>S2F42>>>  
<L [2] 
    <B [1] 04 >
    <L [0] >
>
2023-07-05 09:02:00,502[INFO ]:RECV SECS2 Message : SSID(1), B2(130), B3(41), P(0), S(0), SB(19,382), Length[30]
2023-07-05 09:02:00,502[DEBUG]:<<<S2F41 W<<<  
<L [2] 
    <A [8] "PPSELECT">
    <L [1] 
        <L [2] 
            <A [4] "PPID">
            <A [6] "TEST-1">
        >
    >
>
2023-07-05 09:02:00,502[INFO ]:Queued SECS2 Message : S2F42
2023-07-05 09:02:00,565[INFO ]:SENT SECS2 Message : SSID(1), B2(2), B3(42), P(0), S(0), SB(19,382)
2023-07-05 09:02:00,565[INFO ]:>>>S2F42>>>  
<L [2] 
    <B [1] 04 >
    <L [0] >
>
2023-07-05 09:02:03,895[INFO ]:RECV SECS2 Message : SSID(1), B2(130), B3(41), P(0), S(0), SB(19,384), Length[30]
2023-07-05 09:02:03,895[DEBUG]:<<<S2F41 W<<<  
<L [2] 
    <A [8] "PPSELECT">
    <L [1] 
        <L [2] 
            <A [4] "PPID">
            <A [6] "TEST-1">
        >
    >
>
2023-07-05 09:02:03,896[INFO ]:Queued SECS2 Message : S2F42
2023-07-05 09:02:03,943[INFO ]:SENT SECS2 Message : SSID(1), B2(2), B3(42), P(0), S(0), SB(19,384)
2023-07-05 09:02:03,943[INFO ]:>>>S2F42>>>  
<L [2] 
    <B [1] 04 >
    <L [0] >
>
2023-07-05 09:02:17,268[INFO ]:Queued SECS2 Message : S6F11
2023-07-05 09:02:17,282[INFO ]:SENT SECS2 Message : SSID(1), B2(134), B3(11), P(0), S(0), SB(2)
2023-07-05 09:02:17,282[INFO ]:>>>S6F11 W>>>  
<L [3] 
    <U4 [1] 0 >
    <U4 [1] `PPChanged` 1071 >
    <L [1] 
        <L [2] 
            <U4 [1] 106 >
            <L [2] 
                <A [0] `PPChangeName` >
                <U2 [1] `PPChangeStatus` 0 >
            >
        >
    >
>
2023-07-05 09:02:17,329[INFO ]:RECV SECS2 Message : SSID(1), B2(6), B3(12), P(0), S(0), SB(2), Length[3]
2023-07-05 09:02:17,329[DEBUG]:<<<S6F12<<<  
<B [1] 00 >
2023-07-05 09:02:22,335[INFO ]:RECV SECS2 Message : SSID(1), B2(130), B3(41), P(0), S(0), SB(19,388), Length[30]
2023-07-05 09:02:22,335[DEBUG]:<<<S2F41 W<<<  
<L [2] 
    <A [8] "PPSELECT">
    <L [1] 
        <L [2] 
            <A [4] "PPID">
            <A [6] "TEST-1">
        >
    >
>
2023-07-05 09:02:22,336[INFO ]:Queued SECS2 Message : S2F42
2023-07-05 09:02:22,397[INFO ]:SENT SECS2 Message : SSID(1), B2(2), B3(42), P(0), S(0), SB(19,388)
2023-07-05 09:02:22,397[INFO ]:>>>S2F42>>>  
<L [2] 
    <B [1] 04 >
    <L [0] >
>
2023-07-05 09:02:23,243[INFO ]:Queued SECS2 Message : S6F11
2023-07-05 09:02:23,259[INFO ]:SENT SECS2 Message : SSID(1), B2(134), B3(11), P(0), S(0), SB(3)
2023-07-05 09:02:23,259[INFO ]:>>>S6F11 W>>>  
<L [3] 
    <U4 [1] 0 >
    <U4 [1] `PPChanged` 1071 >
    <L [1] 
        <L [2] 
            <U4 [1] 106 >
            <L [2] 
                <A [0] `PPChangeName` >
                <U2 [1] `PPChangeStatus` 0 >
            >
        >
    >
>
2023-07-05 09:02:23,334[INFO ]:RECV SECS2 Message : SSID(1), B2(6), B3(12), P(0), S(0), SB(3), Length[3]
2023-07-05 09:02:23,334[DEBUG]:<<<S6F12<<<  
<B [1] 00 >
