2023-08-30 13:26:54,749[INFO ]:Queued SECS2 Message : S1F13
2023-08-30 13:26:54,780[INFO ]:SENT SECS2 Message : SSID(0), B2(129), B3(13), P(0), S(0), SB(1)
2023-08-30 13:26:54,781[INFO ]:>>>S1F13 W>>>  
<L [2] 
    <A [3] "DFR">
    <A [14] "1.0.8642.24119">
>
2023-08-30 13:26:54,796[INFO ]:RECV SECS2 Message : SSID(0), B2(1), B3(14), P(0), S(0), SB(1), Length[7]
2023-08-30 13:26:54,797[DEBUG]:<<<S1F14<<<  
<L [2] 
    <B [1] 00 >
    <L [0] >
>
2023-08-30 13:26:54,907[INFO ]:Queued SECS2 Message : S6F11
2023-08-30 13:26:54,958[INFO ]:SENT SECS2 Message : SSID(0), B2(134), B3(11), P(0), S(0), SB(2)
2023-08-30 13:26:54,960[INFO ]:>>>S6F11 W>>>  
<L [3] 
    <U4 [1] 0 >
    <U4 [1] `EquipmentStateChanged` 1051 >
    <L [1] 
        <L [2] 
            <U4 [1] 1051 >
            <L [2] 
                <U2 [1] `EqpState` 1 >
                <U2 [1] `PreviousEqpState` 2 >
            >
        >
    >
>
2023-08-30 13:26:55,021[INFO ]:RECV SECS2 Message : SSID(0), B2(6), B3(12), P(0), S(0), SB(2), Length[3]
2023-08-30 13:26:55,021[DEBUG]:<<<S6F12<<<  
<B [1] 00 >
2023-08-30 13:33:00,579[INFO ]:Queued SECS2 Message : S1F13
2023-08-30 13:33:00,626[INFO ]:SENT SECS2 Message : SSID(0), B2(129), B3(13), P(0), S(0), SB(1)
2023-08-30 13:33:00,628[INFO ]:>>>S1F13 W>>>  
<L [2] 
    <A [3] "DFR">
    <A [14] "1.0.8642.24388">
>
2023-08-30 13:33:00,659[INFO ]:RECV SECS2 Message : SSID(0), B2(1), B3(14), P(0), S(0), SB(1), Length[7]
2023-08-30 13:33:00,659[DEBUG]:<<<S1F14<<<  
<L [2] 
    <B [1] 00 >
    <L [0] >
>
2023-08-30 13:34:58,029[INFO ]:Queued SECS2 Message : S1F13
2023-08-30 13:34:58,059[INFO ]:SENT SECS2 Message : SSID(0), B2(129), B3(13), P(0), S(0), SB(3)
2023-08-30 13:34:58,059[INFO ]:>>>S1F13 W>>>  
<L [2] 
    <A [3] "DFR">
    <A [14] "1.0.8642.24388">
>
2023-08-30 13:34:58,104[INFO ]:RECV SECS2 Message : SSID(0), B2(1), B3(14), P(0), S(0), SB(3), Length[7]
2023-08-30 13:34:58,104[DEBUG]:<<<S1F14<<<  
<L [2] 
    <B [1] 00 >
    <L [0] >
>
2023-08-30 13:37:36,368[INFO ]:Queued SECS2 Message : S1F13
2023-08-30 13:37:36,394[INFO ]:SENT SECS2 Message : SSID(0), B2(129), B3(13), P(0), S(0), SB(1)
2023-08-30 13:37:36,397[INFO ]:>>>S1F13 W>>>  
<L [2] 
    <A [3] "DFR">
    <A [14] "1.0.8642.24526">
>
2023-08-30 13:37:36,426[INFO ]:RECV SECS2 Message : SSID(0), B2(1), B3(14), P(0), S(0), SB(1), Length[7]
2023-08-30 13:37:36,427[DEBUG]:<<<S1F14<<<  
<L [2] 
    <B [1] 00 >
    <L [0] >
>
2023-08-30 13:37:36,712[INFO ]:Queued SECS2 Message : S6F11
2023-08-30 13:37:36,713[INFO ]:Queued SECS2 Message : S6F11
2023-08-30 13:37:40,494[INFO ]:SENT SECS2 Message : SSID(0), B2(134), B3(11), P(0), S(0), SB(2)
2023-08-30 13:37:40,495[INFO ]:>>>S6F11 W>>>  
<L [3] 
    <U4 [1] 0 >
    <U4 [1] `EquipmentStateChanged` 1051 >
    <L [1] 
        <L [2] 
            <U4 [1] 1051 >
            <L [2] 
                <U2 [1] `EqpState` 1 >
                <U2 [1] `PreviousEqpState` 4 >
            >
        >
    >
>
2023-08-30 13:37:40,495[INFO ]:SENT SECS2 Message : SSID(0), B2(134), B3(11), P(0), S(0), SB(3)
2023-08-30 13:37:40,496[INFO ]:>>>S6F11 W>>>  
<L [3] 
    <U4 [1] 0 >
    <U4 [1] `PPSelected` 1072 >
    <L [1] 
        <L [2] 
            <U4 [1] 1072 >
            <L [1] 
                <A [6] `PPCurrentSelected` "TEST-1">
            >
        >
    >
>
2023-08-30 13:37:40,551[INFO ]:RECV SECS2 Message : SSID(0), B2(6), B3(12), P(0), S(0), SB(2), Length[3]
2023-08-30 13:37:40,551[DEBUG]:<<<S6F12<<<  
<B [1] 00 >
2023-08-30 13:37:40,554[INFO ]:RECV SECS2 Message : SSID(0), B2(6), B3(12), P(0), S(0), SB(3), Length[3]
2023-08-30 13:37:40,554[DEBUG]:<<<S6F12<<<  
<B [1] 00 >
2023-08-30 13:38:37,819[INFO ]:Queued SECS2 Message : S1F13
2023-08-30 13:38:37,877[INFO ]:SENT SECS2 Message : SSID(0), B2(129), B3(13), P(0), S(0), SB(1)
2023-08-30 13:38:37,880[INFO ]:>>>S1F13 W>>>  
<L [2] 
    <A [3] "DFR">
    <A [14] "1.0.8642.24555">
>
2023-08-30 13:38:37,926[INFO ]:RECV SECS2 Message : SSID(0), B2(1), B3(14), P(0), S(0), SB(1), Length[7]
2023-08-30 13:38:37,926[DEBUG]:<<<S1F14<<<  
<L [2] 
    <B [1] 00 >
    <L [0] >
>
2023-08-30 13:51:43,706[INFO ]:Queued SECS2 Message : S1F13
2023-08-30 13:51:43,754[INFO ]:SENT SECS2 Message : SSID(0), B2(129), B3(13), P(0), S(0), SB(1)
2023-08-30 13:51:43,755[INFO ]:>>>S1F13 W>>>  
<L [2] 
    <A [3] "DFR">
    <A [14] "1.0.8642.24809">
>
2023-08-30 13:51:43,910[INFO ]:RECV SECS2 Message : SSID(0), B2(1), B3(14), P(0), S(0), SB(1), Length[11]
2023-08-30 13:51:43,911[DEBUG]:<<<S1F14<<<  
<L [2] 
    <B [1] 00 >
    <L [2] 
        <A [0] >
        <A [0] >
    >
>
2023-08-30 13:51:46,694[INFO ]:RECV SECS2 Message : SSID(0), B2(130), B3(31), P(0), S(0), SB(2), Length[18]
2023-08-30 13:51:46,695[DEBUG]:<<<S2F31 W<<<  
<A [16] "2023051711235100">
2023-08-30 13:51:46,704[INFO ]:Queued SECS2 Message : S2F32
2023-08-30 13:51:46,724[INFO ]:SENT SECS2 Message : SSID(0), B2(2), B3(32), P(0), S(0), SB(2)
2023-08-30 13:51:46,724[INFO ]:>>>S2F32>>>  
<B [1] 00 >
2023-08-30 13:51:48,588[INFO ]:RECV SECS2 Message : SSID(0), B2(130), B3(37), P(0), S(0), SB(4), Length[7]
2023-08-30 13:51:48,588[DEBUG]:<<<S2F37 W<<<  
<L [2] 
    <BL [1] False >
    <L [0] >
>
2023-08-30 13:51:48,593[INFO ]:Queued SECS2 Message : S2F38
2023-08-30 13:51:48,615[INFO ]:SENT SECS2 Message : SSID(0), B2(2), B3(38), P(0), S(0), SB(4)
2023-08-30 13:51:48,615[INFO ]:>>>S2F38>>>  
<B [1] 00 >
2023-08-30 13:51:50,153[INFO ]:RECV SECS2 Message : SSID(0), B2(130), B3(35), P(0), S(0), SB(6), Length[10]
2023-08-30 13:51:50,153[DEBUG]:<<<S2F35 W<<<  
<L [2] 
    <U4 [1] 0 >
    <L [0] >
>
2023-08-30 13:51:50,154[INFO ]:Queued SECS2 Message : S2F36
2023-08-30 13:51:50,199[INFO ]:SENT SECS2 Message : SSID(0), B2(2), B3(36), P(0), S(0), SB(6)
2023-08-30 13:51:50,199[INFO ]:>>>S2F36>>>  
<B [1] 00 >
2023-08-30 13:51:51,502[INFO ]:RECV SECS2 Message : SSID(0), B2(130), B3(33), P(0), S(0), SB(8), Length[10]
2023-08-30 13:51:51,502[DEBUG]:<<<S2F33 W<<<  
<L [2] 
    <U4 [1] 0 >
    <L [0] >
>
2023-08-30 13:51:51,504[INFO ]:Queued SECS2 Message : S2F34
2023-08-30 13:51:51,533[INFO ]:SENT SECS2 Message : SSID(0), B2(2), B3(34), P(0), S(0), SB(8)
2023-08-30 13:51:51,533[INFO ]:>>>S2F34>>>  
<B [1] 00 >
2023-08-30 13:51:55,368[INFO ]:RECV SECS2 Message : SSID(0), B2(130), B3(33), P(0), S(0), SB(10), Length[508]
2023-08-30 13:51:55,368[DEBUG]:<<<S2F33 W<<<  
<L [2] 
    <U4 [1] 0 >
    <L [18] 
        <L [2] 
            <U4 [1] 1001 >
            <L [2] 
                <U4 [1] 201 >
                <U4 [1] 202 >
            >
        >
        <L [2] 
            <U4 [1] 1002 >
            <L [2] 
                <U4 [1] 201 >
                <U4 [1] 202 >
            >
        >
        <L [2] 
            <U4 [1] 1003 >
            <L [2] 
                <U4 [1] 201 >
                <U4 [1] 202 >
            >
        >
        <L [2] 
            <U4 [1] 1015 >
            <L [3] 
                <U4 [1] 304 >
                <U4 [1] 305 >
                <U4 [1] 306 >
            >
        >
        <L [2] 
            <U4 [1] 1031 >
            <L [4] 
                <U4 [1] 310 >
                <U4 [1] 301 >
                <U4 [1] 302 >
                <U4 [1] 303 >
            >
        >
        <L [2] 
            <U4 [1] 1032 >
            <L [4] 
                <U4 [1] 310 >
                <U4 [1] 301 >
                <U4 [1] 302 >
                <U4 [1] 303 >
            >
        >
        <L [2] 
            <U4 [1] 1051 >
            <L [2] 
                <U4 [1] 203 >
                <U4 [1] 204 >
            >
        >
        <L [2] 
            <U4 [1] 1061 >
            <L [2] 
                <U4 [1] 206 >
                <U4 [1] 205 >
            >
        >
        <L [2] 
            <U4 [1] 1101 >
            <L [2] 
                <U4 [1] 310 >
                <U4 [1] 311 >
            >
        >
        <L [2] 
            <U4 [1] 1102 >
            <L [2] 
                <U4 [1] 310 >
                <U4 [1] 311 >
            >
        >
        <L [2] 
            <U4 [1] 1201 >
            <L [2] 
                <U4 [1] 310 >
                <U4 [1] 311 >
            >
        >
        <L [2] 
            <U4 [1] 1202 >
            <L [2] 
                <U4 [1] 310 >
                <U4 [1] 311 >
            >
        >
        <L [2] 
            <U4 [1] 1301 >
            <L [2] 
                <U4 [1] 310 >
                <U4 [1] 311 >
            >
        >
        <L [2] 
            <U4 [1] 1311 >
            <L [8] 
                <U4 [1] 310 >
                <U4 [1] 312 >
                <U4 [1] 313 >
                <U4 [1] 314 >
                <U4 [1] 315 >
                <U4 [1] 316 >
                <U4 [1] 311 >
                <U4 [1] 205 >
            >
        >
        <L [2] 
            <U4 [1] 1312 >
            <L [6] 
                <U4 [1] 310 >
                <U4 [1] 312 >
                <U4 [1] 315 >
                <U4 [1] 316 >
                <U4 [1] 311 >
                <U4 [1] 205 >
            >
        >
        <L [2] 
            <U4 [1] 1401 >
            <L [2] 
                <U4 [1] 311 >
                <U4 [1] 321 >
            >
        >
        <L [2] 
            <U4 [1] 1072 >
            <L [1] 
                <U4 [1] 309 >
            >
        >
        <L [2] 
            <U4 [1] 1321 >
            <L [5] 
                <U4 [1] 311 >
                <U4 [1] 310 >
                <U4 [1] 313 >
                <U4 [1] 314 >
                <U4 [1] 316 >
            >
        >
    >
>
2023-08-30 13:51:55,372[INFO ]:Queued SECS2 Message : S2F34
2023-08-30 13:51:55,427[INFO ]:SENT SECS2 Message : SSID(0), B2(2), B3(34), P(0), S(0), SB(10)
2023-08-30 13:51:55,427[INFO ]:>>>S2F34>>>  
<B [1] 00 >
2023-08-30 13:51:57,715[INFO ]:RECV SECS2 Message : SSID(0), B2(130), B3(35), P(0), S(0), SB(12), Length[170]
2023-08-30 13:51:57,715[DEBUG]:<<<S2F35 W<<<  
<L [2] 
    <U4 [1] 0 >
    <L [10] 
        <L [2] 
            <U4 [1] 1401 >
            <L [1] 
                <U4 [1] 1401 >
            >
        >
        <L [2] 
            <U4 [1] 1061 >
            <L [1] 
                <U4 [1] 1061 >
            >
        >
        <L [2] 
            <U4 [1] 1003 >
            <L [1] 
                <U4 [1] 1003 >
            >
        >
        <L [2] 
            <U4 [1] 1002 >
            <L [1] 
                <U4 [1] 1002 >
            >
        >
        <L [2] 
            <U4 [1] 1001 >
            <L [1] 
                <U4 [1] 1001 >
            >
        >
        <L [2] 
            <U4 [1] 1051 >
            <L [1] 
                <U4 [1] 1051 >
            >
        >
        <L [2] 
            <U4 [1] 1311 >
            <L [1] 
                <U4 [1] 1311 >
            >
        >
        <L [2] 
            <U4 [1] 1312 >
            <L [1] 
                <U4 [1] 1312 >
            >
        >
        <L [2] 
            <U4 [1] 1072 >
            <L [1] 
                <U4 [1] 1072 >
            >
        >
        <L [2] 
            <U4 [1] 1321 >
            <L [1] 
                <U4 [1] 1321 >
            >
        >
    >
>
2023-08-30 13:51:57,718[INFO ]:Queued SECS2 Message : S2F36
2023-08-30 13:51:57,730[INFO ]:SENT SECS2 Message : SSID(0), B2(2), B3(36), P(0), S(0), SB(12)
2023-08-30 13:51:57,730[INFO ]:>>>S2F36>>>  
<B [1] 00 >
2023-08-30 13:51:59,910[INFO ]:RECV SECS2 Message : SSID(0), B2(130), B3(37), P(0), S(0), SB(14), Length[127]
2023-08-30 13:51:59,910[DEBUG]:<<<S2F37 W<<<  
<L [2] 
    <BL [1] True >
    <L [20] 
        <U4 [1] 1101 >
        <U4 [1] 1102 >
        <U4 [1] 1401 >
        <U4 [1] 1061 >
        <U4 [1] 1003 >
        <U4 [1] 1002 >
        <U4 [1] 1001 >
        <U4 [1] 1051 >
        <U4 [1] 1015 >
        <U4 [1] 1031 >
        <U4 [1] 1032 >
        <U4 [1] 1071 >
        <U4 [1] 1072 >
        <U4 [1] 1201 >
        <U4 [1] 1202 >
        <U4 [1] 1301 >
        <U4 [1] 1302 >
        <U4 [1] 1311 >
        <U4 [1] 1312 >
        <U4 [1] 1321 >
    >
>
2023-08-30 13:51:59,912[INFO ]:Queued SECS2 Message : S2F38
2023-08-30 13:51:59,925[INFO ]:SENT SECS2 Message : SSID(0), B2(2), B3(38), P(0), S(0), SB(14)
2023-08-30 13:51:59,925[INFO ]:>>>S2F38>>>  
<B [1] 00 >
2023-08-30 13:52:38,033[INFO ]:RECV SECS2 Message : SSID(0), B2(129), B3(3), P(0), S(0), SB(16), Length[26]
2023-08-30 13:52:38,034[DEBUG]:<<<S1F3 W<<<  
<L [4] 
    <U4 [1] 201 >
    <U4 [1] 202 >
    <U4 [1] 203 >
    <U4 [1] 204 >
>
2023-08-30 13:52:38,039[INFO ]:Queued SECS2 Message : S1F4
2023-08-30 13:52:38,065[INFO ]:SENT SECS2 Message : SSID(0), B2(1), B3(4), P(0), S(0), SB(16)
2023-08-30 13:52:38,065[INFO ]:>>>S1F4>>>  
<L [4] 
    <U2 [1] 5 >
    <U2 [1] 3 >
    <U2 [1] 1 >
    <U2 [1] 4 >
>
2023-08-30 13:53:04,813[INFO ]:RECV SECS2 Message : SSID(0), B2(135), B3(19), P(0), S(0), SB(18), Length[0]
2023-08-30 13:53:04,813[DEBUG]:<<<S7F19 W<<<  

2023-08-30 13:53:04,814[INFO ]:Queued SECS2 Message : S7F20
2023-08-30 13:53:04,874[INFO ]:SENT SECS2 Message : SSID(0), B2(7), B3(20), P(0), S(0), SB(18)
2023-08-30 13:53:04,874[INFO ]:>>>S7F20>>>  
<L [2] 
    <A [6] "TEST-1">
    <A [6] "TEST-2">
>
2023-08-30 13:53:40,710[INFO ]:RECV SECS2 Message : SSID(0), B2(135), B3(25), P(0), S(0), SB(20), Length[8]
2023-08-30 13:53:40,710[DEBUG]:<<<S7F25 W<<<  
<A [6] "TEST-1">
2023-08-30 13:53:40,719[INFO ]:Queued SECS2 Message : S7F26
2023-08-30 13:53:40,725[INFO ]:SENT SECS2 Message : SSID(0), B2(7), B3(26), P(0), S(0), SB(20)
2023-08-30 13:53:40,726[INFO ]:>>>S7F26>>>  
<L [4] 
    <A [6] "TEST-1">
    <A [3] "DFR">
    <A [14] "1.0.8642.24809">
    <L [1] 
        <L [2] 
            <A [0] >
            <L [3] 
                <L [2] 
                    <U8 [1] 10 >
                    <L [1] 
                        <L [2] 
                            <A [11] "MOTOR_SPEED">
                            <A [4] "2000">
                        >
                    >
                >
                <L [2] 
                    <U8 [1] 11 >
                    <L [7] 
                        <L [2] 
                            <A [15] "DEV01_FLOW_RATE">
                            <A [2] "50">
                        >
                        <L [2] 
                            <A [15] "DEV01_FLOW_RATE">
                            <A [2] "23">
                        >
                        <L [2] 
                            <A [30] "DEV01_STORAGE_TANK_TEMPERATURE">
                            <A [2] "23">
                        >
                        <L [2] 
                            <A [29] "DEV01_NA2CO3_TANK_TEMPERATURE">
                            <A [2] "22">
                        >
                        <L [2] 
                            <A [32] "DEV01_MIXING_TANK_CLEANING_CYCLE">
                            <A [2] "22">
                        >
                        <L [2] 
                            <A [33] "DEV01_STORAGE_TANK_CLEANING_CYCLE">
                            <A [2] "22">
                        >
                        <L [2] 
                            <A [32] "DEV01_NA2CO3_TANK_CLEANING_CYCLE">
                            <A [2] "50">
                        >
                    >
                >
                <L [2] 
                    <U8 [1] 10 >
                    <L [1] 
                        <L [2] 
                            <A [11] "MOTOR_SPEED">
                            <A [4] "2000">
                        >
                    >
                >
            >
        >
    >
>
