2023-08-29 15:37:41,492[INFO ]:Queued SECS2 Message : S1F13
2023-08-29 15:37:41,520[INFO ]:SENT SECS2 Message : SSID(0), B2(129), B3(13), P(0), S(0), SB(1)
2023-08-29 15:37:41,522[INFO ]:>>>S1F13 W>>>  
<L [2] 
    <A [3] "DFR">
    <A [14] "1.0.8641.28127">
>
2023-08-29 15:37:41,548[INFO ]:RECV SECS2 Message : SSID(0), B2(1), B3(14), P(0), S(0), SB(1), Length[7]
2023-08-29 15:37:41,548[DEBUG]:<<<S1F14<<<  
<L [2] 
    <B [1] 00 >
    <L [0] >
>
2023-08-29 15:39:44,483[INFO ]:Queued SECS2 Message : S1F13
2023-08-29 15:39:44,525[INFO ]:SENT SECS2 Message : SSID(0), B2(129), B3(13), P(0), S(0), SB(1)
2023-08-29 15:39:44,526[INFO ]:>>>S1F13 W>>>  
<L [2] 
    <A [3] "DFR">
    <A [14] "1.0.8641.28127">
>
2023-08-29 15:39:44,556[INFO ]:RECV SECS2 Message : SSID(0), B2(1), B3(14), P(0), S(0), SB(1), Length[7]
2023-08-29 15:39:44,556[DEBUG]:<<<S1F14<<<  
<L [2] 
    <B [1] 00 >
    <L [0] >
>
2023-08-29 15:41:59,822[INFO ]:Queued SECS2 Message : S1F13
2023-08-29 15:41:59,864[INFO ]:SENT SECS2 Message : SSID(0), B2(129), B3(13), P(0), S(0), SB(1)
2023-08-29 15:41:59,866[INFO ]:>>>S1F13 W>>>  
<L [2] 
    <A [3] "DFR">
    <A [14] "1.0.8641.28127">
>
2023-08-29 15:41:59,890[INFO ]:RECV SECS2 Message : SSID(0), B2(1), B3(14), P(0), S(0), SB(1), Length[7]
2023-08-29 15:41:59,890[DEBUG]:<<<S1F14<<<  
<L [2] 
    <B [1] 00 >
    <L [0] >
>
2023-08-29 15:42:48,372[INFO ]:Queued SECS2 Message : S1F13
2023-08-29 15:42:48,422[INFO ]:SENT SECS2 Message : SSID(0), B2(129), B3(13), P(0), S(0), SB(1)
2023-08-29 15:42:48,424[INFO ]:>>>S1F13 W>>>  
<L [2] 
    <A [3] "DFR">
    <A [14] "1.0.8641.28280">
>
2023-08-29 15:42:48,512[INFO ]:RECV SECS2 Message : SSID(0), B2(1), B3(14), P(0), S(0), SB(1), Length[7]
2023-08-29 15:42:48,512[DEBUG]:<<<S1F14<<<  
<L [2] 
    <B [1] 00 >
    <L [0] >
>
2023-08-29 15:43:03,748[INFO ]:Queued SECS2 Message : S6F11
2023-08-29 15:43:07,668[INFO ]:SENT SECS2 Message : SSID(0), B2(134), B3(11), P(0), S(0), SB(2)
2023-08-29 15:43:07,672[INFO ]:>>>S6F11 W>>>  
<L [3] 
    <U4 [1] 0 >
    <U4 [1] `EquipmentStateChanged` 1051 >
    <L [1] 
        <L [2] 
            <U4 [1] 1051 >
            <L [2] 
                <U2 [1] `EqpState` 1 >
                <U2 [1] `PreviousEqpState` 2 >
            >
        >
    >
>
2023-08-29 15:43:07,741[INFO ]:RECV SECS2 Message : SSID(0), B2(6), B3(12), P(0), S(0), SB(2), Length[3]
2023-08-29 15:43:07,741[DEBUG]:<<<S6F12<<<  
<B [1] 00 >
2023-08-29 15:43:18,022[INFO ]:Queued SECS2 Message : S6F11
2023-08-29 15:43:18,023[INFO ]:Queued SECS2 Message : S6F11
2023-08-29 15:43:18,038[INFO ]:Queued SECS2 Message : S6F11
2023-08-29 15:43:18,053[INFO ]:SENT SECS2 Message : SSID(0), B2(134), B3(11), P(0), S(0), SB(3)
2023-08-29 15:43:18,053[INFO ]:>>>S6F11 W>>>  
<L [3] 
    <U4 [1] 0 >
    <U4 [1] `GlassStartEach` 1311 >
    <L [1] 
        <L [2] 
            <U4 [1] 1311 >
            <L [8] 
                <A [4] `ModuleID` "IP01">
                <A [4] `PPID` "ppid">
                <U2 [1] `PortID` 1 >
                <A [9] `CarrierID` "carrierid">
                <A [5] `LotID` "lotid">
                <U2 [1] `SlotNo` 2 >
                <A [7] `GlassID` "glassid">
                <A [0] `UserId` >
            >
        >
    >
>
2023-08-29 15:43:18,056[INFO ]:SENT SECS2 Message : SSID(0), B2(134), B3(11), P(0), S(0), SB(4)
2023-08-29 15:43:18,056[INFO ]:>>>S6F11 W>>>  
<L [3] 
    <U4 [1] 0 >
    <U4 [1] `SubstrateLocationOccupied` 1201 >
    <L [0] >
>
2023-08-29 15:43:18,058[INFO ]:SENT SECS2 Message : SSID(0), B2(134), B3(11), P(0), S(0), SB(5)
2023-08-29 15:43:18,058[INFO ]:>>>S6F11 W>>>  
<L [3] 
    <U4 [1] 0 >
    <U4 [1] `ModuleStart` 1101 >
    <L [0] >
>
2023-08-29 15:43:18,113[INFO ]:RECV SECS2 Message : SSID(0), B2(6), B3(12), P(0), S(0), SB(3), Length[3]
2023-08-29 15:43:18,113[DEBUG]:<<<S6F12<<<  
<B [1] 00 >
2023-08-29 15:43:18,123[INFO ]:RECV SECS2 Message : SSID(0), B2(6), B3(12), P(0), S(0), SB(4), Length[3]
2023-08-29 15:43:18,123[DEBUG]:<<<S6F12<<<  
<B [1] 00 >
2023-08-29 15:43:18,188[INFO ]:RECV SECS2 Message : SSID(0), B2(6), B3(12), P(0), S(0), SB(5), Length[3]
2023-08-29 15:43:18,188[DEBUG]:<<<S6F12<<<  
<B [1] 00 >
2023-08-29 15:43:18,431[INFO ]:Queued SECS2 Message : S6F11
2023-08-29 15:43:18,431[INFO ]:Queued SECS2 Message : S6F11
2023-08-29 15:43:18,477[INFO ]:SENT SECS2 Message : SSID(0), B2(134), B3(11), P(0), S(0), SB(6)
2023-08-29 15:43:18,477[INFO ]:>>>S6F11 W>>>  
<L [3] 
    <U4 [1] 0 >
    <U4 [1] `GlassStartEach` 1311 >
    <L [1] 
        <L [2] 
            <U4 [1] 1311 >
            <L [8] 
                <A [4] `ModuleID` "IP01">
                <A [4] `PPID` "ppid">
                <U2 [1] `PortID` 1 >
                <A [9] `CarrierID` "carrierid">
                <A [5] `LotID` "lotid">
                <U2 [1] `SlotNo` 2 >
                <A [7] `GlassID` "glassid">
                <A [0] `UserId` >
            >
        >
    >
>
2023-08-29 15:43:18,477[INFO ]:SENT SECS2 Message : SSID(0), B2(134), B3(11), P(0), S(0), SB(7)
2023-08-29 15:43:18,477[INFO ]:>>>S6F11 W>>>  
<L [3] 
    <U4 [1] 0 >
    <U4 [1] `SubstrateLocationOccupied` 1201 >
    <L [0] >
>
2023-08-29 15:43:18,567[INFO ]:RECV SECS2 Message : SSID(0), B2(6), B3(12), P(0), S(0), SB(6), Length[3]
2023-08-29 15:43:18,567[DEBUG]:<<<S6F12<<<  
<B [1] 00 >
2023-08-29 15:43:18,568[INFO ]:RECV SECS2 Message : SSID(0), B2(6), B3(12), P(0), S(0), SB(7), Length[3]
2023-08-29 15:43:18,568[DEBUG]:<<<S6F12<<<  
<B [1] 00 >
2023-08-29 15:43:18,812[INFO ]:Queued SECS2 Message : S6F11
2023-08-29 15:43:18,842[INFO ]:SENT SECS2 Message : SSID(0), B2(134), B3(11), P(0), S(0), SB(8)
2023-08-29 15:43:18,842[INFO ]:>>>S6F11 W>>>  
<L [3] 
    <U4 [1] 0 >
    <U4 [1] `EquipmentStateChanged` 1051 >
    <L [1] 
        <L [2] 
            <U4 [1] 1051 >
            <L [2] 
                <U2 [1] `EqpState` 2 >
                <U2 [1] `PreviousEqpState` 1 >
            >
        >
    >
>
2023-08-29 15:43:18,872[INFO ]:RECV SECS2 Message : SSID(0), B2(6), B3(12), P(0), S(0), SB(8), Length[3]
2023-08-29 15:43:18,872[DEBUG]:<<<S6F12<<<  
<B [1] 00 >
2023-08-29 15:44:48,360[INFO ]:Queued SECS2 Message : S1F13
2023-08-29 15:44:48,405[INFO ]:SENT SECS2 Message : SSID(0), B2(129), B3(13), P(0), S(0), SB(1)
2023-08-29 15:44:48,408[INFO ]:>>>S1F13 W>>>  
<L [2] 
    <A [3] "DFR">
    <A [14] "1.0.8641.28340">
>
2023-08-29 15:44:48,454[INFO ]:RECV SECS2 Message : SSID(0), B2(1), B3(14), P(0), S(0), SB(1), Length[7]
2023-08-29 15:44:48,454[DEBUG]:<<<S1F14<<<  
<L [2] 
    <B [1] 00 >
    <L [0] >
>
2023-08-29 15:47:27,891[INFO ]:Queued SECS2 Message : S1F13
2023-08-29 15:47:27,905[INFO ]:SENT SECS2 Message : SSID(0), B2(129), B3(13), P(0), S(0), SB(1)
2023-08-29 15:47:27,906[INFO ]:>>>S1F13 W>>>  
<L [2] 
    <A [3] "DFR">
    <A [14] "1.0.8641.28420">
>
2023-08-29 15:47:27,940[INFO ]:RECV SECS2 Message : SSID(0), B2(1), B3(14), P(0), S(0), SB(1), Length[7]
2023-08-29 15:47:27,940[DEBUG]:<<<S1F14<<<  
<L [2] 
    <B [1] 00 >
    <L [0] >
>
2023-08-29 15:47:28,105[INFO ]:Queued SECS2 Message : S6F11
2023-08-29 15:47:28,151[INFO ]:SENT SECS2 Message : SSID(0), B2(134), B3(11), P(0), S(0), SB(2)
2023-08-29 15:47:28,152[INFO ]:>>>S6F11 W>>>  
<L [3] 
    <U4 [1] 0 >
    <U4 [1] `ModuleStart` 1101 >
    <L [0] >
>
2023-08-29 15:47:28,172[INFO ]:RECV SECS2 Message : SSID(0), B2(6), B3(12), P(0), S(0), SB(2), Length[3]
2023-08-29 15:47:28,172[DEBUG]:<<<S6F12<<<  
<B [1] 00 >
2023-08-29 15:47:29,275[INFO ]:Queued SECS2 Message : S6F11
2023-08-29 15:47:29,276[INFO ]:Queued SECS2 Message : S6F11
2023-08-29 15:47:29,320[INFO ]:SENT SECS2 Message : SSID(0), B2(134), B3(11), P(0), S(0), SB(3)
2023-08-29 15:47:29,320[INFO ]:>>>S6F11 W>>>  
<L [3] 
    <U4 [1] 0 >
    <U4 [1] `GlassStartEach` 1311 >
    <L [1] 
        <L [2] 
            <U4 [1] 1311 >
            <L [8] 
                <A [4] `ModuleID` "IP01">
                <A [4] `PPID` "ppid">
                <U2 [1] `PortID` 1 >
                <A [9] `CarrierID` "carrierid">
                <A [5] `LotID` "lotid">
                <U2 [1] `SlotNo` 2 >
                <A [7] `GlassID` "glassid">
                <A [0] `UserId` >
            >
        >
    >
>
2023-08-29 15:47:29,321[INFO ]:SENT SECS2 Message : SSID(0), B2(134), B3(11), P(0), S(0), SB(4)
2023-08-29 15:47:29,321[INFO ]:>>>S6F11 W>>>  
<L [3] 
    <U4 [1] 0 >
    <U4 [1] `SubstrateLocationOccupied` 1201 >
    <L [0] >
>
2023-08-29 15:47:29,397[INFO ]:RECV SECS2 Message : SSID(0), B2(6), B3(12), P(0), S(0), SB(3), Length[3]
2023-08-29 15:47:29,397[DEBUG]:<<<S6F12<<<  
<B [1] 00 >
2023-08-29 15:47:29,397[INFO ]:RECV SECS2 Message : SSID(0), B2(6), B3(12), P(0), S(0), SB(4), Length[3]
2023-08-29 15:47:29,397[DEBUG]:<<<S6F12<<<  
<B [1] 00 >
2023-08-29 15:47:30,837[INFO ]:Queued SECS2 Message : S6F11
2023-08-29 15:47:30,852[INFO ]:SENT SECS2 Message : SSID(0), B2(134), B3(11), P(0), S(0), SB(5)
2023-08-29 15:47:30,852[INFO ]:>>>S6F11 W>>>  
<L [3] 
    <U4 [1] 0 >
    <U4 [1] `SubstrateLocationUnoccupied` 1202 >
    <L [0] >
>
2023-08-29 15:47:30,852[INFO ]:Queued SECS2 Message : S6F11
2023-08-29 15:47:30,852[INFO ]:SENT SECS2 Message : SSID(0), B2(134), B3(11), P(0), S(0), SB(6)
2023-08-29 15:47:30,852[INFO ]:>>>S6F11 W>>>  
<L [3] 
    <U4 [1] 0 >
    <U4 [1] `ModuleStart` 1101 >
    <L [0] >
>
2023-08-29 15:47:30,912[INFO ]:RECV SECS2 Message : SSID(0), B2(6), B3(12), P(0), S(0), SB(5), Length[3]
2023-08-29 15:47:30,912[DEBUG]:<<<S6F12<<<  
<B [1] 00 >
2023-08-29 15:47:30,912[INFO ]:RECV SECS2 Message : SSID(0), B2(6), B3(12), P(0), S(0), SB(6), Length[3]
2023-08-29 15:47:30,912[DEBUG]:<<<S6F12<<<  
<B [1] 00 >
2023-08-29 15:47:31,664[INFO ]:Queued SECS2 Message : S6F11
2023-08-29 15:47:31,709[INFO ]:SENT SECS2 Message : SSID(0), B2(134), B3(11), P(0), S(0), SB(7)
2023-08-29 15:47:31,709[INFO ]:>>>S6F11 W>>>  
<L [3] 
    <U4 [1] 0 >
    <U4 [1] `ModuleEnd` 1102 >
    <L [0] >
>
2023-08-29 15:47:31,753[INFO ]:RECV SECS2 Message : SSID(0), B2(6), B3(12), P(0), S(0), SB(7), Length[3]
2023-08-29 15:47:31,753[DEBUG]:<<<S6F12<<<  
<B [1] 00 >
2023-08-29 15:47:32,106[INFO ]:Queued SECS2 Message : S6F11
2023-08-29 15:47:32,136[INFO ]:SENT SECS2 Message : SSID(0), B2(134), B3(11), P(0), S(0), SB(8)
2023-08-29 15:47:32,136[INFO ]:>>>S6F11 W>>>  
<L [3] 
    <U4 [1] 0 >
    <U4 [1] `SubstrateLocationOccupied` 1201 >
    <L [0] >
>
2023-08-29 15:47:32,213[INFO ]:RECV SECS2 Message : SSID(0), B2(6), B3(12), P(0), S(0), SB(8), Length[3]
2023-08-29 15:47:32,213[DEBUG]:<<<S6F12<<<  
<B [1] 00 >
2023-08-29 15:47:33,698[INFO ]:Queued SECS2 Message : S6F11
2023-08-29 15:47:33,698[INFO ]:Queued SECS2 Message : S6F11
2023-08-29 15:47:33,713[INFO ]:Queued SECS2 Message : S6F11
2023-08-29 15:47:33,729[INFO ]:SENT SECS2 Message : SSID(0), B2(134), B3(11), P(0), S(0), SB(9)
2023-08-29 15:47:33,729[INFO ]:>>>S6F11 W>>>  
<L [3] 
    <U4 [1] 0 >
    <U4 [1] `ProcessData` 1401 >
    <L [1] 
        <L [2] 
            <U4 [1] 1401 >
            <L [2] 
                <A [7] `GlassID` "glassid">
                <L [10] `ProcessDataList` 
                    <A [1] "1">
                    <A [1] "1">
                    <A [1] "1">
                    <A [1] "1">
                    <A [1] "1">
                    <A [1] "1">
                    <A [1] "1">
                    <A [1] "1">
                    <A [1] "1">
                    <A [1] "1">
                >
            >
        >
    >
>
2023-08-29 15:47:33,729[INFO ]:SENT SECS2 Message : SSID(0), B2(134), B3(11), P(0), S(0), SB(10)
2023-08-29 15:47:33,729[INFO ]:>>>S6F11 W>>>  
<L [3] 
    <U4 [1] 0 >
    <U4 [1] `SubstrateLocationUnoccupied` 1202 >
    <L [0] >
>
2023-08-29 15:47:33,729[INFO ]:SENT SECS2 Message : SSID(0), B2(134), B3(11), P(0), S(0), SB(11)
2023-08-29 15:47:33,729[INFO ]:>>>S6F11 W>>>  
<L [3] 
    <U4 [1] 0 >
    <U4 [1] `ModuleStart` 1101 >
    <L [0] >
>
2023-08-29 15:47:33,820[INFO ]:RECV SECS2 Message : SSID(0), B2(6), B3(12), P(0), S(0), SB(9), Length[3]
2023-08-29 15:47:33,820[DEBUG]:<<<S6F12<<<  
<B [1] 00 >
2023-08-29 15:47:33,826[INFO ]:RECV SECS2 Message : SSID(0), B2(6), B3(12), P(0), S(0), SB(10), Length[3]
2023-08-29 15:47:33,827[DEBUG]:<<<S6F12<<<  
<B [1] 00 >
2023-08-29 15:47:33,898[INFO ]:RECV SECS2 Message : SSID(0), B2(6), B3(12), P(0), S(0), SB(11), Length[3]
2023-08-29 15:47:33,898[DEBUG]:<<<S6F12<<<  
<B [1] 00 >
2023-08-29 15:47:34,526[INFO ]:Queued SECS2 Message : S6F11
2023-08-29 15:47:34,588[INFO ]:SENT SECS2 Message : SSID(0), B2(134), B3(11), P(0), S(0), SB(12)
2023-08-29 15:47:34,588[INFO ]:>>>S6F11 W>>>  
<L [3] 
    <U4 [1] 0 >
    <U4 [1] `ModuleEnd` 1102 >
    <L [0] >
>
2023-08-29 15:47:34,664[INFO ]:RECV SECS2 Message : SSID(0), B2(6), B3(12), P(0), S(0), SB(12), Length[3]
2023-08-29 15:47:34,664[DEBUG]:<<<S6F12<<<  
<B [1] 00 >
2023-08-29 15:47:34,972[INFO ]:Queued SECS2 Message : S6F11
2023-08-29 15:47:35,018[INFO ]:SENT SECS2 Message : SSID(0), B2(134), B3(11), P(0), S(0), SB(13)
2023-08-29 15:47:35,018[INFO ]:>>>S6F11 W>>>  
<L [3] 
    <U4 [1] 0 >
    <U4 [1] `SubstrateLocationOccupied` 1201 >
    <L [0] >
>
2023-08-29 15:47:35,049[INFO ]:RECV SECS2 Message : SSID(0), B2(6), B3(12), P(0), S(0), SB(13), Length[3]
2023-08-29 15:47:35,049[DEBUG]:<<<S6F12<<<  
<B [1] 00 >
2023-08-29 15:47:36,547[INFO ]:Queued SECS2 Message : S6F11
2023-08-29 15:47:36,548[INFO ]:Queued SECS2 Message : S6F11
2023-08-29 15:47:36,562[INFO ]:Queued SECS2 Message : S6F11
2023-08-29 15:47:36,607[INFO ]:SENT SECS2 Message : SSID(0), B2(134), B3(11), P(0), S(0), SB(14)
2023-08-29 15:47:36,607[INFO ]:>>>S6F11 W>>>  
<L [3] 
    <U4 [1] 0 >
    <U4 [1] `ProcessData` 1401 >
    <L [1] 
        <L [2] 
            <U4 [1] 1401 >
            <L [2] 
                <A [7] `GlassID` "glassid">
                <L [4] `ProcessDataList` 
                    <A [1] "1">
                    <A [1] "1">
                    <A [1] "1">
                    <A [1] "1">
                >
            >
        >
    >
>
2023-08-29 15:47:36,607[INFO ]:SENT SECS2 Message : SSID(0), B2(134), B3(11), P(0), S(0), SB(15)
2023-08-29 15:47:36,607[INFO ]:>>>S6F11 W>>>  
<L [3] 
    <U4 [1] 0 >
    <U4 [1] `SubstrateLocationUnoccupied` 1202 >
    <L [0] >
>
2023-08-29 15:47:36,607[INFO ]:SENT SECS2 Message : SSID(0), B2(134), B3(11), P(0), S(0), SB(16)
2023-08-29 15:47:36,608[INFO ]:>>>S6F11 W>>>  
<L [3] 
    <U4 [1] 0 >
    <U4 [1] `ModuleStart` 1101 >
    <L [0] >
>
2023-08-29 15:47:36,655[INFO ]:RECV SECS2 Message : SSID(0), B2(6), B3(12), P(0), S(0), SB(14), Length[3]
2023-08-29 15:47:36,655[DEBUG]:<<<S6F12<<<  
<B [1] 00 >
2023-08-29 15:47:36,729[INFO ]:RECV SECS2 Message : SSID(0), B2(6), B3(12), P(0), S(0), SB(15), Length[3]
2023-08-29 15:47:36,729[DEBUG]:<<<S6F12<<<  
<B [1] 00 >
2023-08-29 15:47:36,730[INFO ]:RECV SECS2 Message : SSID(0), B2(6), B3(12), P(0), S(0), SB(16), Length[3]
2023-08-29 15:47:36,730[DEBUG]:<<<S6F12<<<  
<B [1] 00 >
2023-08-29 15:47:37,372[INFO ]:Queued SECS2 Message : S6F11
2023-08-29 15:47:37,403[INFO ]:SENT SECS2 Message : SSID(0), B2(134), B3(11), P(0), S(0), SB(17)
2023-08-29 15:47:37,403[INFO ]:>>>S6F11 W>>>  
<L [3] 
    <U4 [1] 0 >
    <U4 [1] `ModuleEnd` 1102 >
    <L [0] >
>
2023-08-29 15:47:37,495[INFO ]:RECV SECS2 Message : SSID(0), B2(6), B3(12), P(0), S(0), SB(17), Length[3]
2023-08-29 15:47:37,495[DEBUG]:<<<S6F12<<<  
<B [1] 00 >
2023-08-29 15:47:37,815[INFO ]:Queued SECS2 Message : S6F11
2023-08-29 15:47:37,830[INFO ]:SENT SECS2 Message : SSID(0), B2(134), B3(11), P(0), S(0), SB(18)
2023-08-29 15:47:37,830[INFO ]:>>>S6F11 W>>>  
<L [3] 
    <U4 [1] 0 >
    <U4 [1] `SubstrateLocationOccupied` 1201 >
    <L [0] >
>
2023-08-29 15:47:37,876[INFO ]:RECV SECS2 Message : SSID(0), B2(6), B3(12), P(0), S(0), SB(18), Length[3]
2023-08-29 15:47:37,876[DEBUG]:<<<S6F12<<<  
<B [1] 00 >
2023-08-29 15:47:38,610[INFO ]:Queued SECS2 Message : S6F11
2023-08-29 15:47:38,624[INFO ]:SENT SECS2 Message : SSID(0), B2(134), B3(11), P(0), S(0), SB(19)
2023-08-29 15:47:38,624[INFO ]:>>>S6F11 W>>>  
<L [3] 
    <U4 [1] 0 >
    <U4 [1] `ModuleEnd` 1102 >
    <L [0] >
>
2023-08-29 15:47:38,642[INFO ]:RECV SECS2 Message : SSID(0), B2(6), B3(12), P(0), S(0), SB(19), Length[3]
2023-08-29 15:47:38,642[DEBUG]:<<<S6F12<<<  
<B [1] 00 >
2023-08-29 15:47:39,021[INFO ]:Queued SECS2 Message : S6F11
2023-08-29 15:47:39,051[INFO ]:SENT SECS2 Message : SSID(0), B2(134), B3(11), P(0), S(0), SB(20)
2023-08-29 15:47:39,051[INFO ]:>>>S6F11 W>>>  
<L [3] 
    <U4 [1] 0 >
    <U4 [1] `ModuleStart` 1101 >
    <L [0] >
>
2023-08-29 15:47:39,097[INFO ]:RECV SECS2 Message : SSID(0), B2(6), B3(12), P(0), S(0), SB(20), Length[3]
2023-08-29 15:47:39,097[DEBUG]:<<<S6F12<<<  
<B [1] 00 >
2023-08-29 15:47:39,464[INFO ]:Queued SECS2 Message : S6F11
2023-08-29 15:47:39,464[INFO ]:Queued SECS2 Message : S6F11
2023-08-29 15:47:39,479[INFO ]:Queued SECS2 Message : S6F11
2023-08-29 15:47:39,485[INFO ]:SENT SECS2 Message : SSID(0), B2(134), B3(11), P(0), S(0), SB(21)
2023-08-29 15:47:39,485[INFO ]:>>>S6F11 W>>>  
<L [3] 
    <U4 [1] 0 >
    <U4 [1] `ProcessData` 1401 >
    <L [1] 
        <L [2] 
            <U4 [1] 1401 >
            <L [2] 
                <A [7] `GlassID` "glassid">
                <L [4] `ProcessDataList` 
                    <A [1] "1">
                    <A [1] "1">
                    <A [1] "1">
                    <A [1] "1">
                >
            >
        >
    >
>
2023-08-29 15:47:39,485[INFO ]:SENT SECS2 Message : SSID(0), B2(134), B3(11), P(0), S(0), SB(22)
2023-08-29 15:47:39,485[INFO ]:>>>S6F11 W>>>  
<L [3] 
    <U4 [1] 0 >
    <U4 [1] `SubstrateLocationUnoccupied` 1202 >
    <L [0] >
>
2023-08-29 15:47:39,485[INFO ]:SENT SECS2 Message : SSID(0), B2(134), B3(11), P(0), S(0), SB(23)
2023-08-29 15:47:39,485[INFO ]:>>>S6F11 W>>>  
<L [3] 
    <U4 [1] 0 >
    <U4 [1] `ModuleStart` 1101 >
    <L [0] >
>
2023-08-29 15:47:39,553[INFO ]:RECV SECS2 Message : SSID(0), B2(6), B3(12), P(0), S(0), SB(21), Length[3]
2023-08-29 15:47:39,553[DEBUG]:<<<S6F12<<<  
<B [1] 00 >
2023-08-29 15:47:39,561[INFO ]:RECV SECS2 Message : SSID(0), B2(6), B3(12), P(0), S(0), SB(22), Length[3]
2023-08-29 15:47:39,561[DEBUG]:<<<S6F12<<<  
<B [1] 00 >
2023-08-29 15:47:39,630[INFO ]:RECV SECS2 Message : SSID(0), B2(6), B3(12), P(0), S(0), SB(23), Length[3]
2023-08-29 15:47:39,630[DEBUG]:<<<S6F12<<<  
<B [1] 00 >
2023-08-29 15:47:40,321[INFO ]:Queued SECS2 Message : S6F11
2023-08-29 15:47:40,337[INFO ]:SENT SECS2 Message : SSID(0), B2(134), B3(11), P(0), S(0), SB(24)
2023-08-29 15:47:40,337[INFO ]:>>>S6F11 W>>>  
<L [3] 
    <U4 [1] 0 >
    <U4 [1] `ModuleEnd` 1102 >
    <L [0] >
>
2023-08-29 15:47:40,397[INFO ]:RECV SECS2 Message : SSID(0), B2(6), B3(12), P(0), S(0), SB(24), Length[3]
2023-08-29 15:47:40,397[DEBUG]:<<<S6F12<<<  
<B [1] 00 >
2023-08-29 15:47:40,777[INFO ]:Queued SECS2 Message : S6F11
2023-08-29 15:47:40,823[INFO ]:SENT SECS2 Message : SSID(0), B2(134), B3(11), P(0), S(0), SB(25)
2023-08-29 15:47:40,823[INFO ]:>>>S6F11 W>>>  
<L [3] 
    <U4 [1] 0 >
    <U4 [1] `ModuleStart` 1101 >
    <L [0] >
>
2023-08-29 15:47:40,854[INFO ]:RECV SECS2 Message : SSID(0), B2(6), B3(12), P(0), S(0), SB(25), Length[3]
2023-08-29 15:47:40,854[DEBUG]:<<<S6F12<<<  
<B [1] 00 >
2023-08-29 15:47:41,221[INFO ]:Queued SECS2 Message : S6F11
2023-08-29 15:47:41,252[INFO ]:SENT SECS2 Message : SSID(0), B2(134), B3(11), P(0), S(0), SB(26)
2023-08-29 15:47:41,252[INFO ]:>>>S6F11 W>>>  
<L [3] 
    <U4 [1] 0 >
    <U4 [1] `SubstrateLocationOccupied` 1201 >
    <L [0] >
>
2023-08-29 15:47:41,313[INFO ]:RECV SECS2 Message : SSID(0), B2(6), B3(12), P(0), S(0), SB(26), Length[3]
2023-08-29 15:47:41,313[DEBUG]:<<<S6F12<<<  
<B [1] 00 >
2023-08-29 15:47:42,432[INFO ]:Queued SECS2 Message : S6F11
2023-08-29 15:47:42,477[INFO ]:SENT SECS2 Message : SSID(0), B2(134), B3(11), P(0), S(0), SB(27)
2023-08-29 15:47:42,477[INFO ]:>>>S6F11 W>>>  
<L [3] 
    <U4 [1] 0 >
    <U4 [1] `ModuleStart` 1101 >
    <L [0] >
>
2023-08-29 15:47:42,539[INFO ]:RECV SECS2 Message : SSID(0), B2(6), B3(12), P(0), S(0), SB(27), Length[3]
2023-08-29 15:47:42,539[DEBUG]:<<<S6F12<<<  
<B [1] 00 >
2023-08-29 15:47:43,256[INFO ]:Queued SECS2 Message : S6F11
2023-08-29 15:47:43,256[INFO ]:Queued SECS2 Message : S6F11
2023-08-29 15:47:43,271[INFO ]:SENT SECS2 Message : SSID(0), B2(134), B3(11), P(0), S(0), SB(28)
2023-08-29 15:47:43,271[INFO ]:>>>S6F11 W>>>  
<L [3] 
    <U4 [1] 0 >
    <U4 [1] `ProcessData` 1401 >
    <L [1] 
        <L [2] 
            <U4 [1] 1401 >
            <L [2] 
                <A [7] `GlassID` "glassid">
                <L [4] `ProcessDataList` 
                    <A [1] "1">
                    <A [1] "1">
                    <A [1] "1">
                    <A [1] "1">
                >
            >
        >
    >
>
2023-08-29 15:47:43,271[INFO ]:Queued SECS2 Message : S6F11
2023-08-29 15:47:43,271[INFO ]:SENT SECS2 Message : SSID(0), B2(134), B3(11), P(0), S(0), SB(29)
2023-08-29 15:47:43,271[INFO ]:>>>S6F11 W>>>  
<L [3] 
    <U4 [1] 0 >
    <U4 [1] `SubstrateLocationUnoccupied` 1202 >
    <L [0] >
>
2023-08-29 15:47:43,271[INFO ]:SENT SECS2 Message : SSID(0), B2(134), B3(11), P(0), S(0), SB(30)
2023-08-29 15:47:43,271[INFO ]:>>>S6F11 W>>>  
<L [3] 
    <U4 [1] 0 >
    <U4 [1] `ModuleStart` 1101 >
    <L [0] >
>
2023-08-29 15:47:43,311[INFO ]:RECV SECS2 Message : SSID(0), B2(6), B3(12), P(0), S(0), SB(28), Length[3]
2023-08-29 15:47:43,311[DEBUG]:<<<S6F12<<<  
<B [1] 00 >
2023-08-29 15:47:43,377[INFO ]:RECV SECS2 Message : SSID(0), B2(6), B3(12), P(0), S(0), SB(29), Length[3]
2023-08-29 15:47:43,377[DEBUG]:<<<S6F12<<<  
<B [1] 00 >
2023-08-29 15:47:43,377[INFO ]:RECV SECS2 Message : SSID(0), B2(6), B3(12), P(0), S(0), SB(30), Length[3]
2023-08-29 15:47:43,377[DEBUG]:<<<S6F12<<<  
<B [1] 00 >
2023-08-29 15:47:43,680[INFO ]:Queued SECS2 Message : S6F11
2023-08-29 15:47:43,695[INFO ]:SENT SECS2 Message : SSID(0), B2(134), B3(11), P(0), S(0), SB(31)
2023-08-29 15:47:43,695[INFO ]:>>>S6F11 W>>>  
<L [3] 
    <U4 [1] 0 >
    <U4 [1] `SubstrateLocationOccupied` 1201 >
    <L [0] >
>
2023-08-29 15:47:43,757[INFO ]:RECV SECS2 Message : SSID(0), B2(6), B3(12), P(0), S(0), SB(31), Length[3]
2023-08-29 15:47:43,757[DEBUG]:<<<S6F12<<<  
<B [1] 00 >
2023-08-29 15:47:44,123[INFO ]:Queued SECS2 Message : S6F11
2023-08-29 15:47:44,182[INFO ]:SENT SECS2 Message : SSID(0), B2(134), B3(11), P(0), S(0), SB(32)
2023-08-29 15:47:44,182[INFO ]:>>>S6F11 W>>>  
<L [3] 
    <U4 [1] 0 >
    <U4 [1] `ModuleEnd` 1102 >
    <L [0] >
>
2023-08-29 15:47:44,213[INFO ]:RECV SECS2 Message : SSID(0), B2(6), B3(12), P(0), S(0), SB(32), Length[3]
2023-08-29 15:47:44,213[DEBUG]:<<<S6F12<<<  
<B [1] 00 >
2023-08-29 15:47:44,564[INFO ]:Queued SECS2 Message : S6F11
2023-08-29 15:47:44,609[INFO ]:SENT SECS2 Message : SSID(0), B2(134), B3(11), P(0), S(0), SB(33)
2023-08-29 15:47:44,609[INFO ]:>>>S6F11 W>>>  
<L [3] 
    <U4 [1] 0 >
    <U4 [1] `SubstrateLocationOccupied` 1201 >
    <L [0] >
>
2023-08-29 15:47:44,670[INFO ]:RECV SECS2 Message : SSID(0), B2(6), B3(12), P(0), S(0), SB(33), Length[3]
2023-08-29 15:47:44,670[DEBUG]:<<<S6F12<<<  
<B [1] 00 >
2023-08-29 15:47:45,831[INFO ]:Queued SECS2 Message : S6F11
2023-08-29 15:47:45,891[INFO ]:SENT SECS2 Message : SSID(0), B2(134), B3(11), P(0), S(0), SB(34)
2023-08-29 15:47:45,891[INFO ]:>>>S6F11 W>>>  
<L [3] 
    <U4 [1] 0 >
    <U4 [1] `ModuleEnd` 1102 >
    <L [0] >
>
2023-08-29 15:47:45,967[INFO ]:RECV SECS2 Message : SSID(0), B2(6), B3(12), P(0), S(0), SB(34), Length[3]
2023-08-29 15:47:45,967[DEBUG]:<<<S6F12<<<  
<B [1] 00 >
2023-08-29 15:47:46,258[INFO ]:Queued SECS2 Message : S6F11
2023-08-29 15:47:46,273[INFO ]:Queued SECS2 Message : S6F11
2023-08-29 15:47:46,274[INFO ]:Queued SECS2 Message : S6F11
2023-08-29 15:47:46,289[INFO ]:Queued SECS2 Message : S6F11
2023-08-29 15:47:46,319[INFO ]:SENT SECS2 Message : SSID(0), B2(134), B3(11), P(0), S(0), SB(35)
2023-08-29 15:47:46,319[INFO ]:>>>S6F11 W>>>  
<L [3] 
    <U4 [1] 0 >
    <U4 [1] `SubstrateLocationOccupied` 1201 >
    <L [0] >
>
2023-08-29 15:47:46,319[INFO ]:SENT SECS2 Message : SSID(0), B2(134), B3(11), P(0), S(0), SB(36)
2023-08-29 15:47:46,319[INFO ]:>>>S6F11 W>>>  
<L [3] 
    <U4 [1] 0 >
    <U4 [1] `ProcessData` 1401 >
    <L [1] 
        <L [2] 
            <U4 [1] 1401 >
            <L [2] 
                <A [7] `GlassID` "glassid">
                <L [4] `ProcessDataList` 
                    <A [1] "1">
                    <A [1] "1">
                    <A [1] "1">
                    <A [1] "1">
                >
            >
        >
    >
>
2023-08-29 15:47:46,320[INFO ]:SENT SECS2 Message : SSID(0), B2(134), B3(11), P(0), S(0), SB(37)
2023-08-29 15:47:46,320[INFO ]:>>>S6F11 W>>>  
<L [3] 
    <U4 [1] 0 >
    <U4 [1] `SubstrateLocationUnoccupied` 1202 >
    <L [0] >
>
2023-08-29 15:47:46,320[INFO ]:SENT SECS2 Message : SSID(0), B2(134), B3(11), P(0), S(0), SB(38)
2023-08-29 15:47:46,320[INFO ]:>>>S6F11 W>>>  
<L [3] 
    <U4 [1] 0 >
    <U4 [1] `ModuleStart` 1101 >
    <L [0] >
>
2023-08-29 15:47:46,350[INFO ]:RECV SECS2 Message : SSID(0), B2(6), B3(12), P(0), S(0), SB(35), Length[3]
2023-08-29 15:47:46,350[DEBUG]:<<<S6F12<<<  
<B [1] 00 >
2023-08-29 15:47:46,426[INFO ]:RECV SECS2 Message : SSID(0), B2(6), B3(12), P(0), S(0), SB(36), Length[3]
2023-08-29 15:47:46,426[DEBUG]:<<<S6F12<<<  
<B [1] 00 >
2023-08-29 15:47:46,427[INFO ]:RECV SECS2 Message : SSID(0), B2(6), B3(12), P(0), S(0), SB(37), Length[3]
2023-08-29 15:47:46,427[DEBUG]:<<<S6F12<<<  
<B [1] 00 >
2023-08-29 15:47:46,501[INFO ]:RECV SECS2 Message : SSID(0), B2(6), B3(12), P(0), S(0), SB(38), Length[3]
2023-08-29 15:47:46,501[DEBUG]:<<<S6F12<<<  
<B [1] 00 >
2023-08-29 15:47:47,187[INFO ]:Queued SECS2 Message : S6F11
2023-08-29 15:47:47,232[INFO ]:SENT SECS2 Message : SSID(0), B2(134), B3(11), P(0), S(0), SB(39)
2023-08-29 15:47:47,232[INFO ]:>>>S6F11 W>>>  
<L [3] 
    <U4 [1] 0 >
    <U4 [1] `ModuleEnd` 1102 >
    <L [0] >
>
2023-08-29 15:47:47,264[INFO ]:RECV SECS2 Message : SSID(0), B2(6), B3(12), P(0), S(0), SB(39), Length[3]
2023-08-29 15:47:47,264[DEBUG]:<<<S6F12<<<  
<B [1] 00 >
2023-08-29 15:47:47,631[INFO ]:Queued SECS2 Message : S6F11
2023-08-29 15:47:47,662[INFO ]:SENT SECS2 Message : SSID(0), B2(134), B3(11), P(0), S(0), SB(40)
2023-08-29 15:47:47,662[INFO ]:>>>S6F11 W>>>  
<L [3] 
    <U4 [1] 0 >
    <U4 [1] `SubstrateLocationOccupied` 1201 >
    <L [0] >
>
2023-08-29 15:47:47,722[INFO ]:RECV SECS2 Message : SSID(0), B2(6), B3(12), P(0), S(0), SB(40), Length[3]
2023-08-29 15:47:47,722[DEBUG]:<<<S6F12<<<  
<B [1] 00 >
2023-08-29 15:47:49,221[INFO ]:Queued SECS2 Message : S6F11
2023-08-29 15:47:49,222[INFO ]:Queued SECS2 Message : S6F11
2023-08-29 15:47:49,236[INFO ]:Queued SECS2 Message : S6F11
2023-08-29 15:47:49,252[INFO ]:SENT SECS2 Message : SSID(0), B2(134), B3(11), P(0), S(0), SB(41)
2023-08-29 15:47:49,252[INFO ]:>>>S6F11 W>>>  
<L [3] 
    <U4 [1] 0 >
    <U4 [1] `ProcessData` 1401 >
    <L [1] 
        <L [2] 
            <U4 [1] 1401 >
            <L [2] 
                <A [7] `GlassID` "glassid">
                <L [4] `ProcessDataList` 
                    <A [1] "1">
                    <A [1] "1">
                    <A [1] "1">
                    <A [1] "1">
                >
            >
        >
    >
>
2023-08-29 15:47:49,252[INFO ]:SENT SECS2 Message : SSID(0), B2(134), B3(11), P(0), S(0), SB(42)
2023-08-29 15:47:49,252[INFO ]:>>>S6F11 W>>>  
<L [3] 
    <U4 [1] 0 >
    <U4 [1] `SubstrateLocationUnoccupied` 1202 >
    <L [0] >
>
2023-08-29 15:47:49,252[INFO ]:SENT SECS2 Message : SSID(0), B2(134), B3(11), P(0), S(0), SB(43)
2023-08-29 15:47:49,252[INFO ]:>>>S6F11 W>>>  
<L [3] 
    <U4 [1] 0 >
    <U4 [1] `ModuleStart` 1101 >
    <L [0] >
>
2023-08-29 15:47:49,327[INFO ]:RECV SECS2 Message : SSID(0), B2(6), B3(12), P(0), S(0), SB(41), Length[3]
2023-08-29 15:47:49,327[DEBUG]:<<<S6F12<<<  
<B [1] 00 >
2023-08-29 15:47:49,328[INFO ]:RECV SECS2 Message : SSID(0), B2(6), B3(12), P(0), S(0), SB(42), Length[3]
2023-08-29 15:47:49,328[DEBUG]:<<<S6F12<<<  
<B [1] 00 >
2023-08-29 15:47:49,403[INFO ]:RECV SECS2 Message : SSID(0), B2(6), B3(12), P(0), S(0), SB(43), Length[3]
2023-08-29 15:47:49,403[DEBUG]:<<<S6F12<<<  
<B [1] 00 >
2023-08-29 15:47:50,046[INFO ]:Queued SECS2 Message : S6F11
2023-08-29 15:47:50,107[INFO ]:SENT SECS2 Message : SSID(0), B2(134), B3(11), P(0), S(0), SB(44)
2023-08-29 15:47:50,107[INFO ]:>>>S6F11 W>>>  
<L [3] 
    <U4 [1] 0 >
    <U4 [1] `ModuleEnd` 1102 >
    <L [0] >
>
2023-08-29 15:47:50,168[INFO ]:RECV SECS2 Message : SSID(0), B2(6), B3(12), P(0), S(0), SB(44), Length[3]
2023-08-29 15:47:50,168[DEBUG]:<<<S6F12<<<  
<B [1] 00 >
2023-08-29 15:47:50,492[INFO ]:Queued SECS2 Message : S6F11
2023-08-29 15:47:50,537[INFO ]:SENT SECS2 Message : SSID(0), B2(134), B3(11), P(0), S(0), SB(45)
2023-08-29 15:47:50,537[INFO ]:>>>S6F11 W>>>  
<L [3] 
    <U4 [1] 0 >
    <U4 [1] `SubstrateLocationOccupied` 1201 >
    <L [0] >
>
2023-08-29 15:47:50,553[INFO ]:RECV SECS2 Message : SSID(0), B2(6), B3(12), P(0), S(0), SB(45), Length[3]
2023-08-29 15:47:50,553[DEBUG]:<<<S6F12<<<  
<B [1] 00 >
2023-08-29 15:47:52,086[INFO ]:Queued SECS2 Message : S6F11
2023-08-29 15:47:52,086[INFO ]:Queued SECS2 Message : S6F11
2023-08-29 15:47:52,101[INFO ]:Queued SECS2 Message : S6F11
2023-08-29 15:47:52,131[INFO ]:SENT SECS2 Message : SSID(0), B2(134), B3(11), P(0), S(0), SB(46)
2023-08-29 15:47:52,131[INFO ]:>>>S6F11 W>>>  
<L [3] 
    <U4 [1] 0 >
    <U4 [1] `ProcessData` 1401 >
    <L [1] 
        <L [2] 
            <U4 [1] 1401 >
            <L [2] 
                <A [7] `GlassID` "glassid">
                <L [3] `ProcessDataList` 
                    <A [1] "1">
                    <A [1] "1">
                    <A [1] "1">
                >
            >
        >
    >
>
2023-08-29 15:47:52,132[INFO ]:SENT SECS2 Message : SSID(0), B2(134), B3(11), P(0), S(0), SB(47)
2023-08-29 15:47:52,132[INFO ]:>>>S6F11 W>>>  
<L [3] 
    <U4 [1] 0 >
    <U4 [1] `SubstrateLocationUnoccupied` 1202 >
    <L [0] >
>
2023-08-29 15:47:52,132[INFO ]:SENT SECS2 Message : SSID(0), B2(134), B3(11), P(0), S(0), SB(48)
2023-08-29 15:47:52,132[INFO ]:>>>S6F11 W>>>  
<L [3] 
    <U4 [1] 0 >
    <U4 [1] `ModuleStart` 1101 >
    <L [0] >
>
2023-08-29 15:47:52,169[INFO ]:RECV SECS2 Message : SSID(0), B2(6), B3(12), P(0), S(0), SB(46), Length[3]
2023-08-29 15:47:52,169[DEBUG]:<<<S6F12<<<  
<B [1] 00 >
2023-08-29 15:47:52,237[INFO ]:RECV SECS2 Message : SSID(0), B2(6), B3(12), P(0), S(0), SB(47), Length[3]
2023-08-29 15:47:52,237[DEBUG]:<<<S6F12<<<  
<B [1] 00 >
2023-08-29 15:47:52,238[INFO ]:RECV SECS2 Message : SSID(0), B2(6), B3(12), P(0), S(0), SB(48), Length[3]
2023-08-29 15:47:52,238[DEBUG]:<<<S6F12<<<  
<B [1] 00 >
2023-08-29 15:47:52,912[INFO ]:Queued SECS2 Message : S6F11
2023-08-29 15:47:52,927[INFO ]:SENT SECS2 Message : SSID(0), B2(134), B3(11), P(0), S(0), SB(49)
2023-08-29 15:47:52,927[INFO ]:>>>S6F11 W>>>  
<L [3] 
    <U4 [1] 0 >
    <U4 [1] `ModuleEnd` 1102 >
    <L [0] >
>
2023-08-29 15:47:53,004[INFO ]:RECV SECS2 Message : SSID(0), B2(6), B3(12), P(0), S(0), SB(49), Length[3]
2023-08-29 15:47:53,004[DEBUG]:<<<S6F12<<<  
<B [1] 00 >
2023-08-29 15:47:53,357[INFO ]:Queued SECS2 Message : S6F11
2023-08-29 15:47:53,418[INFO ]:SENT SECS2 Message : SSID(0), B2(134), B3(11), P(0), S(0), SB(50)
2023-08-29 15:47:53,418[INFO ]:>>>S6F11 W>>>  
<L [3] 
    <U4 [1] 0 >
    <U4 [1] `SubstrateLocationOccupied` 1201 >
    <L [0] >
>
2023-08-29 15:47:53,464[INFO ]:RECV SECS2 Message : SSID(0), B2(6), B3(12), P(0), S(0), SB(50), Length[3]
2023-08-29 15:47:53,464[DEBUG]:<<<S6F12<<<  
<B [1] 00 >
2023-08-29 15:47:54,948[INFO ]:Queued SECS2 Message : S6F11
2023-08-29 15:47:54,963[INFO ]:Queued SECS2 Message : S6F11
2023-08-29 15:47:55,009[INFO ]:SENT SECS2 Message : SSID(0), B2(134), B3(11), P(0), S(0), SB(51)
2023-08-29 15:47:55,009[INFO ]:>>>S6F11 W>>>  
<L [3] 
    <U4 [1] 0 >
    <U4 [1] `SubstrateLocationUnoccupied` 1202 >
    <L [0] >
>
2023-08-29 15:47:55,009[INFO ]:SENT SECS2 Message : SSID(0), B2(134), B3(11), P(0), S(0), SB(52)
2023-08-29 15:47:55,009[INFO ]:>>>S6F11 W>>>  
<L [3] 
    <U4 [1] 0 >
    <U4 [1] `ModuleStart` 1101 >
    <L [0] >
>
2023-08-29 15:47:55,070[INFO ]:RECV SECS2 Message : SSID(0), B2(6), B3(12), P(0), S(0), SB(51), Length[3]
2023-08-29 15:47:55,070[DEBUG]:<<<S6F12<<<  
<B [1] 00 >
2023-08-29 15:47:55,071[INFO ]:RECV SECS2 Message : SSID(0), B2(6), B3(12), P(0), S(0), SB(52), Length[3]
2023-08-29 15:47:55,071[DEBUG]:<<<S6F12<<<  
<B [1] 00 >
2023-08-29 15:47:55,776[INFO ]:Queued SECS2 Message : S6F11
2023-08-29 15:47:55,807[INFO ]:SENT SECS2 Message : SSID(0), B2(134), B3(11), P(0), S(0), SB(53)
2023-08-29 15:47:55,807[INFO ]:>>>S6F11 W>>>  
<L [3] 
    <U4 [1] 0 >
    <U4 [1] `ModuleEnd` 1102 >
    <L [0] >
>
2023-08-29 15:47:55,838[INFO ]:RECV SECS2 Message : SSID(0), B2(6), B3(12), P(0), S(0), SB(53), Length[3]
2023-08-29 15:47:55,838[DEBUG]:<<<S6F12<<<  
<B [1] 00 >
2023-08-29 15:47:56,221[INFO ]:Queued SECS2 Message : S6F11
2023-08-29 15:47:56,236[INFO ]:SENT SECS2 Message : SSID(0), B2(134), B3(11), P(0), S(0), SB(54)
2023-08-29 15:47:56,236[INFO ]:>>>S6F11 W>>>  
<L [3] 
    <U4 [1] 0 >
    <U4 [1] `SubstrateLocationOccupied` 1201 >
    <L [0] >
>
2023-08-29 15:47:56,297[INFO ]:RECV SECS2 Message : SSID(0), B2(6), B3(12), P(0), S(0), SB(54), Length[3]
2023-08-29 15:47:56,297[DEBUG]:<<<S6F12<<<  
<B [1] 00 >
2023-08-29 15:47:57,814[INFO ]:Queued SECS2 Message : S6F11
2023-08-29 15:47:57,830[INFO ]:SENT SECS2 Message : SSID(0), B2(134), B3(11), P(0), S(0), SB(55)
2023-08-29 15:47:57,830[INFO ]:>>>S6F11 W>>>  
<L [3] 
    <U4 [1] 0 >
    <U4 [1] `SubstrateLocationUnoccupied` 1202 >
    <L [0] >
>
2023-08-29 15:47:57,830[INFO ]:Queued SECS2 Message : S6F11
2023-08-29 15:47:57,830[INFO ]:SENT SECS2 Message : SSID(0), B2(134), B3(11), P(0), S(0), SB(56)
2023-08-29 15:47:57,830[INFO ]:>>>S6F11 W>>>  
<L [3] 
    <U4 [1] 0 >
    <U4 [1] `ModuleStart` 1101 >
    <L [0] >
>
2023-08-29 15:47:57,905[INFO ]:RECV SECS2 Message : SSID(0), B2(6), B3(12), P(0), S(0), SB(55), Length[3]
2023-08-29 15:47:57,905[DEBUG]:<<<S6F12<<<  
<B [1] 00 >
2023-08-29 15:47:57,906[INFO ]:RECV SECS2 Message : SSID(0), B2(6), B3(12), P(0), S(0), SB(56), Length[3]
2023-08-29 15:47:57,906[DEBUG]:<<<S6F12<<<  
<B [1] 00 >
2023-08-29 15:47:58,640[INFO ]:Queued SECS2 Message : S6F11
2023-08-29 15:47:58,685[INFO ]:SENT SECS2 Message : SSID(0), B2(134), B3(11), P(0), S(0), SB(57)
2023-08-29 15:47:58,685[INFO ]:>>>S6F11 W>>>  
<L [3] 
    <U4 [1] 0 >
    <U4 [1] `ModuleEnd` 1102 >
    <L [0] >
>
2023-08-29 15:47:58,746[INFO ]:RECV SECS2 Message : SSID(0), B2(6), B3(12), P(0), S(0), SB(57), Length[3]
2023-08-29 15:47:58,746[DEBUG]:<<<S6F12<<<  
<B [1] 00 >
2023-08-29 15:47:59,082[INFO ]:Queued SECS2 Message : S6F11
2023-08-29 15:47:59,112[INFO ]:SENT SECS2 Message : SSID(0), B2(134), B3(11), P(0), S(0), SB(58)
2023-08-29 15:47:59,112[INFO ]:>>>S6F11 W>>>  
<L [3] 
    <U4 [1] 0 >
    <U4 [1] `SubstrateLocationOccupied` 1201 >
    <L [0] >
>
2023-08-29 15:47:59,132[INFO ]:RECV SECS2 Message : SSID(0), B2(6), B3(12), P(0), S(0), SB(58), Length[3]
2023-08-29 15:47:59,133[DEBUG]:<<<S6F12<<<  
<B [1] 00 >
2023-08-29 15:48:00,663[INFO ]:Queued SECS2 Message : S6F11
2023-08-29 15:48:00,677[INFO ]:Queued SECS2 Message : S6F11
2023-08-29 15:48:00,693[INFO ]:SENT SECS2 Message : SSID(0), B2(134), B3(11), P(0), S(0), SB(59)
2023-08-29 15:48:00,693[INFO ]:>>>S6F11 W>>>  
<L [3] 
    <U4 [1] 0 >
    <U4 [1] `SubstrateLocationUnoccupied` 1202 >
    <L [0] >
>
2023-08-29 15:48:00,693[INFO ]:SENT SECS2 Message : SSID(0), B2(134), B3(11), P(0), S(0), SB(60)
2023-08-29 15:48:00,693[INFO ]:>>>S6F11 W>>>  
<L [3] 
    <U4 [1] 0 >
    <U4 [1] `ModuleStart` 1101 >
    <L [0] >
>
2023-08-29 15:48:00,724[INFO ]:RECV SECS2 Message : SSID(0), B2(6), B3(12), P(0), S(0), SB(59), Length[3]
2023-08-29 15:48:00,724[DEBUG]:<<<S6F12<<<  
<B [1] 00 >
2023-08-29 15:48:00,800[INFO ]:RECV SECS2 Message : SSID(0), B2(6), B3(12), P(0), S(0), SB(60), Length[3]
2023-08-29 15:48:00,800[DEBUG]:<<<S6F12<<<  
<B [1] 00 >
2023-08-29 15:48:01,489[INFO ]:Queued SECS2 Message : S6F11
2023-08-29 15:48:01,550[INFO ]:SENT SECS2 Message : SSID(0), B2(134), B3(11), P(0), S(0), SB(61)
2023-08-29 15:48:01,550[INFO ]:>>>S6F11 W>>>  
<L [3] 
    <U4 [1] 0 >
    <U4 [1] `ModuleEnd` 1102 >
    <L [0] >
>
2023-08-29 15:48:01,574[INFO ]:RECV SECS2 Message : SSID(0), B2(6), B3(12), P(0), S(0), SB(61), Length[3]
2023-08-29 15:48:01,574[DEBUG]:<<<S6F12<<<  
<B [1] 00 >
2023-08-29 15:48:01,936[INFO ]:Queued SECS2 Message : S6F11
2023-08-29 15:48:01,981[INFO ]:SENT SECS2 Message : SSID(0), B2(134), B3(11), P(0), S(0), SB(62)
2023-08-29 15:48:01,981[INFO ]:>>>S6F11 W>>>  
<L [3] 
    <U4 [1] 0 >
    <U4 [1] `SubstrateLocationOccupied` 1201 >
    <L [0] >
>
2023-08-29 15:48:02,027[INFO ]:RECV SECS2 Message : SSID(0), B2(6), B3(12), P(0), S(0), SB(62), Length[3]
2023-08-29 15:48:02,027[DEBUG]:<<<S6F12<<<  
<B [1] 00 >
2023-08-29 15:48:03,523[INFO ]:Queued SECS2 Message : S6F11
2023-08-29 15:48:03,538[INFO ]:Queued SECS2 Message : S6F11
2023-08-29 15:48:03,569[INFO ]:SENT SECS2 Message : SSID(0), B2(134), B3(11), P(0), S(0), SB(63)
2023-08-29 15:48:03,569[INFO ]:>>>S6F11 W>>>  
<L [3] 
    <U4 [1] 0 >
    <U4 [1] `SubstrateLocationUnoccupied` 1202 >
    <L [0] >
>
2023-08-29 15:48:03,569[INFO ]:SENT SECS2 Message : SSID(0), B2(134), B3(11), P(0), S(0), SB(64)
2023-08-29 15:48:03,569[INFO ]:>>>S6F11 W>>>  
<L [3] 
    <U4 [1] 0 >
    <U4 [1] `ModuleStart` 1101 >
    <L [0] >
>
2023-08-29 15:48:03,630[INFO ]:RECV SECS2 Message : SSID(0), B2(6), B3(12), P(0), S(0), SB(63), Length[3]
2023-08-29 15:48:03,630[DEBUG]:<<<S6F12<<<  
<B [1] 00 >
2023-08-29 15:48:03,631[INFO ]:RECV SECS2 Message : SSID(0), B2(6), B3(12), P(0), S(0), SB(64), Length[3]
2023-08-29 15:48:03,631[DEBUG]:<<<S6F12<<<  
<B [1] 00 >
2023-08-29 15:48:04,346[INFO ]:Queued SECS2 Message : S6F11
2023-08-29 15:48:04,361[INFO ]:SENT SECS2 Message : SSID(0), B2(134), B3(11), P(0), S(0), SB(65)
2023-08-29 15:48:04,361[INFO ]:>>>S6F11 W>>>  
<L [3] 
    <U4 [1] 0 >
    <U4 [1] `ModuleEnd` 1102 >
    <L [0] >
>
2023-08-29 15:48:04,392[INFO ]:RECV SECS2 Message : SSID(0), B2(6), B3(12), P(0), S(0), SB(65), Length[3]
2023-08-29 15:48:04,392[DEBUG]:<<<S6F12<<<  
<B [1] 00 >
2023-08-29 15:48:04,789[INFO ]:Queued SECS2 Message : S6F11
2023-08-29 15:48:04,850[INFO ]:SENT SECS2 Message : SSID(0), B2(134), B3(11), P(0), S(0), SB(66)
2023-08-29 15:48:04,850[INFO ]:>>>S6F11 W>>>  
<L [3] 
    <U4 [1] 0 >
    <U4 [1] `SubstrateLocationOccupied` 1201 >
    <L [0] >
>
2023-08-29 15:48:04,927[INFO ]:RECV SECS2 Message : SSID(0), B2(6), B3(12), P(0), S(0), SB(66), Length[3]
2023-08-29 15:48:04,927[DEBUG]:<<<S6F12<<<  
<B [1] 00 >
2023-08-29 15:48:06,381[INFO ]:Queued SECS2 Message : S6F11
2023-08-29 15:48:06,396[INFO ]:Queued SECS2 Message : S6F11
2023-08-29 15:48:06,441[INFO ]:SENT SECS2 Message : SSID(0), B2(134), B3(11), P(0), S(0), SB(67)
2023-08-29 15:48:06,441[INFO ]:>>>S6F11 W>>>  
<L [3] 
    <U4 [1] 0 >
    <U4 [1] `SubstrateLocationUnoccupied` 1202 >
    <L [0] >
>
2023-08-29 15:48:06,441[INFO ]:SENT SECS2 Message : SSID(0), B2(134), B3(11), P(0), S(0), SB(68)
2023-08-29 15:48:06,441[INFO ]:>>>S6F11 W>>>  
<L [3] 
    <U4 [1] 0 >
    <U4 [1] `ModuleStart` 1101 >
    <L [0] >
>
2023-08-29 15:48:06,465[INFO ]:RECV SECS2 Message : SSID(0), B2(6), B3(12), P(0), S(0), SB(67), Length[3]
2023-08-29 15:48:06,465[DEBUG]:<<<S6F12<<<  
<B [1] 00 >
2023-08-29 15:48:06,533[INFO ]:RECV SECS2 Message : SSID(0), B2(6), B3(12), P(0), S(0), SB(68), Length[3]
2023-08-29 15:48:06,533[DEBUG]:<<<S6F12<<<  
<B [1] 00 >
2023-08-29 15:48:07,206[INFO ]:Queued SECS2 Message : S6F11
2023-08-29 15:48:07,237[INFO ]:SENT SECS2 Message : SSID(0), B2(134), B3(11), P(0), S(0), SB(69)
2023-08-29 15:48:07,237[INFO ]:>>>S6F11 W>>>  
<L [3] 
    <U4 [1] 0 >
    <U4 [1] `ModuleEnd` 1102 >
    <L [0] >
>
2023-08-29 15:48:07,298[INFO ]:RECV SECS2 Message : SSID(0), B2(6), B3(12), P(0), S(0), SB(69), Length[3]
2023-08-29 15:48:07,298[DEBUG]:<<<S6F12<<<  
<B [1] 00 >
2023-08-29 15:48:07,649[INFO ]:Queued SECS2 Message : S6F11
2023-08-29 15:48:07,664[INFO ]:SENT SECS2 Message : SSID(0), B2(134), B3(11), P(0), S(0), SB(70)
2023-08-29 15:48:07,664[INFO ]:>>>S6F11 W>>>  
<L [3] 
    <U4 [1] 0 >
    <U4 [1] `SubstrateLocationOccupied` 1201 >
    <L [0] >
>
2023-08-29 15:48:07,687[INFO ]:RECV SECS2 Message : SSID(0), B2(6), B3(12), P(0), S(0), SB(70), Length[3]
2023-08-29 15:48:07,687[DEBUG]:<<<S6F12<<<  
<B [1] 00 >
2023-08-29 15:48:09,234[INFO ]:Queued SECS2 Message : S6F11
2023-08-29 15:48:09,249[INFO ]:Queued SECS2 Message : S6F11
2023-08-29 15:48:09,249[INFO ]:SENT SECS2 Message : SSID(0), B2(134), B3(11), P(0), S(0), SB(71)
2023-08-29 15:48:09,249[INFO ]:>>>S6F11 W>>>  
<L [3] 
    <U4 [1] 0 >
    <U4 [1] `SubstrateLocationUnoccupied` 1202 >
    <L [0] >
>
2023-08-29 15:48:09,250[INFO ]:SENT SECS2 Message : SSID(0), B2(134), B3(11), P(0), S(0), SB(72)
2023-08-29 15:48:09,250[INFO ]:>>>S6F11 W>>>  
<L [3] 
    <U4 [1] 0 >
    <U4 [1] `ModuleStart` 1101 >
    <L [0] >
>
2023-08-29 15:48:09,279[INFO ]:RECV SECS2 Message : SSID(0), B2(6), B3(12), P(0), S(0), SB(71), Length[3]
2023-08-29 15:48:09,279[DEBUG]:<<<S6F12<<<  
<B [1] 00 >
2023-08-29 15:48:09,289[INFO ]:RECV SECS2 Message : SSID(0), B2(6), B3(12), P(0), S(0), SB(72), Length[3]
2023-08-29 15:48:09,289[DEBUG]:<<<S6F12<<<  
<B [1] 00 >
2023-08-29 15:48:10,063[INFO ]:Queued SECS2 Message : S6F11
2023-08-29 15:48:10,108[INFO ]:SENT SECS2 Message : SSID(0), B2(134), B3(11), P(0), S(0), SB(73)
2023-08-29 15:48:10,108[INFO ]:>>>S6F11 W>>>  
<L [3] 
    <U4 [1] 0 >
    <U4 [1] `ModuleEnd` 1102 >
    <L [0] >
>
2023-08-29 15:48:10,133[INFO ]:RECV SECS2 Message : SSID(0), B2(6), B3(12), P(0), S(0), SB(73), Length[3]
2023-08-29 15:48:10,133[DEBUG]:<<<S6F12<<<  
<B [1] 00 >
2023-08-29 15:48:10,507[INFO ]:Queued SECS2 Message : S6F11
2023-08-29 15:48:10,537[INFO ]:SENT SECS2 Message : SSID(0), B2(134), B3(11), P(0), S(0), SB(74)
2023-08-29 15:48:10,537[INFO ]:>>>S6F11 W>>>  
<L [3] 
    <U4 [1] 0 >
    <U4 [1] `SubstrateLocationOccupied` 1201 >
    <L [0] >
>
2023-08-29 15:48:10,582[INFO ]:RECV SECS2 Message : SSID(0), B2(6), B3(12), P(0), S(0), SB(74), Length[3]
2023-08-29 15:48:10,582[DEBUG]:<<<S6F12<<<  
<B [1] 00 >
2023-08-29 15:48:12,101[INFO ]:Queued SECS2 Message : S6F11
2023-08-29 15:48:12,117[INFO ]:Queued SECS2 Message : S6F11
2023-08-29 15:48:12,131[INFO ]:SENT SECS2 Message : SSID(0), B2(134), B3(11), P(0), S(0), SB(75)
2023-08-29 15:48:12,131[INFO ]:>>>S6F11 W>>>  
<L [3] 
    <U4 [1] 0 >
    <U4 [1] `SubstrateLocationUnoccupied` 1202 >
    <L [0] >
>
2023-08-29 15:48:12,132[INFO ]:SENT SECS2 Message : SSID(0), B2(134), B3(11), P(0), S(0), SB(76)
2023-08-29 15:48:12,132[INFO ]:>>>S6F11 W>>>  
<L [3] 
    <U4 [1] 0 >
    <U4 [1] `ModuleStart` 1101 >
    <L [0] >
>
2023-08-29 15:48:12,192[INFO ]:RECV SECS2 Message : SSID(0), B2(6), B3(12), P(0), S(0), SB(75), Length[3]
2023-08-29 15:48:12,192[DEBUG]:<<<S6F12<<<  
<B [1] 00 >
2023-08-29 15:48:12,192[INFO ]:RECV SECS2 Message : SSID(0), B2(6), B3(12), P(0), S(0), SB(76), Length[3]
2023-08-29 15:48:12,192[DEBUG]:<<<S6F12<<<  
<B [1] 00 >
2023-08-29 15:48:12,927[INFO ]:Queued SECS2 Message : S6F11
2023-08-29 15:48:12,989[INFO ]:SENT SECS2 Message : SSID(0), B2(134), B3(11), P(0), S(0), SB(77)
2023-08-29 15:48:12,989[INFO ]:>>>S6F11 W>>>  
<L [3] 
    <U4 [1] 0 >
    <U4 [1] `ModuleEnd` 1102 >
    <L [0] >
>
2023-08-29 15:48:13,035[INFO ]:RECV SECS2 Message : SSID(0), B2(6), B3(12), P(0), S(0), SB(77), Length[3]
2023-08-29 15:48:13,035[DEBUG]:<<<S6F12<<<  
<B [1] 00 >
2023-08-29 15:48:13,374[INFO ]:Queued SECS2 Message : S6F11
2023-08-29 15:48:13,418[INFO ]:SENT SECS2 Message : SSID(0), B2(134), B3(11), P(0), S(0), SB(78)
2023-08-29 15:48:13,418[INFO ]:>>>S6F11 W>>>  
<L [3] 
    <U4 [1] 0 >
    <U4 [1] `SubstrateLocationOccupied` 1201 >
    <L [0] >
>
2023-08-29 15:48:13,495[INFO ]:RECV SECS2 Message : SSID(0), B2(6), B3(12), P(0), S(0), SB(78), Length[3]
2023-08-29 15:48:13,495[DEBUG]:<<<S6F12<<<  
<B [1] 00 >
