2023-07-03 16:04:13,206[INFO ]:Queued SECS2 Message : S1F13
2023-07-03 16:04:13,234[INFO ]:SENT SECS2 Message : SSID(1), B2(129), B3(13), P(0), S(0), SB(1)
2023-07-03 16:04:13,235[INFO ]:>>>S1F13 W>>>  
<L [2] 
    <A [3] "DFR">
    <A [1] "0">
>
2023-07-03 16:04:13,259[INFO ]:RECV SECS2 Message : SSID(1), B2(1), B3(14), P(0), S(0), SB(1), Length[7]
2023-07-03 16:04:13,260[DEBUG]:<<<S1F14<<<  
<L [2] 
    <B [1] 00 >
    <L [0] >
>
2023-07-03 16:17:05,530[INFO ]:Queued SECS2 Message : S1F13
2023-07-03 16:17:05,572[INFO ]:SENT SECS2 Message : SSID(1), B2(129), B3(13), P(0), S(0), SB(1)
2023-07-03 16:17:05,574[INFO ]:>>>S1F13 W>>>  
<L [2] 
    <A [3] "DFR">
    <A [1] "0">
>
2023-07-03 16:17:05,599[INFO ]:RECV SECS2 Message : SSID(1), B2(1), B3(14), P(0), S(0), SB(1), Length[7]
2023-07-03 16:17:05,600[DEBUG]:<<<S1F14<<<  
<L [2] 
    <B [1] 00 >
    <L [0] >
>
