2023-08-29 13:59:45,525[INFO ]:Queued SECS2 Message : S1F13
2023-08-29 13:59:45,568[INFO ]:SENT SECS2 Message : SSID(0), B2(129), B3(13), P(0), S(0), SB(1)
2023-08-29 13:59:45,569[INFO ]:>>>S1F13 W>>>  
<L [2] 
    <A [3] "DFR">
    <A [14] "1.0.8641.25190">
>
2023-08-29 13:59:45,600[INFO ]:RECV SECS2 Message : SSID(0), B2(1), B3(14), P(0), S(0), SB(1), Length[7]
2023-08-29 13:59:45,601[DEBUG]:<<<S1F14<<<  
<L [2] 
    <B [1] 00 >
    <L [0] >
>
2023-08-29 13:59:50,260[INFO ]:RECV SECS2 Message : SSID(0), B2(129), B3(13), P(0), S(0), SB(19,580), Length[2]
2023-08-29 13:59:50,260[DEBUG]:<<<S1F13 W<<<  
<L [0] >
2023-08-29 13:59:50,261[INFO ]:Queued SECS2 Message : S1F14
2023-08-29 13:59:50,275[INFO ]:SENT SECS2 Message : SSID(0), B2(1), B3(14), P(0), S(0), SB(19,580)
2023-08-29 13:59:50,323[INFO ]:>>>S1F14>>>  
<L [2] 
    <B [1] 00 >
    <L [2] 
        <A [3] "DFR">
        <A [14] "1.0.8641.25190">
    >
>
2023-08-29 13:59:50,335[INFO ]:RECV SECS2 Message : SSID(0), B2(129), B3(17), P(0), S(0), SB(19,582), Length[0]
2023-08-29 13:59:50,335[DEBUG]:<<<S1F17 W<<<  

2023-08-29 13:59:50,336[INFO ]:Queued SECS2 Message : S1F18
2023-08-29 13:59:50,380[INFO ]:SENT SECS2 Message : SSID(0), B2(1), B3(18), P(0), S(0), SB(19,582)
2023-08-29 13:59:50,380[INFO ]:>>>S1F18>>>  
<B [1] 02 >
2023-08-29 13:59:56,752[INFO ]:RECV SECS2 Message : SSID(0), B2(129), B3(13), P(0), S(0), SB(19,584), Length[2]
2023-08-29 13:59:56,752[DEBUG]:<<<S1F13 W<<<  
<L [0] >
2023-08-29 13:59:56,753[INFO ]:Queued SECS2 Message : S1F14
2023-08-29 13:59:56,797[INFO ]:SENT SECS2 Message : SSID(0), B2(1), B3(14), P(0), S(0), SB(19,584)
2023-08-29 13:59:56,797[INFO ]:>>>S1F14>>>  
<L [2] 
    <B [1] 00 >
    <L [2] 
        <A [3] "DFR">
        <A [14] "1.0.8641.25190">
    >
>
2023-08-29 13:59:56,828[INFO ]:RECV SECS2 Message : SSID(0), B2(129), B3(17), P(0), S(0), SB(19,586), Length[0]
2023-08-29 13:59:56,828[DEBUG]:<<<S1F17 W<<<  

2023-08-29 13:59:56,829[INFO ]:Queued SECS2 Message : S1F18
2023-08-29 13:59:56,859[INFO ]:SENT SECS2 Message : SSID(0), B2(1), B3(18), P(0), S(0), SB(19,586)
2023-08-29 13:59:56,859[INFO ]:>>>S1F18>>>  
<B [1] 02 >
