2023-08-29 08:20:06,756[INFO ]:Queued SECS2 Message : S1F13
2023-08-29 08:20:06,811[INFO ]:SENT SECS2 Message : SSID(0), B2(129), B3(13), P(0), S(0), SB(1)
2023-08-29 08:20:06,813[INFO ]:>>>S1F13 W>>>  
<L [2] 
    <A [3] "DFR">
    <A [14] "1.0.8606.38393">
>
2023-08-29 08:20:06,859[INFO ]:RECV SECS2 Message : SSID(0), B2(1), B3(14), P(0), S(0), SB(1), Length[7]
2023-08-29 08:20:06,859[DEBUG]:<<<S1F14<<<  
<L [2] 
    <B [1] 00 >
    <L [0] >
>
2023-08-29 08:33:47,466[INFO ]:Queued SECS2 Message : S1F13
2023-08-29 08:33:47,481[INFO ]:SENT SECS2 Message : SSID(0), B2(129), B3(13), P(0), S(0), SB(8)
2023-08-29 08:33:47,481[INFO ]:>>>S1F13 W>>>  
<L [2] 
    <A [3] "DFR">
    <A [14] "1.0.8606.38393">
>
2023-08-29 08:33:47,511[INFO ]:RECV SECS2 Message : SSID(0), B2(1), B3(14), P(0), S(0), SB(8), Length[7]
2023-08-29 08:33:47,511[DEBUG]:<<<S1F14<<<  
<L [2] 
    <B [1] 00 >
    <L [0] >
>
2023-08-29 08:33:54,791[INFO ]:RECV SECS2 Message : SSID(0), B2(135), B3(17), P(0), S(0), SB(30,011), Length[5]
2023-08-29 08:33:54,791[DEBUG]:<<<S7F17 W<<<  
<L [1] 
    <A [1] "0">
>
2023-08-29 08:33:54,797[INFO ]:Queued SECS2 Message : S7F18
2023-08-29 08:33:54,821[INFO ]:SENT SECS2 Message : SSID(0), B2(7), B3(18), P(0), S(0), SB(30,011)
2023-08-29 08:33:54,821[INFO ]:>>>S7F18>>>  
<B [1] 04 >
2023-08-29 08:34:02,294[INFO ]:RECV SECS2 Message : SSID(0), B2(135), B3(25), P(0), S(0), SB(30,013), Length[3]
2023-08-29 08:34:02,294[DEBUG]:<<<S7F25 W<<<  
<A [1] "0">
