2023-07-05 12:54:27,895[INFO ]:Queued SECS2 Message : S1F13
2023-07-05 12:54:27,941[INFO ]:SENT SECS2 Message : SSID(0), B2(129), B3(13), P(0), S(0), SB(1)
2023-07-05 12:54:27,942[INFO ]:>>>S1F13 W>>>  
<L [2] 
    <A [3] "DFR">
    <A [1] "0">
>
2023-07-05 12:54:28,172[INFO ]:RECV SECS2 Message : SSID(0), B2(1), B3(14), P(0), S(0), SB(1), Length[11]
2023-07-05 12:54:28,172[DEBUG]:<<<S1F14<<<  
<L [2] 
    <B [1] 00 >
    <L [2] 
        <A [0] >
        <A [0] >
    >
>
2023-07-05 12:55:54,892[INFO ]:RECV SECS2 Message : SSID(0), B2(130), B3(31), P(0), S(0), SB(6), Length[18]
2023-07-05 12:55:54,892[DEBUG]:<<<S2F31 W<<<  
<A [16] "2023051711235100">
2023-07-05 12:55:54,908[INFO ]:Queued SECS2 Message : S2F32
2023-07-05 12:55:54,968[INFO ]:SENT SECS2 Message : SSID(0), B2(2), B3(32), P(0), S(0), SB(6)
2023-07-05 12:55:54,968[INFO ]:>>>S2F32>>>  
<B [1] 00 >
2023-07-05 12:55:57,569[INFO ]:RECV SECS2 Message : SSID(0), B2(130), B3(37), P(0), S(0), SB(8), Length[7]
2023-07-05 12:55:57,570[DEBUG]:<<<S2F37 W<<<  
<L [2] 
    <BL [1] False >
    <L [0] >
>
2023-07-05 12:55:57,578[INFO ]:Queued SECS2 Message : S2F38
2023-07-05 12:55:57,582[INFO ]:SENT SECS2 Message : SSID(0), B2(2), B3(38), P(0), S(0), SB(8)
2023-07-05 12:55:57,582[INFO ]:>>>S2F38>>>  
<B [1] 00 >
2023-07-05 12:55:59,617[INFO ]:RECV SECS2 Message : SSID(0), B2(130), B3(35), P(0), S(0), SB(10), Length[10]
2023-07-05 12:55:59,618[DEBUG]:<<<S2F35 W<<<  
<L [2] 
    <U4 [1] 0 >
    <L [0] >
>
2023-07-05 12:55:59,621[INFO ]:Queued SECS2 Message : S2F36
2023-07-05 12:55:59,646[INFO ]:SENT SECS2 Message : SSID(0), B2(2), B3(36), P(0), S(0), SB(10)
2023-07-05 12:55:59,646[INFO ]:>>>S2F36>>>  
<B [1] 00 >
2023-07-05 12:56:01,647[INFO ]:RECV SECS2 Message : SSID(0), B2(130), B3(33), P(0), S(0), SB(12), Length[10]
2023-07-05 12:56:01,647[DEBUG]:<<<S2F33 W<<<  
<L [2] 
    <U4 [1] 0 >
    <L [0] >
>
2023-07-05 12:56:01,649[INFO ]:Queued SECS2 Message : S2F34
2023-07-05 12:56:01,708[INFO ]:SENT SECS2 Message : SSID(0), B2(2), B3(34), P(0), S(0), SB(12)
2023-07-05 12:56:01,708[INFO ]:>>>S2F34>>>  
<B [1] 00 >
2023-07-05 12:56:04,953[INFO ]:RECV SECS2 Message : SSID(0), B2(130), B3(33), P(0), S(0), SB(14), Length[246]
2023-07-05 12:56:04,953[DEBUG]:<<<S2F33 W<<<  
<L [2] 
    <U4 [1] 0 >
    <L [8] 
        <L [2] 
            <U4 [1] 1001 >
            <L [2] 
                <U4 [1] 201 >
                <U4 [1] 202 >
            >
        >
        <L [2] 
            <U4 [1] 1002 >
            <L [2] 
                <U4 [1] 201 >
                <U4 [1] 202 >
            >
        >
        <L [2] 
            <U4 [1] 1003 >
            <L [2] 
                <U4 [1] 201 >
                <U4 [1] 202 >
            >
        >
        <L [2] 
            <U4 [1] 1051 >
            <L [2] 
                <U4 [1] 203 >
                <U4 [1] 204 >
            >
        >
        <L [2] 
            <U4 [1] 1061 >
            <L [2] 
                <U4 [1] 206 >
                <U4 [1] 205 >
            >
        >
        <L [2] 
            <U4 [1] 1311 >
            <L [8] 
                <U4 [1] 310 >
                <U4 [1] 312 >
                <U4 [1] 313 >
                <U4 [1] 314 >
                <U4 [1] 315 >
                <U4 [1] 316 >
                <U4 [1] 311 >
                <U4 [1] 205 >
            >
        >
        <L [2] 
            <U4 [1] 1312 >
            <L [6] 
                <U4 [1] 310 >
                <U4 [1] 312 >
                <U4 [1] 315 >
                <U4 [1] 316 >
                <U4 [1] 311 >
                <U4 [1] 205 >
            >
        >
        <L [2] 
            <U4 [1] 1401 >
            <L [2] 
                <U4 [1] 311 >
                <U4 [1] 321 >
            >
        >
    >
>
2023-07-05 12:56:04,957[INFO ]:Queued SECS2 Message : S2F34
2023-07-05 12:56:04,983[INFO ]:SENT SECS2 Message : SSID(0), B2(2), B3(34), P(0), S(0), SB(14)
2023-07-05 12:56:04,983[INFO ]:>>>S2F34>>>  
<B [1] 00 >
2023-07-05 12:56:07,518[INFO ]:RECV SECS2 Message : SSID(0), B2(130), B3(35), P(0), S(0), SB(16), Length[138]
2023-07-05 12:56:07,518[DEBUG]:<<<S2F35 W<<<  
<L [2] 
    <U4 [1] 0 >
    <L [8] 
        <L [2] 
            <U4 [1] 1401 >
            <L [1] 
                <U4 [1] 1401 >
            >
        >
        <L [2] 
            <U4 [1] 1061 >
            <L [1] 
                <U4 [1] 1061 >
            >
        >
        <L [2] 
            <U4 [1] 1003 >
            <L [1] 
                <U4 [1] 1003 >
            >
        >
        <L [2] 
            <U4 [1] 1002 >
            <L [1] 
                <U4 [1] 1002 >
            >
        >
        <L [2] 
            <U4 [1] 1001 >
            <L [1] 
                <U4 [1] 1001 >
            >
        >
        <L [2] 
            <U4 [1] 1051 >
            <L [1] 
                <U4 [1] 1051 >
            >
        >
        <L [2] 
            <U4 [1] 1311 >
            <L [1] 
                <U4 [1] 1311 >
            >
        >
        <L [2] 
            <U4 [1] 1312 >
            <L [1] 
                <U4 [1] 1312 >
            >
        >
    >
>
2023-07-05 12:56:07,521[INFO ]:Queued SECS2 Message : S2F36
2023-07-05 12:56:07,534[INFO ]:SENT SECS2 Message : SSID(0), B2(2), B3(36), P(0), S(0), SB(16)
2023-07-05 12:56:07,534[INFO ]:>>>S2F36>>>  
<B [1] 00 >
2023-07-05 12:56:09,474[INFO ]:RECV SECS2 Message : SSID(0), B2(130), B3(37), P(0), S(0), SB(18), Length[121]
2023-07-05 12:56:09,474[DEBUG]:<<<S2F37 W<<<  
<L [2] 
    <BL [1] True >
    <L [19] 
        <U4 [1] 1101 >
        <U4 [1] 1102 >
        <U4 [1] 1401 >
        <U4 [1] 1061 >
        <U4 [1] 1003 >
        <U4 [1] 1002 >
        <U4 [1] 1001 >
        <U4 [1] 1051 >
        <U4 [1] 1015 >
        <U4 [1] 1031 >
        <U4 [1] 1032 >
        <U4 [1] 1071 >
        <U4 [1] 1072 >
        <U4 [1] 1201 >
        <U4 [1] 1202 >
        <U4 [1] 1301 >
        <U4 [1] 1302 >
        <U4 [1] 1311 >
        <U4 [1] 1312 >
    >
>
2023-07-05 12:56:09,476[INFO ]:Queued SECS2 Message : S2F38
2023-07-05 12:56:09,534[INFO ]:SENT SECS2 Message : SSID(0), B2(2), B3(38), P(0), S(0), SB(18)
2023-07-05 12:56:09,534[INFO ]:>>>S2F38>>>  
<B [1] 00 >
2023-07-05 12:56:12,492[INFO ]:RECV SECS2 Message : SSID(0), B2(129), B3(3), P(0), S(0), SB(20), Length[26]
2023-07-05 12:56:12,492[DEBUG]:<<<S1F3 W<<<  
<L [4] 
    <U4 [1] 201 >
    <U4 [1] 202 >
    <U4 [1] 203 >
    <U4 [1] 204 >
>
2023-07-05 12:56:12,496[INFO ]:Queued SECS2 Message : S1F4
2023-07-05 12:56:12,508[INFO ]:SENT SECS2 Message : SSID(0), B2(1), B3(4), P(0), S(0), SB(20)
2023-07-05 12:56:12,508[INFO ]:>>>S1F4>>>  
<L [4] 
    <U2 [1] 5 >
    <U2 [1] 3 >
    <U2 [1] 4 >
    <U2 [1] 4 >
>
2023-07-05 12:57:35,233[INFO ]:Queued SECS2 Message : S6F11
2023-07-05 12:57:35,255[INFO ]:SENT SECS2 Message : SSID(0), B2(134), B3(11), P(0), S(0), SB(3)
2023-07-05 12:57:35,255[INFO ]:>>>S6F11 W>>>  
<L [3] 
    <U4 [1] 0 >
    <U4 [1] `EquipmentStateChanged` 1051 >
    <L [1] 
        <L [2] 
            <U4 [1] 1051 >
            <L [2] 
                <U2 [1] `EqpState` 1 >
                <U2 [1] `PreviousEqpState` 4 >
            >
        >
    >
>
2023-07-05 12:57:35,453[INFO ]:RECV SECS2 Message : SSID(0), B2(6), B3(12), P(0), S(0), SB(3), Length[3]
2023-07-05 12:57:35,453[DEBUG]:<<<S6F12<<<  
<B [1] 00 >
