2023-08-29 12:48:19,295[INFO ]:Queued SECS2 Message : S1F13
2023-08-29 12:48:19,328[INFO ]:SENT SECS2 Message : SSID(0), B2(129), B3(13), P(0), S(0), SB(1)
2023-08-29 12:48:19,333[INFO ]:>>>S1F13 W>>>  
<L [2] 
    <A [3] "DFR">
    <A [14] "1.0.8641.23047">
>
2023-08-29 12:48:19,428[INFO ]:RECV SECS2 Message : SSID(0), B2(1), B3(14), P(0), S(0), SB(1), Length[7]
2023-08-29 12:48:19,429[DEBUG]:<<<S1F14<<<  
<L [2] 
    <B [1] 00 >
    <L [0] >
>
2023-08-29 12:49:15,586[INFO ]:RECV SECS2 Message : SSID(0), B2(135), B3(23), P(0), S(0), SB(19,562), Length[131]
2023-08-29 12:49:15,588[DEBUG]:<<<S7F23 W<<<  
<L [4] 
    <A [1] "0">
    <A [1] "0">
    <A [1] "0">
    <L [3] 
        <L [2] 
            <U4 [1] 10 >
            <L [1] 
                <L [2] 
                    <A [1] "0">
                    <U4 [1] 1 >
                >
            >
        >
        <L [2] 
            <U4 [1] 11 >
            <L [6] 
                <L [2] 
                    <A [1] "0">
                    <U4 [1] 0 >
                >
                <L [2] 
                    <A [1] "0">
                    <F4 [1] 0 >
                >
                <L [2] 
                    <A [1] "0">
                    <F4 [1] 0 >
                >
                <L [2] 
                    <A [1] "0">
                    <U4 [1] 0 >
                >
                <L [2] 
                    <A [1] "0">
                    <U4 [1] 0 >
                >
                <L [2] 
                    <A [1] "0">
                    <U4 [1] 0 >
                >
            >
        >
        <L [2] 
            <U4 [1] 31 >
            <L [1] 
                <L [2] 
                    <A [1] "0">
                    <F4 [1] 0 >
                >
            >
        >
    >
>
