Time,Name,Type,MsgType,Text
2023-08-30 07:30:24.408,Connection,EFEM,Normal,Disconnected.
2023-08-30 13:26:47.845,Connection,EFEM,Normal,Opned.
2023-08-30 13:26:48.062,Connection,EFEM,Normal,Connected.
2023-08-30 13:32:59.203,Connection,EFEM,Normal,Opned.
2023-08-30 13:33:07.059,Connection,EFEM,Normal,Connected.
2023-08-30 13:35:26.775,Connection,EFEM,Normal,Disconnected.
2023-08-30 13:35:40.310,Connection,EFEM,Normal,Connected.
2023-08-30 13:36:43.351,Connection,EFEM,Normal,Opned.
2023-08-30 13:37:34.945,Connection,EFEM,Normal,Opned.
2023-08-30 13:38:32.934,Connection,EFEM,Normal,Opned.
2023-08-30 13:38:40.813,Connection,EFEM,Normal,Connected.
2023-08-30 13:47:00.316,Connection,EFEM,Normal,Opned.
2023-08-30 13:47:00.817,Connection,EFEM,Normal,Connected.
2023-08-30 13:49:30.496,Connection,EFEM,Normal,Opned.
2023-08-30 13:49:30.814,Connection,EFEM,Normal,Connected.
2023-08-30 13:55:55.139,Receive,EFEM,Normal,{
  "COMMAND": "WORKORDER_START_REQUEST".
  "PPLIST": [
    {
      "SEQNO": 1001.
      "PPID": "TEST-1".
      "CARRIER_SLOTS": [
        {
          "PORT_NO": 1.
          "CARRIER_ID": "CSTSAP0111243".
          "SLOTS": [
            {
              "SLOT_NO": 1.
              "GLASS_ID": "GLASS01".
              "FLIPINFO": "TTT"
            }.
            {
              "SLOT_NO": 2.
              "GLASS_ID": "GLASS02".
              "FLIPINFO": "TTT"
            }.
            {
              "SLOT_NO": 3.
              "GLASS_ID": "GLASS03".
              "FLIPINFO": "TTT"
            }.
            {
              "SLOT_NO": 4.
              "GLASS_ID": "GLASS04".
              "FLIPINFO": "TTT"
            }.
            {
              "SLOT_NO": 5.
              "GLASS_ID": "GLASS05".
              "FLIPINFO": "TTT"
            }.
            {
              "SLOT_NO": 6.
              "GLASS_ID": "GLASS06".
              "FLIPINFO": "TTT"
            }.
            {
              "SLOT_NO": 7.
              "GLASS_ID": "GLASS07".
              "FLIPINFO": "TTT"
            }.
            {
              "SLOT_NO": 8.
              "GLASS_ID": "GLASS08".
              "FLIPINFO": "TTT"
            }.
            {
              "SLOT_NO": 9.
              "GLASS_ID": "GLASS09".
              "FLIPINFO": "TTT"
            }.
            {
              "SLOT_NO": 10.
              "GLASS_ID": "GLASS010".
              "FLIPINFO": "TTT"
            }
          ]
        }
      ]
    }
  ]
}
2023-08-30 13:55:55.291,Send,EFEM,Normal,{"COMMAND":"WORKORDER_START_RESPONSE"."PPAckList":[{"SEQNO":1001."PPACK":0}]}
2023-08-30 14:05:56.170,Connection,EFEM,Normal,Disconnected.
2023-08-30 14:09:48.171,Connection,EFEM,Normal,Opned.
2023-08-30 14:09:55.908,Connection,EFEM,Normal,Connected.
2023-08-30 14:13:56.052,Receive,EFEM,Normal,{"COMMAND":"PPLIST_REQUEST"}
2023-08-30 14:13:56.150,Send,EFEM,Normal,{"COMMAND":"PPLIST_RESPONSE"."PPLIST":[{"PPID":"TEST-1"."EXPLANATION":""}.{"PPID":"TEST-2"."EXPLANATION":""}]}
2023-08-30 14:13:57.989,Receive,EFEM,Normal,{"COMMAND":"PPLIST_REQUEST"}
2023-08-30 14:13:57.991,Send,EFEM,Normal,{"COMMAND":"PPLIST_RESPONSE"."PPLIST":[{"PPID":"TEST-1"."EXPLANATION":""}.{"PPID":"TEST-2"."EXPLANATION":""}]}
2023-08-30 14:13:59.171,Receive,EFEM,Normal,{"COMMAND":"PPLIST_REQUEST"}
2023-08-30 14:13:59.172,Send,EFEM,Normal,{"COMMAND":"PPLIST_RESPONSE"."PPLIST":[{"PPID":"TEST-1"."EXPLANATION":""}.{"PPID":"TEST-2"."EXPLANATION":""}]}
2023-08-30 14:23:12.633,Connection,EFEM,Normal,Disconnected.
2023-08-30 14:25:01.153,Connection,EFEM,Normal,Connected.
2023-08-30 14:29:10.147,Connection,EFEM,Normal,Disconnected.
2023-08-30 14:29:38.957,Connection,EFEM,Normal,Connected.
2023-08-30 14:31:16.575,Receive,EFEM,Normal,{
  "COMMAND": "WORKORDER_START_REQUEST".
  "PPLIST": [
    {
      "SEQNO": 1001.
      "PPID": "TEST-1".
      "CARRIER_SLOTS": [
        {
          "PORT_NO": 1.
          "CARRIER_ID": "CSTSAP0114302".
          "SLOTS": [
            {
              "SLOT_NO": 1.
              "GLASS_ID": "GLASS01".
              "FLIPINFO": "TTT"
            }.
            {
              "SLOT_NO": 2.
              "GLASS_ID": "GLASS02".
              "FLIPINFO": "TTT"
            }.
            {
              "SLOT_NO": 3.
              "GLASS_ID": "GLASS03".
              "FLIPINFO": "TTT"
            }.
            {
              "SLOT_NO": 4.
              "GLASS_ID": "GLASS04".
              "FLIPINFO": "TTT"
            }.
            {
              "SLOT_NO": 5.
              "GLASS_ID": "GLASS05".
              "FLIPINFO": "TTT"
            }.
            {
              "SLOT_NO": 6.
              "GLASS_ID": "GLASS06".
              "FLIPINFO": "TTT"
            }.
            {
              "SLOT_NO": 7.
              "GLASS_ID": "GLASS07".
              "FLIPINFO": "TTT"
            }.
            {
              "SLOT_NO": 8.
              "GLASS_ID": "GLASS08".
              "FLIPINFO": "TTT"
            }.
            {
              "SLOT_NO": 9.
              "GLASS_ID": "GLASS09".
              "FLIPINFO": "TTT"
            }.
            {
              "SLOT_NO": 10.
              "GLASS_ID": "GLASS010".
              "FLIPINFO": "TTT"
            }
          ]
        }
      ]
    }
  ]
}
2023-08-30 14:31:16.600,Send,EFEM,Normal,{"COMMAND":"WORKORDER_START_RESPONSE"."PPAckList":[{"SEQNO":1001."PPACK":0}]}
2023-08-30 14:31:23.115,Receive,EFEM,Normal,{
  "COMMAND": "WORKORDER_START_REQUEST".
  "PPLIST": [
    {
      "SEQNO": 1001.
      "PPID": "TEST-1".
      "CARRIER_SLOTS": [
        {
          "PORT_NO": 1.
          "CARRIER_ID": "CSTSAP0114302".
          "SLOTS": [
            {
              "SLOT_NO": 1.
              "GLASS_ID": "GLASS01".
              "FLIPINFO": "TTT"
            }.
            {
              "SLOT_NO": 2.
              "GLASS_ID": "GLASS02".
              "FLIPINFO": "TTT"
            }.
            {
              "SLOT_NO": 3.
              "GLASS_ID": "GLASS03".
              "FLIPINFO": "TTT"
            }.
            {
              "SLOT_NO": 4.
              "GLASS_ID": "GLASS04".
              "FLIPINFO": "TTT"
            }.
            {
              "SLOT_NO": 5.
              "GLASS_ID": "GLASS05".
              "FLIPINFO": "TTT"
            }.
            {
              "SLOT_NO": 6.
              "GLASS_ID": "GLASS06".
              "FLIPINFO": "TTT"
            }.
            {
              "SLOT_NO": 7.
              "GLASS_ID": "GLASS07".
              "FLIPINFO": "TTT"
            }.
            {
              "SLOT_NO": 8.
              "GLASS_ID": "GLASS08".
              "FLIPINFO": "TTT"
            }.
            {
              "SLOT_NO": 9.
              "GLASS_ID": "GLASS09".
              "FLIPINFO": "TTT"
            }.
            {
              "SLOT_NO": 10.
              "GLASS_ID": "GLASS010".
              "FLIPINFO": "TTT"
            }
          ]
        }
      ]
    }
  ]
}
2023-08-30 14:31:23.117,Send,EFEM,Normal,{"COMMAND":"WORKORDER_START_RESPONSE"."PPAckList":[{"SEQNO":1001."PPACK":0}]}
2023-08-30 14:31:24.721,Receive,EFEM,Normal,{"COMMAND":"WORKSEQPP_START_REQUEST"."SEQNO":1001."PPID":"TEST-1"."APCP":""}
2023-08-30 14:31:24.738,Send,EFEM,Normal,{"COMMAND":"WORKSEQPP_START_RESPONSE"."SEQNO":1001."ACK":0."RECIPE_CHANGE_TIME":0}
2023-08-30 14:31:49.222,Receive,EFEM,Normal,{"COMMAND":"GLASS_DATA_REPORT_REQUEST"."HANDOVER_PORT":"port1"."GLASS_INFO":{"CARRIER_ID":"CSTSAP0114302"."PORT_ID":1."LOT_ID":"LOT_001"."GLASS_ID":"GLASS01"."SLOT_NO":1."MAPPED_GLASSCOUNT":10."THIS_GLASSORDER":1."USAGE":"Product"."PROCESS_STATE":0."FLIP_INFO":"TTT"."PPID":"TEST-1"."ULGFlag":null}}
2023-08-30 14:32:24.041,Send,EFEM,Normal,{"COMMAND":"GLASS_DATA_REPORT_REQUEST"."HANDOVER_PORT":"port1"."GLASS_INFO":{"CARRIER_ID":"CSTSAP0114302"."PORT_ID":1."LOT_ID":"LOT_001"."GLASS_ID":"GLASS01"."SLOT_NO":1."MAPPED_GLASSCOUNT":10."THIS_GLASSORDER":1."USAGE":"Product"."PROCESS_STATE":0."FLIP_INFO":"TTT"."PPID":"TEST-1"}}
2023-08-30 14:32:24.127,Receive,EFEM,Normal,{"COMMAND":"GLASS_DATA_REPORT_RESPONSE"}
2023-08-30 14:32:24.248,Receive,EFEM,Normal,{"COMMAND":"GLASS_DATA_REPORT_REQUEST"."HANDOVER_PORT":"port1"."GLASS_INFO":{"CARRIER_ID":"CSTSAP0114302"."PORT_ID":1."LOT_ID":"LOT_001"."GLASS_ID":"GLASS02"."SLOT_NO":2."MAPPED_GLASSCOUNT":10."THIS_GLASSORDER":2."USAGE":"Product"."PROCESS_STATE":0."FLIP_INFO":"TTT"."PPID":"TEST-1"."ULGFlag":null}}
2023-08-30 14:32:59.112,Send,EFEM,Normal,{"COMMAND":"GLASS_DATA_REPORT_REQUEST"."HANDOVER_PORT":"port1"."GLASS_INFO":{"CARRIER_ID":"CSTSAP0114302"."PORT_ID":1."LOT_ID":"LOT_001"."GLASS_ID":"GLASS02"."SLOT_NO":2."MAPPED_GLASSCOUNT":10."THIS_GLASSORDER":2."USAGE":"Product"."PROCESS_STATE":0."FLIP_INFO":"TTT"."PPID":"TEST-1"}}
2023-08-30 14:32:59.242,Receive,EFEM,Normal,{"COMMAND":"GLASS_DATA_REPORT_RESPONSE"}
2023-08-30 14:33:20.949,Receive,EFEM,Normal,{"COMMAND":"GLASS_DATA_REPORT_REQUEST"."HANDOVER_PORT":"port1"."GLASS_INFO":{"CARRIER_ID":"CSTSAP0114302"."PORT_ID":1."LOT_ID":"LOT_001"."GLASS_ID":"GLASS03"."SLOT_NO":3."MAPPED_GLASSCOUNT":10."THIS_GLASSORDER":3."USAGE":"Product"."PROCESS_STATE":0."FLIP_INFO":"TTT"."PPID":"TEST-1"."ULGFlag":null}}
2023-08-30 14:34:00.218,Receive,EFEM,Normal,{"COMMAND":"GLASS_DATA_REPORT_REQUEST"."HANDOVER_PORT":"port1"."GLASS_INFO":{"CARRIER_ID":"CSTSAP0114302"."PORT_ID":1."LOT_ID":"LOT_001"."GLASS_ID":"GLASS04"."SLOT_NO":4."MAPPED_GLASSCOUNT":10."THIS_GLASSORDER":4."USAGE":"Product"."PROCESS_STATE":0."FLIP_INFO":"TTT"."PPID":"TEST-1"."ULGFlag":null}}
2023-08-30 14:34:05.058,Send,EFEM,Normal,{"COMMAND":"GLASS_DATA_REPORT_REQUEST"."HANDOVER_PORT":"port1"."GLASS_INFO":{"CARRIER_ID":"CSTSAP0114302"."PORT_ID":1."LOT_ID":"LOT_001"."GLASS_ID":"GLASS03"."SLOT_NO":3."MAPPED_GLASSCOUNT":10."THIS_GLASSORDER":3."USAGE":"Product"."PROCESS_STATE":0."FLIP_INFO":"TTT"."PPID":"TEST-1"}}
2023-08-30 14:34:05.142,Receive,EFEM,Normal,{"COMMAND":"GLASS_DATA_REPORT_RESPONSE"}
2023-08-30 14:34:35.143,Send,EFEM,Normal,{"COMMAND":"GLASS_DATA_REPORT_REQUEST"."HANDOVER_PORT":"port1"."GLASS_INFO":{"CARRIER_ID":"CSTSAP0114302"."PORT_ID":1."LOT_ID":"LOT_001"."GLASS_ID":"GLASS04"."SLOT_NO":4."MAPPED_GLASSCOUNT":10."THIS_GLASSORDER":4."USAGE":"Product"."PROCESS_STATE":0."FLIP_INFO":"TTT"."PPID":"TEST-1"}}
2023-08-30 14:34:35.258,Receive,EFEM,Normal,{"COMMAND":"GLASS_DATA_REPORT_RESPONSE"}
2023-08-30 14:34:35.380,Receive,EFEM,Normal,{"COMMAND":"GLASS_DATA_REPORT_REQUEST"."HANDOVER_PORT":"port1"."GLASS_INFO":{"CARRIER_ID":"CSTSAP0114302"."PORT_ID":1."LOT_ID":"LOT_001"."GLASS_ID":"GLASS05"."SLOT_NO":5."MAPPED_GLASSCOUNT":10."THIS_GLASSORDER":5."USAGE":"Product"."PROCESS_STATE":0."FLIP_INFO":"TTT"."PPID":"TEST-1"."ULGFlag":null}}
2023-08-30 14:35:09.504,Send,EFEM,Normal,{"COMMAND":"GLASS_DATA_REPORT_REQUEST"."HANDOVER_PORT":"port1"."GLASS_INFO":{"CARRIER_ID":"CSTSAP0114302"."PORT_ID":1."LOT_ID":"LOT_001"."GLASS_ID":"GLASS05"."SLOT_NO":5."MAPPED_GLASSCOUNT":10."THIS_GLASSORDER":5."USAGE":"Product"."PROCESS_STATE":0."FLIP_INFO":"TTT"."PPID":"TEST-1"}}
2023-08-30 14:35:09.635,Receive,EFEM,Normal,{"COMMAND":"GLASS_DATA_REPORT_RESPONSE"}
2023-08-30 14:35:32.926,Receive,EFEM,Normal,{"COMMAND":"GLASS_DATA_REPORT_REQUEST"."HANDOVER_PORT":"port1"."GLASS_INFO":{"CARRIER_ID":"CSTSAP0114302"."PORT_ID":1."LOT_ID":"LOT_001"."GLASS_ID":"GLASS06"."SLOT_NO":6."MAPPED_GLASSCOUNT":10."THIS_GLASSORDER":6."USAGE":"Product"."PROCESS_STATE":0."FLIP_INFO":"TTT"."PPID":"TEST-1"."ULGFlag":null}}
2023-08-30 14:36:08.030,Receive,EFEM,Normal,{"COMMAND":"GLASS_DATA_REPORT_REQUEST"."HANDOVER_PORT":"port1"."GLASS_INFO":{"CARRIER_ID":"CSTSAP0114302"."PORT_ID":1."LOT_ID":"LOT_001"."GLASS_ID":"GLASS07"."SLOT_NO":7."MAPPED_GLASSCOUNT":10."THIS_GLASSORDER":7."USAGE":"Product"."PROCESS_STATE":0."FLIP_INFO":"TTT"."PPID":"TEST-1"."ULGFlag":null}}
2023-08-30 14:36:16.884,Send,EFEM,Normal,{"COMMAND":"GLASS_DATA_REPORT_REQUEST"."HANDOVER_PORT":"port1"."GLASS_INFO":{"CARRIER_ID":"CSTSAP0114302"."PORT_ID":1."LOT_ID":"LOT_001"."GLASS_ID":"GLASS06"."SLOT_NO":6."MAPPED_GLASSCOUNT":10."THIS_GLASSORDER":6."USAGE":"Product"."PROCESS_STATE":0."FLIP_INFO":"TTT"."PPID":"TEST-1"}}
2023-08-30 14:36:16.981,Receive,EFEM,Normal,{"COMMAND":"GLASS_DATA_REPORT_RESPONSE"}
2023-08-30 14:36:40.071,Receive,EFEM,Normal,{"COMMAND":"GLASS_DATA_REPORT_REQUEST"."HANDOVER_PORT":"port1"."GLASS_INFO":{"CARRIER_ID":"CSTSAP0114302"."PORT_ID":1."LOT_ID":"LOT_001"."GLASS_ID":"GLASS08"."SLOT_NO":8."MAPPED_GLASSCOUNT":10."THIS_GLASSORDER":8."USAGE":"Product"."PROCESS_STATE":0."FLIP_INFO":"TTT"."PPID":"TEST-1"."ULGFlag":null}}
2023-08-30 14:36:43.120,Send,EFEM,Normal,{"COMMAND":"GLASS_DATA_REPORT_REQUEST"."HANDOVER_PORT":"port1"."GLASS_INFO":{"CARRIER_ID":"CSTSAP0114302"."PORT_ID":1."LOT_ID":"LOT_001"."GLASS_ID":"GLASS07"."SLOT_NO":7."MAPPED_GLASSCOUNT":10."THIS_GLASSORDER":7."USAGE":"Product"."PROCESS_STATE":0."FLIP_INFO":"TTT"."PPID":"TEST-1"}}
2023-08-30 14:36:43.279,Receive,EFEM,Normal,{"COMMAND":"GLASS_DATA_REPORT_RESPONSE"}
2023-08-30 14:37:19.163,Send,EFEM,Normal,{"COMMAND":"GLASS_DATA_REPORT_REQUEST"."HANDOVER_PORT":"port1"."GLASS_INFO":{"CARRIER_ID":"CSTSAP0114302"."PORT_ID":1."LOT_ID":"LOT_001"."GLASS_ID":"GLASS08"."SLOT_NO":8."MAPPED_GLASSCOUNT":10."THIS_GLASSORDER":8."USAGE":"Product"."PROCESS_STATE":0."FLIP_INFO":"TTT"."PPID":"TEST-1"}}
2023-08-30 14:37:19.249,Receive,EFEM,Normal,{"COMMAND":"GLASS_DATA_REPORT_RESPONSE"}
2023-08-30 14:37:46.577,Receive,EFEM,Normal,{"COMMAND":"GLASS_DATA_REPORT_REQUEST"."HANDOVER_PORT":"port1"."GLASS_INFO":{"CARRIER_ID":"CSTSAP0114302"."PORT_ID":1."LOT_ID":"LOT_001"."GLASS_ID":"GLASS09"."SLOT_NO":9."MAPPED_GLASSCOUNT":10."THIS_GLASSORDER":9."USAGE":"Product"."PROCESS_STATE":0."FLIP_INFO":"TTT"."PPID":"TEST-1"."ULGFlag":null}}
2023-08-30 14:38:22.308,Receive,EFEM,Normal,{"COMMAND":"GLASS_DATA_REPORT_REQUEST"."HANDOVER_PORT":"port1"."GLASS_INFO":{"CARRIER_ID":"CSTSAP0114302"."PORT_ID":1."LOT_ID":"LOT_001"."GLASS_ID":"GLASS010"."SLOT_NO":10."MAPPED_GLASSCOUNT":10."THIS_GLASSORDER":10."USAGE":"Product"."PROCESS_STATE":0."FLIP_INFO":"TTT"."PPID":"TEST-1"."ULGFlag":null}}
2023-08-30 14:38:31.030,Send,EFEM,Normal,{"COMMAND":"GLASS_DATA_REPORT_REQUEST"."HANDOVER_PORT":"port1"."GLASS_INFO":{"CARRIER_ID":"CSTSAP0114302"."PORT_ID":1."LOT_ID":"LOT_001"."GLASS_ID":"GLASS09"."SLOT_NO":9."MAPPED_GLASSCOUNT":10."THIS_GLASSORDER":9."USAGE":"Product"."PROCESS_STATE":0."FLIP_INFO":"TTT"."PPID":"TEST-1"}}
2023-08-30 14:38:31.146,Receive,EFEM,Normal,{"COMMAND":"GLASS_DATA_REPORT_RESPONSE"}
2023-08-30 14:38:57.246,Send,EFEM,Normal,{"COMMAND":"GLASS_DATA_REPORT_REQUEST"."HANDOVER_PORT":"port1"."GLASS_INFO":{"CARRIER_ID":"CSTSAP0114302"."PORT_ID":1."LOT_ID":"LOT_001"."GLASS_ID":"GLASS010"."SLOT_NO":10."MAPPED_GLASSCOUNT":10."THIS_GLASSORDER":10."USAGE":"Product"."PROCESS_STATE":0."FLIP_INFO":"TTT"."PPID":"TEST-1"}}
2023-08-30 14:38:57.420,Receive,EFEM,Normal,{"COMMAND":"GLASS_DATA_REPORT_RESPONSE"}
2023-08-30 14:39:28.450,Receive,EFEM,Normal,{"COMMAND":"WORKSEQPP_END_REQUEST"."SEQNO":1001}
2023-08-30 14:39:28.457,Send,EFEM,Normal,{"COMMAND":"WORKSEQPP_END_RESPONSE"."SEQNO":1001}
2023-08-30 14:43:05.503,Receive,EFEM,Normal,{
  "COMMAND": "WORKORDER_START_REQUEST".
  "PPLIST": [
    {
      "SEQNO": 1001.
      "PPID": "TEST-1".
      "CARRIER_SLOTS": [
        {
          "PORT_NO": 2.
          "CARRIER_ID": "CSTSAP02144028".
          "SLOTS": [
            {
              "SLOT_NO": 1.
              "GLASS_ID": "GLASS01".
              "FLIPINFO": "TTT"
            }.
            {
              "SLOT_NO": 2.
              "GLASS_ID": "GLASS02".
              "FLIPINFO": "TTT"
            }.
            {
              "SLOT_NO": 3.
              "GLASS_ID": "GLASS03".
              "FLIPINFO": "TTT"
            }.
            {
              "SLOT_NO": 4.
              "GLASS_ID": "GLASS04".
              "FLIPINFO": "TTT"
            }.
            {
              "SLOT_NO": 5.
              "GLASS_ID": "GLASS05".
              "FLIPINFO": "TTT"
            }.
            {
              "SLOT_NO": 6.
              "GLASS_ID": "GLASS06".
              "FLIPINFO": "TTT"
            }.
            {
              "SLOT_NO": 7.
              "GLASS_ID": "GLASS07".
              "FLIPINFO": "TTT"
            }.
            {
              "SLOT_NO": 8.
              "GLASS_ID": "GLASS08".
              "FLIPINFO": "TTT"
            }.
            {
              "SLOT_NO": 9.
              "GLASS_ID": "GLASS09".
              "FLIPINFO": "TTT"
            }.
            {
              "SLOT_NO": 10.
              "GLASS_ID": "GLASS010".
              "FLIPINFO": "TTT"
            }
          ]
        }
      ]
    }
  ]
}
2023-08-30 14:43:05.504,Send,EFEM,Normal,{"COMMAND":"WORKORDER_START_RESPONSE"."PPAckList":[{"SEQNO":1001."PPACK":0}]}
2023-08-30 14:43:05.731,Receive,EFEM,Normal,{"COMMAND":"WORKSEQPP_START_REQUEST"."SEQNO":1001."PPID":"TEST-1"."APCP":""}
2023-08-30 14:43:05.732,Send,EFEM,Normal,{"COMMAND":"WORKSEQPP_START_RESPONSE"."SEQNO":1001."ACK":2."RECIPE_CHANGE_TIME":0}
2023-08-30 14:44:05.673,Receive,EFEM,Normal,{"COMMAND":"WORKSEQPP_START_REQUEST"."SEQNO":1001."PPID":"TEST-1"."APCP":""}
2023-08-30 14:44:05.674,Send,EFEM,Normal,{"COMMAND":"WORKSEQPP_START_RESPONSE"."SEQNO":1001."ACK":2."RECIPE_CHANGE_TIME":0}
2023-08-30 14:45:05.733,Receive,EFEM,Normal,{"COMMAND":"WORKSEQPP_START_REQUEST"."SEQNO":1001."PPID":"TEST-1"."APCP":""}
2023-08-30 14:45:05.734,Send,EFEM,Normal,{"COMMAND":"WORKSEQPP_START_RESPONSE"."SEQNO":1001."ACK":2."RECIPE_CHANGE_TIME":0}
2023-08-30 14:46:05.760,Receive,EFEM,Normal,{"COMMAND":"WORKSEQPP_START_REQUEST"."SEQNO":1001."PPID":"TEST-1"."APCP":""}
2023-08-30 14:46:05.761,Send,EFEM,Normal,{"COMMAND":"WORKSEQPP_START_RESPONSE"."SEQNO":1001."ACK":0."RECIPE_CHANGE_TIME":0}
2023-08-30 14:46:18.089,Receive,EFEM,Normal,{"COMMAND":"GLASS_DATA_REPORT_REQUEST"."HANDOVER_PORT":"port1"."GLASS_INFO":{"CARRIER_ID":"CSTSAP02144028"."PORT_ID":2."LOT_ID":"LOT_001"."GLASS_ID":"GLASS01"."SLOT_NO":1."MAPPED_GLASSCOUNT":10."THIS_GLASSORDER":1."USAGE":"Product"."PROCESS_STATE":0."FLIP_INFO":"TTT"."PPID":"TEST-1"."ULGFlag":null}}
2023-08-30 14:46:36.863,Receive,EFEM,Normal,{"COMMAND":"GLASS_DATA_REPORT_REQUEST"."HANDOVER_PORT":"port1"."GLASS_INFO":{"CARRIER_ID":"CSTSAP02144028"."PORT_ID":2."LOT_ID":"LOT_001"."GLASS_ID":"GLASS02"."SLOT_NO":2."MAPPED_GLASSCOUNT":10."THIS_GLASSORDER":2."USAGE":"Product"."PROCESS_STATE":0."FLIP_INFO":"TTT"."PPID":"TEST-1"."ULGFlag":null}}
2023-08-30 14:46:46.087,Send,EFEM,Normal,{"COMMAND":"GLASS_DATA_REPORT_REQUEST"."HANDOVER_PORT":"port1"."GLASS_INFO":{"CARRIER_ID":"CSTSAP02144028"."PORT_ID":2."LOT_ID":"LOT_001"."GLASS_ID":"GLASS01"."SLOT_NO":1."MAPPED_GLASSCOUNT":10."THIS_GLASSORDER":1."USAGE":"Product"."PROCESS_STATE":0."FLIP_INFO":"TTT"."PPID":"TEST-1"}}
2023-08-30 14:46:46.233,Receive,EFEM,Normal,{"COMMAND":"GLASS_DATA_REPORT_RESPONSE"}
2023-08-30 14:47:05.074,Send,EFEM,Normal,{"COMMAND":"GLASS_DATA_REPORT_REQUEST"."HANDOVER_PORT":"port1"."GLASS_INFO":{"CARRIER_ID":"CSTSAP02144028"."PORT_ID":2."LOT_ID":"LOT_001"."GLASS_ID":"GLASS02"."SLOT_NO":2."MAPPED_GLASSCOUNT":10."THIS_GLASSORDER":2."USAGE":"Product"."PROCESS_STATE":0."FLIP_INFO":"TTT"."PPID":"TEST-1"}}
2023-08-30 14:47:05.177,Receive,EFEM,Normal,{"COMMAND":"GLASS_DATA_REPORT_RESPONSE"}
2023-08-30 14:59:23.663,Connection,EFEM,Normal,Disconnected.
2023-08-30 15:00:21.460,Connection,EFEM,Normal,Opned.
2023-08-30 15:00:25.346,Connection,EFEM,Normal,Connected.
2023-08-30 15:01:44.138,Receive,EFEM,Normal,{
  "COMMAND": "WORKORDER_START_REQUEST".
  "PPLIST": [
    {
      "SEQNO": 1001.
      "PPID": "TEST-1".
      "CARRIER_SLOTS": [
        {
          "PORT_NO": 1.
          "CARRIER_ID": "CSTSAP0115024".
          "SLOTS": [
            {
              "SLOT_NO": 1.
              "GLASS_ID": "GLASS01".
              "FLIPINFO": "TTT"
            }.
            {
              "SLOT_NO": 2.
              "GLASS_ID": "GLASS02".
              "FLIPINFO": "TTT"
            }.
            {
              "SLOT_NO": 3.
              "GLASS_ID": "GLASS03".
              "FLIPINFO": "TTT"
            }.
            {
              "SLOT_NO": 4.
              "GLASS_ID": "GLASS04".
              "FLIPINFO": "TTT"
            }.
            {
              "SLOT_NO": 5.
              "GLASS_ID": "GLASS05".
              "FLIPINFO": "TTT"
            }.
            {
              "SLOT_NO": 6.
              "GLASS_ID": "GLASS06".
              "FLIPINFO": "TTT"
            }.
            {
              "SLOT_NO": 7.
              "GLASS_ID": "GLASS07".
              "FLIPINFO": "TTT"
            }.
            {
              "SLOT_NO": 8.
              "GLASS_ID": "GLASS08".
              "FLIPINFO": "TTT"
            }.
            {
              "SLOT_NO": 9.
              "GLASS_ID": "GLASS09".
              "FLIPINFO": "TTT"
            }.
            {
              "SLOT_NO": 10.
              "GLASS_ID": "GLASS010".
              "FLIPINFO": "TTT"
            }
          ]
        }
      ]
    }
  ]
}
2023-08-30 15:01:44.330,Send,EFEM,Normal,{"COMMAND":"WORKORDER_START_RESPONSE"."PPAckList":[{"SEQNO":1001."PPACK":0}]}
2023-08-30 15:01:44.564,Receive,EFEM,Normal,{"COMMAND":"WORKSEQPP_START_REQUEST"."SEQNO":1001."PPID":"TEST-1"."APCP":""}
2023-08-30 15:01:44.582,Send,EFEM,Normal,{"COMMAND":"WORKSEQPP_START_RESPONSE"."SEQNO":1001."ACK":0."RECIPE_CHANGE_TIME":0}
2023-08-30 15:01:58.297,Receive,EFEM,Normal,{"COMMAND":"GLASS_DATA_REPORT_REQUEST"."HANDOVER_PORT":"port1"."GLASS_INFO":{"CARRIER_ID":"CSTSAP0115024"."PORT_ID":1."LOT_ID":"LOT_001"."GLASS_ID":"GLASS01"."SLOT_NO":1."MAPPED_GLASSCOUNT":10."THIS_GLASSORDER":1."USAGE":"Product"."PROCESS_STATE":0."FLIP_INFO":"TTT"."PPID":"TEST-1"."ULGFlag":null}}
2023-08-30 15:02:28.292,Receive,EFEM,Normal,{"COMMAND":"GLASS_DATA_REPORT_REQUEST"."HANDOVER_PORT":"port1"."GLASS_INFO":{"CARRIER_ID":"CSTSAP0115024"."PORT_ID":1."LOT_ID":"LOT_001"."GLASS_ID":"GLASS02"."SLOT_NO":2."MAPPED_GLASSCOUNT":10."THIS_GLASSORDER":2."USAGE":"Product"."PROCESS_STATE":0."FLIP_INFO":"TTT"."PPID":"TEST-1"."ULGFlag":null}}
2023-08-30 15:02:32.828,Send,EFEM,Normal,{"COMMAND":"GLASS_DATA_REPORT_REQUEST"."HANDOVER_PORT":"port1"."GLASS_INFO":{"CARRIER_ID":"CSTSAP0115024"."PORT_ID":1."LOT_ID":"LOT_001"."GLASS_ID":"GLASS01"."SLOT_NO":1."MAPPED_GLASSCOUNT":10."THIS_GLASSORDER":1."USAGE":"Product"."PROCESS_STATE":0."FLIP_INFO":"TTT"."PPID":"TEST-1"."ULGFlag":"first"}}
2023-08-30 15:02:32.984,Receive,EFEM,Normal,{"COMMAND":"GLASS_DATA_REPORT_RESPONSE"}
2023-08-30 15:03:03.105,Send,EFEM,Normal,{"COMMAND":"GLASS_DATA_REPORT_REQUEST"."HANDOVER_PORT":"port1"."GLASS_INFO":{"CARRIER_ID":"CSTSAP0115024"."PORT_ID":1."LOT_ID":"LOT_001"."GLASS_ID":"GLASS02"."SLOT_NO":2."MAPPED_GLASSCOUNT":10."THIS_GLASSORDER":2."USAGE":"Product"."PROCESS_STATE":0."FLIP_INFO":"TTT"."PPID":"TEST-1"."ULGFlag":"middle"}}
2023-08-30 15:03:03.236,Receive,EFEM,Normal,{"COMMAND":"GLASS_DATA_REPORT_RESPONSE"}
2023-08-30 15:03:22.227,Receive,EFEM,Normal,{"COMMAND":"GLASS_DATA_REPORT_REQUEST"."HANDOVER_PORT":"port1"."GLASS_INFO":{"CARRIER_ID":"CSTSAP0115024"."PORT_ID":1."LOT_ID":"LOT_001"."GLASS_ID":"GLASS03"."SLOT_NO":3."MAPPED_GLASSCOUNT":10."THIS_GLASSORDER":3."USAGE":"Product"."PROCESS_STATE":0."FLIP_INFO":"TTT"."PPID":"TEST-1"."ULGFlag":null}}
2023-08-30 15:03:57.123,Receive,EFEM,Normal,{"COMMAND":"GLASS_DATA_REPORT_REQUEST"."HANDOVER_PORT":"port1"."GLASS_INFO":{"CARRIER_ID":"CSTSAP0115024"."PORT_ID":1."LOT_ID":"LOT_001"."GLASS_ID":"GLASS04"."SLOT_NO":4."MAPPED_GLASSCOUNT":10."THIS_GLASSORDER":4."USAGE":"Product"."PROCESS_STATE":0."FLIP_INFO":"TTT"."PPID":"TEST-1"."ULGFlag":null}}
2023-08-30 15:04:06.120,Send,EFEM,Normal,{"COMMAND":"GLASS_DATA_REPORT_REQUEST"."HANDOVER_PORT":"port1"."GLASS_INFO":{"CARRIER_ID":"CSTSAP0115024"."PORT_ID":1."LOT_ID":"LOT_001"."GLASS_ID":"GLASS03"."SLOT_NO":3."MAPPED_GLASSCOUNT":10."THIS_GLASSORDER":3."USAGE":"Product"."PROCESS_STATE":0."FLIP_INFO":"TTT"."PPID":"TEST-1"."ULGFlag":"middle"}}
2023-08-30 15:04:06.298,Receive,EFEM,Normal,{"COMMAND":"GLASS_DATA_REPORT_RESPONSE"}
2023-08-30 15:04:31.975,Send,EFEM,Normal,{"COMMAND":"GLASS_DATA_REPORT_REQUEST"."HANDOVER_PORT":"port1"."GLASS_INFO":{"CARRIER_ID":"CSTSAP0115024"."PORT_ID":1."LOT_ID":"LOT_001"."GLASS_ID":"GLASS04"."SLOT_NO":4."MAPPED_GLASSCOUNT":10."THIS_GLASSORDER":4."USAGE":"Product"."PROCESS_STATE":0."FLIP_INFO":"TTT"."PPID":"TEST-1"."ULGFlag":"middle"}}
2023-08-30 15:04:32.063,Receive,EFEM,Normal,{"COMMAND":"GLASS_DATA_REPORT_RESPONSE"}
2023-08-30 15:04:53.741,Receive,EFEM,Normal,{"COMMAND":"GLASS_DATA_REPORT_REQUEST"."HANDOVER_PORT":"port1"."GLASS_INFO":{"CARRIER_ID":"CSTSAP0115024"."PORT_ID":1."LOT_ID":"LOT_001"."GLASS_ID":"GLASS05"."SLOT_NO":5."MAPPED_GLASSCOUNT":10."THIS_GLASSORDER":5."USAGE":"Product"."PROCESS_STATE":0."FLIP_INFO":"TTT"."PPID":"TEST-1"."ULGFlag":null}}
2023-08-30 15:05:29.159,Receive,EFEM,Normal,{"COMMAND":"GLASS_DATA_REPORT_REQUEST"."HANDOVER_PORT":"port1"."GLASS_INFO":{"CARRIER_ID":"CSTSAP0115024"."PORT_ID":1."LOT_ID":"LOT_001"."GLASS_ID":"GLASS06"."SLOT_NO":6."MAPPED_GLASSCOUNT":10."THIS_GLASSORDER":6."USAGE":"Product"."PROCESS_STATE":0."FLIP_INFO":"TTT"."PPID":"TEST-1"."ULGFlag":null}}
2023-08-30 15:05:37.616,Send,EFEM,Normal,{"COMMAND":"GLASS_DATA_REPORT_REQUEST"."HANDOVER_PORT":"port1"."GLASS_INFO":{"CARRIER_ID":"CSTSAP0115024"."PORT_ID":1."LOT_ID":"LOT_001"."GLASS_ID":"GLASS05"."SLOT_NO":5."MAPPED_GLASSCOUNT":10."THIS_GLASSORDER":5."USAGE":"Product"."PROCESS_STATE":0."FLIP_INFO":"TTT"."PPID":"TEST-1"."ULGFlag":"middle"}}
2023-08-30 15:05:37.793,Receive,EFEM,Normal,{"COMMAND":"GLASS_DATA_REPORT_RESPONSE"}
2023-08-30 15:06:04.107,Send,EFEM,Normal,{"COMMAND":"GLASS_DATA_REPORT_REQUEST"."HANDOVER_PORT":"port1"."GLASS_INFO":{"CARRIER_ID":"CSTSAP0115024"."PORT_ID":1."LOT_ID":"LOT_001"."GLASS_ID":"GLASS06"."SLOT_NO":6."MAPPED_GLASSCOUNT":10."THIS_GLASSORDER":6."USAGE":"Product"."PROCESS_STATE":0."FLIP_INFO":"TTT"."PPID":"TEST-1"."ULGFlag":"middle"}}
2023-08-30 15:06:04.270,Receive,EFEM,Normal,{"COMMAND":"GLASS_DATA_REPORT_RESPONSE"}
2023-08-30 15:06:25.971,Receive,EFEM,Normal,{"COMMAND":"GLASS_DATA_REPORT_REQUEST"."HANDOVER_PORT":"port1"."GLASS_INFO":{"CARRIER_ID":"CSTSAP0115024"."PORT_ID":1."LOT_ID":"LOT_001"."GLASS_ID":"GLASS07"."SLOT_NO":7."MAPPED_GLASSCOUNT":10."THIS_GLASSORDER":7."USAGE":"Product"."PROCESS_STATE":0."FLIP_INFO":"TTT"."PPID":"TEST-1"."ULGFlag":null}}
2023-08-30 15:07:01.822,Receive,EFEM,Normal,{"COMMAND":"GLASS_DATA_REPORT_REQUEST"."HANDOVER_PORT":"port1"."GLASS_INFO":{"CARRIER_ID":"CSTSAP0115024"."PORT_ID":1."LOT_ID":"LOT_001"."GLASS_ID":"GLASS08"."SLOT_NO":8."MAPPED_GLASSCOUNT":10."THIS_GLASSORDER":8."USAGE":"Product"."PROCESS_STATE":0."FLIP_INFO":"TTT"."PPID":"TEST-1"."ULGFlag":null}}
2023-08-30 15:07:09.833,Send,EFEM,Normal,{"COMMAND":"GLASS_DATA_REPORT_REQUEST"."HANDOVER_PORT":"port1"."GLASS_INFO":{"CARRIER_ID":"CSTSAP0115024"."PORT_ID":1."LOT_ID":"LOT_001"."GLASS_ID":"GLASS07"."SLOT_NO":7."MAPPED_GLASSCOUNT":10."THIS_GLASSORDER":7."USAGE":"Product"."PROCESS_STATE":0."FLIP_INFO":"TTT"."PPID":"TEST-1"."ULGFlag":"middle"}}
2023-08-30 15:07:09.934,Receive,EFEM,Normal,{"COMMAND":"GLASS_DATA_REPORT_RESPONSE"}
2023-08-30 15:07:36.423,Send,EFEM,Normal,{"COMMAND":"GLASS_DATA_REPORT_REQUEST"."HANDOVER_PORT":"port1"."GLASS_INFO":{"CARRIER_ID":"CSTSAP0115024"."PORT_ID":1."LOT_ID":"LOT_001"."GLASS_ID":"GLASS08"."SLOT_NO":8."MAPPED_GLASSCOUNT":10."THIS_GLASSORDER":8."USAGE":"Product"."PROCESS_STATE":0."FLIP_INFO":"TTT"."PPID":"TEST-1"."ULGFlag":"middle"}}
2023-08-30 15:07:36.539,Receive,EFEM,Normal,{"COMMAND":"GLASS_DATA_REPORT_RESPONSE"}
2023-08-30 15:07:58.519,Receive,EFEM,Normal,{"COMMAND":"GLASS_DATA_REPORT_REQUEST"."HANDOVER_PORT":"port1"."GLASS_INFO":{"CARRIER_ID":"CSTSAP0115024"."PORT_ID":1."LOT_ID":"LOT_001"."GLASS_ID":"GLASS09"."SLOT_NO":9."MAPPED_GLASSCOUNT":10."THIS_GLASSORDER":9."USAGE":"Product"."PROCESS_STATE":0."FLIP_INFO":"TTT"."PPID":"TEST-1"."ULGFlag":null}}
2023-08-30 15:08:33.873,Receive,EFEM,Normal,{"COMMAND":"GLASS_DATA_REPORT_REQUEST"."HANDOVER_PORT":"port1"."GLASS_INFO":{"CARRIER_ID":"CSTSAP0115024"."PORT_ID":1."LOT_ID":"LOT_001"."GLASS_ID":"GLASS010"."SLOT_NO":10."MAPPED_GLASSCOUNT":10."THIS_GLASSORDER":10."USAGE":"Product"."PROCESS_STATE":0."FLIP_INFO":"TTT"."PPID":"TEST-1"."ULGFlag":null}}
2023-08-30 15:08:42.649,Send,EFEM,Normal,{"COMMAND":"GLASS_DATA_REPORT_REQUEST"."HANDOVER_PORT":"port1"."GLASS_INFO":{"CARRIER_ID":"CSTSAP0115024"."PORT_ID":1."LOT_ID":"LOT_001"."GLASS_ID":"GLASS09"."SLOT_NO":9."MAPPED_GLASSCOUNT":10."THIS_GLASSORDER":9."USAGE":"Product"."PROCESS_STATE":0."FLIP_INFO":"TTT"."PPID":"TEST-1"."ULGFlag":"middle"}}
2023-08-30 15:08:42.733,Receive,EFEM,Normal,{"COMMAND":"GLASS_DATA_REPORT_RESPONSE"}
2023-08-30 15:11:43.389,Send,EFEM,Normal,{"COMMAND":"GLASS_SCRAP_NOTIFY_REQUEST"."GLASS_INFO":{"CARRIER_ID":"CSTSAP0115024"."PORT_ID":1."LOT_ID":"LOT_001"."GLASS_ID":"GLASS010"."SLOT_NO":10."THIS_GLASSORDER":10}}
2023-08-30 15:11:43.939,Receive,EFEM,Normal,{"COMMAND":"GLASS_SCRAP_NOTIFY_RESPONSE"}
2023-08-30 15:11:44.061,Receive,EFEM,Normal,{"COMMAND":"WORKSEQPP_END_REQUEST"."SEQNO":1001}
2023-08-30 15:11:44.064,Send,EFEM,Normal,{"COMMAND":"WORKSEQPP_END_RESPONSE"."SEQNO":1001}
