2023-08-29 12:16:51,261[INFO ]:Send LinkTest Request.
2023-08-29 12:16:51,264[INFO ]:Queued HSMS Message : SSID(65535), B2(0), B3(0), P(0), S(5), SB(19), Length[0]
2023-08-29 12:16:51,264[INFO ]:Message Stat : Queue[1], Sent[0], Recv[4]
2023-08-29 12:16:51,276[INFO ]:>>> Sent HSMS Message >>> : SSID(65535), B2(0), B3(0), P(0), S(5), SB(19), Length[0]
2023-08-29 12:16:51,412[INFO ]:Received LinkTest Response.
2023-08-29 12:16:51,412[INFO ]:<<< Received HSMS Message <<< : SSID(65535), B2(0), B3(0), P(0), S(6), SB(19), Length[0]
2023-08-29 12:18:53,048[INFO ]:Send LinkTest Request.
2023-08-29 12:18:53,048[INFO ]:Queued HSMS Message : SSID(65535), B2(0), B3(0), P(0), S(5), SB(20), Length[0]
2023-08-29 12:18:53,048[INFO ]:Message Stat : Queue[1], Sent[0], Recv[5]
2023-08-29 12:18:53,093[INFO ]:>>> Sent HSMS Message >>> : SSID(65535), B2(0), B3(0), P(0), S(5), SB(20), Length[0]
2023-08-29 12:18:53,214[INFO ]:Received LinkTest Response.
2023-08-29 12:18:53,214[INFO ]:<<< Received HSMS Message <<< : SSID(65535), B2(0), B3(0), P(0), S(6), SB(20), Length[0]
2023-08-29 12:20:54,855[INFO ]:Send LinkTest Request.
2023-08-29 12:20:54,855[INFO ]:Queued HSMS Message : SSID(65535), B2(0), B3(0), P(0), S(5), SB(21), Length[0]
2023-08-29 12:20:54,855[INFO ]:Message Stat : Queue[1], Sent[0], Recv[6]
2023-08-29 12:20:54,870[INFO ]:>>> Sent HSMS Message >>> : SSID(65535), B2(0), B3(0), P(0), S(5), SB(21), Length[0]
2023-08-29 12:20:55,009[INFO ]:Received LinkTest Response.
2023-08-29 12:20:55,009[INFO ]:<<< Received HSMS Message <<< : SSID(65535), B2(0), B3(0), P(0), S(6), SB(21), Length[0]
2023-08-29 12:22:56,564[INFO ]:Send LinkTest Request.
2023-08-29 12:22:56,564[INFO ]:Queued HSMS Message : SSID(65535), B2(0), B3(0), P(0), S(5), SB(22), Length[0]
2023-08-29 12:22:56,564[INFO ]:Message Stat : Queue[1], Sent[0], Recv[7]
2023-08-29 12:22:56,611[INFO ]:>>> Sent HSMS Message >>> : SSID(65535), B2(0), B3(0), P(0), S(5), SB(22), Length[0]
2023-08-29 12:22:56,749[INFO ]:Received LinkTest Response.
2023-08-29 12:22:56,749[INFO ]:<<< Received HSMS Message <<< : SSID(65535), B2(0), B3(0), P(0), S(6), SB(22), Length[0]
2023-08-29 12:24:58,267[INFO ]:Send LinkTest Request.
2023-08-29 12:24:58,267[INFO ]:Queued HSMS Message : SSID(65535), B2(0), B3(0), P(0), S(5), SB(23), Length[0]
2023-08-29 12:24:58,267[INFO ]:Message Stat : Queue[1], Sent[0], Recv[8]
2023-08-29 12:24:58,297[INFO ]:>>> Sent HSMS Message >>> : SSID(65535), B2(0), B3(0), P(0), S(5), SB(23), Length[0]
2023-08-29 12:24:58,451[INFO ]:Received LinkTest Response.
2023-08-29 12:24:58,451[INFO ]:<<< Received HSMS Message <<< : SSID(65535), B2(0), B3(0), P(0), S(6), SB(23), Length[0]
2023-08-29 12:27:00,087[INFO ]:Send LinkTest Request.
2023-08-29 12:27:00,087[INFO ]:Queued HSMS Message : SSID(65535), B2(0), B3(0), P(0), S(5), SB(24), Length[0]
2023-08-29 12:27:00,088[INFO ]:Message Stat : Queue[1], Sent[0], Recv[9]
2023-08-29 12:27:00,133[INFO ]:>>> Sent HSMS Message >>> : SSID(65535), B2(0), B3(0), P(0), S(5), SB(24), Length[0]
2023-08-29 12:27:00,287[INFO ]:Received LinkTest Response.
2023-08-29 12:27:00,287[INFO ]:<<< Received HSMS Message <<< : SSID(65535), B2(0), B3(0), P(0), S(6), SB(24), Length[0]
2023-08-29 12:29:01,799[INFO ]:Send LinkTest Request.
2023-08-29 12:29:01,799[INFO ]:Queued HSMS Message : SSID(65535), B2(0), B3(0), P(0), S(5), SB(25), Length[0]
2023-08-29 12:29:01,799[INFO ]:Message Stat : Queue[1], Sent[0], Recv[10]
2023-08-29 12:29:01,830[INFO ]:>>> Sent HSMS Message >>> : SSID(65535), B2(0), B3(0), P(0), S(5), SB(25), Length[0]
2023-08-29 12:29:01,953[INFO ]:Received LinkTest Response.
2023-08-29 12:29:01,953[INFO ]:<<< Received HSMS Message <<< : SSID(65535), B2(0), B3(0), P(0), S(6), SB(25), Length[0]
2023-08-29 12:31:03,635[INFO ]:Send LinkTest Request.
2023-08-29 12:31:03,635[INFO ]:Queued HSMS Message : SSID(65535), B2(0), B3(0), P(0), S(5), SB(26), Length[0]
2023-08-29 12:31:03,635[INFO ]:Message Stat : Queue[1], Sent[0], Recv[11]
2023-08-29 12:31:03,651[INFO ]:>>> Sent HSMS Message >>> : SSID(65535), B2(0), B3(0), P(0), S(5), SB(26), Length[0]
2023-08-29 12:31:03,802[INFO ]:Received LinkTest Response.
2023-08-29 12:31:03,802[INFO ]:<<< Received HSMS Message <<< : SSID(65535), B2(0), B3(0), P(0), S(6), SB(26), Length[0]
2023-08-29 12:33:05,409[INFO ]:Send LinkTest Request.
2023-08-29 12:33:05,410[INFO ]:Queued HSMS Message : SSID(65535), B2(0), B3(0), P(0), S(5), SB(27), Length[0]
2023-08-29 12:33:05,410[INFO ]:Message Stat : Queue[1], Sent[0], Recv[12]
2023-08-29 12:33:05,424[INFO ]:>>> Sent HSMS Message >>> : SSID(65535), B2(0), B3(0), P(0), S(5), SB(27), Length[0]
2023-08-29 12:33:05,529[INFO ]:Received LinkTest Response.
2023-08-29 12:33:05,529[INFO ]:<<< Received HSMS Message <<< : SSID(65535), B2(0), B3(0), P(0), S(6), SB(27), Length[0]
2023-08-29 12:34:34,435[INFO ]:Before Clear Queue.
2023-08-29 12:34:34,442[INFO ]:Clear Queue.
2023-08-29 12:34:34,442[INFO ]:Reset System Bytes to Zero(0).
2023-08-29 12:34:34,442[INFO ]:Connection Mode : Passive
2023-08-29 12:34:34,447[INFO ]:Thread State Changed : Working
2023-08-29 12:34:34,448[INFO ]:Start RunThreadPassive()
2023-08-29 12:34:34,448[INFO ]:Listening State Changed : Open
2023-08-29 12:34:34,448[INFO ]:Socket Listener was Started.
2023-08-29 12:34:34,448[INFO ]:Before Clear Queue.
2023-08-29 12:34:34,448[INFO ]:Clear Queue.
2023-08-29 12:34:34,448[INFO ]:Waiting New Connection...
2023-08-29 12:34:37,046[INFO ]:Accept New Connection.
2023-08-29 12:34:37,046[INFO ]:Listening State Changed : Close
2023-08-29 12:34:37,046[INFO ]:Start New Connection.
2023-08-29 12:34:37,047[INFO ]:HSMS Connection State Is Changed : 0 -> 1
2023-08-29 12:34:37,048[INFO ]:Start Basic Timer Due(1000), Period(1000)
2023-08-29 12:34:37,049[INFO ]:Started Basic Timer.
2023-08-29 12:34:37,053[INFO ]:Start Recv Thread.
2023-08-29 12:34:37,055[INFO ]:Start RunThreadRecv()
2023-08-29 12:34:37,061[INFO ]:Queued HSMS Message : SSID(0), B2(0), B3(0), P(0), S(2), SB(105), Length[0]
2023-08-29 12:34:37,062[INFO ]:Message Stat : Queue[1], Sent[0], Recv[1]
2023-08-29 12:34:37,062[INFO ]:HSMS Connection State Is Changed : 1 -> 3
2023-08-29 12:34:37,063[INFO ]:Received Select Request.
2023-08-29 12:34:37,063[INFO ]:<<< Received HSMS Message <<< : SSID(0), B2(0), B3(0), P(0), S(1), SB(105), Length[0]
2023-08-29 12:34:37,063[INFO ]:Send LinkTest Request.
2023-08-29 12:34:37,063[INFO ]:Queued HSMS Message : SSID(65535), B2(0), B3(0), P(0), S(5), SB(0), Length[0]
2023-08-29 12:34:37,063[INFO ]:Message Stat : Queue[2], Sent[0], Recv[1]
2023-08-29 12:34:37,108[INFO ]:Sent Select Response.
2023-08-29 12:34:37,109[INFO ]:>>> Sent HSMS Message >>> : SSID(0), B2(0), B3(0), P(0), S(2), SB(105), Length[0]
2023-08-29 12:34:37,109[INFO ]:>>> Sent HSMS Message >>> : SSID(65535), B2(0), B3(0), P(0), S(5), SB(0), Length[0]
2023-08-29 12:34:37,214[INFO ]:Received LinkTest Response.
2023-08-29 12:34:37,214[INFO ]:<<< Received HSMS Message <<< : SSID(65535), B2(0), B3(0), P(0), S(6), SB(0), Length[0]
2023-08-29 12:34:37,219[INFO ]:Queued HSMS Message : SSID(0), B2(129), B3(13), P(0), S(0), SB(1), Length[23]
2023-08-29 12:34:37,219[INFO ]:Message Stat : Queue[1], Sent[0], Recv[1]
2023-08-29 12:34:37,229[INFO ]:>>> Sent HSMS Message >>> : SSID(0), B2(129), B3(13), P(0), S(0), SB(1), Length[23]
2023-08-29 12:34:37,230[DEBUG]:>>>> HSMS Data [23] >>>>
    01-02-41-03  55-50-4B-41  0E-31-2E-30  2E-38-36-34
    31-2E-32-32  36-33-35
2023-08-29 12:34:37,367[INFO ]:<<< Received HSMS Message <<< : SSID(0), B2(1), B3(14), P(0), S(0), SB(1), Length[11]
2023-08-29 12:34:37,367[DEBUG]:<<<< HSMS Data [11] <<<<
    01-02-21-01  00-01-02-41  00-41-00
2023-08-29 12:36:37,910[INFO ]:Send LinkTest Request.
2023-08-29 12:36:37,910[INFO ]:Queued HSMS Message : SSID(65535), B2(0), B3(0), P(0), S(5), SB(2), Length[0]
2023-08-29 12:36:37,910[INFO ]:Message Stat : Queue[1], Sent[0], Recv[2]
2023-08-29 12:36:37,941[INFO ]:>>> Sent HSMS Message >>> : SSID(65535), B2(0), B3(0), P(0), S(5), SB(2), Length[0]
2023-08-29 12:36:38,095[INFO ]:Received LinkTest Response.
2023-08-29 12:36:38,095[INFO ]:<<< Received HSMS Message <<< : SSID(65535), B2(0), B3(0), P(0), S(6), SB(2), Length[0]
2023-08-29 12:38:40,056[INFO ]:Send LinkTest Request.
2023-08-29 12:38:40,056[INFO ]:Queued HSMS Message : SSID(65535), B2(0), B3(0), P(0), S(5), SB(3), Length[0]
2023-08-29 12:38:40,056[INFO ]:Message Stat : Queue[1], Sent[0], Recv[3]
2023-08-29 12:38:40,087[INFO ]:>>> Sent HSMS Message >>> : SSID(65535), B2(0), B3(0), P(0), S(5), SB(3), Length[0]
2023-08-29 12:38:40,210[INFO ]:Received LinkTest Response.
2023-08-29 12:38:40,210[INFO ]:<<< Received HSMS Message <<< : SSID(65535), B2(0), B3(0), P(0), S(6), SB(3), Length[0]
2023-08-29 12:40:42,185[INFO ]:Send LinkTest Request.
2023-08-29 12:40:42,185[INFO ]:Queued HSMS Message : SSID(65535), B2(0), B3(0), P(0), S(5), SB(4), Length[0]
2023-08-29 12:40:42,185[INFO ]:Message Stat : Queue[1], Sent[0], Recv[4]
2023-08-29 12:40:42,231[INFO ]:>>> Sent HSMS Message >>> : SSID(65535), B2(0), B3(0), P(0), S(5), SB(4), Length[0]
2023-08-29 12:40:42,337[INFO ]:Received LinkTest Response.
2023-08-29 12:40:42,337[INFO ]:<<< Received HSMS Message <<< : SSID(65535), B2(0), B3(0), P(0), S(6), SB(4), Length[0]
2023-08-29 12:42:44,269[INFO ]:Send LinkTest Request.
2023-08-29 12:42:44,269[INFO ]:Queued HSMS Message : SSID(65535), B2(0), B3(0), P(0), S(5), SB(5), Length[0]
2023-08-29 12:42:44,269[INFO ]:Message Stat : Queue[1], Sent[0], Recv[5]
2023-08-29 12:42:44,329[INFO ]:>>> Sent HSMS Message >>> : SSID(65535), B2(0), B3(0), P(0), S(5), SB(5), Length[0]
2023-08-29 12:42:44,482[INFO ]:Received LinkTest Response.
2023-08-29 12:42:44,482[INFO ]:<<< Received HSMS Message <<< : SSID(65535), B2(0), B3(0), P(0), S(6), SB(5), Length[0]
2023-08-29 12:44:46,329[INFO ]:Send LinkTest Request.
2023-08-29 12:44:46,329[INFO ]:Queued HSMS Message : SSID(65535), B2(0), B3(0), P(0), S(5), SB(6), Length[0]
2023-08-29 12:44:46,329[INFO ]:Message Stat : Queue[1], Sent[0], Recv[6]
2023-08-29 12:44:46,359[INFO ]:>>> Sent HSMS Message >>> : SSID(65535), B2(0), B3(0), P(0), S(5), SB(6), Length[0]
2023-08-29 12:44:46,468[INFO ]:Received LinkTest Response.
2023-08-29 12:44:46,468[INFO ]:<<< Received HSMS Message <<< : SSID(65535), B2(0), B3(0), P(0), S(6), SB(6), Length[0]
2023-08-29 12:46:48,406[INFO ]:Send LinkTest Request.
2023-08-29 12:46:48,406[INFO ]:Queued HSMS Message : SSID(65535), B2(0), B3(0), P(0), S(5), SB(7), Length[0]
2023-08-29 12:46:48,406[INFO ]:Message Stat : Queue[1], Sent[0], Recv[7]
2023-08-29 12:46:48,422[INFO ]:>>> Sent HSMS Message >>> : SSID(65535), B2(0), B3(0), P(0), S(5), SB(7), Length[0]
2023-08-29 12:46:48,589[INFO ]:Received LinkTest Response.
2023-08-29 12:46:48,589[INFO ]:<<< Received HSMS Message <<< : SSID(65535), B2(0), B3(0), P(0), S(6), SB(7), Length[0]
2023-08-29 12:48:50,441[INFO ]:Send LinkTest Request.
2023-08-29 12:48:50,441[INFO ]:Queued HSMS Message : SSID(65535), B2(0), B3(0), P(0), S(5), SB(8), Length[0]
2023-08-29 12:48:50,441[INFO ]:Message Stat : Queue[1], Sent[0], Recv[8]
2023-08-29 12:48:50,472[INFO ]:>>> Sent HSMS Message >>> : SSID(65535), B2(0), B3(0), P(0), S(5), SB(8), Length[0]
2023-08-29 12:48:50,578[INFO ]:Received LinkTest Response.
2023-08-29 12:48:50,578[INFO ]:<<< Received HSMS Message <<< : SSID(65535), B2(0), B3(0), P(0), S(6), SB(8), Length[0]
2023-08-29 12:50:52,414[INFO ]:Send LinkTest Request.
2023-08-29 12:50:52,414[INFO ]:Queued HSMS Message : SSID(65535), B2(0), B3(0), P(0), S(5), SB(9), Length[0]
2023-08-29 12:50:52,414[INFO ]:Message Stat : Queue[1], Sent[0], Recv[9]
2023-08-29 12:50:52,446[INFO ]:>>> Sent HSMS Message >>> : SSID(65535), B2(0), B3(0), P(0), S(5), SB(9), Length[0]
2023-08-29 12:50:52,553[INFO ]:Received LinkTest Response.
2023-08-29 12:50:52,553[INFO ]:<<< Received HSMS Message <<< : SSID(65535), B2(0), B3(0), P(0), S(6), SB(9), Length[0]
2023-08-29 12:52:54,487[INFO ]:Send LinkTest Request.
2023-08-29 12:52:54,487[INFO ]:Queued HSMS Message : SSID(65535), B2(0), B3(0), P(0), S(5), SB(10), Length[0]
2023-08-29 12:52:54,487[INFO ]:Message Stat : Queue[1], Sent[0], Recv[10]
2023-08-29 12:52:54,502[INFO ]:>>> Sent HSMS Message >>> : SSID(65535), B2(0), B3(0), P(0), S(5), SB(10), Length[0]
2023-08-29 12:52:54,655[INFO ]:Received LinkTest Response.
2023-08-29 12:52:54,655[INFO ]:<<< Received HSMS Message <<< : SSID(65535), B2(0), B3(0), P(0), S(6), SB(10), Length[0]
2023-08-29 12:54:39,712[INFO ]:<<< Received HSMS Message <<< : SSID(0), B2(130), B3(15), P(0), S(0), SB(107), Length[16]
2023-08-29 12:54:39,712[DEBUG]:<<<< HSMS Data [16] <<<<
    01-01-01-02  B1-04-00-00  00-6F-B1-04  00-00-00-14
2023-08-29 12:54:39,794[INFO ]:Queued HSMS Message : SSID(0), B2(2), B3(16), P(0), S(0), SB(107), Length[3]
2023-08-29 12:54:39,794[INFO ]:Message Stat : Queue[1], Sent[0], Recv[12]
2023-08-29 12:54:39,799[INFO ]:Queued HSMS Message : SSID(0), B2(134), B3(11), P(0), S(0), SB(11), Length[16]
2023-08-29 12:54:39,799[INFO ]:Message Stat : Queue[2], Sent[0], Recv[12]
2023-08-29 12:54:39,834[INFO ]:>>> Sent HSMS Message >>> : SSID(0), B2(2), B3(16), P(0), S(0), SB(107), Length[3]
2023-08-29 12:54:39,834[DEBUG]:>>>> HSMS Data [3] >>>>
    21-01-00
2023-08-29 12:54:39,834[INFO ]:>>> Sent HSMS Message >>> : SSID(0), B2(134), B3(11), P(0), S(0), SB(11), Length[16]
2023-08-29 12:54:39,834[DEBUG]:>>>> HSMS Data [16] >>>>
    01-03-B1-04  00-00-00-00  B1-04-00-00  03-F7-01-00
2023-08-29 12:54:40,003[INFO ]:<<< Received HSMS Message <<< : SSID(0), B2(6), B3(12), P(0), S(0), SB(11), Length[3]
2023-08-29 12:54:40,003[DEBUG]:<<<< HSMS Data [3] <<<<
    21-01-00
2023-08-29 12:54:43,197[INFO ]:<<< Received HSMS Message <<< : SSID(0), B2(130), B3(29), P(0), S(0), SB(109), Length[2]
2023-08-29 12:54:43,197[DEBUG]:<<<< HSMS Data [2] <<<<
    01-00
2023-08-29 12:54:43,204[INFO ]:Queued HSMS Message : SSID(0), B2(2), B3(30), P(0), S(0), SB(109), Length[433]
2023-08-29 12:54:43,204[INFO ]:Message Stat : Queue[1], Sent[0], Recv[13]
2023-08-29 12:54:43,258[INFO ]:>>> Sent HSMS Message >>> : SSID(0), B2(2), B3(30), P(0), S(0), SB(109), Length[433]
2023-08-29 12:54:43,259[DEBUG]:>>>> HSMS Data [433] >>>>
    01-0A-01-06  B1-04-00-00  00-66-41-09  53-65-73-73
    69-6F-6E-49  44-A9-02-00  00-A9-02-FF  FF-A9-02-00
    00-41-00-01  06-B1-04-00  00-00-67-41  14-48-53-4D
    53-4C-69-6E  6B-54-65-73  74-49-6E-74  65-72-76-61
    6C-B1-04-00  00-00-0A-B1  04-00-01-51  80-B1-04-00
    00-00-78-41  03-73-65-63  01-06-B1-04  00-00-00-68
    41-1D-45-73  74-61-62-6C  69-73-68-43  6F-6D-6D-75
    6E-69-63-61  74-69-6F-6E  54-69-6D-65  6F-75-74-B1
    04-00-00-00  02-B1-04-00  00-00-78-B1  04-00-00-00
    0A-41-03-73  65-63-01-06  B1-04-00-00  00-69-41-0A
    54-69-6D-65  46-6F-72-6D  61-74-B1-04  00-00-00-00
    B1-04-00-00  00-01-B1-04  00-00-00-01  41-00-01-06
    B1-04-00-00  00-6A-41-09  54-33-54-69  6D-65-6F-75
    74-B1-04-00  00-00-01-B1  04-00-00-00  78-B1-04-00
    00-00-2D-41  03-73-65-63  01-06-B1-04  00-00-00-6B
    41-09-54-35  54-69-6D-65  6F-75-74-B1  04-00-00-00
    01-B1-04-00  00-00-F0-B1  04-00-00-00  0A-41-03-73
    65-63-01-06  B1-04-00-00  00-6C-41-09  54-36-54-69
    6D-65-6F-75  74-B1-04-00  00-00-01-B1  04-00-00-00
    F0-B1-04-00  00-00-05-41  03-73-65-63  01-06-B1-04
    00-00-00-6D  41-09-54-37  54-69-6D-65  6F-75-74-B1
    04-00-00-00  01-B1-04-00  00-00-F0-B1  04-00-00-00
    0A-41-03-73  65-63-01-06  B1-04-00-00  00-6E-41-09
    54-38-54-69  6D-65-6F-75  74-B1-04-00  00-00-01-B1
    04-00-00-00  F0-B1-04-00  00-00-05-41  03-73-65-63
    01-06-B1-04  00-00-00-6F  41-0C-55-73  65-53-36-46
    31-52-65-70  6C-79-25-01  00-25-01-01  25-01-00-41
    00
2023-08-29 12:54:48,148[INFO ]:<<< Received HSMS Message <<< : SSID(0), B2(129), B3(21), P(0), S(0), SB(111), Length[4]
2023-08-29 12:54:48,148[DEBUG]:<<<< HSMS Data [4] <<<<
    01-01-B1-00
2023-08-29 12:54:48,151[INFO ]:Queued HSMS Message : SSID(0), B2(1), B3(22), P(0), S(0), SB(111), Length[328]
2023-08-29 12:54:48,151[INFO ]:Message Stat : Queue[1], Sent[0], Recv[13]
2023-08-29 12:54:48,209[INFO ]:>>> Sent HSMS Message >>> : SSID(0), B2(1), B3(22), P(0), S(0), SB(111), Length[328]
2023-08-29 12:54:48,209[DEBUG]:>>>> HSMS Data [328] >>>>
    01-11-01-03  B1-04-00-00  01-2D-41-04  41-4C-43-44
    41-00-01-03  B1-04-00-00  01-2E-41-04  41-4C-49-44
    41-00-01-03  B1-04-00-00  01-2F-41-04  41-4C-54-58
    41-00-01-03  B1-04-00-00  01-30-41-04  45-43-49-44
    41-00-01-03  B1-04-00-00  01-31-41-06  45-43-4E-41
    4D-45-41-00  01-03-B1-04  00-00-01-32  41-03-45-43
    56-41-00-01  03-B1-04-00  00-01-36-41  08-4D-6F-64
    75-6C-65-49  44-41-00-01  03-B1-04-00  00-01-37-41
    07-47-6C-61  73-73-49-44  41-00-01-03  B1-04-00-00
    01-38-41-06  50-6F-72-74  49-44-41-00  01-03-B1-04
    00-00-01-39  41-06-54-72  61-79-49-44  41-00-01-03
    B1-04-00-00  01-3A-41-06  53-6C-6F-74  4E-6F-41-00
    01-03-B1-04  00-00-01-3B  41-0C-49-44  52-65-61-64
    53-74-61-74  75-73-41-00  01-03-B1-04  00-00-01-3C
    41-11-50-6F  72-74-54-72  61-6E-73-66  65-72-53-74
    61-74-65-41  00-01-03-B1  04-00-00-01  3D-41-09-50
    6F-72-74-53  74-61-74-65  41-00-01-03  B1-04-00-00
    01-41-41-06  57-6F-72-6B  49-44-41-00  01-03-B1-04
    00-00-01-42  41-0F-50-72  65-76-69-6F  75-73-47-6C
    61-73-73-49  44-41-00-01  03-B1-04-00  00-01-43-41
    05-4C-6F-74  49-44-41-00
2023-08-29 12:54:51,574[INFO ]:<<< Received HSMS Message <<< : SSID(0), B2(129), B3(21), P(0), S(0), SB(113), Length[2]
2023-08-29 12:54:51,574[DEBUG]:<<<< HSMS Data [2] <<<<
    01-00
2023-08-29 12:54:51,576[INFO ]:Queued HSMS Message : SSID(0), B2(1), B3(22), P(0), S(0), SB(113), Length[328]
2023-08-29 12:54:51,576[INFO ]:Message Stat : Queue[1], Sent[0], Recv[13]
2023-08-29 12:54:51,635[INFO ]:>>> Sent HSMS Message >>> : SSID(0), B2(1), B3(22), P(0), S(0), SB(113), Length[328]
2023-08-29 12:54:51,635[DEBUG]:>>>> HSMS Data [328] >>>>
    01-11-01-03  B1-04-00-00  01-2D-41-04  41-4C-43-44
    41-00-01-03  B1-04-00-00  01-2E-41-04  41-4C-49-44
    41-00-01-03  B1-04-00-00  01-2F-41-04  41-4C-54-58
    41-00-01-03  B1-04-00-00  01-30-41-04  45-43-49-44
    41-00-01-03  B1-04-00-00  01-31-41-06  45-43-4E-41
    4D-45-41-00  01-03-B1-04  00-00-01-32  41-03-45-43
    56-41-00-01  03-B1-04-00  00-01-36-41  08-4D-6F-64
    75-6C-65-49  44-41-00-01  03-B1-04-00  00-01-37-41
    07-47-6C-61  73-73-49-44  41-00-01-03  B1-04-00-00
    01-38-41-06  50-6F-72-74  49-44-41-00  01-03-B1-04
    00-00-01-39  41-06-54-72  61-79-49-44  41-00-01-03
    B1-04-00-00  01-3A-41-06  53-6C-6F-74  4E-6F-41-00
    01-03-B1-04  00-00-01-3B  41-0C-49-44  52-65-61-64
    53-74-61-74  75-73-41-00  01-03-B1-04  00-00-01-3C
    41-11-50-6F  72-74-54-72  61-6E-73-66  65-72-53-74
    61-74-65-41  00-01-03-B1  04-00-00-01  3D-41-09-50
    6F-72-74-53  74-61-74-65  41-00-01-03  B1-04-00-00
    01-41-41-06  57-6F-72-6B  49-44-41-00  01-03-B1-04
    00-00-01-42  41-0F-50-72  65-76-69-6F  75-73-47-6C
    61-73-73-49  44-41-00-01  03-B1-04-00  00-01-43-41
    05-4C-6F-74  49-44-41-00
2023-08-29 12:54:56,510[INFO ]:Send LinkTest Request.
2023-08-29 12:54:56,510[INFO ]:Queued HSMS Message : SSID(65535), B2(0), B3(0), P(0), S(5), SB(12), Length[0]
2023-08-29 12:54:56,510[INFO ]:Message Stat : Queue[1], Sent[0], Recv[12]
2023-08-29 12:54:56,525[INFO ]:>>> Sent HSMS Message >>> : SSID(65535), B2(0), B3(0), P(0), S(5), SB(12), Length[0]
2023-08-29 12:54:56,662[INFO ]:Received LinkTest Response.
2023-08-29 12:54:56,662[INFO ]:<<< Received HSMS Message <<< : SSID(65535), B2(0), B3(0), P(0), S(6), SB(12), Length[0]
2023-08-29 12:54:58,403[INFO ]:<<< Received HSMS Message <<< : SSID(0), B2(129), B3(11), P(0), S(0), SB(115), Length[4]
2023-08-29 12:54:58,403[DEBUG]:<<<< HSMS Data [4] <<<<
    01-01-B1-00
2023-08-29 12:54:58,407[INFO ]:Queued HSMS Message : SSID(0), B2(1), B3(12), P(0), S(0), SB(115), Length[1,085]
2023-08-29 12:54:58,407[INFO ]:Message Stat : Queue[1], Sent[0], Recv[14]
2023-08-29 12:54:58,418[INFO ]:>>> Sent HSMS Message >>> : SSID(0), B2(1), B3(12), P(0), S(0), SB(115), Length[1,085]
2023-08-29 12:54:58,418[DEBUG]:>>>> HSMS Data [1085] >>>>
    01-2B-01-03  B1-04-00-00  00-C8-41-09  43-6F-6D-6D
    53-74-61-74  65-41-00-01  03-B1-04-00  00-00-C9-41
    0C-43-6F-6E  74-72-6F-6C  53-74-61-74  65-41-00-01
    03-B1-04-00  00-00-CA-41  14-50-72-65  76-69-6F-75
    73-43-6F-6E  74-72-6F-6C  53-74-61-74  65-41-00-01
    03-B1-04-00  00-00-CB-41  08-45-71-70  53-74-61-74
    65-41-00-01  03-B1-04-00  00-00-CC-41  10-50-72-65
    76-69-6F-75  73-45-71-70  53-74-61-74  65-41-00-01
    03-B1-04-00  00-00-CD-41  06-55-73-65  72-49-64-41
    00-01-03-B1  04-00-00-00  CE-41-0E-50  72-65-76-69
    6F-75-73-55  73-65-72-49  64-41-00-01  03-B1-04-00
    00-00-D2-41  0D-45-76-65  6E-74-73-45  6E-61-62-6C
    65-64-41-00  01-03-B1-04  00-00-00-D3  41-0D-41-6C
    61-72-6D-73  45-6E-61-62  6C-65-64-41  00-01-03-B1
    04-00-00-00  D4-41-09-41  6C-61-72-6D  73-53-65-74
    41-00-01-03  B1-04-00-00  00-DC-41-04  4D-44-4C-4E
    41-00-01-03  B1-04-00-00  00-DD-41-07  53-4F-46-54
    52-45-56-41  00-01-03-B1  04-00-00-2A  F9-41-0D-54
    65-6D-70-5F  53-65-6E-73  6F-72-5F-31  41-00-01-03
    B1-04-00-00  2A-FA-41-12  4D-61-69-6E  5F-70-6F-77
    65-72-5F-76  6F-6C-74-61  67-65-41-00  01-03-B1-04
    00-00-2A-FB  41-13-54-72  61-76-65-6C  5F-73-65-72
    76-6F-5F-74  6F-72-71-75  65-41-00-01  03-B1-04-00
    00-2A-FC-41  12-54-72-61  76-65-6C-5F  73-65-72-76
    6F-5F-73-70  65-65-64-41  00-01-03-B1  04-00-00-2A
    FD-41-14-48  6F-69-73-74  23-31-5F-73  65-72-76-6F
    5F-74-6F-72  71-75-65-41  00-01-03-B1  04-00-00-2A
    FE-41-13-48  6F-69-73-74  23-31-5F-73  65-72-76-6F
    5F-73-70-65  65-64-41-00  01-03-B1-04  00-00-2A-FF
    41-14-48-6F  69-73-74-23  32-5F-73-65  72-76-6F-5F
    74-6F-72-71  75-65-41-00  01-03-B1-04  00-00-2B-00
    41-13-48-6F  69-73-74-23  32-5F-73-65  72-76-6F-5F
    73-70-65-65  64-41-00-01  03-B1-04-00  00-4E-21-41
    16-49-50-30  31-5F-50-6F  72-74-54-72  61-6E-73-66
    65-72-53-74  61-74-65-41  00-01-03-B1  04-00-00-4E
    22-41-0E-49  50-30-31-5F  50-6F-72-74  53-74-61-74
    65-41-00-01  03-B1-04-00  00-4E-23-41  0D-49-50-30
    31-5F-50-6F  72-74-54-79  70-65-41-00  01-03-B1-04
    00-00-4E-24  41-0B-49-50  30-31-5F-54  72-61-79-49
    44-41-00-01  03-B1-04-00  00-4E-2B-41  16-4F-50-30
    31-5F-50-6F  72-74-54-72  61-6E-73-66  65-72-53-74
    61-74-65-41  00-01-03-B1  04-00-00-4E  2C-41-0E-4F
    50-30-31-5F  50-6F-72-74  53-74-61-74  65-41-00-01
    03-B1-04-00  00-4E-2D-41  0D-4F-50-30  31-5F-50-6F
    72-74-54-79  70-65-41-00  01-03-B1-04  00-00-4E-2E
    41-0B-4F-50  30-31-5F-54  72-61-79-49  44-41-00-01
    03-B1-04-00  00-4E-85-41  0C-54-4D-30  31-5F-47-6C
    61-73-73-49  44-41-00-01  03-B1-04-00  00-4E-86-41
    0B-54-4D-30  31-5F-50-6F  72-74-49-44  41-00-01-03
    B1-04-00-00  4E-87-41-0B  54-4D-30-31  5F-54-72-61
    79-49-44-41  00-01-03-B1  04-00-00-4E  88-41-0B-54
    4D-30-31-5F  53-6C-6F-74  4E-6F-41-00  01-03-B1-04
    00-00-4E-89  41-0A-54-4D  30-31-5F-4C  6F-74-49-44
    41-00-01-03  B1-04-00-00  4E-E9-41-0C  42-46-30-31
    5F-47-6C-61  73-73-49-44  41-00-01-03  B1-04-00-00
    4E-EA-41-0B  42-46-30-31  5F-50-6F-72  74-49-44-41
    00-01-03-B1  04-00-00-4E  EB-41-0B-42  46-30-31-5F
    54-72-61-79  49-44-41-00  01-03-B1-04  00-00-4E-EC
    41-0B-42-46  30-31-5F-53  6C-6F-74-4E  6F-41-00-01
    03-B1-04-00  00-4E-ED-41  0A-42-46-30  31-5F-4C-6F
    74-49-44-41  00-01-03-B1  04-00-00-4F  4D-41-0D-55
    53-43-30-31  5F-47-6C-61  73-73-49-44  41-00-01-03
    B1-04-00-00  4F-4E-41-0C  55-53-43-30  31-5F-50-6F
    72-74-49-44  41-00-01-03  B1-04-00-00  4F-4F-41-0C
    55-53-43-30  31-5F-54-72  61-79-49-44  41-00-01-03
    B1-04-00-00  4F-50-41-0C  55-53-43-30  31-5F-53-6C
    6F-74-4E-6F  41-00-01-03  B1-04-00-00  4F-51-41-0B
    55-53-43-30  31-5F-4C-6F  74-49-44-41  00
2023-08-29 12:55:14,837[INFO ]:<<< Received HSMS Message <<< : SSID(0), B2(129), B3(11), P(0), S(0), SB(117), Length[8]
2023-08-29 12:55:14,837[DEBUG]:<<<< HSMS Data [8] <<<<
    01-01-B1-04  00-00-4F-51
2023-08-29 12:55:14,837[INFO ]:Queued HSMS Message : SSID(0), B2(1), B3(12), P(0), S(0), SB(117), Length[25]
2023-08-29 12:55:14,837[INFO ]:Message Stat : Queue[1], Sent[0], Recv[14]
2023-08-29 12:55:14,883[INFO ]:>>> Sent HSMS Message >>> : SSID(0), B2(1), B3(12), P(0), S(0), SB(117), Length[25]
2023-08-29 12:55:14,883[DEBUG]:>>>> HSMS Data [25] >>>>
    01-01-01-03  B1-04-00-00  4F-51-41-0B  55-53-43-30
    31-5F-4C-6F  74-49-44-41  00
2023-08-29 12:55:17,539[INFO ]:<<< Received HSMS Message <<< : SSID(0), B2(129), B3(23), P(0), S(0), SB(119), Length[4]
2023-08-29 12:55:17,539[DEBUG]:<<<< HSMS Data [4] <<<<
    01-01-B1-00
2023-08-29 12:55:17,582[INFO ]:Queued HSMS Message : SSID(0), B2(9), B3(5), P(0), S(0), SB(13), Length[12]
2023-08-29 12:55:17,582[INFO ]:Message Stat : Queue[1], Sent[0], Recv[14]
2023-08-29 12:55:17,631[INFO ]:>>> Sent HSMS Message >>> : SSID(0), B2(9), B3(5), P(0), S(0), SB(13), Length[12]
2023-08-29 12:55:17,631[DEBUG]:>>>> HSMS Data [12] >>>>
    21-0A-00-00  81-17-00-00  00-00-00-77
2023-08-29 12:55:32,384[INFO ]:<<< Received HSMS Message <<< : SSID(0), B2(129), B3(23), P(0), S(0), SB(121), Length[4]
2023-08-29 12:55:32,384[DEBUG]:<<<< HSMS Data [4] <<<<
    01-01-B1-00
2023-08-29 12:55:32,396[INFO ]:Queued HSMS Message : SSID(0), B2(9), B3(5), P(0), S(0), SB(14), Length[12]
2023-08-29 12:55:32,396[INFO ]:Message Stat : Queue[1], Sent[0], Recv[15]
2023-08-29 12:55:32,430[INFO ]:>>> Sent HSMS Message >>> : SSID(0), B2(9), B3(5), P(0), S(0), SB(14), Length[12]
2023-08-29 12:55:32,430[DEBUG]:>>>> HSMS Data [12] >>>>
    21-0A-00-00  81-17-00-00  00-00-00-79
2023-08-29 12:55:43,240[INFO ]:<<< Received HSMS Message <<< : SSID(0), B2(129), B3(23), P(0), S(0), SB(123), Length[2]
2023-08-29 12:55:43,240[DEBUG]:<<<< HSMS Data [2] <<<<
    01-00
2023-08-29 12:55:43,251[INFO ]:Queued HSMS Message : SSID(0), B2(9), B3(5), P(0), S(0), SB(15), Length[12]
2023-08-29 12:55:43,251[INFO ]:Message Stat : Queue[1], Sent[0], Recv[16]
2023-08-29 12:55:43,271[INFO ]:>>> Sent HSMS Message >>> : SSID(0), B2(9), B3(5), P(0), S(0), SB(15), Length[12]
2023-08-29 12:55:43,271[DEBUG]:>>>> HSMS Data [12] >>>>
    21-0A-00-00  81-17-00-00  00-00-00-7B
2023-08-29 12:56:08,393[INFO ]:<<< Received HSMS Message <<< : SSID(0), B2(129), B3(11), P(0), S(0), SB(125), Length[2]
2023-08-29 12:56:08,393[DEBUG]:<<<< HSMS Data [2] <<<<
    01-00
2023-08-29 12:56:08,395[INFO ]:Queued HSMS Message : SSID(0), B2(1), B3(12), P(0), S(0), SB(125), Length[1,085]
2023-08-29 12:56:08,395[INFO ]:Message Stat : Queue[1], Sent[0], Recv[17]
2023-08-29 12:56:08,424[INFO ]:>>> Sent HSMS Message >>> : SSID(0), B2(1), B3(12), P(0), S(0), SB(125), Length[1,085]
2023-08-29 12:56:08,424[DEBUG]:>>>> HSMS Data [1085] >>>>
    01-2B-01-03  B1-04-00-00  00-C8-41-09  43-6F-6D-6D
    53-74-61-74  65-41-00-01  03-B1-04-00  00-00-C9-41
    0C-43-6F-6E  74-72-6F-6C  53-74-61-74  65-41-00-01
    03-B1-04-00  00-00-CA-41  14-50-72-65  76-69-6F-75
    73-43-6F-6E  74-72-6F-6C  53-74-61-74  65-41-00-01
    03-B1-04-00  00-00-CB-41  08-45-71-70  53-74-61-74
    65-41-00-01  03-B1-04-00  00-00-CC-41  10-50-72-65
    76-69-6F-75  73-45-71-70  53-74-61-74  65-41-00-01
    03-B1-04-00  00-00-CD-41  06-55-73-65  72-49-64-41
    00-01-03-B1  04-00-00-00  CE-41-0E-50  72-65-76-69
    6F-75-73-55  73-65-72-49  64-41-00-01  03-B1-04-00
    00-00-D2-41  0D-45-76-65  6E-74-73-45  6E-61-62-6C
    65-64-41-00  01-03-B1-04  00-00-00-D3  41-0D-41-6C
    61-72-6D-73  45-6E-61-62  6C-65-64-41  00-01-03-B1
    04-00-00-00  D4-41-09-41  6C-61-72-6D  73-53-65-74
    41-00-01-03  B1-04-00-00  00-DC-41-04  4D-44-4C-4E
    41-00-01-03  B1-04-00-00  00-DD-41-07  53-4F-46-54
    52-45-56-41  00-01-03-B1  04-00-00-2A  F9-41-0D-54
    65-6D-70-5F  53-65-6E-73  6F-72-5F-31  41-00-01-03
    B1-04-00-00  2A-FA-41-12  4D-61-69-6E  5F-70-6F-77
    65-72-5F-76  6F-6C-74-61  67-65-41-00  01-03-B1-04
    00-00-2A-FB  41-13-54-72  61-76-65-6C  5F-73-65-72
    76-6F-5F-74  6F-72-71-75  65-41-00-01  03-B1-04-00
    00-2A-FC-41  12-54-72-61  76-65-6C-5F  73-65-72-76
    6F-5F-73-70  65-65-64-41  00-01-03-B1  04-00-00-2A
    FD-41-14-48  6F-69-73-74  23-31-5F-73  65-72-76-6F
    5F-74-6F-72  71-75-65-41  00-01-03-B1  04-00-00-2A
    FE-41-13-48  6F-69-73-74  23-31-5F-73  65-72-76-6F
    5F-73-70-65  65-64-41-00  01-03-B1-04  00-00-2A-FF
    41-14-48-6F  69-73-74-23  32-5F-73-65  72-76-6F-5F
    74-6F-72-71  75-65-41-00  01-03-B1-04  00-00-2B-00
    41-13-48-6F  69-73-74-23  32-5F-73-65  72-76-6F-5F
    73-70-65-65  64-41-00-01  03-B1-04-00  00-4E-21-41
    16-49-50-30  31-5F-50-6F  72-74-54-72  61-6E-73-66
    65-72-53-74  61-74-65-41  00-01-03-B1  04-00-00-4E
    22-41-0E-49  50-30-31-5F  50-6F-72-74  53-74-61-74
    65-41-00-01  03-B1-04-00  00-4E-23-41  0D-49-50-30
    31-5F-50-6F  72-74-54-79  70-65-41-00  01-03-B1-04
    00-00-4E-24  41-0B-49-50  30-31-5F-54  72-61-79-49
    44-41-00-01  03-B1-04-00  00-4E-2B-41  16-4F-50-30
    31-5F-50-6F  72-74-54-72  61-6E-73-66  65-72-53-74
    61-74-65-41  00-01-03-B1  04-00-00-4E  2C-41-0E-4F
    50-30-31-5F  50-6F-72-74  53-74-61-74  65-41-00-01
    03-B1-04-00  00-4E-2D-41  0D-4F-50-30  31-5F-50-6F
    72-74-54-79  70-65-41-00  01-03-B1-04  00-00-4E-2E
    41-0B-4F-50  30-31-5F-54  72-61-79-49  44-41-00-01
    03-B1-04-00  00-4E-85-41  0C-54-4D-30  31-5F-47-6C
    61-73-73-49  44-41-00-01  03-B1-04-00  00-4E-86-41
    0B-54-4D-30  31-5F-50-6F  72-74-49-44  41-00-01-03
    B1-04-00-00  4E-87-41-0B  54-4D-30-31  5F-54-72-61
    79-49-44-41  00-01-03-B1  04-00-00-4E  88-41-0B-54
    4D-30-31-5F  53-6C-6F-74  4E-6F-41-00  01-03-B1-04
    00-00-4E-89  41-0A-54-4D  30-31-5F-4C  6F-74-49-44
    41-00-01-03  B1-04-00-00  4E-E9-41-0C  42-46-30-31
    5F-47-6C-61  73-73-49-44  41-00-01-03  B1-04-00-00
    4E-EA-41-0B  42-46-30-31  5F-50-6F-72  74-49-44-41
    00-01-03-B1  04-00-00-4E  EB-41-0B-42  46-30-31-5F
    54-72-61-79  49-44-41-00  01-03-B1-04  00-00-4E-EC
    41-0B-42-46  30-31-5F-53  6C-6F-74-4E  6F-41-00-01
    03-B1-04-00  00-4E-ED-41  0A-42-46-30  31-5F-4C-6F
    74-49-44-41  00-01-03-B1  04-00-00-4F  4D-41-0D-55
    53-43-30-31  5F-47-6C-61  73-73-49-44  41-00-01-03
    B1-04-00-00  4F-4E-41-0C  55-53-43-30  31-5F-50-6F
    72-74-49-44  41-00-01-03  B1-04-00-00  4F-4F-41-0C
    55-53-43-30  31-5F-54-72  61-79-49-44  41-00-01-03
    B1-04-00-00  4F-50-41-0C  55-53-43-30  31-5F-53-6C
    6F-74-4E-6F  41-00-01-03  B1-04-00-00  4F-51-41-0B
    55-53-43-30  31-5F-4C-6F  74-49-44-41  00
2023-08-29 12:56:57,046[INFO ]:<<< Received HSMS Message <<< : SSID(0), B2(130), B3(23), P(0), S(0), SB(127), Length[38]
2023-08-29 12:56:57,046[DEBUG]:<<<< HSMS Data [38] <<<<
    01-05-B1-04  00-00-00-01  41-08-30-30  30-30-30-30
    31-30-B1-04  00-00-00-01  B1-04-00-00  00-01-01-01
    B1-04-00-00  2B-00
2023-08-29 12:56:57,154[INFO ]:Queued HSMS Message : SSID(0), B2(2), B3(24), P(0), S(0), SB(127), Length[3]
2023-08-29 12:56:57,154[INFO ]:Message Stat : Queue[1], Sent[0], Recv[17]
2023-08-29 12:56:57,214[INFO ]:>>> Sent HSMS Message >>> : SSID(0), B2(2), B3(24), P(0), S(0), SB(127), Length[3]
2023-08-29 12:56:57,214[DEBUG]:>>>> HSMS Data [3] >>>>
    21-01-05
2023-08-29 12:56:58,641[INFO ]:Send LinkTest Request.
2023-08-29 12:56:58,641[INFO ]:Queued HSMS Message : SSID(65535), B2(0), B3(0), P(0), S(5), SB(16), Length[0]
2023-08-29 12:56:58,641[INFO ]:Message Stat : Queue[1], Sent[0], Recv[16]
2023-08-29 12:56:58,687[INFO ]:>>> Sent HSMS Message >>> : SSID(65535), B2(0), B3(0), P(0), S(5), SB(16), Length[0]
2023-08-29 12:56:58,824[INFO ]:Received LinkTest Response.
2023-08-29 12:56:58,824[INFO ]:<<< Received HSMS Message <<< : SSID(65535), B2(0), B3(0), P(0), S(6), SB(16), Length[0]
2023-08-29 12:59:00,876[INFO ]:Send LinkTest Request.
2023-08-29 12:59:00,876[INFO ]:Queued HSMS Message : SSID(65535), B2(0), B3(0), P(0), S(5), SB(17), Length[0]
2023-08-29 12:59:00,876[INFO ]:Message Stat : Queue[1], Sent[0], Recv[17]
2023-08-29 12:59:00,907[INFO ]:>>> Sent HSMS Message >>> : SSID(65535), B2(0), B3(0), P(0), S(5), SB(17), Length[0]
2023-08-29 12:59:01,030[INFO ]:Received LinkTest Response.
2023-08-29 12:59:01,030[INFO ]:<<< Received HSMS Message <<< : SSID(65535), B2(0), B3(0), P(0), S(6), SB(17), Length[0]
