2023-08-30 11:01:02,849[INFO ]:Send LinkTest Request.
2023-08-30 11:01:02,852[INFO ]:Queued HSMS Message : SSID(65535), B2(0), B3(0), P(0), S(5), SB(67), Length[0]
2023-08-30 11:01:02,852[INFO ]:Message Stat : Queue[1], Sent[0], Recv[28]
2023-08-30 11:01:02,864[INFO ]:>>> Sent HSMS Message >>> : SSID(65535), B2(0), B3(0), P(0), S(5), SB(67), Length[0]
2023-08-30 11:01:03,003[INFO ]:Received LinkTest Response.
2023-08-30 11:01:03,003[INFO ]:<<< Received HSMS Message <<< : SSID(65535), B2(0), B3(0), P(0), S(6), SB(67), Length[0]
2023-08-30 11:03:04,531[INFO ]:Send LinkTest Request.
2023-08-30 11:03:04,531[INFO ]:Queued HSMS Message : SSID(65535), B2(0), B3(0), P(0), S(5), SB(68), Length[0]
2023-08-30 11:03:04,546[INFO ]:>>> Sent HSMS Message >>> : SSID(65535), B2(0), B3(0), P(0), S(5), SB(68), Length[0]
2023-08-30 11:03:04,579[INFO ]:Message Stat : Queue[0], Sent[1], Recv[29]
2023-08-30 11:03:04,668[INFO ]:Received LinkTest Response.
2023-08-30 11:03:04,668[INFO ]:<<< Received HSMS Message <<< : SSID(65535), B2(0), B3(0), P(0), S(6), SB(68), Length[0]
2023-08-30 11:03:59,308[INFO ]:Queued HSMS Message : SSID(0), B2(134), B3(11), P(0), S(0), SB(69), Length[38]
2023-08-30 11:03:59,308[INFO ]:Message Stat : Queue[1], Sent[0], Recv[30]
2023-08-30 11:03:59,365[INFO ]:>>> Sent HSMS Message >>> : SSID(0), B2(134), B3(11), P(0), S(0), SB(69), Length[38]
2023-08-30 11:03:59,365[DEBUG]:>>>> HSMS Data [38] >>>>
    01-03-B1-04  00-00-00-00  B1-04-00-00  05-DE-01-01
    01-02-B1-04  00-00-05-DE  01-02-A9-02  00-01-41-06
    54-45-53-54  2D-31
2023-08-30 11:03:59,462[INFO ]:Queued HSMS Message : SSID(0), B2(134), B3(11), P(0), S(0), SB(70), Length[34]
2023-08-30 11:03:59,462[INFO ]:Message Stat : Queue[1], Sent[1], Recv[30]
2023-08-30 11:03:59,487[INFO ]:>>> Sent HSMS Message >>> : SSID(0), B2(134), B3(11), P(0), S(0), SB(70), Length[34]
2023-08-30 11:03:59,487[DEBUG]:>>>> HSMS Data [34] >>>>
    01-03-B1-04  00-00-00-00  B1-04-00-00  04-1B-01-01
    01-02-B1-04  00-00-04-1B  01-02-A9-02  00-01-A9-02
    00-02
2023-08-30 11:03:59,518[INFO ]:<<< Received HSMS Message <<< : SSID(0), B2(6), B3(12), P(0), S(0), SB(69), Length[3]
2023-08-30 11:03:59,519[DEBUG]:<<<< HSMS Data [3] <<<<
    21-01-00
2023-08-30 11:03:59,594[INFO ]:<<< Received HSMS Message <<< : SSID(0), B2(6), B3(12), P(0), S(0), SB(70), Length[3]
2023-08-30 11:03:59,594[DEBUG]:<<<< HSMS Data [3] <<<<
    21-01-00
2023-08-30 11:04:23,423[INFO ]:<<< Received HSMS Message <<< : SSID(0), B2(130), B3(31), P(0), S(0), SB(22), Length[18]
2023-08-30 11:04:23,423[DEBUG]:<<<< HSMS Data [18] <<<<
    41-10-32-30  32-33-30-35  31-37-31-31  32-33-35-31
    30-30
2023-08-30 11:04:23,425[INFO ]:Queued HSMS Message : SSID(0), B2(2), B3(32), P(0), S(0), SB(22), Length[3]
2023-08-30 11:04:23,425[INFO ]:Message Stat : Queue[1], Sent[0], Recv[33]
2023-08-30 11:04:23,453[INFO ]:>>> Sent HSMS Message >>> : SSID(0), B2(2), B3(32), P(0), S(0), SB(22), Length[3]
2023-08-30 11:04:23,453[DEBUG]:>>>> HSMS Data [3] >>>>
    21-01-00
2023-08-30 11:04:25,316[INFO ]:<<< Received HSMS Message <<< : SSID(0), B2(130), B3(37), P(0), S(0), SB(24), Length[7]
2023-08-30 11:04:25,316[DEBUG]:<<<< HSMS Data [7] <<<<
    01-02-25-01  00-01-00
2023-08-30 11:04:25,318[INFO ]:Queued HSMS Message : SSID(0), B2(2), B3(38), P(0), S(0), SB(24), Length[3]
2023-08-30 11:04:25,318[INFO ]:Message Stat : Queue[1], Sent[0], Recv[33]
2023-08-30 11:04:25,346[INFO ]:>>> Sent HSMS Message >>> : SSID(0), B2(2), B3(38), P(0), S(0), SB(24), Length[3]
2023-08-30 11:04:25,346[DEBUG]:>>>> HSMS Data [3] >>>>
    21-01-00
2023-08-30 11:04:26,594[INFO ]:<<< Received HSMS Message <<< : SSID(0), B2(130), B3(35), P(0), S(0), SB(26), Length[10]
2023-08-30 11:04:26,594[DEBUG]:<<<< HSMS Data [10] <<<<
    01-02-B1-04  00-00-00-00  01-00
2023-08-30 11:04:26,595[INFO ]:Queued HSMS Message : SSID(0), B2(2), B3(36), P(0), S(0), SB(26), Length[3]
2023-08-30 11:04:26,595[INFO ]:Message Stat : Queue[1], Sent[0], Recv[33]
2023-08-30 11:04:26,624[INFO ]:>>> Sent HSMS Message >>> : SSID(0), B2(2), B3(36), P(0), S(0), SB(26), Length[3]
2023-08-30 11:04:26,624[DEBUG]:>>>> HSMS Data [3] >>>>
    21-01-00
2023-08-30 11:04:28,096[INFO ]:<<< Received HSMS Message <<< : SSID(0), B2(130), B3(33), P(0), S(0), SB(28), Length[10]
2023-08-30 11:04:28,096[DEBUG]:<<<< HSMS Data [10] <<<<
    01-02-B1-04  00-00-00-00  01-00
2023-08-30 11:04:28,097[INFO ]:Queued HSMS Message : SSID(0), B2(2), B3(34), P(0), S(0), SB(28), Length[3]
2023-08-30 11:04:28,097[INFO ]:Message Stat : Queue[1], Sent[0], Recv[33]
2023-08-30 11:04:28,143[INFO ]:>>> Sent HSMS Message >>> : SSID(0), B2(2), B3(34), P(0), S(0), SB(28), Length[3]
2023-08-30 11:04:28,143[DEBUG]:>>>> HSMS Data [3] >>>>
    21-01-00
2023-08-30 11:04:30,883[INFO ]:<<< Received HSMS Message <<< : SSID(0), B2(130), B3(33), P(0), S(0), SB(30), Length[748]
2023-08-30 11:04:30,883[DEBUG]:<<<< HSMS Data [748] <<<<
    01-02-B1-04  00-00-00-00  01-18-01-02  B1-04-00-00
    03-E9-01-02  B1-04-00-00  00-C9-B1-04  00-00-00-CA
    01-02-B1-04  00-00-03-EA  01-02-B1-04  00-00-00-C9
    B1-04-00-00  00-CA-01-02  B1-04-00-00  03-EB-01-02
    B1-04-00-00  00-C9-B1-04  00-00-00-CA  01-02-B1-04
    00-00-04-1B  01-02-B1-04  00-00-00-CB  B1-04-00-00
    00-CC-01-02  B1-04-00-00  04-25-01-02  B1-04-00-00
    00-CD-B1-04  00-00-00-CE  01-02-B1-04  00-00-04-4D
    01-07-B1-04  00-00-01-36  B1-04-00-00  01-38-B1-04
    00-00-01-39  B1-04-00-00  01-43-B1-04  00-00-01-3A
    B1-04-00-00  01-37-B1-04  00-00-00-CD  01-02-B1-04
    00-00-04-4E  01-05-B1-04  00-00-01-36  B1-04-00-00
    01-43-B1-04  00-00-01-3A  B1-04-00-00  01-37-B1-04
    00-00-00-CD  01-02-B1-04  00-00-04-B1  01-02-B1-04
    00-00-01-36  B1-04-00-00  01-37-01-02  B1-04-00-00
    04-B2-01-02  B1-04-00-00  01-36-B1-04  00-00-01-37
    01-02-B1-04  00-00-05-15  01-04-B1-04  00-00-01-36
    B1-04-00-00  01-38-B1-04  00-00-01-39  B1-04-00-00
    01-41-01-02  B1-04-00-00  05-79-01-03  B1-04-00-00
    01-38-B1-04  00-00-01-39  B1-04-00-00  00-CD-01-02
    B1-04-00-00  05-7A-01-03  B1-04-00-00  01-38-B1-04
    00-00-01-39  B1-04-00-00  00-CD-01-02  B1-04-00-00
    05-7B-01-03  B1-04-00-00  01-38-B1-04  00-00-01-39
    B1-04-00-00  00-CD-01-02  B1-04-00-00  05-83-01-04
    B1-04-00-00  01-38-B1-04  00-00-01-39  B1-04-00-00
    01-39-B1-04  00-00-00-CD  01-02-B1-04  00-00-05-DD
    01-02-B1-04  00-00-01-38  B1-04-00-00  00-CD-01-02
    B1-04-00-00  05-DE-01-02  B1-04-00-00  01-38-B1-04
    00-00-00-CD  01-02-B1-04  00-00-05-DF  01-02-B1-04
    00-00-01-38  B1-04-00-00  00-CD-01-02  B1-04-00-00
    05-E0-01-02  B1-04-00-00  01-38-B1-04  00-00-00-CD
    01-02-B1-04  00-00-05-E7  01-04-B1-04  00-00-01-38
    B1-04-00-00  01-39-B1-04  00-00-01-43  B1-04-00-00
    00-CD-01-02  B1-04-00-00  06-4B-01-06  B1-04-00-00
    01-36-B1-04  00-00-01-37  B1-04-00-00  01-38-B1-04
    00-00-01-39  B1-04-00-00  01-3A-B1-04  00-00-01-43
    01-02-B1-04  00-00-06-4C  01-06-B1-04  00-00-01-36
    B1-04-00-00  01-37-B1-04  00-00-01-38  B1-04-00-00
    01-39-B1-04  00-00-01-3A  B1-04-00-00  01-43-01-02
    B1-04-00-00  06-41-01-02  B1-04-00-00  01-39-B1-04
    00-00-01-37  01-02-B1-04  00-00-06-42  01-02-B1-04
    00-00-01-39  B1-04-00-00  01-37-01-02  B1-34-00-00
    00-00-00-00  00-00-00-00  00-00-00-00  00-00-00-00
    00-00-00-00  00-00-00-00  00-00-00-00  00-00-00-00
    00-00-00-00  00-00-00-00  00-00-00-00  00-00-00-00
    00-00-01-04  B1-04-00-00  01-36-B1-04  00-00-01-38
    B1-04-00-00  01-39-B1-04  00-00-01-41
2023-08-30 11:04:30,886[INFO ]:Queued HSMS Message : SSID(0), B2(2), B3(34), P(0), S(0), SB(30), Length[3]
2023-08-30 11:04:30,886[INFO ]:Message Stat : Queue[1], Sent[0], Recv[33]
2023-08-30 11:04:30,943[INFO ]:>>> Sent HSMS Message >>> : SSID(0), B2(2), B3(34), P(0), S(0), SB(30), Length[3]
2023-08-30 11:04:30,943[DEBUG]:>>>> HSMS Data [3] >>>>
    21-01-00
2023-08-30 11:04:31,172[INFO ]:<<< Received HSMS Message <<< : SSID(0), B2(130), B3(33), P(0), S(0), SB(32), Length[748]
2023-08-30 11:04:31,172[DEBUG]:<<<< HSMS Data [748] <<<<
    01-02-B1-04  00-00-00-00  01-18-01-02  B1-04-00-00
    03-E9-01-02  B1-04-00-00  00-C9-B1-04  00-00-00-CA
    01-02-B1-04  00-00-03-EA  01-02-B1-04  00-00-00-C9
    B1-04-00-00  00-CA-01-02  B1-04-00-00  03-EB-01-02
    B1-04-00-00  00-C9-B1-04  00-00-00-CA  01-02-B1-04
    00-00-04-1B  01-02-B1-04  00-00-00-CB  B1-04-00-00
    00-CC-01-02  B1-04-00-00  04-25-01-02  B1-04-00-00
    00-CD-B1-04  00-00-00-CE  01-02-B1-04  00-00-04-4D
    01-07-B1-04  00-00-01-36  B1-04-00-00  01-38-B1-04
    00-00-01-39  B1-04-00-00  01-43-B1-04  00-00-01-3A
    B1-04-00-00  01-37-B1-04  00-00-00-CD  01-02-B1-04
    00-00-04-4E  01-05-B1-04  00-00-01-36  B1-04-00-00
    01-43-B1-04  00-00-01-3A  B1-04-00-00  01-37-B1-04
    00-00-00-CD  01-02-B1-04  00-00-04-B1  01-02-B1-04
    00-00-01-36  B1-04-00-00  01-37-01-02  B1-04-00-00
    04-B2-01-02  B1-04-00-00  01-36-B1-04  00-00-01-37
    01-02-B1-04  00-00-05-15  01-04-B1-04  00-00-01-36
    B1-04-00-00  01-38-B1-04  00-00-01-39  B1-04-00-00
    01-41-01-02  B1-04-00-00  05-79-01-03  B1-04-00-00
    01-38-B1-04  00-00-01-39  B1-04-00-00  00-CD-01-02
    B1-04-00-00  05-7A-01-03  B1-04-00-00  01-38-B1-04
    00-00-01-39  B1-04-00-00  00-CD-01-02  B1-04-00-00
    05-7B-01-03  B1-04-00-00  01-38-B1-04  00-00-01-39
    B1-04-00-00  00-CD-01-02  B1-04-00-00  05-83-01-04
    B1-04-00-00  01-38-B1-04  00-00-01-39  B1-04-00-00
    01-39-B1-04  00-00-00-CD  01-02-B1-04  00-00-05-DD
    01-02-B1-04  00-00-01-38  B1-04-00-00  00-CD-01-02
    B1-04-00-00  05-DE-01-02  B1-04-00-00  01-38-B1-04
    00-00-00-CD  01-02-B1-04  00-00-05-DF  01-02-B1-04
    00-00-01-38  B1-04-00-00  00-CD-01-02  B1-04-00-00
    05-E0-01-02  B1-04-00-00  01-38-B1-04  00-00-00-CD
    01-02-B1-04  00-00-05-E7  01-04-B1-04  00-00-01-38
    B1-04-00-00  01-39-B1-04  00-00-01-43  B1-04-00-00
    00-CD-01-02  B1-04-00-00  06-4B-01-06  B1-04-00-00
    01-36-B1-04  00-00-01-37  B1-04-00-00  01-38-B1-04
    00-00-01-39  B1-04-00-00  01-3A-B1-04  00-00-01-43
    01-02-B1-04  00-00-06-4C  01-06-B1-04  00-00-01-36
    B1-04-00-00  01-37-B1-04  00-00-01-38  B1-04-00-00
    01-39-B1-04  00-00-01-3A  B1-04-00-00  01-43-01-02
    B1-04-00-00  06-41-01-02  B1-04-00-00  01-39-B1-04
    00-00-01-37  01-02-B1-04  00-00-06-42  01-02-B1-04
    00-00-01-39  B1-04-00-00  01-37-01-02  B1-34-00-00
    00-00-00-00  00-00-00-00  00-00-00-00  00-00-00-00
    00-00-00-00  00-00-00-00  00-00-00-00  00-00-00-00
    00-00-00-00  00-00-00-00  00-00-00-00  00-00-00-00
    00-00-01-04  B1-04-00-00  01-36-B1-04  00-00-01-38
    B1-04-00-00  01-39-B1-04  00-00-01-41
2023-08-30 11:04:31,174[INFO ]:Queued HSMS Message : SSID(0), B2(2), B3(34), P(0), S(0), SB(32), Length[3]
2023-08-30 11:04:31,174[INFO ]:Message Stat : Queue[1], Sent[0], Recv[33]
2023-08-30 11:04:31,187[INFO ]:>>> Sent HSMS Message >>> : SSID(0), B2(2), B3(34), P(0), S(0), SB(32), Length[3]
2023-08-30 11:04:31,187[DEBUG]:>>>> HSMS Data [3] >>>>
    21-01-03
2023-08-30 11:05:06,236[INFO ]:Send LinkTest Request.
2023-08-30 11:05:06,236[INFO ]:Queued HSMS Message : SSID(65535), B2(0), B3(0), P(0), S(5), SB(71), Length[0]
2023-08-30 11:05:06,236[INFO ]:Message Stat : Queue[1], Sent[0], Recv[32]
2023-08-30 11:05:06,250[INFO ]:>>> Sent HSMS Message >>> : SSID(65535), B2(0), B3(0), P(0), S(5), SB(71), Length[0]
2023-08-30 11:05:06,373[INFO ]:Received LinkTest Response.
2023-08-30 11:05:06,373[INFO ]:<<< Received HSMS Message <<< : SSID(65535), B2(0), B3(0), P(0), S(6), SB(71), Length[0]
2023-08-30 11:07:07,887[INFO ]:Send LinkTest Request.
2023-08-30 11:07:07,887[INFO ]:Queued HSMS Message : SSID(65535), B2(0), B3(0), P(0), S(5), SB(72), Length[0]
2023-08-30 11:07:07,887[INFO ]:Message Stat : Queue[1], Sent[0], Recv[33]
2023-08-30 11:07:07,902[INFO ]:>>> Sent HSMS Message >>> : SSID(65535), B2(0), B3(0), P(0), S(5), SB(72), Length[0]
2023-08-30 11:07:08,025[INFO ]:Received LinkTest Response.
2023-08-30 11:07:08,025[INFO ]:<<< Received HSMS Message <<< : SSID(65535), B2(0), B3(0), P(0), S(6), SB(72), Length[0]
2023-08-30 11:07:43,823[INFO ]:<<< Received HSMS Message <<< : SSID(0), B2(130), B3(31), P(0), S(0), SB(34), Length[18]
2023-08-30 11:07:43,823[DEBUG]:<<<< HSMS Data [18] <<<<
    41-10-32-30  32-33-30-35  31-37-31-31  32-33-35-31
    30-30
2023-08-30 11:07:43,826[INFO ]:Queued HSMS Message : SSID(0), B2(2), B3(32), P(0), S(0), SB(34), Length[3]
2023-08-30 11:07:43,826[INFO ]:Message Stat : Queue[1], Sent[0], Recv[35]
2023-08-30 11:07:43,869[INFO ]:>>> Sent HSMS Message >>> : SSID(0), B2(2), B3(32), P(0), S(0), SB(34), Length[3]
2023-08-30 11:07:43,869[DEBUG]:>>>> HSMS Data [3] >>>>
    21-01-00
2023-08-30 11:07:45,485[INFO ]:<<< Received HSMS Message <<< : SSID(0), B2(130), B3(37), P(0), S(0), SB(36), Length[7]
2023-08-30 11:07:45,485[DEBUG]:<<<< HSMS Data [7] <<<<
    01-02-25-01  00-01-00
2023-08-30 11:07:45,488[INFO ]:Queued HSMS Message : SSID(0), B2(2), B3(38), P(0), S(0), SB(36), Length[3]
2023-08-30 11:07:45,488[INFO ]:Message Stat : Queue[1], Sent[0], Recv[35]
2023-08-30 11:07:45,516[INFO ]:>>> Sent HSMS Message >>> : SSID(0), B2(2), B3(38), P(0), S(0), SB(36), Length[3]
2023-08-30 11:07:45,516[DEBUG]:>>>> HSMS Data [3] >>>>
    21-01-00
2023-08-30 11:07:47,146[INFO ]:<<< Received HSMS Message <<< : SSID(0), B2(130), B3(35), P(0), S(0), SB(38), Length[10]
2023-08-30 11:07:47,146[DEBUG]:<<<< HSMS Data [10] <<<<
    01-02-B1-04  00-00-00-00  01-00
2023-08-30 11:07:47,146[INFO ]:Queued HSMS Message : SSID(0), B2(2), B3(36), P(0), S(0), SB(38), Length[3]
2023-08-30 11:07:47,146[INFO ]:Message Stat : Queue[1], Sent[0], Recv[35]
2023-08-30 11:07:47,161[INFO ]:>>> Sent HSMS Message >>> : SSID(0), B2(2), B3(36), P(0), S(0), SB(38), Length[3]
2023-08-30 11:07:47,161[DEBUG]:>>>> HSMS Data [3] >>>>
    21-01-00
2023-08-30 11:07:49,327[INFO ]:<<< Received HSMS Message <<< : SSID(0), B2(130), B3(33), P(0), S(0), SB(40), Length[10]
2023-08-30 11:07:49,327[DEBUG]:<<<< HSMS Data [10] <<<<
    01-02-B1-04  00-00-00-00  01-00
2023-08-30 11:07:49,327[INFO ]:Queued HSMS Message : SSID(0), B2(2), B3(34), P(0), S(0), SB(40), Length[3]
2023-08-30 11:07:49,328[INFO ]:Message Stat : Queue[1], Sent[0], Recv[35]
2023-08-30 11:07:49,358[INFO ]:>>> Sent HSMS Message >>> : SSID(0), B2(2), B3(34), P(0), S(0), SB(40), Length[3]
2023-08-30 11:07:49,358[DEBUG]:>>>> HSMS Data [3] >>>>
    21-01-00
2023-08-30 11:07:53,363[INFO ]:<<< Received HSMS Message <<< : SSID(0), B2(130), B3(33), P(0), S(0), SB(42), Length[734]
2023-08-30 11:07:53,363[DEBUG]:<<<< HSMS Data [734] <<<<
    01-02-B1-04  00-00-00-00  01-19-01-02  B1-04-00-00
    03-E9-01-02  B1-04-00-00  00-C9-B1-04  00-00-00-CA
    01-02-B1-04  00-00-03-EA  01-02-B1-04  00-00-00-C9
    B1-04-00-00  00-CA-01-02  B1-04-00-00  03-EB-01-02
    B1-04-00-00  00-C9-B1-04  00-00-00-CA  01-02-B1-04
    00-00-04-1B  01-02-B1-04  00-00-00-CB  B1-04-00-00
    00-CC-01-02  B1-04-00-00  04-25-01-02  B1-04-00-00
    00-CD-B1-04  00-00-00-CE  01-02-B1-04  00-00-04-4D
    01-07-B1-04  00-00-01-36  B1-04-00-00  01-38-B1-04
    00-00-01-39  B1-04-00-00  01-43-B1-04  00-00-01-3A
    B1-04-00-00  01-37-B1-04  00-00-00-CD  01-02-B1-04
    00-00-04-4E  01-05-B1-04  00-00-01-36  B1-04-00-00
    01-43-B1-04  00-00-01-3A  B1-04-00-00  01-37-B1-04
    00-00-00-CD  01-02-B1-04  00-00-04-B1  01-02-B1-04
    00-00-01-36  B1-04-00-00  01-37-01-02  B1-04-00-00
    04-B2-01-02  B1-04-00-00  01-36-B1-04  00-00-01-37
    01-02-B1-04  00-00-05-15  01-04-B1-04  00-00-01-36
    B1-04-00-00  01-38-B1-04  00-00-01-39  B1-04-00-00
    01-41-01-02  B1-04-00-00  05-79-01-03  B1-04-00-00
    01-38-B1-04  00-00-01-39  B1-04-00-00  00-CD-01-02
    B1-04-00-00  05-7A-01-03  B1-04-00-00  01-38-B1-04
    00-00-01-39  B1-04-00-00  00-CD-01-02  B1-04-00-00
    05-7B-01-03  B1-04-00-00  01-38-B1-04  00-00-01-39
    B1-04-00-00  00-CD-01-02  B1-04-00-00  05-83-01-04
    B1-04-00-00  01-38-B1-04  00-00-01-39  B1-04-00-00
    01-39-B1-04  00-00-00-CD  01-02-B1-04  00-00-05-DD
    01-02-B1-04  00-00-01-38  B1-04-00-00  00-CD-01-02
    B1-04-00-00  05-DE-01-02  B1-04-00-00  01-38-B1-04
    00-00-00-CD  01-02-B1-04  00-00-05-DF  01-02-B1-04
    00-00-01-38  B1-04-00-00  00-CD-01-02  B1-04-00-00
    05-E0-01-02  B1-04-00-00  01-38-B1-04  00-00-00-CD
    01-02-B1-04  00-00-05-E7  01-04-B1-04  00-00-01-38
    B1-04-00-00  01-39-B1-04  00-00-01-43  B1-04-00-00
    00-CD-01-02  B1-04-00-00  06-4B-01-06  B1-04-00-00
    01-36-B1-04  00-00-01-37  B1-04-00-00  01-38-B1-04
    00-00-01-39  B1-04-00-00  01-3A-B1-04  00-00-01-43
    01-02-B1-04  00-00-06-4C  01-06-B1-04  00-00-01-36
    B1-04-00-00  01-37-B1-04  00-00-01-38  B1-04-00-00
    01-39-B1-04  00-00-01-3A  B1-04-00-00  01-43-01-02
    B1-04-00-00  06-41-01-02  B1-04-00-00  01-39-B1-04
    00-00-01-37  01-02-B1-04  00-00-06-42  01-02-B1-04
    00-00-01-39  B1-04-00-00  01-37-01-02  B1-04-00-00
    05-20-01-04  B1-04-00-00  01-36-B1-04  00-00-01-38
    B1-04-00-00  01-39-B1-04  00-00-01-41  01-02-B1-04
    00-00-05-1F  01-04-B1-04  00-00-01-36  B1-04-00-00
    01-38-B1-04  00-00-01-39  B1-04-00-00  01-41
2023-08-30 11:07:53,364[INFO ]:Queued HSMS Message : SSID(0), B2(2), B3(34), P(0), S(0), SB(42), Length[3]
2023-08-30 11:07:53,364[INFO ]:Message Stat : Queue[1], Sent[0], Recv[35]
2023-08-30 11:07:53,378[INFO ]:>>> Sent HSMS Message >>> : SSID(0), B2(2), B3(34), P(0), S(0), SB(42), Length[3]
2023-08-30 11:07:53,378[DEBUG]:>>>> HSMS Data [3] >>>>
    21-01-00
2023-08-30 11:07:56,464[INFO ]:<<< Received HSMS Message <<< : SSID(0), B2(130), B3(35), P(0), S(0), SB(44), Length[426]
2023-08-30 11:07:56,464[DEBUG]:<<<< HSMS Data [426] <<<<
    01-02-B1-04  00-00-00-00  01-1A-01-02  B1-04-00-00
    03-E9-01-01  B1-04-00-00  03-E9-01-02  B1-04-00-00
    03-EA-01-01  B1-04-00-00  03-EA-01-02  B1-04-00-00
    03-EB-01-01  B1-04-00-00  03-EB-01-02  B1-04-00-00
    04-1B-01-01  B1-04-00-00  04-1B-01-02  B1-04-00-00
    04-25-01-01  B1-04-00-00  04-25-01-02  B1-04-00-00
    04-4D-01-01  B1-04-00-00  04-4D-01-02  B1-04-00-00
    04-4E-01-01  B1-04-00-00  04-4E-01-02  B1-04-00-00
    05-15-01-01  B1-04-00-00  05-15-01-02  B1-04-00-00
    05-79-01-01  B1-04-00-00  05-79-01-02  B1-04-00-00
    05-DE-01-01  B1-04-00-00  05-DE-01-02  B1-04-00-00
    05-E0-01-01  B1-04-00-00  05-E0-01-02  B1-04-00-00
    03-E9-01-01  B1-04-00-00  03-E9-01-02  B1-04-00-00
    05-E7-01-01  B1-04-00-00  05-E7-01-02  B1-04-00-00
    06-4B-01-01  B1-04-00-00  06-4B-01-02  B1-04-00-00
    06-4C-01-01  B1-04-00-00  06-4C-01-02  B1-04-00-00
    06-41-01-01  B1-04-00-00  06-41-01-02  B1-04-00-00
    06-42-01-01  B1-04-00-00  06-42-01-02  B1-04-00-00
    05-DF-01-01  B1-04-00-00  05-DF-01-02  B1-04-00-00
    04-B1-01-01  B1-04-00-00  04-B1-01-02  B1-04-00-00
    04-B2-01-01  B1-04-00-00  04-B2-01-02  B1-04-00-00
    05-7A-01-01  B1-04-00-00  05-7A-01-02  B1-04-00-00
    05-7B-01-01  B1-04-00-00  05-7B-01-02  B1-04-00-00
    05-83-01-01  B1-04-00-00  05-83-01-02  B1-04-00-00
    05-DD-01-01  B1-04-00-00  05-DD-01-02  B1-04-00-00
    05-1F-01-01  B1-04-00-00  05-1F-01-02  B1-04-00-00
    05-20-01-01  B1-04-00-00  05-20
2023-08-30 11:07:56,466[INFO ]:Queued HSMS Message : SSID(0), B2(2), B3(36), P(0), S(0), SB(44), Length[3]
2023-08-30 11:07:56,466[INFO ]:Message Stat : Queue[1], Sent[0], Recv[35]
2023-08-30 11:07:56,479[INFO ]:>>> Sent HSMS Message >>> : SSID(0), B2(2), B3(36), P(0), S(0), SB(44), Length[3]
2023-08-30 11:07:56,479[DEBUG]:>>>> HSMS Data [3] >>>>
    21-01-00
2023-08-30 11:07:59,801[INFO ]:<<< Received HSMS Message <<< : SSID(0), B2(130), B3(37), P(0), S(0), SB(46), Length[181]
2023-08-30 11:07:59,801[DEBUG]:<<<< HSMS Data [181] <<<<
    01-02-25-01  01-01-1D-B1  04-00-00-05  E0-B1-04-00
    00-05-DE-B1  04-00-00-05  79-B1-04-00  00-05-E7-B1
    04-00-00-04  4D-B1-04-00  00-04-4E-B1  04-00-00-04
    25-B1-04-00  00-03-EB-B1  04-00-00-03  EA-B1-04-00
    00-03-E9-B1  04-00-00-04  1B-B1-04-00  00-05-15-B1
    04-00-00-03  F7-B1-04-00  00-04-07-B1  04-00-00-04
    08-B1-04-00  00-04-B1-B1  04-00-00-04  B2-B1-04-00
    00-05-1F-B1  04-00-00-05  20-B1-04-00  00-05-7A-B1
    04-00-00-05  7B-B1-04-00  00-05-83-B1  04-00-00-05
    84-B1-04-00  00-05-DD-B1  04-00-00-05  DF-B1-04-00
    00-06-41-B1  04-00-00-06  42-B1-04-00  00-06-4C-B1
    04-00-00-06  4B
2023-08-30 11:07:59,804[INFO ]:Queued HSMS Message : SSID(0), B2(2), B3(38), P(0), S(0), SB(46), Length[3]
2023-08-30 11:07:59,804[INFO ]:Message Stat : Queue[1], Sent[0], Recv[35]
2023-08-30 11:07:59,832[INFO ]:>>> Sent HSMS Message >>> : SSID(0), B2(2), B3(38), P(0), S(0), SB(46), Length[3]
2023-08-30 11:07:59,832[DEBUG]:>>>> HSMS Data [3] >>>>
    21-01-00
2023-08-30 11:08:01,762[INFO ]:<<< Received HSMS Message <<< : SSID(0), B2(129), B3(3), P(0), S(0), SB(48), Length[26]
2023-08-30 11:08:01,762[DEBUG]:<<<< HSMS Data [26] <<<<
    01-04-B1-04  00-00-00-C9  B1-04-00-00  00-CA-B1-04
    00-00-00-CB  B1-04-00-00  00-CC
2023-08-30 11:08:01,764[INFO ]:Queued HSMS Message : SSID(0), B2(1), B3(4), P(0), S(0), SB(48), Length[18]
2023-08-30 11:08:01,764[INFO ]:Message Stat : Queue[1], Sent[0], Recv[35]
2023-08-30 11:08:01,776[INFO ]:>>> Sent HSMS Message >>> : SSID(0), B2(1), B3(4), P(0), S(0), SB(48), Length[18]
2023-08-30 11:08:01,776[DEBUG]:>>>> HSMS Data [18] >>>>
    01-04-A9-02  00-05-A9-02  00-03-A9-02  00-01-A9-02
    00-02
2023-08-30 11:09:09,601[INFO ]:Send LinkTest Request.
2023-08-30 11:09:09,602[INFO ]:Queued HSMS Message : SSID(65535), B2(0), B3(0), P(0), S(5), SB(73), Length[0]
2023-08-30 11:09:09,602[INFO ]:Message Stat : Queue[1], Sent[0], Recv[34]
2023-08-30 11:09:09,647[INFO ]:>>> Sent HSMS Message >>> : SSID(65535), B2(0), B3(0), P(0), S(5), SB(73), Length[0]
2023-08-30 11:09:09,799[INFO ]:Received LinkTest Response.
2023-08-30 11:09:09,799[INFO ]:<<< Received HSMS Message <<< : SSID(65535), B2(0), B3(0), P(0), S(6), SB(73), Length[0]
2023-08-30 11:11:11,177[INFO ]:Send LinkTest Request.
2023-08-30 11:11:11,177[INFO ]:Queued HSMS Message : SSID(65535), B2(0), B3(0), P(0), S(5), SB(74), Length[0]
2023-08-30 11:11:11,177[INFO ]:Message Stat : Queue[1], Sent[0], Recv[35]
2023-08-30 11:11:11,238[INFO ]:>>> Sent HSMS Message >>> : SSID(65535), B2(0), B3(0), P(0), S(5), SB(74), Length[0]
2023-08-30 11:11:11,405[INFO ]:Received LinkTest Response.
2023-08-30 11:11:11,405[INFO ]:<<< Received HSMS Message <<< : SSID(65535), B2(0), B3(0), P(0), S(6), SB(74), Length[0]
2023-08-30 11:13:12,882[INFO ]:Send LinkTest Request.
2023-08-30 11:13:12,882[INFO ]:Queued HSMS Message : SSID(65535), B2(0), B3(0), P(0), S(5), SB(75), Length[0]
2023-08-30 11:13:12,882[INFO ]:Message Stat : Queue[1], Sent[0], Recv[36]
2023-08-30 11:13:12,943[INFO ]:>>> Sent HSMS Message >>> : SSID(65535), B2(0), B3(0), P(0), S(5), SB(75), Length[0]
2023-08-30 11:13:13,080[INFO ]:Received LinkTest Response.
2023-08-30 11:13:13,080[INFO ]:<<< Received HSMS Message <<< : SSID(65535), B2(0), B3(0), P(0), S(6), SB(75), Length[0]
2023-08-30 11:15:14,638[INFO ]:Send LinkTest Request.
2023-08-30 11:15:14,638[INFO ]:Queued HSMS Message : SSID(65535), B2(0), B3(0), P(0), S(5), SB(76), Length[0]
2023-08-30 11:15:14,638[INFO ]:Message Stat : Queue[1], Sent[0], Recv[37]
2023-08-30 11:15:14,668[INFO ]:>>> Sent HSMS Message >>> : SSID(65535), B2(0), B3(0), P(0), S(5), SB(76), Length[0]
2023-08-30 11:15:14,821[INFO ]:Received LinkTest Response.
2023-08-30 11:15:14,821[INFO ]:<<< Received HSMS Message <<< : SSID(65535), B2(0), B3(0), P(0), S(6), SB(76), Length[0]
2023-08-30 11:15:23,637[INFO ]:Queued HSMS Message : SSID(0), B2(134), B3(11), P(0), S(0), SB(77), Length[38]
2023-08-30 11:15:23,637[INFO ]:Message Stat : Queue[1], Sent[0], Recv[38]
2023-08-30 11:15:23,662[INFO ]:>>> Sent HSMS Message >>> : SSID(0), B2(134), B3(11), P(0), S(0), SB(77), Length[38]
2023-08-30 11:15:23,662[DEBUG]:>>>> HSMS Data [38] >>>>
    01-03-B1-04  00-00-00-00  B1-04-00-00  05-DF-01-01
    01-02-B1-04  00-00-05-DF  01-02-A9-02  00-01-41-06
    54-45-53-54  2D-31
2023-08-30 11:15:23,788[INFO ]:Queued HSMS Message : SSID(0), B2(134), B3(11), P(0), S(0), SB(78), Length[34]
2023-08-30 11:15:23,788[INFO ]:Message Stat : Queue[1], Sent[1], Recv[38]
2023-08-30 11:15:23,815[INFO ]:<<< Received HSMS Message <<< : SSID(0), B2(6), B3(12), P(0), S(0), SB(77), Length[3]
2023-08-30 11:15:23,815[DEBUG]:<<<< HSMS Data [3] <<<<
    21-01-00
2023-08-30 11:15:23,846[INFO ]:>>> Sent HSMS Message >>> : SSID(0), B2(134), B3(11), P(0), S(0), SB(78), Length[34]
2023-08-30 11:15:23,846[DEBUG]:>>>> HSMS Data [34] >>>>
    01-03-B1-04  00-00-00-00  B1-04-00-00  04-1B-01-01
    01-02-B1-04  00-00-04-1B  01-02-A9-02  00-02-A9-02
    00-01
2023-08-30 11:15:24,027[INFO ]:<<< Received HSMS Message <<< : SSID(0), B2(6), B3(12), P(0), S(0), SB(78), Length[3]
2023-08-30 11:15:24,027[DEBUG]:<<<< HSMS Data [3] <<<<
    21-01-00
2023-08-30 11:15:25,488[INFO ]:Queued HSMS Message : SSID(0), B2(134), B3(11), P(0), S(0), SB(79), Length[54]
2023-08-30 11:15:25,488[INFO ]:Message Stat : Queue[1], Sent[0], Recv[40]
2023-08-30 11:15:25,545[INFO ]:>>> Sent HSMS Message >>> : SSID(0), B2(134), B3(11), P(0), S(0), SB(79), Length[54]
2023-08-30 11:15:25,545[DEBUG]:>>>> HSMS Data [54] >>>>
    01-03-B1-04  00-00-00-00  B1-04-00-00  05-83-01-01
    01-02-B1-04  00-00-05-83  01-04-A9-02  00-01-41-06
    54-52-41-59  2D-31-41-06  54-52-41-59  2D-31-41-06
    54-45-53-54  2D-31
2023-08-30 11:15:25,698[INFO ]:<<< Received HSMS Message <<< : SSID(0), B2(6), B3(12), P(0), S(0), SB(79), Length[3]
2023-08-30 11:15:25,698[DEBUG]:<<<< HSMS Data [3] <<<<
    21-01-00
2023-08-30 11:15:26,926[INFO ]:Queued HSMS Message : SSID(0), B2(134), B3(11), P(0), S(0), SB(80), Length[46]
2023-08-30 11:15:26,926[INFO ]:Message Stat : Queue[1], Sent[0], Recv[41]
2023-08-30 11:15:26,949[INFO ]:>>> Sent HSMS Message >>> : SSID(0), B2(134), B3(11), P(0), S(0), SB(80), Length[46]
2023-08-30 11:15:26,949[DEBUG]:>>>> HSMS Data [46] >>>>
    01-03-B1-04  00-00-00-00  B1-04-00-00  05-79-01-01
    01-02-B1-04  00-00-05-79  01-03-A9-02  00-01-41-06
    54-52-41-59  2D-31-41-06  54-45-53-54  2D-31
2023-08-30 11:15:27,132[INFO ]:<<< Received HSMS Message <<< : SSID(0), B2(6), B3(12), P(0), S(0), SB(80), Length[3]
2023-08-30 11:15:27,132[DEBUG]:<<<< HSMS Data [3] <<<<
    21-01-00
2023-08-30 11:16:30,367[INFO ]:<<< Received HSMS Message <<< : SSID(0), B2(131), B3(41), P(0), S(0), SB(50), Length[559]
2023-08-30 11:16:30,367[DEBUG]:<<<< HSMS Data [559] <<<<
    01-03-41-09  57-6F-72-6B  4F-72-64-65  72-41-0A-54
    6F-6F-6C-54  65-73-74-2D  31-01-01-01  02-41-01-31
    01-01-01-06  01-02-41-0A  73-6F-72-74  65-72-54-79
    70-65-41-00  01-02-41-08  69-6E-50-6F  72-74-49-64
    41-01-31-01  02-41-08-69  6E-43-61-72  72-49-64-41
    06-54-52-41  59-2D-31-01  02-41-09-6F  75-74-50-6F
    72-74-49-64  41-01-32-01  02-41-09-6F  75-74-43-61
    72-72-49-64  41-0C-43-53  54-53-41-50  30-32-31-31
    34-38-01-01  01-02-01-02  41-04-50-50  49-44-41-04
    50-50-49-44  01-02-41-09  53-4C-4F-54  5F-44-41-54
    41-01-03-01  07-01-02-41  0C-69-6E-43  61-72-72-53
    6C-6F-74-4E  6F-41-01-31  01-02-41-0A  6D-61-6E-75
    61-6C-49-6E  73-70-41-01  4E-01-02-41  0A-70-72-6F
    64-4D-74-72  6C-49-64-41  07-47-4C-41  53-53-30-31
    01-02-41-09  73-6C-6F-74  53-74-61-74  65-41-01-31
    01-02-41-0D  6F-75-74-43  61-72-72-53  6C-6F-74-4E
    6F-41-01-31  01-02-41-05  6C-6F-74-49  64-41-07-4C
    4F-54-5F-30  30-31-01-02  41-08-6D-74  72-6C-46-61
    63-65-41-03  54-54-54-01  07-01-02-41  0C-69-6E-43
    61-72-72-53  6C-6F-74-4E  6F-41-01-32  01-02-41-0A
    6D-61-6E-75  61-6C-49-6E  73-70-41-01  4E-01-02-41
    0A-70-72-6F  64-4D-74-72  6C-49-64-41  07-47-4C-41
    53-53-30-32  01-02-41-09  73-6C-6F-74  53-74-61-74
    65-41-01-31  01-02-41-0D  6F-75-74-43  61-72-72-53
    6C-6F-74-4E  6F-41-01-32  01-02-41-05  6C-6F-74-49
    64-41-07-4C  4F-54-5F-30  30-31-01-02  41-08-6D-74
    72-6C-46-61  63-65-41-03  54-54-54-01  07-01-02-41
    0C-69-6E-43  61-72-72-53  6C-6F-74-4E  6F-41-01-33
    01-02-41-0A  6D-61-6E-75  61-6C-49-6E  73-70-41-01
    4E-01-02-41  0A-70-72-6F  64-4D-74-72  6C-49-64-41
    07-47-4C-41  53-53-30-33  01-02-41-09  73-6C-6F-74
    53-74-61-74  65-41-01-31  01-02-41-0D  6F-75-74-43
    61-72-72-53  6C-6F-74-4E  6F-41-01-33  01-02-41-05
    6C-6F-74-49  64-41-07-4C  4F-54-5F-30  30-31-01-02
    41-08-6D-74  72-6C-46-61  63-65-41-03  54-54-54
2023-08-30 11:16:30,369[INFO ]:Queued HSMS Message : SSID(0), B2(3), B3(42), P(0), S(0), SB(50), Length[3]
2023-08-30 11:16:30,369[INFO ]:Message Stat : Queue[1], Sent[0], Recv[43]
2023-08-30 11:16:30,413[INFO ]:>>> Sent HSMS Message >>> : SSID(0), B2(3), B3(42), P(0), S(0), SB(50), Length[3]
2023-08-30 11:16:30,413[DEBUG]:>>>> HSMS Data [3] >>>>
    21-01-00
2023-08-30 11:16:33,920[INFO ]:<<< Received HSMS Message <<< : SSID(0), B2(130), B3(41), P(0), S(0), SB(52), Length[45]
2023-08-30 11:16:33,920[DEBUG]:<<<< HSMS Data [45] <<<<
    01-02-41-0A  57-4F-52-4B  5F-53-54-41  52-54-01-01
    01-02-41-07  57-4F-52-4B  5F-49-44-41  10-77-6F-72
    6B-32-30-32  33-30-36-33  30-31-33-33  31
2023-08-30 11:16:33,921[INFO ]:Queued HSMS Message : SSID(0), B2(2), B3(42), P(0), S(0), SB(52), Length[7]
2023-08-30 11:16:33,921[INFO ]:Message Stat : Queue[1], Sent[0], Recv[43]
2023-08-30 11:16:33,935[INFO ]:>>> Sent HSMS Message >>> : SSID(0), B2(2), B3(42), P(0), S(0), SB(52), Length[7]
2023-08-30 11:16:33,935[DEBUG]:>>>> HSMS Data [7] >>>>
    01-02-21-01  04-01-00
2023-08-30 11:16:34,319[INFO ]:Queued HSMS Message : SSID(0), B2(134), B3(11), P(0), S(0), SB(81), Length[62]
2023-08-30 11:16:34,319[INFO ]:Message Stat : Queue[1], Sent[0], Recv[42]
2023-08-30 11:16:34,360[INFO ]:>>> Sent HSMS Message >>> : SSID(0), B2(134), B3(11), P(0), S(0), SB(81), Length[62]
2023-08-30 11:16:34,360[DEBUG]:>>>> HSMS Data [62] >>>>
    01-03-B1-04  00-00-00-00  B1-04-00-00  05-15-01-01
    01-02-B1-04  00-00-05-15  01-04-41-04  49-50-30-31
    A9-02-00-01  41-06-54-52  41-59-2D-31  41-10-77-6F
    72-6B-32-30  32-33-30-36  33-30-31-33  33-31
2023-08-30 11:16:34,510[INFO ]:<<< Received HSMS Message <<< : SSID(0), B2(6), B3(12), P(0), S(0), SB(81), Length[3]
2023-08-30 11:16:34,510[DEBUG]:<<<< HSMS Data [3] <<<<
    21-01-00
2023-08-30 11:16:34,774[INFO ]:Queued HSMS Message : SSID(0), B2(134), B3(11), P(0), S(0), SB(82), Length[62]
2023-08-30 11:16:34,774[INFO ]:Message Stat : Queue[1], Sent[0], Recv[43]
2023-08-30 11:16:34,785[INFO ]:>>> Sent HSMS Message >>> : SSID(0), B2(134), B3(11), P(0), S(0), SB(82), Length[62]
2023-08-30 11:16:34,787[DEBUG]:>>>> HSMS Data [62] >>>>
    01-03-B1-04  00-00-00-00  B1-04-00-00  05-1F-01-01
    01-02-B1-04  00-00-05-1F  01-04-41-04  49-50-30-31
    A9-02-00-01  41-06-54-52  41-59-2D-31  41-10-77-6F
    72-6B-32-30  32-33-30-36  33-30-31-33  33-31
2023-08-30 11:16:34,953[INFO ]:<<< Received HSMS Message <<< : SSID(0), B2(6), B3(12), P(0), S(0), SB(82), Length[3]
2023-08-30 11:16:34,953[DEBUG]:<<<< HSMS Data [3] <<<<
    21-01-00
2023-08-30 11:16:35,132[INFO ]:Queued HSMS Message : SSID(0), B2(134), B3(11), P(0), S(0), SB(83), Length[67]
2023-08-30 11:16:35,132[INFO ]:Message Stat : Queue[1], Sent[0], Recv[44]
2023-08-30 11:16:35,151[INFO ]:>>> Sent HSMS Message >>> : SSID(0), B2(134), B3(11), P(0), S(0), SB(83), Length[67]
2023-08-30 11:16:35,151[DEBUG]:>>>> HSMS Data [67] >>>>
    01-03-B1-04  00-00-00-00  B1-04-00-00  04-4D-01-01
    01-02-B1-04  00-00-04-4D  01-07-41-04  54-4D-30-31
    A9-02-00-01  41-06-54-52  41-59-2D-31  41-07-4C-4F
    54-5F-30-30  31-A9-02-00  03-41-00-41  06-54-45-53
    54-2D-31
2023-08-30 11:16:35,318[INFO ]:<<< Received HSMS Message <<< : SSID(0), B2(6), B3(12), P(0), S(0), SB(83), Length[3]
2023-08-30 11:16:35,318[DEBUG]:<<<< HSMS Data [3] <<<<
    21-01-00
2023-08-30 11:16:35,751[INFO ]:Queued HSMS Message : SSID(0), B2(134), B3(11), P(0), S(0), SB(84), Length[34]
2023-08-30 11:16:35,751[INFO ]:Message Stat : Queue[1], Sent[0], Recv[45]
2023-08-30 11:16:35,762[INFO ]:>>> Sent HSMS Message >>> : SSID(0), B2(134), B3(11), P(0), S(0), SB(84), Length[34]
2023-08-30 11:16:35,762[DEBUG]:>>>> HSMS Data [34] >>>>
    01-03-B1-04  00-00-00-00  B1-04-00-00  04-B1-01-01
    01-02-B1-04  00-00-04-B1  01-02-41-04  54-4D-30-31
    41-00
2023-08-30 11:16:35,915[INFO ]:<<< Received HSMS Message <<< : SSID(0), B2(6), B3(12), P(0), S(0), SB(84), Length[3]
2023-08-30 11:16:35,915[DEBUG]:<<<< HSMS Data [3] <<<<
    21-01-00
2023-08-30 11:16:36,367[INFO ]:Queued HSMS Message : SSID(0), B2(134), B3(11), P(0), S(0), SB(85), Length[34]
2023-08-30 11:16:36,367[INFO ]:Message Stat : Queue[1], Sent[0], Recv[46]
2023-08-30 11:16:36,367[INFO ]:Queued HSMS Message : SSID(0), B2(134), B3(11), P(0), S(0), SB(86), Length[67]
2023-08-30 11:16:36,367[INFO ]:Message Stat : Queue[2], Sent[0], Recv[46]
2023-08-30 11:16:36,371[INFO ]:>>> Sent HSMS Message >>> : SSID(0), B2(134), B3(11), P(0), S(0), SB(85), Length[34]
2023-08-30 11:16:36,371[DEBUG]:>>>> HSMS Data [34] >>>>
    01-03-B1-04  00-00-00-00  B1-04-00-00  04-B2-01-01
    01-02-B1-04  00-00-04-B2  01-02-41-04  54-4D-30-31
    41-00
2023-08-30 11:16:36,371[INFO ]:>>> Sent HSMS Message >>> : SSID(0), B2(134), B3(11), P(0), S(0), SB(86), Length[67]
2023-08-30 11:16:36,371[DEBUG]:>>>> HSMS Data [67] >>>>
    01-03-B1-04  00-00-00-00  B1-04-00-00  04-4D-01-01
    01-02-B1-04  00-00-04-4D  01-07-41-04  42-46-30-31
    A9-02-00-01  41-06-54-52  41-59-2D-31  41-07-4C-4F
    54-5F-30-30  31-A9-02-00  03-41-00-41  06-54-45-53
    54-2D-31
2023-08-30 11:16:36,537[INFO ]:Queued HSMS Message : SSID(0), B2(134), B3(11), P(0), S(0), SB(87), Length[34]
2023-08-30 11:16:36,537[INFO ]:Message Stat : Queue[1], Sent[2], Recv[46]
2023-08-30 11:16:36,554[INFO ]:>>> Sent HSMS Message >>> : SSID(0), B2(134), B3(11), P(0), S(0), SB(87), Length[34]
2023-08-30 11:16:36,554[DEBUG]:>>>> HSMS Data [34] >>>>
    01-03-B1-04  00-00-00-00  B1-04-00-00  04-B2-01-01
    01-02-B1-04  00-00-04-B2  01-02-41-04  54-4D-30-31
    41-00
2023-08-30 11:16:36,569[INFO ]:<<< Received HSMS Message <<< : SSID(0), B2(6), B3(12), P(0), S(0), SB(85), Length[3]
2023-08-30 11:16:36,569[DEBUG]:<<<< HSMS Data [3] <<<<
    21-01-00
2023-08-30 11:16:36,569[INFO ]:<<< Received HSMS Message <<< : SSID(0), B2(6), B3(12), P(0), S(0), SB(86), Length[3]
2023-08-30 11:16:36,569[DEBUG]:<<<< HSMS Data [3] <<<<
    21-01-00
2023-08-30 11:16:36,695[INFO ]:Queued HSMS Message : SSID(0), B2(134), B3(11), P(0), S(0), SB(88), Length[55]
2023-08-30 11:16:36,695[INFO ]:Message Stat : Queue[1], Sent[1], Recv[48]
2023-08-30 11:16:36,737[INFO ]:>>> Sent HSMS Message >>> : SSID(0), B2(134), B3(11), P(0), S(0), SB(88), Length[55]
2023-08-30 11:16:36,737[DEBUG]:>>>> HSMS Data [55] >>>>
    01-03-B1-04  00-00-00-00  B1-04-00-00  04-4E-01-01
    01-02-B1-04  00-00-04-4E  01-05-41-04  54-4D-30-31
    41-07-4C-4F  54-5F-30-30  31-A9-02-00  03-41-00-41
    06-54-45-53  54-2D-31
2023-08-30 11:16:36,782[INFO ]:<<< Received HSMS Message <<< : SSID(0), B2(6), B3(12), P(0), S(0), SB(87), Length[3]
2023-08-30 11:16:36,782[DEBUG]:<<<< HSMS Data [3] <<<<
    21-01-00
2023-08-30 11:16:36,841[INFO ]:<<< Received HSMS Message <<< : SSID(0), B2(6), B3(12), P(0), S(0), SB(88), Length[3]
2023-08-30 11:16:36,841[DEBUG]:<<<< HSMS Data [3] <<<<
    21-01-00
2023-08-30 11:16:37,181[INFO ]:Queued HSMS Message : SSID(0), B2(134), B3(11), P(0), S(0), SB(89), Length[43]
2023-08-30 11:16:37,181[INFO ]:Message Stat : Queue[1], Sent[0], Recv[50]
2023-08-30 11:16:37,221[INFO ]:>>> Sent HSMS Message >>> : SSID(0), B2(134), B3(11), P(0), S(0), SB(89), Length[43]
2023-08-30 11:16:37,221[DEBUG]:>>>> HSMS Data [43] >>>>
    01-03-B1-04  00-00-00-00  B1-04-00-00  06-41-01-01
    01-02-B1-04  00-00-06-41  01-02-41-06  54-52-41-59
    2D-31-41-07  47-4C-41-53  53-30-31
2023-08-30 11:16:37,394[INFO ]:Queued HSMS Message : SSID(0), B2(134), B3(11), P(0), S(0), SB(90), Length[74]
2023-08-30 11:16:37,394[INFO ]:Message Stat : Queue[1], Sent[1], Recv[50]
2023-08-30 11:16:37,400[INFO ]:Queued HSMS Message : SSID(0), B2(134), B3(11), P(0), S(0), SB(91), Length[41]
2023-08-30 11:16:37,401[INFO ]:Message Stat : Queue[2], Sent[1], Recv[50]
2023-08-30 11:16:37,404[INFO ]:>>> Sent HSMS Message >>> : SSID(0), B2(134), B3(11), P(0), S(0), SB(90), Length[74]
2023-08-30 11:16:37,404[DEBUG]:>>>> HSMS Data [74] >>>>
    01-03-B1-04  00-00-00-00  B1-04-00-00  04-4D-01-01
    01-02-B1-04  00-00-04-4D  01-07-41-04  54-4D-30-31
    A9-02-00-01  41-06-54-52  41-59-2D-31  41-07-4C-4F
    54-5F-30-30  31-A9-02-00  03-41-07-47  4C-41-53-53
    30-31-41-06  54-45-53-54  2D-31
2023-08-30 11:16:37,404[INFO ]:>>> Sent HSMS Message >>> : SSID(0), B2(134), B3(11), P(0), S(0), SB(91), Length[41]
2023-08-30 11:16:37,404[DEBUG]:>>>> HSMS Data [41] >>>>
    01-03-B1-04  00-00-00-00  B1-04-00-00  04-B1-01-01
    01-02-B1-04  00-00-04-B1  01-02-41-04  42-46-30-31
    41-07-47-4C  41-53-53-30  31
2023-08-30 11:16:37,419[INFO ]:<<< Received HSMS Message <<< : SSID(0), B2(6), B3(12), P(0), S(0), SB(89), Length[3]
2023-08-30 11:16:37,420[DEBUG]:<<<< HSMS Data [3] <<<<
    21-01-00
2023-08-30 11:16:37,556[INFO ]:<<< Received HSMS Message <<< : SSID(0), B2(6), B3(12), P(0), S(0), SB(90), Length[3]
2023-08-30 11:16:37,556[DEBUG]:<<<< HSMS Data [3] <<<<
    21-01-00
2023-08-30 11:16:37,556[INFO ]:<<< Received HSMS Message <<< : SSID(0), B2(6), B3(12), P(0), S(0), SB(91), Length[3]
2023-08-30 11:16:37,556[DEBUG]:<<<< HSMS Data [3] <<<<
    21-01-00
2023-08-30 11:16:38,047[INFO ]:Queued HSMS Message : SSID(0), B2(134), B3(11), P(0), S(0), SB(92), Length[34]
2023-08-30 11:16:38,047[INFO ]:Message Stat : Queue[1], Sent[0], Recv[53]
2023-08-30 11:16:38,071[INFO ]:>>> Sent HSMS Message >>> : SSID(0), B2(134), B3(11), P(0), S(0), SB(92), Length[34]
2023-08-30 11:16:38,071[DEBUG]:>>>> HSMS Data [34] >>>>
    01-03-B1-04  00-00-00-00  B1-04-00-00  04-B1-01-01
    01-02-B1-04  00-00-04-B1  01-02-41-04  54-4D-30-31
    41-00
2023-08-30 11:16:38,221[INFO ]:Queued HSMS Message : SSID(0), B2(134), B3(11), P(0), S(0), SB(93), Length[41]
2023-08-30 11:16:38,221[INFO ]:Message Stat : Queue[1], Sent[1], Recv[53]
2023-08-30 11:16:38,223[INFO ]:<<< Received HSMS Message <<< : SSID(0), B2(6), B3(12), P(0), S(0), SB(92), Length[3]
2023-08-30 11:16:38,223[DEBUG]:<<<< HSMS Data [3] <<<<
    21-01-00
2023-08-30 11:16:38,229[INFO ]:Queued HSMS Message : SSID(0), B2(134), B3(11), P(0), S(0), SB(94), Length[67]
2023-08-30 11:16:38,229[INFO ]:Message Stat : Queue[2], Sent[0], Recv[54]
2023-08-30 11:16:38,230[INFO ]:Queued HSMS Message : SSID(0), B2(134), B3(11), P(0), S(0), SB(95), Length[42]
2023-08-30 11:16:38,230[INFO ]:Message Stat : Queue[3], Sent[0], Recv[54]
2023-08-30 11:16:38,253[INFO ]:>>> Sent HSMS Message >>> : SSID(0), B2(134), B3(11), P(0), S(0), SB(93), Length[41]
2023-08-30 11:16:38,253[DEBUG]:>>>> HSMS Data [41] >>>>
    01-03-B1-04  00-00-00-00  B1-04-00-00  04-B2-01-01
    01-02-B1-04  00-00-04-B2  01-02-41-04  42-46-30-31
    41-07-47-4C  41-53-53-30  31
2023-08-30 11:16:38,253[INFO ]:>>> Sent HSMS Message >>> : SSID(0), B2(134), B3(11), P(0), S(0), SB(94), Length[67]
2023-08-30 11:16:38,253[DEBUG]:>>>> HSMS Data [67] >>>>
    01-03-B1-04  00-00-00-00  B1-04-00-00  06-4C-01-01
    01-02-B1-04  00-00-06-4C  01-06-41-05  55-53-43-30
    31-41-07-47  4C-41-53-53  30-31-A9-02  00-01-41-06
    54-52-41-59  2D-31-A9-02  00-01-41-07  4C-4F-54-5F
    30-30-31
2023-08-30 11:16:38,254[INFO ]:>>> Sent HSMS Message >>> : SSID(0), B2(134), B3(11), P(0), S(0), SB(95), Length[42]
2023-08-30 11:16:38,254[DEBUG]:>>>> HSMS Data [42] >>>>
    01-03-B1-04  00-00-00-00  B1-04-00-00  04-B2-01-01
    01-02-B1-04  00-00-04-B2  01-02-41-05  55-53-43-30
    31-41-07-47  4C-41-53-53  30-31
2023-08-30 11:16:38,410[INFO ]:Queued HSMS Message : SSID(0), B2(134), B3(11), P(0), S(0), SB(96), Length[34]
2023-08-30 11:16:38,410[INFO ]:Message Stat : Queue[1], Sent[3], Recv[54]
2023-08-30 11:16:38,410[INFO ]:Queued HSMS Message : SSID(0), B2(134), B3(11), P(0), S(0), SB(97), Length[68]
2023-08-30 11:16:38,410[INFO ]:Message Stat : Queue[2], Sent[3], Recv[54]
2023-08-30 11:16:38,437[INFO ]:<<< Received HSMS Message <<< : SSID(0), B2(6), B3(12), P(0), S(0), SB(93), Length[3]
2023-08-30 11:16:38,437[INFO ]:>>> Sent HSMS Message >>> : SSID(0), B2(134), B3(11), P(0), S(0), SB(96), Length[34]
2023-08-30 11:16:38,437[DEBUG]:>>>> HSMS Data [34] >>>>
    01-03-B1-04  00-00-00-00  B1-04-00-00  04-B2-01-01
    01-02-B1-04  00-00-04-B2  01-02-41-04  42-46-30-31
    41-00
2023-08-30 11:16:38,437[DEBUG]:<<<< HSMS Data [3] <<<<
    21-01-00
2023-08-30 11:16:38,437[INFO ]:>>> Sent HSMS Message >>> : SSID(0), B2(134), B3(11), P(0), S(0), SB(97), Length[68]
2023-08-30 11:16:38,438[DEBUG]:>>>> HSMS Data [68] >>>>
    01-03-B1-04  00-00-00-00  B1-04-00-00  04-4D-01-01
    01-02-B1-04  00-00-04-4D  01-07-41-05  55-53-43-30
    31-A9-02-00  01-41-06-54  52-41-59-2D  31-41-07-4C
    4F-54-5F-30  30-31-A9-02  00-01-41-00  41-06-54-45
    53-54-2D-31
2023-08-30 11:16:38,438[INFO ]:<<< Received HSMS Message <<< : SSID(0), B2(6), B3(12), P(0), S(0), SB(94), Length[3]
2023-08-30 11:16:38,438[DEBUG]:<<<< HSMS Data [3] <<<<
    21-01-00
2023-08-30 11:16:38,438[INFO ]:<<< Received HSMS Message <<< : SSID(0), B2(6), B3(12), P(0), S(0), SB(95), Length[3]
2023-08-30 11:16:38,438[DEBUG]:<<<< HSMS Data [3] <<<<
    21-01-00
2023-08-30 11:16:38,513[INFO ]:<<< Received HSMS Message <<< : SSID(0), B2(6), B3(12), P(0), S(0), SB(96), Length[3]
2023-08-30 11:16:38,513[DEBUG]:<<<< HSMS Data [3] <<<<
    21-01-00
2023-08-30 11:16:38,580[INFO ]:Queued HSMS Message : SSID(0), B2(134), B3(11), P(0), S(0), SB(98), Length[55]
2023-08-30 11:16:38,580[INFO ]:Message Stat : Queue[1], Sent[1], Recv[58]
2023-08-30 11:16:38,588[INFO ]:<<< Received HSMS Message <<< : SSID(0), B2(6), B3(12), P(0), S(0), SB(97), Length[3]
2023-08-30 11:16:38,588[DEBUG]:<<<< HSMS Data [3] <<<<
    21-01-00
2023-08-30 11:16:38,619[INFO ]:>>> Sent HSMS Message >>> : SSID(0), B2(134), B3(11), P(0), S(0), SB(98), Length[55]
2023-08-30 11:16:38,619[DEBUG]:>>>> HSMS Data [55] >>>>
    01-03-B1-04  00-00-00-00  B1-04-00-00  04-4E-01-01
    01-02-B1-04  00-00-04-4E  01-05-41-04  42-46-30-31
    41-07-4C-4F  54-5F-30-30  31-A9-02-00  01-41-00-41
    06-54-45-53  54-2D-31
2023-08-30 11:16:38,769[INFO ]:Queued HSMS Message : SSID(0), B2(134), B3(11), P(0), S(0), SB(99), Length[34]
2023-08-30 11:16:38,769[INFO ]:Message Stat : Queue[1], Sent[1], Recv[59]
2023-08-30 11:16:38,803[INFO ]:<<< Received HSMS Message <<< : SSID(0), B2(6), B3(12), P(0), S(0), SB(98), Length[3]
2023-08-30 11:16:38,803[DEBUG]:<<<< HSMS Data [3] <<<<
    21-01-00
2023-08-30 11:16:38,803[INFO ]:>>> Sent HSMS Message >>> : SSID(0), B2(134), B3(11), P(0), S(0), SB(99), Length[34]
2023-08-30 11:16:38,803[DEBUG]:>>>> HSMS Data [34] >>>>
    01-03-B1-04  00-00-00-00  B1-04-00-00  04-B2-01-01
    01-02-B1-04  00-00-04-B2  01-02-41-04  54-4D-30-31
    41-00
2023-08-30 11:16:38,953[INFO ]:Queued HSMS Message : SSID(0), B2(134), B3(11), P(0), S(0), SB(100), Length[34]
2023-08-30 11:16:38,953[INFO ]:Message Stat : Queue[1], Sent[1], Recv[60]
2023-08-30 11:16:38,960[INFO ]:Queued HSMS Message : SSID(0), B2(134), B3(11), P(0), S(0), SB(101), Length[42]
2023-08-30 11:16:38,960[INFO ]:Message Stat : Queue[2], Sent[1], Recv[60]
2023-08-30 11:16:38,961[INFO ]:Queued HSMS Message : SSID(0), B2(134), B3(11), P(0), S(0), SB(102), Length[67]
2023-08-30 11:16:38,961[INFO ]:Message Stat : Queue[3], Sent[1], Recv[60]
2023-08-30 11:16:38,985[INFO ]:>>> Sent HSMS Message >>> : SSID(0), B2(134), B3(11), P(0), S(0), SB(100), Length[34]
2023-08-30 11:16:38,985[DEBUG]:>>>> HSMS Data [34] >>>>
    01-03-B1-04  00-00-00-00  B1-04-00-00  04-B2-01-01
    01-02-B1-04  00-00-04-B2  01-02-41-04  54-4D-30-31
    41-00
2023-08-30 11:16:38,985[INFO ]:>>> Sent HSMS Message >>> : SSID(0), B2(134), B3(11), P(0), S(0), SB(101), Length[42]
2023-08-30 11:16:38,985[DEBUG]:>>>> HSMS Data [42] >>>>
    01-03-B1-04  00-00-00-00  B1-04-00-00  04-B1-01-01
    01-02-B1-04  00-00-04-B1  01-02-41-05  55-53-43-30
    31-41-07-47  4C-41-53-53  30-31
2023-08-30 11:16:38,985[INFO ]:>>> Sent HSMS Message >>> : SSID(0), B2(134), B3(11), P(0), S(0), SB(102), Length[67]
2023-08-30 11:16:38,985[DEBUG]:>>>> HSMS Data [67] >>>>
    01-03-B1-04  00-00-00-00  B1-04-00-00  06-4B-01-01
    01-02-B1-04  00-00-06-4B  01-06-41-05  55-53-43-30
    31-41-07-47  4C-41-53-53  30-31-A9-02  00-01-41-06
    54-52-41-59  2D-31-A9-02  00-01-41-07  4C-4F-54-5F
    30-30-31
2023-08-30 11:16:39,015[INFO ]:<<< Received HSMS Message <<< : SSID(0), B2(6), B3(12), P(0), S(0), SB(99), Length[3]
2023-08-30 11:16:39,015[DEBUG]:<<<< HSMS Data [3] <<<<
    21-01-00
2023-08-30 11:16:39,127[INFO ]:Queued HSMS Message : SSID(0), B2(134), B3(11), P(0), S(0), SB(103), Length[62]
2023-08-30 11:16:39,127[INFO ]:Message Stat : Queue[1], Sent[3], Recv[61]
2023-08-30 11:16:39,152[INFO ]:<<< Received HSMS Message <<< : SSID(0), B2(6), B3(12), P(0), S(0), SB(100), Length[3]
2023-08-30 11:16:39,152[DEBUG]:<<<< HSMS Data [3] <<<<
    21-01-00
2023-08-30 11:16:39,152[INFO ]:clear RecvQueue's items that over the life time.
2023-08-30 11:16:39,152[INFO ]:<<< Received HSMS Message <<< : SSID(0), B2(6), B3(12), P(0), S(0), SB(101), Length[3]
2023-08-30 11:16:39,152[DEBUG]:<<<< HSMS Data [3] <<<<
    21-01-00
2023-08-30 11:16:39,153[INFO ]:<<< Received HSMS Message <<< : SSID(0), B2(6), B3(12), P(0), S(0), SB(102), Length[3]
2023-08-30 11:16:39,153[DEBUG]:<<<< HSMS Data [3] <<<<
    21-01-00
2023-08-30 11:16:39,167[INFO ]:>>> Sent HSMS Message >>> : SSID(0), B2(134), B3(11), P(0), S(0), SB(103), Length[62]
2023-08-30 11:16:39,167[DEBUG]:>>>> HSMS Data [62] >>>>
    01-03-B1-04  00-00-00-00  B1-04-00-00  04-4E-01-01
    01-02-B1-04  00-00-04-4E  01-05-41-04  54-4D-30-31
    41-07-4C-4F  54-5F-30-30  31-A9-02-00  01-41-07-47
    4C-41-53-53  30-31-41-06  54-45-53-54  2D-31
2023-08-30 11:16:39,299[INFO ]:Queued HSMS Message : SSID(0), B2(134), B3(11), P(0), S(0), SB(104), Length[74]
2023-08-30 11:16:39,299[INFO ]:Message Stat : Queue[1], Sent[1], Recv[24]
2023-08-30 11:16:39,351[INFO ]:>>> Sent HSMS Message >>> : SSID(0), B2(134), B3(11), P(0), S(0), SB(104), Length[74]
2023-08-30 11:16:39,351[DEBUG]:>>>> HSMS Data [74] >>>>
    01-03-B1-04  00-00-00-00  B1-04-00-00  04-4D-01-01
    01-02-B1-04  00-00-04-4D  01-07-41-04  42-46-30-31
    A9-02-00-01  41-06-54-52  41-59-2D-31  41-07-4C-4F
    54-5F-30-30  31-A9-02-00  01-41-07-47  4C-41-53-53
    30-31-41-06  54-45-53-54  2D-31
2023-08-30 11:16:39,366[INFO ]:<<< Received HSMS Message <<< : SSID(0), B2(6), B3(12), P(0), S(0), SB(103), Length[3]
2023-08-30 11:16:39,366[DEBUG]:<<<< HSMS Data [3] <<<<
    21-01-00
2023-08-30 11:16:39,563[INFO ]:<<< Received HSMS Message <<< : SSID(0), B2(6), B3(12), P(0), S(0), SB(104), Length[3]
2023-08-30 11:16:39,563[DEBUG]:<<<< HSMS Data [3] <<<<
    21-01-00
2023-08-30 11:16:39,826[INFO ]:Queued HSMS Message : SSID(0), B2(134), B3(11), P(0), S(0), SB(105), Length[74]
2023-08-30 11:16:39,826[INFO ]:Message Stat : Queue[1], Sent[0], Recv[26]
2023-08-30 11:16:39,838[INFO ]:>>> Sent HSMS Message >>> : SSID(0), B2(134), B3(11), P(0), S(0), SB(105), Length[74]
2023-08-30 11:16:39,838[DEBUG]:>>>> HSMS Data [74] >>>>
    01-03-B1-04  00-00-00-00  B1-04-00-00  04-4D-01-01
    01-02-B1-04  00-00-04-4D  01-07-41-04  54-4D-30-31
    A9-02-00-01  41-06-54-52  41-59-2D-31  41-07-4C-4F
    54-5F-30-30  31-A9-02-00  01-41-07-47  4C-41-53-53
    30-31-41-06  54-45-53-54  2D-31
2023-08-30 11:16:40,004[INFO ]:<<< Received HSMS Message <<< : SSID(0), B2(6), B3(12), P(0), S(0), SB(105), Length[3]
2023-08-30 11:16:40,004[DEBUG]:<<<< HSMS Data [3] <<<<
    21-01-00
2023-08-30 11:16:40,153[INFO ]:Queued HSMS Message : SSID(0), B2(134), B3(11), P(0), S(0), SB(106), Length[43]
2023-08-30 11:16:40,153[INFO ]:Message Stat : Queue[1], Sent[0], Recv[27]
2023-08-30 11:16:40,202[INFO ]:>>> Sent HSMS Message >>> : SSID(0), B2(134), B3(11), P(0), S(0), SB(106), Length[43]
2023-08-30 11:16:40,202[DEBUG]:>>>> HSMS Data [43] >>>>
    01-03-B1-04  00-00-00-00  B1-04-00-00  06-41-01-01
    01-02-B1-04  00-00-06-41  01-02-41-06  54-52-41-59
    2D-31-41-07  47-4C-41-53  53-30-32
2023-08-30 11:16:40,315[INFO ]:Queued HSMS Message : SSID(0), B2(134), B3(11), P(0), S(0), SB(107), Length[41]
2023-08-30 11:16:40,315[INFO ]:Message Stat : Queue[1], Sent[1], Recv[27]
2023-08-30 11:16:40,323[INFO ]:>>> Sent HSMS Message >>> : SSID(0), B2(134), B3(11), P(0), S(0), SB(107), Length[41]
2023-08-30 11:16:40,323[DEBUG]:>>>> HSMS Data [41] >>>>
    01-03-B1-04  00-00-00-00  B1-04-00-00  04-B1-01-01
    01-02-B1-04  00-00-04-B1  01-02-41-04  42-46-30-31
    41-07-47-4C  41-53-53-30  32
2023-08-30 11:16:40,369[INFO ]:<<< Received HSMS Message <<< : SSID(0), B2(6), B3(12), P(0), S(0), SB(106), Length[3]
2023-08-30 11:16:40,369[DEBUG]:<<<< HSMS Data [3] <<<<
    21-01-00
2023-08-30 11:16:40,429[INFO ]:<<< Received HSMS Message <<< : SSID(0), B2(6), B3(12), P(0), S(0), SB(107), Length[3]
2023-08-30 11:16:40,429[DEBUG]:<<<< HSMS Data [3] <<<<
    21-01-00
2023-08-30 11:16:40,481[INFO ]:Queued HSMS Message : SSID(0), B2(134), B3(11), P(0), S(0), SB(108), Length[34]
2023-08-30 11:16:40,481[INFO ]:Message Stat : Queue[1], Sent[0], Recv[29]
2023-08-30 11:16:40,505[INFO ]:>>> Sent HSMS Message >>> : SSID(0), B2(134), B3(11), P(0), S(0), SB(108), Length[34]
2023-08-30 11:16:40,505[DEBUG]:>>>> HSMS Data [34] >>>>
    01-03-B1-04  00-00-00-00  B1-04-00-00  04-B1-01-01
    01-02-B1-04  00-00-04-B1  01-02-41-04  54-4D-30-31
    41-00
2023-08-30 11:16:40,716[INFO ]:<<< Received HSMS Message <<< : SSID(0), B2(6), B3(12), P(0), S(0), SB(108), Length[3]
2023-08-30 11:16:40,716[DEBUG]:<<<< HSMS Data [3] <<<<
    21-01-00
2023-08-30 11:16:55,079[INFO ]:Queued HSMS Message : SSID(0), B2(134), B3(11), P(0), S(0), SB(109), Length[56]
2023-08-30 11:16:55,079[INFO ]:Message Stat : Queue[1], Sent[0], Recv[30]
2023-08-30 11:16:55,103[INFO ]:>>> Sent HSMS Message >>> : SSID(0), B2(134), B3(11), P(0), S(0), SB(109), Length[56]
2023-08-30 11:16:55,103[DEBUG]:>>>> HSMS Data [56] >>>>
    01-03-B1-04  00-00-00-00  B1-04-00-00  04-4E-01-01
    01-02-B1-04  00-00-04-4E  01-05-41-05  55-53-43-30
    31-41-07-4C  4F-54-5F-30  30-31-A9-02  00-01-41-00
    41-06-54-45  53-54-2D-31
2023-08-30 11:16:55,287[INFO ]:<<< Received HSMS Message <<< : SSID(0), B2(6), B3(12), P(0), S(0), SB(109), Length[3]
2023-08-30 11:16:55,287[DEBUG]:<<<< HSMS Data [3] <<<<
    21-01-00
2023-08-30 11:16:55,422[INFO ]:Queued HSMS Message : SSID(0), B2(134), B3(11), P(0), S(0), SB(110), Length[41]
2023-08-30 11:16:55,422[INFO ]:Message Stat : Queue[1], Sent[0], Recv[31]
2023-08-30 11:16:55,469[INFO ]:>>> Sent HSMS Message >>> : SSID(0), B2(134), B3(11), P(0), S(0), SB(110), Length[41]
2023-08-30 11:16:55,469[DEBUG]:>>>> HSMS Data [41] >>>>
    01-03-B1-04  00-00-00-00  B1-04-00-00  04-B2-01-01
    01-02-B1-04  00-00-04-B2  01-02-41-04  42-46-30-31
    41-07-47-4C  41-53-53-30  32
2023-08-30 11:16:55,588[INFO ]:Queued HSMS Message : SSID(0), B2(134), B3(11), P(0), S(0), SB(111), Length[34]
2023-08-30 11:16:55,588[INFO ]:Message Stat : Queue[1], Sent[1], Recv[31]
2023-08-30 11:16:55,590[INFO ]:>>> Sent HSMS Message >>> : SSID(0), B2(134), B3(11), P(0), S(0), SB(111), Length[34]
2023-08-30 11:16:55,590[DEBUG]:>>>> HSMS Data [34] >>>>
    01-03-B1-04  00-00-00-00  B1-04-00-00  04-B2-01-01
    01-02-B1-04  00-00-04-B2  01-02-41-04  42-46-30-31
    41-00
2023-08-30 11:16:55,596[INFO ]:Queued HSMS Message : SSID(0), B2(134), B3(11), P(0), S(0), SB(112), Length[67]
2023-08-30 11:16:55,596[INFO ]:Message Stat : Queue[1], Sent[2], Recv[31]
2023-08-30 11:16:55,597[INFO ]:Queued HSMS Message : SSID(0), B2(134), B3(11), P(0), S(0), SB(113), Length[42]
2023-08-30 11:16:55,597[INFO ]:Message Stat : Queue[2], Sent[2], Recv[31]
2023-08-30 11:16:55,651[INFO ]:<<< Received HSMS Message <<< : SSID(0), B2(6), B3(12), P(0), S(0), SB(110), Length[3]
2023-08-30 11:16:55,651[DEBUG]:<<<< HSMS Data [3] <<<<
    21-01-00
2023-08-30 11:16:55,651[INFO ]:>>> Sent HSMS Message >>> : SSID(0), B2(134), B3(11), P(0), S(0), SB(112), Length[67]
2023-08-30 11:16:55,651[DEBUG]:>>>> HSMS Data [67] >>>>
    01-03-B1-04  00-00-00-00  B1-04-00-00  06-4C-01-01
    01-02-B1-04  00-00-06-4C  01-06-41-05  55-53-43-30
    31-41-07-47  4C-41-53-53  30-32-A9-02  00-01-41-06
    54-52-41-59  2D-31-A9-02  00-02-41-07  4C-4F-54-5F
    30-30-31
2023-08-30 11:16:55,651[INFO ]:>>> Sent HSMS Message >>> : SSID(0), B2(134), B3(11), P(0), S(0), SB(113), Length[42]
2023-08-30 11:16:55,651[DEBUG]:>>>> HSMS Data [42] >>>>
    01-03-B1-04  00-00-00-00  B1-04-00-00  04-B2-01-01
    01-02-B1-04  00-00-04-B2  01-02-41-05  55-53-43-30
    31-41-07-47  4C-41-53-53  30-32
2023-08-30 11:16:55,652[INFO ]:<<< Received HSMS Message <<< : SSID(0), B2(6), B3(12), P(0), S(0), SB(111), Length[3]
2023-08-30 11:16:55,652[DEBUG]:<<<< HSMS Data [3] <<<<
    21-01-00
2023-08-30 11:16:55,726[INFO ]:<<< Received HSMS Message <<< : SSID(0), B2(6), B3(12), P(0), S(0), SB(112), Length[3]
2023-08-30 11:16:55,726[DEBUG]:<<<< HSMS Data [3] <<<<
    21-01-00
2023-08-30 11:16:55,728[INFO ]:<<< Received HSMS Message <<< : SSID(0), B2(6), B3(12), P(0), S(0), SB(113), Length[3]
2023-08-30 11:16:55,728[DEBUG]:<<<< HSMS Data [3] <<<<
    21-01-00
2023-08-30 11:16:55,765[INFO ]:Queued HSMS Message : SSID(0), B2(134), B3(11), P(0), S(0), SB(114), Length[62]
2023-08-30 11:16:55,765[INFO ]:Message Stat : Queue[1], Sent[0], Recv[35]
2023-08-30 11:16:55,772[INFO ]:>>> Sent HSMS Message >>> : SSID(0), B2(134), B3(11), P(0), S(0), SB(114), Length[62]
2023-08-30 11:16:55,772[DEBUG]:>>>> HSMS Data [62] >>>>
    01-03-B1-04  00-00-00-00  B1-04-00-00  04-4E-01-01
    01-02-B1-04  00-00-04-4E  01-05-41-04  42-46-30-31
    41-07-4C-4F  54-5F-30-30  31-A9-02-00  02-41-07-47
    4C-41-53-53  30-32-41-06  54-45-53-54  2D-31
2023-08-30 11:16:55,773[INFO ]:Queued HSMS Message : SSID(0), B2(134), B3(11), P(0), S(0), SB(115), Length[75]
2023-08-30 11:16:55,773[INFO ]:Message Stat : Queue[1], Sent[1], Recv[35]
2023-08-30 11:16:55,834[INFO ]:>>> Sent HSMS Message >>> : SSID(0), B2(134), B3(11), P(0), S(0), SB(115), Length[75]
2023-08-30 11:16:55,834[DEBUG]:>>>> HSMS Data [75] >>>>
    01-03-B1-04  00-00-00-00  B1-04-00-00  04-4D-01-01
    01-02-B1-04  00-00-04-4D  01-07-41-05  55-53-43-30
    31-A9-02-00  01-41-06-54  52-41-59-2D  31-41-07-4C
    4F-54-5F-30  30-31-A9-02  00-02-41-07  47-4C-41-53
    53-30-32-41  06-54-45-53  54-2D-31
2023-08-30 11:16:55,879[INFO ]:<<< Received HSMS Message <<< : SSID(0), B2(6), B3(12), P(0), S(0), SB(114), Length[3]
2023-08-30 11:16:55,879[DEBUG]:<<<< HSMS Data [3] <<<<
    21-01-00
2023-08-30 11:16:55,956[INFO ]:<<< Received HSMS Message <<< : SSID(0), B2(6), B3(12), P(0), S(0), SB(115), Length[3]
2023-08-30 11:16:55,956[DEBUG]:<<<< HSMS Data [3] <<<<
    21-01-00
2023-08-30 11:16:55,956[INFO ]:Queued HSMS Message : SSID(0), B2(134), B3(11), P(0), S(0), SB(116), Length[34]
2023-08-30 11:16:55,956[INFO ]:Message Stat : Queue[1], Sent[1], Recv[37]
2023-08-30 11:16:56,018[INFO ]:>>> Sent HSMS Message >>> : SSID(0), B2(134), B3(11), P(0), S(0), SB(116), Length[34]
2023-08-30 11:16:56,018[DEBUG]:>>>> HSMS Data [34] >>>>
    01-03-B1-04  00-00-00-00  B1-04-00-00  04-B2-01-01
    01-02-B1-04  00-00-04-B2  01-02-41-04  54-4D-30-31
    41-00
2023-08-30 11:16:56,153[INFO ]:Queued HSMS Message : SSID(0), B2(134), B3(11), P(0), S(0), SB(117), Length[34]
2023-08-30 11:16:56,153[INFO ]:Message Stat : Queue[1], Sent[1], Recv[37]
2023-08-30 11:16:56,170[INFO ]:<<< Received HSMS Message <<< : SSID(0), B2(6), B3(12), P(0), S(0), SB(116), Length[3]
2023-08-30 11:16:56,170[DEBUG]:<<<< HSMS Data [3] <<<<
    21-01-00
2023-08-30 11:16:56,200[INFO ]:>>> Sent HSMS Message >>> : SSID(0), B2(134), B3(11), P(0), S(0), SB(117), Length[34]
2023-08-30 11:16:56,200[DEBUG]:>>>> HSMS Data [34] >>>>
    01-03-B1-04  00-00-00-00  B1-04-00-00  04-B2-01-01
    01-02-B1-04  00-00-04-B2  01-02-41-04  54-4D-30-31
    41-00
2023-08-30 11:16:56,327[INFO ]:Queued HSMS Message : SSID(0), B2(134), B3(11), P(0), S(0), SB(118), Length[55]
2023-08-30 11:16:56,327[INFO ]:Message Stat : Queue[1], Sent[1], Recv[38]
2023-08-30 11:16:56,334[INFO ]:Queued HSMS Message : SSID(0), B2(134), B3(11), P(0), S(0), SB(119), Length[42]
2023-08-30 11:16:56,334[INFO ]:Message Stat : Queue[2], Sent[1], Recv[38]
2023-08-30 11:16:56,334[INFO ]:Queued HSMS Message : SSID(0), B2(134), B3(11), P(0), S(0), SB(120), Length[67]
2023-08-30 11:16:56,334[INFO ]:Message Stat : Queue[3], Sent[1], Recv[38]
2023-08-30 11:16:56,382[INFO ]:>>> Sent HSMS Message >>> : SSID(0), B2(134), B3(11), P(0), S(0), SB(118), Length[55]
2023-08-30 11:16:56,382[DEBUG]:>>>> HSMS Data [55] >>>>
    01-03-B1-04  00-00-00-00  B1-04-00-00  04-4E-01-01
    01-02-B1-04  00-00-04-4E  01-05-41-04  54-4D-30-31
    41-07-4C-4F  54-5F-30-30  31-A9-02-00  02-41-00-41
    06-54-45-53  54-2D-31
2023-08-30 11:16:56,382[INFO ]:>>> Sent HSMS Message >>> : SSID(0), B2(134), B3(11), P(0), S(0), SB(119), Length[42]
2023-08-30 11:16:56,382[DEBUG]:>>>> HSMS Data [42] >>>>
    01-03-B1-04  00-00-00-00  B1-04-00-00  04-B1-01-01
    01-02-B1-04  00-00-04-B1  01-02-41-05  55-53-43-30
    31-41-07-47  4C-41-53-53  30-32
2023-08-30 11:16:56,382[INFO ]:<<< Received HSMS Message <<< : SSID(0), B2(6), B3(12), P(0), S(0), SB(117), Length[3]
2023-08-30 11:16:56,382[DEBUG]:<<<< HSMS Data [3] <<<<
    21-01-00
2023-08-30 11:16:56,382[INFO ]:>>> Sent HSMS Message >>> : SSID(0), B2(134), B3(11), P(0), S(0), SB(120), Length[67]
2023-08-30 11:16:56,382[DEBUG]:>>>> HSMS Data [67] >>>>
    01-03-B1-04  00-00-00-00  B1-04-00-00  06-4B-01-01
    01-02-B1-04  00-00-06-4B  01-06-41-05  55-53-43-30
    31-41-07-47  4C-41-53-53  30-32-A9-02  00-01-41-06
    54-52-41-59  2D-31-A9-02  00-02-41-07  4C-4F-54-5F
    30-30-31
2023-08-30 11:16:56,515[INFO ]:Queued HSMS Message : SSID(0), B2(134), B3(11), P(0), S(0), SB(121), Length[74]
2023-08-30 11:16:56,515[INFO ]:Message Stat : Queue[1], Sent[3], Recv[39]
2023-08-30 11:16:56,564[INFO ]:>>> Sent HSMS Message >>> : SSID(0), B2(134), B3(11), P(0), S(0), SB(121), Length[74]
2023-08-30 11:16:56,564[DEBUG]:>>>> HSMS Data [74] >>>>
    01-03-B1-04  00-00-00-00  B1-04-00-00  04-4D-01-01
    01-02-B1-04  00-00-04-4D  01-07-41-04  42-46-30-31
    A9-02-00-01  41-06-54-52  41-59-2D-31  41-07-4C-4F
    54-5F-30-30  31-A9-02-00  02-41-07-47  4C-41-53-53
    30-32-41-06  54-45-53-54  2D-31
2023-08-30 11:16:56,579[INFO ]:<<< Received HSMS Message <<< : SSID(0), B2(6), B3(12), P(0), S(0), SB(118), Length[3]
2023-08-30 11:16:56,579[DEBUG]:<<<< HSMS Data [3] <<<<
    21-01-00
2023-08-30 11:16:56,580[INFO ]:<<< Received HSMS Message <<< : SSID(0), B2(6), B3(12), P(0), S(0), SB(119), Length[3]
2023-08-30 11:16:56,580[DEBUG]:<<<< HSMS Data [3] <<<<
    21-01-00
2023-08-30 11:16:56,580[INFO ]:<<< Received HSMS Message <<< : SSID(0), B2(6), B3(12), P(0), S(0), SB(120), Length[3]
2023-08-30 11:16:56,580[DEBUG]:<<<< HSMS Data [3] <<<<
    21-01-00
2023-08-30 11:16:56,655[INFO ]:<<< Received HSMS Message <<< : SSID(0), B2(6), B3(12), P(0), S(0), SB(121), Length[3]
2023-08-30 11:16:56,655[DEBUG]:<<<< HSMS Data [3] <<<<
    21-01-00
2023-08-30 11:16:57,297[INFO ]:Queued HSMS Message : SSID(0), B2(134), B3(11), P(0), S(0), SB(122), Length[43]
2023-08-30 11:16:57,297[INFO ]:Message Stat : Queue[1], Sent[0], Recv[43]
2023-08-30 11:16:57,354[INFO ]:>>> Sent HSMS Message >>> : SSID(0), B2(134), B3(11), P(0), S(0), SB(122), Length[43]
2023-08-30 11:16:57,354[DEBUG]:>>>> HSMS Data [43] >>>>
    01-03-B1-04  00-00-00-00  B1-04-00-00  06-41-01-01
    01-02-B1-04  00-00-06-41  01-02-41-06  54-52-41-59
    2D-31-41-07  47-4C-41-53  53-30-33
2023-08-30 11:16:57,449[INFO ]:Queued HSMS Message : SSID(0), B2(134), B3(11), P(0), S(0), SB(123), Length[41]
2023-08-30 11:16:57,449[INFO ]:Message Stat : Queue[1], Sent[1], Recv[43]
2023-08-30 11:16:57,474[INFO ]:>>> Sent HSMS Message >>> : SSID(0), B2(134), B3(11), P(0), S(0), SB(123), Length[41]
2023-08-30 11:16:57,474[DEBUG]:>>>> HSMS Data [41] >>>>
    01-03-B1-04  00-00-00-00  B1-04-00-00  04-B1-01-01
    01-02-B1-04  00-00-04-B1  01-02-41-04  42-46-30-31
    41-07-47-4C  41-53-53-30  33
2023-08-30 11:16:57,490[INFO ]:<<< Received HSMS Message <<< : SSID(0), B2(6), B3(12), P(0), S(0), SB(122), Length[3]
2023-08-30 11:16:57,490[DEBUG]:<<<< HSMS Data [3] <<<<
    21-01-00
2023-08-30 11:16:57,565[INFO ]:<<< Received HSMS Message <<< : SSID(0), B2(6), B3(12), P(0), S(0), SB(123), Length[3]
2023-08-30 11:16:57,565[DEBUG]:<<<< HSMS Data [3] <<<<
    21-01-00
2023-08-30 11:17:16,339[INFO ]:Send LinkTest Request.
2023-08-30 11:17:16,339[INFO ]:Queued HSMS Message : SSID(65535), B2(0), B3(0), P(0), S(5), SB(124), Length[0]
2023-08-30 11:17:16,339[INFO ]:Message Stat : Queue[1], Sent[0], Recv[45]
2023-08-30 11:17:16,370[INFO ]:>>> Sent HSMS Message >>> : SSID(65535), B2(0), B3(0), P(0), S(5), SB(124), Length[0]
2023-08-30 11:17:16,507[INFO ]:Received LinkTest Response.
2023-08-30 11:17:16,507[INFO ]:<<< Received HSMS Message <<< : SSID(65535), B2(0), B3(0), P(0), S(6), SB(124), Length[0]
2023-08-30 11:17:24,663[INFO ]:Queued HSMS Message : SSID(0), B2(134), B3(11), P(0), S(0), SB(125), Length[63]
2023-08-30 11:17:24,663[INFO ]:Message Stat : Queue[1], Sent[0], Recv[46]
2023-08-30 11:17:24,702[INFO ]:>>> Sent HSMS Message >>> : SSID(0), B2(134), B3(11), P(0), S(0), SB(125), Length[63]
2023-08-30 11:17:24,703[DEBUG]:>>>> HSMS Data [63] >>>>
    01-03-B1-04  00-00-00-00  B1-04-00-00  04-4E-01-01
    01-02-B1-04  00-00-04-4E  01-05-41-05  55-53-43-30
    31-41-07-4C  4F-54-5F-30  30-31-A9-02  00-02-41-07
    47-4C-41-53  53-30-33-41  06-54-45-53  54-2D-31
2023-08-30 11:17:24,856[INFO ]:<<< Received HSMS Message <<< : SSID(0), B2(6), B3(12), P(0), S(0), SB(125), Length[3]
2023-08-30 11:17:24,856[DEBUG]:<<<< HSMS Data [3] <<<<
    21-01-00
2023-08-30 11:17:25,006[INFO ]:Queued HSMS Message : SSID(0), B2(134), B3(11), P(0), S(0), SB(126), Length[41]
2023-08-30 11:17:25,006[INFO ]:Message Stat : Queue[1], Sent[0], Recv[47]
2023-08-30 11:17:25,009[INFO ]:>>> Sent HSMS Message >>> : SSID(0), B2(134), B3(11), P(0), S(0), SB(126), Length[41]
2023-08-30 11:17:25,009[DEBUG]:>>>> HSMS Data [41] >>>>
    01-03-B1-04  00-00-00-00  B1-04-00-00  04-B2-01-01
    01-02-B1-04  00-00-04-B2  01-02-41-04  42-46-30-31
    41-07-47-4C  41-53-53-30  33
2023-08-30 11:17:25,163[INFO ]:<<< Received HSMS Message <<< : SSID(0), B2(6), B3(12), P(0), S(0), SB(126), Length[3]
2023-08-30 11:17:25,163[DEBUG]:<<<< HSMS Data [3] <<<<
    21-01-00
2023-08-30 11:17:25,174[INFO ]:Queued HSMS Message : SSID(0), B2(134), B3(11), P(0), S(0), SB(127), Length[34]
2023-08-30 11:17:25,174[INFO ]:Message Stat : Queue[1], Sent[0], Recv[48]
2023-08-30 11:17:25,192[INFO ]:>>> Sent HSMS Message >>> : SSID(0), B2(134), B3(11), P(0), S(0), SB(127), Length[34]
2023-08-30 11:17:25,192[DEBUG]:>>>> HSMS Data [34] >>>>
    01-03-B1-04  00-00-00-00  B1-04-00-00  04-B2-01-01
    01-02-B1-04  00-00-04-B2  01-02-41-04  42-46-30-31
    41-00
2023-08-30 11:17:25,336[INFO ]:Queued HSMS Message : SSID(0), B2(134), B3(11), P(0), S(0), SB(128), Length[62]
2023-08-30 11:17:25,336[INFO ]:Message Stat : Queue[1], Sent[1], Recv[48]
2023-08-30 11:17:25,343[INFO ]:Queued HSMS Message : SSID(0), B2(134), B3(11), P(0), S(0), SB(129), Length[55]
2023-08-30 11:17:25,343[INFO ]:Message Stat : Queue[2], Sent[1], Recv[48]
2023-08-30 11:17:25,376[INFO ]:<<< Received HSMS Message <<< : SSID(0), B2(6), B3(12), P(0), S(0), SB(127), Length[3]
2023-08-30 11:17:25,376[DEBUG]:<<<< HSMS Data [3] <<<<
    21-01-00
2023-08-30 11:17:25,376[INFO ]:>>> Sent HSMS Message >>> : SSID(0), B2(134), B3(11), P(0), S(0), SB(128), Length[62]
2023-08-30 11:17:25,376[DEBUG]:>>>> HSMS Data [62] >>>>
    01-03-B1-04  00-00-00-00  B1-04-00-00  05-20-01-01
    01-02-B1-04  00-00-05-20  01-04-41-04  49-50-30-31
    A9-02-00-01  41-06-54-52  41-59-2D-31  41-10-77-6F
    72-6B-32-30  32-33-30-36  33-30-31-33  33-31
2023-08-30 11:17:25,376[INFO ]:>>> Sent HSMS Message >>> : SSID(0), B2(134), B3(11), P(0), S(0), SB(129), Length[55]
2023-08-30 11:17:25,376[DEBUG]:>>>> HSMS Data [55] >>>>
    01-03-B1-04  00-00-00-00  B1-04-00-00  04-4E-01-01
    01-02-B1-04  00-00-04-4E  01-05-41-04  42-46-30-31
    41-07-4C-4F  54-5F-30-30  31-A9-02-00  02-41-00-41
    06-54-45-53  54-2D-31
2023-08-30 11:17:25,511[INFO ]:<<< Received HSMS Message <<< : SSID(0), B2(6), B3(12), P(0), S(0), SB(128), Length[3]
2023-08-30 11:17:25,511[DEBUG]:<<<< HSMS Data [3] <<<<
    21-01-00
2023-08-30 11:17:25,512[INFO ]:<<< Received HSMS Message <<< : SSID(0), B2(6), B3(12), P(0), S(0), SB(129), Length[3]
2023-08-30 11:17:25,512[DEBUG]:<<<< HSMS Data [3] <<<<
    21-01-00
2023-08-30 11:17:28,309[INFO ]:Queued HSMS Message : SSID(0), B2(134), B3(11), P(0), S(0), SB(130), Length[67]
2023-08-30 11:17:28,309[INFO ]:Message Stat : Queue[1], Sent[0], Recv[51]
2023-08-30 11:17:28,311[INFO ]:Queued HSMS Message : SSID(0), B2(134), B3(11), P(0), S(0), SB(131), Length[42]
2023-08-30 11:17:28,311[INFO ]:Message Stat : Queue[2], Sent[0], Recv[51]
2023-08-30 11:17:28,357[INFO ]:>>> Sent HSMS Message >>> : SSID(0), B2(134), B3(11), P(0), S(0), SB(130), Length[67]
2023-08-30 11:17:28,357[DEBUG]:>>>> HSMS Data [67] >>>>
    01-03-B1-04  00-00-00-00  B1-04-00-00  06-4C-01-01
    01-02-B1-04  00-00-06-4C  01-06-41-05  55-53-43-30
    31-41-07-47  4C-41-53-53  30-33-A9-02  00-01-41-06
    54-52-41-59  2D-31-A9-02  00-03-41-07  4C-4F-54-5F
    30-30-31
2023-08-30 11:17:28,358[INFO ]:>>> Sent HSMS Message >>> : SSID(0), B2(134), B3(11), P(0), S(0), SB(131), Length[42]
2023-08-30 11:17:28,358[DEBUG]:>>>> HSMS Data [42] >>>>
    01-03-B1-04  00-00-00-00  B1-04-00-00  04-B2-01-01
    01-02-B1-04  00-00-04-B2  01-02-41-05  55-53-43-30
    31-41-07-47  4C-41-53-53  30-33
2023-08-30 11:17:28,469[INFO ]:Queued HSMS Message : SSID(0), B2(134), B3(11), P(0), S(0), SB(132), Length[75]
2023-08-30 11:17:28,470[INFO ]:Message Stat : Queue[1], Sent[2], Recv[51]
2023-08-30 11:17:28,478[INFO ]:>>> Sent HSMS Message >>> : SSID(0), B2(134), B3(11), P(0), S(0), SB(132), Length[75]
2023-08-30 11:17:28,478[DEBUG]:>>>> HSMS Data [75] >>>>
    01-03-B1-04  00-00-00-00  B1-04-00-00  04-4D-01-01
    01-02-B1-04  00-00-04-4D  01-07-41-05  55-53-43-30
    31-A9-02-00  01-41-06-54  52-41-59-2D  31-41-07-4C
    4F-54-5F-30  30-31-A9-02  00-03-41-07  47-4C-41-53
    53-30-33-41  06-54-45-53  54-2D-31
2023-08-30 11:17:28,525[INFO ]:<<< Received HSMS Message <<< : SSID(0), B2(6), B3(12), P(0), S(0), SB(130), Length[3]
2023-08-30 11:17:28,525[DEBUG]:<<<< HSMS Data [3] <<<<
    21-01-00
2023-08-30 11:17:28,586[INFO ]:<<< Received HSMS Message <<< : SSID(0), B2(6), B3(12), P(0), S(0), SB(131), Length[3]
2023-08-30 11:17:28,586[DEBUG]:<<<< HSMS Data [3] <<<<
    21-01-00
2023-08-30 11:17:28,586[INFO ]:<<< Received HSMS Message <<< : SSID(0), B2(6), B3(12), P(0), S(0), SB(132), Length[3]
2023-08-30 11:17:28,586[DEBUG]:<<<< HSMS Data [3] <<<<
    21-01-00
2023-08-30 11:17:28,940[INFO ]:Queued HSMS Message : SSID(0), B2(134), B3(11), P(0), S(0), SB(133), Length[42]
2023-08-30 11:17:28,941[INFO ]:Message Stat : Queue[1], Sent[0], Recv[54]
2023-08-30 11:17:28,941[INFO ]:Queued HSMS Message : SSID(0), B2(134), B3(11), P(0), S(0), SB(134), Length[67]
2023-08-30 11:17:28,941[INFO ]:Message Stat : Queue[2], Sent[0], Recv[54]
2023-08-30 11:17:28,967[INFO ]:>>> Sent HSMS Message >>> : SSID(0), B2(134), B3(11), P(0), S(0), SB(133), Length[42]
2023-08-30 11:17:28,967[DEBUG]:>>>> HSMS Data [42] >>>>
    01-03-B1-04  00-00-00-00  B1-04-00-00  04-B1-01-01
    01-02-B1-04  00-00-04-B1  01-02-41-05  55-53-43-30
    31-41-07-47  4C-41-53-53  30-33
2023-08-30 11:17:28,967[INFO ]:>>> Sent HSMS Message >>> : SSID(0), B2(134), B3(11), P(0), S(0), SB(134), Length[67]
2023-08-30 11:17:28,967[DEBUG]:>>>> HSMS Data [67] >>>>
    01-03-B1-04  00-00-00-00  B1-04-00-00  06-4B-01-01
    01-02-B1-04  00-00-06-4B  01-06-41-05  55-53-43-30
    31-41-07-47  4C-41-53-53  30-33-A9-02  00-01-41-06
    54-52-41-59  2D-31-A9-02  00-03-41-07  4C-4F-54-5F
    30-30-31
2023-08-30 11:17:29,179[INFO ]:<<< Received HSMS Message <<< : SSID(0), B2(6), B3(12), P(0), S(0), SB(133), Length[3]
2023-08-30 11:17:29,179[DEBUG]:<<<< HSMS Data [3] <<<<
    21-01-00
2023-08-30 11:17:29,180[INFO ]:<<< Received HSMS Message <<< : SSID(0), B2(6), B3(12), P(0), S(0), SB(134), Length[3]
2023-08-30 11:17:29,180[DEBUG]:<<<< HSMS Data [3] <<<<
    21-01-00
2023-08-30 11:17:50,792[INFO ]:Queued HSMS Message : SSID(0), B2(134), B3(11), P(0), S(0), SB(135), Length[63]
2023-08-30 11:17:50,792[INFO ]:Message Stat : Queue[1], Sent[0], Recv[56]
2023-08-30 11:17:50,848[INFO ]:>>> Sent HSMS Message >>> : SSID(0), B2(134), B3(11), P(0), S(0), SB(135), Length[63]
2023-08-30 11:17:50,848[DEBUG]:>>>> HSMS Data [63] >>>>
    01-03-B1-04  00-00-00-00  B1-04-00-00  04-4E-01-01
    01-02-B1-04  00-00-04-4E  01-05-41-05  55-53-43-30
    31-41-07-4C  4F-54-5F-30  30-31-A9-02  00-03-41-07
    47-4C-41-53  53-30-33-41  06-54-45-53  54-2D-31
2023-08-30 11:17:51,017[INFO ]:<<< Received HSMS Message <<< : SSID(0), B2(6), B3(12), P(0), S(0), SB(135), Length[3]
2023-08-30 11:17:51,017[DEBUG]:<<<< HSMS Data [3] <<<<
    21-01-00
2023-08-30 11:17:51,843[INFO ]:Queued HSMS Message : SSID(0), B2(134), B3(11), P(0), S(0), SB(136), Length[38]
2023-08-30 11:17:51,843[INFO ]:Message Stat : Queue[1], Sent[0], Recv[57]
2023-08-30 11:17:51,885[INFO ]:>>> Sent HSMS Message >>> : SSID(0), B2(134), B3(11), P(0), S(0), SB(136), Length[38]
2023-08-30 11:17:51,885[DEBUG]:>>>> HSMS Data [38] >>>>
    01-03-B1-04  00-00-00-00  B1-04-00-00  05-DE-01-01
    01-02-B1-04  00-00-05-DE  01-02-A9-02  00-01-41-06
    54-45-53-54  2D-31
2023-08-30 11:17:52,035[INFO ]:Queued HSMS Message : SSID(0), B2(134), B3(11), P(0), S(0), SB(137), Length[34]
2023-08-30 11:17:52,035[INFO ]:Message Stat : Queue[1], Sent[1], Recv[57]
2023-08-30 11:17:52,067[INFO ]:<<< Received HSMS Message <<< : SSID(0), B2(6), B3(12), P(0), S(0), SB(136), Length[3]
2023-08-30 11:17:52,067[DEBUG]:<<<< HSMS Data [3] <<<<
    21-01-00
2023-08-30 11:17:52,067[INFO ]:>>> Sent HSMS Message >>> : SSID(0), B2(134), B3(11), P(0), S(0), SB(137), Length[34]
2023-08-30 11:17:52,067[DEBUG]:>>>> HSMS Data [34] >>>>
    01-03-B1-04  00-00-00-00  B1-04-00-00  04-1B-01-01
    01-02-B1-04  00-00-04-1B  01-02-A9-02  00-01-A9-02
    00-02
2023-08-30 11:17:52,280[INFO ]:<<< Received HSMS Message <<< : SSID(0), B2(6), B3(12), P(0), S(0), SB(137), Length[3]
2023-08-30 11:17:52,280[DEBUG]:<<<< HSMS Data [3] <<<<
    21-01-00
2023-08-30 11:18:03,876[INFO ]:Queued HSMS Message : SSID(0), B2(134), B3(11), P(0), S(0), SB(138), Length[38]
2023-08-30 11:18:03,876[INFO ]:Message Stat : Queue[1], Sent[0], Recv[59]
2023-08-30 11:18:03,918[INFO ]:>>> Sent HSMS Message >>> : SSID(0), B2(134), B3(11), P(0), S(0), SB(138), Length[38]
2023-08-30 11:18:03,918[DEBUG]:>>>> HSMS Data [38] >>>>
    01-03-B1-04  00-00-00-00  B1-04-00-00  05-DF-01-01
    01-02-B1-04  00-00-05-DF  01-02-A9-02  00-01-41-06
    54-45-53-54  2D-31
2023-08-30 11:18:04,029[INFO ]:Queued HSMS Message : SSID(0), B2(134), B3(11), P(0), S(0), SB(139), Length[34]
2023-08-30 11:18:04,029[INFO ]:Message Stat : Queue[1], Sent[1], Recv[59]
2023-08-30 11:18:04,039[INFO ]:>>> Sent HSMS Message >>> : SSID(0), B2(134), B3(11), P(0), S(0), SB(139), Length[34]
2023-08-30 11:18:04,039[DEBUG]:>>>> HSMS Data [34] >>>>
    01-03-B1-04  00-00-00-00  B1-04-00-00  04-1B-01-01
    01-02-B1-04  00-00-04-1B  01-02-A9-02  00-02-A9-02
    00-01
2023-08-30 11:18:04,085[INFO ]:<<< Received HSMS Message <<< : SSID(0), B2(6), B3(12), P(0), S(0), SB(138), Length[3]
2023-08-30 11:18:04,085[DEBUG]:<<<< HSMS Data [3] <<<<
    21-01-00
2023-08-30 11:18:04,146[INFO ]:<<< Received HSMS Message <<< : SSID(0), B2(6), B3(12), P(0), S(0), SB(139), Length[3]
2023-08-30 11:18:04,146[DEBUG]:<<<< HSMS Data [3] <<<<
    21-01-00
2023-08-30 11:18:05,016[INFO ]:Queued HSMS Message : SSID(0), B2(134), B3(11), P(0), S(0), SB(140), Length[54]
2023-08-30 11:18:05,016[INFO ]:Message Stat : Queue[1], Sent[0], Recv[61]
2023-08-30 11:18:05,071[INFO ]:>>> Sent HSMS Message >>> : SSID(0), B2(134), B3(11), P(0), S(0), SB(140), Length[54]
2023-08-30 11:18:05,071[DEBUG]:>>>> HSMS Data [54] >>>>
    01-03-B1-04  00-00-00-00  B1-04-00-00  05-83-01-01
    01-02-B1-04  00-00-05-83  01-04-A9-02  00-01-41-06
    54-52-41-59  2D-31-41-06  54-52-41-59  2D-31-41-06
    54-45-53-54  2D-31
2023-08-30 11:18:05,208[INFO ]:<<< Received HSMS Message <<< : SSID(0), B2(6), B3(12), P(0), S(0), SB(140), Length[3]
2023-08-30 11:18:05,208[DEBUG]:<<<< HSMS Data [3] <<<<
    21-01-00
2023-08-30 11:18:06,171[INFO ]:Queued HSMS Message : SSID(0), B2(134), B3(11), P(0), S(0), SB(141), Length[46]
2023-08-30 11:18:06,171[INFO ]:Message Stat : Queue[1], Sent[0], Recv[62]
2023-08-30 11:18:06,228[INFO ]:>>> Sent HSMS Message >>> : SSID(0), B2(134), B3(11), P(0), S(0), SB(141), Length[46]
2023-08-30 11:18:06,228[DEBUG]:>>>> HSMS Data [46] >>>>
    01-03-B1-04  00-00-00-00  B1-04-00-00  05-79-01-01
    01-02-B1-04  00-00-05-79  01-03-A9-02  00-01-41-06
    54-52-41-59  2D-31-41-06  54-45-53-54  2D-31
2023-08-30 11:18:06,410[INFO ]:<<< Received HSMS Message <<< : SSID(0), B2(6), B3(12), P(0), S(0), SB(141), Length[3]
2023-08-30 11:18:06,410[DEBUG]:<<<< HSMS Data [3] <<<<
    21-01-00
2023-08-30 11:19:18,010[INFO ]:Send LinkTest Request.
2023-08-30 11:19:18,010[INFO ]:Queued HSMS Message : SSID(65535), B2(0), B3(0), P(0), S(5), SB(142), Length[0]
2023-08-30 11:19:18,010[INFO ]:Message Stat : Queue[1], Sent[0], Recv[63]
2023-08-30 11:19:18,025[INFO ]:>>> Sent HSMS Message >>> : SSID(65535), B2(0), B3(0), P(0), S(5), SB(142), Length[0]
2023-08-30 11:19:18,147[INFO ]:Received LinkTest Response.
2023-08-30 11:19:18,147[INFO ]:<<< Received HSMS Message <<< : SSID(65535), B2(0), B3(0), P(0), S(6), SB(142), Length[0]
2023-08-30 11:21:19,710[INFO ]:Send LinkTest Request.
2023-08-30 11:21:19,710[INFO ]:Queued HSMS Message : SSID(65535), B2(0), B3(0), P(0), S(5), SB(143), Length[0]
2023-08-30 11:21:19,710[INFO ]:Message Stat : Queue[1], Sent[0], Recv[64]
2023-08-30 11:21:19,770[INFO ]:>>> Sent HSMS Message >>> : SSID(65535), B2(0), B3(0), P(0), S(5), SB(143), Length[0]
2023-08-30 11:21:19,924[INFO ]:Received LinkTest Response.
2023-08-30 11:21:19,924[INFO ]:<<< Received HSMS Message <<< : SSID(65535), B2(0), B3(0), P(0), S(6), SB(143), Length[0]
