2023-08-29 20:00:27,370[INFO ]:Received LinkTest Request.
2023-08-29 20:00:27,372[INFO ]:<<< Received HSMS Message <<< : SSID(65535), B2(0), B3(0), P(0), S(5), SB(24,682), Length[0]
2023-08-29 20:00:27,372[INFO ]:Queued HSMS Message : SSID(65535), B2(0), B3(0), P(0), S(6), SB(24,682), Length[0]
2023-08-29 20:00:27,372[INFO ]:Message Stat : Queue[1], Sent[0], Recv[12]
2023-08-29 20:00:27,432[INFO ]:Sent LinkTest Response.
2023-08-29 20:00:27,432[INFO ]:>>> Sent HSMS Message >>> : SSID(65535), B2(0), B3(0), P(0), S(6), SB(24,682), Length[0]
2023-08-29 20:00:58,884[INFO ]:Received LinkTest Request.
2023-08-29 20:00:58,884[INFO ]:<<< Received HSMS Message <<< : SSID(65535), B2(0), B3(0), P(0), S(5), SB(24,686), Length[0]
2023-08-29 20:00:58,932[INFO ]:Queued HSMS Message : SSID(65535), B2(0), B3(0), P(0), S(6), SB(24,686), Length[0]
2023-08-29 20:00:58,932[INFO ]:Message Stat : Queue[1], Sent[0], Recv[12]
2023-08-29 20:00:58,991[INFO ]:Sent LinkTest Response.
2023-08-29 20:00:58,992[INFO ]:>>> Sent HSMS Message >>> : SSID(65535), B2(0), B3(0), P(0), S(6), SB(24,686), Length[0]
2023-08-29 20:01:30,352[INFO ]:Received LinkTest Request.
2023-08-29 20:01:30,352[INFO ]:<<< Received HSMS Message <<< : SSID(65535), B2(0), B3(0), P(0), S(5), SB(24,690), Length[0]
2023-08-29 20:01:30,353[INFO ]:Queued HSMS Message : SSID(65535), B2(0), B3(0), P(0), S(6), SB(24,690), Length[0]
2023-08-29 20:01:30,353[INFO ]:Message Stat : Queue[1], Sent[0], Recv[12]
2023-08-29 20:01:30,382[INFO ]:Sent LinkTest Response.
2023-08-29 20:01:30,382[INFO ]:>>> Sent HSMS Message >>> : SSID(65535), B2(0), B3(0), P(0), S(6), SB(24,690), Length[0]
2023-08-29 20:01:57,401[INFO ]:Send LinkTest Request.
2023-08-29 20:01:57,402[INFO ]:Queued HSMS Message : SSID(65535), B2(0), B3(0), P(0), S(5), SB(11), Length[0]
2023-08-29 20:01:57,402[INFO ]:Message Stat : Queue[1], Sent[0], Recv[11]
2023-08-29 20:01:57,417[INFO ]:>>> Sent HSMS Message >>> : SSID(65535), B2(0), B3(0), P(0), S(5), SB(11), Length[0]
2023-08-29 20:01:57,478[INFO ]:Received LinkTest Response.
2023-08-29 20:01:57,478[INFO ]:<<< Received HSMS Message <<< : SSID(65535), B2(0), B3(0), P(0), S(6), SB(11), Length[0]
2023-08-29 20:02:28,903[INFO ]:Received LinkTest Request.
2023-08-29 20:02:28,903[INFO ]:<<< Received HSMS Message <<< : SSID(65535), B2(0), B3(0), P(0), S(5), SB(24,696), Length[0]
2023-08-29 20:02:28,903[INFO ]:Queued HSMS Message : SSID(65535), B2(0), B3(0), P(0), S(6), SB(24,696), Length[0]
2023-08-29 20:02:28,903[INFO ]:Message Stat : Queue[1], Sent[0], Recv[13]
2023-08-29 20:02:28,919[INFO ]:Sent LinkTest Response.
2023-08-29 20:02:28,919[INFO ]:>>> Sent HSMS Message >>> : SSID(65535), B2(0), B3(0), P(0), S(6), SB(24,696), Length[0]
2023-08-29 20:03:00,404[INFO ]:Received LinkTest Request.
2023-08-29 20:03:00,404[INFO ]:<<< Received HSMS Message <<< : SSID(65535), B2(0), B3(0), P(0), S(5), SB(24,700), Length[0]
2023-08-29 20:03:00,404[INFO ]:Queued HSMS Message : SSID(65535), B2(0), B3(0), P(0), S(6), SB(24,700), Length[0]
2023-08-29 20:03:00,404[INFO ]:Message Stat : Queue[1], Sent[0], Recv[13]
2023-08-29 20:03:00,449[INFO ]:Sent LinkTest Response.
2023-08-29 20:03:00,449[INFO ]:>>> Sent HSMS Message >>> : SSID(65535), B2(0), B3(0), P(0), S(6), SB(24,700), Length[0]
2023-08-29 20:03:31,894[INFO ]:Received LinkTest Request.
2023-08-29 20:03:31,894[INFO ]:<<< Received HSMS Message <<< : SSID(65535), B2(0), B3(0), P(0), S(5), SB(24,704), Length[0]
2023-08-29 20:03:31,894[INFO ]:Queued HSMS Message : SSID(65535), B2(0), B3(0), P(0), S(6), SB(24,704), Length[0]
2023-08-29 20:03:31,894[INFO ]:Message Stat : Queue[1], Sent[0], Recv[13]
2023-08-29 20:03:31,924[INFO ]:Sent LinkTest Response.
2023-08-29 20:03:31,924[INFO ]:>>> Sent HSMS Message >>> : SSID(65535), B2(0), B3(0), P(0), S(6), SB(24,704), Length[0]
2023-08-29 20:03:59,146[INFO ]:Send LinkTest Request.
2023-08-29 20:03:59,146[INFO ]:Queued HSMS Message : SSID(65535), B2(0), B3(0), P(0), S(5), SB(12), Length[0]
2023-08-29 20:03:59,146[INFO ]:Message Stat : Queue[1], Sent[0], Recv[12]
2023-08-29 20:03:59,207[INFO ]:>>> Sent HSMS Message >>> : SSID(65535), B2(0), B3(0), P(0), S(5), SB(12), Length[0]
2023-08-29 20:03:59,221[INFO ]:Received LinkTest Response.
2023-08-29 20:03:59,221[INFO ]:<<< Received HSMS Message <<< : SSID(65535), B2(0), B3(0), P(0), S(6), SB(12), Length[0]
2023-08-29 20:04:24,719[INFO ]:Before Clear Queue.
2023-08-29 20:04:24,724[INFO ]:Clear Queue.
2023-08-29 20:04:24,724[INFO ]:Reset System Bytes to Zero(0).
2023-08-29 20:04:24,724[INFO ]:Connection Mode : Passive
2023-08-29 20:04:24,729[INFO ]:Thread State Changed : Working
2023-08-29 20:04:24,730[INFO ]:Start RunThreadPassive()
2023-08-29 20:04:24,730[INFO ]:Listening State Changed : Open
2023-08-29 20:04:24,730[INFO ]:Socket Listener was Started.
2023-08-29 20:04:24,730[INFO ]:Before Clear Queue.
2023-08-29 20:04:24,730[INFO ]:Clear Queue.
2023-08-29 20:04:24,730[INFO ]:Waiting New Connection...
2023-08-29 20:04:26,407[INFO ]:Accept New Connection.
2023-08-29 20:04:26,408[INFO ]:Listening State Changed : Close
2023-08-29 20:04:26,408[INFO ]:Start New Connection.
2023-08-29 20:04:26,409[INFO ]:HSMS Connection State Is Changed : 0 -> 1
2023-08-29 20:04:26,413[INFO ]:Start Basic Timer Due(1000), Period(1000)
2023-08-29 20:04:26,414[INFO ]:Started Basic Timer.
2023-08-29 20:04:26,420[INFO ]:Start Recv Thread.
2023-08-29 20:04:26,420[INFO ]:Start RunThreadRecv()
2023-08-29 20:04:26,430[INFO ]:Queued HSMS Message : SSID(65535), B2(0), B3(0), P(0), S(2), SB(24,710), Length[0]
2023-08-29 20:04:26,431[INFO ]:Message Stat : Queue[1], Sent[0], Recv[1]
2023-08-29 20:04:26,431[INFO ]:HSMS Connection State Is Changed : 1 -> 3
2023-08-29 20:04:26,434[INFO ]:Received Select Request.
2023-08-29 20:04:26,434[INFO ]:<<< Received HSMS Message <<< : SSID(65535), B2(0), B3(0), P(0), S(1), SB(24,710), Length[0]
2023-08-29 20:04:26,435[INFO ]:Send LinkTest Request.
2023-08-29 20:04:26,435[INFO ]:Queued HSMS Message : SSID(65535), B2(0), B3(0), P(0), S(5), SB(0), Length[0]
2023-08-29 20:04:26,436[INFO ]:Message Stat : Queue[2], Sent[0], Recv[1]
2023-08-29 20:04:26,487[INFO ]:Sent Select Response.
2023-08-29 20:04:26,487[INFO ]:>>> Sent HSMS Message >>> : SSID(65535), B2(0), B3(0), P(0), S(2), SB(24,710), Length[0]
2023-08-29 20:04:26,488[INFO ]:>>> Sent HSMS Message >>> : SSID(65535), B2(0), B3(0), P(0), S(5), SB(0), Length[0]
2023-08-29 20:04:26,499[INFO ]:Received LinkTest Response.
2023-08-29 20:04:26,499[INFO ]:<<< Received HSMS Message <<< : SSID(65535), B2(0), B3(0), P(0), S(6), SB(0), Length[0]
2023-08-29 20:04:26,581[INFO ]:Queued HSMS Message : SSID(0), B2(129), B3(13), P(0), S(0), SB(1), Length[23]
2023-08-29 20:04:26,581[INFO ]:Message Stat : Queue[1], Sent[0], Recv[1]
2023-08-29 20:04:26,605[INFO ]:>>> Sent HSMS Message >>> : SSID(0), B2(129), B3(13), P(0), S(0), SB(1), Length[23]
2023-08-29 20:04:26,607[DEBUG]:>>>> HSMS Data [23] >>>>
    01-02-41-03  55-50-4B-41  0E-31-2E-30  2E-38-36-34
    31-2E-33-36  31-33-30
2023-08-29 20:04:26,727[INFO ]:<<< Received HSMS Message <<< : SSID(0), B2(1), B3(14), P(0), S(0), SB(1), Length[7]
2023-08-29 20:04:26,727[DEBUG]:<<<< HSMS Data [7] <<<<
    01-02-21-01  00-01-00
2023-08-29 20:04:28,440[INFO ]:Queued HSMS Message : SSID(0), B2(134), B3(11), P(0), S(0), SB(2), Length[38]
2023-08-29 20:04:28,441[INFO ]:Message Stat : Queue[1], Sent[0], Recv[2]
2023-08-29 20:04:28,493[INFO ]:>>> Sent HSMS Message >>> : SSID(0), B2(134), B3(11), P(0), S(0), SB(2), Length[38]
2023-08-29 20:04:28,493[DEBUG]:>>>> HSMS Data [38] >>>>
    01-03-B1-04  00-00-00-00  B1-04-00-00  05-DE-01-01
    01-02-B1-04  00-00-05-DE  01-02-A9-02  00-01-41-06
    54-45-53-54  2D-31
2023-08-29 20:04:28,615[INFO ]:<<< Received HSMS Message <<< : SSID(0), B2(6), B3(12), P(0), S(0), SB(2), Length[3]
2023-08-29 20:04:28,615[DEBUG]:<<<< HSMS Data [3] <<<<
    21-01-00
2023-08-29 20:04:29,122[INFO ]:Queued HSMS Message : SSID(0), B2(134), B3(11), P(0), S(0), SB(3), Length[34]
2023-08-29 20:04:29,122[INFO ]:Message Stat : Queue[1], Sent[0], Recv[3]
2023-08-29 20:04:29,148[INFO ]:>>> Sent HSMS Message >>> : SSID(0), B2(134), B3(11), P(0), S(0), SB(3), Length[34]
2023-08-29 20:04:29,149[DEBUG]:>>>> HSMS Data [34] >>>>
    01-03-B1-04  00-00-00-00  B1-04-00-00  04-1B-01-01
    01-02-B1-04  00-00-04-1B  01-02-A9-02  00-01-A9-02
    00-02
2023-08-29 20:04:29,226[INFO ]:<<< Received HSMS Message <<< : SSID(0), B2(6), B3(12), P(0), S(0), SB(3), Length[3]
2023-08-29 20:04:29,227[DEBUG]:<<<< HSMS Data [3] <<<<
    21-01-00
2023-08-29 20:04:38,854[INFO ]:<<< Received HSMS Message <<< : SSID(0), B2(129), B3(13), P(0), S(0), SB(24,722), Length[2]
2023-08-29 20:04:38,854[DEBUG]:<<<< HSMS Data [2] <<<<
    01-00
2023-08-29 20:04:38,856[INFO ]:Queued HSMS Message : SSID(0), B2(1), B3(14), P(0), S(0), SB(24,722), Length[28]
2023-08-29 20:04:38,856[INFO ]:Message Stat : Queue[1], Sent[0], Recv[5]
2023-08-29 20:04:38,915[INFO ]:>>> Sent HSMS Message >>> : SSID(0), B2(1), B3(14), P(0), S(0), SB(24,722), Length[28]
2023-08-29 20:04:38,915[DEBUG]:>>>> HSMS Data [28] >>>>
    01-02-21-01  00-01-02-41  03-55-50-4B  41-0E-31-2E
    30-2E-38-36  34-31-2E-33  36-31-33-30
2023-08-29 20:04:38,930[INFO ]:<<< Received HSMS Message <<< : SSID(0), B2(129), B3(17), P(0), S(0), SB(24,724), Length[0]
2023-08-29 20:04:38,933[INFO ]:Queued HSMS Message : SSID(0), B2(1), B3(18), P(0), S(0), SB(24,724), Length[3]
2023-08-29 20:04:38,933[INFO ]:Message Stat : Queue[1], Sent[0], Recv[5]
2023-08-29 20:04:38,977[INFO ]:>>> Sent HSMS Message >>> : SSID(0), B2(1), B3(18), P(0), S(0), SB(24,724), Length[3]
2023-08-29 20:04:38,977[DEBUG]:>>>> HSMS Data [3] >>>>
    21-01-02
2023-08-29 20:04:43,696[INFO ]:<<< Received HSMS Message <<< : SSID(0), B2(131), B3(41), P(0), S(0), SB(24,726), Length[566]
2023-08-29 20:04:43,696[DEBUG]:<<<< HSMS Data [566] <<<<
    01-03-41-09  57-6F-72-6B  4F-72-64-65  72-41-08-41
    50-2D-4D-52  2D-30-31-01  01-01-02-41  01-30-01-01
    01-06-01-02  41-0A-73-6F  72-74-65-72  54-79-70-65
    41-00-01-02  41-08-69-6E  50-6F-72-74  49-64-41-01
    31-01-02-41  08-69-6E-43  61-72-72-49  64-41-06-54
    52-41-59-2D  31-01-02-41  09-6F-75-74  50-6F-72-74
    49-64-41-01  32-01-02-41  09-6F-75-74  43-61-72-72
    49-64-41-01  30-01-01-01  02-01-02-41  04-50-50-49
    44-41-06-52  43-50-30-30  31-01-02-41  09-53-4C-4F
    54-5F-44-41  54-41-01-03  01-07-01-02  41-0C-69-6E
    43-61-72-72  53-6C-6F-74  4E-6F-41-01  31-01-02-41
    0A-6D-61-6E  75-61-6C-49  6E-73-70-41  01-4E-01-02
    41-0A-70-72  6F-64-4D-74  72-6C-49-64  41-07-47-4C
    41-53-53-2D  31-01-02-41  09-73-6C-6F  74-53-74-61
    74-65-41-01  31-01-02-41  0D-6F-75-74  43-61-72-72
    53-6C-6F-74  4E-6F-41-01  36-01-02-41  05-6C-6F-74
    49-64-41-0D  4C-4F-54-5F  32-33-30-32  31-37-30-30
    35-01-02-41  08-6D-74-72  6C-46-61-63  65-41-03-54
    42-54-01-07  01-02-41-0C  69-6E-43-61  72-72-53-6C
    6F-74-4E-6F  41-01-32-01  02-41-0A-6D  61-6E-75-61
    6C-49-6E-73  70-41-01-4E  01-02-41-0A  70-72-6F-64
    4D-74-72-6C  49-64-41-07  47-4C-41-53  53-2D-32-01
    02-41-09-73  6C-6F-74-53  74-61-74-65  41-01-31-01
    02-41-0D-6F  75-74-43-61  72-72-53-6C  6F-74-4E-6F
    41-01-37-01  02-41-05-6C  6F-74-49-64  41-0D-4C-4F
    54-5F-32-33  30-32-31-37  30-30-35-01  02-41-08-6D
    74-72-6C-46  61-63-65-41  03-54-42-54  01-07-01-02
    41-0C-69-6E  43-61-72-72  53-6C-6F-74  4E-6F-41-01
    33-01-02-41  0A-6D-61-6E  75-61-6C-49  6E-73-70-41
    01-4E-01-02  41-0A-70-72  6F-64-4D-74  72-6C-49-64
    41-07-47-4C  41-53-53-2D  33-01-02-41  09-73-6C-6F
    74-53-74-61  74-65-41-01  31-01-02-41  0D-6F-75-74
    43-61-72-72  53-6C-6F-74  4E-6F-41-01  39-01-02-41
    05-6C-6F-74  49-64-41-0D  4C-4F-54-5F  32-33-30-32
    31-37-30-30  35-01-02-41  08-6D-74-72  6C-46-61-63
    65-41-03-54  42-54
2023-08-29 20:04:43,933[INFO ]:Queued HSMS Message : SSID(0), B2(3), B3(42), P(0), S(0), SB(24,726), Length[3]
2023-08-29 20:04:43,933[INFO ]:Message Stat : Queue[1], Sent[0], Recv[5]
2023-08-29 20:04:43,954[INFO ]:>>> Sent HSMS Message >>> : SSID(0), B2(3), B3(42), P(0), S(0), SB(24,726), Length[3]
2023-08-29 20:04:43,954[DEBUG]:>>>> HSMS Data [3] >>>>
    21-01-00
2023-08-29 20:04:50,887[INFO ]:Queued HSMS Message : SSID(0), B2(134), B3(11), P(0), S(0), SB(4), Length[38]
2023-08-29 20:04:50,887[INFO ]:Message Stat : Queue[1], Sent[0], Recv[4]
2023-08-29 20:04:50,927[INFO ]:>>> Sent HSMS Message >>> : SSID(0), B2(134), B3(11), P(0), S(0), SB(4), Length[38]
2023-08-29 20:04:50,927[DEBUG]:>>>> HSMS Data [38] >>>>
    01-03-B1-04  00-00-00-00  B1-04-00-00  05-DF-01-01
    01-02-B1-04  00-00-05-DF  01-02-A9-02  00-01-41-06
    54-45-53-54  2D-31
2023-08-29 20:04:51,050[INFO ]:<<< Received HSMS Message <<< : SSID(0), B2(6), B3(12), P(0), S(0), SB(4), Length[3]
2023-08-29 20:04:51,050[DEBUG]:<<<< HSMS Data [3] <<<<
    21-01-00
2023-08-29 20:04:51,577[INFO ]:Queued HSMS Message : SSID(0), B2(134), B3(11), P(0), S(0), SB(5), Length[34]
2023-08-29 20:04:51,577[INFO ]:Message Stat : Queue[1], Sent[0], Recv[5]
2023-08-29 20:04:51,595[INFO ]:>>> Sent HSMS Message >>> : SSID(0), B2(134), B3(11), P(0), S(0), SB(5), Length[34]
2023-08-29 20:04:51,595[DEBUG]:>>>> HSMS Data [34] >>>>
    01-03-B1-04  00-00-00-00  B1-04-00-00  04-1B-01-01
    01-02-B1-04  00-00-04-1B  01-02-A9-02  00-02-A9-02
    00-01
2023-08-29 20:04:51,658[INFO ]:<<< Received HSMS Message <<< : SSID(0), B2(6), B3(12), P(0), S(0), SB(5), Length[3]
2023-08-29 20:04:51,658[DEBUG]:<<<< HSMS Data [3] <<<<
    21-01-00
2023-08-29 20:04:52,266[INFO ]:Queued HSMS Message : SSID(0), B2(134), B3(11), P(0), S(0), SB(6), Length[54]
2023-08-29 20:04:52,266[INFO ]:Message Stat : Queue[1], Sent[0], Recv[6]
2023-08-29 20:04:52,320[INFO ]:>>> Sent HSMS Message >>> : SSID(0), B2(134), B3(11), P(0), S(0), SB(6), Length[54]
2023-08-29 20:04:52,320[DEBUG]:>>>> HSMS Data [54] >>>>
    01-03-B1-04  00-00-00-00  B1-04-00-00  05-83-01-01
    01-02-B1-04  00-00-05-83  01-04-A9-02  00-01-41-06
    54-52-41-59  2D-31-41-06  54-52-41-59  2D-31-41-06
    54-45-53-54  2D-31
2023-08-29 20:04:52,410[INFO ]:<<< Received HSMS Message <<< : SSID(0), B2(6), B3(12), P(0), S(0), SB(6), Length[3]
2023-08-29 20:04:52,410[DEBUG]:<<<< HSMS Data [3] <<<<
    21-01-00
2023-08-29 20:04:58,769[INFO ]:<<< Received HSMS Message <<< : SSID(0), B2(130), B3(41), P(0), S(0), SB(24,734), Length[38]
2023-08-29 20:04:58,769[DEBUG]:<<<< HSMS Data [38] <<<<
    01-02-41-0A  57-4F-52-4B  5F-53-54-41  52-54-01-01
    01-02-41-07  57-4F-52-4B  5F-49-44-41  09-57-4F-52
    4B-31-32-33  34-35
2023-08-29 20:04:58,789[INFO ]:Queued HSMS Message : SSID(0), B2(2), B3(42), P(0), S(0), SB(24,734), Length[7]
2023-08-29 20:04:58,790[INFO ]:Message Stat : Queue[1], Sent[0], Recv[8]
2023-08-29 20:04:58,799[INFO ]:>>> Sent HSMS Message >>> : SSID(0), B2(2), B3(42), P(0), S(0), SB(24,734), Length[7]
2023-08-29 20:04:58,799[DEBUG]:>>>> HSMS Data [7] >>>>
    01-02-21-01  04-01-00
2023-08-29 20:05:00,491[INFO ]:Queued HSMS Message : SSID(0), B2(134), B3(11), P(0), S(0), SB(7), Length[55]
2023-08-29 20:05:00,491[INFO ]:Message Stat : Queue[1], Sent[0], Recv[7]
2023-08-29 20:05:00,501[INFO ]:>>> Sent HSMS Message >>> : SSID(0), B2(134), B3(11), P(0), S(0), SB(7), Length[55]
2023-08-29 20:05:00,501[DEBUG]:>>>> HSMS Data [55] >>>>
    01-03-B1-04  00-00-00-00  B1-04-00-00  05-15-01-01
    01-02-B1-04  00-00-05-15  01-04-41-04  49-50-30-31
    A9-02-00-01  41-06-54-52  41-59-2D-31  41-09-57-4F
    52-4B-31-32  33-34-35
2023-08-29 20:05:00,608[INFO ]:<<< Received HSMS Message <<< : SSID(0), B2(6), B3(12), P(0), S(0), SB(7), Length[3]
2023-08-29 20:05:00,608[DEBUG]:<<<< HSMS Data [3] <<<<
    21-01-00
2023-08-29 20:05:02,559[INFO ]:Queued HSMS Message : SSID(0), B2(134), B3(11), P(0), S(0), SB(8), Length[16]
2023-08-29 20:05:02,559[INFO ]:Message Stat : Queue[1], Sent[0], Recv[8]
2023-08-29 20:05:02,568[INFO ]:>>> Sent HSMS Message >>> : SSID(0), B2(134), B3(11), P(0), S(0), SB(8), Length[16]
2023-08-29 20:05:02,568[DEBUG]:>>>> HSMS Data [16] >>>>
    01-03-B1-04  00-00-00-00  B1-04-00-00  05-1F-01-00
2023-08-29 20:05:02,659[INFO ]:<<< Received HSMS Message <<< : SSID(0), B2(6), B3(12), P(0), S(0), SB(8), Length[3]
2023-08-29 20:05:02,659[DEBUG]:<<<< HSMS Data [3] <<<<
    21-01-00
2023-08-29 20:05:04,003[INFO ]:Queued HSMS Message : SSID(0), B2(134), B3(11), P(0), S(0), SB(9), Length[73]
2023-08-29 20:05:04,003[INFO ]:Message Stat : Queue[1], Sent[0], Recv[9]
2023-08-29 20:05:04,022[INFO ]:>>> Sent HSMS Message >>> : SSID(0), B2(134), B3(11), P(0), S(0), SB(9), Length[73]
2023-08-29 20:05:04,022[DEBUG]:>>>> HSMS Data [73] >>>>
    01-03-B1-04  00-00-00-00  B1-04-00-00  04-4D-01-01
    01-02-B1-04  00-00-04-4D  01-07-41-04  54-4D-30-31
    A9-02-00-01  41-06-54-52  41-59-2D-31  41-0D-4C-4F
    54-5F-32-33  30-32-31-37  30-30-35-A9  02-00-00-41
    00-41-06-54  45-53-54-2D  31
2023-08-29 20:05:04,098[INFO ]:<<< Received HSMS Message <<< : SSID(0), B2(6), B3(12), P(0), S(0), SB(9), Length[3]
2023-08-29 20:05:04,098[DEBUG]:<<<< HSMS Data [3] <<<<
    21-01-00
2023-08-29 20:05:06,764[INFO ]:Queued HSMS Message : SSID(0), B2(134), B3(11), P(0), S(0), SB(10), Length[34]
2023-08-29 20:05:06,764[INFO ]:Message Stat : Queue[1], Sent[0], Recv[10]
2023-08-29 20:05:06,813[INFO ]:>>> Sent HSMS Message >>> : SSID(0), B2(134), B3(11), P(0), S(0), SB(10), Length[34]
2023-08-29 20:05:06,813[DEBUG]:>>>> HSMS Data [34] >>>>
    01-03-B1-04  00-00-00-00  B1-04-00-00  04-B1-01-01
    01-02-B1-04  00-00-04-B1  01-02-41-04  54-4D-30-31
    41-00
2023-08-29 20:05:06,888[INFO ]:<<< Received HSMS Message <<< : SSID(0), B2(6), B3(12), P(0), S(0), SB(10), Length[3]
2023-08-29 20:05:06,888[DEBUG]:<<<< HSMS Data [3] <<<<
    21-01-00
2023-08-29 20:05:09,526[INFO ]:Queued HSMS Message : SSID(0), B2(134), B3(11), P(0), S(0), SB(11), Length[34]
2023-08-29 20:05:09,526[INFO ]:Message Stat : Queue[1], Sent[0], Recv[11]
2023-08-29 20:05:09,527[INFO ]:Queued HSMS Message : SSID(0), B2(134), B3(11), P(0), S(0), SB(12), Length[73]
2023-08-29 20:05:09,527[INFO ]:Message Stat : Queue[2], Sent[0], Recv[11]
2023-08-29 20:05:09,542[INFO ]:>>> Sent HSMS Message >>> : SSID(0), B2(134), B3(11), P(0), S(0), SB(11), Length[34]
2023-08-29 20:05:09,543[DEBUG]:>>>> HSMS Data [34] >>>>
    01-03-B1-04  00-00-00-00  B1-04-00-00  04-B2-01-01
    01-02-B1-04  00-00-04-B2  01-02-41-04  54-4D-30-31
    41-00
2023-08-29 20:05:09,543[INFO ]:>>> Sent HSMS Message >>> : SSID(0), B2(134), B3(11), P(0), S(0), SB(12), Length[73]
2023-08-29 20:05:09,543[DEBUG]:>>>> HSMS Data [73] >>>>
    01-03-B1-04  00-00-00-00  B1-04-00-00  04-4D-01-01
    01-02-B1-04  00-00-04-4D  01-07-41-04  42-46-30-31
    A9-02-00-01  41-06-54-52  41-59-2D-31  41-0D-4C-4F
    54-5F-32-33  30-32-31-37  30-30-35-A9  02-00-00-41
    00-41-06-54  45-53-54-2D  31
2023-08-29 20:05:09,625[INFO ]:<<< Received HSMS Message <<< : SSID(0), B2(6), B3(12), P(0), S(0), SB(11), Length[3]
2023-08-29 20:05:09,625[DEBUG]:<<<< HSMS Data [3] <<<<
    21-01-00
2023-08-29 20:05:09,770[INFO ]:<<< Received HSMS Message <<< : SSID(0), B2(6), B3(12), P(0), S(0), SB(12), Length[3]
2023-08-29 20:05:09,770[DEBUG]:<<<< HSMS Data [3] <<<<
    21-01-00
2023-08-29 20:05:10,236[INFO ]:Queued HSMS Message : SSID(0), B2(134), B3(11), P(0), S(0), SB(13), Length[34]
2023-08-29 20:05:10,236[INFO ]:Message Stat : Queue[1], Sent[0], Recv[13]
2023-08-29 20:05:10,269[INFO ]:>>> Sent HSMS Message >>> : SSID(0), B2(134), B3(11), P(0), S(0), SB(13), Length[34]
2023-08-29 20:05:10,269[DEBUG]:>>>> HSMS Data [34] >>>>
    01-03-B1-04  00-00-00-00  B1-04-00-00  04-B2-01-01
    01-02-B1-04  00-00-04-B2  01-02-41-04  54-4D-30-31
    41-00
2023-08-29 20:05:10,374[INFO ]:<<< Received HSMS Message <<< : SSID(0), B2(6), B3(12), P(0), S(0), SB(13), Length[3]
2023-08-29 20:05:10,374[DEBUG]:<<<< HSMS Data [3] <<<<
    21-01-00
2023-08-29 20:05:10,928[INFO ]:Queued HSMS Message : SSID(0), B2(134), B3(11), P(0), S(0), SB(14), Length[61]
2023-08-29 20:05:10,928[INFO ]:Message Stat : Queue[1], Sent[0], Recv[14]
2023-08-29 20:05:10,936[INFO ]:>>> Sent HSMS Message >>> : SSID(0), B2(134), B3(11), P(0), S(0), SB(14), Length[61]
2023-08-29 20:05:10,936[DEBUG]:>>>> HSMS Data [61] >>>>
    01-03-B1-04  00-00-00-00  B1-04-00-00  04-4E-01-01
    01-02-B1-04  00-00-04-4E  01-05-41-04  54-4D-30-31
    41-0D-4C-4F  54-5F-32-33  30-32-31-37  30-30-35-A9
    02-00-00-41  00-41-06-54  45-53-54-2D  31
2023-08-29 20:05:11,057[INFO ]:<<< Received HSMS Message <<< : SSID(0), B2(6), B3(12), P(0), S(0), SB(14), Length[3]
2023-08-29 20:05:11,057[DEBUG]:<<<< HSMS Data [3] <<<<
    21-01-00
2023-08-29 20:05:13,015[INFO ]:Queued HSMS Message : SSID(0), B2(134), B3(11), P(0), S(0), SB(15), Length[43]
2023-08-29 20:05:13,015[INFO ]:Message Stat : Queue[1], Sent[0], Recv[15]
2023-08-29 20:05:13,054[INFO ]:>>> Sent HSMS Message >>> : SSID(0), B2(134), B3(11), P(0), S(0), SB(15), Length[43]
2023-08-29 20:05:13,054[DEBUG]:>>>> HSMS Data [43] >>>>
    01-03-B1-04  00-00-00-00  B1-04-00-00  06-41-01-01
    01-02-B1-04  00-00-06-41  01-02-41-06  54-52-41-59
    2D-31-41-07  47-4C-41-53  53-2D-31
2023-08-29 20:05:13,176[INFO ]:<<< Received HSMS Message <<< : SSID(0), B2(6), B3(12), P(0), S(0), SB(15), Length[3]
2023-08-29 20:05:13,176[DEBUG]:<<<< HSMS Data [3] <<<<
    21-01-00
2023-08-29 20:05:13,760[INFO ]:Queued HSMS Message : SSID(0), B2(134), B3(11), P(0), S(0), SB(16), Length[80]
2023-08-29 20:05:13,760[INFO ]:Message Stat : Queue[1], Sent[0], Recv[16]
2023-08-29 20:05:13,768[INFO ]:Queued HSMS Message : SSID(0), B2(134), B3(11), P(0), S(0), SB(17), Length[41]
2023-08-29 20:05:13,768[INFO ]:Message Stat : Queue[2], Sent[0], Recv[16]
2023-08-29 20:05:13,781[INFO ]:>>> Sent HSMS Message >>> : SSID(0), B2(134), B3(11), P(0), S(0), SB(16), Length[80]
2023-08-29 20:05:13,781[DEBUG]:>>>> HSMS Data [80] >>>>
    01-03-B1-04  00-00-00-00  B1-04-00-00  04-4D-01-01
    01-02-B1-04  00-00-04-4D  01-07-41-04  54-4D-30-31
    A9-02-00-01  41-06-54-52  41-59-2D-31  41-0D-4C-4F
    54-5F-32-33  30-32-31-37  30-30-35-A9  02-00-00-41
    07-47-4C-41  53-53-2D-31  41-06-54-45  53-54-2D-31
2023-08-29 20:05:13,781[INFO ]:>>> Sent HSMS Message >>> : SSID(0), B2(134), B3(11), P(0), S(0), SB(17), Length[41]
2023-08-29 20:05:13,781[DEBUG]:>>>> HSMS Data [41] >>>>
    01-03-B1-04  00-00-00-00  B1-04-00-00  04-B1-01-01
    01-02-B1-04  00-00-04-B1  01-02-41-04  42-46-30-31
    41-07-47-4C  41-53-53-2D  31
2023-08-29 20:05:13,935[INFO ]:<<< Received HSMS Message <<< : SSID(0), B2(6), B3(12), P(0), S(0), SB(16), Length[3]
2023-08-29 20:05:13,935[DEBUG]:<<<< HSMS Data [3] <<<<
    21-01-00
2023-08-29 20:05:13,938[INFO ]:<<< Received HSMS Message <<< : SSID(0), B2(6), B3(12), P(0), S(0), SB(17), Length[3]
2023-08-29 20:05:13,938[DEBUG]:<<<< HSMS Data [3] <<<<
    21-01-00
2023-08-29 20:05:16,587[INFO ]:Queued HSMS Message : SSID(0), B2(134), B3(11), P(0), S(0), SB(18), Length[34]
2023-08-29 20:05:16,587[INFO ]:Message Stat : Queue[1], Sent[0], Recv[18]
2023-08-29 20:05:16,642[INFO ]:>>> Sent HSMS Message >>> : SSID(0), B2(134), B3(11), P(0), S(0), SB(18), Length[34]
2023-08-29 20:05:16,642[DEBUG]:>>>> HSMS Data [34] >>>>
    01-03-B1-04  00-00-00-00  B1-04-00-00  04-B1-01-01
    01-02-B1-04  00-00-04-B1  01-02-41-04  54-4D-30-31
    41-00
2023-08-29 20:05:16,749[INFO ]:<<< Received HSMS Message <<< : SSID(0), B2(6), B3(12), P(0), S(0), SB(18), Length[3]
2023-08-29 20:05:16,749[DEBUG]:<<<< HSMS Data [3] <<<<
    21-01-00
2023-08-29 20:05:17,294[INFO ]:Queued HSMS Message : SSID(0), B2(134), B3(11), P(0), S(0), SB(19), Length[41]
2023-08-29 20:05:17,294[INFO ]:Message Stat : Queue[1], Sent[0], Recv[19]
2023-08-29 20:05:17,311[INFO ]:>>> Sent HSMS Message >>> : SSID(0), B2(134), B3(11), P(0), S(0), SB(19), Length[41]
2023-08-29 20:05:17,311[DEBUG]:>>>> HSMS Data [41] >>>>
    01-03-B1-04  00-00-00-00  B1-04-00-00  04-B2-01-01
    01-02-B1-04  00-00-04-B2  01-02-41-04  42-46-30-31
    41-07-47-4C  41-53-53-2D  31
2023-08-29 20:05:17,432[INFO ]:<<< Received HSMS Message <<< : SSID(0), B2(6), B3(12), P(0), S(0), SB(19), Length[3]
2023-08-29 20:05:17,432[DEBUG]:<<<< HSMS Data [3] <<<<
    21-01-00
2023-08-29 20:05:18,014[INFO ]:Queued HSMS Message : SSID(0), B2(134), B3(11), P(0), S(0), SB(20), Length[34]
2023-08-29 20:05:18,014[INFO ]:Message Stat : Queue[1], Sent[0], Recv[20]
2023-08-29 20:05:18,038[INFO ]:>>> Sent HSMS Message >>> : SSID(0), B2(134), B3(11), P(0), S(0), SB(20), Length[34]
2023-08-29 20:05:18,038[DEBUG]:>>>> HSMS Data [34] >>>>
    01-03-B1-04  00-00-00-00  B1-04-00-00  04-B2-01-01
    01-02-B1-04  00-00-04-B2  01-02-41-04  42-46-30-31
    41-00
2023-08-29 20:05:18,115[INFO ]:<<< Received HSMS Message <<< : SSID(0), B2(6), B3(12), P(0), S(0), SB(20), Length[3]
2023-08-29 20:05:18,115[DEBUG]:<<<< HSMS Data [3] <<<<
    21-01-00
2023-08-29 20:05:18,730[INFO ]:Queued HSMS Message : SSID(0), B2(134), B3(11), P(0), S(0), SB(21), Length[61]
2023-08-29 20:05:18,730[INFO ]:Message Stat : Queue[1], Sent[0], Recv[21]
2023-08-29 20:05:18,770[INFO ]:>>> Sent HSMS Message >>> : SSID(0), B2(134), B3(11), P(0), S(0), SB(21), Length[61]
2023-08-29 20:05:18,770[DEBUG]:>>>> HSMS Data [61] >>>>
    01-03-B1-04  00-00-00-00  B1-04-00-00  04-4E-01-01
    01-02-B1-04  00-00-04-4E  01-05-41-04  42-46-30-31
    41-0D-4C-4F  54-5F-32-33  30-32-31-37  30-30-35-A9
    02-00-00-41  00-41-06-54  45-53-54-2D  31
2023-08-29 20:05:18,875[INFO ]:<<< Received HSMS Message <<< : SSID(0), B2(6), B3(12), P(0), S(0), SB(21), Length[3]
2023-08-29 20:05:18,875[DEBUG]:<<<< HSMS Data [3] <<<<
    21-01-00
2023-08-29 20:05:19,450[INFO ]:Queued HSMS Message : SSID(0), B2(134), B3(11), P(0), S(0), SB(22), Length[34]
2023-08-29 20:05:19,450[INFO ]:Message Stat : Queue[1], Sent[0], Recv[22]
2023-08-29 20:05:19,494[INFO ]:>>> Sent HSMS Message >>> : SSID(0), B2(134), B3(11), P(0), S(0), SB(22), Length[34]
2023-08-29 20:05:19,494[DEBUG]:>>>> HSMS Data [34] >>>>
    01-03-B1-04  00-00-00-00  B1-04-00-00  04-B2-01-01
    01-02-B1-04  00-00-04-B2  01-02-41-04  54-4D-30-31
    41-00
2023-08-29 20:05:19,568[INFO ]:<<< Received HSMS Message <<< : SSID(0), B2(6), B3(12), P(0), S(0), SB(22), Length[3]
2023-08-29 20:05:19,568[DEBUG]:<<<< HSMS Data [3] <<<<
    21-01-00
2023-08-29 20:05:20,161[INFO ]:Queued HSMS Message : SSID(0), B2(134), B3(11), P(0), S(0), SB(23), Length[34]
2023-08-29 20:05:20,163[INFO ]:Message Stat : Queue[0], Sent[0], Recv[23]
2023-08-29 20:05:20,163[INFO ]:>>> Sent HSMS Message >>> : SSID(0), B2(134), B3(11), P(0), S(0), SB(23), Length[34]
2023-08-29 20:05:20,163[DEBUG]:>>>> HSMS Data [34] >>>>
    01-03-B1-04  00-00-00-00  B1-04-00-00  04-B2-01-01
    01-02-B1-04  00-00-04-B2  01-02-41-04  54-4D-30-31
    41-00
2023-08-29 20:05:20,240[INFO ]:<<< Received HSMS Message <<< : SSID(0), B2(6), B3(12), P(0), S(0), SB(23), Length[3]
2023-08-29 20:05:20,240[DEBUG]:<<<< HSMS Data [3] <<<<
    21-01-00
2023-08-29 20:05:20,854[INFO ]:Queued HSMS Message : SSID(0), B2(134), B3(11), P(0), S(0), SB(24), Length[61]
2023-08-29 20:05:20,854[INFO ]:Message Stat : Queue[1], Sent[0], Recv[24]
2023-08-29 20:05:20,892[INFO ]:>>> Sent HSMS Message >>> : SSID(0), B2(134), B3(11), P(0), S(0), SB(24), Length[61]
2023-08-29 20:05:20,892[DEBUG]:>>>> HSMS Data [61] >>>>
    01-03-B1-04  00-00-00-00  B1-04-00-00  04-4E-01-01
    01-02-B1-04  00-00-04-4E  01-05-41-04  54-4D-30-31
    41-0D-4C-4F  54-5F-32-33  30-32-31-37  30-30-35-A9
    02-00-00-41  00-41-06-54  45-53-54-2D  31
2023-08-29 20:05:20,999[INFO ]:<<< Received HSMS Message <<< : SSID(0), B2(6), B3(12), P(0), S(0), SB(24), Length[3]
2023-08-29 20:05:20,999[DEBUG]:<<<< HSMS Data [3] <<<<
    21-01-00
2023-08-29 20:05:21,560[INFO ]:Queued HSMS Message : SSID(0), B2(134), B3(11), P(0), S(0), SB(25), Length[73]
2023-08-29 20:05:21,560[INFO ]:Message Stat : Queue[1], Sent[0], Recv[25]
2023-08-29 20:05:21,562[INFO ]:>>> Sent HSMS Message >>> : SSID(0), B2(134), B3(11), P(0), S(0), SB(25), Length[73]
2023-08-29 20:05:21,562[DEBUG]:>>>> HSMS Data [73] >>>>
    01-03-B1-04  00-00-00-00  B1-04-00-00  04-4D-01-01
    01-02-B1-04  00-00-04-4D  01-07-41-04  42-46-30-31
    A9-02-00-01  41-06-54-52  41-59-2D-31  41-0D-4C-4F
    54-5F-32-33  30-32-31-37  30-30-35-A9  02-00-00-41
    00-41-06-54  45-53-54-2D  31
2023-08-29 20:05:21,684[INFO ]:<<< Received HSMS Message <<< : SSID(0), B2(6), B3(12), P(0), S(0), SB(25), Length[3]
2023-08-29 20:05:21,684[DEBUG]:<<<< HSMS Data [3] <<<<
    21-01-00
2023-08-29 20:05:23,659[INFO ]:Queued HSMS Message : SSID(0), B2(134), B3(11), P(0), S(0), SB(26), Length[73]
2023-08-29 20:05:23,659[INFO ]:Message Stat : Queue[1], Sent[0], Recv[26]
2023-08-29 20:05:23,685[INFO ]:>>> Sent HSMS Message >>> : SSID(0), B2(134), B3(11), P(0), S(0), SB(26), Length[73]
2023-08-29 20:05:23,685[DEBUG]:>>>> HSMS Data [73] >>>>
    01-03-B1-04  00-00-00-00  B1-04-00-00  04-4D-01-01
    01-02-B1-04  00-00-04-4D  01-07-41-04  54-4D-30-31
    A9-02-00-01  41-06-54-52  41-59-2D-31  41-0D-4C-4F
    54-5F-32-33  30-32-31-37  30-30-35-A9  02-00-00-41
    00-41-06-54  45-53-54-2D  31
2023-08-29 20:05:23,806[INFO ]:<<< Received HSMS Message <<< : SSID(0), B2(6), B3(12), P(0), S(0), SB(26), Length[3]
2023-08-29 20:05:23,806[DEBUG]:<<<< HSMS Data [3] <<<<
    21-01-00
2023-08-29 20:05:25,080[INFO ]:Queued HSMS Message : SSID(0), B2(134), B3(11), P(0), S(0), SB(27), Length[43]
2023-08-29 20:05:25,080[INFO ]:Message Stat : Queue[1], Sent[0], Recv[27]
2023-08-29 20:05:25,083[INFO ]:>>> Sent HSMS Message >>> : SSID(0), B2(134), B3(11), P(0), S(0), SB(27), Length[43]
2023-08-29 20:05:25,083[DEBUG]:>>>> HSMS Data [43] >>>>
    01-03-B1-04  00-00-00-00  B1-04-00-00  06-41-01-01
    01-02-B1-04  00-00-06-41  01-02-41-06  54-52-41-59
    2D-31-41-07  47-4C-41-53  53-2D-32
2023-08-29 20:05:25,173[INFO ]:<<< Received HSMS Message <<< : SSID(0), B2(6), B3(12), P(0), S(0), SB(27), Length[3]
2023-08-29 20:05:25,173[DEBUG]:<<<< HSMS Data [3] <<<<
    21-01-00
2023-08-29 20:05:25,787[INFO ]:Queued HSMS Message : SSID(0), B2(134), B3(11), P(0), S(0), SB(28), Length[41]
2023-08-29 20:05:25,787[INFO ]:Message Stat : Queue[1], Sent[0], Recv[28]
2023-08-29 20:05:25,803[INFO ]:Queued HSMS Message : SSID(0), B2(134), B3(11), P(0), S(0), SB(29), Length[73]
2023-08-29 20:05:25,803[INFO ]:Message Stat : Queue[2], Sent[0], Recv[28]
2023-08-29 20:05:25,803[INFO ]:Queued HSMS Message : SSID(0), B2(134), B3(11), P(0), S(0), SB(30), Length[42]
2023-08-29 20:05:25,803[INFO ]:Message Stat : Queue[3], Sent[0], Recv[28]
2023-08-29 20:05:25,808[INFO ]:>>> Sent HSMS Message >>> : SSID(0), B2(134), B3(11), P(0), S(0), SB(28), Length[41]
2023-08-29 20:05:25,808[DEBUG]:>>>> HSMS Data [41] >>>>
    01-03-B1-04  00-00-00-00  B1-04-00-00  04-B1-01-01
    01-02-B1-04  00-00-04-B1  01-02-41-04  42-46-30-31
    41-07-47-4C  41-53-53-2D  32
2023-08-29 20:05:25,808[INFO ]:>>> Sent HSMS Message >>> : SSID(0), B2(134), B3(11), P(0), S(0), SB(29), Length[73]
2023-08-29 20:05:25,808[DEBUG]:>>>> HSMS Data [73] >>>>
    01-03-B1-04  00-00-00-00  B1-04-00-00  06-4C-01-01
    01-02-B1-04  00-00-06-4C  01-06-41-05  55-53-43-30
    31-41-07-47  4C-41-53-53  2D-31-A9-02  00-01-41-06
    54-52-41-59  2D-31-A9-02  00-01-41-0D  4C-4F-54-5F
    32-33-30-32  31-37-30-30  35
2023-08-29 20:05:25,808[INFO ]:>>> Sent HSMS Message >>> : SSID(0), B2(134), B3(11), P(0), S(0), SB(30), Length[42]
2023-08-29 20:05:25,808[DEBUG]:>>>> HSMS Data [42] >>>>
    01-03-B1-04  00-00-00-00  B1-04-00-00  04-B2-01-01
    01-02-B1-04  00-00-04-B2  01-02-41-05  55-53-43-30
    31-41-07-47  4C-41-53-53  2D-31
2023-08-29 20:05:25,930[INFO ]:<<< Received HSMS Message <<< : SSID(0), B2(6), B3(12), P(0), S(0), SB(28), Length[3]
2023-08-29 20:05:25,930[DEBUG]:<<<< HSMS Data [3] <<<<
    21-01-00
2023-08-29 20:05:26,005[INFO ]:<<< Received HSMS Message <<< : SSID(0), B2(6), B3(12), P(0), S(0), SB(29), Length[3]
2023-08-29 20:05:26,005[DEBUG]:<<<< HSMS Data [3] <<<<
    21-01-00
2023-08-29 20:05:26,081[INFO ]:<<< Received HSMS Message <<< : SSID(0), B2(6), B3(12), P(0), S(0), SB(30), Length[3]
2023-08-29 20:05:26,081[DEBUG]:<<<< HSMS Data [3] <<<<
    21-01-00
2023-08-29 20:05:26,500[INFO ]:Queued HSMS Message : SSID(0), B2(134), B3(11), P(0), S(0), SB(31), Length[34]
2023-08-29 20:05:26,500[INFO ]:Message Stat : Queue[1], Sent[0], Recv[31]
2023-08-29 20:05:26,515[INFO ]:Queued HSMS Message : SSID(0), B2(134), B3(11), P(0), S(0), SB(32), Length[74]
2023-08-29 20:05:26,515[INFO ]:Message Stat : Queue[2], Sent[0], Recv[31]
2023-08-29 20:05:26,540[INFO ]:>>> Sent HSMS Message >>> : SSID(0), B2(134), B3(11), P(0), S(0), SB(31), Length[34]
2023-08-29 20:05:26,540[DEBUG]:>>>> HSMS Data [34] >>>>
    01-03-B1-04  00-00-00-00  B1-04-00-00  04-B1-01-01
    01-02-B1-04  00-00-04-B1  01-02-41-04  54-4D-30-31
    41-00
2023-08-29 20:05:26,540[INFO ]:>>> Sent HSMS Message >>> : SSID(0), B2(134), B3(11), P(0), S(0), SB(32), Length[74]
2023-08-29 20:05:26,540[DEBUG]:>>>> HSMS Data [74] >>>>
    01-03-B1-04  00-00-00-00  B1-04-00-00  04-4D-01-01
    01-02-B1-04  00-00-04-4D  01-07-41-05  55-53-43-30
    31-A9-02-00  01-41-06-54  52-41-59-2D  31-41-0D-4C
    4F-54-5F-32  33-30-32-31  37-30-30-35  A9-02-00-01
    41-00-41-06  54-45-53-54  2D-31
2023-08-29 20:05:26,615[INFO ]:<<< Received HSMS Message <<< : SSID(0), B2(6), B3(12), P(0), S(0), SB(31), Length[3]
2023-08-29 20:05:26,615[DEBUG]:<<<< HSMS Data [3] <<<<
    21-01-00
2023-08-29 20:05:26,768[INFO ]:<<< Received HSMS Message <<< : SSID(0), B2(6), B3(12), P(0), S(0), SB(32), Length[3]
2023-08-29 20:05:26,768[DEBUG]:<<<< HSMS Data [3] <<<<
    21-01-00
2023-08-29 20:05:28,639[INFO ]:Queued HSMS Message : SSID(0), B2(134), B3(11), P(0), S(0), SB(33), Length[42]
2023-08-29 20:05:28,639[INFO ]:Message Stat : Queue[1], Sent[0], Recv[33]
2023-08-29 20:05:28,640[INFO ]:Queued HSMS Message : SSID(0), B2(134), B3(11), P(0), S(0), SB(34), Length[73]
2023-08-29 20:05:28,640[INFO ]:Message Stat : Queue[2], Sent[0], Recv[33]
2023-08-29 20:05:28,664[INFO ]:>>> Sent HSMS Message >>> : SSID(0), B2(134), B3(11), P(0), S(0), SB(33), Length[42]
2023-08-29 20:05:28,664[DEBUG]:>>>> HSMS Data [42] >>>>
    01-03-B1-04  00-00-00-00  B1-04-00-00  04-B1-01-01
    01-02-B1-04  00-00-04-B1  01-02-41-05  55-53-43-30
    31-41-07-47  4C-41-53-53  2D-31
2023-08-29 20:05:28,665[INFO ]:>>> Sent HSMS Message >>> : SSID(0), B2(134), B3(11), P(0), S(0), SB(34), Length[73]
2023-08-29 20:05:28,665[DEBUG]:>>>> HSMS Data [73] >>>>
    01-03-B1-04  00-00-00-00  B1-04-00-00  06-4B-01-01
    01-02-B1-04  00-00-06-4B  01-06-41-05  55-53-43-30
    31-41-07-47  4C-41-53-53  2D-31-A9-02  00-01-41-06
    54-52-41-59  2D-31-A9-02  00-01-41-0D  4C-4F-54-5F
    32-33-30-32  31-37-30-30  35
2023-08-29 20:05:28,744[INFO ]:<<< Received HSMS Message <<< : SSID(0), B2(6), B3(12), P(0), S(0), SB(33), Length[3]
2023-08-29 20:05:28,744[DEBUG]:<<<< HSMS Data [3] <<<<
    21-01-00
2023-08-29 20:05:28,828[INFO ]:<<< Received HSMS Message <<< : SSID(0), B2(6), B3(12), P(0), S(0), SB(34), Length[3]
2023-08-29 20:05:28,828[DEBUG]:<<<< HSMS Data [3] <<<<
    21-01-00
2023-08-29 20:05:59,379[INFO ]:Received LinkTest Request.
2023-08-29 20:05:59,379[INFO ]:<<< Received HSMS Message <<< : SSID(65535), B2(0), B3(0), P(0), S(5), SB(24,792), Length[0]
2023-08-29 20:05:59,379[INFO ]:Queued HSMS Message : SSID(65535), B2(0), B3(0), P(0), S(6), SB(24,792), Length[0]
2023-08-29 20:05:59,379[INFO ]:Message Stat : Queue[1], Sent[0], Recv[36]
2023-08-29 20:05:59,440[INFO ]:Sent LinkTest Response.
2023-08-29 20:05:59,440[INFO ]:>>> Sent HSMS Message >>> : SSID(65535), B2(0), B3(0), P(0), S(6), SB(24,792), Length[0]
2023-08-29 20:06:27,363[INFO ]:Send LinkTest Request.
2023-08-29 20:06:27,363[INFO ]:Queued HSMS Message : SSID(65535), B2(0), B3(0), P(0), S(5), SB(35), Length[0]
2023-08-29 20:06:27,363[INFO ]:Message Stat : Queue[1], Sent[0], Recv[35]
2023-08-29 20:06:27,424[INFO ]:>>> Sent HSMS Message >>> : SSID(65535), B2(0), B3(0), P(0), S(5), SB(35), Length[0]
2023-08-29 20:06:27,454[INFO ]:Received LinkTest Response.
2023-08-29 20:06:27,454[INFO ]:<<< Received HSMS Message <<< : SSID(65535), B2(0), B3(0), P(0), S(6), SB(35), Length[0]
2023-08-29 20:06:59,450[INFO ]:Received LinkTest Request.
2023-08-29 20:06:59,450[INFO ]:<<< Received HSMS Message <<< : SSID(65535), B2(0), B3(0), P(0), S(5), SB(24,798), Length[0]
2023-08-29 20:06:59,450[INFO ]:Queued HSMS Message : SSID(65535), B2(0), B3(0), P(0), S(6), SB(24,798), Length[0]
2023-08-29 20:06:59,450[INFO ]:Message Stat : Queue[1], Sent[0], Recv[37]
2023-08-29 20:06:59,464[INFO ]:Sent LinkTest Response.
2023-08-29 20:06:59,464[INFO ]:>>> Sent HSMS Message >>> : SSID(65535), B2(0), B3(0), P(0), S(6), SB(24,798), Length[0]
2023-08-29 20:07:02,838[INFO ]:Queued HSMS Message : SSID(0), B2(134), B3(11), P(0), S(0), SB(36), Length[41]
2023-08-29 20:07:02,838[INFO ]:Message Stat : Queue[1], Sent[0], Recv[36]
2023-08-29 20:07:02,840[INFO ]:Queued HSMS Message : SSID(0), B2(134), B3(11), P(0), S(0), SB(37), Length[81]
2023-08-29 20:07:02,840[INFO ]:Message Stat : Queue[2], Sent[0], Recv[36]
2023-08-29 20:07:02,855[INFO ]:>>> Sent HSMS Message >>> : SSID(0), B2(134), B3(11), P(0), S(0), SB(36), Length[41]
2023-08-29 20:07:02,855[DEBUG]:>>>> HSMS Data [41] >>>>
    01-03-B1-04  00-00-00-00  B1-04-00-00  04-B2-01-01
    01-02-B1-04  00-00-04-B2  01-02-41-04  42-46-30-31
    41-07-47-4C  41-53-53-2D  32
2023-08-29 20:07:02,855[INFO ]:>>> Sent HSMS Message >>> : SSID(0), B2(134), B3(11), P(0), S(0), SB(37), Length[81]
2023-08-29 20:07:02,855[DEBUG]:>>>> HSMS Data [81] >>>>
    01-03-B1-04  00-00-00-00  B1-04-00-00  04-4D-01-01
    01-02-B1-04  00-00-04-4D  01-07-41-05  55-53-43-30
    31-A9-02-00  01-41-06-54  52-41-59-2D  31-41-0D-4C
    4F-54-5F-32  33-30-32-31  37-30-30-35  A9-02-00-01
    41-07-47-4C  41-53-53-2D  32-41-06-54  45-53-54-2D
    31
2023-08-29 20:07:02,941[INFO ]:<<< Received HSMS Message <<< : SSID(0), B2(6), B3(12), P(0), S(0), SB(36), Length[3]
2023-08-29 20:07:02,941[DEBUG]:<<<< HSMS Data [3] <<<<
    21-01-00
2023-08-29 20:07:03,010[INFO ]:<<< Received HSMS Message <<< : SSID(0), B2(6), B3(12), P(0), S(0), SB(37), Length[3]
2023-08-29 20:07:03,010[DEBUG]:<<<< HSMS Data [3] <<<<
    21-01-00
2023-08-29 20:07:03,550[INFO ]:Queued HSMS Message : SSID(0), B2(134), B3(11), P(0), S(0), SB(38), Length[34]
2023-08-29 20:07:03,550[INFO ]:Message Stat : Queue[1], Sent[0], Recv[38]
2023-08-29 20:07:03,583[INFO ]:>>> Sent HSMS Message >>> : SSID(0), B2(134), B3(11), P(0), S(0), SB(38), Length[34]
2023-08-29 20:07:03,583[DEBUG]:>>>> HSMS Data [34] >>>>
    01-03-B1-04  00-00-00-00  B1-04-00-00  04-B2-01-01
    01-02-B1-04  00-00-04-B2  01-02-41-04  42-46-30-31
    41-00
2023-08-29 20:07:03,691[INFO ]:<<< Received HSMS Message <<< : SSID(0), B2(6), B3(12), P(0), S(0), SB(38), Length[3]
2023-08-29 20:07:03,691[DEBUG]:<<<< HSMS Data [3] <<<<
    21-01-00
2023-08-29 20:07:04,275[INFO ]:Queued HSMS Message : SSID(0), B2(134), B3(11), P(0), S(0), SB(39), Length[61]
2023-08-29 20:07:04,275[INFO ]:Message Stat : Queue[1], Sent[0], Recv[39]
2023-08-29 20:07:04,314[INFO ]:>>> Sent HSMS Message >>> : SSID(0), B2(134), B3(11), P(0), S(0), SB(39), Length[61]
2023-08-29 20:07:04,314[DEBUG]:>>>> HSMS Data [61] >>>>
    01-03-B1-04  00-00-00-00  B1-04-00-00  04-4E-01-01
    01-02-B1-04  00-00-04-4E  01-05-41-04  42-46-30-31
    41-0D-4C-4F  54-5F-32-33  30-32-31-37  30-30-35-A9
    02-00-01-41  00-41-06-54  45-53-54-2D  31
2023-08-29 20:07:04,452[INFO ]:<<< Received HSMS Message <<< : SSID(0), B2(6), B3(12), P(0), S(0), SB(39), Length[3]
2023-08-29 20:07:04,452[DEBUG]:<<<< HSMS Data [3] <<<<
    21-01-00
2023-08-29 20:07:05,012[INFO ]:Queued HSMS Message : SSID(0), B2(134), B3(11), P(0), S(0), SB(40), Length[34]
2023-08-29 20:07:05,012[INFO ]:Message Stat : Queue[1], Sent[0], Recv[40]
2023-08-29 20:07:05,020[INFO ]:Queued HSMS Message : SSID(0), B2(134), B3(11), P(0), S(0), SB(41), Length[42]
2023-08-29 20:07:05,020[INFO ]:Message Stat : Queue[2], Sent[0], Recv[40]
2023-08-29 20:07:05,021[INFO ]:Queued HSMS Message : SSID(0), B2(134), B3(11), P(0), S(0), SB(42), Length[73]
2023-08-29 20:07:05,021[INFO ]:Message Stat : Queue[3], Sent[0], Recv[40]
2023-08-29 20:07:05,043[INFO ]:>>> Sent HSMS Message >>> : SSID(0), B2(134), B3(11), P(0), S(0), SB(40), Length[34]
2023-08-29 20:07:05,043[DEBUG]:>>>> HSMS Data [34] >>>>
    01-03-B1-04  00-00-00-00  B1-04-00-00  04-B2-01-01
    01-02-B1-04  00-00-04-B2  01-02-41-04  54-4D-30-31
    41-00
2023-08-29 20:07:05,043[INFO ]:>>> Sent HSMS Message >>> : SSID(0), B2(134), B3(11), P(0), S(0), SB(41), Length[42]
2023-08-29 20:07:05,043[DEBUG]:>>>> HSMS Data [42] >>>>
    01-03-B1-04  00-00-00-00  B1-04-00-00  04-B1-01-01
    01-02-B1-04  00-00-04-B1  01-02-41-05  55-53-43-30
    31-41-07-47  4C-41-53-53  2D-32
2023-08-29 20:07:05,043[INFO ]:>>> Sent HSMS Message >>> : SSID(0), B2(134), B3(11), P(0), S(0), SB(42), Length[73]
2023-08-29 20:07:05,043[DEBUG]:>>>> HSMS Data [73] >>>>
    01-03-B1-04  00-00-00-00  B1-04-00-00  06-4B-01-01
    01-02-B1-04  00-00-06-4B  01-06-41-05  55-53-43-30
    31-41-07-47  4C-41-53-53  2D-32-A9-02  00-01-41-06
    54-52-41-59  2D-31-A9-02  00-02-41-0D  4C-4F-54-5F
    32-33-30-32  31-37-30-30  35
2023-08-29 20:07:05,135[INFO ]:<<< Received HSMS Message <<< : SSID(0), B2(6), B3(12), P(0), S(0), SB(40), Length[3]
2023-08-29 20:07:05,135[DEBUG]:<<<< HSMS Data [3] <<<<
    21-01-00
2023-08-29 20:07:05,210[INFO ]:<<< Received HSMS Message <<< : SSID(0), B2(6), B3(12), P(0), S(0), SB(41), Length[3]
2023-08-29 20:07:05,210[DEBUG]:<<<< HSMS Data [3] <<<<
    21-01-00
2023-08-29 20:07:05,285[INFO ]:<<< Received HSMS Message <<< : SSID(0), B2(6), B3(12), P(0), S(0), SB(42), Length[3]
2023-08-29 20:07:05,285[DEBUG]:<<<< HSMS Data [3] <<<<
    21-01-00
2023-08-29 20:07:05,725[INFO ]:Queued HSMS Message : SSID(0), B2(134), B3(11), P(0), S(0), SB(43), Length[34]
2023-08-29 20:07:05,725[INFO ]:Message Stat : Queue[1], Sent[0], Recv[43]
2023-08-29 20:07:05,771[INFO ]:>>> Sent HSMS Message >>> : SSID(0), B2(134), B3(11), P(0), S(0), SB(43), Length[34]
2023-08-29 20:07:05,771[DEBUG]:>>>> HSMS Data [34] >>>>
    01-03-B1-04  00-00-00-00  B1-04-00-00  04-B2-01-01
    01-02-B1-04  00-00-04-B2  01-02-41-04  54-4D-30-31
    41-00
2023-08-29 20:07:05,892[INFO ]:<<< Received HSMS Message <<< : SSID(0), B2(6), B3(12), P(0), S(0), SB(43), Length[3]
2023-08-29 20:07:05,892[DEBUG]:<<<< HSMS Data [3] <<<<
    21-01-00
2023-08-29 20:07:06,431[INFO ]:Queued HSMS Message : SSID(0), B2(134), B3(11), P(0), S(0), SB(44), Length[61]
2023-08-29 20:07:06,431[INFO ]:Message Stat : Queue[1], Sent[0], Recv[44]
2023-08-29 20:07:06,440[INFO ]:>>> Sent HSMS Message >>> : SSID(0), B2(134), B3(11), P(0), S(0), SB(44), Length[61]
2023-08-29 20:07:06,440[DEBUG]:>>>> HSMS Data [61] >>>>
    01-03-B1-04  00-00-00-00  B1-04-00-00  04-4E-01-01
    01-02-B1-04  00-00-04-4E  01-05-41-04  54-4D-30-31
    41-0D-4C-4F  54-5F-32-33  30-32-31-37  30-30-35-A9
    02-00-02-41  00-41-06-54  45-53-54-2D  31
2023-08-29 20:07:06,577[INFO ]:<<< Received HSMS Message <<< : SSID(0), B2(6), B3(12), P(0), S(0), SB(44), Length[3]
2023-08-29 20:07:06,577[DEBUG]:<<<< HSMS Data [3] <<<<
    21-01-00
2023-08-29 20:07:07,193[INFO ]:Queued HSMS Message : SSID(0), B2(134), B3(11), P(0), S(0), SB(45), Length[73]
2023-08-29 20:07:07,193[INFO ]:Message Stat : Queue[1], Sent[0], Recv[45]
2023-08-29 20:07:07,230[INFO ]:>>> Sent HSMS Message >>> : SSID(0), B2(134), B3(11), P(0), S(0), SB(45), Length[73]
2023-08-29 20:07:07,230[DEBUG]:>>>> HSMS Data [73] >>>>
    01-03-B1-04  00-00-00-00  B1-04-00-00  04-4D-01-01
    01-02-B1-04  00-00-04-4D  01-07-41-04  42-46-30-31
    A9-02-00-01  41-06-54-52  41-59-2D-31  41-0D-4C-4F
    54-5F-32-33  30-32-31-37  30-30-35-A9  02-00-02-41
    00-41-06-54  45-53-54-2D  31
2023-08-29 20:07:07,336[INFO ]:<<< Received HSMS Message <<< : SSID(0), B2(6), B3(12), P(0), S(0), SB(45), Length[3]
2023-08-29 20:07:07,336[DEBUG]:<<<< HSMS Data [3] <<<<
    21-01-00
2023-08-29 20:07:07,874[INFO ]:Queued HSMS Message : SSID(0), B2(134), B3(11), P(0), S(0), SB(46), Length[38]
2023-08-29 20:07:07,875[INFO ]:Message Stat : Queue[1], Sent[0], Recv[46]
2023-08-29 20:07:07,897[INFO ]:>>> Sent HSMS Message >>> : SSID(0), B2(134), B3(11), P(0), S(0), SB(46), Length[38]
2023-08-29 20:07:07,897[DEBUG]:>>>> HSMS Data [38] >>>>
    01-03-B1-04  00-00-00-00  B1-04-00-00  05-DE-01-01
    01-02-B1-04  00-00-05-DE  01-02-A9-02  00-01-41-06
    54-45-53-54  2D-31
2023-08-29 20:07:08,018[INFO ]:<<< Received HSMS Message <<< : SSID(0), B2(6), B3(12), P(0), S(0), SB(46), Length[3]
2023-08-29 20:07:08,018[DEBUG]:<<<< HSMS Data [3] <<<<
    21-01-00
2023-08-29 20:07:08,568[INFO ]:Queued HSMS Message : SSID(0), B2(134), B3(11), P(0), S(0), SB(47), Length[34]
2023-08-29 20:07:08,568[INFO ]:Message Stat : Queue[1], Sent[0], Recv[47]
2023-08-29 20:07:08,570[INFO ]:Queued HSMS Message : SSID(0), B2(134), B3(11), P(0), S(0), SB(48), Length[16]
2023-08-29 20:07:08,570[INFO ]:Message Stat : Queue[2], Sent[0], Recv[47]
2023-08-29 20:07:08,622[INFO ]:>>> Sent HSMS Message >>> : SSID(0), B2(134), B3(11), P(0), S(0), SB(47), Length[34]
2023-08-29 20:07:08,623[DEBUG]:>>>> HSMS Data [34] >>>>
    01-03-B1-04  00-00-00-00  B1-04-00-00  04-1B-01-01
    01-02-B1-04  00-00-04-1B  01-02-A9-02  00-01-A9-02
    00-02
2023-08-29 20:07:08,623[INFO ]:>>> Sent HSMS Message >>> : SSID(0), B2(134), B3(11), P(0), S(0), SB(48), Length[16]
2023-08-29 20:07:08,623[DEBUG]:>>>> HSMS Data [16] >>>>
    01-03-B1-04  00-00-00-00  B1-04-00-00  05-20-01-00
2023-08-29 20:07:08,702[INFO ]:<<< Received HSMS Message <<< : SSID(0), B2(6), B3(12), P(0), S(0), SB(47), Length[3]
2023-08-29 20:07:08,702[DEBUG]:<<<< HSMS Data [3] <<<<
    21-01-00
2023-08-29 20:07:08,775[INFO ]:<<< Received HSMS Message <<< : SSID(0), B2(6), B3(12), P(0), S(0), SB(48), Length[3]
2023-08-29 20:07:08,775[DEBUG]:<<<< HSMS Data [3] <<<<
    21-01-00
2023-08-29 20:07:31,030[INFO ]:Before Clear Queue.
2023-08-29 20:07:31,040[INFO ]:Clear Queue.
2023-08-29 20:07:31,040[INFO ]:Reset System Bytes to Zero(0).
2023-08-29 20:07:31,041[INFO ]:Connection Mode : Passive
2023-08-29 20:07:31,046[INFO ]:Thread State Changed : Working
2023-08-29 20:07:31,047[INFO ]:Start RunThreadPassive()
2023-08-29 20:07:31,047[INFO ]:Listening State Changed : Open
2023-08-29 20:07:31,047[INFO ]:Socket Listener was Started.
2023-08-29 20:07:31,047[INFO ]:Before Clear Queue.
2023-08-29 20:07:31,047[INFO ]:Clear Queue.
2023-08-29 20:07:31,047[INFO ]:Waiting New Connection...
2023-08-29 20:07:36,366[INFO ]:Accept New Connection.
2023-08-29 20:07:36,366[INFO ]:Listening State Changed : Close
2023-08-29 20:07:36,366[INFO ]:Start New Connection.
2023-08-29 20:07:36,368[INFO ]:HSMS Connection State Is Changed : 0 -> 1
2023-08-29 20:07:36,372[INFO ]:Start Basic Timer Due(1000), Period(1000)
2023-08-29 20:07:36,373[INFO ]:Started Basic Timer.
2023-08-29 20:07:36,379[INFO ]:Start Recv Thread.
2023-08-29 20:07:36,379[INFO ]:Start RunThreadRecv()
2023-08-29 20:07:36,385[INFO ]:Queued HSMS Message : SSID(65535), B2(0), B3(0), P(0), S(2), SB(24,828), Length[0]
2023-08-29 20:07:36,385[INFO ]:Message Stat : Queue[1], Sent[0], Recv[1]
2023-08-29 20:07:36,385[INFO ]:HSMS Connection State Is Changed : 1 -> 3
2023-08-29 20:07:36,388[INFO ]:Received Select Request.
2023-08-29 20:07:36,388[INFO ]:<<< Received HSMS Message <<< : SSID(65535), B2(0), B3(0), P(0), S(1), SB(24,828), Length[0]
2023-08-29 20:07:36,388[INFO ]:Send LinkTest Request.
2023-08-29 20:07:36,388[INFO ]:Queued HSMS Message : SSID(65535), B2(0), B3(0), P(0), S(5), SB(0), Length[0]
2023-08-29 20:07:36,388[INFO ]:Message Stat : Queue[2], Sent[0], Recv[1]
2023-08-29 20:07:36,413[INFO ]:Queued HSMS Message : SSID(0), B2(129), B3(13), P(0), S(0), SB(1), Length[23]
2023-08-29 20:07:36,413[INFO ]:Message Stat : Queue[3], Sent[0], Recv[1]
2023-08-29 20:07:36,444[INFO ]:Sent Select Response.
2023-08-29 20:07:36,444[INFO ]:>>> Sent HSMS Message >>> : SSID(65535), B2(0), B3(0), P(0), S(2), SB(24,828), Length[0]
2023-08-29 20:07:36,445[INFO ]:>>> Sent HSMS Message >>> : SSID(65535), B2(0), B3(0), P(0), S(5), SB(0), Length[0]
2023-08-29 20:07:36,445[INFO ]:>>> Sent HSMS Message >>> : SSID(0), B2(129), B3(13), P(0), S(0), SB(1), Length[23]
2023-08-29 20:07:36,446[DEBUG]:>>>> HSMS Data [23] >>>>
    01-02-41-03  55-50-4B-41  0E-31-2E-30  2E-38-36-34
    31-2E-33-36  31-33-30
2023-08-29 20:07:36,457[INFO ]:Received LinkTest Response.
2023-08-29 20:07:36,457[INFO ]:<<< Received HSMS Message <<< : SSID(65535), B2(0), B3(0), P(0), S(6), SB(0), Length[0]
2023-08-29 20:07:36,532[INFO ]:<<< Received HSMS Message <<< : SSID(0), B2(1), B3(14), P(0), S(0), SB(1), Length[7]
2023-08-29 20:07:36,532[DEBUG]:<<<< HSMS Data [7] <<<<
    01-02-21-01  00-01-00
2023-08-29 20:08:07,809[INFO ]:Received LinkTest Request.
2023-08-29 20:08:07,809[INFO ]:<<< Received HSMS Message <<< : SSID(65535), B2(0), B3(0), P(0), S(5), SB(24,836), Length[0]
2023-08-29 20:08:07,809[INFO ]:Queued HSMS Message : SSID(65535), B2(0), B3(0), P(0), S(6), SB(24,836), Length[0]
2023-08-29 20:08:07,809[INFO ]:Message Stat : Queue[1], Sent[0], Recv[3]
2023-08-29 20:08:07,869[INFO ]:Sent LinkTest Response.
2023-08-29 20:08:07,869[INFO ]:>>> Sent HSMS Message >>> : SSID(65535), B2(0), B3(0), P(0), S(6), SB(24,836), Length[0]
2023-08-29 20:08:18,631[INFO ]:Queued HSMS Message : SSID(0), B2(134), B3(11), P(0), S(0), SB(2), Length[38]
2023-08-29 20:08:18,631[INFO ]:Message Stat : Queue[1], Sent[0], Recv[2]
2023-08-29 20:08:18,683[INFO ]:>>> Sent HSMS Message >>> : SSID(0), B2(134), B3(11), P(0), S(0), SB(2), Length[38]
2023-08-29 20:08:18,683[DEBUG]:>>>> HSMS Data [38] >>>>
    01-03-B1-04  00-00-00-00  B1-04-00-00  05-DF-01-01
    01-02-B1-04  00-00-05-DF  01-02-A9-02  00-01-41-06
    54-45-53-54  2D-31
2023-08-29 20:08:18,821[INFO ]:<<< Received HSMS Message <<< : SSID(0), B2(6), B3(12), P(0), S(0), SB(2), Length[3]
2023-08-29 20:08:18,821[DEBUG]:<<<< HSMS Data [3] <<<<
    21-01-00
2023-08-29 20:08:19,322[INFO ]:Queued HSMS Message : SSID(0), B2(134), B3(11), P(0), S(0), SB(3), Length[34]
2023-08-29 20:08:19,322[INFO ]:Message Stat : Queue[1], Sent[0], Recv[3]
2023-08-29 20:08:19,355[INFO ]:>>> Sent HSMS Message >>> : SSID(0), B2(134), B3(11), P(0), S(0), SB(3), Length[34]
2023-08-29 20:08:19,355[DEBUG]:>>>> HSMS Data [34] >>>>
    01-03-B1-04  00-00-00-00  B1-04-00-00  04-1B-01-01
    01-02-B1-04  00-00-04-1B  01-02-A9-02  00-02-A9-02
    00-01
2023-08-29 20:08:19,429[INFO ]:<<< Received HSMS Message <<< : SSID(0), B2(6), B3(12), P(0), S(0), SB(3), Length[3]
2023-08-29 20:08:19,429[DEBUG]:<<<< HSMS Data [3] <<<<
    21-01-00
2023-08-29 20:08:19,996[INFO ]:Queued HSMS Message : SSID(0), B2(134), B3(11), P(0), S(0), SB(4), Length[54]
2023-08-29 20:08:19,997[INFO ]:Message Stat : Queue[1], Sent[0], Recv[4]
2023-08-29 20:08:20,022[INFO ]:>>> Sent HSMS Message >>> : SSID(0), B2(134), B3(11), P(0), S(0), SB(4), Length[54]
2023-08-29 20:08:20,022[DEBUG]:>>>> HSMS Data [54] >>>>
    01-03-B1-04  00-00-00-00  B1-04-00-00  05-83-01-01
    01-02-B1-04  00-00-05-83  01-04-A9-02  00-01-41-06
    54-52-41-59  2D-31-41-06  54-52-41-59  2D-31-41-06
    54-45-53-54  2D-31
2023-08-29 20:08:20,114[INFO ]:<<< Received HSMS Message <<< : SSID(0), B2(6), B3(12), P(0), S(0), SB(4), Length[3]
2023-08-29 20:08:20,114[DEBUG]:<<<< HSMS Data [3] <<<<
    21-01-00
2023-08-29 20:08:27,073[INFO ]:<<< Received HSMS Message <<< : SSID(0), B2(131), B3(41), P(0), S(0), SB(24,846), Length[566]
2023-08-29 20:08:27,074[DEBUG]:<<<< HSMS Data [566] <<<<
    01-03-41-09  57-6F-72-6B  4F-72-64-65  72-41-08-41
    50-2D-4D-52  2D-30-31-01  01-01-02-41  01-30-01-01
    01-06-01-02  41-0A-73-6F  72-74-65-72  54-79-70-65
    41-00-01-02  41-08-69-6E  50-6F-72-74  49-64-41-01
    31-01-02-41  08-69-6E-43  61-72-72-49  64-41-06-54
    52-41-59-2D  31-01-02-41  09-6F-75-74  50-6F-72-74
    49-64-41-01  32-01-02-41  09-6F-75-74  43-61-72-72
    49-64-41-01  30-01-01-01  02-01-02-41  04-50-50-49
    44-41-06-52  43-50-30-30  31-01-02-41  09-53-4C-4F
    54-5F-44-41  54-41-01-03  01-07-01-02  41-0C-69-6E
    43-61-72-72  53-6C-6F-74  4E-6F-41-01  31-01-02-41
    0A-6D-61-6E  75-61-6C-49  6E-73-70-41  01-4E-01-02
    41-0A-70-72  6F-64-4D-74  72-6C-49-64  41-07-47-4C
    41-53-53-2D  31-01-02-41  09-73-6C-6F  74-53-74-61
    74-65-41-01  31-01-02-41  0D-6F-75-74  43-61-72-72
    53-6C-6F-74  4E-6F-41-01  36-01-02-41  05-6C-6F-74
    49-64-41-0D  4C-4F-54-5F  32-33-30-32  31-37-30-30
    35-01-02-41  08-6D-74-72  6C-46-61-63  65-41-03-54
    42-54-01-07  01-02-41-0C  69-6E-43-61  72-72-53-6C
    6F-74-4E-6F  41-01-32-01  02-41-0A-6D  61-6E-75-61
    6C-49-6E-73  70-41-01-4E  01-02-41-0A  70-72-6F-64
    4D-74-72-6C  49-64-41-07  47-4C-41-53  53-2D-32-01
    02-41-09-73  6C-6F-74-53  74-61-74-65  41-01-31-01
    02-41-0D-6F  75-74-43-61  72-72-53-6C  6F-74-4E-6F
    41-01-37-01  02-41-05-6C  6F-74-49-64  41-0D-4C-4F
    54-5F-32-33  30-32-31-37  30-30-35-01  02-41-08-6D
    74-72-6C-46  61-63-65-41  03-54-42-54  01-07-01-02
    41-0C-69-6E  43-61-72-72  53-6C-6F-74  4E-6F-41-01
    33-01-02-41  0A-6D-61-6E  75-61-6C-49  6E-73-70-41
    01-4E-01-02  41-0A-70-72  6F-64-4D-74  72-6C-49-64
    41-07-47-4C  41-53-53-2D  33-01-02-41  09-73-6C-6F
    74-53-74-61  74-65-41-01  31-01-02-41  0D-6F-75-74
    43-61-72-72  53-6C-6F-74  4E-6F-41-01  39-01-02-41
    05-6C-6F-74  49-64-41-0D  4C-4F-54-5F  32-33-30-32
    31-37-30-30  35-01-02-41  08-6D-74-72  6C-46-61-63
    65-41-03-54  42-54
2023-08-29 20:08:27,314[INFO ]:Queued HSMS Message : SSID(0), B2(3), B3(42), P(0), S(0), SB(24,846), Length[3]
2023-08-29 20:08:27,314[INFO ]:Message Stat : Queue[1], Sent[0], Recv[6]
2023-08-29 20:08:27,360[INFO ]:>>> Sent HSMS Message >>> : SSID(0), B2(3), B3(42), P(0), S(0), SB(24,846), Length[3]
2023-08-29 20:08:27,360[DEBUG]:>>>> HSMS Data [3] >>>>
    21-01-00
2023-08-29 20:08:29,822[INFO ]:<<< Received HSMS Message <<< : SSID(0), B2(130), B3(41), P(0), S(0), SB(24,848), Length[38]
2023-08-29 20:08:29,822[DEBUG]:<<<< HSMS Data [38] <<<<
    01-02-41-0A  57-4F-52-4B  5F-53-54-41  52-54-01-01
    01-02-41-07  57-4F-52-4B  5F-49-44-41  09-57-4F-52
    4B-31-32-33  34-35
2023-08-29 20:08:29,846[INFO ]:Queued HSMS Message : SSID(0), B2(2), B3(42), P(0), S(0), SB(24,848), Length[7]
2023-08-29 20:08:29,846[INFO ]:Message Stat : Queue[1], Sent[0], Recv[6]
2023-08-29 20:08:29,853[INFO ]:>>> Sent HSMS Message >>> : SSID(0), B2(2), B3(42), P(0), S(0), SB(24,848), Length[7]
2023-08-29 20:08:29,853[DEBUG]:>>>> HSMS Data [7] >>>>
    01-02-21-01  04-01-00
2023-08-29 20:08:31,556[INFO ]:Queued HSMS Message : SSID(0), B2(134), B3(11), P(0), S(0), SB(5), Length[55]
2023-08-29 20:08:31,556[INFO ]:Message Stat : Queue[1], Sent[0], Recv[5]
2023-08-29 20:08:31,611[INFO ]:>>> Sent HSMS Message >>> : SSID(0), B2(134), B3(11), P(0), S(0), SB(5), Length[55]
2023-08-29 20:08:31,611[DEBUG]:>>>> HSMS Data [55] >>>>
    01-03-B1-04  00-00-00-00  B1-04-00-00  05-15-01-01
    01-02-B1-04  00-00-05-15  01-04-41-04  49-50-30-31
    A9-02-00-01  41-06-54-52  41-59-2D-31  41-09-57-4F
    52-4B-31-32  33-34-35
2023-08-29 20:08:31,657[INFO ]:<<< Received HSMS Message <<< : SSID(0), B2(6), B3(12), P(0), S(0), SB(5), Length[3]
2023-08-29 20:08:31,657[DEBUG]:<<<< HSMS Data [3] <<<<
    21-01-00
2023-08-29 20:08:33,589[INFO ]:Queued HSMS Message : SSID(0), B2(134), B3(11), P(0), S(0), SB(6), Length[16]
2023-08-29 20:08:33,589[INFO ]:Message Stat : Queue[1], Sent[0], Recv[6]
2023-08-29 20:08:33,614[INFO ]:>>> Sent HSMS Message >>> : SSID(0), B2(134), B3(11), P(0), S(0), SB(6), Length[16]
2023-08-29 20:08:33,614[DEBUG]:>>>> HSMS Data [16] >>>>
    01-03-B1-04  00-00-00-00  B1-04-00-00  05-1F-01-00
2023-08-29 20:08:33,676[INFO ]:<<< Received HSMS Message <<< : SSID(0), B2(6), B3(12), P(0), S(0), SB(6), Length[3]
2023-08-29 20:08:33,676[DEBUG]:<<<< HSMS Data [3] <<<<
    21-01-00
2023-08-29 20:08:34,990[INFO ]:Queued HSMS Message : SSID(0), B2(134), B3(11), P(0), S(0), SB(7), Length[73]
2023-08-29 20:08:34,990[INFO ]:Message Stat : Queue[1], Sent[0], Recv[7]
2023-08-29 20:08:35,008[INFO ]:>>> Sent HSMS Message >>> : SSID(0), B2(134), B3(11), P(0), S(0), SB(7), Length[73]
2023-08-29 20:08:35,008[DEBUG]:>>>> HSMS Data [73] >>>>
    01-03-B1-04  00-00-00-00  B1-04-00-00  04-4D-01-01
    01-02-B1-04  00-00-04-4D  01-07-41-04  54-4D-30-31
    A9-02-00-01  41-06-54-52  41-59-2D-31  41-0D-4C-4F
    54-5F-32-33  30-32-31-37  30-30-35-A9  02-00-00-41
    00-41-06-54  45-53-54-2D  31
2023-08-29 20:08:35,102[INFO ]:<<< Received HSMS Message <<< : SSID(0), B2(6), B3(12), P(0), S(0), SB(7), Length[3]
2023-08-29 20:08:35,102[DEBUG]:<<<< HSMS Data [3] <<<<
    21-01-00
2023-08-29 20:08:37,729[INFO ]:Queued HSMS Message : SSID(0), B2(134), B3(11), P(0), S(0), SB(8), Length[34]
2023-08-29 20:08:37,729[INFO ]:Message Stat : Queue[1], Sent[0], Recv[8]
2023-08-29 20:08:37,740[INFO ]:>>> Sent HSMS Message >>> : SSID(0), B2(134), B3(11), P(0), S(0), SB(8), Length[34]
2023-08-29 20:08:37,740[DEBUG]:>>>> HSMS Data [34] >>>>
    01-03-B1-04  00-00-00-00  B1-04-00-00  04-B1-01-01
    01-02-B1-04  00-00-04-B1  01-02-41-04  54-4D-30-31
    41-00
2023-08-29 20:08:37,831[INFO ]:<<< Received HSMS Message <<< : SSID(0), B2(6), B3(12), P(0), S(0), SB(8), Length[3]
2023-08-29 20:08:37,831[DEBUG]:<<<< HSMS Data [3] <<<<
    21-01-00
2023-08-29 20:08:40,487[INFO ]:Queued HSMS Message : SSID(0), B2(134), B3(11), P(0), S(0), SB(9), Length[34]
2023-08-29 20:08:40,487[INFO ]:Message Stat : Queue[1], Sent[0], Recv[9]
2023-08-29 20:08:40,487[INFO ]:Queued HSMS Message : SSID(0), B2(134), B3(11), P(0), S(0), SB(10), Length[73]
2023-08-29 20:08:40,487[INFO ]:Message Stat : Queue[2], Sent[0], Recv[9]
2023-08-29 20:08:40,533[INFO ]:>>> Sent HSMS Message >>> : SSID(0), B2(134), B3(11), P(0), S(0), SB(9), Length[34]
2023-08-29 20:08:40,533[DEBUG]:>>>> HSMS Data [34] >>>>
    01-03-B1-04  00-00-00-00  B1-04-00-00  04-B2-01-01
    01-02-B1-04  00-00-04-B2  01-02-41-04  54-4D-30-31
    41-00
2023-08-29 20:08:40,533[INFO ]:>>> Sent HSMS Message >>> : SSID(0), B2(134), B3(11), P(0), S(0), SB(10), Length[73]
2023-08-29 20:08:40,533[DEBUG]:>>>> HSMS Data [73] >>>>
    01-03-B1-04  00-00-00-00  B1-04-00-00  04-4D-01-01
    01-02-B1-04  00-00-04-4D  01-07-41-04  42-46-30-31
    A9-02-00-01  41-06-54-52  41-59-2D-31  41-0D-4C-4F
    54-5F-32-33  30-32-31-37  30-30-35-A9  02-00-00-41
    00-41-06-54  45-53-54-2D  31
2023-08-29 20:08:40,639[INFO ]:<<< Received HSMS Message <<< : SSID(0), B2(6), B3(12), P(0), S(0), SB(9), Length[3]
2023-08-29 20:08:40,639[DEBUG]:<<<< HSMS Data [3] <<<<
    21-01-00
2023-08-29 20:08:40,715[INFO ]:<<< Received HSMS Message <<< : SSID(0), B2(6), B3(12), P(0), S(0), SB(10), Length[3]
2023-08-29 20:08:40,715[DEBUG]:<<<< HSMS Data [3] <<<<
    21-01-00
2023-08-29 20:08:41,199[INFO ]:Queued HSMS Message : SSID(0), B2(134), B3(11), P(0), S(0), SB(11), Length[34]
2023-08-29 20:08:41,199[INFO ]:Message Stat : Queue[1], Sent[0], Recv[11]
2023-08-29 20:08:41,201[INFO ]:>>> Sent HSMS Message >>> : SSID(0), B2(134), B3(11), P(0), S(0), SB(11), Length[34]
2023-08-29 20:08:41,201[DEBUG]:>>>> HSMS Data [34] >>>>
    01-03-B1-04  00-00-00-00  B1-04-00-00  04-B2-01-01
    01-02-B1-04  00-00-04-B2  01-02-41-04  54-4D-30-31
    41-00
2023-08-29 20:08:41,322[INFO ]:<<< Received HSMS Message <<< : SSID(0), B2(6), B3(12), P(0), S(0), SB(11), Length[3]
2023-08-29 20:08:41,322[DEBUG]:<<<< HSMS Data [3] <<<<
    21-01-00
2023-08-29 20:08:41,905[INFO ]:Queued HSMS Message : SSID(0), B2(134), B3(11), P(0), S(0), SB(12), Length[61]
2023-08-29 20:08:41,905[INFO ]:Message Stat : Queue[1], Sent[0], Recv[12]
2023-08-29 20:08:41,928[INFO ]:>>> Sent HSMS Message >>> : SSID(0), B2(134), B3(11), P(0), S(0), SB(12), Length[61]
2023-08-29 20:08:41,928[DEBUG]:>>>> HSMS Data [61] >>>>
    01-03-B1-04  00-00-00-00  B1-04-00-00  04-4E-01-01
    01-02-B1-04  00-00-04-4E  01-05-41-04  54-4D-30-31
    41-0D-4C-4F  54-5F-32-33  30-32-31-37  30-30-35-A9
    02-00-00-41  00-41-06-54  45-53-54-2D  31
2023-08-29 20:08:42,079[INFO ]:<<< Received HSMS Message <<< : SSID(0), B2(6), B3(12), P(0), S(0), SB(12), Length[3]
2023-08-29 20:08:42,079[DEBUG]:<<<< HSMS Data [3] <<<<
    21-01-00
2023-08-29 20:08:43,999[INFO ]:Queued HSMS Message : SSID(0), B2(134), B3(11), P(0), S(0), SB(13), Length[43]
2023-08-29 20:08:43,999[INFO ]:Message Stat : Queue[1], Sent[0], Recv[13]
2023-08-29 20:08:44,054[INFO ]:>>> Sent HSMS Message >>> : SSID(0), B2(134), B3(11), P(0), S(0), SB(13), Length[43]
2023-08-29 20:08:44,054[DEBUG]:>>>> HSMS Data [43] >>>>
    01-03-B1-04  00-00-00-00  B1-04-00-00  06-41-01-01
    01-02-B1-04  00-00-06-41  01-02-41-06  54-52-41-59
    2D-31-41-07  47-4C-41-53  53-2D-31
2023-08-29 20:08:44,207[INFO ]:<<< Received HSMS Message <<< : SSID(0), B2(6), B3(12), P(0), S(0), SB(13), Length[3]
2023-08-29 20:08:44,207[DEBUG]:<<<< HSMS Data [3] <<<<
    21-01-00
2023-08-29 20:08:44,732[INFO ]:Queued HSMS Message : SSID(0), B2(134), B3(11), P(0), S(0), SB(14), Length[80]
2023-08-29 20:08:44,732[INFO ]:Message Stat : Queue[1], Sent[0], Recv[14]
2023-08-29 20:08:44,739[INFO ]:Queued HSMS Message : SSID(0), B2(134), B3(11), P(0), S(0), SB(15), Length[41]
2023-08-29 20:08:44,739[INFO ]:Message Stat : Queue[2], Sent[0], Recv[14]
2023-08-29 20:08:44,787[INFO ]:>>> Sent HSMS Message >>> : SSID(0), B2(134), B3(11), P(0), S(0), SB(14), Length[80]
2023-08-29 20:08:44,787[DEBUG]:>>>> HSMS Data [80] >>>>
    01-03-B1-04  00-00-00-00  B1-04-00-00  04-4D-01-01
    01-02-B1-04  00-00-04-4D  01-07-41-04  54-4D-30-31
    A9-02-00-01  41-06-54-52  41-59-2D-31  41-0D-4C-4F
    54-5F-32-33  30-32-31-37  30-30-35-A9  02-00-00-41
    07-47-4C-41  53-53-2D-31  41-06-54-45  53-54-2D-31
2023-08-29 20:08:44,787[INFO ]:>>> Sent HSMS Message >>> : SSID(0), B2(134), B3(11), P(0), S(0), SB(15), Length[41]
2023-08-29 20:08:44,787[DEBUG]:>>>> HSMS Data [41] >>>>
    01-03-B1-04  00-00-00-00  B1-04-00-00  04-B1-01-01
    01-02-B1-04  00-00-04-B1  01-02-41-04  42-46-30-31
    41-07-47-4C  41-53-53-2D  31
2023-08-29 20:08:44,893[INFO ]:<<< Received HSMS Message <<< : SSID(0), B2(6), B3(12), P(0), S(0), SB(14), Length[3]
2023-08-29 20:08:44,893[DEBUG]:<<<< HSMS Data [3] <<<<
    21-01-00
2023-08-29 20:08:44,968[INFO ]:<<< Received HSMS Message <<< : SSID(0), B2(6), B3(12), P(0), S(0), SB(15), Length[3]
2023-08-29 20:08:44,968[DEBUG]:<<<< HSMS Data [3] <<<<
    21-01-00
2023-08-29 20:08:47,544[INFO ]:Queued HSMS Message : SSID(0), B2(134), B3(11), P(0), S(0), SB(16), Length[34]
2023-08-29 20:08:47,544[INFO ]:Message Stat : Queue[1], Sent[0], Recv[16]
2023-08-29 20:08:47,585[INFO ]:>>> Sent HSMS Message >>> : SSID(0), B2(134), B3(11), P(0), S(0), SB(16), Length[34]
2023-08-29 20:08:47,585[DEBUG]:>>>> HSMS Data [34] >>>>
    01-03-B1-04  00-00-00-00  B1-04-00-00  04-B1-01-01
    01-02-B1-04  00-00-04-B1  01-02-41-04  54-4D-30-31
    41-00
2023-08-29 20:08:47,706[INFO ]:<<< Received HSMS Message <<< : SSID(0), B2(6), B3(12), P(0), S(0), SB(16), Length[3]
2023-08-29 20:08:47,706[DEBUG]:<<<< HSMS Data [3] <<<<
    21-01-00
2023-08-29 20:08:48,239[INFO ]:Queued HSMS Message : SSID(0), B2(134), B3(11), P(0), S(0), SB(17), Length[41]
2023-08-29 20:08:48,239[INFO ]:Message Stat : Queue[1], Sent[0], Recv[17]
2023-08-29 20:08:48,254[INFO ]:>>> Sent HSMS Message >>> : SSID(0), B2(134), B3(11), P(0), S(0), SB(17), Length[41]
2023-08-29 20:08:48,254[DEBUG]:>>>> HSMS Data [41] >>>>
    01-03-B1-04  00-00-00-00  B1-04-00-00  04-B2-01-01
    01-02-B1-04  00-00-04-B2  01-02-41-04  42-46-30-31
    41-07-47-4C  41-53-53-2D  31
2023-08-29 20:08:48,391[INFO ]:<<< Received HSMS Message <<< : SSID(0), B2(6), B3(12), P(0), S(0), SB(17), Length[3]
2023-08-29 20:08:48,391[DEBUG]:<<<< HSMS Data [3] <<<<
    21-01-00
2023-08-29 20:08:48,956[INFO ]:Queued HSMS Message : SSID(0), B2(134), B3(11), P(0), S(0), SB(18), Length[34]
2023-08-29 20:08:48,956[INFO ]:Message Stat : Queue[1], Sent[0], Recv[18]
2023-08-29 20:08:48,980[INFO ]:>>> Sent HSMS Message >>> : SSID(0), B2(134), B3(11), P(0), S(0), SB(18), Length[34]
2023-08-29 20:08:48,980[DEBUG]:>>>> HSMS Data [34] >>>>
    01-03-B1-04  00-00-00-00  B1-04-00-00  04-B2-01-01
    01-02-B1-04  00-00-04-B2  01-02-41-04  42-46-30-31
    41-00
2023-08-29 20:08:49,070[INFO ]:<<< Received HSMS Message <<< : SSID(0), B2(6), B3(12), P(0), S(0), SB(18), Length[3]
2023-08-29 20:08:49,070[DEBUG]:<<<< HSMS Data [3] <<<<
    21-01-00
2023-08-29 20:08:49,651[INFO ]:Queued HSMS Message : SSID(0), B2(134), B3(11), P(0), S(0), SB(19), Length[61]
2023-08-29 20:08:49,651[INFO ]:Message Stat : Queue[1], Sent[0], Recv[19]
2023-08-29 20:08:49,706[INFO ]:>>> Sent HSMS Message >>> : SSID(0), B2(134), B3(11), P(0), S(0), SB(19), Length[61]
2023-08-29 20:08:49,706[DEBUG]:>>>> HSMS Data [61] >>>>
    01-03-B1-04  00-00-00-00  B1-04-00-00  04-4E-01-01
    01-02-B1-04  00-00-04-4E  01-05-41-04  42-46-30-31
    41-0D-4C-4F  54-5F-32-33  30-32-31-37  30-30-35-A9
    02-00-00-41  00-41-06-54  45-53-54-2D  31
2023-08-29 20:08:49,827[INFO ]:<<< Received HSMS Message <<< : SSID(0), B2(6), B3(12), P(0), S(0), SB(19), Length[3]
2023-08-29 20:08:49,873[DEBUG]:<<<< HSMS Data [3] <<<<
    21-01-00
2023-08-29 20:08:50,373[INFO ]:Queued HSMS Message : SSID(0), B2(134), B3(11), P(0), S(0), SB(20), Length[34]
2023-08-29 20:08:50,373[INFO ]:Message Stat : Queue[1], Sent[0], Recv[20]
2023-08-29 20:08:50,434[INFO ]:>>> Sent HSMS Message >>> : SSID(0), B2(134), B3(11), P(0), S(0), SB(20), Length[34]
2023-08-29 20:08:50,434[DEBUG]:>>>> HSMS Data [34] >>>>
    01-03-B1-04  00-00-00-00  B1-04-00-00  04-B2-01-01
    01-02-B1-04  00-00-04-B2  01-02-41-04  54-4D-30-31
    41-00
2023-08-29 20:08:50,556[INFO ]:<<< Received HSMS Message <<< : SSID(0), B2(6), B3(12), P(0), S(0), SB(20), Length[3]
2023-08-29 20:08:50,556[DEBUG]:<<<< HSMS Data [3] <<<<
    21-01-00
2023-08-29 20:08:51,100[INFO ]:Queued HSMS Message : SSID(0), B2(134), B3(11), P(0), S(0), SB(21), Length[34]
2023-08-29 20:08:51,100[INFO ]:Message Stat : Queue[1], Sent[0], Recv[21]
2023-08-29 20:08:51,103[INFO ]:>>> Sent HSMS Message >>> : SSID(0), B2(134), B3(11), P(0), S(0), SB(21), Length[34]
2023-08-29 20:08:51,103[DEBUG]:>>>> HSMS Data [34] >>>>
    01-03-B1-04  00-00-00-00  B1-04-00-00  04-B2-01-01
    01-02-B1-04  00-00-04-B2  01-02-41-04  54-4D-30-31
    41-00
2023-08-29 20:08:51,240[INFO ]:<<< Received HSMS Message <<< : SSID(0), B2(6), B3(12), P(0), S(0), SB(21), Length[3]
2023-08-29 20:08:51,242[DEBUG]:<<<< HSMS Data [3] <<<<
    21-01-00
2023-08-29 20:08:51,780[INFO ]:Queued HSMS Message : SSID(0), B2(134), B3(11), P(0), S(0), SB(22), Length[61]
2023-08-29 20:08:51,780[INFO ]:Message Stat : Queue[1], Sent[0], Recv[22]
2023-08-29 20:08:51,833[INFO ]:>>> Sent HSMS Message >>> : SSID(0), B2(134), B3(11), P(0), S(0), SB(22), Length[61]
2023-08-29 20:08:51,833[DEBUG]:>>>> HSMS Data [61] >>>>
    01-03-B1-04  00-00-00-00  B1-04-00-00  04-4E-01-01
    01-02-B1-04  00-00-04-4E  01-05-41-04  54-4D-30-31
    41-0D-4C-4F  54-5F-32-33  30-32-31-37  30-30-35-A9
    02-00-00-41  00-41-06-54  45-53-54-2D  31
2023-08-29 20:08:51,925[INFO ]:<<< Received HSMS Message <<< : SSID(0), B2(6), B3(12), P(0), S(0), SB(22), Length[3]
2023-08-29 20:08:51,925[DEBUG]:<<<< HSMS Data [3] <<<<
    21-01-00
2023-08-29 20:08:52,500[INFO ]:Queued HSMS Message : SSID(0), B2(134), B3(11), P(0), S(0), SB(23), Length[73]
2023-08-29 20:08:52,500[INFO ]:Message Stat : Queue[1], Sent[0], Recv[23]
2023-08-29 20:08:52,501[INFO ]:>>> Sent HSMS Message >>> : SSID(0), B2(134), B3(11), P(0), S(0), SB(23), Length[73]
2023-08-29 20:08:52,501[DEBUG]:>>>> HSMS Data [73] >>>>
    01-03-B1-04  00-00-00-00  B1-04-00-00  04-4D-01-01
    01-02-B1-04  00-00-04-4D  01-07-41-04  42-46-30-31
    A9-02-00-01  41-06-54-52  41-59-2D-31  41-0D-4C-4F
    54-5F-32-33  30-32-31-37  30-30-35-A9  02-00-00-41
    00-41-06-54  45-53-54-2D  31
2023-08-29 20:08:52,609[INFO ]:<<< Received HSMS Message <<< : SSID(0), B2(6), B3(12), P(0), S(0), SB(23), Length[3]
2023-08-29 20:08:52,609[DEBUG]:<<<< HSMS Data [3] <<<<
    21-01-00
2023-08-29 20:08:54,605[INFO ]:Queued HSMS Message : SSID(0), B2(134), B3(11), P(0), S(0), SB(24), Length[73]
2023-08-29 20:08:54,606[INFO ]:Message Stat : Queue[1], Sent[0], Recv[24]
2023-08-29 20:08:54,631[INFO ]:>>> Sent HSMS Message >>> : SSID(0), B2(134), B3(11), P(0), S(0), SB(24), Length[73]
2023-08-29 20:08:54,631[DEBUG]:>>>> HSMS Data [73] >>>>
    01-03-B1-04  00-00-00-00  B1-04-00-00  04-4D-01-01
    01-02-B1-04  00-00-04-4D  01-07-41-04  54-4D-30-31
    A9-02-00-01  41-06-54-52  41-59-2D-31  41-0D-4C-4F
    54-5F-32-33  30-32-31-37  30-30-35-A9  02-00-00-41
    00-41-06-54  45-53-54-2D  31
2023-08-29 20:08:54,738[INFO ]:<<< Received HSMS Message <<< : SSID(0), B2(6), B3(12), P(0), S(0), SB(24), Length[3]
2023-08-29 20:08:54,738[DEBUG]:<<<< HSMS Data [3] <<<<
    21-01-00
2023-08-29 20:08:56,012[INFO ]:Queued HSMS Message : SSID(0), B2(134), B3(11), P(0), S(0), SB(25), Length[43]
2023-08-29 20:08:56,012[INFO ]:Message Stat : Queue[1], Sent[0], Recv[25]
2023-08-29 20:08:56,030[INFO ]:>>> Sent HSMS Message >>> : SSID(0), B2(134), B3(11), P(0), S(0), SB(25), Length[43]
2023-08-29 20:08:56,030[DEBUG]:>>>> HSMS Data [43] >>>>
    01-03-B1-04  00-00-00-00  B1-04-00-00  06-41-01-01
    01-02-B1-04  00-00-06-41  01-02-41-06  54-52-41-59
    2D-31-41-07  47-4C-41-53  53-2D-32
2023-08-29 20:08:56,108[INFO ]:<<< Received HSMS Message <<< : SSID(0), B2(6), B3(12), P(0), S(0), SB(25), Length[3]
2023-08-29 20:08:56,108[DEBUG]:<<<< HSMS Data [3] <<<<
    21-01-00
2023-08-29 20:08:56,691[INFO ]:Queued HSMS Message : SSID(0), B2(134), B3(11), P(0), S(0), SB(26), Length[41]
2023-08-29 20:08:56,698[INFO ]:>>> Sent HSMS Message >>> : SSID(0), B2(134), B3(11), P(0), S(0), SB(26), Length[41]
2023-08-29 20:08:56,700[DEBUG]:>>>> HSMS Data [41] >>>>
    01-03-B1-04  00-00-00-00  B1-04-00-00  04-B1-01-01
    01-02-B1-04  00-00-04-B1  01-02-41-04  42-46-30-31
    41-07-47-4C  41-53-53-2D  32
2023-08-29 20:08:56,700[INFO ]:Message Stat : Queue[0], Sent[1], Recv[26]
2023-08-29 20:08:56,789[INFO ]:<<< Received HSMS Message <<< : SSID(0), B2(6), B3(12), P(0), S(0), SB(26), Length[3]
2023-08-29 20:08:56,789[DEBUG]:<<<< HSMS Data [3] <<<<
    21-01-00
2023-08-29 20:08:57,415[INFO ]:Queued HSMS Message : SSID(0), B2(134), B3(11), P(0), S(0), SB(27), Length[34]
2023-08-29 20:08:57,416[INFO ]:Message Stat : Queue[1], Sent[0], Recv[27]
2023-08-29 20:08:57,426[INFO ]:>>> Sent HSMS Message >>> : SSID(0), B2(134), B3(11), P(0), S(0), SB(27), Length[34]
2023-08-29 20:08:57,426[DEBUG]:>>>> HSMS Data [34] >>>>
    01-03-B1-04  00-00-00-00  B1-04-00-00  04-B1-01-01
    01-02-B1-04  00-00-04-B1  01-02-41-04  54-4D-30-31
    41-00
2023-08-29 20:08:57,548[INFO ]:<<< Received HSMS Message <<< : SSID(0), B2(6), B3(12), P(0), S(0), SB(27), Length[3]
2023-08-29 20:08:57,548[DEBUG]:<<<< HSMS Data [3] <<<<
    21-01-00
2023-08-29 20:08:58,843[INFO ]:Queued HSMS Message : SSID(0), B2(134), B3(11), P(0), S(0), SB(28), Length[73]
2023-08-29 20:08:58,843[INFO ]:Message Stat : Queue[1], Sent[0], Recv[28]
2023-08-29 20:08:58,844[INFO ]:Queued HSMS Message : SSID(0), B2(134), B3(11), P(0), S(0), SB(29), Length[42]
2023-08-29 20:08:58,844[INFO ]:Message Stat : Queue[2], Sent[0], Recv[28]
2023-08-29 20:08:58,882[INFO ]:>>> Sent HSMS Message >>> : SSID(0), B2(134), B3(11), P(0), S(0), SB(28), Length[73]
2023-08-29 20:08:58,882[DEBUG]:>>>> HSMS Data [73] >>>>
    01-03-B1-04  00-00-00-00  B1-04-00-00  06-4C-01-01
    01-02-B1-04  00-00-06-4C  01-06-41-05  55-53-43-30
    31-41-07-47  4C-41-53-53  2D-31-A9-02  00-01-41-06
    54-52-41-59  2D-31-A9-02  00-01-41-0D  4C-4F-54-5F
    32-33-30-32  31-37-30-30  35
2023-08-29 20:08:58,882[INFO ]:>>> Sent HSMS Message >>> : SSID(0), B2(134), B3(11), P(0), S(0), SB(29), Length[42]
2023-08-29 20:08:58,882[DEBUG]:>>>> HSMS Data [42] >>>>
    01-03-B1-04  00-00-00-00  B1-04-00-00  04-B2-01-01
    01-02-B1-04  00-00-04-B2  01-02-41-05  55-53-43-30
    31-41-07-47  4C-41-53-53  2D-31
2023-08-29 20:08:58,989[INFO ]:<<< Received HSMS Message <<< : SSID(0), B2(6), B3(12), P(0), S(0), SB(28), Length[3]
2023-08-29 20:08:58,989[DEBUG]:<<<< HSMS Data [3] <<<<
    21-01-00
2023-08-29 20:08:59,066[INFO ]:<<< Received HSMS Message <<< : SSID(0), B2(6), B3(12), P(0), S(0), SB(29), Length[3]
2023-08-29 20:08:59,066[DEBUG]:<<<< HSMS Data [3] <<<<
    21-01-00
2023-08-29 20:08:59,527[INFO ]:Queued HSMS Message : SSID(0), B2(134), B3(11), P(0), S(0), SB(30), Length[81]
2023-08-29 20:08:59,527[INFO ]:Message Stat : Queue[1], Sent[0], Recv[30]
2023-08-29 20:08:59,553[INFO ]:>>> Sent HSMS Message >>> : SSID(0), B2(134), B3(11), P(0), S(0), SB(30), Length[81]
2023-08-29 20:08:59,553[DEBUG]:>>>> HSMS Data [81] >>>>
    01-03-B1-04  00-00-00-00  B1-04-00-00  04-4D-01-01
    01-02-B1-04  00-00-04-4D  01-07-41-05  55-53-43-30
    31-A9-02-00  01-41-06-54  52-41-59-2D  31-41-0D-4C
    4F-54-5F-32  33-30-32-31  37-30-30-35  A9-02-00-01
    41-07-47-4C  41-53-53-2D  31-41-06-54  45-53-54-2D
    31
2023-08-29 20:08:59,674[INFO ]:<<< Received HSMS Message <<< : SSID(0), B2(6), B3(12), P(0), S(0), SB(30), Length[3]
2023-08-29 20:08:59,674[DEBUG]:<<<< HSMS Data [3] <<<<
    21-01-00
2023-08-29 20:09:01,619[INFO ]:Queued HSMS Message : SSID(0), B2(134), B3(11), P(0), S(0), SB(31), Length[42]
2023-08-29 20:09:01,619[INFO ]:Message Stat : Queue[1], Sent[0], Recv[31]
2023-08-29 20:09:01,620[INFO ]:Queued HSMS Message : SSID(0), B2(134), B3(11), P(0), S(0), SB(32), Length[73]
2023-08-29 20:09:01,620[INFO ]:Message Stat : Queue[2], Sent[0], Recv[31]
2023-08-29 20:09:01,675[INFO ]:>>> Sent HSMS Message >>> : SSID(0), B2(134), B3(11), P(0), S(0), SB(31), Length[42]
2023-08-29 20:09:01,675[DEBUG]:>>>> HSMS Data [42] >>>>
    01-03-B1-04  00-00-00-00  B1-04-00-00  04-B1-01-01
    01-02-B1-04  00-00-04-B1  01-02-41-05  55-53-43-30
    31-41-07-47  4C-41-53-53  2D-31
2023-08-29 20:09:01,676[INFO ]:>>> Sent HSMS Message >>> : SSID(0), B2(134), B3(11), P(0), S(0), SB(32), Length[73]
2023-08-29 20:09:01,676[DEBUG]:>>>> HSMS Data [73] >>>>
    01-03-B1-04  00-00-00-00  B1-04-00-00  06-4B-01-01
    01-02-B1-04  00-00-06-4B  01-06-41-05  55-53-43-30
    31-41-07-47  4C-41-53-53  2D-31-A9-02  00-01-41-06
    54-52-41-59  2D-31-A9-02  00-01-41-0D  4C-4F-54-5F
    32-33-30-32  31-37-30-30  35
2023-08-29 20:09:01,796[INFO ]:<<< Received HSMS Message <<< : SSID(0), B2(6), B3(12), P(0), S(0), SB(31), Length[3]
2023-08-29 20:09:01,796[DEBUG]:<<<< HSMS Data [3] <<<<
    21-01-00
2023-08-29 20:09:01,873[INFO ]:<<< Received HSMS Message <<< : SSID(0), B2(6), B3(12), P(0), S(0), SB(32), Length[3]
2023-08-29 20:09:01,873[DEBUG]:<<<< HSMS Data [3] <<<<
    21-01-00
2023-08-29 20:09:10,465[INFO ]:Queued HSMS Message : SSID(0), B2(134), B3(11), P(0), S(0), SB(33), Length[41]
2023-08-29 20:09:10,465[INFO ]:Message Stat : Queue[1], Sent[0], Recv[33]
2023-08-29 20:09:10,467[INFO ]:>>> Sent HSMS Message >>> : SSID(0), B2(134), B3(11), P(0), S(0), SB(33), Length[41]
2023-08-29 20:09:10,467[DEBUG]:>>>> HSMS Data [41] >>>>
    01-03-B1-04  00-00-00-00  B1-04-00-00  04-B2-01-01
    01-02-B1-04  00-00-04-B2  01-02-41-04  42-46-30-31
    41-07-47-4C  41-53-53-2D  32
2023-08-29 20:09:10,575[INFO ]:<<< Received HSMS Message <<< : SSID(0), B2(6), B3(12), P(0), S(0), SB(33), Length[3]
2023-08-29 20:09:10,575[DEBUG]:<<<< HSMS Data [3] <<<<
    21-01-00
2023-08-29 20:09:11,193[INFO ]:Queued HSMS Message : SSID(0), B2(134), B3(11), P(0), S(0), SB(34), Length[34]
2023-08-29 20:09:11,193[INFO ]:Message Stat : Queue[1], Sent[0], Recv[34]
2023-08-29 20:09:11,194[INFO ]:>>> Sent HSMS Message >>> : SSID(0), B2(134), B3(11), P(0), S(0), SB(34), Length[34]
2023-08-29 20:09:11,194[INFO ]:Queued HSMS Message : SSID(0), B2(134), B3(11), P(0), S(0), SB(35), Length[74]
2023-08-29 20:09:11,194[INFO ]:Message Stat : Queue[1], Sent[1], Recv[34]
2023-08-29 20:09:11,194[DEBUG]:>>>> HSMS Data [34] >>>>
    01-03-B1-04  00-00-00-00  B1-04-00-00  04-B2-01-01
    01-02-B1-04  00-00-04-B2  01-02-41-04  42-46-30-31
    41-00
2023-08-29 20:09:11,194[INFO ]:>>> Sent HSMS Message >>> : SSID(0), B2(134), B3(11), P(0), S(0), SB(35), Length[74]
2023-08-29 20:09:11,195[DEBUG]:>>>> HSMS Data [74] >>>>
    01-03-B1-04  00-00-00-00  B1-04-00-00  04-4D-01-01
    01-02-B1-04  00-00-04-4D  01-07-41-05  55-53-43-30
    31-A9-02-00  01-41-06-54  52-41-59-2D  31-41-0D-4C
    4F-54-5F-32  33-30-32-31  37-30-30-35  A9-02-00-01
    41-00-41-06  54-45-53-54  2D-31
2023-08-29 20:09:11,331[INFO ]:<<< Received HSMS Message <<< : SSID(0), B2(6), B3(12), P(0), S(0), SB(34), Length[3]
2023-08-29 20:09:11,331[DEBUG]:<<<< HSMS Data [3] <<<<
    21-01-00
2023-08-29 20:09:11,407[INFO ]:<<< Received HSMS Message <<< : SSID(0), B2(6), B3(12), P(0), S(0), SB(35), Length[3]
2023-08-29 20:09:11,407[DEBUG]:<<<< HSMS Data [3] <<<<
    21-01-00
2023-08-29 20:09:12,622[INFO ]:Queued HSMS Message : SSID(0), B2(134), B3(11), P(0), S(0), SB(36), Length[34]
2023-08-29 20:09:12,622[INFO ]:Message Stat : Queue[1], Sent[0], Recv[36]
2023-08-29 20:09:12,651[INFO ]:>>> Sent HSMS Message >>> : SSID(0), B2(134), B3(11), P(0), S(0), SB(36), Length[34]
2023-08-29 20:09:12,651[DEBUG]:>>>> HSMS Data [34] >>>>
    01-03-B1-04  00-00-00-00  B1-04-00-00  04-B2-01-01
    01-02-B1-04  00-00-04-B2  01-02-41-04  54-4D-30-31
    41-00
2023-08-29 20:09:12,710[INFO ]:<<< Received HSMS Message <<< : SSID(0), B2(6), B3(12), P(0), S(0), SB(36), Length[3]
2023-08-29 20:09:12,711[DEBUG]:<<<< HSMS Data [3] <<<<
    21-01-00
2023-08-29 20:09:13,364[INFO ]:Queued HSMS Message : SSID(0), B2(134), B3(11), P(0), S(0), SB(37), Length[34]
2023-08-29 20:09:13,364[INFO ]:Message Stat : Queue[1], Sent[0], Recv[37]
2023-08-29 20:09:13,366[INFO ]:Queued HSMS Message : SSID(0), B2(134), B3(11), P(0), S(0), SB(38), Length[61]
2023-08-29 20:09:13,366[INFO ]:Message Stat : Queue[2], Sent[0], Recv[37]
2023-08-29 20:09:13,382[INFO ]:>>> Sent HSMS Message >>> : SSID(0), B2(134), B3(11), P(0), S(0), SB(37), Length[34]
2023-08-29 20:09:13,382[DEBUG]:>>>> HSMS Data [34] >>>>
    01-03-B1-04  00-00-00-00  B1-04-00-00  04-B2-01-01
    01-02-B1-04  00-00-04-B2  01-02-41-04  54-4D-30-31
    41-00
2023-08-29 20:09:13,382[INFO ]:>>> Sent HSMS Message >>> : SSID(0), B2(134), B3(11), P(0), S(0), SB(38), Length[61]
2023-08-29 20:09:13,382[DEBUG]:>>>> HSMS Data [61] >>>>
    01-03-B1-04  00-00-00-00  B1-04-00-00  04-4E-01-01
    01-02-B1-04  00-00-04-4E  01-05-41-04  42-46-30-31
    41-0D-4C-4F  54-5F-32-33  30-32-31-37  30-30-35-A9
    02-00-01-41  00-41-06-54  45-53-54-2D  31
2023-08-29 20:09:13,473[INFO ]:<<< Received HSMS Message <<< : SSID(0), B2(6), B3(12), P(0), S(0), SB(37), Length[3]
2023-08-29 20:09:13,473[DEBUG]:<<<< HSMS Data [3] <<<<
    21-01-00
2023-08-29 20:09:13,548[INFO ]:<<< Received HSMS Message <<< : SSID(0), B2(6), B3(12), P(0), S(0), SB(38), Length[3]
2023-08-29 20:09:13,548[DEBUG]:<<<< HSMS Data [3] <<<<
    21-01-00
2023-08-29 20:09:14,068[INFO ]:Queued HSMS Message : SSID(0), B2(134), B3(11), P(0), S(0), SB(39), Length[61]
2023-08-29 20:09:14,068[INFO ]:Message Stat : Queue[1], Sent[0], Recv[39]
2023-08-29 20:09:14,106[INFO ]:>>> Sent HSMS Message >>> : SSID(0), B2(134), B3(11), P(0), S(0), SB(39), Length[61]
2023-08-29 20:09:14,106[DEBUG]:>>>> HSMS Data [61] >>>>
    01-03-B1-04  00-00-00-00  B1-04-00-00  04-4E-01-01
    01-02-B1-04  00-00-04-4E  01-05-41-04  54-4D-30-31
    41-0D-4C-4F  54-5F-32-33  30-32-31-37  30-30-35-A9
    02-00-01-41  00-41-06-54  45-53-54-2D  31
2023-08-29 20:09:14,228[INFO ]:<<< Received HSMS Message <<< : SSID(0), B2(6), B3(12), P(0), S(0), SB(39), Length[3]
2023-08-29 20:09:14,228[DEBUG]:<<<< HSMS Data [3] <<<<
    21-01-00
2023-08-29 20:09:16,147[INFO ]:Queued HSMS Message : SSID(0), B2(134), B3(11), P(0), S(0), SB(40), Length[73]
2023-08-29 20:09:16,147[INFO ]:Message Stat : Queue[1], Sent[0], Recv[40]
2023-08-29 20:09:16,173[INFO ]:>>> Sent HSMS Message >>> : SSID(0), B2(134), B3(11), P(0), S(0), SB(40), Length[73]
2023-08-29 20:09:16,173[DEBUG]:>>>> HSMS Data [73] >>>>
    01-03-B1-04  00-00-00-00  B1-04-00-00  04-4D-01-01
    01-02-B1-04  00-00-04-4D  01-07-41-04  42-46-30-31
    A9-02-00-01  41-06-54-52  41-59-2D-31  41-0D-4C-4F
    54-5F-32-33  30-32-31-37  30-30-35-A9  02-00-01-41
    00-41-06-54  45-53-54-2D  31
2023-08-29 20:09:16,278[INFO ]:<<< Received HSMS Message <<< : SSID(0), B2(6), B3(12), P(0), S(0), SB(40), Length[3]
2023-08-29 20:09:16,278[DEBUG]:<<<< HSMS Data [3] <<<<
    21-01-00
2023-08-29 20:09:19,560[INFO ]:Queued HSMS Message : SSID(0), B2(134), B3(11), P(0), S(0), SB(41), Length[43]
2023-08-29 20:09:19,560[INFO ]:Message Stat : Queue[1], Sent[0], Recv[41]
2023-08-29 20:09:19,569[INFO ]:>>> Sent HSMS Message >>> : SSID(0), B2(134), B3(11), P(0), S(0), SB(41), Length[43]
2023-08-29 20:09:19,569[DEBUG]:>>>> HSMS Data [43] >>>>
    01-03-B1-04  00-00-00-00  B1-04-00-00  06-41-01-01
    01-02-B1-04  00-00-06-41  01-02-41-06  54-52-41-59
    2D-31-41-07  47-4C-41-53  53-2D-33
2023-08-29 20:09:19,569[INFO ]:Queued HSMS Message : SSID(0), B2(134), B3(11), P(0), S(0), SB(42), Length[69]
2023-08-29 20:09:19,569[INFO ]:Message Stat : Queue[0], Sent[2], Recv[41]
2023-08-29 20:09:19,569[INFO ]:>>> Sent HSMS Message >>> : SSID(0), B2(134), B3(11), P(0), S(0), SB(42), Length[69]
2023-08-29 20:09:19,569[DEBUG]:>>>> HSMS Data [69] >>>>
    01-03-B1-04  00-00-00-00  B1-04-00-00  04-4E-01-01
    01-02-B1-04  00-00-04-4E  01-05-41-05  55-53-43-30
    31-41-0D-4C  4F-54-5F-32  33-30-32-31  37-30-30-35
    A9-02-00-01  41-07-47-4C  41-53-53-2D  33-41-06-54
    45-53-54-2D  31
2023-08-29 20:09:19,690[INFO ]:<<< Received HSMS Message <<< : SSID(0), B2(6), B3(12), P(0), S(0), SB(41), Length[3]
2023-08-29 20:09:19,690[DEBUG]:<<<< HSMS Data [3] <<<<
    21-01-00
2023-08-29 20:09:19,766[INFO ]:<<< Received HSMS Message <<< : SSID(0), B2(6), B3(12), P(0), S(0), SB(42), Length[3]
2023-08-29 20:09:19,766[DEBUG]:<<<< HSMS Data [3] <<<<
    21-01-00
2023-08-29 20:09:20,261[INFO ]:Queued HSMS Message : SSID(0), B2(134), B3(11), P(0), S(0), SB(43), Length[41]
2023-08-29 20:09:20,261[INFO ]:Message Stat : Queue[1], Sent[0], Recv[43]
2023-08-29 20:09:20,299[INFO ]:>>> Sent HSMS Message >>> : SSID(0), B2(134), B3(11), P(0), S(0), SB(43), Length[41]
2023-08-29 20:09:20,299[DEBUG]:>>>> HSMS Data [41] >>>>
    01-03-B1-04  00-00-00-00  B1-04-00-00  04-B1-01-01
    01-02-B1-04  00-00-04-B1  01-02-41-04  42-46-30-31
    41-07-47-4C  41-53-53-2D  33
2023-08-29 20:09:20,375[INFO ]:<<< Received HSMS Message <<< : SSID(0), B2(6), B3(12), P(0), S(0), SB(43), Length[3]
2023-08-29 20:09:20,375[DEBUG]:<<<< HSMS Data [3] <<<<
    21-01-00
2023-08-29 20:09:23,063[INFO ]:Queued HSMS Message : SSID(0), B2(134), B3(11), P(0), S(0), SB(44), Length[41]
2023-08-29 20:09:23,063[INFO ]:Message Stat : Queue[1], Sent[0], Recv[44]
2023-08-29 20:09:23,065[INFO ]:Queued HSMS Message : SSID(0), B2(134), B3(11), P(0), S(0), SB(45), Length[42]
2023-08-29 20:09:23,065[INFO ]:Message Stat : Queue[2], Sent[0], Recv[44]
2023-08-29 20:09:23,066[INFO ]:Queued HSMS Message : SSID(0), B2(134), B3(11), P(0), S(0), SB(46), Length[73]
2023-08-29 20:09:23,066[INFO ]:Message Stat : Queue[3], Sent[0], Recv[44]
2023-08-29 20:09:23,095[INFO ]:>>> Sent HSMS Message >>> : SSID(0), B2(134), B3(11), P(0), S(0), SB(44), Length[41]
2023-08-29 20:09:23,095[DEBUG]:>>>> HSMS Data [41] >>>>
    01-03-B1-04  00-00-00-00  B1-04-00-00  04-B2-01-01
    01-02-B1-04  00-00-04-B2  01-02-41-04  42-46-30-31
    41-07-47-4C  41-53-53-2D  33
2023-08-29 20:09:23,095[INFO ]:>>> Sent HSMS Message >>> : SSID(0), B2(134), B3(11), P(0), S(0), SB(45), Length[42]
2023-08-29 20:09:23,095[DEBUG]:>>>> HSMS Data [42] >>>>
    01-03-B1-04  00-00-00-00  B1-04-00-00  04-B1-01-01
    01-02-B1-04  00-00-04-B1  01-02-41-05  55-53-43-30
    31-41-07-47  4C-41-53-53  2D-33
2023-08-29 20:09:23,095[INFO ]:>>> Sent HSMS Message >>> : SSID(0), B2(134), B3(11), P(0), S(0), SB(46), Length[73]
2023-08-29 20:09:23,095[DEBUG]:>>>> HSMS Data [73] >>>>
    01-03-B1-04  00-00-00-00  B1-04-00-00  06-4B-01-01
    01-02-B1-04  00-00-06-4B  01-06-41-05  55-53-43-30
    31-41-07-47  4C-41-53-53  2D-33-A9-02  00-01-41-06
    54-52-41-59  2D-31-A9-02  00-03-41-0D  4C-4F-54-5F
    32-33-30-32  31-37-30-30  35
2023-08-29 20:09:23,186[INFO ]:<<< Received HSMS Message <<< : SSID(0), B2(6), B3(12), P(0), S(0), SB(44), Length[3]
2023-08-29 20:09:23,186[DEBUG]:<<<< HSMS Data [3] <<<<
    21-01-00
2023-08-29 20:09:23,262[INFO ]:<<< Received HSMS Message <<< : SSID(0), B2(6), B3(12), P(0), S(0), SB(45), Length[3]
2023-08-29 20:09:23,262[DEBUG]:<<<< HSMS Data [3] <<<<
    21-01-00
2023-08-29 20:09:23,339[INFO ]:<<< Received HSMS Message <<< : SSID(0), B2(6), B3(12), P(0), S(0), SB(46), Length[3]
2023-08-29 20:09:23,339[DEBUG]:<<<< HSMS Data [3] <<<<
    21-01-00
2023-08-29 20:09:23,776[INFO ]:Queued HSMS Message : SSID(0), B2(134), B3(11), P(0), S(0), SB(47), Length[34]
2023-08-29 20:09:23,776[INFO ]:Message Stat : Queue[1], Sent[0], Recv[47]
2023-08-29 20:09:23,785[INFO ]:Queued HSMS Message : SSID(0), B2(134), B3(11), P(0), S(0), SB(48), Length[73]
2023-08-29 20:09:23,785[INFO ]:Message Stat : Queue[2], Sent[0], Recv[47]
2023-08-29 20:09:23,786[INFO ]:Queued HSMS Message : SSID(0), B2(134), B3(11), P(0), S(0), SB(49), Length[42]
2023-08-29 20:09:23,786[INFO ]:Message Stat : Queue[3], Sent[0], Recv[47]
2023-08-29 20:09:23,823[INFO ]:>>> Sent HSMS Message >>> : SSID(0), B2(134), B3(11), P(0), S(0), SB(47), Length[34]
2023-08-29 20:09:23,823[DEBUG]:>>>> HSMS Data [34] >>>>
    01-03-B1-04  00-00-00-00  B1-04-00-00  04-B2-01-01
    01-02-B1-04  00-00-04-B2  01-02-41-04  42-46-30-31
    41-00
2023-08-29 20:09:23,824[INFO ]:>>> Sent HSMS Message >>> : SSID(0), B2(134), B3(11), P(0), S(0), SB(48), Length[73]
2023-08-29 20:09:23,824[DEBUG]:>>>> HSMS Data [73] >>>>
    01-03-B1-04  00-00-00-00  B1-04-00-00  06-4C-01-01
    01-02-B1-04  00-00-06-4C  01-06-41-05  55-53-43-30
    31-41-07-47  4C-41-53-53  2D-33-A9-02  00-01-41-06
    54-52-41-59  2D-31-A9-02  00-03-41-0D  4C-4F-54-5F
    32-33-30-32  31-37-30-30  35
2023-08-29 20:09:23,824[INFO ]:>>> Sent HSMS Message >>> : SSID(0), B2(134), B3(11), P(0), S(0), SB(49), Length[42]
2023-08-29 20:09:23,824[DEBUG]:>>>> HSMS Data [42] >>>>
    01-03-B1-04  00-00-00-00  B1-04-00-00  04-B2-01-01
    01-02-B1-04  00-00-04-B2  01-02-41-05  55-53-43-30
    31-41-07-47  4C-41-53-53  2D-33
2023-08-29 20:09:23,945[INFO ]:<<< Received HSMS Message <<< : SSID(0), B2(6), B3(12), P(0), S(0), SB(47), Length[3]
2023-08-29 20:09:23,945[DEBUG]:<<<< HSMS Data [3] <<<<
    21-01-00
2023-08-29 20:09:24,020[INFO ]:<<< Received HSMS Message <<< : SSID(0), B2(6), B3(12), P(0), S(0), SB(48), Length[3]
2023-08-29 20:09:24,020[DEBUG]:<<<< HSMS Data [3] <<<<
    21-01-00
2023-08-29 20:09:24,095[INFO ]:<<< Received HSMS Message <<< : SSID(0), B2(6), B3(12), P(0), S(0), SB(49), Length[3]
2023-08-29 20:09:24,095[DEBUG]:<<<< HSMS Data [3] <<<<
    21-01-00
2023-08-29 20:09:24,510[INFO ]:Queued HSMS Message : SSID(0), B2(134), B3(11), P(0), S(0), SB(50), Length[16]
2023-08-29 20:09:24,510[INFO ]:Message Stat : Queue[1], Sent[0], Recv[50]
2023-08-29 20:09:24,516[INFO ]:Queued HSMS Message : SSID(0), B2(134), B3(11), P(0), S(0), SB(51), Length[61]
2023-08-29 20:09:24,516[INFO ]:Message Stat : Queue[2], Sent[0], Recv[50]
2023-08-29 20:09:24,550[INFO ]:>>> Sent HSMS Message >>> : SSID(0), B2(134), B3(11), P(0), S(0), SB(50), Length[16]
2023-08-29 20:09:24,550[DEBUG]:>>>> HSMS Data [16] >>>>
    01-03-B1-04  00-00-00-00  B1-04-00-00  05-20-01-00
2023-08-29 20:09:24,550[INFO ]:>>> Sent HSMS Message >>> : SSID(0), B2(134), B3(11), P(0), S(0), SB(51), Length[61]
2023-08-29 20:09:24,550[DEBUG]:>>>> HSMS Data [61] >>>>
    01-03-B1-04  00-00-00-00  B1-04-00-00  04-4E-01-01
    01-02-B1-04  00-00-04-4E  01-05-41-04  42-46-30-31
    41-0D-4C-4F  54-5F-32-33  30-32-31-37  30-30-35-A9
    02-00-03-41  00-41-06-54  45-53-54-2D  31
2023-08-29 20:09:24,626[INFO ]:<<< Received HSMS Message <<< : SSID(0), B2(6), B3(12), P(0), S(0), SB(50), Length[3]
2023-08-29 20:09:24,626[DEBUG]:<<<< HSMS Data [3] <<<<
    21-01-00
2023-08-29 20:09:24,714[INFO ]:<<< Received HSMS Message <<< : SSID(0), B2(6), B3(12), P(0), S(0), SB(51), Length[3]
2023-08-29 20:09:24,715[DEBUG]:<<<< HSMS Data [3] <<<<
    21-01-00
2023-08-29 20:09:37,289[INFO ]:Send LinkTest Request.
2023-08-29 20:09:37,289[INFO ]:Queued HSMS Message : SSID(65535), B2(0), B3(0), P(0), S(5), SB(52), Length[0]
2023-08-29 20:09:37,289[INFO ]:Message Stat : Queue[1], Sent[0], Recv[52]
2023-08-29 20:09:37,304[INFO ]:>>> Sent HSMS Message >>> : SSID(65535), B2(0), B3(0), P(0), S(5), SB(52), Length[0]
2023-08-29 20:09:37,306[INFO ]:Received LinkTest Response.
2023-08-29 20:09:37,306[INFO ]:<<< Received HSMS Message <<< : SSID(65535), B2(0), B3(0), P(0), S(6), SB(52), Length[0]
2023-08-29 20:10:09,316[INFO ]:Received LinkTest Request.
2023-08-29 20:10:09,316[INFO ]:<<< Received HSMS Message <<< : SSID(65535), B2(0), B3(0), P(0), S(5), SB(24,946), Length[0]
2023-08-29 20:10:09,316[INFO ]:Queued HSMS Message : SSID(65535), B2(0), B3(0), P(0), S(6), SB(24,946), Length[0]
2023-08-29 20:10:09,316[INFO ]:Message Stat : Queue[1], Sent[0], Recv[54]
2023-08-29 20:10:09,346[INFO ]:Sent LinkTest Response.
2023-08-29 20:10:09,346[INFO ]:>>> Sent HSMS Message >>> : SSID(65535), B2(0), B3(0), P(0), S(6), SB(24,946), Length[0]
2023-08-29 20:10:40,796[INFO ]:Received LinkTest Request.
2023-08-29 20:10:40,796[INFO ]:<<< Received HSMS Message <<< : SSID(65535), B2(0), B3(0), P(0), S(5), SB(24,950), Length[0]
2023-08-29 20:10:40,796[INFO ]:Queued HSMS Message : SSID(65535), B2(0), B3(0), P(0), S(6), SB(24,950), Length[0]
2023-08-29 20:10:40,796[INFO ]:Message Stat : Queue[1], Sent[0], Recv[54]
2023-08-29 20:10:40,841[INFO ]:Sent LinkTest Response.
2023-08-29 20:10:40,841[INFO ]:>>> Sent HSMS Message >>> : SSID(65535), B2(0), B3(0), P(0), S(6), SB(24,950), Length[0]
2023-08-29 20:11:12,275[INFO ]:Received LinkTest Request.
2023-08-29 20:11:12,275[INFO ]:<<< Received HSMS Message <<< : SSID(65535), B2(0), B3(0), P(0), S(5), SB(24,954), Length[0]
2023-08-29 20:11:12,275[INFO ]:Queued HSMS Message : SSID(65535), B2(0), B3(0), P(0), S(6), SB(24,954), Length[0]
2023-08-29 20:11:12,275[INFO ]:Message Stat : Queue[1], Sent[0], Recv[54]
2023-08-29 20:11:12,291[INFO ]:Sent LinkTest Response.
2023-08-29 20:11:12,291[INFO ]:>>> Sent HSMS Message >>> : SSID(65535), B2(0), B3(0), P(0), S(6), SB(24,954), Length[0]
2023-08-29 20:11:39,197[INFO ]:Send LinkTest Request.
2023-08-29 20:11:39,197[INFO ]:Queued HSMS Message : SSID(65535), B2(0), B3(0), P(0), S(5), SB(53), Length[0]
2023-08-29 20:11:39,197[INFO ]:Message Stat : Queue[1], Sent[0], Recv[53]
2023-08-29 20:11:39,242[INFO ]:>>> Sent HSMS Message >>> : SSID(65535), B2(0), B3(0), P(0), S(5), SB(53), Length[0]
2023-08-29 20:11:39,258[INFO ]:Received LinkTest Response.
2023-08-29 20:11:39,258[INFO ]:<<< Received HSMS Message <<< : SSID(65535), B2(0), B3(0), P(0), S(6), SB(53), Length[0]
2023-08-29 20:12:10,808[INFO ]:Received LinkTest Request.
2023-08-29 20:12:10,808[INFO ]:<<< Received HSMS Message <<< : SSID(65535), B2(0), B3(0), P(0), S(5), SB(24,960), Length[0]
2023-08-29 20:12:10,808[INFO ]:Queued HSMS Message : SSID(65535), B2(0), B3(0), P(0), S(6), SB(24,960), Length[0]
2023-08-29 20:12:10,808[INFO ]:Message Stat : Queue[1], Sent[0], Recv[55]
2023-08-29 20:12:10,824[INFO ]:Sent LinkTest Response.
2023-08-29 20:12:10,824[INFO ]:>>> Sent HSMS Message >>> : SSID(65535), B2(0), B3(0), P(0), S(6), SB(24,960), Length[0]
2023-08-29 20:12:42,257[INFO ]:Received LinkTest Request.
2023-08-29 20:12:42,257[INFO ]:<<< Received HSMS Message <<< : SSID(65535), B2(0), B3(0), P(0), S(5), SB(24,964), Length[0]
2023-08-29 20:12:42,257[INFO ]:Queued HSMS Message : SSID(65535), B2(0), B3(0), P(0), S(6), SB(24,964), Length[0]
2023-08-29 20:12:42,257[INFO ]:Message Stat : Queue[1], Sent[0], Recv[55]
2023-08-29 20:12:42,313[INFO ]:Sent LinkTest Response.
2023-08-29 20:12:42,313[INFO ]:>>> Sent HSMS Message >>> : SSID(65535), B2(0), B3(0), P(0), S(6), SB(24,964), Length[0]
2023-08-29 20:13:13,819[INFO ]:Received LinkTest Request.
2023-08-29 20:13:13,819[INFO ]:<<< Received HSMS Message <<< : SSID(65535), B2(0), B3(0), P(0), S(5), SB(24,968), Length[0]
2023-08-29 20:13:13,819[INFO ]:Queued HSMS Message : SSID(65535), B2(0), B3(0), P(0), S(6), SB(24,968), Length[0]
2023-08-29 20:13:13,819[INFO ]:Message Stat : Queue[1], Sent[0], Recv[55]
2023-08-29 20:13:13,819[INFO ]:clear RecvQueue's items that over the life time.
2023-08-29 20:13:13,864[INFO ]:Sent LinkTest Response.
2023-08-29 20:13:13,864[INFO ]:>>> Sent HSMS Message >>> : SSID(65535), B2(0), B3(0), P(0), S(6), SB(24,968), Length[0]
2023-08-29 20:13:41,150[INFO ]:Send LinkTest Request.
2023-08-29 20:13:41,150[INFO ]:Queued HSMS Message : SSID(65535), B2(0), B3(0), P(0), S(5), SB(54), Length[0]
2023-08-29 20:13:41,150[INFO ]:Message Stat : Queue[1], Sent[0], Recv[0]
2023-08-29 20:13:41,165[INFO ]:>>> Sent HSMS Message >>> : SSID(65535), B2(0), B3(0), P(0), S(5), SB(54), Length[0]
2023-08-29 20:13:41,180[INFO ]:Received LinkTest Response.
2023-08-29 20:13:41,180[INFO ]:<<< Received HSMS Message <<< : SSID(65535), B2(0), B3(0), P(0), S(6), SB(54), Length[0]
2023-08-29 20:14:12,255[INFO ]:Received LinkTest Request.
2023-08-29 20:14:12,255[INFO ]:<<< Received HSMS Message <<< : SSID(65535), B2(0), B3(0), P(0), S(5), SB(24,974), Length[0]
2023-08-29 20:14:12,255[INFO ]:Queued HSMS Message : SSID(65535), B2(0), B3(0), P(0), S(6), SB(24,974), Length[0]
2023-08-29 20:14:12,255[INFO ]:Message Stat : Queue[1], Sent[0], Recv[2]
2023-08-29 20:14:12,303[INFO ]:Sent LinkTest Response.
2023-08-29 20:14:12,303[INFO ]:>>> Sent HSMS Message >>> : SSID(65535), B2(0), B3(0), P(0), S(6), SB(24,974), Length[0]
2023-08-29 20:14:43,815[INFO ]:Received LinkTest Request.
2023-08-29 20:14:43,815[INFO ]:<<< Received HSMS Message <<< : SSID(65535), B2(0), B3(0), P(0), S(5), SB(24,978), Length[0]
2023-08-29 20:14:43,815[INFO ]:Queued HSMS Message : SSID(65535), B2(0), B3(0), P(0), S(6), SB(24,978), Length[0]
2023-08-29 20:14:43,815[INFO ]:Message Stat : Queue[1], Sent[0], Recv[2]
2023-08-29 20:14:43,830[INFO ]:Sent LinkTest Response.
2023-08-29 20:14:43,830[INFO ]:>>> Sent HSMS Message >>> : SSID(65535), B2(0), B3(0), P(0), S(6), SB(24,978), Length[0]
2023-08-29 20:15:15,320[INFO ]:Received LinkTest Request.
2023-08-29 20:15:15,320[INFO ]:<<< Received HSMS Message <<< : SSID(65535), B2(0), B3(0), P(0), S(5), SB(24,982), Length[0]
2023-08-29 20:15:15,320[INFO ]:Queued HSMS Message : SSID(65535), B2(0), B3(0), P(0), S(6), SB(24,982), Length[0]
2023-08-29 20:15:15,320[INFO ]:Message Stat : Queue[1], Sent[0], Recv[2]
2023-08-29 20:15:15,382[INFO ]:Sent LinkTest Response.
2023-08-29 20:15:15,382[INFO ]:>>> Sent HSMS Message >>> : SSID(65535), B2(0), B3(0), P(0), S(6), SB(24,982), Length[0]
2023-08-29 20:15:43,187[INFO ]:Send LinkTest Request.
2023-08-29 20:15:43,187[INFO ]:Queued HSMS Message : SSID(65535), B2(0), B3(0), P(0), S(5), SB(55), Length[0]
2023-08-29 20:15:43,187[INFO ]:Message Stat : Queue[1], Sent[0], Recv[1]
2023-08-29 20:15:43,232[INFO ]:>>> Sent HSMS Message >>> : SSID(65535), B2(0), B3(0), P(0), S(5), SB(55), Length[0]
2023-08-29 20:15:43,263[INFO ]:Received LinkTest Response.
2023-08-29 20:15:43,263[INFO ]:<<< Received HSMS Message <<< : SSID(65535), B2(0), B3(0), P(0), S(6), SB(55), Length[0]
2023-08-29 20:16:15,329[INFO ]:Received LinkTest Request.
2023-08-29 20:16:15,329[INFO ]:<<< Received HSMS Message <<< : SSID(65535), B2(0), B3(0), P(0), S(5), SB(24,988), Length[0]
2023-08-29 20:16:15,329[INFO ]:Queued HSMS Message : SSID(65535), B2(0), B3(0), P(0), S(6), SB(24,988), Length[0]
2023-08-29 20:16:15,329[INFO ]:Message Stat : Queue[1], Sent[0], Recv[3]
2023-08-29 20:16:15,344[INFO ]:Sent LinkTest Response.
2023-08-29 20:16:15,344[INFO ]:>>> Sent HSMS Message >>> : SSID(65535), B2(0), B3(0), P(0), S(6), SB(24,988), Length[0]
2023-08-29 20:16:46,775[INFO ]:Received LinkTest Request.
2023-08-29 20:16:46,775[INFO ]:<<< Received HSMS Message <<< : SSID(65535), B2(0), B3(0), P(0), S(5), SB(24,992), Length[0]
2023-08-29 20:16:46,775[INFO ]:Queued HSMS Message : SSID(65535), B2(0), B3(0), P(0), S(6), SB(24,992), Length[0]
2023-08-29 20:16:46,775[INFO ]:Message Stat : Queue[1], Sent[0], Recv[3]
2023-08-29 20:16:46,819[INFO ]:Sent LinkTest Response.
2023-08-29 20:16:46,819[INFO ]:>>> Sent HSMS Message >>> : SSID(65535), B2(0), B3(0), P(0), S(6), SB(24,992), Length[0]
2023-08-29 20:17:18,284[INFO ]:Received LinkTest Request.
2023-08-29 20:17:18,284[INFO ]:<<< Received HSMS Message <<< : SSID(65535), B2(0), B3(0), P(0), S(5), SB(24,996), Length[0]
2023-08-29 20:17:18,284[INFO ]:Queued HSMS Message : SSID(65535), B2(0), B3(0), P(0), S(6), SB(24,996), Length[0]
2023-08-29 20:17:18,284[INFO ]:Message Stat : Queue[1], Sent[0], Recv[3]
2023-08-29 20:17:18,345[INFO ]:Sent LinkTest Response.
2023-08-29 20:17:18,345[INFO ]:>>> Sent HSMS Message >>> : SSID(65535), B2(0), B3(0), P(0), S(6), SB(24,996), Length[0]
2023-08-29 20:17:45,187[INFO ]:Send LinkTest Request.
2023-08-29 20:17:45,187[INFO ]:Queued HSMS Message : SSID(65535), B2(0), B3(0), P(0), S(5), SB(56), Length[0]
2023-08-29 20:17:45,187[INFO ]:Message Stat : Queue[1], Sent[0], Recv[2]
2023-08-29 20:17:45,234[INFO ]:>>> Sent HSMS Message >>> : SSID(65535), B2(0), B3(0), P(0), S(5), SB(56), Length[0]
2023-08-29 20:17:45,265[INFO ]:Received LinkTest Response.
2023-08-29 20:17:45,265[INFO ]:<<< Received HSMS Message <<< : SSID(65535), B2(0), B3(0), P(0), S(6), SB(56), Length[0]
2023-08-29 20:18:16,785[INFO ]:Received LinkTest Request.
2023-08-29 20:18:16,785[INFO ]:<<< Received HSMS Message <<< : SSID(65535), B2(0), B3(0), P(0), S(5), SB(25,002), Length[0]
2023-08-29 20:18:16,786[INFO ]:Queued HSMS Message : SSID(65535), B2(0), B3(0), P(0), S(6), SB(25,002), Length[0]
2023-08-29 20:18:16,786[INFO ]:Message Stat : Queue[1], Sent[0], Recv[4]
2023-08-29 20:18:16,814[INFO ]:Sent LinkTest Response.
2023-08-29 20:18:16,814[INFO ]:>>> Sent HSMS Message >>> : SSID(65535), B2(0), B3(0), P(0), S(6), SB(25,002), Length[0]
2023-08-29 20:18:48,303[INFO ]:Received LinkTest Request.
2023-08-29 20:18:48,303[INFO ]:<<< Received HSMS Message <<< : SSID(65535), B2(0), B3(0), P(0), S(5), SB(25,006), Length[0]
2023-08-29 20:18:48,303[INFO ]:Queued HSMS Message : SSID(65535), B2(0), B3(0), P(0), S(6), SB(25,006), Length[0]
2023-08-29 20:18:48,303[INFO ]:Message Stat : Queue[1], Sent[0], Recv[4]
2023-08-29 20:18:48,349[INFO ]:Sent LinkTest Response.
2023-08-29 20:18:48,349[INFO ]:>>> Sent HSMS Message >>> : SSID(65535), B2(0), B3(0), P(0), S(6), SB(25,006), Length[0]
2023-08-29 20:19:19,797[INFO ]:Received LinkTest Request.
2023-08-29 20:19:19,797[INFO ]:<<< Received HSMS Message <<< : SSID(65535), B2(0), B3(0), P(0), S(5), SB(25,010), Length[0]
2023-08-29 20:19:19,797[INFO ]:Queued HSMS Message : SSID(65535), B2(0), B3(0), P(0), S(6), SB(25,010), Length[0]
2023-08-29 20:19:19,797[INFO ]:Message Stat : Queue[1], Sent[0], Recv[4]
2023-08-29 20:19:19,828[INFO ]:Sent LinkTest Response.
2023-08-29 20:19:19,828[INFO ]:>>> Sent HSMS Message >>> : SSID(65535), B2(0), B3(0), P(0), S(6), SB(25,010), Length[0]
2023-08-29 20:19:47,302[INFO ]:Send LinkTest Request.
2023-08-29 20:19:47,302[INFO ]:Queued HSMS Message : SSID(65535), B2(0), B3(0), P(0), S(5), SB(57), Length[0]
2023-08-29 20:19:47,302[INFO ]:Message Stat : Queue[1], Sent[0], Recv[3]
2023-08-29 20:19:47,363[INFO ]:>>> Sent HSMS Message >>> : SSID(65535), B2(0), B3(0), P(0), S(5), SB(57), Length[0]
2023-08-29 20:19:47,425[INFO ]:Received LinkTest Response.
2023-08-29 20:19:47,425[INFO ]:<<< Received HSMS Message <<< : SSID(65535), B2(0), B3(0), P(0), S(6), SB(57), Length[0]
