2023-07-06 19:12:10,889[INFO ]:Before Clear Queue.
2023-07-06 19:12:10,895[INFO ]:Clear Queue.
2023-07-06 19:12:10,895[INFO ]:Reset System Bytes to Zero(0).
2023-07-06 19:12:10,895[INFO ]:Connection Mode : Passive
2023-07-06 19:12:10,899[INFO ]:Thread State Changed : Working
2023-07-06 19:12:10,900[INFO ]:Start RunThreadPassive()
2023-07-06 19:12:10,901[INFO ]:Listening State Changed : Open
2023-07-06 19:12:10,901[INFO ]:Socket Listener was Started.
2023-07-06 19:12:10,901[INFO ]:Before Clear Queue.
2023-07-06 19:12:10,901[INFO ]:Clear Queue.
2023-07-06 19:12:10,901[INFO ]:Waiting New Connection...
2023-07-06 19:12:17,439[INFO ]:Accept New Connection.
2023-07-06 19:12:17,439[INFO ]:Start New Connection.
2023-07-06 19:12:17,442[INFO ]:HSMS Connection State Is Changed : 0 -> 1
2023-07-06 19:12:17,446[INFO ]:Start Basic Timer Due(1000), Period(1000)
2023-07-06 19:12:17,447[INFO ]:Started Basic Timer.
2023-07-06 19:12:17,450[INFO ]:Start Recv Thread.
2023-07-06 19:12:17,451[INFO ]:Start RunThreadRecv()
2023-07-06 19:12:17,456[INFO ]:Queued HSMS Message : SSID(65535), B2(0), B3(0), P(0), S(2), SB(21,672), Length[0]
2023-07-06 19:12:17,457[INFO ]:Message Stat : Queue[1], Sent[0], Recv[1]
2023-07-06 19:12:17,457[INFO ]:HSMS Connection State Is Changed : 1 -> 3
2023-07-06 19:12:17,459[INFO ]:<<< Received HSMS Message <<< : SSID(65535), B2(0), B3(0), P(0), S(1), SB(21,672), Length[0]
2023-07-06 19:12:17,459[INFO ]:Send LinkTest Request.
2023-07-06 19:12:17,459[INFO ]:Queued HSMS Message : SSID(65535), B2(0), B3(0), P(0), S(5), SB(0), Length[0]
2023-07-06 19:12:17,459[INFO ]:Message Stat : Queue[2], Sent[0], Recv[1]
2023-07-06 19:12:17,517[INFO ]:>>> Sent HSMS Message >>> : SSID(65535), B2(0), B3(0), P(0), S(2), SB(21,672), Length[0]
2023-07-06 19:12:17,518[INFO ]:>>> Sent HSMS Message >>> : SSID(65535), B2(0), B3(0), P(0), S(5), SB(0), Length[0]
2023-07-06 19:12:17,531[INFO ]:<<< Received HSMS Message <<< : SSID(65535), B2(0), B3(0), P(0), S(6), SB(0), Length[0]
2023-07-06 19:12:17,611[INFO ]:Queued HSMS Message : SSID(0), B2(129), B3(13), P(0), S(0), SB(1), Length[10]
2023-07-06 19:12:17,611[INFO ]:Message Stat : Queue[1], Sent[0], Recv[1]
2023-07-06 19:12:17,638[INFO ]:>>> Sent HSMS Message >>> : SSID(0), B2(129), B3(13), P(0), S(0), SB(1), Length[10]
2023-07-06 19:12:17,639[DEBUG]:>>>> HSMS Data [10] >>>>
    01-02-41-03  55-50-4B-41  01-30
2023-07-06 19:12:23,532[WARN ]:HSMS Reply Timeout.
2023-07-06 19:12:23,532[WARN ]:Sent Message Information : SSID(0), B2(129), B3(13), P(0), S(0), SB(1), Length[10]
2023-07-06 19:12:23,532[DEBUG]:Occured HSMS Timeout : type6, time-sec5.922642
2023-07-06 19:12:23,535[INFO ]:Queued HSMS Message : SSID(0), B2(9), B3(9), P(0), S(0), SB(2), Length[12]
2023-07-06 19:12:23,535[INFO ]:Message Stat : Queue[1], Sent[1], Recv[1]
2023-07-06 19:12:23,592[INFO ]:>>> Sent HSMS Message >>> : SSID(0), B2(9), B3(9), P(0), S(0), SB(2), Length[12]
2023-07-06 19:12:23,592[DEBUG]:>>>> HSMS Data [12] >>>>
    21-0A-00-00  81-0D-00-00  00-00-00-01
2023-07-06 19:12:27,733[INFO ]:Before Clear Queue.
2023-07-06 19:12:27,733[INFO ]:Clear Queue.
2023-07-06 19:12:32,368[INFO ]:HSMS Connection State Is Changed : 3 -> 1
2023-07-06 19:12:32,369[INFO ]:<<< Received HSMS Message <<< : SSID(65535), B2(0), B3(0), P(0), S(9), SB(21,678), Length[0]
2023-07-06 19:12:32,370[ERROR]:Found disconnection on the reading the receive message.
2023-07-06 19:12:32,370[INFO ]:Finish RunThreadRecv()
2023-07-06 19:12:32,370[INFO ]:Stop Recv Thread.
2023-07-06 19:12:32,370[INFO ]:HSMS Connection State Is Changed : 1 -> 0
2023-07-06 19:12:32,371[INFO ]:Finish Current Connection...
2023-07-06 19:12:32,373[INFO ]:HSMS Close Current Session : Passive Mode
2023-07-06 19:12:32,373[INFO ]:Killing Basic Timer
2023-07-06 19:12:32,373[INFO ]:Killed Basic Timer
2023-07-06 19:12:32,373[INFO ]:HSMS Close Socket : Wait to get sync key.
2023-07-06 19:12:32,373[INFO ]:HSMS Close Socket : success to get sync key.
2023-07-06 19:12:32,373[INFO ]:HSMS Shutdown Socket.
2023-07-06 19:12:32,374[INFO ]:HSMS Close Socket Object.
2023-07-06 19:12:32,374[INFO ]:Complete HSMS CloseSocket
2023-07-06 19:12:32,374[INFO ]:Wait T5 (Connect Separation Timeout)
2023-07-06 19:12:32,580[INFO ]:Waiting T5 (Connect Separation Timeout) : 200/10000
2023-07-06 19:12:32,791[INFO ]:Waiting T5 (Connect Separation Timeout) : 400/10000
2023-07-06 19:12:33,004[INFO ]:Waiting T5 (Connect Separation Timeout) : 600/10000
2023-07-06 19:12:33,217[INFO ]:Waiting T5 (Connect Separation Timeout) : 800/10000
2023-07-06 19:12:33,430[INFO ]:Waiting T5 (Connect Separation Timeout) : 1000/10000
2023-07-06 19:12:33,643[INFO ]:Waiting T5 (Connect Separation Timeout) : 1200/10000
2023-07-06 19:12:33,858[INFO ]:Waiting T5 (Connect Separation Timeout) : 1400/10000
2023-07-06 19:12:34,069[INFO ]:Waiting T5 (Connect Separation Timeout) : 1600/10000
2023-07-06 19:12:34,280[INFO ]:Waiting T5 (Connect Separation Timeout) : 1800/10000
2023-07-06 19:12:34,491[INFO ]:Waiting T5 (Connect Separation Timeout) : 2000/10000
2023-07-06 19:12:34,706[INFO ]:Waiting T5 (Connect Separation Timeout) : 2200/10000
2023-07-06 19:12:34,919[INFO ]:Waiting T5 (Connect Separation Timeout) : 2400/10000
2023-07-06 19:12:35,128[INFO ]:Waiting T5 (Connect Separation Timeout) : 2600/10000
2023-07-06 19:12:35,340[INFO ]:Waiting T5 (Connect Separation Timeout) : 2800/10000
2023-07-06 19:12:35,552[INFO ]:Waiting T5 (Connect Separation Timeout) : 3000/10000
2023-07-06 19:12:35,767[INFO ]:Waiting T5 (Connect Separation Timeout) : 3200/10000
2023-07-06 19:12:35,977[INFO ]:Waiting T5 (Connect Separation Timeout) : 3400/10000
2023-07-06 19:12:36,192[INFO ]:Waiting T5 (Connect Separation Timeout) : 3600/10000
2023-07-06 19:12:36,403[INFO ]:Waiting T5 (Connect Separation Timeout) : 3800/10000
2023-07-06 19:12:36,616[INFO ]:Waiting T5 (Connect Separation Timeout) : 4000/10000
2023-07-06 19:12:36,830[INFO ]:Waiting T5 (Connect Separation Timeout) : 4200/10000
2023-07-06 19:12:37,043[INFO ]:Waiting T5 (Connect Separation Timeout) : 4400/10000
2023-07-06 19:12:37,256[INFO ]:Waiting T5 (Connect Separation Timeout) : 4600/10000
2023-07-06 19:12:37,469[INFO ]:Waiting T5 (Connect Separation Timeout) : 4800/10000
2023-07-06 19:12:37,684[INFO ]:Waiting T5 (Connect Separation Timeout) : 5000/10000
2023-07-06 19:12:37,896[INFO ]:Waiting T5 (Connect Separation Timeout) : 5200/10000
2023-07-06 19:12:38,110[INFO ]:Waiting T5 (Connect Separation Timeout) : 5400/10000
2023-07-06 19:12:38,325[INFO ]:Waiting T5 (Connect Separation Timeout) : 5600/10000
2023-07-06 19:12:38,537[INFO ]:Waiting T5 (Connect Separation Timeout) : 5800/10000
2023-07-06 19:12:38,749[INFO ]:Waiting T5 (Connect Separation Timeout) : 6000/10000
2023-07-06 19:12:38,964[INFO ]:Waiting T5 (Connect Separation Timeout) : 6200/10000
2023-07-06 19:12:39,176[INFO ]:Waiting T5 (Connect Separation Timeout) : 6400/10000
2023-07-06 19:12:39,386[INFO ]:Waiting T5 (Connect Separation Timeout) : 6600/10000
2023-07-06 19:12:39,600[INFO ]:Waiting T5 (Connect Separation Timeout) : 6800/10000
2023-07-06 19:12:39,813[INFO ]:Waiting T5 (Connect Separation Timeout) : 7000/10000
2023-07-06 19:12:40,026[INFO ]:Waiting T5 (Connect Separation Timeout) : 7200/10000
2023-07-06 19:12:40,239[INFO ]:Waiting T5 (Connect Separation Timeout) : 7400/10000
2023-07-06 19:12:40,452[INFO ]:Waiting T5 (Connect Separation Timeout) : 7600/10000
2023-07-06 19:12:40,665[INFO ]:Waiting T5 (Connect Separation Timeout) : 7800/10000
2023-07-06 19:12:40,880[INFO ]:Waiting T5 (Connect Separation Timeout) : 8000/10000
2023-07-06 19:12:41,092[INFO ]:Waiting T5 (Connect Separation Timeout) : 8200/10000
2023-07-06 19:12:41,308[INFO ]:Waiting T5 (Connect Separation Timeout) : 8400/10000
2023-07-06 19:12:41,519[INFO ]:Waiting T5 (Connect Separation Timeout) : 8600/10000
2023-07-06 19:12:41,732[INFO ]:Waiting T5 (Connect Separation Timeout) : 8800/10000
2023-07-06 19:12:41,944[INFO ]:Waiting T5 (Connect Separation Timeout) : 9000/10000
2023-07-06 19:12:42,157[INFO ]:Waiting T5 (Connect Separation Timeout) : 9200/10000
2023-07-06 19:12:42,370[INFO ]:Waiting T5 (Connect Separation Timeout) : 9400/10000
2023-07-06 19:12:42,583[INFO ]:Waiting T5 (Connect Separation Timeout) : 9600/10000
2023-07-06 19:12:42,797[INFO ]:Waiting T5 (Connect Separation Timeout) : 9800/10000
2023-07-06 19:12:43,009[INFO ]:Waiting T5 (Connect Separation Timeout) : 10000/10000
2023-07-06 19:12:43,010[INFO ]:Before Clear Queue.
2023-07-06 19:12:43,010[INFO ]:Clear Queue.
2023-07-06 19:12:43,010[INFO ]:Waiting New Connection...
2023-07-06 19:12:43,010[INFO ]:Accept New Connection.
2023-07-06 19:12:43,010[INFO ]:Start New Connection.
2023-07-06 19:12:43,010[INFO ]:HSMS Connection State Is Changed : 0 -> 1
2023-07-06 19:12:43,012[INFO ]:Start Basic Timer Due(1000), Period(1000)
2023-07-06 19:12:43,012[INFO ]:Started Basic Timer.
2023-07-06 19:12:43,016[INFO ]:Start Recv Thread.
2023-07-06 19:12:43,016[INFO ]:Start RunThreadRecv()
2023-07-06 19:12:43,017[INFO ]:Queued HSMS Message : SSID(65535), B2(0), B3(0), P(0), S(2), SB(21,684), Length[0]
2023-07-06 19:12:43,017[INFO ]:Message Stat : Queue[1], Sent[0], Recv[1]
2023-07-06 19:12:43,017[INFO ]:HSMS Connection State Is Changed : 1 -> 3
2023-07-06 19:12:43,019[INFO ]:<<< Received HSMS Message <<< : SSID(65535), B2(0), B3(0), P(0), S(1), SB(21,684), Length[0]
2023-07-06 19:12:43,019[INFO ]:Send LinkTest Request.
2023-07-06 19:12:43,019[INFO ]:Queued HSMS Message : SSID(65535), B2(0), B3(0), P(0), S(5), SB(3), Length[0]
2023-07-06 19:12:43,019[INFO ]:Message Stat : Queue[2], Sent[0], Recv[1]
2023-07-06 19:12:43,070[INFO ]:Queued HSMS Message : SSID(0), B2(129), B3(13), P(0), S(0), SB(4), Length[10]
2023-07-06 19:12:43,070[INFO ]:Message Stat : Queue[2], Sent[0], Recv[0]
2023-07-06 19:12:43,070[INFO ]:>>> Sent HSMS Message >>> : SSID(65535), B2(0), B3(0), P(0), S(2), SB(21,684), Length[0]
2023-07-06 19:12:43,070[INFO ]:>>> Sent HSMS Message >>> : SSID(65535), B2(0), B3(0), P(0), S(5), SB(3), Length[0]
2023-07-06 19:12:43,070[INFO ]:>>> Sent HSMS Message >>> : SSID(0), B2(129), B3(13), P(0), S(0), SB(4), Length[10]
2023-07-06 19:12:43,070[DEBUG]:>>>> HSMS Data [10] >>>>
    01-02-41-03  55-50-4B-41  01-30
2023-07-06 19:12:43,085[INFO ]:<<< Received HSMS Message <<< : SSID(65535), B2(0), B3(0), P(0), S(6), SB(3), Length[0]
2023-07-06 19:12:43,085[INFO ]:<<< Received HSMS Message <<< : SSID(0), B2(1), B3(14), P(0), S(0), SB(4), Length[7]
2023-07-06 19:12:43,086[DEBUG]:<<<< HSMS Data [7] <<<<
    01-02-21-01  00-01-00
2023-07-06 19:13:14,207[INFO ]:<<< Received HSMS Message <<< : SSID(65535), B2(0), B3(0), P(0), S(5), SB(21,692), Length[0]
2023-07-06 19:13:14,207[INFO ]:Queued HSMS Message : SSID(65535), B2(0), B3(0), P(0), S(6), SB(21,692), Length[0]
2023-07-06 19:13:14,207[INFO ]:Message Stat : Queue[1], Sent[0], Recv[3]
2023-07-06 19:13:14,222[INFO ]:>>> Sent HSMS Message >>> : SSID(65535), B2(0), B3(0), P(0), S(6), SB(21,692), Length[0]
2023-07-06 19:13:45,747[INFO ]:<<< Received HSMS Message <<< : SSID(65535), B2(0), B3(0), P(0), S(5), SB(21,696), Length[0]
2023-07-06 19:13:45,747[INFO ]:Queued HSMS Message : SSID(65535), B2(0), B3(0), P(0), S(6), SB(21,696), Length[0]
2023-07-06 19:13:45,747[INFO ]:Message Stat : Queue[1], Sent[0], Recv[3]
2023-07-06 19:13:45,793[INFO ]:>>> Sent HSMS Message >>> : SSID(65535), B2(0), B3(0), P(0), S(6), SB(21,696), Length[0]
2023-07-06 19:14:17,226[INFO ]:<<< Received HSMS Message <<< : SSID(65535), B2(0), B3(0), P(0), S(5), SB(21,700), Length[0]
2023-07-06 19:14:17,226[INFO ]:Queued HSMS Message : SSID(65535), B2(0), B3(0), P(0), S(6), SB(21,700), Length[0]
2023-07-06 19:14:17,226[INFO ]:Message Stat : Queue[1], Sent[0], Recv[3]
2023-07-06 19:14:17,242[INFO ]:>>> Sent HSMS Message >>> : SSID(65535), B2(0), B3(0), P(0), S(6), SB(21,700), Length[0]
2023-07-06 19:14:29,984[INFO ]:Send LinkTest Request.
2023-07-06 19:14:29,984[INFO ]:Queued HSMS Message : SSID(65535), B2(0), B3(0), P(0), S(5), SB(5), Length[0]
2023-07-06 19:14:29,984[INFO ]:Message Stat : Queue[1], Sent[0], Recv[2]
2023-07-06 19:14:30,014[INFO ]:>>> Sent HSMS Message >>> : SSID(65535), B2(0), B3(0), P(0), S(5), SB(5), Length[0]
2023-07-06 19:14:30,076[INFO ]:<<< Received HSMS Message <<< : SSID(65535), B2(0), B3(0), P(0), S(6), SB(5), Length[0]
2023-07-06 19:15:02,272[INFO ]:<<< Received HSMS Message <<< : SSID(65535), B2(0), B3(0), P(0), S(5), SB(21,706), Length[0]
2023-07-06 19:15:02,272[INFO ]:Queued HSMS Message : SSID(65535), B2(0), B3(0), P(0), S(6), SB(21,706), Length[0]
2023-07-06 19:15:02,272[INFO ]:Message Stat : Queue[1], Sent[0], Recv[4]
2023-07-06 19:15:02,332[INFO ]:>>> Sent HSMS Message >>> : SSID(65535), B2(0), B3(0), P(0), S(6), SB(21,706), Length[0]
2023-07-06 19:15:33,725[INFO ]:<<< Received HSMS Message <<< : SSID(65535), B2(0), B3(0), P(0), S(5), SB(21,710), Length[0]
2023-07-06 19:15:33,725[INFO ]:Queued HSMS Message : SSID(65535), B2(0), B3(0), P(0), S(6), SB(21,710), Length[0]
2023-07-06 19:15:33,725[INFO ]:Message Stat : Queue[1], Sent[0], Recv[4]
2023-07-06 19:15:33,786[INFO ]:>>> Sent HSMS Message >>> : SSID(65535), B2(0), B3(0), P(0), S(6), SB(21,710), Length[0]
2023-07-06 19:16:05,248[INFO ]:<<< Received HSMS Message <<< : SSID(65535), B2(0), B3(0), P(0), S(5), SB(21,714), Length[0]
2023-07-06 19:16:05,248[INFO ]:Queued HSMS Message : SSID(65535), B2(0), B3(0), P(0), S(6), SB(21,714), Length[0]
2023-07-06 19:16:05,248[INFO ]:Message Stat : Queue[1], Sent[0], Recv[4]
2023-07-06 19:16:05,309[INFO ]:>>> Sent HSMS Message >>> : SSID(65535), B2(0), B3(0), P(0), S(6), SB(21,714), Length[0]
2023-07-06 19:16:19,390[INFO ]:Before Clear Queue.
2023-07-06 19:16:19,399[INFO ]:Clear Queue.
2023-07-06 19:16:19,399[INFO ]:Reset System Bytes to Zero(0).
2023-07-06 19:16:19,399[INFO ]:Connection Mode : Passive
2023-07-06 19:16:19,408[INFO ]:Thread State Changed : Working
2023-07-06 19:16:19,410[INFO ]:Start RunThreadPassive()
2023-07-06 19:16:19,410[INFO ]:Listening State Changed : Open
2023-07-06 19:16:19,410[INFO ]:Socket Listener was Started.
2023-07-06 19:16:19,410[INFO ]:Before Clear Queue.
2023-07-06 19:16:19,410[INFO ]:Clear Queue.
2023-07-06 19:16:19,410[INFO ]:Waiting New Connection...
2023-07-06 19:16:20,942[INFO ]:Accept New Connection.
2023-07-06 19:16:20,942[INFO ]:Start New Connection.
2023-07-06 19:16:20,942[INFO ]:HSMS Connection State Is Changed : 0 -> 1
2023-07-06 19:16:20,944[INFO ]:Start Basic Timer Due(1000), Period(1000)
2023-07-06 19:16:20,945[INFO ]:Started Basic Timer.
2023-07-06 19:16:20,947[INFO ]:Start Recv Thread.
2023-07-06 19:16:20,948[INFO ]:Start RunThreadRecv()
2023-07-06 19:16:20,951[INFO ]:Queued HSMS Message : SSID(65535), B2(0), B3(0), P(0), S(2), SB(21,718), Length[0]
2023-07-06 19:16:20,952[INFO ]:Message Stat : Queue[1], Sent[0], Recv[1]
2023-07-06 19:16:20,952[INFO ]:HSMS Connection State Is Changed : 1 -> 3
2023-07-06 19:16:20,953[INFO ]:<<< Received HSMS Message <<< : SSID(65535), B2(0), B3(0), P(0), S(1), SB(21,718), Length[0]
2023-07-06 19:16:20,954[INFO ]:Send LinkTest Request.
2023-07-06 19:16:20,954[INFO ]:Queued HSMS Message : SSID(65535), B2(0), B3(0), P(0), S(5), SB(0), Length[0]
2023-07-06 19:16:20,954[INFO ]:Message Stat : Queue[2], Sent[0], Recv[1]
2023-07-06 19:16:20,959[INFO ]:Queued HSMS Message : SSID(0), B2(129), B3(13), P(0), S(0), SB(1), Length[10]
2023-07-06 19:16:20,959[INFO ]:Message Stat : Queue[3], Sent[0], Recv[1]
2023-07-06 19:16:21,003[INFO ]:>>> Sent HSMS Message >>> : SSID(65535), B2(0), B3(0), P(0), S(2), SB(21,718), Length[0]
2023-07-06 19:16:21,004[INFO ]:>>> Sent HSMS Message >>> : SSID(65535), B2(0), B3(0), P(0), S(5), SB(0), Length[0]
2023-07-06 19:16:21,004[INFO ]:>>> Sent HSMS Message >>> : SSID(0), B2(129), B3(13), P(0), S(0), SB(1), Length[10]
2023-07-06 19:16:21,004[DEBUG]:>>>> HSMS Data [10] >>>>
    01-02-41-03  55-50-4B-41  01-30
2023-07-06 19:16:21,017[INFO ]:<<< Received HSMS Message <<< : SSID(65535), B2(0), B3(0), P(0), S(6), SB(0), Length[0]
2023-07-06 19:16:21,093[INFO ]:<<< Received HSMS Message <<< : SSID(0), B2(1), B3(14), P(0), S(0), SB(1), Length[7]
2023-07-06 19:16:21,093[DEBUG]:<<<< HSMS Data [7] <<<<
    01-02-21-01  00-01-00
2023-07-06 19:16:52,372[INFO ]:<<< Received HSMS Message <<< : SSID(65535), B2(0), B3(0), P(0), S(5), SB(21,726), Length[0]
2023-07-06 19:16:52,372[INFO ]:Queued HSMS Message : SSID(65535), B2(0), B3(0), P(0), S(6), SB(21,726), Length[0]
2023-07-06 19:16:52,372[INFO ]:Message Stat : Queue[1], Sent[0], Recv[3]
2023-07-06 19:16:52,418[INFO ]:>>> Sent HSMS Message >>> : SSID(65535), B2(0), B3(0), P(0), S(6), SB(21,726), Length[0]
2023-07-06 19:17:23,906[INFO ]:<<< Received HSMS Message <<< : SSID(65535), B2(0), B3(0), P(0), S(5), SB(21,730), Length[0]
2023-07-06 19:17:23,906[INFO ]:Queued HSMS Message : SSID(65535), B2(0), B3(0), P(0), S(6), SB(21,730), Length[0]
2023-07-06 19:17:23,906[INFO ]:Message Stat : Queue[1], Sent[0], Recv[3]
2023-07-06 19:17:23,922[INFO ]:>>> Sent HSMS Message >>> : SSID(65535), B2(0), B3(0), P(0), S(6), SB(21,730), Length[0]
2023-07-06 19:17:55,358[INFO ]:<<< Received HSMS Message <<< : SSID(65535), B2(0), B3(0), P(0), S(5), SB(21,734), Length[0]
2023-07-06 19:17:55,358[INFO ]:Queued HSMS Message : SSID(65535), B2(0), B3(0), P(0), S(6), SB(21,734), Length[0]
2023-07-06 19:17:55,358[INFO ]:Message Stat : Queue[1], Sent[0], Recv[3]
2023-07-06 19:17:55,402[INFO ]:>>> Sent HSMS Message >>> : SSID(65535), B2(0), B3(0), P(0), S(6), SB(21,734), Length[0]
