2023-07-07 15:00:07,013[INFO ]:Wait T5 (Connect Separation Timeout) End.
2023-07-07 15:00:07,016[INFO ]:Listening State Changed : Open
2023-07-07 15:00:07,016[INFO ]:Socket Listener was Started.
2023-07-07 15:00:07,016[INFO ]:Before Clear Queue.
2023-07-07 15:00:07,016[INFO ]:Clear Queue.
2023-07-07 15:00:07,016[INFO ]:Waiting New Connection...
2023-07-07 15:01:20,305[INFO ]:Accept New Connection.
2023-07-07 15:01:20,306[INFO ]:Listening State Changed : Close
2023-07-07 15:01:20,306[INFO ]:Start New Connection.
2023-07-07 15:01:20,306[INFO ]:HSMS Connection State Is Changed : 0 -> 1
2023-07-07 15:01:20,307[INFO ]:Start Basic Timer Due(1000), Period(1000)
2023-07-07 15:01:20,307[INFO ]:Started Basic Timer.
2023-07-07 15:01:20,312[INFO ]:Start Recv Thread.
2023-07-07 15:01:20,312[INFO ]:Start RunThreadRecv()
2023-07-07 15:01:20,312[INFO ]:Queued HSMS Message : SSID(0), B2(0), B3(0), P(0), S(2), SB(0), Length[0]
2023-07-07 15:01:20,312[INFO ]:Message Stat : Queue[1], Sent[0], Recv[1]
2023-07-07 15:01:20,312[INFO ]:HSMS Connection State Is Changed : 1 -> 3
2023-07-07 15:01:20,314[INFO ]:Received Select Request.
2023-07-07 15:01:20,314[INFO ]:<<< Received HSMS Message <<< : SSID(0), B2(0), B3(0), P(0), S(1), SB(0), Length[0]
2023-07-07 15:01:20,314[INFO ]:Send LinkTest Request.
2023-07-07 15:01:20,314[INFO ]:Queued HSMS Message : SSID(65535), B2(0), B3(0), P(0), S(5), SB(9), Length[0]
2023-07-07 15:01:20,314[INFO ]:Message Stat : Queue[2], Sent[0], Recv[1]
2023-07-07 15:01:20,367[INFO ]:Sent Select Response.
2023-07-07 15:01:20,367[INFO ]:>>> Sent HSMS Message >>> : SSID(0), B2(0), B3(0), P(0), S(2), SB(0), Length[0]
2023-07-07 15:01:20,367[INFO ]:>>> Sent HSMS Message >>> : SSID(65535), B2(0), B3(0), P(0), S(5), SB(9), Length[0]
2023-07-07 15:01:20,428[INFO ]:Queued HSMS Message : SSID(0), B2(129), B3(13), P(0), S(0), SB(10), Length[23]
2023-07-07 15:01:20,428[INFO ]:Message Stat : Queue[1], Sent[1], Recv[0]
2023-07-07 15:01:20,490[INFO ]:>>> Sent HSMS Message >>> : SSID(0), B2(129), B3(13), P(0), S(0), SB(10), Length[23]
2023-07-07 15:01:20,490[DEBUG]:>>>> HSMS Data [23] >>>>
    01-02-41-03  55-50-4B-41  0E-31-2E-30  2E-38-35-38
    38-2E-32-36  34-36-38
2023-07-07 15:01:20,521[INFO ]:Received LinkTest Response.
2023-07-07 15:01:20,521[INFO ]:<<< Received HSMS Message <<< : SSID(65535), B2(0), B3(0), P(0), S(6), SB(9), Length[0]
2023-07-07 15:01:20,658[INFO ]:<<< Received HSMS Message <<< : SSID(0), B2(1), B3(14), P(0), S(0), SB(10), Length[11]
2023-07-07 15:01:20,658[DEBUG]:<<<< HSMS Data [11] <<<<
    01-02-21-01  00-01-02-41  00-41-00
2023-07-07 15:01:24,857[INFO ]:<<< Received HSMS Message <<< : SSID(0), B2(130), B3(31), P(0), S(0), SB(2), Length[18]
2023-07-07 15:01:24,857[DEBUG]:<<<< HSMS Data [18] <<<<
    41-10-32-30  32-33-30-35  31-37-31-31  32-33-35-31
    30-30
2023-07-07 15:01:24,859[INFO ]:Queued HSMS Message : SSID(0), B2(2), B3(32), P(0), S(0), SB(2), Length[3]
2023-07-07 15:01:24,859[INFO ]:Message Stat : Queue[1], Sent[0], Recv[3]
2023-07-07 15:01:24,903[INFO ]:>>> Sent HSMS Message >>> : SSID(0), B2(2), B3(32), P(0), S(0), SB(2), Length[3]
2023-07-07 15:01:24,903[DEBUG]:>>>> HSMS Data [3] >>>>
    21-01-00
2023-07-07 15:01:25,886[INFO ]:<<< Received HSMS Message <<< : SSID(0), B2(130), B3(37), P(0), S(0), SB(4), Length[7]
2023-07-07 15:01:25,886[DEBUG]:<<<< HSMS Data [7] <<<<
    01-02-25-01  00-01-00
2023-07-07 15:01:25,887[INFO ]:Queued HSMS Message : SSID(0), B2(2), B3(38), P(0), S(0), SB(4), Length[3]
2023-07-07 15:01:25,887[INFO ]:Message Stat : Queue[1], Sent[0], Recv[3]
2023-07-07 15:01:25,947[INFO ]:>>> Sent HSMS Message >>> : SSID(0), B2(2), B3(38), P(0), S(0), SB(4), Length[3]
2023-07-07 15:01:25,947[DEBUG]:>>>> HSMS Data [3] >>>>
    21-01-00
2023-07-07 15:01:26,864[INFO ]:<<< Received HSMS Message <<< : SSID(0), B2(130), B3(35), P(0), S(0), SB(6), Length[10]
2023-07-07 15:01:26,864[DEBUG]:<<<< HSMS Data [10] <<<<
    01-02-B1-04  00-00-00-00  01-00
2023-07-07 15:01:26,865[INFO ]:Queued HSMS Message : SSID(0), B2(2), B3(36), P(0), S(0), SB(6), Length[3]
2023-07-07 15:01:26,865[INFO ]:Message Stat : Queue[1], Sent[0], Recv[3]
2023-07-07 15:01:26,924[INFO ]:>>> Sent HSMS Message >>> : SSID(0), B2(2), B3(36), P(0), S(0), SB(6), Length[3]
2023-07-07 15:01:26,924[DEBUG]:>>>> HSMS Data [3] >>>>
    21-01-00
2023-07-07 15:01:27,846[INFO ]:<<< Received HSMS Message <<< : SSID(0), B2(130), B3(33), P(0), S(0), SB(8), Length[10]
2023-07-07 15:01:27,846[DEBUG]:<<<< HSMS Data [10] <<<<
    01-02-B1-04  00-00-00-00  01-00
2023-07-07 15:01:27,847[INFO ]:Queued HSMS Message : SSID(0), B2(2), B3(34), P(0), S(0), SB(8), Length[3]
2023-07-07 15:01:27,847[INFO ]:Message Stat : Queue[1], Sent[0], Recv[3]
2023-07-07 15:01:27,907[INFO ]:>>> Sent HSMS Message >>> : SSID(0), B2(2), B3(34), P(0), S(0), SB(8), Length[3]
2023-07-07 15:01:27,907[DEBUG]:>>>> HSMS Data [3] >>>>
    21-01-00
2023-07-07 15:01:28,831[INFO ]:<<< Received HSMS Message <<< : SSID(0), B2(130), B3(33), P(0), S(0), SB(10), Length[1,086]
2023-07-07 15:01:28,831[DEBUG]:<<<< HSMS Data [1086] <<<<
    01-02-B1-04  00-00-00-00  01-20-01-02  B1-04-00-00
    00-01-01-02  B1-04-00-00  00-04-B1-04  00-00-00-05
    01-02-B1-04  00-00-31-3E  01-04-B1-04  00-00-03-E9
    B1-04-00-00  07-D1-B1-04  00-00-0C-1D  B1-04-00-00
    0C-1F-01-02  B1-04-00-00  00-03-01-02  B1-04-00-00
    00-04-B1-04  00-00-00-05  01-02-B1-04  00-00-00-08
    01-01-B1-04  00-00-00-0E  01-02-B1-04  00-00-03-E9
    01-05-B1-04  00-00-03-E9  B1-04-00-00  03-ED-B1-04
    00-00-03-EE  B1-04-00-00  03-EB-B1-04  00-00-03-EA
    01-02-B1-04  00-00-03-F8  01-03-B1-04  00-00-03-E9
    B1-04-00-00  03-EA-B1-04  00-00-00-0E  01-02-B1-04
    00-00-03-FA  01-04-B1-04  00-00-03-E9  B1-04-00-00
    03-EA-B1-04  00-00-03-ED  B1-04-00-00  00-0E-01-02
    B1-04-00-00  03-FB-01-03  B1-04-00-00  03-E9-B1-04
    00-00-03-ED  B1-04-00-00  07-D1-01-02  B1-04-00-00
    04-42-01-03  B1-04-00-00  03-E9-B1-04  00-00-03-ED
    B1-04-00-00  07-D1-01-02  B1-04-00-00  07-D1-01-04
    B1-04-00-00  03-E9-B1-04  00-00-03-ED  B1-04-00-00
    07-D1-B1-04  00-00-00-0E  01-02-B1-04  00-00-08-36
    01-05-B1-04  00-00-03-E9  B1-04-00-00  03-ED-B1-04
    00-00-07-D1  B1-04-00-00  07-D4-B1-04  00-00-00-0E
    01-02-B1-04  00-00-09-6E  01-08-B1-04  00-00-03-E9
    B1-04-00-00  07-D1-B1-04  00-00-0B-B9  B1-04-00-00
    0C-1F-B1-04  00-00-0C-1D  B1-04-00-00  0B-BB-B1-04
    00-00-07-D5  B1-04-00-00  0C-28-01-02  B1-04-00-00
    0A-29-01-05  B1-04-00-00  0C-26-B1-04  00-00-03-E9
    B1-04-00-00  07-D1-B1-04  00-00-0C-21  B1-04-00-00
    00-0E-01-02  B1-04-00-00  0A-2A-01-05  B1-04-00-00
    0C-26-B1-04  00-00-03-E9  B1-04-00-00  07-D1-B1-04
    00-00-0C-21  B1-04-00-00  00-0E-01-02  B1-04-00-00
    0A-2D-01-04  B1-04-00-00  0C-1F-B1-04  00-00-03-E9
    B1-04-00-00  07-D1-B1-04  00-00-0C-1D  01-02-B1-04
    00-00-0A-2E  01-04-B1-04  00-00-0C-1F  B1-04-00-00
    03-E9-B1-04  00-00-07-D1  B1-04-00-00  0C-1D-01-02
    B1-04-00-00  0A-8C-01-01  B1-04-00-00  0C-25-01-02
    B1-04-00-00  27-18-01-01  B1-04-00-00  00-0E-01-02
    B1-04-00-00  27-19-01-05  B1-04-00-00  00-04-B1-04
    00-00-00-05  B1-04-00-00  4E-26-B1-04  00-00-4E-27
    B1-04-00-00  00-0E-01-02  B1-04-00-00  2A-F9-01-05
    B1-04-00-00  03-E9-B1-04  00-00-03-EA  B1-04-00-00
    03-EB-B1-04  00-00-03-ED  B1-04-00-00  03-EE-01-02
    B1-04-00-00  2B-08-01-03  B1-04-00-00  00-0E-B1-04
    00-00-03-E9  B1-04-00-00  03-ED-01-02  B1-04-00-00
    2B-0A-01-04  B1-04-00-00  00-0E-B1-04  00-00-03-E9
    B1-04-00-00  03-EB-B1-04  00-00-03-ED  01-02-B1-04
    00-00-2B-0B  01-03-B1-04  00-00-03-E9  B1-04-00-00
    03-ED-B1-04  00-00-07-D1  01-02-B1-04  00-00-2B-52
    01-03-B1-04  00-00-03-E9  B1-04-00-00  03-ED-B1-04
    00-00-07-D1  01-02-B1-04  00-00-2E-E1  01-04-B1-04
    00-00-00-0E  B1-04-00-00  03-E9-B1-04  00-00-03-ED
    B1-04-00-00  07-D1-01-02  B1-04-00-00  2F-46-01-05
    B1-04-00-00  00-0E-B1-04  00-00-03-E9  B1-04-00-00
    03-ED-B1-04  00-00-07-D1  B1-04-00-00  07-D4-01-02
    B1-04-00-00  30-7D-01-08  B1-04-00-00  00-0E-B1-04
    00-00-03-E9  B1-04-00-00  07-D1-B1-04  00-00-0B-B9
    B1-04-00-00  0B-BB-B1-04  00-00-0C-1D  B1-04-00-00
    0C-1F-B1-04  00-00-0C-28  01-02-B1-04  00-00-30-7E
    01-06-B1-04  00-00-00-0E  B1-04-00-00  0B-B9-B1-04
    00-00-0B-BB  B1-04-00-00  0C-1D-B1-04  00-00-0C-1F
    B1-04-00-00  0C-28-01-02  B1-04-00-00  31-39-01-05
    B1-04-00-00  00-0E-B1-04  00-00-03-E9  B1-04-00-00
    07-D1-B1-04  00-00-0C-21  B1-04-00-00  0C-26-01-02
    B1-04-00-00  31-3A-01-05  B1-04-00-00  00-0E-B1-04
    00-00-03-E9  B1-04-00-00  07-D1-B1-04  00-00-0C-21
    B1-04-00-00  0C-26-01-02  B1-04-00-00  31-3D-01-04
    B1-04-00-00  03-E9-B1-04  00-00-07-D1  B1-04-00-00
    0C-1D-B1-04  00-00-0C-1F  01-02-B1-04  00-00-00-02
    01-02-B1-04  00-00-00-04  B1-04-00-00  00-05
2023-07-07 15:01:28,832[INFO ]:Queued HSMS Message : SSID(0), B2(2), B3(34), P(0), S(0), SB(10), Length[3]
2023-07-07 15:01:28,832[INFO ]:Message Stat : Queue[1], Sent[0], Recv[3]
2023-07-07 15:01:28,892[INFO ]:>>> Sent HSMS Message >>> : SSID(0), B2(2), B3(34), P(0), S(0), SB(10), Length[3]
2023-07-07 15:01:28,892[DEBUG]:>>>> HSMS Data [3] >>>>
    21-01-04
2023-07-07 15:01:29,883[INFO ]:<<< Received HSMS Message <<< : SSID(0), B2(130), B3(35), P(0), S(0), SB(12), Length[506]
2023-07-07 15:01:29,883[DEBUG]:<<<< HSMS Data [506] <<<<
    01-02-B1-04  00-00-00-00  01-1F-01-02  B1-04-00-00
    00-01-01-01  B1-04-00-00  00-01-01-02  B1-04-00-00
    00-02-01-01  B1-04-00-00  00-02-01-02  B1-04-00-00
    00-03-01-01  B1-04-00-00  00-03-01-02  B1-04-00-00
    03-F8-01-01  B1-04-00-00  03-F8-01-02  B1-04-00-00
    03-FA-01-01  B1-04-00-00  03-FA-01-02  B1-04-00-00
    03-FB-01-01  B1-04-00-00  03-FB-01-02  B1-04-00-00
    07-D1-01-01  B1-04-00-00  07-D1-01-02  B1-04-00-00
    08-36-01-01  B1-04-00-00  08-36-01-02  B1-04-00-00
    0A-29-01-01  B1-04-00-00  0A-29-01-02  B1-04-00-00
    0A-2A-01-01  B1-04-00-00  0A-2A-01-02  B1-04-00-00
    0A-2D-01-01  B1-04-00-00  0A-2D-01-02  B1-04-00-00
    0A-2E-01-01  B1-04-00-00  0A-2E-01-02  B1-04-00-00
    09-6E-01-01  B1-04-00-00  09-6E-01-02  B1-04-00-00
    04-42-01-01  B1-04-00-00  04-42-01-02  B1-04-00-00
    00-08-01-01  B1-04-00-00  00-08-01-02  B1-04-00-00
    27-19-01-01  B1-04-00-00  27-19-01-02  B1-04-00-00
    0A-8C-01-01  B1-04-00-00  0A-8C-01-02  B1-04-00-00
    30-7D-01-01  B1-04-00-00  30-7D-01-02  B1-04-00-00
    30-7E-01-01  B1-04-00-00  30-7E-01-02  B1-04-00-00
    2A-F9-01-01  B1-04-00-00  2A-F9-01-02  B1-04-00-00
    2B-08-01-01  B1-04-00-00  2B-08-01-02  B1-04-00-00
    2B-0A-01-01  B1-04-00-00  2B-0A-01-02  B1-04-00-00
    2B-0B-01-01  B1-04-00-00  2B-0B-01-02  B1-04-00-00
    2E-E1-01-01  B1-04-00-00  2E-E1-01-02  B1-04-00-00
    2F-46-01-01  B1-04-00-00  2F-46-01-02  B1-04-00-00
    31-39-01-01  B1-04-00-00  31-39-01-02  B1-04-00-00
    31-3A-01-01  B1-04-00-00  31-3A-01-02  B1-04-00-00
    31-3D-01-01  B1-04-00-00  31-3D-01-02  B1-04-00-00
    31-3E-01-01  B1-04-00-00  31-3E-01-02  B1-04-00-00
    2B-52-01-01  B1-04-00-00  2B-52-01-02  B1-04-00-00
    27-18-01-01  B1-04-00-00  27-18
2023-07-07 15:01:29,885[INFO ]:Queued HSMS Message : SSID(0), B2(2), B3(36), P(0), S(0), SB(12), Length[3]
2023-07-07 15:01:29,885[INFO ]:Message Stat : Queue[1], Sent[0], Recv[3]
2023-07-07 15:01:29,929[INFO ]:>>> Sent HSMS Message >>> : SSID(0), B2(2), B3(36), P(0), S(0), SB(12), Length[3]
2023-07-07 15:01:29,929[DEBUG]:>>>> HSMS Data [3] >>>>
    21-01-04
2023-07-07 15:01:30,801[INFO ]:<<< Received HSMS Message <<< : SSID(0), B2(130), B3(37), P(0), S(0), SB(14), Length[1,802]
2023-07-07 15:01:30,801[DEBUG]:<<<< HSMS Data [1802] <<<<
    01-02-25-01  01-02-01-2B  B1-04-00-00  00-01-B1-04
    00-00-00-02  B1-04-00-00  00-03-B1-04  00-00-03-E9
    B1-04-00-00  03-F8-B1-04  00-00-03-FA  B1-04-00-00
    03-FB-B1-04  00-00-07-D1  B1-04-00-00  08-36-B1-04
    00-00-0A-29  B1-04-00-00  0A-2A-B1-04  00-00-0A-2D
    B1-04-00-00  0A-2E-B1-04  00-00-09-6E  B1-04-00-00
    04-42-B1-04  00-00-00-08  B1-04-00-00  00-04-B1-04
    00-00-00-05  B1-04-00-00  0A-8C-B1-04  00-00-0A-2B
    B1-04-00-00  0A-2C-B1-04  00-00-09-C5  B1-04-00-00
    09-C6-B1-04  00-00-09-C7  B1-04-00-00  09-C8-B1-04
    00-00-09-C9  B1-04-00-00  09-CA-B1-04  00-00-09-CB
    B1-04-00-00  09-CC-B1-04  00-00-09-CD  B1-04-00-00
    09-CE-B1-04  00-00-09-CF  B1-04-00-00  09-D0-B1-04
    00-00-09-D1  B1-04-00-00  09-D2-B1-04  00-00-09-D3
    B1-04-00-00  09-D4-B1-04  00-00-09-D5  B1-04-00-00
    09-D6-B1-04  00-00-09-61  B1-04-00-00  09-62-B1-04
    00-00-09-63  B1-04-00-00  09-64-B1-04  00-00-09-65
    B1-04-00-00  09-66-B1-04  00-00-09-67  B1-04-00-00
    09-68-B1-04  00-00-09-69  B1-04-00-00  09-6A-B1-04
    00-00-09-6B  B1-04-00-00  09-6C-B1-04  00-00-09-6D
    B1-04-00-00  08-FD-B1-04  00-00-08-FE  B1-04-00-00
    08-FF-B1-04  00-00-09-00  B1-04-00-00  08-99-B1-04
    00-00-08-9A  B1-04-00-00  08-9B-B1-04  00-00-08-35
    B1-04-00-00  08-37-B1-04  00-00-08-38  B1-04-00-00
    07-D2-B1-04  00-00-07-D3  B1-04-00-00  07-D4-B1-04
    00-00-07-D5  B1-04-00-00  07-D6-B1-04  00-00-07-D7
    B1-04-00-00  07-D8-B1-04  00-00-07-D9  B1-04-00-00
    04-B1-B1-04  00-00-04-B2  B1-04-00-00  04-B3-B1-04
    00-00-04-B4  B1-04-00-00  04-B5-B1-04  00-00-04-B6
    B1-04-00-00  04-4D-B1-04  00-00-04-4E  B1-04-00-00
    04-4F-B1-04  00-00-04-50  B1-04-00-00  04-51-B1-04
    00-00-04-52  B1-04-00-00  03-EA-B1-04  00-00-03-EB
    B1-04-00-00  03-EC-B1-04  00-00-03-ED  B1-04-00-00
    03-EE-B1-04  00-00-03-EF  B1-04-00-00  03-F0-B1-04
    00-00-03-F2  B1-04-00-00  03-F3-B1-04  00-00-03-F5
    B1-04-00-00  03-F6-B1-04  00-00-03-F7  B1-04-00-00
    03-F9-B1-04  00-00-03-FC  B1-04-00-00  03-FD-B1-04
    00-00-03-FE  B1-04-00-00  04-00-B1-04  00-00-04-01
    B1-04-00-00  04-03-B1-04  00-00-04-04  B1-04-00-00
    04-05-B1-04  00-00-04-06  B1-04-00-00  04-07-B1-04
    00-00-04-08  B1-04-00-00  04-09-B1-04  00-00-04-0B
    B1-04-00-00  04-0C-B1-04  00-00-04-0E  B1-04-00-00
    04-0F-B1-04  00-00-04-11  B1-04-00-00  04-12-B1-04
    00-00-04-13  B1-04-00-00  04-14-B1-04  00-00-04-15
    B1-04-00-00  04-16-B1-04  00-00-04-17  B1-04-00-00
    04-19-B1-04  00-00-04-1A  B1-04-00-00  04-1C-B1-04
    00-00-04-1D  B1-04-00-00  04-1F-B1-04  00-00-04-20
    B1-04-00-00  04-21-B1-04  00-00-04-22  B1-04-00-00
    04-24-B1-04  00-00-04-25  B1-04-00-00  04-27-B1-04
    00-00-04-28  B1-04-00-00  04-2A-B1-04  00-00-04-2B
    B1-04-00-00  04-2D-B1-04  00-00-04-2E  B1-04-00-00
    04-2F-B1-04  00-00-04-30  B1-04-00-00  04-31-B1-04
    00-00-04-32  B1-04-00-00  04-33-B1-04  00-00-04-35
    B1-04-00-00  04-36-B1-04  00-00-04-38  B1-04-00-00
    04-39-B1-04  00-00-04-3A  B1-04-00-00  04-3B-B1-04
    00-00-04-3C  B1-04-00-00  04-3D-B1-04  00-00-04-3E
    B1-04-00-00  04-3F-B1-04  00-00-04-40  B1-04-00-00
    04-41-B1-04  00-00-27-19  B1-04-00-00  30-7D-B1-04
    00-00-30-7E  B1-04-00-00  2A-F9-B1-04  00-00-2B-08
    B1-04-00-00  2B-0A-B1-04  00-00-2B-0B  B1-04-00-00
    2E-E1-B1-04  00-00-2F-46  B1-04-00-00  31-39-B1-04
    00-00-31-3A  B1-04-00-00  31-3D-B1-04  00-00-31-3E
    B1-04-00-00  2B-52-B1-04  00-00-27-18  B1-04-00-00
    2B-22-B1-04  00-00-2B-23  B1-04-00-00  2B-24-B1-04
    00-00-2B-25  B1-04-00-00  2B-26-B1-04  00-00-2B-27
    B1-04-00-00  2B-29-B1-04  00-00-2B-2A  B1-04-00-00
    2B-2C-B1-04  00-00-2B-2D  B1-04-00-00  2B-2F-B1-04
    00-00-2B-30  B1-04-00-00  2B-31-B1-04  00-00-2B-32
    B1-04-00-00  2B-34-B1-04  00-00-2B-35  B1-04-00-00
    2B-37-B1-04  00-00-2B-38  B1-04-00-00  2B-3A-B1-04
    00-00-2B-3B  B1-04-00-00  2B-3D-B1-04  00-00-2B-3E
    B1-04-00-00  2B-3F-B1-04  00-00-2B-40  B1-04-00-00
    2B-41-B1-04  00-00-2B-42  B1-04-00-00  2B-43-B1-04
    00-00-2B-45  B1-04-00-00  2B-46-B1-04  00-00-2B-48
    B1-04-00-00  2B-49-B1-04  00-00-2B-4A  B1-04-00-00
    2B-4B-B1-04  00-00-2B-4C  B1-04-00-00  2B-4D-B1-04
    00-00-2B-4E  B1-04-00-00  2B-4F-B1-04  00-00-2B-50
    B1-04-00-00  2B-51-B1-04  00-00-27-14  B1-04-00-00
    27-15-B1-04  00-00-31-3C  B1-04-00-00  31-3B-B1-04
    00-00-30-D5  B1-04-00-00  30-D6-B1-04  00-00-30-D7
    B1-04-00-00  30-D8-B1-04  00-00-30-D9  B1-04-00-00
    30-DA-B1-04  00-00-30-DB  B1-04-00-00  30-DC-B1-04
    00-00-30-DD  B1-04-00-00  30-DE-B1-04  00-00-30-DF
    B1-04-00-00  30-E0-B1-04  00-00-30-E1  B1-04-00-00
    30-E2-B1-04  00-00-30-E3  B1-04-00-00  30-E4-B1-04
    00-00-30-E5  B1-04-00-00  30-E6-B1-04  00-00-30-71
    B1-04-00-00  30-72-B1-04  00-00-30-73  B1-04-00-00
    30-74-B1-04  00-00-30-75  B1-04-00-00  30-76-B1-04
    00-00-30-77  B1-04-00-00  30-78-B1-04  00-00-30-79
    B1-04-00-00  30-7A-B1-04  00-00-30-7B  B1-04-00-00
    30-7C-B1-04  00-00-30-0F  B1-04-00-00  30-0D-B1-04
    00-00-30-0E  B1-04-00-00  30-10-B1-04  00-00-2F-A9
    B1-04-00-00  2F-AA-B1-04  00-00-2F-AB  B1-04-00-00
    2F-45-B1-04  00-00-2F-47  B1-04-00-00  2F-48-B1-04
    00-00-2E-E2  B1-04-00-00  2E-E3-B1-04  00-00-2E-E4
    B1-04-00-00  2E-E5-B1-04  00-00-2E-E6  B1-04-00-00
    2E-E7-B1-04  00-00-2E-E8  B1-04-00-00  2E-E9-B1-04
    00-00-2B-C1  B1-04-00-00  2B-C2-B1-04  00-00-2B-C3
    B1-04-00-00  2B-C4-B1-04  00-00-2B-C5  B1-04-00-00
    2B-C6-B1-04  00-00-2B-5D  B1-04-00-00  2B-5E-B1-04
    00-00-2B-5F  B1-04-00-00  2B-60-B1-04  00-00-2B-61
    B1-04-00-00  2B-62-B1-04  00-00-2A-FA  B1-04-00-00
    2A-FB-B1-04  00-00-2A-FC  B1-04-00-00  2A-FD-B1-04
    00-00-2A-FE  B1-04-00-00  2A-FF-B1-04  00-00-2B-00
    B1-04-00-00  2B-02-B1-04  00-00-2B-03  B1-04-00-00
    2B-05-B1-04  00-00-2B-06  B1-04-00-00  2B-07-B1-04
    00-00-2B-09  B1-04-00-00  2B-0C-B1-04  00-00-2B-0D
    B1-04-00-00  2B-0E-B1-04  00-00-2B-10  B1-04-00-00
    2B-11-B1-04  00-00-2B-13  B1-04-00-00  2B-14-B1-04
    00-00-2B-15  B1-04-00-00  2B-16-B1-04  00-00-2B-17
    B1-04-00-00  2B-18-B1-04  00-00-2B-19  B1-04-00-00
    2B-1B-B1-04  00-00-2B-1C  B1-04-00-00  2B-1E-B1-04
    00-00-2B-1F  B1-04-00-00  2B-21
2023-07-07 15:01:30,802[INFO ]:Queued HSMS Message : SSID(0), B2(2), B3(38), P(0), S(0), SB(14), Length[3]
2023-07-07 15:01:30,802[INFO ]:Message Stat : Queue[1], Sent[0], Recv[3]
2023-07-07 15:01:30,847[INFO ]:>>> Sent HSMS Message >>> : SSID(0), B2(2), B3(38), P(0), S(0), SB(14), Length[3]
2023-07-07 15:01:30,847[DEBUG]:>>>> HSMS Data [3] >>>>
    21-01-01
2023-07-07 15:01:31,861[INFO ]:<<< Received HSMS Message <<< : SSID(0), B2(129), B3(3), P(0), S(0), SB(16), Length[74]
2023-07-07 15:01:31,861[DEBUG]:<<<< HSMS Data [74] <<<<
    01-0C-B1-04  00-00-03-EF  B1-04-00-00  03-F2-B1-04
    00-00-03-F0  B1-04-00-00  03-F1-B1-04  00-00-03-F3
    B1-04-00-00  07-DA-B1-04  00-00-03-F4  B1-04-00-00
    03-F7-B1-04  00-00-03-F5  B1-04-00-00  03-F6-B1-04
    00-00-03-F8  B1-04-00-00  07-DB
2023-07-07 15:01:31,863[INFO ]:Queued HSMS Message : SSID(0), B2(1), B3(4), P(0), S(0), SB(16), Length[26]
2023-07-07 15:01:31,863[INFO ]:Message Stat : Queue[1], Sent[0], Recv[3]
2023-07-07 15:01:31,892[INFO ]:>>> Sent HSMS Message >>> : SSID(0), B2(1), B3(4), P(0), S(0), SB(16), Length[26]
2023-07-07 15:01:31,892[DEBUG]:>>>> HSMS Data [26] >>>>
    01-0C-01-00  01-00-01-00  01-00-01-00  01-00-01-00
    01-00-01-00  01-00-01-00  01-00
2023-07-07 15:02:03,759[INFO ]:Send LinkTest Request.
2023-07-07 15:02:03,759[INFO ]:Queued HSMS Message : SSID(65535), B2(0), B3(0), P(0), S(5), SB(11), Length[0]
2023-07-07 15:02:03,759[INFO ]:Message Stat : Queue[1], Sent[0], Recv[2]
2023-07-07 15:02:03,790[INFO ]:>>> Sent HSMS Message >>> : SSID(65535), B2(0), B3(0), P(0), S(5), SB(11), Length[0]
2023-07-07 15:02:03,944[INFO ]:Received LinkTest Response.
2023-07-07 15:02:03,944[INFO ]:<<< Received HSMS Message <<< : SSID(65535), B2(0), B3(0), P(0), S(6), SB(11), Length[0]
2023-07-07 15:04:05,897[INFO ]:Send LinkTest Request.
2023-07-07 15:04:05,897[INFO ]:Queued HSMS Message : SSID(65535), B2(0), B3(0), P(0), S(5), SB(12), Length[0]
2023-07-07 15:04:05,897[INFO ]:Message Stat : Queue[1], Sent[0], Recv[3]
2023-07-07 15:04:05,959[INFO ]:>>> Sent HSMS Message >>> : SSID(65535), B2(0), B3(0), P(0), S(5), SB(12), Length[0]
2023-07-07 15:04:06,066[INFO ]:Received LinkTest Response.
2023-07-07 15:04:06,066[INFO ]:<<< Received HSMS Message <<< : SSID(65535), B2(0), B3(0), P(0), S(6), SB(12), Length[0]
2023-07-07 15:06:08,127[INFO ]:Send LinkTest Request.
2023-07-07 15:06:08,127[INFO ]:Queued HSMS Message : SSID(65535), B2(0), B3(0), P(0), S(5), SB(13), Length[0]
2023-07-07 15:06:08,127[INFO ]:Message Stat : Queue[1], Sent[0], Recv[4]
2023-07-07 15:06:08,158[INFO ]:>>> Sent HSMS Message >>> : SSID(65535), B2(0), B3(0), P(0), S(5), SB(13), Length[0]
2023-07-07 15:06:08,266[INFO ]:Received LinkTest Response.
2023-07-07 15:06:08,266[INFO ]:<<< Received HSMS Message <<< : SSID(65535), B2(0), B3(0), P(0), S(6), SB(13), Length[0]
2023-07-07 15:08:10,413[INFO ]:Send LinkTest Request.
2023-07-07 15:08:10,413[INFO ]:Queued HSMS Message : SSID(65535), B2(0), B3(0), P(0), S(5), SB(14), Length[0]
2023-07-07 15:08:10,413[INFO ]:Message Stat : Queue[1], Sent[0], Recv[5]
2023-07-07 15:08:10,458[INFO ]:>>> Sent HSMS Message >>> : SSID(65535), B2(0), B3(0), P(0), S(5), SB(14), Length[0]
2023-07-07 15:08:10,597[INFO ]:Received LinkTest Response.
2023-07-07 15:08:10,597[INFO ]:<<< Received HSMS Message <<< : SSID(65535), B2(0), B3(0), P(0), S(6), SB(14), Length[0]
2023-07-07 15:10:12,583[INFO ]:Send LinkTest Request.
2023-07-07 15:10:12,583[INFO ]:Queued HSMS Message : SSID(65535), B2(0), B3(0), P(0), S(5), SB(15), Length[0]
2023-07-07 15:10:12,583[INFO ]:Message Stat : Queue[1], Sent[0], Recv[6]
2023-07-07 15:10:12,645[INFO ]:>>> Sent HSMS Message >>> : SSID(65535), B2(0), B3(0), P(0), S(5), SB(15), Length[0]
2023-07-07 15:10:12,751[INFO ]:Received LinkTest Response.
2023-07-07 15:10:12,751[INFO ]:<<< Received HSMS Message <<< : SSID(65535), B2(0), B3(0), P(0), S(6), SB(15), Length[0]
2023-07-07 15:10:42,704[INFO ]:<<< Received HSMS Message <<< : SSID(0), B2(130), B3(31), P(0), S(0), SB(18), Length[18]
2023-07-07 15:10:42,704[DEBUG]:<<<< HSMS Data [18] <<<<
    41-10-32-30  32-33-30-35  31-37-31-31  32-33-35-31
    30-30
2023-07-07 15:10:42,706[INFO ]:Queued HSMS Message : SSID(0), B2(2), B3(32), P(0), S(0), SB(18), Length[3]
2023-07-07 15:10:42,706[INFO ]:Message Stat : Queue[1], Sent[0], Recv[8]
2023-07-07 15:10:42,734[INFO ]:>>> Sent HSMS Message >>> : SSID(0), B2(2), B3(32), P(0), S(0), SB(18), Length[3]
2023-07-07 15:10:42,734[DEBUG]:>>>> HSMS Data [3] >>>>
    21-01-00
2023-07-07 15:10:43,684[INFO ]:<<< Received HSMS Message <<< : SSID(0), B2(130), B3(37), P(0), S(0), SB(20), Length[7]
2023-07-07 15:10:43,684[DEBUG]:<<<< HSMS Data [7] <<<<
    01-02-25-01  00-01-00
2023-07-07 15:10:43,684[INFO ]:Queued HSMS Message : SSID(0), B2(2), B3(38), P(0), S(0), SB(20), Length[3]
2023-07-07 15:10:43,685[INFO ]:Message Stat : Queue[1], Sent[0], Recv[8]
2023-07-07 15:10:43,714[INFO ]:>>> Sent HSMS Message >>> : SSID(0), B2(2), B3(38), P(0), S(0), SB(20), Length[3]
2023-07-07 15:10:43,714[DEBUG]:>>>> HSMS Data [3] >>>>
    21-01-00
2023-07-07 15:10:44,684[INFO ]:<<< Received HSMS Message <<< : SSID(0), B2(130), B3(35), P(0), S(0), SB(22), Length[10]
2023-07-07 15:10:44,684[DEBUG]:<<<< HSMS Data [10] <<<<
    01-02-B1-04  00-00-00-00  01-00
2023-07-07 15:10:44,684[INFO ]:Queued HSMS Message : SSID(0), B2(2), B3(36), P(0), S(0), SB(22), Length[3]
2023-07-07 15:10:44,684[INFO ]:Message Stat : Queue[1], Sent[0], Recv[8]
2023-07-07 15:10:44,699[INFO ]:>>> Sent HSMS Message >>> : SSID(0), B2(2), B3(36), P(0), S(0), SB(22), Length[3]
2023-07-07 15:10:44,699[DEBUG]:>>>> HSMS Data [3] >>>>
    21-01-00
2023-07-07 15:10:45,744[INFO ]:<<< Received HSMS Message <<< : SSID(0), B2(130), B3(33), P(0), S(0), SB(24), Length[10]
2023-07-07 15:10:45,744[DEBUG]:<<<< HSMS Data [10] <<<<
    01-02-B1-04  00-00-00-00  01-00
2023-07-07 15:10:45,744[INFO ]:Queued HSMS Message : SSID(0), B2(2), B3(34), P(0), S(0), SB(24), Length[3]
2023-07-07 15:10:45,744[INFO ]:Message Stat : Queue[1], Sent[0], Recv[8]
2023-07-07 15:10:45,805[INFO ]:>>> Sent HSMS Message >>> : SSID(0), B2(2), B3(34), P(0), S(0), SB(24), Length[3]
2023-07-07 15:10:45,805[DEBUG]:>>>> HSMS Data [3] >>>>
    21-01-00
2023-07-07 15:10:46,729[INFO ]:<<< Received HSMS Message <<< : SSID(0), B2(130), B3(33), P(0), S(0), SB(26), Length[458]
2023-07-07 15:10:46,729[DEBUG]:<<<< HSMS Data [458] <<<<
    01-02-B1-04  00-00-00-00  01-10-01-02  B1-04-00-00
    03-E9-01-02  B1-04-00-00  00-C9-B1-04  00-00-00-CA
    01-02-B1-04  00-00-03-EA  01-02-B1-04  00-00-00-C9
    B1-04-00-00  00-CA-01-02  B1-04-00-00  03-EB-01-02
    B1-04-00-00  00-C9-B1-04  00-00-00-CA  01-02-B1-04
    00-00-04-1B  01-02-B1-04  00-00-00-CB  B1-04-00-00
    00-CC-01-02  B1-04-00-00  04-25-01-02  B1-04-00-00
    00-CD-B1-04  00-00-00-CE  01-02-B1-04  00-00-04-4D
    01-07-B1-04  00-00-01-36  B1-04-00-00  01-38-B1-04
    00-00-01-39  B1-04-00-00  01-43-B1-04  00-00-01-3A
    B1-04-00-00  01-37-B1-04  00-00-00-CD  01-02-B1-04
    00-00-04-4E  01-05-B1-04  00-00-01-36  B1-04-00-00
    01-43-B1-04  00-00-01-3A  B1-04-00-00  01-37-B1-04
    00-00-00-CD  01-02-B1-04  00-00-05-15  01-03-B1-04
    00-00-01-38  B1-04-00-00  01-39-B1-04  00-00-00-CD
    01-02-B1-04  00-00-05-79  01-03-B1-04  00-00-01-38
    B1-04-00-00  01-39-B1-04  00-00-00-CD  01-02-B1-04
    00-00-05-DE  01-02-B1-04  00-00-01-38  B1-04-00-00
    00-CD-01-02  B1-04-00-00  05-E0-01-02  B1-04-00-00
    01-38-B1-04  00-00-00-CD  01-02-B1-04  00-00-05-E7
    01-04-B1-04  00-00-01-38  B1-04-00-00  01-39-B1-04
    00-00-01-43  B1-04-00-00  00-CD-01-02  B1-04-00-00
    06-4B-01-04  B1-04-00-00  01-37-B1-04  00-00-01-3A
    B1-04-00-00  01-39-B1-04  00-00-01-42  01-02-B1-04
    00-00-06-4C  01-04-B1-04  00-00-01-37  B1-04-00-00
    01-3A-B1-04  00-00-01-39  B1-04-00-00  01-42-01-02
    B1-04-00-00  06-41-01-02  B1-04-00-00  01-39-B1-04
    00-00-01-37  01-02-B1-04  00-00-06-42  01-02-B1-04
    00-00-01-39  B1-04-00-00  01-37
2023-07-07 15:10:46,730[INFO ]:Queued HSMS Message : SSID(0), B2(2), B3(34), P(0), S(0), SB(26), Length[3]
2023-07-07 15:10:46,730[INFO ]:Message Stat : Queue[1], Sent[0], Recv[8]
2023-07-07 15:10:46,790[INFO ]:>>> Sent HSMS Message >>> : SSID(0), B2(2), B3(34), P(0), S(0), SB(26), Length[3]
2023-07-07 15:10:46,790[DEBUG]:>>>> HSMS Data [3] >>>>
    21-01-00
2023-07-07 15:10:47,717[INFO ]:<<< Received HSMS Message <<< : SSID(0), B2(130), B3(35), P(0), S(0), SB(28), Length[266]
2023-07-07 15:10:47,717[DEBUG]:<<<< HSMS Data [266] <<<<
    01-02-B1-04  00-00-00-00  01-10-01-02  B1-04-00-00
    05-E0-01-01  B1-04-00-00  05-E0-01-02  B1-04-00-00
    05-DE-01-01  B1-04-00-00  05-DE-01-02  B1-04-00-00
    05-79-01-01  B1-04-00-00  05-79-01-02  B1-04-00-00
    05-E7-01-01  B1-04-00-00  05-E7-01-02  B1-04-00-00
    04-4D-01-01  B1-04-00-00  04-4D-01-02  B1-04-00-00
    04-4E-01-01  B1-04-00-00  04-4E-01-02  B1-04-00-00
    04-25-01-01  B1-04-00-00  04-25-01-02  B1-04-00-00
    03-EB-01-01  B1-04-00-00  03-EB-01-02  B1-04-00-00
    03-EA-01-01  B1-04-00-00  03-EA-01-02  B1-04-00-00
    03-E9-01-01  B1-04-00-00  03-E9-01-02  B1-04-00-00
    04-1B-01-01  B1-04-00-00  04-1B-01-02  B1-04-00-00
    05-15-01-01  B1-04-00-00  05-15-01-02  B1-04-00-00
    06-4B-01-01  B1-04-00-00  06-4B-01-02  B1-04-00-00
    06-4C-01-01  B1-04-00-00  06-4C-01-02  B1-04-00-00
    06-41-01-01  B1-04-00-00  06-41-01-02  B1-04-00-00
    06-42-01-01  B1-04-00-00  06-42
2023-07-07 15:10:47,718[INFO ]:Queued HSMS Message : SSID(0), B2(2), B3(36), P(0), S(0), SB(28), Length[3]
2023-07-07 15:10:47,718[INFO ]:Message Stat : Queue[1], Sent[0], Recv[8]
2023-07-07 15:10:47,779[INFO ]:>>> Sent HSMS Message >>> : SSID(0), B2(2), B3(36), P(0), S(0), SB(28), Length[3]
2023-07-07 15:10:47,779[DEBUG]:>>>> HSMS Data [3] >>>>
    21-01-00
2023-07-07 15:10:48,705[INFO ]:<<< Received HSMS Message <<< : SSID(0), B2(130), B3(37), P(0), S(0), SB(30), Length[169]
2023-07-07 15:10:48,705[DEBUG]:<<<< HSMS Data [169] <<<<
    01-02-25-01  01-01-1B-B1  04-00-00-05  E0-B1-04-00
    00-05-DE-B1  04-00-00-05  79-B1-04-00  00-05-E7-B1
    04-00-00-04  4D-B1-04-00  00-04-4E-B1  04-00-00-04
    25-B1-04-00  00-03-EB-B1  04-00-00-03  EA-B1-04-00
    00-03-E9-B1  04-00-00-04  1B-B1-04-00  00-05-15-B1
    04-00-00-03  F7-B1-04-00  00-04-07-B1  04-00-00-04
    08-B1-04-00  00-04-B1-B1  04-00-00-04  B2-B1-04-00
    00-05-1F-B1  04-00-00-05  20-B1-04-00  00-05-7A-B1
    04-00-00-05  7B-B1-04-00  00-05-83-B1  04-00-00-05
    84-B1-04-00  00-05-DD-B1  04-00-00-05  DF-B1-04-00
    00-06-41-B1  04-00-00-06  42
2023-07-07 15:10:48,707[INFO ]:Queued HSMS Message : SSID(0), B2(2), B3(38), P(0), S(0), SB(30), Length[3]
2023-07-07 15:10:48,707[INFO ]:Message Stat : Queue[1], Sent[0], Recv[8]
2023-07-07 15:10:48,767[INFO ]:>>> Sent HSMS Message >>> : SSID(0), B2(2), B3(38), P(0), S(0), SB(30), Length[3]
2023-07-07 15:10:48,767[DEBUG]:>>>> HSMS Data [3] >>>>
    21-01-00
2023-07-07 15:10:49,704[INFO ]:<<< Received HSMS Message <<< : SSID(0), B2(129), B3(3), P(0), S(0), SB(32), Length[26]
2023-07-07 15:10:49,704[DEBUG]:<<<< HSMS Data [26] <<<<
    01-04-B1-04  00-00-00-C9  B1-04-00-00  00-CA-B1-04
    00-00-00-CB  B1-04-00-00  00-CC
2023-07-07 15:10:49,705[INFO ]:Queued HSMS Message : SSID(0), B2(1), B3(4), P(0), S(0), SB(32), Length[18]
2023-07-07 15:10:49,705[INFO ]:Message Stat : Queue[1], Sent[0], Recv[8]
2023-07-07 15:10:49,749[INFO ]:>>> Sent HSMS Message >>> : SSID(0), B2(1), B3(4), P(0), S(0), SB(32), Length[18]
2023-07-07 15:10:49,749[DEBUG]:>>>> HSMS Data [18] >>>>
    01-04-A9-02  00-05-A9-02  00-03-A9-02  00-01-A9-02
    00-04
2023-07-07 15:11:32,720[INFO ]:Queued HSMS Message : SSID(0), B2(134), B3(11), P(0), S(0), SB(16), Length[16]
2023-07-07 15:11:32,720[INFO ]:Message Stat : Queue[1], Sent[0], Recv[7]
2023-07-07 15:11:32,721[INFO ]:Queued HSMS Message : SSID(0), B2(134), B3(11), P(0), S(0), SB(17), Length[40]
2023-07-07 15:11:32,721[INFO ]:Message Stat : Queue[2], Sent[0], Recv[7]
2023-07-07 15:11:32,777[INFO ]:>>> Sent HSMS Message >>> : SSID(0), B2(134), B3(11), P(0), S(0), SB(16), Length[16]
2023-07-07 15:11:32,777[DEBUG]:>>>> HSMS Data [16] >>>>
    01-03-B1-04  00-00-00-00  B1-04-00-00  05-DF-01-00
2023-07-07 15:11:32,777[INFO ]:>>> Sent HSMS Message >>> : SSID(0), B2(134), B3(11), P(0), S(0), SB(17), Length[40]
2023-07-07 15:11:32,777[DEBUG]:>>>> HSMS Data [40] >>>>
    01-03-B1-04  00-00-00-00  B1-04-00-00  05-79-01-01
    01-02-B1-04  00-00-05-79  01-03-A9-02  00-01-41-06
    54-52-41-59  2D-31-41-00
2023-07-07 15:11:32,873[INFO ]:Queued HSMS Message : SSID(0), B2(134), B3(11), P(0), S(0), SB(18), Length[34]
2023-07-07 15:11:32,873[INFO ]:Message Stat : Queue[1], Sent[2], Recv[7]
2023-07-07 15:11:32,900[INFO ]:>>> Sent HSMS Message >>> : SSID(0), B2(134), B3(11), P(0), S(0), SB(18), Length[34]
2023-07-07 15:11:32,900[DEBUG]:>>>> HSMS Data [34] >>>>
    01-03-B1-04  00-00-00-00  B1-04-00-00  04-1B-01-01
    01-02-B1-04  00-00-04-1B  01-02-A9-02  00-02-A9-02
    00-01
2023-07-07 15:11:32,932[INFO ]:<<< Received HSMS Message <<< : SSID(0), B2(6), B3(12), P(0), S(0), SB(16), Length[3]
2023-07-07 15:11:32,932[DEBUG]:<<<< HSMS Data [3] <<<<
    21-01-00
2023-07-07 15:11:32,932[INFO ]:<<< Received HSMS Message <<< : SSID(0), B2(6), B3(12), P(0), S(0), SB(17), Length[3]
2023-07-07 15:11:32,932[DEBUG]:<<<< HSMS Data [3] <<<<
    21-01-00
2023-07-07 15:11:32,993[INFO ]:<<< Received HSMS Message <<< : SSID(0), B2(6), B3(12), P(0), S(0), SB(18), Length[3]
2023-07-07 15:11:32,993[DEBUG]:<<<< HSMS Data [3] <<<<
    21-01-00
2023-07-07 15:11:35,686[INFO ]:Queued HSMS Message : SSID(0), B2(134), B3(11), P(0), S(0), SB(19), Length[16]
2023-07-07 15:11:35,686[INFO ]:Message Stat : Queue[1], Sent[0], Recv[10]
2023-07-07 15:11:35,729[INFO ]:>>> Sent HSMS Message >>> : SSID(0), B2(134), B3(11), P(0), S(0), SB(19), Length[16]
2023-07-07 15:11:35,729[DEBUG]:>>>> HSMS Data [16] >>>>
    01-03-B1-04  00-00-00-00  B1-04-00-00  05-83-01-00
2023-07-07 15:11:35,897[INFO ]:<<< Received HSMS Message <<< : SSID(0), B2(6), B3(12), P(0), S(0), SB(19), Length[3]
2023-07-07 15:11:35,897[DEBUG]:<<<< HSMS Data [3] <<<<
    21-01-00
2023-07-07 15:12:14,758[INFO ]:Send LinkTest Request.
2023-07-07 15:12:14,758[INFO ]:Queued HSMS Message : SSID(65535), B2(0), B3(0), P(0), S(5), SB(20), Length[0]
2023-07-07 15:12:14,758[INFO ]:Message Stat : Queue[1], Sent[0], Recv[11]
2023-07-07 15:12:14,788[INFO ]:>>> Sent HSMS Message >>> : SSID(65535), B2(0), B3(0), P(0), S(5), SB(20), Length[0]
2023-07-07 15:12:14,926[INFO ]:Received LinkTest Response.
2023-07-07 15:12:14,926[INFO ]:<<< Received HSMS Message <<< : SSID(65535), B2(0), B3(0), P(0), S(6), SB(20), Length[0]
2023-07-07 15:14:17,041[INFO ]:Send LinkTest Request.
2023-07-07 15:14:17,041[INFO ]:Queued HSMS Message : SSID(65535), B2(0), B3(0), P(0), S(5), SB(21), Length[0]
2023-07-07 15:14:17,041[INFO ]:Message Stat : Queue[1], Sent[0], Recv[12]
2023-07-07 15:14:17,103[INFO ]:>>> Sent HSMS Message >>> : SSID(65535), B2(0), B3(0), P(0), S(5), SB(21), Length[0]
2023-07-07 15:14:17,394[INFO ]:Received LinkTest Response.
2023-07-07 15:14:17,394[INFO ]:<<< Received HSMS Message <<< : SSID(65535), B2(0), B3(0), P(0), S(6), SB(21), Length[0]
2023-07-07 15:16:19,294[INFO ]:Send LinkTest Request.
2023-07-07 15:16:19,294[INFO ]:Queued HSMS Message : SSID(65535), B2(0), B3(0), P(0), S(5), SB(22), Length[0]
2023-07-07 15:16:19,294[INFO ]:Message Stat : Queue[1], Sent[0], Recv[13]
2023-07-07 15:16:19,356[INFO ]:>>> Sent HSMS Message >>> : SSID(65535), B2(0), B3(0), P(0), S(5), SB(22), Length[0]
2023-07-07 15:16:19,508[INFO ]:Received LinkTest Response.
2023-07-07 15:16:19,508[INFO ]:<<< Received HSMS Message <<< : SSID(65535), B2(0), B3(0), P(0), S(6), SB(22), Length[0]
2023-07-07 15:16:19,508[INFO ]:clear RecvQueue's items that over the life time.
2023-07-07 15:18:21,573[INFO ]:Send LinkTest Request.
2023-07-07 15:18:21,573[INFO ]:Queued HSMS Message : SSID(65535), B2(0), B3(0), P(0), S(5), SB(23), Length[0]
2023-07-07 15:18:21,573[INFO ]:Message Stat : Queue[1], Sent[0], Recv[1]
2023-07-07 15:18:21,603[INFO ]:>>> Sent HSMS Message >>> : SSID(65535), B2(0), B3(0), P(0), S(5), SB(23), Length[0]
2023-07-07 15:18:21,728[INFO ]:Received LinkTest Response.
2023-07-07 15:18:21,728[INFO ]:<<< Received HSMS Message <<< : SSID(65535), B2(0), B3(0), P(0), S(6), SB(23), Length[0]
2023-07-07 15:18:50,974[INFO ]:<<< Received HSMS Message <<< : SSID(0), B2(130), B3(31), P(0), S(0), SB(34), Length[18]
2023-07-07 15:18:50,974[DEBUG]:<<<< HSMS Data [18] <<<<
    41-10-32-30  32-33-30-35  31-37-31-31  32-33-35-31
    30-30
2023-07-07 15:18:50,976[INFO ]:Queued HSMS Message : SSID(0), B2(2), B3(32), P(0), S(0), SB(34), Length[3]
2023-07-07 15:18:50,976[INFO ]:Message Stat : Queue[1], Sent[0], Recv[3]
2023-07-07 15:18:51,034[INFO ]:>>> Sent HSMS Message >>> : SSID(0), B2(2), B3(32), P(0), S(0), SB(34), Length[3]
2023-07-07 15:18:51,034[DEBUG]:>>>> HSMS Data [3] >>>>
    21-01-00
2023-07-07 15:18:51,950[INFO ]:<<< Received HSMS Message <<< : SSID(0), B2(130), B3(37), P(0), S(0), SB(36), Length[7]
2023-07-07 15:18:51,950[DEBUG]:<<<< HSMS Data [7] <<<<
    01-02-25-01  00-01-00
2023-07-07 15:18:51,951[INFO ]:Queued HSMS Message : SSID(0), B2(2), B3(38), P(0), S(0), SB(36), Length[3]
2023-07-07 15:18:51,951[INFO ]:Message Stat : Queue[1], Sent[0], Recv[3]
2023-07-07 15:18:52,010[INFO ]:>>> Sent HSMS Message >>> : SSID(0), B2(2), B3(38), P(0), S(0), SB(36), Length[3]
2023-07-07 15:18:52,010[DEBUG]:>>>> HSMS Data [3] >>>>
    21-01-00
2023-07-07 15:18:52,991[INFO ]:<<< Received HSMS Message <<< : SSID(0), B2(130), B3(35), P(0), S(0), SB(38), Length[10]
2023-07-07 15:18:52,991[DEBUG]:<<<< HSMS Data [10] <<<<
    01-02-B1-04  00-00-00-00  01-00
2023-07-07 15:18:52,991[INFO ]:Queued HSMS Message : SSID(0), B2(2), B3(36), P(0), S(0), SB(38), Length[3]
2023-07-07 15:18:52,991[INFO ]:Message Stat : Queue[1], Sent[0], Recv[3]
2023-07-07 15:18:53,051[INFO ]:>>> Sent HSMS Message >>> : SSID(0), B2(2), B3(36), P(0), S(0), SB(38), Length[3]
2023-07-07 15:18:53,051[DEBUG]:>>>> HSMS Data [3] >>>>
    21-01-00
2023-07-07 15:18:53,968[INFO ]:<<< Received HSMS Message <<< : SSID(0), B2(130), B3(33), P(0), S(0), SB(40), Length[10]
2023-07-07 15:18:53,969[DEBUG]:<<<< HSMS Data [10] <<<<
    01-02-B1-04  00-00-00-00  01-00
2023-07-07 15:18:53,969[INFO ]:Queued HSMS Message : SSID(0), B2(2), B3(34), P(0), S(0), SB(40), Length[3]
2023-07-07 15:18:53,969[INFO ]:Message Stat : Queue[1], Sent[0], Recv[3]
2023-07-07 15:18:54,030[INFO ]:>>> Sent HSMS Message >>> : SSID(0), B2(2), B3(34), P(0), S(0), SB(40), Length[3]
2023-07-07 15:18:54,030[DEBUG]:>>>> HSMS Data [3] >>>>
    21-01-00
2023-07-07 15:18:54,957[INFO ]:<<< Received HSMS Message <<< : SSID(0), B2(130), B3(33), P(0), S(0), SB(42), Length[486]
2023-07-07 15:18:54,957[DEBUG]:<<<< HSMS Data [486] <<<<
    01-02-B1-04  00-00-00-00  01-11-01-02  B1-04-00-00
    03-E9-01-02  B1-04-00-00  00-C9-B1-04  00-00-00-CA
    01-02-B1-04  00-00-03-EA  01-02-B1-04  00-00-00-C9
    B1-04-00-00  00-CA-01-02  B1-04-00-00  03-EB-01-02
    B1-04-00-00  00-C9-B1-04  00-00-00-CA  01-02-B1-04
    00-00-04-1B  01-02-B1-04  00-00-00-CB  B1-04-00-00
    00-CC-01-02  B1-04-00-00  04-25-01-02  B1-04-00-00
    00-CD-B1-04  00-00-00-CE  01-02-B1-04  00-00-04-4D
    01-07-B1-04  00-00-01-36  B1-04-00-00  01-38-B1-04
    00-00-01-39  B1-04-00-00  01-43-B1-04  00-00-01-3A
    B1-04-00-00  01-37-B1-04  00-00-00-CD  01-02-B1-04
    00-00-04-4E  01-05-B1-04  00-00-01-36  B1-04-00-00
    01-43-B1-04  00-00-01-3A  B1-04-00-00  01-37-B1-04
    00-00-00-CD  01-02-B1-04  00-00-05-15  01-03-B1-04
    00-00-01-38  B1-04-00-00  01-39-B1-04  00-00-00-CD
    01-02-B1-04  00-00-05-79  01-03-B1-04  00-00-01-38
    B1-04-00-00  01-39-B1-04  00-00-00-CD  01-02-B1-04
    00-00-05-83  01-03-B1-04  00-00-01-38  B1-04-00-00
    01-39-B1-04  00-00-00-CD  01-02-B1-04  00-00-05-DE
    01-02-B1-04  00-00-01-38  B1-04-00-00  00-CD-01-02
    B1-04-00-00  05-E0-01-02  B1-04-00-00  01-38-B1-04
    00-00-00-CD  01-02-B1-04  00-00-05-E7  01-04-B1-04
    00-00-01-38  B1-04-00-00  01-39-B1-04  00-00-01-43
    B1-04-00-00  00-CD-01-02  B1-04-00-00  06-4B-01-04
    B1-04-00-00  01-37-B1-04  00-00-01-3A  B1-04-00-00
    01-39-B1-04  00-00-01-42  01-02-B1-04  00-00-06-4C
    01-04-B1-04  00-00-01-37  B1-04-00-00  01-3A-B1-04
    00-00-01-39  B1-04-00-00  01-42-01-02  B1-04-00-00
    06-41-01-02  B1-04-00-00  01-39-B1-04  00-00-01-37
    01-02-B1-04  00-00-06-42  01-02-B1-04  00-00-01-39
    B1-04-00-00  01-37
2023-07-07 15:18:54,959[INFO ]:Queued HSMS Message : SSID(0), B2(2), B3(34), P(0), S(0), SB(42), Length[3]
2023-07-07 15:18:54,959[INFO ]:Message Stat : Queue[1], Sent[0], Recv[3]
2023-07-07 15:18:55,015[INFO ]:>>> Sent HSMS Message >>> : SSID(0), B2(2), B3(34), P(0), S(0), SB(42), Length[3]
2023-07-07 15:18:55,015[DEBUG]:>>>> HSMS Data [3] >>>>
    21-01-00
2023-07-07 15:18:55,934[INFO ]:<<< Received HSMS Message <<< : SSID(0), B2(130), B3(35), P(0), S(0), SB(44), Length[282]
2023-07-07 15:18:55,934[DEBUG]:<<<< HSMS Data [282] <<<<
    01-02-B1-04  00-00-00-00  01-11-01-02  B1-04-00-00
    05-E0-01-01  B1-04-00-00  05-E0-01-02  B1-04-00-00
    05-DE-01-01  B1-04-00-00  05-DE-01-02  B1-04-00-00
    05-79-01-01  B1-04-00-00  05-79-01-02  B1-04-00-00
    05-83-01-01  B1-04-00-00  05-83-01-02  B1-04-00-00
    05-E7-01-01  B1-04-00-00  05-E7-01-02  B1-04-00-00
    04-4D-01-01  B1-04-00-00  04-4D-01-02  B1-04-00-00
    04-4E-01-01  B1-04-00-00  04-4E-01-02  B1-04-00-00
    04-25-01-01  B1-04-00-00  04-25-01-02  B1-04-00-00
    03-EB-01-01  B1-04-00-00  03-EB-01-02  B1-04-00-00
    03-EA-01-01  B1-04-00-00  03-EA-01-02  B1-04-00-00
    03-E9-01-01  B1-04-00-00  03-E9-01-02  B1-04-00-00
    04-1B-01-01  B1-04-00-00  04-1B-01-02  B1-04-00-00
    05-15-01-01  B1-04-00-00  05-15-01-02  B1-04-00-00
    06-4B-01-01  B1-04-00-00  06-4B-01-02  B1-04-00-00
    06-4C-01-01  B1-04-00-00  06-4C-01-02  B1-04-00-00
    06-41-01-01  B1-04-00-00  06-41-01-02  B1-04-00-00
    06-42-01-01  B1-04-00-00  06-42
2023-07-07 15:18:55,934[INFO ]:Queued HSMS Message : SSID(0), B2(2), B3(36), P(0), S(0), SB(44), Length[3]
2023-07-07 15:18:55,934[INFO ]:Message Stat : Queue[1], Sent[0], Recv[3]
2023-07-07 15:18:55,995[INFO ]:>>> Sent HSMS Message >>> : SSID(0), B2(2), B3(36), P(0), S(0), SB(44), Length[3]
2023-07-07 15:18:55,995[DEBUG]:>>>> HSMS Data [3] >>>>
    21-01-00
2023-07-07 15:18:56,932[INFO ]:<<< Received HSMS Message <<< : SSID(0), B2(130), B3(37), P(0), S(0), SB(46), Length[169]
2023-07-07 15:18:56,932[DEBUG]:<<<< HSMS Data [169] <<<<
    01-02-25-01  01-01-1B-B1  04-00-00-05  E0-B1-04-00
    00-05-DE-B1  04-00-00-05  79-B1-04-00  00-05-E7-B1
    04-00-00-04  4D-B1-04-00  00-04-4E-B1  04-00-00-04
    25-B1-04-00  00-03-EB-B1  04-00-00-03  EA-B1-04-00
    00-03-E9-B1  04-00-00-04  1B-B1-04-00  00-05-15-B1
    04-00-00-03  F7-B1-04-00  00-04-07-B1  04-00-00-04
    08-B1-04-00  00-04-B1-B1  04-00-00-04  B2-B1-04-00
    00-05-1F-B1  04-00-00-05  20-B1-04-00  00-05-7A-B1
    04-00-00-05  7B-B1-04-00  00-05-83-B1  04-00-00-05
    84-B1-04-00  00-05-DD-B1  04-00-00-05  DF-B1-04-00
    00-06-41-B1  04-00-00-06  42
2023-07-07 15:18:56,933[INFO ]:Queued HSMS Message : SSID(0), B2(2), B3(38), P(0), S(0), SB(46), Length[3]
2023-07-07 15:18:56,933[INFO ]:Message Stat : Queue[1], Sent[0], Recv[3]
2023-07-07 15:18:56,978[INFO ]:>>> Sent HSMS Message >>> : SSID(0), B2(2), B3(38), P(0), S(0), SB(46), Length[3]
2023-07-07 15:18:56,978[DEBUG]:>>>> HSMS Data [3] >>>>
    21-01-00
2023-07-07 15:18:57,984[INFO ]:<<< Received HSMS Message <<< : SSID(0), B2(129), B3(3), P(0), S(0), SB(48), Length[26]
2023-07-07 15:18:57,985[DEBUG]:<<<< HSMS Data [26] <<<<
    01-04-B1-04  00-00-00-C9  B1-04-00-00  00-CA-B1-04
    00-00-00-CB  B1-04-00-00  00-CC
2023-07-07 15:18:57,986[INFO ]:Queued HSMS Message : SSID(0), B2(1), B3(4), P(0), S(0), SB(48), Length[18]
2023-07-07 15:18:57,986[INFO ]:Message Stat : Queue[1], Sent[0], Recv[3]
2023-07-07 15:18:58,015[INFO ]:>>> Sent HSMS Message >>> : SSID(0), B2(1), B3(4), P(0), S(0), SB(48), Length[18]
2023-07-07 15:18:58,015[DEBUG]:>>>> HSMS Data [18] >>>>
    01-04-A9-02  00-05-A9-02  00-03-A9-02  00-02-A9-02
    00-01
2023-07-07 15:19:10,562[INFO ]:Queued HSMS Message : SSID(0), B2(134), B3(11), P(0), S(0), SB(24), Length[32]
2023-07-07 15:19:10,563[INFO ]:Message Stat : Queue[1], Sent[0], Recv[2]
2023-07-07 15:19:10,573[INFO ]:>>> Sent HSMS Message >>> : SSID(0), B2(134), B3(11), P(0), S(0), SB(24), Length[32]
2023-07-07 15:19:10,573[DEBUG]:>>>> HSMS Data [32] >>>>
    01-03-B1-04  00-00-00-00  B1-04-00-00  05-DE-01-01
    01-02-B1-04  00-00-05-DE  01-02-A9-02  00-01-41-00
2023-07-07 15:19:10,756[INFO ]:<<< Received HSMS Message <<< : SSID(0), B2(6), B3(12), P(0), S(0), SB(24), Length[3]
2023-07-07 15:19:10,756[DEBUG]:<<<< HSMS Data [3] <<<<
    21-01-00
2023-07-07 15:19:11,034[INFO ]:Queued HSMS Message : SSID(0), B2(134), B3(11), P(0), S(0), SB(25), Length[34]
2023-07-07 15:19:11,034[INFO ]:Message Stat : Queue[1], Sent[0], Recv[3]
2023-07-07 15:19:11,062[INFO ]:>>> Sent HSMS Message >>> : SSID(0), B2(134), B3(11), P(0), S(0), SB(25), Length[34]
2023-07-07 15:19:11,062[DEBUG]:>>>> HSMS Data [34] >>>>
    01-03-B1-04  00-00-00-00  B1-04-00-00  04-1B-01-01
    01-02-B1-04  00-00-04-1B  01-02-A9-02  00-01-A9-02
    00-02
2023-07-07 15:19:11,213[INFO ]:<<< Received HSMS Message <<< : SSID(0), B2(6), B3(12), P(0), S(0), SB(25), Length[3]
2023-07-07 15:19:11,213[DEBUG]:<<<< HSMS Data [3] <<<<
    21-01-00
2023-07-07 15:19:27,682[INFO ]:Queued HSMS Message : SSID(0), B2(134), B3(11), P(0), S(0), SB(26), Length[16]
2023-07-07 15:19:27,682[INFO ]:Message Stat : Queue[1], Sent[0], Recv[4]
2023-07-07 15:19:27,682[INFO ]:Queued HSMS Message : SSID(0), B2(134), B3(11), P(0), S(0), SB(27), Length[40]
2023-07-07 15:19:27,682[INFO ]:Message Stat : Queue[2], Sent[0], Recv[4]
2023-07-07 15:19:27,724[INFO ]:>>> Sent HSMS Message >>> : SSID(0), B2(134), B3(11), P(0), S(0), SB(26), Length[16]
2023-07-07 15:19:27,724[DEBUG]:>>>> HSMS Data [16] >>>>
    01-03-B1-04  00-00-00-00  B1-04-00-00  05-DF-01-00
2023-07-07 15:19:27,724[INFO ]:>>> Sent HSMS Message >>> : SSID(0), B2(134), B3(11), P(0), S(0), SB(27), Length[40]
2023-07-07 15:19:27,724[DEBUG]:>>>> HSMS Data [40] >>>>
    01-03-B1-04  00-00-00-00  B1-04-00-00  05-79-01-01
    01-02-B1-04  00-00-05-79  01-03-A9-02  00-01-41-06
    54-52-41-59  2D-31-41-00
2023-07-07 15:19:27,835[INFO ]:Queued HSMS Message : SSID(0), B2(134), B3(11), P(0), S(0), SB(28), Length[34]
2023-07-07 15:19:27,835[INFO ]:Message Stat : Queue[1], Sent[2], Recv[4]
2023-07-07 15:19:27,847[INFO ]:>>> Sent HSMS Message >>> : SSID(0), B2(134), B3(11), P(0), S(0), SB(28), Length[34]
2023-07-07 15:19:27,847[DEBUG]:>>>> HSMS Data [34] >>>>
    01-03-B1-04  00-00-00-00  B1-04-00-00  04-1B-01-01
    01-02-B1-04  00-00-04-1B  01-02-A9-02  00-02-A9-02
    00-01
2023-07-07 15:19:28,015[INFO ]:<<< Received HSMS Message <<< : SSID(0), B2(6), B3(12), P(0), S(0), SB(26), Length[3]
2023-07-07 15:19:28,015[DEBUG]:<<<< HSMS Data [3] <<<<
    21-01-00
2023-07-07 15:19:28,152[INFO ]:<<< Received HSMS Message <<< : SSID(0), B2(6), B3(12), P(0), S(0), SB(27), Length[3]
2023-07-07 15:19:28,152[DEBUG]:<<<< HSMS Data [3] <<<<
    21-01-00
2023-07-07 15:19:28,153[INFO ]:<<< Received HSMS Message <<< : SSID(0), B2(6), B3(12), P(0), S(0), SB(28), Length[3]
2023-07-07 15:19:28,153[DEBUG]:<<<< HSMS Data [3] <<<<
    21-01-00
2023-07-07 15:19:33,809[INFO ]:Queued HSMS Message : SSID(0), B2(134), B3(11), P(0), S(0), SB(29), Length[40]
2023-07-07 15:19:33,809[INFO ]:Message Stat : Queue[1], Sent[0], Recv[7]
2023-07-07 15:19:33,852[INFO ]:>>> Sent HSMS Message >>> : SSID(0), B2(134), B3(11), P(0), S(0), SB(29), Length[40]
2023-07-07 15:19:33,852[DEBUG]:>>>> HSMS Data [40] >>>>
    01-03-B1-04  00-00-00-00  B1-04-00-00  05-83-01-01
    01-02-B1-04  00-00-05-83  01-03-A9-02  00-01-41-06
    54-52-41-59  2D-31-41-00
2023-07-07 15:19:34,035[INFO ]:<<< Received HSMS Message <<< : SSID(0), B2(6), B3(12), P(0), S(0), SB(29), Length[3]
2023-07-07 15:19:34,035[DEBUG]:<<<< HSMS Data [3] <<<<
    21-01-00
2023-07-07 15:20:23,791[INFO ]:Send LinkTest Request.
2023-07-07 15:20:23,791[INFO ]:Queued HSMS Message : SSID(65535), B2(0), B3(0), P(0), S(5), SB(30), Length[0]
2023-07-07 15:20:23,791[INFO ]:Message Stat : Queue[1], Sent[0], Recv[8]
2023-07-07 15:20:23,851[INFO ]:>>> Sent HSMS Message >>> : SSID(65535), B2(0), B3(0), P(0), S(5), SB(30), Length[0]
2023-07-07 15:20:23,957[INFO ]:Received LinkTest Response.
2023-07-07 15:20:23,957[INFO ]:<<< Received HSMS Message <<< : SSID(65535), B2(0), B3(0), P(0), S(6), SB(30), Length[0]
2023-07-07 15:21:54,660[INFO ]:<<< Received HSMS Message <<< : SSID(0), B2(131), B3(41), P(0), S(0), SB(50), Length[568]
2023-07-07 15:21:54,660[DEBUG]:<<<< HSMS Data [568] <<<<
    01-03-41-09  57-6F-72-6B  4F-72-64-65  72-41-0A-54
    6F-6F-6C-54  65-73-74-2D  31-01-01-01  02-41-01-31
    01-01-01-06  01-02-41-0A  73-6F-72-74  65-72-54-79
    70-65-41-00  01-02-41-08  69-6E-50-6F  72-74-49-64
    41-01-32-01  02-41-08-69  6E-43-61-72  72-49-64-41
    07-43-53-54  41-50-30-31  01-02-41-09  6F-75-74-50
    6F-72-74-49  64-41-01-31  01-02-41-09  6F-75-74-43
    61-72-72-49  64-41-07-43  53-54-41-50  30-32-01-01
    01-02-01-02  41-04-50-50  49-44-41-05  54-45-53-54
    33-01-02-41  09-53-4C-4F  54-5F-44-41  54-41-01-03
    01-07-01-02  41-0C-69-6E  43-61-72-72  53-6C-6F-74
    4E-6F-41-01  31-01-02-41  0A-6D-61-6E  75-61-6C-49
    6E-73-70-41  01-4E-01-02  41-0A-70-72  6F-64-4D-74
    72-6C-49-64  41-0B-4C-4F  54-5F-30-30  31-5F-30-30
    31-01-02-41  09-73-6C-6F  74-53-74-61  74-65-41-01
    31-01-02-41  0D-6F-75-74  43-61-72-72  53-6C-6F-74
    4E-6F-41-01  31-01-02-41  05-6C-6F-74  49-64-41-07
    4C-4F-54-5F  30-30-31-01  02-41-08-6D  74-72-6C-46
    61-63-65-41  03-54-54-54  01-07-01-02  41-0C-69-6E
    43-61-72-72  53-6C-6F-74  4E-6F-41-01  32-01-02-41
    0A-6D-61-6E  75-61-6C-49  6E-73-70-41  01-4E-01-02
    41-0A-70-72  6F-64-4D-74  72-6C-49-64  41-0B-4C-4F
    54-5F-30-30  31-5F-30-30  32-01-02-41  09-73-6C-6F
    74-53-74-61  74-65-41-01  31-01-02-41  0D-6F-75-74
    43-61-72-72  53-6C-6F-74  4E-6F-41-01  32-01-02-41
    05-6C-6F-74  49-64-41-07  4C-4F-54-5F  30-30-31-01
    02-41-08-6D  74-72-6C-46  61-63-65-41  03-54-54-54
    01-07-01-02  41-0C-69-6E  43-61-72-72  53-6C-6F-74
    4E-6F-41-01  33-01-02-41  0A-6D-61-6E  75-61-6C-49
    6E-73-70-41  01-4E-01-02  41-0A-70-72  6F-64-4D-74
    72-6C-49-64  41-0B-4C-4F  54-5F-30-30  31-5F-30-30
    33-01-02-41  09-73-6C-6F  74-53-74-61  74-65-41-01
    31-01-02-41  0D-6F-75-74  43-61-72-72  53-6C-6F-74
    4E-6F-41-01  33-01-02-41  05-6C-6F-74  49-64-41-07
    4C-4F-54-5F  30-30-31-01  02-41-08-6D  74-72-6C-46
    61-63-65-41  03-54-54-54
2023-07-07 15:21:54,696[INFO ]:Queued HSMS Message : SSID(0), B2(3), B3(42), P(0), S(0), SB(50), Length[3]
2023-07-07 15:21:54,696[INFO ]:Message Stat : Queue[1], Sent[0], Recv[10]
2023-07-07 15:21:54,721[INFO ]:>>> Sent HSMS Message >>> : SSID(0), B2(3), B3(42), P(0), S(0), SB(50), Length[3]
2023-07-07 15:21:54,721[DEBUG]:>>>> HSMS Data [3] >>>>
    21-01-02
2023-07-07 15:22:26,091[INFO ]:Send LinkTest Request.
2023-07-07 15:22:26,091[INFO ]:Queued HSMS Message : SSID(65535), B2(0), B3(0), P(0), S(5), SB(31), Length[0]
2023-07-07 15:22:26,091[INFO ]:Message Stat : Queue[1], Sent[0], Recv[9]
2023-07-07 15:22:26,122[INFO ]:>>> Sent HSMS Message >>> : SSID(65535), B2(0), B3(0), P(0), S(5), SB(31), Length[0]
2023-07-07 15:22:26,232[INFO ]:Received LinkTest Response.
2023-07-07 15:22:26,232[INFO ]:<<< Received HSMS Message <<< : SSID(65535), B2(0), B3(0), P(0), S(6), SB(31), Length[0]
2023-07-07 15:22:41,247[INFO ]:<<< Received HSMS Message <<< : SSID(0), B2(131), B3(41), P(0), S(0), SB(52), Length[566]
2023-07-07 15:22:41,249[DEBUG]:<<<< HSMS Data [566] <<<<
    01-03-41-09  57-6F-72-6B  4F-72-64-65  72-41-08-41
    50-2D-4D-52  2D-30-31-01  01-01-02-41  01-31-01-01
    01-06-01-02  41-0A-73-6F  72-74-65-72  54-79-70-65
    41-00-01-02  41-08-69-6E  50-6F-72-74  49-64-41-01
    32-01-02-41  08-69-6E-43  61-72-72-49  64-41-07-43
    53-54-41-50  30-31-01-02  41-09-6F-75  74-50-6F-72
    74-49-64-41  01-31-01-02  41-09-6F-75  74-43-61-72
    72-49-64-41  07-43-53-54  41-50-30-32  01-01-01-02
    01-02-41-04  50-50-49-44  41-05-54-45  53-54-33-01
    02-41-09-53  4C-4F-54-5F  44-41-54-41  01-03-01-07
    01-02-41-0C  69-6E-43-61  72-72-53-6C  6F-74-4E-6F
    41-01-31-01  02-41-0A-6D  61-6E-75-61  6C-49-6E-73
    70-41-01-4E  01-02-41-0A  70-72-6F-64  4D-74-72-6C
    49-64-41-0B  4C-4F-54-5F  30-30-31-5F  30-30-31-01
    02-41-09-73  6C-6F-74-53  74-61-74-65  41-01-31-01
    02-41-0D-6F  75-74-43-61  72-72-53-6C  6F-74-4E-6F
    41-01-31-01  02-41-05-6C  6F-74-49-64  41-07-4C-4F
    54-5F-30-30  31-01-02-41  08-6D-74-72  6C-46-61-63
    65-41-03-54  54-54-01-07  01-02-41-0C  69-6E-43-61
    72-72-53-6C  6F-74-4E-6F  41-01-32-01  02-41-0A-6D
    61-6E-75-61  6C-49-6E-73  70-41-01-4E  01-02-41-0A
    70-72-6F-64  4D-74-72-6C  49-64-41-0B  4C-4F-54-5F
    30-30-31-5F  30-30-32-01  02-41-09-73  6C-6F-74-53
    74-61-74-65  41-01-31-01  02-41-0D-6F  75-74-43-61
    72-72-53-6C  6F-74-4E-6F  41-01-32-01  02-41-05-6C
    6F-74-49-64  41-07-4C-4F  54-5F-30-30  31-01-02-41
    08-6D-74-72  6C-46-61-63  65-41-03-54  54-54-01-07
    01-02-41-0C  69-6E-43-61  72-72-53-6C  6F-74-4E-6F
    41-01-33-01  02-41-0A-6D  61-6E-75-61  6C-49-6E-73
    70-41-01-4E  01-02-41-0A  70-72-6F-64  4D-74-72-6C
    49-64-41-0B  4C-4F-54-5F  30-30-31-5F  30-30-33-01
    02-41-09-73  6C-6F-74-53  74-61-74-65  41-01-31-01
    02-41-0D-6F  75-74-43-61  72-72-53-6C  6F-74-4E-6F
    41-01-33-01  02-41-05-6C  6F-74-49-64  41-07-4C-4F
    54-5F-30-30  31-01-02-41  08-6D-74-72  6C-46-61-63
    65-41-03-54  54-54
2023-07-07 15:22:41,257[INFO ]:Queued HSMS Message : SSID(0), B2(3), B3(42), P(0), S(0), SB(52), Length[3]
2023-07-07 15:22:41,257[INFO ]:Message Stat : Queue[1], Sent[0], Recv[11]
2023-07-07 15:22:41,278[INFO ]:>>> Sent HSMS Message >>> : SSID(0), B2(3), B3(42), P(0), S(0), SB(52), Length[3]
2023-07-07 15:22:41,278[DEBUG]:>>>> HSMS Data [3] >>>>
    21-01-02
2023-07-07 15:24:01,845[INFO ]:<<< Received HSMS Message <<< : SSID(0), B2(131), B3(41), P(0), S(0), SB(54), Length[565]
2023-07-07 15:24:01,845[DEBUG]:<<<< HSMS Data [565] <<<<
    01-03-41-09  57-6F-72-6B  4F-72-64-65  72-41-08-41
    50-2D-4D-52  2D-30-31-01  01-01-02-41  01-31-01-01
    01-06-01-02  41-0A-73-6F  72-74-65-72  54-79-70-65
    41-00-01-02  41-08-69-6E  50-6F-72-74  49-64-41-01
    31-01-02-41  08-69-6E-43  61-72-72-49  64-41-06-54
    52-41-59-2D  31-01-02-41  09-6F-75-74  50-6F-72-74
    49-64-41-01  31-01-02-41  09-6F-75-74  43-61-72-72
    49-64-41-07  43-53-54-41  50-30-32-01  01-01-02-01
    02-41-04-50  50-49-44-41  05-54-45-53  54-33-01-02
    41-09-53-4C  4F-54-5F-44  41-54-41-01  03-01-07-01
    02-41-0C-69  6E-43-61-72  72-53-6C-6F  74-4E-6F-41
    01-31-01-02  41-0A-6D-61  6E-75-61-6C  49-6E-73-70
    41-01-4E-01  02-41-0A-70  72-6F-64-4D  74-72-6C-49
    64-41-0B-4C  4F-54-5F-30  30-31-5F-30  30-31-01-02
    41-09-73-6C  6F-74-53-74  61-74-65-41  01-31-01-02
    41-0D-6F-75  74-43-61-72  72-53-6C-6F  74-4E-6F-41
    01-31-01-02  41-05-6C-6F  74-49-64-41  07-4C-4F-54
    5F-30-30-31  01-02-41-08  6D-74-72-6C  46-61-63-65
    41-03-54-54  54-01-07-01  02-41-0C-69  6E-43-61-72
    72-53-6C-6F  74-4E-6F-41  01-32-01-02  41-0A-6D-61
    6E-75-61-6C  49-6E-73-70  41-01-4E-01  02-41-0A-70
    72-6F-64-4D  74-72-6C-49  64-41-0B-4C  4F-54-5F-30
    30-31-5F-30  30-32-01-02  41-09-73-6C  6F-74-53-74
    61-74-65-41  01-31-01-02  41-0D-6F-75  74-43-61-72
    72-53-6C-6F  74-4E-6F-41  01-32-01-02  41-05-6C-6F
    74-49-64-41  07-4C-4F-54  5F-30-30-31  01-02-41-08
    6D-74-72-6C  46-61-63-65  41-03-54-54  54-01-07-01
    02-41-0C-69  6E-43-61-72  72-53-6C-6F  74-4E-6F-41
    01-33-01-02  41-0A-6D-61  6E-75-61-6C  49-6E-73-70
    41-01-4E-01  02-41-0A-70  72-6F-64-4D  74-72-6C-49
    64-41-0B-4C  4F-54-5F-30  30-31-5F-30  30-33-01-02
    41-09-73-6C  6F-74-53-74  61-74-65-41  01-31-01-02
    41-0D-6F-75  74-43-61-72  72-53-6C-6F  74-4E-6F-41
    01-33-01-02  41-05-6C-6F  74-49-64-41  07-4C-4F-54
    5F-30-30-31  01-02-41-08  6D-74-72-6C  46-61-63-65
    41-03-54-54  54
2023-07-07 15:24:01,962[INFO ]:Queued HSMS Message : SSID(0), B2(3), B3(42), P(0), S(0), SB(54), Length[3]
2023-07-07 15:24:01,962[INFO ]:Message Stat : Queue[1], Sent[0], Recv[11]
2023-07-07 15:24:02,014[INFO ]:>>> Sent HSMS Message >>> : SSID(0), B2(3), B3(42), P(0), S(0), SB(54), Length[3]
2023-07-07 15:24:02,014[DEBUG]:>>>> HSMS Data [3] >>>>
    21-01-00
2023-07-07 15:24:28,343[INFO ]:Send LinkTest Request.
2023-07-07 15:24:28,343[INFO ]:Queued HSMS Message : SSID(65535), B2(0), B3(0), P(0), S(5), SB(32), Length[0]
2023-07-07 15:24:28,343[INFO ]:Message Stat : Queue[1], Sent[0], Recv[10]
2023-07-07 15:24:28,405[INFO ]:>>> Sent HSMS Message >>> : SSID(65535), B2(0), B3(0), P(0), S(5), SB(32), Length[0]
2023-07-07 15:24:28,543[INFO ]:Received LinkTest Response.
2023-07-07 15:24:28,543[INFO ]:<<< Received HSMS Message <<< : SSID(65535), B2(0), B3(0), P(0), S(6), SB(32), Length[0]
2023-07-07 15:26:30,580[INFO ]:Send LinkTest Request.
2023-07-07 15:26:30,580[INFO ]:Queued HSMS Message : SSID(65535), B2(0), B3(0), P(0), S(5), SB(33), Length[0]
2023-07-07 15:26:30,580[INFO ]:Message Stat : Queue[1], Sent[0], Recv[11]
2023-07-07 15:26:30,641[INFO ]:>>> Sent HSMS Message >>> : SSID(65535), B2(0), B3(0), P(0), S(5), SB(33), Length[0]
2023-07-07 15:26:30,763[INFO ]:Received LinkTest Response.
2023-07-07 15:26:30,763[INFO ]:<<< Received HSMS Message <<< : SSID(65535), B2(0), B3(0), P(0), S(6), SB(33), Length[0]
2023-07-07 15:28:32,728[INFO ]:Send LinkTest Request.
2023-07-07 15:28:32,728[INFO ]:Queued HSMS Message : SSID(65535), B2(0), B3(0), P(0), S(5), SB(34), Length[0]
2023-07-07 15:28:32,728[INFO ]:Message Stat : Queue[1], Sent[0], Recv[12]
2023-07-07 15:28:32,773[INFO ]:>>> Sent HSMS Message >>> : SSID(65535), B2(0), B3(0), P(0), S(5), SB(34), Length[0]
2023-07-07 15:28:32,910[INFO ]:Received LinkTest Response.
2023-07-07 15:28:32,910[INFO ]:<<< Received HSMS Message <<< : SSID(65535), B2(0), B3(0), P(0), S(6), SB(34), Length[0]
2023-07-07 15:30:34,836[INFO ]:Send LinkTest Request.
2023-07-07 15:30:34,836[INFO ]:Queued HSMS Message : SSID(65535), B2(0), B3(0), P(0), S(5), SB(35), Length[0]
2023-07-07 15:30:34,836[INFO ]:Message Stat : Queue[1], Sent[0], Recv[13]
2023-07-07 15:30:34,898[INFO ]:>>> Sent HSMS Message >>> : SSID(65535), B2(0), B3(0), P(0), S(5), SB(35), Length[0]
2023-07-07 15:30:35,023[INFO ]:Received LinkTest Response.
2023-07-07 15:30:35,023[INFO ]:<<< Received HSMS Message <<< : SSID(65535), B2(0), B3(0), P(0), S(6), SB(35), Length[0]
2023-07-07 15:32:37,140[INFO ]:Send LinkTest Request.
2023-07-07 15:32:37,140[INFO ]:Queued HSMS Message : SSID(65535), B2(0), B3(0), P(0), S(5), SB(36), Length[0]
2023-07-07 15:32:37,140[INFO ]:Message Stat : Queue[1], Sent[0], Recv[14]
2023-07-07 15:32:37,201[INFO ]:>>> Sent HSMS Message >>> : SSID(65535), B2(0), B3(0), P(0), S(5), SB(36), Length[0]
2023-07-07 15:32:37,310[INFO ]:Received LinkTest Response.
2023-07-07 15:32:37,310[INFO ]:<<< Received HSMS Message <<< : SSID(65535), B2(0), B3(0), P(0), S(6), SB(36), Length[0]
2023-07-07 15:33:14,254[INFO ]:<<< Received HSMS Message <<< : SSID(0), B2(130), B3(41), P(0), S(0), SB(56), Length[25]
2023-07-07 15:33:14,254[DEBUG]:<<<< HSMS Data [25] <<<<
    01-02-41-06  57-4F-52-4B  5F-53-01-01  01-02-41-06
    57-4F-52-4B  5F-49-41-01  77
2023-07-07 15:33:14,255[INFO ]:Queued HSMS Message : SSID(0), B2(2), B3(42), P(0), S(0), SB(56), Length[7]
2023-07-07 15:33:14,255[INFO ]:Message Stat : Queue[1], Sent[0], Recv[16]
2023-07-07 15:33:14,316[INFO ]:>>> Sent HSMS Message >>> : SSID(0), B2(2), B3(42), P(0), S(0), SB(56), Length[7]
2023-07-07 15:33:14,316[DEBUG]:>>>> HSMS Data [7] >>>>
    01-02-21-01  01-01-00
2023-07-07 15:34:25,656[INFO ]:<<< Received HSMS Message <<< : SSID(0), B2(130), B3(41), P(0), S(0), SB(58), Length[30]
2023-07-07 15:34:25,656[DEBUG]:<<<< HSMS Data [30] <<<<
    01-02-41-0A  57-4F-52-4B  5F-53-54-41  52-54-01-01
    01-02-41-07  57-4F-52-4B  5F-49-44-41  01-77
2023-07-07 15:34:25,656[INFO ]:Queued HSMS Message : SSID(0), B2(2), B3(42), P(0), S(0), SB(58), Length[7]
2023-07-07 15:34:25,656[INFO ]:Message Stat : Queue[1], Sent[0], Recv[16]
2023-07-07 15:34:25,718[INFO ]:>>> Sent HSMS Message >>> : SSID(0), B2(2), B3(42), P(0), S(0), SB(58), Length[7]
2023-07-07 15:34:25,718[DEBUG]:>>>> HSMS Data [7] >>>>
    01-02-21-01  04-01-00
2023-07-07 15:34:26,200[INFO ]:Queued HSMS Message : SSID(0), B2(134), B3(11), P(0), S(0), SB(37), Length[54]
2023-07-07 15:34:26,200[INFO ]:Message Stat : Queue[1], Sent[0], Recv[15]
2023-07-07 15:34:26,210[INFO ]:>>> Sent HSMS Message >>> : SSID(0), B2(134), B3(11), P(0), S(0), SB(37), Length[54]
2023-07-07 15:34:26,210[DEBUG]:>>>> HSMS Data [54] >>>>
    01-03-B1-04  00-00-00-00  B1-04-00-00  04-4D-01-01
    01-02-B1-04  00-00-04-4D  01-07-41-04  54-4D-30-31
    A9-02-00-01  41-06-54-52  41-59-2D-31  41-00-A9-02
    00-00-41-00  41-00
2023-07-07 15:34:26,396[INFO ]:<<< Received HSMS Message <<< : SSID(0), B2(6), B3(12), P(0), S(0), SB(37), Length[3]
2023-07-07 15:34:26,396[DEBUG]:<<<< HSMS Data [3] <<<<
    21-01-00
2023-07-07 15:34:26,970[INFO ]:Queued HSMS Message : SSID(0), B2(134), B3(11), P(0), S(0), SB(38), Length[16]
2023-07-07 15:34:26,970[INFO ]:Message Stat : Queue[1], Sent[0], Recv[16]
2023-07-07 15:34:26,972[INFO ]:Queued HSMS Message : SSID(0), B2(134), B3(11), P(0), S(0), SB(39), Length[16]
2023-07-07 15:34:26,972[INFO ]:Message Stat : Queue[2], Sent[0], Recv[16]
2023-07-07 15:34:27,012[INFO ]:>>> Sent HSMS Message >>> : SSID(0), B2(134), B3(11), P(0), S(0), SB(38), Length[16]
2023-07-07 15:34:27,012[DEBUG]:>>>> HSMS Data [16] >>>>
    01-03-B1-04  00-00-00-00  B1-04-00-00  05-1F-01-00
2023-07-07 15:34:27,012[INFO ]:>>> Sent HSMS Message >>> : SSID(0), B2(134), B3(11), P(0), S(0), SB(39), Length[16]
2023-07-07 15:34:27,012[DEBUG]:>>>> HSMS Data [16] >>>>
    01-03-B1-04  00-00-00-00  B1-04-00-00  04-B1-01-00
2023-07-07 15:34:27,152[INFO ]:<<< Received HSMS Message <<< : SSID(0), B2(6), B3(12), P(0), S(0), SB(38), Length[3]
2023-07-07 15:34:27,152[DEBUG]:<<<< HSMS Data [3] <<<<
    21-01-00
2023-07-07 15:34:27,152[INFO ]:<<< Received HSMS Message <<< : SSID(0), B2(6), B3(12), P(0), S(0), SB(39), Length[3]
2023-07-07 15:34:27,152[DEBUG]:<<<< HSMS Data [3] <<<<
    21-01-00
2023-07-07 15:34:27,278[INFO ]:Queued HSMS Message : SSID(0), B2(134), B3(11), P(0), S(0), SB(40), Length[16]
2023-07-07 15:34:27,278[INFO ]:Message Stat : Queue[1], Sent[0], Recv[18]
2023-07-07 15:34:27,320[INFO ]:>>> Sent HSMS Message >>> : SSID(0), B2(134), B3(11), P(0), S(0), SB(40), Length[16]
2023-07-07 15:34:27,320[DEBUG]:>>>> HSMS Data [16] >>>>
    01-03-B1-04  00-00-00-00  B1-04-00-00  05-1F-01-00
2023-07-07 15:34:27,457[INFO ]:<<< Received HSMS Message <<< : SSID(0), B2(6), B3(12), P(0), S(0), SB(40), Length[3]
2023-07-07 15:34:27,457[DEBUG]:<<<< HSMS Data [3] <<<<
    21-01-00
2023-07-07 15:34:27,585[INFO ]:Queued HSMS Message : SSID(0), B2(134), B3(11), P(0), S(0), SB(41), Length[16]
2023-07-07 15:34:27,585[INFO ]:Message Stat : Queue[1], Sent[0], Recv[19]
2023-07-07 15:34:27,593[INFO ]:Queued HSMS Message : SSID(0), B2(134), B3(11), P(0), S(0), SB(42), Length[65]
2023-07-07 15:34:27,593[INFO ]:Message Stat : Queue[2], Sent[0], Recv[19]
2023-07-07 15:34:27,628[INFO ]:>>> Sent HSMS Message >>> : SSID(0), B2(134), B3(11), P(0), S(0), SB(41), Length[16]
2023-07-07 15:34:27,628[DEBUG]:>>>> HSMS Data [16] >>>>
    01-03-B1-04  00-00-00-00  B1-04-00-00  04-B2-01-00
2023-07-07 15:34:27,628[INFO ]:>>> Sent HSMS Message >>> : SSID(0), B2(134), B3(11), P(0), S(0), SB(42), Length[65]
2023-07-07 15:34:27,628[DEBUG]:>>>> HSMS Data [65] >>>>
    01-03-B1-04  00-00-00-00  B1-04-00-00  04-4D-01-01
    01-02-B1-04  00-00-04-4D  01-07-41-04  42-46-30-31
    A9-02-00-00  41-06-54-52  41-59-2D-31  41-00-A9-02
    00-00-41-0B  4C-4F-54-5F  30-30-31-5F  30-30-31-41
    00
2023-07-07 15:34:27,827[INFO ]:<<< Received HSMS Message <<< : SSID(0), B2(6), B3(12), P(0), S(0), SB(41), Length[3]
2023-07-07 15:34:27,827[DEBUG]:<<<< HSMS Data [3] <<<<
    21-01-00
2023-07-07 15:34:27,828[INFO ]:<<< Received HSMS Message <<< : SSID(0), B2(6), B3(12), P(0), S(0), SB(42), Length[3]
2023-07-07 15:34:27,828[DEBUG]:<<<< HSMS Data [3] <<<<
    21-01-00
2023-07-07 15:34:27,908[INFO ]:Queued HSMS Message : SSID(0), B2(134), B3(11), P(0), S(0), SB(43), Length[53]
2023-07-07 15:34:27,908[INFO ]:Message Stat : Queue[1], Sent[0], Recv[21]
2023-07-07 15:34:27,936[INFO ]:>>> Sent HSMS Message >>> : SSID(0), B2(134), B3(11), P(0), S(0), SB(43), Length[53]
2023-07-07 15:34:27,936[DEBUG]:>>>> HSMS Data [53] >>>>
    01-03-B1-04  00-00-00-00  B1-04-00-00  04-4E-01-01
    01-02-B1-04  00-00-04-4E  01-05-41-04  54-4D-30-31
    41-00-A9-02  00-00-41-0B  4C-4F-54-5F  30-30-31-5F
    30-30-31-41  00
2023-07-07 15:34:28,085[INFO ]:Queued HSMS Message : SSID(0), B2(134), B3(11), P(0), S(0), SB(44), Length[16]
2023-07-07 15:34:28,085[INFO ]:Message Stat : Queue[1], Sent[1], Recv[21]
2023-07-07 15:34:28,122[INFO ]:>>> Sent HSMS Message >>> : SSID(0), B2(134), B3(11), P(0), S(0), SB(44), Length[16]
2023-07-07 15:34:28,122[DEBUG]:>>>> HSMS Data [16] >>>>
    01-03-B1-04  00-00-00-00  B1-04-00-00  04-B1-01-00
2023-07-07 15:34:28,122[INFO ]:<<< Received HSMS Message <<< : SSID(0), B2(6), B3(12), P(0), S(0), SB(43), Length[3]
2023-07-07 15:34:28,122[DEBUG]:<<<< HSMS Data [3] <<<<
    21-01-00
2023-07-07 15:34:28,260[INFO ]:<<< Received HSMS Message <<< : SSID(0), B2(6), B3(12), P(0), S(0), SB(44), Length[3]
2023-07-07 15:34:28,260[DEBUG]:<<<< HSMS Data [3] <<<<
    21-01-00
2023-07-07 15:34:28,572[INFO ]:Queued HSMS Message : SSID(0), B2(134), B3(11), P(0), S(0), SB(45), Length[65]
2023-07-07 15:34:28,572[INFO ]:Message Stat : Queue[1], Sent[0], Recv[23]
2023-07-07 15:34:28,615[INFO ]:>>> Sent HSMS Message >>> : SSID(0), B2(134), B3(11), P(0), S(0), SB(45), Length[65]
2023-07-07 15:34:28,615[DEBUG]:>>>> HSMS Data [65] >>>>
    01-03-B1-04  00-00-00-00  B1-04-00-00  04-4D-01-01
    01-02-B1-04  00-00-04-4D  01-07-41-04  54-4D-30-31
    A9-02-00-00  41-06-54-52  41-59-2D-31  41-00-A9-02
    00-00-41-0B  4C-4F-54-5F  30-30-31-5F  30-30-31-41
    00
2023-07-07 15:34:28,743[INFO ]:Queued HSMS Message : SSID(0), B2(134), B3(11), P(0), S(0), SB(46), Length[65]
2023-07-07 15:34:28,743[INFO ]:Message Stat : Queue[1], Sent[1], Recv[23]
2023-07-07 15:34:28,750[INFO ]:Queued HSMS Message : SSID(0), B2(134), B3(11), P(0), S(0), SB(47), Length[16]
2023-07-07 15:34:28,750[INFO ]:Message Stat : Queue[2], Sent[1], Recv[23]
2023-07-07 15:34:28,757[INFO ]:Queued HSMS Message : SSID(0), B2(134), B3(11), P(0), S(0), SB(48), Length[66]
2023-07-07 15:34:28,757[INFO ]:Message Stat : Queue[3], Sent[1], Recv[23]
2023-07-07 15:34:28,785[INFO ]:<<< Received HSMS Message <<< : SSID(0), B2(6), B3(12), P(0), S(0), SB(45), Length[3]
2023-07-07 15:34:28,785[DEBUG]:<<<< HSMS Data [3] <<<<
    21-01-00
2023-07-07 15:34:28,801[INFO ]:>>> Sent HSMS Message >>> : SSID(0), B2(134), B3(11), P(0), S(0), SB(46), Length[65]
2023-07-07 15:34:28,801[DEBUG]:>>>> HSMS Data [65] >>>>
    01-03-B1-04  00-00-00-00  B1-04-00-00  04-4D-01-01
    01-02-B1-04  00-00-04-4D  01-07-41-04  54-4D-30-31
    A9-02-00-00  41-06-54-52  41-59-2D-31  41-00-A9-02
    00-00-41-0B  4C-4F-54-5F  30-30-31-5F  30-30-31-41
    00
2023-07-07 15:34:28,801[INFO ]:>>> Sent HSMS Message >>> : SSID(0), B2(134), B3(11), P(0), S(0), SB(47), Length[16]
2023-07-07 15:34:28,801[DEBUG]:>>>> HSMS Data [16] >>>>
    01-03-B1-04  00-00-00-00  B1-04-00-00  04-B2-01-00
2023-07-07 15:34:28,801[INFO ]:>>> Sent HSMS Message >>> : SSID(0), B2(134), B3(11), P(0), S(0), SB(48), Length[66]
2023-07-07 15:34:28,801[DEBUG]:>>>> HSMS Data [66] >>>>
    01-03-B1-04  00-00-00-00  B1-04-00-00  04-4D-01-01
    01-02-B1-04  00-00-04-4D  01-07-41-05  55-53-43-30
    31-A9-02-00  00-41-06-54  52-41-59-2D  31-41-00-A9
    02-00-00-41  0B-4C-4F-54  5F-30-30-31  5F-30-30-31
    41-00
2023-07-07 15:34:28,939[INFO ]:<<< Received HSMS Message <<< : SSID(0), B2(6), B3(12), P(0), S(0), SB(46), Length[3]
2023-07-07 15:34:28,939[DEBUG]:<<<< HSMS Data [3] <<<<
    21-01-00
2023-07-07 15:34:28,939[INFO ]:<<< Received HSMS Message <<< : SSID(0), B2(6), B3(12), P(0), S(0), SB(47), Length[3]
2023-07-07 15:34:28,939[DEBUG]:<<<< HSMS Data [3] <<<<
    21-01-00
2023-07-07 15:34:29,017[INFO ]:<<< Received HSMS Message <<< : SSID(0), B2(6), B3(12), P(0), S(0), SB(48), Length[3]
2023-07-07 15:34:29,017[DEBUG]:<<<< HSMS Data [3] <<<<
    21-01-00
2023-07-07 15:34:29,089[INFO ]:Queued HSMS Message : SSID(0), B2(134), B3(11), P(0), S(0), SB(49), Length[53]
2023-07-07 15:34:29,089[INFO ]:Message Stat : Queue[1], Sent[0], Recv[27]
2023-07-07 15:34:29,109[INFO ]:>>> Sent HSMS Message >>> : SSID(0), B2(134), B3(11), P(0), S(0), SB(49), Length[53]
2023-07-07 15:34:29,109[DEBUG]:>>>> HSMS Data [53] >>>>
    01-03-B1-04  00-00-00-00  B1-04-00-00  04-4E-01-01
    01-02-B1-04  00-00-04-4E  01-05-41-04  42-46-30-31
    41-00-A9-02  00-00-41-0B  4C-4F-54-5F  30-30-31-5F
    30-30-31-41  00
2023-07-07 15:34:29,245[INFO ]:<<< Received HSMS Message <<< : SSID(0), B2(6), B3(12), P(0), S(0), SB(49), Length[3]
2023-07-07 15:34:29,245[DEBUG]:<<<< HSMS Data [3] <<<<
    21-01-00
2023-07-07 15:34:29,272[INFO ]:Queued HSMS Message : SSID(0), B2(134), B3(11), P(0), S(0), SB(50), Length[16]
2023-07-07 15:34:29,272[INFO ]:Message Stat : Queue[1], Sent[0], Recv[28]
2023-07-07 15:34:29,291[INFO ]:>>> Sent HSMS Message >>> : SSID(0), B2(134), B3(11), P(0), S(0), SB(50), Length[16]
2023-07-07 15:34:29,291[DEBUG]:>>>> HSMS Data [16] >>>>
    01-03-B1-04  00-00-00-00  B1-04-00-00  04-B1-01-00
2023-07-07 15:34:29,433[INFO ]:Queued HSMS Message : SSID(0), B2(134), B3(11), P(0), S(0), SB(51), Length[16]
2023-07-07 15:34:29,433[INFO ]:Message Stat : Queue[1], Sent[1], Recv[28]
2023-07-07 15:34:29,460[INFO ]:<<< Received HSMS Message <<< : SSID(0), B2(6), B3(12), P(0), S(0), SB(50), Length[3]
2023-07-07 15:34:29,460[DEBUG]:<<<< HSMS Data [3] <<<<
    21-01-00
2023-07-07 15:34:29,475[INFO ]:>>> Sent HSMS Message >>> : SSID(0), B2(134), B3(11), P(0), S(0), SB(51), Length[16]
2023-07-07 15:34:29,475[DEBUG]:>>>> HSMS Data [16] >>>>
    01-03-B1-04  00-00-00-00  B1-04-00-00  04-B1-01-00
2023-07-07 15:34:29,660[INFO ]:<<< Received HSMS Message <<< : SSID(0), B2(6), B3(12), P(0), S(0), SB(51), Length[3]
2023-07-07 15:34:29,660[DEBUG]:<<<< HSMS Data [3] <<<<
    21-01-00
2023-07-07 15:34:29,776[INFO ]:Queued HSMS Message : SSID(0), B2(134), B3(11), P(0), S(0), SB(52), Length[72]
2023-07-07 15:34:29,776[INFO ]:Message Stat : Queue[1], Sent[0], Recv[30]
2023-07-07 15:34:29,782[INFO ]:>>> Sent HSMS Message >>> : SSID(0), B2(134), B3(11), P(0), S(0), SB(52), Length[72]
2023-07-07 15:34:29,782[DEBUG]:>>>> HSMS Data [72] >>>>
    01-03-B1-04  00-00-00-00  B1-04-00-00  04-4D-01-01
    01-02-B1-04  00-00-04-4D  01-07-41-04  42-46-30-31
    A9-02-00-00  41-06-54-52  41-59-2D-31  41-07-4C-4F
    54-5F-30-30  31-A9-02-00  01-41-0B-4C  4F-54-5F-30
    30-31-5F-30  30-31-41-00
2023-07-07 15:34:29,951[INFO ]:<<< Received HSMS Message <<< : SSID(0), B2(6), B3(12), P(0), S(0), SB(52), Length[3]
2023-07-07 15:34:29,951[DEBUG]:<<<< HSMS Data [3] <<<<
    21-01-00
2023-07-07 15:34:30,094[INFO ]:Queued HSMS Message : SSID(0), B2(134), B3(11), P(0), S(0), SB(53), Length[16]
2023-07-07 15:34:30,094[INFO ]:Message Stat : Queue[1], Sent[0], Recv[31]
2023-07-07 15:34:30,151[INFO ]:>>> Sent HSMS Message >>> : SSID(0), B2(134), B3(11), P(0), S(0), SB(53), Length[16]
2023-07-07 15:34:30,151[DEBUG]:>>>> HSMS Data [16] >>>>
    01-03-B1-04  00-00-00-00  B1-04-00-00  04-B2-01-00
2023-07-07 15:34:30,261[INFO ]:Queued HSMS Message : SSID(0), B2(134), B3(11), P(0), S(0), SB(54), Length[16]
2023-07-07 15:34:30,261[INFO ]:Message Stat : Queue[1], Sent[1], Recv[31]
2023-07-07 15:34:30,273[INFO ]:>>> Sent HSMS Message >>> : SSID(0), B2(134), B3(11), P(0), S(0), SB(54), Length[16]
2023-07-07 15:34:30,273[DEBUG]:>>>> HSMS Data [16] >>>>
    01-03-B1-04  00-00-00-00  B1-04-00-00  04-B1-01-00
2023-07-07 15:34:30,318[INFO ]:<<< Received HSMS Message <<< : SSID(0), B2(6), B3(12), P(0), S(0), SB(53), Length[3]
2023-07-07 15:34:30,318[DEBUG]:<<<< HSMS Data [3] <<<<
    21-01-00
2023-07-07 15:34:30,380[INFO ]:<<< Received HSMS Message <<< : SSID(0), B2(6), B3(12), P(0), S(0), SB(54), Length[3]
2023-07-07 15:34:30,380[DEBUG]:<<<< HSMS Data [3] <<<<
    21-01-00
2023-07-07 15:34:30,430[INFO ]:Queued HSMS Message : SSID(0), B2(134), B3(11), P(0), S(0), SB(55), Length[60]
2023-07-07 15:34:30,430[INFO ]:Message Stat : Queue[1], Sent[0], Recv[33]
2023-07-07 15:34:30,457[INFO ]:>>> Sent HSMS Message >>> : SSID(0), B2(134), B3(11), P(0), S(0), SB(55), Length[60]
2023-07-07 15:34:30,457[DEBUG]:>>>> HSMS Data [60] >>>>
    01-03-B1-04  00-00-00-00  B1-04-00-00  04-4E-01-01
    01-02-B1-04  00-00-04-4E  01-05-41-04  54-4D-30-31
    41-07-4C-4F  54-5F-30-30  31-A9-02-00  01-41-0B-4C
    4F-54-5F-30  30-31-5F-30  30-32-41-00
2023-07-07 15:34:30,596[INFO ]:<<< Received HSMS Message <<< : SSID(0), B2(6), B3(12), P(0), S(0), SB(55), Length[3]
2023-07-07 15:34:30,596[DEBUG]:<<<< HSMS Data [3] <<<<
    21-01-00
2023-07-07 15:34:31,064[INFO ]:Queued HSMS Message : SSID(0), B2(134), B3(11), P(0), S(0), SB(56), Length[72]
2023-07-07 15:34:31,064[INFO ]:Message Stat : Queue[1], Sent[0], Recv[34]
2023-07-07 15:34:31,075[INFO ]:>>> Sent HSMS Message >>> : SSID(0), B2(134), B3(11), P(0), S(0), SB(56), Length[72]
2023-07-07 15:34:31,075[DEBUG]:>>>> HSMS Data [72] >>>>
    01-03-B1-04  00-00-00-00  B1-04-00-00  04-4D-01-01
    01-02-B1-04  00-00-04-4D  01-07-41-04  54-4D-30-31
    A9-02-00-00  41-06-54-52  41-59-2D-31  41-07-4C-4F
    54-5F-30-30  31-A9-02-00  01-41-0B-4C  4F-54-5F-30
    30-31-5F-30  30-32-41-00
2023-07-07 15:34:31,213[INFO ]:<<< Received HSMS Message <<< : SSID(0), B2(6), B3(12), P(0), S(0), SB(56), Length[3]
2023-07-07 15:34:31,213[DEBUG]:<<<< HSMS Data [3] <<<<
    21-01-00
2023-07-07 15:34:39,391[INFO ]:Send LinkTest Request.
2023-07-07 15:34:39,391[INFO ]:Queued HSMS Message : SSID(65535), B2(0), B3(0), P(0), S(5), SB(57), Length[0]
2023-07-07 15:34:39,391[INFO ]:Message Stat : Queue[1], Sent[0], Recv[35]
2023-07-07 15:34:39,437[INFO ]:>>> Sent HSMS Message >>> : SSID(65535), B2(0), B3(0), P(0), S(5), SB(57), Length[0]
2023-07-07 15:34:39,577[INFO ]:Received LinkTest Response.
2023-07-07 15:34:39,577[INFO ]:<<< Received HSMS Message <<< : SSID(65535), B2(0), B3(0), P(0), S(6), SB(57), Length[0]
2023-07-07 15:36:41,639[INFO ]:Send LinkTest Request.
2023-07-07 15:36:41,639[INFO ]:Queued HSMS Message : SSID(65535), B2(0), B3(0), P(0), S(5), SB(58), Length[0]
2023-07-07 15:36:41,639[INFO ]:Message Stat : Queue[1], Sent[0], Recv[36]
2023-07-07 15:36:41,670[INFO ]:>>> Sent HSMS Message >>> : SSID(65535), B2(0), B3(0), P(0), S(5), SB(58), Length[0]
2023-07-07 15:36:41,778[INFO ]:Received LinkTest Response.
2023-07-07 15:36:41,778[INFO ]:<<< Received HSMS Message <<< : SSID(65535), B2(0), B3(0), P(0), S(6), SB(58), Length[0]
2023-07-07 15:38:43,778[INFO ]:Send LinkTest Request.
2023-07-07 15:38:43,778[INFO ]:Queued HSMS Message : SSID(65535), B2(0), B3(0), P(0), S(5), SB(59), Length[0]
2023-07-07 15:38:43,778[INFO ]:Message Stat : Queue[1], Sent[0], Recv[37]
2023-07-07 15:38:43,840[INFO ]:>>> Sent HSMS Message >>> : SSID(65535), B2(0), B3(0), P(0), S(5), SB(59), Length[0]
2023-07-07 15:38:43,964[INFO ]:Received LinkTest Response.
2023-07-07 15:38:43,964[INFO ]:<<< Received HSMS Message <<< : SSID(65535), B2(0), B3(0), P(0), S(6), SB(59), Length[0]
2023-07-07 15:39:19,650[INFO ]:Queued HSMS Message : SSID(0), B2(134), B3(11), P(0), S(0), SB(60), Length[16]
2023-07-07 15:39:19,650[INFO ]:Message Stat : Queue[1], Sent[0], Recv[38]
2023-07-07 15:39:19,652[INFO ]:Queued HSMS Message : SSID(0), B2(134), B3(11), P(0), S(0), SB(61), Length[16]
2023-07-07 15:39:19,652[INFO ]:Message Stat : Queue[2], Sent[0], Recv[38]
2023-07-07 15:39:19,708[INFO ]:>>> Sent HSMS Message >>> : SSID(0), B2(134), B3(11), P(0), S(0), SB(60), Length[16]
2023-07-07 15:39:19,708[DEBUG]:>>>> HSMS Data [16] >>>>
    01-03-B1-04  00-00-00-00  B1-04-00-00  04-B1-01-00
2023-07-07 15:39:19,708[INFO ]:>>> Sent HSMS Message >>> : SSID(0), B2(134), B3(11), P(0), S(0), SB(61), Length[16]
2023-07-07 15:39:19,708[DEBUG]:>>>> HSMS Data [16] >>>>
    01-03-B1-04  00-00-00-00  B1-04-00-00  04-B2-01-00
2023-07-07 15:39:19,877[INFO ]:<<< Received HSMS Message <<< : SSID(0), B2(6), B3(12), P(0), S(0), SB(60), Length[3]
2023-07-07 15:39:19,877[DEBUG]:<<<< HSMS Data [3] <<<<
    21-01-00
2023-07-07 15:39:19,877[INFO ]:<<< Received HSMS Message <<< : SSID(0), B2(6), B3(12), P(0), S(0), SB(61), Length[3]
2023-07-07 15:39:19,877[DEBUG]:<<<< HSMS Data [3] <<<<
    21-01-00
2023-07-07 15:39:33,585[INFO ]:Queued HSMS Message : SSID(0), B2(134), B3(11), P(0), S(0), SB(62), Length[16]
2023-07-07 15:39:33,585[INFO ]:Message Stat : Queue[1], Sent[0], Recv[40]
2023-07-07 15:39:33,628[INFO ]:>>> Sent HSMS Message >>> : SSID(0), B2(134), B3(11), P(0), S(0), SB(62), Length[16]
2023-07-07 15:39:33,628[DEBUG]:>>>> HSMS Data [16] >>>>
    01-03-B1-04  00-00-00-00  B1-04-00-00  04-B2-01-00
2023-07-07 15:39:33,755[INFO ]:Queued HSMS Message : SSID(0), B2(134), B3(11), P(0), S(0), SB(63), Length[67]
2023-07-07 15:39:33,755[INFO ]:Message Stat : Queue[1], Sent[1], Recv[40]
2023-07-07 15:39:33,799[INFO ]:<<< Received HSMS Message <<< : SSID(0), B2(6), B3(12), P(0), S(0), SB(62), Length[3]
2023-07-07 15:39:33,799[DEBUG]:<<<< HSMS Data [3] <<<<
    21-01-00
2023-07-07 15:39:33,814[INFO ]:>>> Sent HSMS Message >>> : SSID(0), B2(134), B3(11), P(0), S(0), SB(63), Length[67]
2023-07-07 15:39:33,814[DEBUG]:>>>> HSMS Data [67] >>>>
    01-03-B1-04  00-00-00-00  B1-04-00-00  04-4D-01-01
    01-02-B1-04  00-00-04-4D  01-07-41-05  55-53-43-30
    31-A9-02-00  00-41-00-41  07-4C-4F-54  5F-30-30-31
    A9-02-00-00  41-0B-4C-4F  54-5F-30-30  31-5F-30-30
    32-41-00
2023-07-07 15:39:34,005[INFO ]:Queued HSMS Message : SSID(0), B2(134), B3(11), P(0), S(0), SB(64), Length[16]
2023-07-07 15:39:34,005[INFO ]:Message Stat : Queue[1], Sent[1], Recv[41]
2023-07-07 15:39:34,016[INFO ]:<<< Received HSMS Message <<< : SSID(0), B2(6), B3(12), P(0), S(0), SB(63), Length[3]
2023-07-07 15:39:34,016[DEBUG]:<<<< HSMS Data [3] <<<<
    21-01-00
2023-07-07 15:39:34,062[INFO ]:>>> Sent HSMS Message >>> : SSID(0), B2(134), B3(11), P(0), S(0), SB(64), Length[16]
2023-07-07 15:39:34,062[DEBUG]:>>>> HSMS Data [16] >>>>
    01-03-B1-04  00-00-00-00  B1-04-00-00  04-B1-01-00
2023-07-07 15:39:34,233[INFO ]:<<< Received HSMS Message <<< : SSID(0), B2(6), B3(12), P(0), S(0), SB(64), Length[3]
2023-07-07 15:39:34,233[DEBUG]:<<<< HSMS Data [3] <<<<
    21-01-00
2023-07-07 15:39:34,352[INFO ]:Queued HSMS Message : SSID(0), B2(134), B3(11), P(0), S(0), SB(65), Length[60]
2023-07-07 15:39:34,352[INFO ]:Message Stat : Queue[1], Sent[0], Recv[43]
2023-07-07 15:39:34,373[INFO ]:>>> Sent HSMS Message >>> : SSID(0), B2(134), B3(11), P(0), S(0), SB(65), Length[60]
2023-07-07 15:39:34,373[DEBUG]:>>>> HSMS Data [60] >>>>
    01-03-B1-04  00-00-00-00  B1-04-00-00  04-4E-01-01
    01-02-B1-04  00-00-04-4E  01-05-41-04  42-46-30-31
    41-07-4C-4F  54-5F-30-30  31-A9-02-00  00-41-0B-4C
    4F-54-5F-30  30-31-5F-30  30-33-41-00
2023-07-07 15:39:34,525[INFO ]:<<< Received HSMS Message <<< : SSID(0), B2(6), B3(12), P(0), S(0), SB(65), Length[3]
2023-07-07 15:39:34,525[DEBUG]:<<<< HSMS Data [3] <<<<
    21-01-00
2023-07-07 15:39:34,683[INFO ]:Queued HSMS Message : SSID(0), B2(134), B3(11), P(0), S(0), SB(66), Length[16]
2023-07-07 15:39:34,683[INFO ]:Message Stat : Queue[1], Sent[0], Recv[44]
2023-07-07 15:39:34,738[INFO ]:>>> Sent HSMS Message >>> : SSID(0), B2(134), B3(11), P(0), S(0), SB(66), Length[16]
2023-07-07 15:39:34,738[DEBUG]:>>>> HSMS Data [16] >>>>
    01-03-B1-04  00-00-00-00  B1-04-00-00  04-B2-01-00
2023-07-07 15:39:34,892[INFO ]:<<< Received HSMS Message <<< : SSID(0), B2(6), B3(12), P(0), S(0), SB(66), Length[3]
2023-07-07 15:39:34,892[DEBUG]:<<<< HSMS Data [3] <<<<
    21-01-00
2023-07-07 15:39:35,300[INFO ]:Queued HSMS Message : SSID(0), B2(134), B3(11), P(0), S(0), SB(67), Length[66]
2023-07-07 15:39:35,300[INFO ]:Message Stat : Queue[1], Sent[0], Recv[45]
2023-07-07 15:39:35,351[INFO ]:>>> Sent HSMS Message >>> : SSID(0), B2(134), B3(11), P(0), S(0), SB(67), Length[66]
2023-07-07 15:39:35,351[DEBUG]:>>>> HSMS Data [66] >>>>
    01-03-B1-04  00-00-00-00  B1-04-00-00  04-4D-01-01
    01-02-B1-04  00-00-04-4D  01-07-41-04  42-46-30-31
    A9-02-00-00  41-00-41-07  4C-4F-54-5F  30-30-31-A9
    02-00-00-41  0B-4C-4F-54  5F-30-30-31  5F-30-30-33
    41-00
2023-07-07 15:39:35,489[INFO ]:<<< Received HSMS Message <<< : SSID(0), B2(6), B3(12), P(0), S(0), SB(67), Length[3]
2023-07-07 15:39:35,489[DEBUG]:<<<< HSMS Data [3] <<<<
    21-01-00
2023-07-07 15:39:35,754[INFO ]:Queued HSMS Message : SSID(0), B2(134), B3(11), P(0), S(0), SB(68), Length[60]
2023-07-07 15:39:35,755[INFO ]:Message Stat : Queue[1], Sent[0], Recv[46]
2023-07-07 15:39:35,780[INFO ]:>>> Sent HSMS Message >>> : SSID(0), B2(134), B3(11), P(0), S(0), SB(68), Length[60]
2023-07-07 15:39:35,780[DEBUG]:>>>> HSMS Data [60] >>>>
    01-03-B1-04  00-00-00-00  B1-04-00-00  04-4E-01-01
    01-02-B1-04  00-00-04-4E  01-05-41-04  54-4D-30-31
    41-07-4C-4F  54-5F-30-30  31-A9-02-00  00-41-0B-4C
    4F-54-5F-30  30-31-5F-30  30-33-41-00
2023-07-07 15:39:35,906[INFO ]:Queued HSMS Message : SSID(0), B2(134), B3(11), P(0), S(0), SB(69), Length[16]
2023-07-07 15:39:35,906[INFO ]:Message Stat : Queue[1], Sent[1], Recv[46]
2023-07-07 15:39:35,933[INFO ]:<<< Received HSMS Message <<< : SSID(0), B2(6), B3(12), P(0), S(0), SB(68), Length[3]
2023-07-07 15:39:35,933[DEBUG]:<<<< HSMS Data [3] <<<<
    21-01-00
2023-07-07 15:39:35,964[INFO ]:>>> Sent HSMS Message >>> : SSID(0), B2(134), B3(11), P(0), S(0), SB(69), Length[16]
2023-07-07 15:39:35,964[DEBUG]:>>>> HSMS Data [16] >>>>
    01-03-B1-04  00-00-00-00  B1-04-00-00  04-B1-01-00
2023-07-07 15:39:36,147[INFO ]:<<< Received HSMS Message <<< : SSID(0), B2(6), B3(12), P(0), S(0), SB(69), Length[3]
2023-07-07 15:39:36,147[DEBUG]:<<<< HSMS Data [3] <<<<
    21-01-00
2023-07-07 15:39:36,518[INFO ]:Queued HSMS Message : SSID(0), B2(134), B3(11), P(0), S(0), SB(70), Length[16]
2023-07-07 15:39:36,518[INFO ]:Message Stat : Queue[1], Sent[0], Recv[48]
2023-07-07 15:39:36,525[INFO ]:Queued HSMS Message : SSID(0), B2(134), B3(11), P(0), S(0), SB(71), Length[16]
2023-07-07 15:39:36,525[INFO ]:Message Stat : Queue[2], Sent[0], Recv[48]
2023-07-07 15:39:36,576[INFO ]:>>> Sent HSMS Message >>> : SSID(0), B2(134), B3(11), P(0), S(0), SB(70), Length[16]
2023-07-07 15:39:36,576[DEBUG]:>>>> HSMS Data [16] >>>>
    01-03-B1-04  00-00-00-00  B1-04-00-00  04-B2-01-00
2023-07-07 15:39:36,576[INFO ]:>>> Sent HSMS Message >>> : SSID(0), B2(134), B3(11), P(0), S(0), SB(71), Length[16]
2023-07-07 15:39:36,576[DEBUG]:>>>> HSMS Data [16] >>>>
    01-03-B1-04  00-00-00-00  B1-04-00-00  04-B1-01-00
2023-07-07 15:39:36,744[INFO ]:<<< Received HSMS Message <<< : SSID(0), B2(6), B3(12), P(0), S(0), SB(70), Length[3]
2023-07-07 15:39:36,744[DEBUG]:<<<< HSMS Data [3] <<<<
    21-01-00
2023-07-07 15:39:36,745[INFO ]:<<< Received HSMS Message <<< : SSID(0), B2(6), B3(12), P(0), S(0), SB(71), Length[3]
2023-07-07 15:39:36,745[DEBUG]:<<<< HSMS Data [3] <<<<
    21-01-00
2023-07-07 15:39:36,932[INFO ]:Queued HSMS Message : SSID(0), B2(134), B3(11), P(0), S(0), SB(72), Length[42]
2023-07-07 15:39:36,932[INFO ]:Message Stat : Queue[1], Sent[0], Recv[50]
2023-07-07 15:39:36,943[INFO ]:>>> Sent HSMS Message >>> : SSID(0), B2(134), B3(11), P(0), S(0), SB(72), Length[42]
2023-07-07 15:39:36,943[DEBUG]:>>>> HSMS Data [42] >>>>
    01-03-B1-04  00-00-00-00  B1-04-00-00  04-4E-01-01
    01-02-B1-04  00-00-04-4E  01-05-41-04  42-46-30-31
    41-00-A9-02  00-00-41-00  41-00
2023-07-07 15:39:37,111[INFO ]:<<< Received HSMS Message <<< : SSID(0), B2(6), B3(12), P(0), S(0), SB(72), Length[3]
2023-07-07 15:39:37,111[DEBUG]:<<<< HSMS Data [3] <<<<
    21-01-00
2023-07-07 15:39:37,574[INFO ]:Queued HSMS Message : SSID(0), B2(134), B3(11), P(0), S(0), SB(73), Length[43]
2023-07-07 15:39:37,575[INFO ]:Message Stat : Queue[1], Sent[0], Recv[51]
2023-07-07 15:39:37,616[INFO ]:>>> Sent HSMS Message >>> : SSID(0), B2(134), B3(11), P(0), S(0), SB(73), Length[43]
2023-07-07 15:39:37,616[DEBUG]:>>>> HSMS Data [43] >>>>
    01-03-B1-04  00-00-00-00  B1-04-00-00  04-4E-01-01
    01-02-B1-04  00-00-04-4E  01-05-41-05  55-53-43-30
    31-41-00-A9  02-00-00-41  00-41-00
2023-07-07 15:39:37,785[INFO ]:<<< Received HSMS Message <<< : SSID(0), B2(6), B3(12), P(0), S(0), SB(73), Length[3]
2023-07-07 15:39:37,785[DEBUG]:<<<< HSMS Data [3] <<<<
    21-01-00
2023-07-07 15:39:37,786[INFO ]:clear RecvQueue's items that over the life time.
2023-07-07 15:40:50,910[INFO ]:Send LinkTest Request.
2023-07-07 15:40:50,910[INFO ]:Queued HSMS Message : SSID(65535), B2(0), B3(0), P(0), S(5), SB(74), Length[0]
2023-07-07 15:40:50,910[INFO ]:Message Stat : Queue[1], Sent[0], Recv[15]
2023-07-07 15:40:50,926[INFO ]:>>> Sent HSMS Message >>> : SSID(65535), B2(0), B3(0), P(0), S(5), SB(74), Length[0]
2023-07-07 15:40:51,081[INFO ]:Received LinkTest Response.
2023-07-07 15:40:51,081[INFO ]:<<< Received HSMS Message <<< : SSID(65535), B2(0), B3(0), P(0), S(6), SB(74), Length[0]
2023-07-07 15:43:27,499[INFO ]:Send LinkTest Request.
2023-07-07 15:43:27,499[INFO ]:Queued HSMS Message : SSID(65535), B2(0), B3(0), P(0), S(5), SB(75), Length[0]
2023-07-07 15:43:27,499[INFO ]:Message Stat : Queue[1], Sent[0], Recv[16]
2023-07-07 15:43:27,545[INFO ]:>>> Sent HSMS Message >>> : SSID(65535), B2(0), B3(0), P(0), S(5), SB(75), Length[0]
2023-07-07 15:43:27,652[INFO ]:Received LinkTest Response.
2023-07-07 15:43:27,652[INFO ]:<<< Received HSMS Message <<< : SSID(65535), B2(0), B3(0), P(0), S(6), SB(75), Length[0]
2023-07-07 15:45:29,738[INFO ]:Send LinkTest Request.
2023-07-07 15:45:29,738[INFO ]:Queued HSMS Message : SSID(65535), B2(0), B3(0), P(0), S(5), SB(76), Length[0]
2023-07-07 15:45:29,738[INFO ]:Message Stat : Queue[1], Sent[0], Recv[17]
2023-07-07 15:45:29,753[INFO ]:>>> Sent HSMS Message >>> : SSID(65535), B2(0), B3(0), P(0), S(5), SB(76), Length[0]
2023-07-07 15:45:29,877[INFO ]:Received LinkTest Response.
2023-07-07 15:45:29,877[INFO ]:<<< Received HSMS Message <<< : SSID(65535), B2(0), B3(0), P(0), S(6), SB(76), Length[0]
2023-07-07 15:47:32,053[INFO ]:Send LinkTest Request.
2023-07-07 15:47:32,053[INFO ]:Queued HSMS Message : SSID(65535), B2(0), B3(0), P(0), S(5), SB(77), Length[0]
2023-07-07 15:47:32,053[INFO ]:Message Stat : Queue[1], Sent[0], Recv[18]
2023-07-07 15:47:32,068[INFO ]:>>> Sent HSMS Message >>> : SSID(65535), B2(0), B3(0), P(0), S(5), SB(77), Length[0]
2023-07-07 15:47:32,190[INFO ]:Received LinkTest Response.
2023-07-07 15:47:32,190[INFO ]:<<< Received HSMS Message <<< : SSID(65535), B2(0), B3(0), P(0), S(6), SB(77), Length[0]
2023-07-07 15:49:34,399[INFO ]:Send LinkTest Request.
2023-07-07 15:49:34,399[INFO ]:Queued HSMS Message : SSID(65535), B2(0), B3(0), P(0), S(5), SB(78), Length[0]
2023-07-07 15:49:34,399[INFO ]:Message Stat : Queue[1], Sent[0], Recv[19]
2023-07-07 15:49:34,461[INFO ]:>>> Sent HSMS Message >>> : SSID(65535), B2(0), B3(0), P(0), S(5), SB(78), Length[0]
2023-07-07 15:49:34,569[INFO ]:Received LinkTest Response.
2023-07-07 15:49:34,569[INFO ]:<<< Received HSMS Message <<< : SSID(65535), B2(0), B3(0), P(0), S(6), SB(78), Length[0]
2023-07-07 15:51:36,534[INFO ]:Send LinkTest Request.
2023-07-07 15:51:36,534[INFO ]:Queued HSMS Message : SSID(65535), B2(0), B3(0), P(0), S(5), SB(79), Length[0]
2023-07-07 15:51:36,534[INFO ]:Message Stat : Queue[1], Sent[0], Recv[20]
2023-07-07 15:51:36,580[INFO ]:>>> Sent HSMS Message >>> : SSID(65535), B2(0), B3(0), P(0), S(5), SB(79), Length[0]
2023-07-07 15:51:36,687[INFO ]:Received LinkTest Response.
2023-07-07 15:51:36,687[INFO ]:<<< Received HSMS Message <<< : SSID(65535), B2(0), B3(0), P(0), S(6), SB(79), Length[0]
2023-07-07 15:53:38,703[INFO ]:Send LinkTest Request.
2023-07-07 15:53:38,703[INFO ]:Queued HSMS Message : SSID(65535), B2(0), B3(0), P(0), S(5), SB(80), Length[0]
2023-07-07 15:53:38,703[INFO ]:Message Stat : Queue[1], Sent[0], Recv[21]
2023-07-07 15:53:38,734[INFO ]:>>> Sent HSMS Message >>> : SSID(65535), B2(0), B3(0), P(0), S(5), SB(80), Length[0]
2023-07-07 15:53:38,857[INFO ]:Received LinkTest Response.
2023-07-07 15:53:38,857[INFO ]:<<< Received HSMS Message <<< : SSID(65535), B2(0), B3(0), P(0), S(6), SB(80), Length[0]
2023-07-07 15:55:40,933[INFO ]:Send LinkTest Request.
2023-07-07 15:55:40,933[INFO ]:Queued HSMS Message : SSID(65535), B2(0), B3(0), P(0), S(5), SB(81), Length[0]
2023-07-07 15:55:40,933[INFO ]:Message Stat : Queue[1], Sent[0], Recv[22]
2023-07-07 15:55:40,948[INFO ]:>>> Sent HSMS Message >>> : SSID(65535), B2(0), B3(0), P(0), S(5), SB(81), Length[0]
2023-07-07 15:55:41,056[INFO ]:Received LinkTest Response.
2023-07-07 15:55:41,056[INFO ]:<<< Received HSMS Message <<< : SSID(65535), B2(0), B3(0), P(0), S(6), SB(81), Length[0]
2023-07-07 15:57:42,761[INFO ]:Send LinkTest Request.
2023-07-07 15:57:42,761[INFO ]:Queued HSMS Message : SSID(65535), B2(0), B3(0), P(0), S(5), SB(82), Length[0]
2023-07-07 15:57:42,761[INFO ]:Message Stat : Queue[1], Sent[0], Recv[23]
2023-07-07 15:57:42,808[INFO ]:>>> Sent HSMS Message >>> : SSID(65535), B2(0), B3(0), P(0), S(5), SB(82), Length[0]
2023-07-07 15:57:42,931[INFO ]:Received LinkTest Response.
2023-07-07 15:57:42,931[INFO ]:<<< Received HSMS Message <<< : SSID(65535), B2(0), B3(0), P(0), S(6), SB(82), Length[0]
2023-07-07 15:59:44,377[INFO ]:Send LinkTest Request.
2023-07-07 15:59:44,377[INFO ]:Queued HSMS Message : SSID(65535), B2(0), B3(0), P(0), S(5), SB(83), Length[0]
2023-07-07 15:59:44,377[INFO ]:Message Stat : Queue[1], Sent[0], Recv[24]
2023-07-07 15:59:44,437[INFO ]:>>> Sent HSMS Message >>> : SSID(65535), B2(0), B3(0), P(0), S(5), SB(83), Length[0]
2023-07-07 15:59:44,560[INFO ]:Received LinkTest Response.
2023-07-07 15:59:44,560[INFO ]:<<< Received HSMS Message <<< : SSID(65535), B2(0), B3(0), P(0), S(6), SB(83), Length[0]
