2023-08-22 22:00:10,367[INFO ]:Before Clear Queue.
2023-08-22 22:00:10,374[INFO ]:Clear Queue.
2023-08-22 22:00:10,374[INFO ]:Reset System Bytes to Zero(0).
2023-08-22 22:00:10,375[INFO ]:Connection Mode : Passive
2023-08-22 22:00:10,397[INFO ]:Thread State Changed : Working
2023-08-22 22:00:10,398[INFO ]:Start RunThreadPassive()
2023-08-22 22:00:10,398[INFO ]:Listening State Changed : Open
2023-08-22 22:00:10,398[INFO ]:Socket Listener was Started.
2023-08-22 22:00:10,398[INFO ]:Before Clear Queue.
2023-08-22 22:00:10,398[INFO ]:Clear Queue.
2023-08-22 22:00:10,398[INFO ]:Waiting New Connection...
2023-08-22 22:00:15,764[INFO ]:Accept New Connection.
2023-08-22 22:00:15,764[INFO ]:Listening State Changed : Close
2023-08-22 22:00:15,764[INFO ]:Start New Connection.
2023-08-22 22:00:15,766[INFO ]:HSMS Connection State Is Changed : 0 -> 1
2023-08-22 22:00:15,769[INFO ]:Start Basic Timer Due(1000), Period(1000)
2023-08-22 22:00:15,770[INFO ]:Started Basic Timer.
2023-08-22 22:00:15,775[INFO ]:Start Recv Thread.
2023-08-22 22:00:15,775[INFO ]:Start RunThreadRecv()
2023-08-22 22:00:15,782[INFO ]:Queued HSMS Message : SSID(65535), B2(0), B3(0), P(0), S(2), SB(28,425), Length[0]
2023-08-22 22:00:15,782[INFO ]:Message Stat : Queue[1], Sent[0], Recv[1]
2023-08-22 22:00:15,782[INFO ]:HSMS Connection State Is Changed : 1 -> 3
2023-08-22 22:00:15,783[INFO ]:Received Select Request.
2023-08-22 22:00:15,784[INFO ]:<<< Received HSMS Message <<< : SSID(65535), B2(0), B3(0), P(0), S(1), SB(28,425), Length[0]
2023-08-22 22:00:15,784[INFO ]:Send LinkTest Request.
2023-08-22 22:00:15,785[INFO ]:Queued HSMS Message : SSID(65535), B2(0), B3(0), P(0), S(5), SB(0), Length[0]
2023-08-22 22:00:15,785[INFO ]:Message Stat : Queue[2], Sent[0], Recv[1]
2023-08-22 22:00:15,828[INFO ]:Sent Select Response.
2023-08-22 22:00:15,828[INFO ]:>>> Sent HSMS Message >>> : SSID(65535), B2(0), B3(0), P(0), S(2), SB(28,425), Length[0]
2023-08-22 22:00:15,828[INFO ]:>>> Sent HSMS Message >>> : SSID(65535), B2(0), B3(0), P(0), S(5), SB(0), Length[0]
2023-08-22 22:00:15,856[INFO ]:Received LinkTest Response.
2023-08-22 22:00:15,856[INFO ]:<<< Received HSMS Message <<< : SSID(65535), B2(0), B3(0), P(0), S(6), SB(0), Length[0]
2023-08-22 22:00:15,934[INFO ]:Queued HSMS Message : SSID(0), B2(129), B3(13), P(0), S(0), SB(1), Length[23]
2023-08-22 22:00:15,934[INFO ]:Message Stat : Queue[1], Sent[0], Recv[1]
2023-08-22 22:00:15,947[INFO ]:>>> Sent HSMS Message >>> : SSID(0), B2(129), B3(13), P(0), S(0), SB(1), Length[23]
2023-08-22 22:00:15,948[DEBUG]:>>>> HSMS Data [23] >>>>
    01-02-41-03  55-50-4B-41  0E-31-2E-30  2E-38-36-33
    34-2E-33-39  36-30-33
2023-08-22 22:00:16,084[INFO ]:<<< Received HSMS Message <<< : SSID(0), B2(1), B3(14), P(0), S(0), SB(1), Length[7]
2023-08-22 22:00:16,084[DEBUG]:<<<< HSMS Data [7] <<<<
    01-02-21-01  00-01-00
2023-08-22 22:00:29,518[INFO ]:<<< Received HSMS Message <<< : SSID(0), B2(130), B3(41), P(0), S(0), SB(28,433), Length[11]
2023-08-22 22:00:29,518[DEBUG]:<<<< HSMS Data [11] <<<<
    01-02-41-05  50-41-55-53  45-01-00
2023-08-22 22:00:29,587[INFO ]:Queued HSMS Message : SSID(0), B2(2), B3(42), P(0), S(0), SB(28,433), Length[7]
2023-08-22 22:00:29,587[INFO ]:Message Stat : Queue[1], Sent[0], Recv[3]
2023-08-22 22:00:29,626[INFO ]:>>> Sent HSMS Message >>> : SSID(0), B2(2), B3(42), P(0), S(0), SB(28,433), Length[7]
2023-08-22 22:00:29,626[DEBUG]:>>>> HSMS Data [7] >>>>
    01-02-21-01  04-01-00
2023-08-22 22:00:35,694[INFO ]:<<< Received HSMS Message <<< : SSID(0), B2(130), B3(41), P(0), S(0), SB(28,435), Length[12]
2023-08-22 22:00:35,694[DEBUG]:<<<< HSMS Data [12] <<<<
    01-02-41-06  52-45-53-55  4D-45-01-00
2023-08-22 22:00:35,696[INFO ]:Queued HSMS Message : SSID(0), B2(2), B3(42), P(0), S(0), SB(28,435), Length[7]
2023-08-22 22:00:35,696[INFO ]:Message Stat : Queue[1], Sent[0], Recv[3]
2023-08-22 22:00:35,741[INFO ]:>>> Sent HSMS Message >>> : SSID(0), B2(2), B3(42), P(0), S(0), SB(28,435), Length[7]
2023-08-22 22:00:35,741[DEBUG]:>>>> HSMS Data [7] >>>>
    01-02-21-01  04-01-00
2023-08-22 22:00:39,670[INFO ]:Queued HSMS Message : SSID(0), B2(134), B3(11), P(0), S(0), SB(2), Length[34]
2023-08-22 22:00:39,670[INFO ]:Message Stat : Queue[1], Sent[0], Recv[2]
2023-08-22 22:00:39,728[INFO ]:>>> Sent HSMS Message >>> : SSID(0), B2(134), B3(11), P(0), S(0), SB(2), Length[34]
2023-08-22 22:00:39,728[DEBUG]:>>>> HSMS Data [34] >>>>
    01-03-B1-04  00-00-00-00  B1-04-00-00  04-1B-01-01
    01-02-B1-04  00-00-04-1B  01-02-A9-02  00-01-A9-02
    00-04
2023-08-22 22:00:39,758[INFO ]:<<< Received HSMS Message <<< : SSID(0), B2(6), B3(12), P(0), S(0), SB(2), Length[3]
2023-08-22 22:00:39,758[DEBUG]:<<<< HSMS Data [3] <<<<
    21-01-00
2023-08-22 22:00:57,472[INFO ]:<<< Received HSMS Message <<< : SSID(0), B2(130), B3(41), P(0), S(0), SB(28,439), Length[11]
2023-08-22 22:00:57,472[DEBUG]:<<<< HSMS Data [11] <<<<
    01-02-41-05  50-41-55-53  45-01-00
2023-08-22 22:00:57,473[INFO ]:Queued HSMS Message : SSID(0), B2(2), B3(42), P(0), S(0), SB(28,439), Length[7]
2023-08-22 22:00:57,473[INFO ]:Message Stat : Queue[1], Sent[0], Recv[4]
2023-08-22 22:00:57,518[INFO ]:>>> Sent HSMS Message >>> : SSID(0), B2(2), B3(42), P(0), S(0), SB(28,439), Length[7]
2023-08-22 22:00:57,518[DEBUG]:>>>> HSMS Data [7] >>>>
    01-02-21-01  04-01-00
2023-08-22 22:00:58,224[INFO ]:Queued HSMS Message : SSID(0), B2(134), B3(11), P(0), S(0), SB(3), Length[34]
2023-08-22 22:00:58,224[INFO ]:Message Stat : Queue[1], Sent[0], Recv[3]
2023-08-22 22:00:58,255[INFO ]:>>> Sent HSMS Message >>> : SSID(0), B2(134), B3(11), P(0), S(0), SB(3), Length[34]
2023-08-22 22:00:58,255[DEBUG]:>>>> HSMS Data [34] >>>>
    01-03-B1-04  00-00-00-00  B1-04-00-00  04-1B-01-01
    01-02-B1-04  00-00-04-1B  01-02-A9-02  00-04-A9-02
    00-01
2023-08-22 22:00:58,315[INFO ]:<<< Received HSMS Message <<< : SSID(0), B2(6), B3(12), P(0), S(0), SB(3), Length[3]
2023-08-22 22:00:58,315[DEBUG]:<<<< HSMS Data [3] <<<<
    21-01-00
2023-08-22 22:01:01,972[INFO ]:<<< Received HSMS Message <<< : SSID(0), B2(130), B3(41), P(0), S(0), SB(28,443), Length[12]
2023-08-22 22:01:01,972[DEBUG]:<<<< HSMS Data [12] <<<<
    01-02-41-06  52-45-53-55  4D-45-01-00
2023-08-22 22:01:01,972[INFO ]:Queued HSMS Message : SSID(0), B2(2), B3(42), P(0), S(0), SB(28,443), Length[7]
2023-08-22 22:01:01,972[INFO ]:Message Stat : Queue[1], Sent[0], Recv[5]
2023-08-22 22:01:02,034[INFO ]:>>> Sent HSMS Message >>> : SSID(0), B2(2), B3(42), P(0), S(0), SB(28,443), Length[7]
2023-08-22 22:01:02,034[DEBUG]:>>>> HSMS Data [7] >>>>
    01-02-21-01  04-01-00
2023-08-22 22:01:05,580[INFO ]:Queued HSMS Message : SSID(0), B2(134), B3(11), P(0), S(0), SB(4), Length[34]
2023-08-22 22:01:05,580[INFO ]:Message Stat : Queue[1], Sent[0], Recv[4]
2023-08-22 22:01:05,641[INFO ]:>>> Sent HSMS Message >>> : SSID(0), B2(134), B3(11), P(0), S(0), SB(4), Length[34]
2023-08-22 22:01:05,642[DEBUG]:>>>> HSMS Data [34] >>>>
    01-03-B1-04  00-00-00-00  B1-04-00-00  04-1B-01-01
    01-02-B1-04  00-00-04-1B  01-02-A9-02  00-01-A9-02
    00-04
2023-08-22 22:01:05,716[INFO ]:<<< Received HSMS Message <<< : SSID(0), B2(6), B3(12), P(0), S(0), SB(4), Length[3]
2023-08-22 22:01:05,716[DEBUG]:<<<< HSMS Data [3] <<<<
    21-01-00
2023-08-22 22:01:27,462[INFO ]:<<< Received HSMS Message <<< : SSID(0), B2(130), B3(41), P(0), S(0), SB(28,447), Length[11]
2023-08-22 22:01:27,462[DEBUG]:<<<< HSMS Data [11] <<<<
    01-02-41-05  50-41-55-53  45-01-00
2023-08-22 22:01:27,463[INFO ]:Queued HSMS Message : SSID(0), B2(2), B3(42), P(0), S(0), SB(28,447), Length[7]
2023-08-22 22:01:27,464[INFO ]:Message Stat : Queue[1], Sent[0], Recv[6]
2023-08-22 22:01:27,509[INFO ]:>>> Sent HSMS Message >>> : SSID(0), B2(2), B3(42), P(0), S(0), SB(28,447), Length[7]
2023-08-22 22:01:27,509[DEBUG]:>>>> HSMS Data [7] >>>>
    01-02-21-01  04-01-00
2023-08-22 22:01:28,336[INFO ]:Queued HSMS Message : SSID(0), B2(134), B3(11), P(0), S(0), SB(5), Length[34]
2023-08-22 22:01:28,336[INFO ]:Message Stat : Queue[1], Sent[0], Recv[5]
2023-08-22 22:01:28,367[INFO ]:>>> Sent HSMS Message >>> : SSID(0), B2(134), B3(11), P(0), S(0), SB(5), Length[34]
2023-08-22 22:01:28,367[DEBUG]:>>>> HSMS Data [34] >>>>
    01-03-B1-04  00-00-00-00  B1-04-00-00  04-1B-01-01
    01-02-B1-04  00-00-04-1B  01-02-A9-02  00-04-A9-02
    00-01
2023-08-22 22:01:28,394[INFO ]:<<< Received HSMS Message <<< : SSID(0), B2(6), B3(12), P(0), S(0), SB(5), Length[3]
2023-08-22 22:01:28,395[DEBUG]:<<<< HSMS Data [3] <<<<
    21-01-00
2023-08-22 22:01:33,792[INFO ]:<<< Received HSMS Message <<< : SSID(0), B2(130), B3(41), P(0), S(0), SB(28,451), Length[12]
2023-08-22 22:01:33,792[DEBUG]:<<<< HSMS Data [12] <<<<
    01-02-41-06  52-45-53-55  4D-45-01-00
2023-08-22 22:01:33,793[INFO ]:Queued HSMS Message : SSID(0), B2(2), B3(42), P(0), S(0), SB(28,451), Length[7]
2023-08-22 22:01:33,793[INFO ]:Message Stat : Queue[1], Sent[0], Recv[7]
2023-08-22 22:01:33,853[INFO ]:>>> Sent HSMS Message >>> : SSID(0), B2(2), B3(42), P(0), S(0), SB(28,451), Length[7]
2023-08-22 22:01:33,853[DEBUG]:>>>> HSMS Data [7] >>>>
    01-02-21-01  04-01-00
2023-08-22 22:01:37,733[INFO ]:Queued HSMS Message : SSID(0), B2(134), B3(11), P(0), S(0), SB(6), Length[34]
2023-08-22 22:01:37,733[INFO ]:Message Stat : Queue[1], Sent[0], Recv[6]
2023-08-22 22:01:37,763[INFO ]:>>> Sent HSMS Message >>> : SSID(0), B2(134), B3(11), P(0), S(0), SB(6), Length[34]
2023-08-22 22:01:37,763[DEBUG]:>>>> HSMS Data [34] >>>>
    01-03-B1-04  00-00-00-00  B1-04-00-00  04-1B-01-01
    01-02-B1-04  00-00-04-1B  01-02-A9-02  00-01-A9-02
    00-04
2023-08-22 22:01:37,840[INFO ]:<<< Received HSMS Message <<< : SSID(0), B2(6), B3(12), P(0), S(0), SB(6), Length[3]
2023-08-22 22:01:37,840[DEBUG]:<<<< HSMS Data [3] <<<<
    21-01-00
2023-08-22 22:02:09,109[INFO ]:Received LinkTest Request.
2023-08-22 22:02:09,109[INFO ]:<<< Received HSMS Message <<< : SSID(65535), B2(0), B3(0), P(0), S(5), SB(28,455), Length[0]
2023-08-22 22:02:09,109[INFO ]:Queued HSMS Message : SSID(65535), B2(0), B3(0), P(0), S(6), SB(28,455), Length[0]
2023-08-22 22:02:09,109[INFO ]:Message Stat : Queue[1], Sent[0], Recv[8]
2023-08-22 22:02:09,139[INFO ]:Sent LinkTest Response.
2023-08-22 22:02:09,139[INFO ]:>>> Sent HSMS Message >>> : SSID(65535), B2(0), B3(0), P(0), S(6), SB(28,455), Length[0]
2023-08-22 22:02:16,733[INFO ]:Send LinkTest Request.
2023-08-22 22:02:16,733[INFO ]:Queued HSMS Message : SSID(65535), B2(0), B3(0), P(0), S(5), SB(7), Length[0]
2023-08-22 22:02:16,733[INFO ]:Message Stat : Queue[1], Sent[0], Recv[7]
2023-08-22 22:02:16,779[INFO ]:>>> Sent HSMS Message >>> : SSID(65535), B2(0), B3(0), P(0), S(5), SB(7), Length[0]
2023-08-22 22:02:16,824[INFO ]:Received LinkTest Response.
2023-08-22 22:02:16,824[INFO ]:<<< Received HSMS Message <<< : SSID(65535), B2(0), B3(0), P(0), S(6), SB(7), Length[0]
2023-08-22 22:02:48,080[INFO ]:Received LinkTest Request.
2023-08-22 22:02:48,080[INFO ]:<<< Received HSMS Message <<< : SSID(65535), B2(0), B3(0), P(0), S(5), SB(28,461), Length[0]
2023-08-22 22:02:48,080[INFO ]:Queued HSMS Message : SSID(65535), B2(0), B3(0), P(0), S(6), SB(28,461), Length[0]
2023-08-22 22:02:48,080[INFO ]:Message Stat : Queue[1], Sent[0], Recv[9]
2023-08-22 22:02:48,095[INFO ]:Sent LinkTest Response.
2023-08-22 22:02:48,095[INFO ]:>>> Sent HSMS Message >>> : SSID(65535), B2(0), B3(0), P(0), S(6), SB(28,461), Length[0]
2023-08-22 22:03:19,601[INFO ]:Received LinkTest Request.
2023-08-22 22:03:19,601[INFO ]:<<< Received HSMS Message <<< : SSID(65535), B2(0), B3(0), P(0), S(5), SB(28,465), Length[0]
2023-08-22 22:03:19,601[INFO ]:Queued HSMS Message : SSID(65535), B2(0), B3(0), P(0), S(6), SB(28,465), Length[0]
2023-08-22 22:03:19,601[INFO ]:Message Stat : Queue[1], Sent[0], Recv[9]
2023-08-22 22:03:19,632[INFO ]:Sent LinkTest Response.
2023-08-22 22:03:19,632[INFO ]:>>> Sent HSMS Message >>> : SSID(65535), B2(0), B3(0), P(0), S(6), SB(28,465), Length[0]
2023-08-22 22:03:51,065[INFO ]:Received LinkTest Request.
2023-08-22 22:03:51,065[INFO ]:<<< Received HSMS Message <<< : SSID(65535), B2(0), B3(0), P(0), S(5), SB(28,469), Length[0]
2023-08-22 22:03:51,065[INFO ]:Queued HSMS Message : SSID(65535), B2(0), B3(0), P(0), S(6), SB(28,469), Length[0]
2023-08-22 22:03:51,065[INFO ]:Message Stat : Queue[1], Sent[0], Recv[9]
2023-08-22 22:03:51,095[INFO ]:Sent LinkTest Response.
2023-08-22 22:03:51,095[INFO ]:>>> Sent HSMS Message >>> : SSID(65535), B2(0), B3(0), P(0), S(6), SB(28,469), Length[0]
2023-08-22 22:04:12,051[INFO ]:Before Clear Queue.
2023-08-22 22:04:12,059[INFO ]:Clear Queue.
2023-08-22 22:04:12,059[INFO ]:Reset System Bytes to Zero(0).
2023-08-22 22:04:12,059[INFO ]:Connection Mode : Passive
2023-08-22 22:04:12,065[INFO ]:Thread State Changed : Working
2023-08-22 22:04:12,066[INFO ]:Start RunThreadPassive()
2023-08-22 22:04:12,067[INFO ]:Listening State Changed : Open
2023-08-22 22:04:12,067[INFO ]:Socket Listener was Started.
2023-08-22 22:04:12,067[INFO ]:Before Clear Queue.
2023-08-22 22:04:12,067[INFO ]:Clear Queue.
2023-08-22 22:04:12,067[INFO ]:Waiting New Connection...
2023-08-22 22:04:16,661[INFO ]:Accept New Connection.
2023-08-22 22:04:16,661[INFO ]:Listening State Changed : Close
2023-08-22 22:04:16,661[INFO ]:Start New Connection.
2023-08-22 22:04:16,662[INFO ]:HSMS Connection State Is Changed : 0 -> 1
2023-08-22 22:04:16,667[INFO ]:Start Basic Timer Due(1000), Period(1000)
2023-08-22 22:04:16,668[INFO ]:Started Basic Timer.
2023-08-22 22:04:16,673[INFO ]:Start Recv Thread.
2023-08-22 22:04:16,673[INFO ]:Start RunThreadRecv()
2023-08-22 22:04:16,680[INFO ]:Queued HSMS Message : SSID(65535), B2(0), B3(0), P(0), S(2), SB(28,473), Length[0]
2023-08-22 22:04:16,681[INFO ]:Message Stat : Queue[1], Sent[0], Recv[1]
2023-08-22 22:04:16,681[INFO ]:HSMS Connection State Is Changed : 1 -> 3
2023-08-22 22:04:16,684[INFO ]:Received Select Request.
2023-08-22 22:04:16,684[INFO ]:<<< Received HSMS Message <<< : SSID(65535), B2(0), B3(0), P(0), S(1), SB(28,473), Length[0]
2023-08-22 22:04:16,684[INFO ]:Send LinkTest Request.
2023-08-22 22:04:16,684[INFO ]:Queued HSMS Message : SSID(65535), B2(0), B3(0), P(0), S(5), SB(0), Length[0]
2023-08-22 22:04:16,684[INFO ]:Message Stat : Queue[2], Sent[0], Recv[1]
2023-08-22 22:04:16,698[INFO ]:Queued HSMS Message : SSID(0), B2(129), B3(13), P(0), S(0), SB(1), Length[23]
2023-08-22 22:04:16,698[INFO ]:Message Stat : Queue[3], Sent[0], Recv[1]
2023-08-22 22:04:16,739[INFO ]:Sent Select Response.
2023-08-22 22:04:16,739[INFO ]:>>> Sent HSMS Message >>> : SSID(65535), B2(0), B3(0), P(0), S(2), SB(28,473), Length[0]
2023-08-22 22:04:16,739[INFO ]:>>> Sent HSMS Message >>> : SSID(65535), B2(0), B3(0), P(0), S(5), SB(0), Length[0]
2023-08-22 22:04:16,739[INFO ]:>>> Sent HSMS Message >>> : SSID(0), B2(129), B3(13), P(0), S(0), SB(1), Length[23]
2023-08-22 22:04:16,740[DEBUG]:>>>> HSMS Data [23] >>>>
    01-02-41-03  55-50-4B-41  0E-31-2E-30  2E-38-36-33
    34-2E-33-39  37-32-34
2023-08-22 22:04:16,752[INFO ]:Received LinkTest Response.
2023-08-22 22:04:16,752[INFO ]:<<< Received HSMS Message <<< : SSID(65535), B2(0), B3(0), P(0), S(6), SB(0), Length[0]
2023-08-22 22:04:16,759[INFO ]:<<< Received HSMS Message <<< : SSID(0), B2(1), B3(14), P(0), S(0), SB(1), Length[7]
2023-08-22 22:04:16,760[DEBUG]:<<<< HSMS Data [7] <<<<
    01-02-21-01  00-01-00
2023-08-22 22:04:20,448[INFO ]:<<< Received HSMS Message <<< : SSID(0), B2(130), B3(41), P(0), S(0), SB(28,481), Length[11]
2023-08-22 22:04:20,448[DEBUG]:<<<< HSMS Data [11] <<<<
    01-02-41-05  50-41-55-53  45-01-00
2023-08-22 22:04:20,468[INFO ]:Queued HSMS Message : SSID(0), B2(2), B3(42), P(0), S(0), SB(28,481), Length[7]
2023-08-22 22:04:20,468[INFO ]:Message Stat : Queue[1], Sent[0], Recv[3]
2023-08-22 22:04:20,525[INFO ]:>>> Sent HSMS Message >>> : SSID(0), B2(2), B3(42), P(0), S(0), SB(28,481), Length[7]
2023-08-22 22:04:20,525[DEBUG]:>>>> HSMS Data [7] >>>>
    01-02-21-01  04-01-00
2023-08-22 22:04:21,179[INFO ]:Queued HSMS Message : SSID(0), B2(134), B3(11), P(0), S(0), SB(2), Length[34]
2023-08-22 22:04:21,179[INFO ]:Message Stat : Queue[1], Sent[0], Recv[2]
2023-08-22 22:04:21,194[INFO ]:>>> Sent HSMS Message >>> : SSID(0), B2(134), B3(11), P(0), S(0), SB(2), Length[34]
2023-08-22 22:04:21,194[DEBUG]:>>>> HSMS Data [34] >>>>
    01-03-B1-04  00-00-00-00  B1-04-00-00  04-1B-01-01
    01-02-B1-04  00-00-04-1B  01-02-A9-02  00-04-A9-02
    00-01
2023-08-22 22:04:21,224[INFO ]:<<< Received HSMS Message <<< : SSID(0), B2(6), B3(12), P(0), S(0), SB(2), Length[3]
2023-08-22 22:04:21,224[DEBUG]:<<<< HSMS Data [3] <<<<
    21-01-00
2023-08-22 22:04:24,731[INFO ]:<<< Received HSMS Message <<< : SSID(0), B2(130), B3(41), P(0), S(0), SB(28,485), Length[12]
2023-08-22 22:04:24,731[DEBUG]:<<<< HSMS Data [12] <<<<
    01-02-41-06  52-45-53-55  4D-45-01-00
2023-08-22 22:04:24,733[INFO ]:Queued HSMS Message : SSID(0), B2(2), B3(42), P(0), S(0), SB(28,485), Length[7]
2023-08-22 22:04:24,733[INFO ]:Message Stat : Queue[1], Sent[0], Recv[4]
2023-08-22 22:04:24,791[INFO ]:>>> Sent HSMS Message >>> : SSID(0), B2(2), B3(42), P(0), S(0), SB(28,485), Length[7]
2023-08-22 22:04:24,791[DEBUG]:>>>> HSMS Data [7] >>>>
    01-02-21-01  04-01-00
2023-08-22 22:04:28,536[INFO ]:Queued HSMS Message : SSID(0), B2(134), B3(11), P(0), S(0), SB(3), Length[34]
2023-08-22 22:04:28,536[INFO ]:Message Stat : Queue[1], Sent[0], Recv[3]
2023-08-22 22:04:28,583[INFO ]:>>> Sent HSMS Message >>> : SSID(0), B2(134), B3(11), P(0), S(0), SB(3), Length[34]
2023-08-22 22:04:28,583[DEBUG]:>>>> HSMS Data [34] >>>>
    01-03-B1-04  00-00-00-00  B1-04-00-00  04-1B-01-01
    01-02-B1-04  00-00-04-1B  01-02-A9-02  00-01-A9-02
    00-04
2023-08-22 22:04:28,629[INFO ]:<<< Received HSMS Message <<< : SSID(0), B2(6), B3(12), P(0), S(0), SB(3), Length[3]
2023-08-22 22:04:28,629[DEBUG]:<<<< HSMS Data [3] <<<<
    21-01-00
2023-08-22 22:05:00,072[INFO ]:Received LinkTest Request.
2023-08-22 22:05:00,072[INFO ]:<<< Received HSMS Message <<< : SSID(65535), B2(0), B3(0), P(0), S(5), SB(28,489), Length[0]
2023-08-22 22:05:00,072[INFO ]:Queued HSMS Message : SSID(65535), B2(0), B3(0), P(0), S(6), SB(28,489), Length[0]
2023-08-22 22:05:00,072[INFO ]:Message Stat : Queue[1], Sent[0], Recv[5]
2023-08-22 22:05:00,118[INFO ]:Sent LinkTest Response.
2023-08-22 22:05:00,118[INFO ]:>>> Sent HSMS Message >>> : SSID(65535), B2(0), B3(0), P(0), S(6), SB(28,489), Length[0]
2023-08-22 22:05:31,600[INFO ]:Received LinkTest Request.
2023-08-22 22:05:31,600[INFO ]:<<< Received HSMS Message <<< : SSID(65535), B2(0), B3(0), P(0), S(5), SB(28,493), Length[0]
2023-08-22 22:05:31,600[INFO ]:Queued HSMS Message : SSID(65535), B2(0), B3(0), P(0), S(6), SB(28,493), Length[0]
2023-08-22 22:05:31,600[INFO ]:Message Stat : Queue[1], Sent[0], Recv[5]
2023-08-22 22:05:31,645[INFO ]:Sent LinkTest Response.
2023-08-22 22:05:31,645[INFO ]:>>> Sent HSMS Message >>> : SSID(65535), B2(0), B3(0), P(0), S(6), SB(28,493), Length[0]
2023-08-22 22:06:03,055[INFO ]:Received LinkTest Request.
2023-08-22 22:06:03,055[INFO ]:<<< Received HSMS Message <<< : SSID(65535), B2(0), B3(0), P(0), S(5), SB(28,497), Length[0]
2023-08-22 22:06:03,055[INFO ]:Queued HSMS Message : SSID(65535), B2(0), B3(0), P(0), S(6), SB(28,497), Length[0]
2023-08-22 22:06:03,055[INFO ]:Message Stat : Queue[1], Sent[0], Recv[5]
2023-08-22 22:06:03,094[INFO ]:Sent LinkTest Response.
2023-08-22 22:06:03,094[INFO ]:>>> Sent HSMS Message >>> : SSID(65535), B2(0), B3(0), P(0), S(6), SB(28,497), Length[0]
2023-08-22 22:06:11,600[INFO ]:<<< Received HSMS Message <<< : SSID(0), B2(130), B3(41), P(0), S(0), SB(28,501), Length[25]
2023-08-22 22:06:11,600[DEBUG]:<<<< HSMS Data [25] <<<<
    01-02-41-06  42-55-5A-5A  45-52-01-01  01-02-41-06
    53-49-47-4E  41-4C-41-01  31
2023-08-22 22:06:11,604[INFO ]:Queued HSMS Message : SSID(0), B2(2), B3(42), P(0), S(0), SB(28,501), Length[7]
2023-08-22 22:06:11,604[INFO ]:Message Stat : Queue[1], Sent[0], Recv[5]
2023-08-22 22:06:11,660[INFO ]:>>> Sent HSMS Message >>> : SSID(0), B2(2), B3(42), P(0), S(0), SB(28,501), Length[7]
2023-08-22 22:06:11,660[DEBUG]:>>>> HSMS Data [7] >>>>
    01-02-21-01  04-01-00
2023-08-22 22:06:17,649[INFO ]:Send LinkTest Request.
2023-08-22 22:06:17,649[INFO ]:Queued HSMS Message : SSID(65535), B2(0), B3(0), P(0), S(5), SB(4), Length[0]
2023-08-22 22:06:17,665[INFO ]:Message Stat : Queue[1], Sent[0], Recv[4]
2023-08-22 22:06:17,709[INFO ]:>>> Sent HSMS Message >>> : SSID(65535), B2(0), B3(0), P(0), S(5), SB(4), Length[0]
2023-08-22 22:06:17,770[INFO ]:Received LinkTest Response.
2023-08-22 22:06:17,770[INFO ]:<<< Received HSMS Message <<< : SSID(65535), B2(0), B3(0), P(0), S(6), SB(4), Length[0]
2023-08-22 22:06:48,088[INFO ]:Received LinkTest Request.
2023-08-22 22:06:48,088[INFO ]:<<< Received HSMS Message <<< : SSID(65535), B2(0), B3(0), P(0), S(5), SB(28,505), Length[0]
2023-08-22 22:06:48,088[INFO ]:Queued HSMS Message : SSID(65535), B2(0), B3(0), P(0), S(6), SB(28,505), Length[0]
2023-08-22 22:06:48,088[INFO ]:Message Stat : Queue[1], Sent[0], Recv[6]
2023-08-22 22:06:48,143[INFO ]:Sent LinkTest Response.
2023-08-22 22:06:48,143[INFO ]:>>> Sent HSMS Message >>> : SSID(65535), B2(0), B3(0), P(0), S(6), SB(28,505), Length[0]
2023-08-22 22:07:19,615[INFO ]:Received LinkTest Request.
2023-08-22 22:07:19,615[INFO ]:<<< Received HSMS Message <<< : SSID(65535), B2(0), B3(0), P(0), S(5), SB(28,509), Length[0]
2023-08-22 22:07:19,615[INFO ]:Queued HSMS Message : SSID(65535), B2(0), B3(0), P(0), S(6), SB(28,509), Length[0]
2023-08-22 22:07:19,615[INFO ]:Message Stat : Queue[1], Sent[0], Recv[6]
2023-08-22 22:07:19,645[INFO ]:Sent LinkTest Response.
2023-08-22 22:07:19,645[INFO ]:>>> Sent HSMS Message >>> : SSID(65535), B2(0), B3(0), P(0), S(6), SB(28,509), Length[0]
2023-08-22 22:07:51,150[INFO ]:Received LinkTest Request.
2023-08-22 22:07:51,150[INFO ]:<<< Received HSMS Message <<< : SSID(65535), B2(0), B3(0), P(0), S(5), SB(28,513), Length[0]
2023-08-22 22:07:51,150[INFO ]:Queued HSMS Message : SSID(65535), B2(0), B3(0), P(0), S(6), SB(28,513), Length[0]
2023-08-22 22:07:51,150[INFO ]:Message Stat : Queue[1], Sent[0], Recv[6]
2023-08-22 22:07:51,180[INFO ]:Sent LinkTest Response.
2023-08-22 22:07:51,180[INFO ]:>>> Sent HSMS Message >>> : SSID(65535), B2(0), B3(0), P(0), S(6), SB(28,513), Length[0]
2023-08-22 22:08:18,557[INFO ]:<<< Received HSMS Message <<< : SSID(0), B2(130), B3(41), P(0), S(0), SB(28,517), Length[25]
2023-08-22 22:08:18,557[DEBUG]:<<<< HSMS Data [25] <<<<
    01-02-41-06  42-55-5A-5A  45-52-01-01  01-02-41-06
    53-49-47-4E  41-4C-41-01  31
2023-08-22 22:08:18,558[INFO ]:Queued HSMS Message : SSID(0), B2(2), B3(42), P(0), S(0), SB(28,517), Length[7]
2023-08-22 22:08:18,559[INFO ]:Message Stat : Queue[1], Sent[0], Recv[6]
2023-08-22 22:08:18,603[INFO ]:>>> Sent HSMS Message >>> : SSID(0), B2(2), B3(42), P(0), S(0), SB(28,517), Length[7]
2023-08-22 22:08:18,603[DEBUG]:>>>> HSMS Data [7] >>>>
    01-02-21-01  04-01-00
