2023-08-29 11:24:10,030[INFO ]:Before Clear Queue.
2023-08-29 11:24:10,036[INFO ]:Clear Queue.
2023-08-29 11:24:10,036[INFO ]:Reset System Bytes to Zero(0).
2023-08-29 11:24:10,036[INFO ]:Connection Mode : Passive
2023-08-29 11:24:10,041[INFO ]:Thread State Changed : Working
2023-08-29 11:24:10,041[INFO ]:Start RunThreadPassive()
2023-08-29 11:24:10,042[INFO ]:Listening State Changed : Open
2023-08-29 11:24:10,042[INFO ]:Socket Listener was Started.
2023-08-29 11:24:10,042[INFO ]:Before Clear Queue.
2023-08-29 11:24:10,042[INFO ]:Clear Queue.
2023-08-29 11:24:10,042[INFO ]:Waiting New Connection...
2023-08-29 11:26:00,193[INFO ]:Accept New Connection.
2023-08-29 11:26:00,194[INFO ]:Listening State Changed : Close
2023-08-29 11:26:00,241[INFO ]:Start New Connection.
2023-08-29 11:26:00,242[INFO ]:HSMS Connection State Is Changed : 0 -> 1
2023-08-29 11:26:00,246[INFO ]:Start Basic Timer Due(1000), Period(1000)
2023-08-29 11:26:00,247[INFO ]:Started Basic Timer.
2023-08-29 11:26:00,254[INFO ]:Start Recv Thread.
2023-08-29 11:26:00,254[INFO ]:Start RunThreadRecv()
2023-08-29 11:26:00,265[INFO ]:Queued HSMS Message : SSID(0), B2(0), B3(0), P(0), S(2), SB(0), Length[0]
2023-08-29 11:26:00,265[INFO ]:Message Stat : Queue[1], Sent[0], Recv[1]
2023-08-29 11:26:00,266[INFO ]:HSMS Connection State Is Changed : 1 -> 3
2023-08-29 11:26:00,268[INFO ]:Received Select Request.
2023-08-29 11:26:00,268[INFO ]:<<< Received HSMS Message <<< : SSID(0), B2(0), B3(0), P(0), S(1), SB(0), Length[0]
2023-08-29 11:26:00,269[INFO ]:Send LinkTest Request.
2023-08-29 11:26:00,269[INFO ]:Queued HSMS Message : SSID(65535), B2(0), B3(0), P(0), S(5), SB(0), Length[0]
2023-08-29 11:26:00,269[INFO ]:Message Stat : Queue[2], Sent[0], Recv[1]
2023-08-29 11:26:00,318[INFO ]:Sent Select Response.
2023-08-29 11:26:00,318[INFO ]:>>> Sent HSMS Message >>> : SSID(0), B2(0), B3(0), P(0), S(2), SB(0), Length[0]
2023-08-29 11:26:00,318[INFO ]:>>> Sent HSMS Message >>> : SSID(65535), B2(0), B3(0), P(0), S(5), SB(0), Length[0]
2023-08-29 11:26:00,396[INFO ]:Queued HSMS Message : SSID(0), B2(129), B3(13), P(0), S(0), SB(1), Length[23]
2023-08-29 11:26:00,396[INFO ]:Message Stat : Queue[1], Sent[1], Recv[0]
2023-08-29 11:26:00,437[INFO ]:>>> Sent HSMS Message >>> : SSID(0), B2(129), B3(13), P(0), S(0), SB(1), Length[23]
2023-08-29 11:26:00,439[DEBUG]:>>>> HSMS Data [23] >>>>
    01-02-41-03  55-50-4B-41  0E-31-2E-30  2E-38-36-34
    31-2E-31-34  39-32-34
2023-08-29 11:26:00,483[INFO ]:Received LinkTest Response.
2023-08-29 11:26:00,483[INFO ]:<<< Received HSMS Message <<< : SSID(65535), B2(0), B3(0), P(0), S(6), SB(0), Length[0]
2023-08-29 11:26:00,620[INFO ]:<<< Received HSMS Message <<< : SSID(0), B2(1), B3(14), P(0), S(0), SB(1), Length[11]
2023-08-29 11:26:00,620[DEBUG]:<<<< HSMS Data [11] <<<<
    01-02-21-01  00-01-02-41  00-41-00
2023-08-29 11:26:04,956[INFO ]:<<< Received HSMS Message <<< : SSID(0), B2(130), B3(31), P(0), S(0), SB(2), Length[18]
2023-08-29 11:26:04,956[DEBUG]:<<<< HSMS Data [18] <<<<
    41-10-32-30  32-33-30-35  31-37-31-31  32-33-35-31
    30-30
2023-08-29 11:26:05,020[INFO ]:Queued HSMS Message : SSID(0), B2(2), B3(32), P(0), S(0), SB(2), Length[3]
2023-08-29 11:26:05,020[INFO ]:Message Stat : Queue[1], Sent[0], Recv[3]
2023-08-29 11:26:05,063[INFO ]:>>> Sent HSMS Message >>> : SSID(0), B2(2), B3(32), P(0), S(0), SB(2), Length[3]
2023-08-29 11:26:05,063[DEBUG]:>>>> HSMS Data [3] >>>>
    21-01-00
2023-08-29 11:26:07,743[INFO ]:<<< Received HSMS Message <<< : SSID(0), B2(130), B3(37), P(0), S(0), SB(4), Length[7]
2023-08-29 11:26:07,743[DEBUG]:<<<< HSMS Data [7] <<<<
    01-02-25-01  00-01-00
2023-08-29 11:26:07,755[INFO ]:Queued HSMS Message : SSID(0), B2(2), B3(38), P(0), S(0), SB(4), Length[3]
2023-08-29 11:26:07,755[INFO ]:Message Stat : Queue[1], Sent[0], Recv[3]
2023-08-29 11:26:07,815[INFO ]:>>> Sent HSMS Message >>> : SSID(0), B2(2), B3(38), P(0), S(0), SB(4), Length[3]
2023-08-29 11:26:07,815[DEBUG]:>>>> HSMS Data [3] >>>>
    21-01-00
2023-08-29 11:26:10,614[INFO ]:<<< Received HSMS Message <<< : SSID(0), B2(130), B3(35), P(0), S(0), SB(6), Length[10]
2023-08-29 11:26:10,614[DEBUG]:<<<< HSMS Data [10] <<<<
    01-02-B1-04  00-00-00-00  01-00
2023-08-29 11:26:10,620[INFO ]:Queued HSMS Message : SSID(0), B2(2), B3(36), P(0), S(0), SB(6), Length[3]
2023-08-29 11:26:10,620[INFO ]:Message Stat : Queue[1], Sent[0], Recv[3]
2023-08-29 11:26:10,676[INFO ]:>>> Sent HSMS Message >>> : SSID(0), B2(2), B3(36), P(0), S(0), SB(6), Length[3]
2023-08-29 11:26:10,676[DEBUG]:>>>> HSMS Data [3] >>>>
    21-01-00
2023-08-29 11:26:13,106[INFO ]:<<< Received HSMS Message <<< : SSID(0), B2(130), B3(33), P(0), S(0), SB(8), Length[10]
2023-08-29 11:26:13,106[DEBUG]:<<<< HSMS Data [10] <<<<
    01-02-B1-04  00-00-00-00  01-00
2023-08-29 11:26:13,107[INFO ]:Queued HSMS Message : SSID(0), B2(2), B3(34), P(0), S(0), SB(8), Length[3]
2023-08-29 11:26:13,107[INFO ]:Message Stat : Queue[1], Sent[0], Recv[3]
2023-08-29 11:26:13,167[INFO ]:>>> Sent HSMS Message >>> : SSID(0), B2(2), B3(34), P(0), S(0), SB(8), Length[3]
2023-08-29 11:26:13,167[DEBUG]:>>>> HSMS Data [3] >>>>
    21-01-00
2023-08-29 11:26:17,009[INFO ]:<<< Received HSMS Message <<< : SSID(0), B2(130), B3(33), P(0), S(0), SB(10), Length[666]
2023-08-29 11:26:17,009[DEBUG]:<<<< HSMS Data [666] <<<<
    01-02-B1-04  00-00-00-00  01-17-01-02  B1-04-00-00
    03-E9-01-02  B1-04-00-00  00-C9-B1-04  00-00-00-CA
    01-02-B1-04  00-00-03-EA  01-02-B1-04  00-00-00-C9
    B1-04-00-00  00-CA-01-02  B1-04-00-00  03-EB-01-02
    B1-04-00-00  00-C9-B1-04  00-00-00-CA  01-02-B1-04
    00-00-04-1B  01-02-B1-04  00-00-00-CB  B1-04-00-00
    00-CC-01-02  B1-04-00-00  04-25-01-02  B1-04-00-00
    00-CD-B1-04  00-00-00-CE  01-02-B1-04  00-00-04-4D
    01-07-B1-04  00-00-01-36  B1-04-00-00  01-38-B1-04
    00-00-01-39  B1-04-00-00  01-43-B1-04  00-00-01-3A
    B1-04-00-00  01-37-B1-04  00-00-00-CD  01-02-B1-04
    00-00-04-4E  01-05-B1-04  00-00-01-36  B1-04-00-00
    01-43-B1-04  00-00-01-3A  B1-04-00-00  01-37-B1-04
    00-00-00-CD  01-02-B1-04  00-00-04-B1  01-02-B1-04
    00-00-01-36  B1-04-00-00  01-37-01-02  B1-04-00-00
    04-B2-01-02  B1-04-00-00  01-36-B1-04  00-00-01-37
    01-02-B1-04  00-00-05-15  01-04-B1-04  00-00-01-36
    B1-04-00-00  01-38-B1-04  00-00-01-39  B1-04-00-00
    01-41-01-02  B1-04-00-00  05-79-01-03  B1-04-00-00
    01-38-B1-04  00-00-01-39  B1-04-00-00  00-CD-01-02
    B1-04-00-00  05-7A-01-03  B1-04-00-00  01-38-B1-04
    00-00-01-39  B1-04-00-00  00-CD-01-02  B1-04-00-00
    05-7B-01-03  B1-04-00-00  01-38-B1-04  00-00-01-39
    B1-04-00-00  00-CD-01-02  B1-04-00-00  05-83-01-04
    B1-04-00-00  01-38-B1-04  00-00-01-39  B1-04-00-00
    01-39-B1-04  00-00-00-CD  01-02-B1-04  00-00-05-DD
    01-02-B1-04  00-00-01-38  B1-04-00-00  00-CD-01-02
    B1-04-00-00  05-DE-01-02  B1-04-00-00  01-38-B1-04
    00-00-00-CD  01-02-B1-04  00-00-05-DF  01-02-B1-04
    00-00-01-38  B1-04-00-00  00-CD-01-02  B1-04-00-00
    05-E0-01-02  B1-04-00-00  01-38-B1-04  00-00-00-CD
    01-02-B1-04  00-00-05-E7  01-04-B1-04  00-00-01-38
    B1-04-00-00  01-39-B1-04  00-00-01-43  B1-04-00-00
    00-CD-01-02  B1-04-00-00  06-4B-01-06  B1-04-00-00
    01-36-B1-04  00-00-01-37  B1-04-00-00  01-38-B1-04
    00-00-01-39  B1-04-00-00  01-3A-B1-04  00-00-01-43
    01-02-B1-04  00-00-06-4C  01-06-B1-04  00-00-01-36
    B1-04-00-00  01-37-B1-04  00-00-01-38  B1-04-00-00
    01-39-B1-04  00-00-01-3A  B1-04-00-00  01-43-01-02
    B1-04-00-00  06-41-01-02  B1-04-00-00  01-39-B1-04
    00-00-01-37  01-02-B1-04  00-00-06-42  01-02-B1-04
    00-00-01-39  B1-04-00-00  01-37
2023-08-29 11:26:17,014[INFO ]:Queued HSMS Message : SSID(0), B2(2), B3(34), P(0), S(0), SB(10), Length[3]
2023-08-29 11:26:17,014[INFO ]:Message Stat : Queue[1], Sent[0], Recv[3]
2023-08-29 11:26:17,054[INFO ]:>>> Sent HSMS Message >>> : SSID(0), B2(2), B3(34), P(0), S(0), SB(10), Length[3]
2023-08-29 11:26:17,054[DEBUG]:>>>> HSMS Data [3] >>>>
    21-01-00
2023-08-29 11:26:21,490[INFO ]:<<< Received HSMS Message <<< : SSID(0), B2(130), B3(35), P(0), S(0), SB(12), Length[394]
2023-08-29 11:26:21,490[DEBUG]:<<<< HSMS Data [394] <<<<
    01-02-B1-04  00-00-00-00  01-18-01-02  B1-04-00-00
    03-E9-01-01  B1-04-00-00  03-E9-01-02  B1-04-00-00
    03-EA-01-01  B1-04-00-00  03-EA-01-02  B1-04-00-00
    03-EB-01-01  B1-04-00-00  03-EB-01-02  B1-04-00-00
    04-1B-01-01  B1-04-00-00  04-1B-01-02  B1-04-00-00
    04-25-01-01  B1-04-00-00  04-25-01-02  B1-04-00-00
    04-4D-01-01  B1-04-00-00  04-4D-01-02  B1-04-00-00
    04-4E-01-01  B1-04-00-00  04-4E-01-02  B1-04-00-00
    05-15-01-01  B1-04-00-00  05-15-01-02  B1-04-00-00
    05-79-01-01  B1-04-00-00  05-79-01-02  B1-04-00-00
    05-DE-01-01  B1-04-00-00  05-DE-01-02  B1-04-00-00
    05-E0-01-01  B1-04-00-00  05-E0-01-02  B1-04-00-00
    03-E9-01-01  B1-04-00-00  03-E9-01-02  B1-04-00-00
    05-E7-01-01  B1-04-00-00  05-E7-01-02  B1-04-00-00
    06-4B-01-01  B1-04-00-00  06-4B-01-02  B1-04-00-00
    06-4C-01-01  B1-04-00-00  06-4C-01-02  B1-04-00-00
    06-41-01-01  B1-04-00-00  06-41-01-02  B1-04-00-00
    06-42-01-01  B1-04-00-00  06-42-01-02  B1-04-00-00
    05-DF-01-01  B1-04-00-00  05-DF-01-02  B1-04-00-00
    04-B1-01-01  B1-04-00-00  04-B1-01-02  B1-04-00-00
    04-B2-01-01  B1-04-00-00  04-B2-01-02  B1-04-00-00
    05-7A-01-01  B1-04-00-00  05-7A-01-02  B1-04-00-00
    05-7B-01-01  B1-04-00-00  05-7B-01-02  B1-04-00-00
    05-83-01-01  B1-04-00-00  05-83-01-02  B1-04-00-00
    05-DD-01-01  B1-04-00-00  05-DD
2023-08-29 11:26:21,493[INFO ]:Queued HSMS Message : SSID(0), B2(2), B3(36), P(0), S(0), SB(12), Length[3]
2023-08-29 11:26:21,493[INFO ]:Message Stat : Queue[1], Sent[0], Recv[3]
2023-08-29 11:26:21,505[INFO ]:>>> Sent HSMS Message >>> : SSID(0), B2(2), B3(36), P(0), S(0), SB(12), Length[3]
2023-08-29 11:26:21,506[DEBUG]:>>>> HSMS Data [3] >>>>
    21-01-00
2023-08-29 11:26:23,762[INFO ]:<<< Received HSMS Message <<< : SSID(0), B2(130), B3(37), P(0), S(0), SB(14), Length[181]
2023-08-29 11:26:23,762[DEBUG]:<<<< HSMS Data [181] <<<<
    01-02-25-01  01-01-1D-B1  04-00-00-05  E0-B1-04-00
    00-05-DE-B1  04-00-00-05  79-B1-04-00  00-05-E7-B1
    04-00-00-04  4D-B1-04-00  00-04-4E-B1  04-00-00-04
    25-B1-04-00  00-03-EB-B1  04-00-00-03  EA-B1-04-00
    00-03-E9-B1  04-00-00-04  1B-B1-04-00  00-05-15-B1
    04-00-00-03  F7-B1-04-00  00-04-07-B1  04-00-00-04
    08-B1-04-00  00-04-B1-B1  04-00-00-04  B2-B1-04-00
    00-05-1F-B1  04-00-00-05  20-B1-04-00  00-05-7A-B1
    04-00-00-05  7B-B1-04-00  00-05-83-B1  04-00-00-05
    84-B1-04-00  00-05-DD-B1  04-00-00-05  DF-B1-04-00
    00-06-41-B1  04-00-00-06  42-B1-04-00  00-06-4C-B1
    04-00-00-06  4B
2023-08-29 11:26:23,764[INFO ]:Queued HSMS Message : SSID(0), B2(2), B3(38), P(0), S(0), SB(14), Length[3]
2023-08-29 11:26:23,764[INFO ]:Message Stat : Queue[1], Sent[0], Recv[3]
2023-08-29 11:26:23,824[INFO ]:>>> Sent HSMS Message >>> : SSID(0), B2(2), B3(38), P(0), S(0), SB(14), Length[3]
2023-08-29 11:26:23,824[DEBUG]:>>>> HSMS Data [3] >>>>
    21-01-00
2023-08-29 11:26:27,856[INFO ]:<<< Received HSMS Message <<< : SSID(0), B2(129), B3(3), P(0), S(0), SB(16), Length[26]
2023-08-29 11:26:27,856[DEBUG]:<<<< HSMS Data [26] <<<<
    01-04-B1-04  00-00-00-C9  B1-04-00-00  00-CA-B1-04
    00-00-00-CB  B1-04-00-00  00-CC
2023-08-29 11:26:27,861[INFO ]:Queued HSMS Message : SSID(0), B2(1), B3(4), P(0), S(0), SB(16), Length[18]
2023-08-29 11:26:27,861[INFO ]:Message Stat : Queue[1], Sent[0], Recv[3]
2023-08-29 11:26:27,902[INFO ]:>>> Sent HSMS Message >>> : SSID(0), B2(1), B3(4), P(0), S(0), SB(16), Length[18]
2023-08-29 11:26:27,902[DEBUG]:>>>> HSMS Data [18] >>>>
    01-04-A9-02  00-05-A9-02  00-03-A9-02  00-01-A9-02
    00-04
2023-08-29 11:26:40,683[INFO ]:<<< Received HSMS Message <<< : SSID(0), B2(129), B3(13), P(0), S(0), SB(18), Length[2]
2023-08-29 11:26:40,683[DEBUG]:<<<< HSMS Data [2] <<<<
    01-00
2023-08-29 11:26:40,686[INFO ]:Queued HSMS Message : SSID(0), B2(1), B3(14), P(0), S(0), SB(18), Length[28]
2023-08-29 11:26:40,687[INFO ]:Message Stat : Queue[1], Sent[0], Recv[3]
2023-08-29 11:26:40,744[INFO ]:>>> Sent HSMS Message >>> : SSID(0), B2(1), B3(14), P(0), S(0), SB(18), Length[28]
2023-08-29 11:26:40,744[DEBUG]:>>>> HSMS Data [28] >>>>
    01-02-21-01  00-01-02-41  03-55-50-4B  41-0E-31-2E
    30-2E-38-36  34-31-2E-31  34-39-32-34
2023-08-29 11:26:43,406[INFO ]:<<< Received HSMS Message <<< : SSID(0), B2(129), B3(1), P(0), S(0), SB(20), Length[0]
2023-08-29 11:26:43,408[INFO ]:Queued HSMS Message : SSID(0), B2(1), B3(2), P(0), S(0), SB(20), Length[23]
2023-08-29 11:26:43,408[INFO ]:Message Stat : Queue[1], Sent[0], Recv[3]
2023-08-29 11:26:43,421[INFO ]:>>> Sent HSMS Message >>> : SSID(0), B2(1), B3(2), P(0), S(0), SB(20), Length[23]
2023-08-29 11:26:43,421[DEBUG]:>>>> HSMS Data [23] >>>>
    01-02-41-03  55-50-4B-41  0E-31-2E-30  2E-38-36-34
    31-2E-31-34  39-32-34
2023-08-29 11:26:46,210[INFO ]:<<< Received HSMS Message <<< : SSID(0), B2(129), B3(17), P(0), S(0), SB(22), Length[0]
2023-08-29 11:26:46,214[INFO ]:Queued HSMS Message : SSID(0), B2(1), B3(18), P(0), S(0), SB(22), Length[3]
2023-08-29 11:26:46,214[INFO ]:Message Stat : Queue[1], Sent[0], Recv[3]
2023-08-29 11:26:46,226[INFO ]:>>> Sent HSMS Message >>> : SSID(0), B2(1), B3(18), P(0), S(0), SB(22), Length[3]
2023-08-29 11:26:46,226[DEBUG]:>>>> HSMS Data [3] >>>>
    21-01-02
2023-08-29 11:27:13,043[INFO ]:<<< Received HSMS Message <<< : SSID(0), B2(129), B3(15), P(0), S(0), SB(24), Length[0]
2023-08-29 11:27:13,046[INFO ]:Queued HSMS Message : SSID(0), B2(1), B3(16), P(0), S(0), SB(24), Length[3]
2023-08-29 11:27:13,046[INFO ]:Message Stat : Queue[1], Sent[0], Recv[3]
2023-08-29 11:27:13,049[INFO ]:Queued HSMS Message : SSID(0), B2(134), B3(11), P(0), S(0), SB(2), Length[52]
2023-08-29 11:27:13,049[INFO ]:Message Stat : Queue[2], Sent[0], Recv[3]
2023-08-29 11:27:13,073[INFO ]:>>> Sent HSMS Message >>> : SSID(0), B2(1), B3(16), P(0), S(0), SB(24), Length[3]
2023-08-29 11:27:13,074[DEBUG]:>>>> HSMS Data [3] >>>>
    21-01-00
2023-08-29 11:27:13,074[INFO ]:>>> Sent HSMS Message >>> : SSID(0), B2(134), B3(11), P(0), S(0), SB(2), Length[52]
2023-08-29 11:27:13,074[DEBUG]:>>>> HSMS Data [52] >>>>
    01-03-B1-04  00-00-00-00  B1-04-00-00  03-E9-01-02
    01-02-B1-04  00-00-03-E9  01-02-A9-02  00-03-A9-02
    00-05-01-02  B1-04-00-00  03-E9-01-02  A9-02-00-03
    A9-02-00-05
2023-08-29 11:27:13,257[INFO ]:<<< Received HSMS Message <<< : SSID(0), B2(6), B3(12), P(0), S(0), SB(2), Length[3]
2023-08-29 11:27:13,257[DEBUG]:<<<< HSMS Data [3] <<<<
    21-01-00
2023-08-29 11:27:16,661[INFO ]:<<< Received HSMS Message <<< : SSID(0), B2(129), B3(17), P(0), S(0), SB(26), Length[0]
2023-08-29 11:27:16,663[INFO ]:Queued HSMS Message : SSID(0), B2(1), B3(18), P(0), S(0), SB(26), Length[3]
2023-08-29 11:27:16,663[INFO ]:Message Stat : Queue[1], Sent[0], Recv[4]
2023-08-29 11:27:16,664[INFO ]:Queued HSMS Message : SSID(0), B2(134), B3(11), P(0), S(0), SB(3), Length[34]
2023-08-29 11:27:16,664[INFO ]:Message Stat : Queue[2], Sent[0], Recv[4]
2023-08-29 11:27:16,722[INFO ]:>>> Sent HSMS Message >>> : SSID(0), B2(1), B3(18), P(0), S(0), SB(26), Length[3]
2023-08-29 11:27:16,722[DEBUG]:>>>> HSMS Data [3] >>>>
    21-01-00
2023-08-29 11:27:16,723[INFO ]:>>> Sent HSMS Message >>> : SSID(0), B2(134), B3(11), P(0), S(0), SB(3), Length[34]
2023-08-29 11:27:16,723[DEBUG]:>>>> HSMS Data [34] >>>>
    01-03-B1-04  00-00-00-00  B1-04-00-00  03-EB-01-01
    01-02-B1-04  00-00-03-EB  01-02-A9-02  00-05-A9-02
    00-03
2023-08-29 11:27:16,874[INFO ]:<<< Received HSMS Message <<< : SSID(0), B2(6), B3(12), P(0), S(0), SB(3), Length[3]
2023-08-29 11:27:16,874[DEBUG]:<<<< HSMS Data [3] <<<<
    21-01-00
2023-08-29 11:27:30,488[INFO ]:<<< Received HSMS Message <<< : SSID(0), B2(130), B3(41), P(0), S(0), SB(28), Length[11]
2023-08-29 11:27:30,488[DEBUG]:<<<< HSMS Data [11] <<<<
    01-02-41-05  4C-4F-43-41  4C-01-00
2023-08-29 11:27:30,491[INFO ]:Queued HSMS Message : SSID(0), B2(134), B3(11), P(0), S(0), SB(4), Length[34]
2023-08-29 11:27:30,491[INFO ]:Message Stat : Queue[1], Sent[0], Recv[5]
2023-08-29 11:27:30,492[INFO ]:Queued HSMS Message : SSID(0), B2(2), B3(42), P(0), S(0), SB(28), Length[7]
2023-08-29 11:27:30,492[INFO ]:Message Stat : Queue[2], Sent[0], Recv[5]
2023-08-29 11:27:30,533[INFO ]:>>> Sent HSMS Message >>> : SSID(0), B2(134), B3(11), P(0), S(0), SB(4), Length[34]
2023-08-29 11:27:30,533[DEBUG]:>>>> HSMS Data [34] >>>>
    01-03-B1-04  00-00-00-00  B1-04-00-00  03-EA-01-01
    01-02-B1-04  00-00-03-EA  01-02-A9-02  00-04-A9-02
    00-05
2023-08-29 11:27:30,534[INFO ]:>>> Sent HSMS Message >>> : SSID(0), B2(2), B3(42), P(0), S(0), SB(28), Length[7]
2023-08-29 11:27:30,534[DEBUG]:>>>> HSMS Data [7] >>>>
    01-02-21-01  04-01-00
2023-08-29 11:27:30,701[INFO ]:<<< Received HSMS Message <<< : SSID(0), B2(6), B3(12), P(0), S(0), SB(4), Length[3]
2023-08-29 11:27:30,701[DEBUG]:<<<< HSMS Data [3] <<<<
    21-01-00
2023-08-29 11:27:59,035[INFO ]:<<< Received HSMS Message <<< : SSID(0), B2(129), B3(13), P(0), S(0), SB(30), Length[2]
2023-08-29 11:27:59,035[DEBUG]:<<<< HSMS Data [2] <<<<
    01-00
2023-08-29 11:27:59,037[INFO ]:Queued HSMS Message : SSID(0), B2(1), B3(14), P(0), S(0), SB(30), Length[28]
2023-08-29 11:27:59,037[INFO ]:Message Stat : Queue[1], Sent[0], Recv[6]
2023-08-29 11:27:59,065[INFO ]:>>> Sent HSMS Message >>> : SSID(0), B2(1), B3(14), P(0), S(0), SB(30), Length[28]
2023-08-29 11:27:59,065[DEBUG]:>>>> HSMS Data [28] >>>>
    01-02-21-01  00-01-02-41  03-55-50-4B  41-0E-31-2E
    30-2E-38-36  34-31-2E-31  34-39-32-34
2023-08-29 11:28:01,018[INFO ]:Send LinkTest Request.
2023-08-29 11:28:01,018[INFO ]:Queued HSMS Message : SSID(65535), B2(0), B3(0), P(0), S(5), SB(5), Length[0]
2023-08-29 11:28:01,018[INFO ]:Message Stat : Queue[1], Sent[0], Recv[5]
2023-08-29 11:28:01,079[INFO ]:>>> Sent HSMS Message >>> : SSID(65535), B2(0), B3(0), P(0), S(5), SB(5), Length[0]
2023-08-29 11:28:01,230[INFO ]:Received LinkTest Response.
2023-08-29 11:28:01,230[INFO ]:<<< Received HSMS Message <<< : SSID(65535), B2(0), B3(0), P(0), S(6), SB(5), Length[0]
2023-08-29 11:28:02,300[INFO ]:<<< Received HSMS Message <<< : SSID(0), B2(129), B3(1), P(0), S(0), SB(32), Length[0]
2023-08-29 11:28:02,300[INFO ]:Queued HSMS Message : SSID(0), B2(1), B3(2), P(0), S(0), SB(32), Length[23]
2023-08-29 11:28:02,300[INFO ]:Message Stat : Queue[1], Sent[0], Recv[7]
2023-08-29 11:28:02,362[INFO ]:>>> Sent HSMS Message >>> : SSID(0), B2(1), B3(2), P(0), S(0), SB(32), Length[23]
2023-08-29 11:28:02,362[DEBUG]:>>>> HSMS Data [23] >>>>
    01-02-41-03  55-50-4B-41  0E-31-2E-30  2E-38-36-34
    31-2E-31-34  39-32-34
2023-08-29 11:28:08,762[INFO ]:<<< Received HSMS Message <<< : SSID(0), B2(130), B3(41), P(0), S(0), SB(34), Length[12]
2023-08-29 11:28:08,762[DEBUG]:<<<< HSMS Data [12] <<<<
    01-02-41-06  52-45-4D-4F  54-45-01-00
2023-08-29 11:28:08,762[INFO ]:Queued HSMS Message : SSID(0), B2(2), B3(42), P(0), S(0), SB(34), Length[7]
2023-08-29 11:28:08,763[INFO ]:Message Stat : Queue[1], Sent[0], Recv[7]
2023-08-29 11:28:08,822[INFO ]:>>> Sent HSMS Message >>> : SSID(0), B2(2), B3(42), P(0), S(0), SB(34), Length[7]
2023-08-29 11:28:08,822[DEBUG]:>>>> HSMS Data [7] >>>>
    01-02-21-01  02-01-00
2023-08-29 11:28:39,287[INFO ]:<<< Received HSMS Message <<< : SSID(0), B2(129), B3(15), P(0), S(0), SB(36), Length[0]
2023-08-29 11:28:39,289[INFO ]:Queued HSMS Message : SSID(0), B2(1), B3(16), P(0), S(0), SB(36), Length[3]
2023-08-29 11:28:39,289[INFO ]:Message Stat : Queue[1], Sent[0], Recv[7]
2023-08-29 11:28:39,291[INFO ]:Queued HSMS Message : SSID(0), B2(134), B3(11), P(0), S(0), SB(6), Length[52]
2023-08-29 11:28:39,291[INFO ]:Message Stat : Queue[2], Sent[0], Recv[7]
2023-08-29 11:28:39,318[INFO ]:>>> Sent HSMS Message >>> : SSID(0), B2(1), B3(16), P(0), S(0), SB(36), Length[3]
2023-08-29 11:28:39,318[DEBUG]:>>>> HSMS Data [3] >>>>
    21-01-00
2023-08-29 11:28:39,318[INFO ]:>>> Sent HSMS Message >>> : SSID(0), B2(134), B3(11), P(0), S(0), SB(6), Length[52]
2023-08-29 11:28:39,318[DEBUG]:>>>> HSMS Data [52] >>>>
    01-03-B1-04  00-00-00-00  B1-04-00-00  03-E9-01-02
    01-02-B1-04  00-00-03-E9  01-02-A9-02  00-03-A9-02
    00-05-01-02  B1-04-00-00  03-E9-01-02  A9-02-00-03
    A9-02-00-05
2023-08-29 11:28:39,501[INFO ]:<<< Received HSMS Message <<< : SSID(0), B2(6), B3(12), P(0), S(0), SB(6), Length[3]
2023-08-29 11:28:39,501[DEBUG]:<<<< HSMS Data [3] <<<<
    21-01-00
2023-08-29 11:28:43,671[INFO ]:<<< Received HSMS Message <<< : SSID(0), B2(130), B3(41), P(0), S(0), SB(38), Length[12]
2023-08-29 11:28:43,671[DEBUG]:<<<< HSMS Data [12] <<<<
    01-02-41-06  52-45-4D-4F  54-45-01-00
2023-08-29 11:28:43,671[INFO ]:Queued HSMS Message : SSID(0), B2(2), B3(0), P(0), S(0), SB(38), Length[0]
2023-08-29 11:28:43,671[INFO ]:Message Stat : Queue[1], Sent[0], Recv[8]
2023-08-29 11:28:43,702[INFO ]:>>> Sent HSMS Message >>> : SSID(0), B2(2), B3(0), P(0), S(0), SB(38), Length[0]
2023-08-29 11:28:43,808[ERROR]:Rejected Message : SSID(0), B2(0), B3(3), P(0), S(7), SB(38)
2023-08-29 11:28:43,808[DEBUG]:HSMS Message Is Rejected : SSID(0), B2(0), B3(3), P(0), S(7), SB(38), Length[0]
2023-08-29 11:28:43,809[INFO ]:Received Reject Request.
2023-08-29 11:28:43,809[INFO ]:<<< Received HSMS Message <<< : SSID(0), B2(0), B3(3), P(0), S(7), SB(38), Length[0]
2023-08-29 11:28:57,970[INFO ]:<<< Received HSMS Message <<< : SSID(0), B2(129), B3(17), P(0), S(0), SB(40), Length[0]
2023-08-29 11:28:57,973[INFO ]:Queued HSMS Message : SSID(0), B2(1), B3(18), P(0), S(0), SB(40), Length[3]
2023-08-29 11:28:57,973[INFO ]:Message Stat : Queue[1], Sent[0], Recv[9]
2023-08-29 11:28:57,974[INFO ]:Queued HSMS Message : SSID(0), B2(134), B3(11), P(0), S(0), SB(7), Length[34]
2023-08-29 11:28:57,975[INFO ]:Message Stat : Queue[2], Sent[0], Recv[9]
2023-08-29 11:28:58,001[INFO ]:>>> Sent HSMS Message >>> : SSID(0), B2(1), B3(18), P(0), S(0), SB(40), Length[3]
2023-08-29 11:28:58,001[DEBUG]:>>>> HSMS Data [3] >>>>
    21-01-00
2023-08-29 11:28:58,001[INFO ]:>>> Sent HSMS Message >>> : SSID(0), B2(134), B3(11), P(0), S(0), SB(7), Length[34]
2023-08-29 11:28:58,001[DEBUG]:>>>> HSMS Data [34] >>>>
    01-03-B1-04  00-00-00-00  B1-04-00-00  03-EB-01-01
    01-02-B1-04  00-00-03-EB  01-02-A9-02  00-05-A9-02
    00-03
2023-08-29 11:28:58,184[INFO ]:<<< Received HSMS Message <<< : SSID(0), B2(6), B3(12), P(0), S(0), SB(7), Length[3]
2023-08-29 11:28:58,184[DEBUG]:<<<< HSMS Data [3] <<<<
    21-01-00
2023-08-29 11:29:10,129[INFO ]:<<< Received HSMS Message <<< : SSID(0), B2(130), B3(41), P(0), S(0), SB(42), Length[11]
2023-08-29 11:29:10,129[DEBUG]:<<<< HSMS Data [11] <<<<
    01-02-41-05  4C-4F-43-41  4C-01-00
2023-08-29 11:29:10,130[INFO ]:Queued HSMS Message : SSID(0), B2(134), B3(11), P(0), S(0), SB(8), Length[34]
2023-08-29 11:29:10,130[INFO ]:Message Stat : Queue[1], Sent[0], Recv[10]
2023-08-29 11:29:10,131[INFO ]:Queued HSMS Message : SSID(0), B2(2), B3(42), P(0), S(0), SB(42), Length[7]
2023-08-29 11:29:10,131[INFO ]:Message Stat : Queue[2], Sent[0], Recv[10]
2023-08-29 11:29:10,189[INFO ]:>>> Sent HSMS Message >>> : SSID(0), B2(134), B3(11), P(0), S(0), SB(8), Length[34]
2023-08-29 11:29:10,189[DEBUG]:>>>> HSMS Data [34] >>>>
    01-03-B1-04  00-00-00-00  B1-04-00-00  03-EA-01-01
    01-02-B1-04  00-00-03-EA  01-02-A9-02  00-04-A9-02
    00-05
2023-08-29 11:29:10,189[INFO ]:>>> Sent HSMS Message >>> : SSID(0), B2(2), B3(42), P(0), S(0), SB(42), Length[7]
2023-08-29 11:29:10,189[DEBUG]:>>>> HSMS Data [7] >>>>
    01-02-21-01  04-01-00
2023-08-29 11:29:10,341[INFO ]:<<< Received HSMS Message <<< : SSID(0), B2(6), B3(12), P(0), S(0), SB(8), Length[3]
2023-08-29 11:29:10,341[DEBUG]:<<<< HSMS Data [3] <<<<
    21-01-00
2023-08-29 11:29:24,556[INFO ]:<<< Received HSMS Message <<< : SSID(0), B2(130), B3(41), P(0), S(0), SB(44), Length[12]
2023-08-29 11:29:24,556[DEBUG]:<<<< HSMS Data [12] <<<<
    01-02-41-06  52-45-4D-4F  54-45-01-00
2023-08-29 11:29:24,558[INFO ]:Queued HSMS Message : SSID(0), B2(134), B3(11), P(0), S(0), SB(9), Length[34]
2023-08-29 11:29:24,558[INFO ]:Message Stat : Queue[1], Sent[0], Recv[11]
2023-08-29 11:29:24,559[INFO ]:Queued HSMS Message : SSID(0), B2(2), B3(42), P(0), S(0), SB(44), Length[7]
2023-08-29 11:29:24,559[INFO ]:Message Stat : Queue[2], Sent[0], Recv[11]
2023-08-29 11:29:24,571[INFO ]:>>> Sent HSMS Message >>> : SSID(0), B2(134), B3(11), P(0), S(0), SB(9), Length[34]
2023-08-29 11:29:24,571[DEBUG]:>>>> HSMS Data [34] >>>>
    01-03-B1-04  00-00-00-00  B1-04-00-00  03-EB-01-01
    01-02-B1-04  00-00-03-EB  01-02-A9-02  00-05-A9-02
    00-04
2023-08-29 11:29:24,572[INFO ]:>>> Sent HSMS Message >>> : SSID(0), B2(2), B3(42), P(0), S(0), SB(44), Length[7]
2023-08-29 11:29:24,572[DEBUG]:>>>> HSMS Data [7] >>>>
    01-02-21-01  04-01-00
2023-08-29 11:29:24,754[INFO ]:<<< Received HSMS Message <<< : SSID(0), B2(6), B3(12), P(0), S(0), SB(9), Length[3]
2023-08-29 11:29:24,754[DEBUG]:<<<< HSMS Data [3] <<<<
    21-01-00
2023-08-29 11:29:33,714[INFO ]:<<< Received HSMS Message <<< : SSID(0), B2(129), B3(3), P(0), S(0), SB(46), Length[32]
2023-08-29 11:29:33,714[DEBUG]:<<<< HSMS Data [32] <<<<
    01-05-B1-04  00-00-00-C9  B1-04-00-00  00-CA-B1-04
    00-00-00-CB  B1-04-00-00  00-CC-B1-04  00-00-00-CD
2023-08-29 11:29:33,716[INFO ]:Queued HSMS Message : SSID(0), B2(1), B3(4), P(0), S(0), SB(46), Length[20]
2023-08-29 11:29:33,716[INFO ]:Message Stat : Queue[1], Sent[0], Recv[12]
2023-08-29 11:29:33,759[INFO ]:>>> Sent HSMS Message >>> : SSID(0), B2(1), B3(4), P(0), S(0), SB(46), Length[20]
2023-08-29 11:29:33,759[DEBUG]:>>>> HSMS Data [20] >>>>
    01-05-A9-02  00-05-A9-02  00-04-A9-02  00-01-A9-02
    00-04-41-00
2023-08-29 11:29:39,565[INFO ]:<<< Received HSMS Message <<< : SSID(0), B2(135), B3(19), P(0), S(0), SB(48), Length[0]
2023-08-29 11:29:39,641[INFO ]:Queued HSMS Message : SSID(0), B2(9), B3(3), P(0), S(0), SB(10), Length[12]
2023-08-29 11:29:39,641[INFO ]:Message Stat : Queue[1], Sent[0], Recv[12]
2023-08-29 11:29:39,687[INFO ]:>>> Sent HSMS Message >>> : SSID(0), B2(9), B3(3), P(0), S(0), SB(10), Length[12]
2023-08-29 11:29:39,687[DEBUG]:>>>> HSMS Data [12] >>>>
    21-0A-00-00  87-13-00-00  00-00-00-30
2023-08-29 11:29:55,301[INFO ]:<<< Received HSMS Message <<< : SSID(0), B2(130), B3(41), P(0), S(0), SB(50), Length[25]
2023-08-29 11:29:55,301[DEBUG]:<<<< HSMS Data [25] <<<<
    01-02-41-06  42-55-5A-5A  45-52-01-01  01-02-41-06
    53-49-47-4E  41-4C-41-01  31
2023-08-29 11:29:55,308[INFO ]:Queued HSMS Message : SSID(0), B2(2), B3(42), P(0), S(0), SB(50), Length[7]
2023-08-29 11:29:55,308[INFO ]:Message Stat : Queue[1], Sent[0], Recv[13]
2023-08-29 11:29:55,331[INFO ]:>>> Sent HSMS Message >>> : SSID(0), B2(2), B3(42), P(0), S(0), SB(50), Length[7]
2023-08-29 11:29:55,331[DEBUG]:>>>> HSMS Data [7] >>>>
    01-02-21-01  04-01-00
2023-08-29 11:29:59,237[INFO ]:<<< Received HSMS Message <<< : SSID(0), B2(130), B3(41), P(0), S(0), SB(52), Length[42]
2023-08-29 11:29:59,237[DEBUG]:<<<< HSMS Data [42] <<<<
    01-02-41-0C  53-49-47-4E  41-4C-5F-54  4F-57-45-52
    01-02-01-02  41-05-43-4F  4C-4F-52-41  01-31-01-02
    41-05-53-54  41-54-45-41  01-31
2023-08-29 11:29:59,238[INFO ]:Queued HSMS Message : SSID(0), B2(2), B3(42), P(0), S(0), SB(52), Length[7]
2023-08-29 11:29:59,238[INFO ]:Message Stat : Queue[1], Sent[0], Recv[13]
2023-08-29 11:29:59,282[INFO ]:>>> Sent HSMS Message >>> : SSID(0), B2(2), B3(42), P(0), S(0), SB(52), Length[7]
2023-08-29 11:29:59,282[DEBUG]:>>>> HSMS Data [7] >>>>
    01-02-21-01  04-01-00
2023-08-29 11:30:02,777[INFO ]:Send LinkTest Request.
2023-08-29 11:30:02,777[INFO ]:Queued HSMS Message : SSID(65535), B2(0), B3(0), P(0), S(5), SB(11), Length[0]
2023-08-29 11:30:02,777[INFO ]:Message Stat : Queue[1], Sent[0], Recv[12]
2023-08-29 11:30:02,807[INFO ]:>>> Sent HSMS Message >>> : SSID(65535), B2(0), B3(0), P(0), S(5), SB(11), Length[0]
2023-08-29 11:30:02,944[INFO ]:Received LinkTest Response.
2023-08-29 11:30:02,944[INFO ]:<<< Received HSMS Message <<< : SSID(65535), B2(0), B3(0), P(0), S(6), SB(11), Length[0]
2023-08-29 11:30:03,309[INFO ]:<<< Received HSMS Message <<< : SSID(0), B2(130), B3(41), P(0), S(0), SB(54), Length[36]
2023-08-29 11:30:03,309[DEBUG]:<<<< HSMS Data [36] <<<<
    01-02-41-05  50-41-55-53  45-01-02-01  02-41-05-4C
    4F-54-49-44  41-00-01-02  41-08-4D-4F  44-55-4C-45
    49-44-41-00
2023-08-29 11:30:03,311[INFO ]:Queued HSMS Message : SSID(0), B2(2), B3(42), P(0), S(0), SB(54), Length[7]
2023-08-29 11:30:03,311[INFO ]:Message Stat : Queue[1], Sent[0], Recv[14]
2023-08-29 11:30:03,354[INFO ]:>>> Sent HSMS Message >>> : SSID(0), B2(2), B3(42), P(0), S(0), SB(54), Length[7]
2023-08-29 11:30:03,354[DEBUG]:>>>> HSMS Data [7] >>>>
    01-02-21-01  04-01-00
2023-08-29 11:30:05,955[INFO ]:<<< Received HSMS Message <<< : SSID(0), B2(130), B3(41), P(0), S(0), SB(56), Length[37]
2023-08-29 11:30:05,955[DEBUG]:<<<< HSMS Data [37] <<<<
    01-02-41-06  52-45-53-55  4D-45-01-02  01-02-41-05
    4C-4F-54-49  44-41-00-01  02-41-08-4D  4F-44-55-4C
    45-49-44-41  00
2023-08-29 11:30:05,956[INFO ]:Queued HSMS Message : SSID(0), B2(2), B3(42), P(0), S(0), SB(56), Length[7]
2023-08-29 11:30:05,956[INFO ]:Message Stat : Queue[1], Sent[0], Recv[14]
2023-08-29 11:30:05,971[INFO ]:>>> Sent HSMS Message >>> : SSID(0), B2(2), B3(42), P(0), S(0), SB(56), Length[7]
2023-08-29 11:30:05,971[DEBUG]:>>>> HSMS Data [7] >>>>
    01-02-21-01  04-01-00
2023-08-29 11:30:08,303[INFO ]:<<< Received HSMS Message <<< : SSID(0), B2(130), B3(41), P(0), S(0), SB(58), Length[36]
2023-08-29 11:30:08,303[DEBUG]:<<<< HSMS Data [36] <<<<
    01-02-41-05  41-42-4F-52  54-01-02-01  02-41-05-4C
    4F-54-49-44  41-00-01-02  41-08-4D-4F  44-55-4C-45
    49-44-41-00
2023-08-29 11:30:08,305[INFO ]:Queued HSMS Message : SSID(0), B2(2), B3(42), P(0), S(0), SB(58), Length[7]
2023-08-29 11:30:08,305[INFO ]:Message Stat : Queue[1], Sent[0], Recv[14]
2023-08-29 11:30:08,348[INFO ]:>>> Sent HSMS Message >>> : SSID(0), B2(2), B3(42), P(0), S(0), SB(58), Length[7]
2023-08-29 11:30:08,348[DEBUG]:>>>> HSMS Data [7] >>>>
    01-02-21-01  01-01-00
2023-08-29 11:30:09,080[INFO ]:Queued HSMS Message : SSID(0), B2(134), B3(11), P(0), S(0), SB(12), Length[34]
2023-08-29 11:30:09,080[INFO ]:Message Stat : Queue[1], Sent[0], Recv[13]
2023-08-29 11:30:09,142[INFO ]:>>> Sent HSMS Message >>> : SSID(0), B2(134), B3(11), P(0), S(0), SB(12), Length[34]
2023-08-29 11:30:09,142[DEBUG]:>>>> HSMS Data [34] >>>>
    01-03-B1-04  00-00-00-00  B1-04-00-00  04-1B-01-01
    01-02-B1-04  00-00-04-1B  01-02-A9-02  00-04-A9-02
    00-01
2023-08-29 11:30:09,281[INFO ]:<<< Received HSMS Message <<< : SSID(0), B2(6), B3(12), P(0), S(0), SB(12), Length[3]
2023-08-29 11:30:09,281[DEBUG]:<<<< HSMS Data [3] <<<<
    21-01-00
2023-08-29 11:30:21,972[INFO ]:<<< Received HSMS Message <<< : SSID(0), B2(130), B3(31), P(0), S(0), SB(60), Length[18]
2023-08-29 11:30:21,972[DEBUG]:<<<< HSMS Data [18] <<<<
    41-10-32-30  32-33-30-35  31-37-31-31  32-33-35-31
    30-30
2023-08-29 11:30:22,020[INFO ]:Queued HSMS Message : SSID(0), B2(2), B3(32), P(0), S(0), SB(60), Length[3]
2023-08-29 11:30:22,020[INFO ]:Message Stat : Queue[1], Sent[0], Recv[15]
2023-08-29 11:30:22,048[INFO ]:>>> Sent HSMS Message >>> : SSID(0), B2(2), B3(32), P(0), S(0), SB(60), Length[3]
2023-08-29 11:30:22,048[DEBUG]:>>>> HSMS Data [3] >>>>
    21-01-00
2023-08-29 11:30:29,457[INFO ]:<<< Received HSMS Message <<< : SSID(0), B2(130), B3(17), P(0), S(0), SB(62), Length[0]
2023-08-29 11:30:29,459[INFO ]:Queued HSMS Message : SSID(0), B2(2), B3(18), P(0), S(0), SB(62), Length[18]
2023-08-29 11:30:29,459[INFO ]:Message Stat : Queue[1], Sent[0], Recv[15]
2023-08-29 11:30:29,473[INFO ]:>>> Sent HSMS Message >>> : SSID(0), B2(2), B3(18), P(0), S(0), SB(62), Length[18]
2023-08-29 11:30:29,473[DEBUG]:>>>> HSMS Data [18] >>>>
    41-10-32-30  32-33-30-38  32-39-31-31  33-30-32-39
    34-35
2023-08-29 11:30:36,611[INFO ]:<<< Received HSMS Message <<< : SSID(0), B2(130), B3(25), P(0), S(0), SB(64), Length[3]
2023-08-29 11:30:36,611[DEBUG]:<<<< HSMS Data [3] <<<<
    21-01-01
2023-08-29 11:30:36,611[INFO ]:Queued HSMS Message : SSID(0), B2(2), B3(26), P(0), S(0), SB(64), Length[3]
2023-08-29 11:30:36,611[INFO ]:Message Stat : Queue[1], Sent[0], Recv[15]
2023-08-29 11:30:36,656[INFO ]:>>> Sent HSMS Message >>> : SSID(0), B2(2), B3(26), P(0), S(0), SB(64), Length[3]
2023-08-29 11:30:36,656[DEBUG]:>>>> HSMS Data [3] >>>>
    21-01-01
2023-08-29 11:30:42,684[INFO ]:<<< Received HSMS Message <<< : SSID(0), B2(133), B3(5), P(0), S(0), SB(66), Length[2]
2023-08-29 11:30:42,684[DEBUG]:<<<< HSMS Data [2] <<<<
    01-00
2023-08-29 11:30:42,691[INFO ]:Queued HSMS Message : SSID(0), B2(5), B3(6), P(0), S(0), SB(66), Length[4,145]
2023-08-29 11:30:42,691[INFO ]:Message Stat : Queue[1], Sent[0], Recv[15]
2023-08-29 11:30:42,745[INFO ]:>>> Sent HSMS Message >>> : SSID(0), B2(5), B3(6), P(0), S(0), SB(66), Length[4,145]
2023-08-29 11:30:42,745[DEBUG]:>>>> HSMS Data [4145] >>>>
    01-75-01-03  21-01-02-B1  04-00-00-00  01-41-0D-4D
    43-50-20-45  4D-4F-20-45  72-72-6F-72  01-03-21-01
    02-B1-04-00  00-00-02-41  15-4D-43-50  20-4C-6F-61
    64-45-4D-4F  20-20-20-20  20-45-72-72  6F-72-01-03
    21-01-02-B1  04-00-00-00  03-41-0B-53  4D-50-53-31
    20-20-20-4F  66-66-01-03  21-01-02-B1  04-00-00-00
    04-41-0B-53  4D-50-53-32  20-20-20-4F  66-66-01-03
    21-01-02-B1  04-00-00-00  05-41-0B-53  4D-50-53-33
    20-20-20-4F  66-66-01-03  21-01-02-B1  04-00-00-00
    06-41-0B-53  4D-50-53-34  20-20-20-4F  66-66-01-03
    21-01-02-B1  04-00-00-00  07-41-13-4D  43-50-20-20
    20-20-20-50  6F-77-65-72  20-20-20-4F  66-66-01-03
    21-01-02-B1  04-00-00-00  08-41-0C-55  4D-43-43-42
    20-20-20-54  72-69-70-01  03-21-01-02  B1-04-00-00
    00-09-41-0C  4D-43-43-42  20-20-20-20  54-72-69-70
    01-03-21-01  02-B1-04-00  00-00-0A-41  17-50-61-6E
    65-6C-20-20  20-44-43-20  50-6F-77-65  72-43-50-20
    54-72-69-70  01-03-21-01  02-B1-04-00  00-00-0B-41
    17-52-65-6D  6F-74-65-20  20-44-43-20  50-6F-77-65
    72-43-50-20  54-72-69-70  01-03-21-01  02-B1-04-00
    00-00-0C-41  17-53-61-66  65-74-79-20  20-50-4C-43
    20-20-20-20  20-43-50-20  54-72-69-70  01-03-21-01
    02-B1-04-00  00-00-0D-41  17-50-4C-43  20-20-20-20
    20-50-6F-77  65-72-20-20  20-43-50-20  54-72-69-70
    01-03-21-01  02-B1-04-00  00-00-0E-41  0B-4D-43-20
    30-31-20-30  32-4F-66-66  01-03-21-01  02-B1-04-00
    00-00-0F-41  0E-53-6D-6F  6B-65-20-20  20-44-65-74
    65-63-74-01  03-21-01-02  B1-04-00-00  00-10-41-13
    50-61-6E-65  6C-20-20-20  46-61-6E-30  31-20-20-20
    4F-66-66-01  03-21-01-02  B1-04-00-00  00-11-41-13
    50-61-6E-65  6C-20-20-20  46-61-6E-30  32-20-20-20
    4F-66-66-01  03-21-01-02  B1-04-00-00  00-12-41-13
    50-61-6E-65  6C-20-20-20  46-61-6E-30  33-20-20-20
    4F-66-66-01  03-21-01-02  B1-04-00-00  00-13-41-13
    50-61-6E-65  6C-20-20-20  46-61-6E-30  34-20-20-20
    4F-66-66-01  03-21-01-02  B1-04-00-00  00-14-41-14
    4F-50-30-31  20-20-20-20  44-6F-6F-72  20-20-20-20
    4F-70-65-6E  01-03-21-01  02-B1-04-00  00-00-15-41
    14-49-50-30  31-20-20-20  20-44-6F-6F  72-20-20-20
    20-4F-70-65  6E-01-03-21  01-02-B1-04  00-00-00-16
    41-14-42-46  30-31-20-20  20-20-44-6F  6F-72-20-20
    20-20-4F-70  65-6E-01-03  21-01-02-B1  04-00-00-00
    17-41-14-55  53-43-30-31  20-20-20-44  6F-6F-72-20
    20-20-20-4F  70-65-6E-01  03-21-01-02  B1-04-00-00
    00-18-41-14  4F-50-30-31  20-20-20-20  4C-2E-43-6F
    76-65-72-20  4F-70-65-6E  01-03-21-01  02-B1-04-00
    00-00-19-41  14-69-50-30  31-20-20-20  20-4C-2E-43
    6F-76-65-72  20-4F-70-65  6E-01-03-21  01-02-B1-04
    00-00-00-1A  41-14-42-46  30-31-20-20  20-20-4C-2E
    43-6F-76-65  72-20-4F-70  65-6E-01-03  21-01-02-B1
    04-00-00-00  1B-41-14-55  53-43-30-31  20-20-20-4C
    2E-43-6F-76  65-72-20-4F  70-65-6E-01  03-21-01-02
    B1-04-00-00  00-1C-41-1D  43-43-2D-4C  49-4E-4B-20
    52-75-6E-6E  69-6E-67-20  50-6F-77-65  72-4F-46-46
    45-52-52-4F  52-01-03-21  01-02-B1-04  00-00-00-1E
    41-26-54-45  41-43-48-20  20-20-4B-45  59-20-45-72
    72-20-77-68  65-6E-20-63  68-61-6E-67  69-6E-67-20
    41-75-74-6F  4D-6F-64-65  01-03-21-01  02-B1-04-00
    00-00-1F-41  15-4D-43-50  20-41-75-74  6F-4B-65-79
    20-53-74-6F  70-45-72-72  6F-72-01-03  21-01-02-B1
    04-00-00-00  20-41-15-4C  69-67-68-74  20-20-20-43
    75-72-74-61  69-6E-20-45  52-52-4F-52  01-03-21-01
    02-B1-04-00  00-00-21-41  1C-4F-50-30  31-20-20-20
    20-55-4E-44  45-52-20-20  20-44-4F-4F  52-20-20-20
    20-4F-50-45  4E-01-03-21  01-02-B1-04  00-00-00-22
    41-1C-49-50  30-31-20-20  20-20-55-4E  44-45-52-20
    20-20-44-4F  4F-52-20-20  20-20-4F-50  45-4E-01-03
    21-01-02-B1  04-00-00-00  23-41-1C-42  46-30-31-20
    20-20-20-55  4E-44-45-52  20-20-20-44  4F-4F-52-20
    20-20-20-4F  50-45-4E-01  03-21-01-02  B1-04-00-00
    00-24-41-1C  53-43-30-31  20-20-20-20  55-4E-44-45
    52-20-20-20  44-4F-4F-52  20-20-20-20  4F-50-45-4E
    01-03-21-01  02-B1-04-00  00-00-A1-41  0E-49-50-30
    31-20-45-4D  4F-20-45-72  72-6F-72-01  03-21-01-02
    B1-04-00-00  00-A2-41-1D  49-50-30-31  20-20-20-20
    41-75-74-6F  20-4B-65-79  53-74-6F-70  20-20-20-20
    45-72-72-6F  72-01-03-21  01-02-B1-04  00-00-00-A6
    41-1A-47-6C  61-73-73-20  20-20-54-72  61-79-20-20
    20-20-49-6E  70-6C-61-63  65-20-4E-47  01-03-21-01
    02-B1-04-00  00-00-A7-41  1B-49-50-20  50-6F-72-74
    20-54-72-61  79-20-20-20  20-43-6F-76  65-72-20-20
    20-4F-66-66  01-03-21-01  02-B1-04-00  00-00-AB-41
    15-49-50-20  50-6F-72-74  20-49-6E-76  65-72-74-65
    72-45-72-72  6F-72-01-03  21-01-02-B1  04-00-00-00
    AC-41-18-49  50-20-54-72  61-79-20-44  65-74-65-63
    74-20-20-54  69-6D-65-4F  76-65-72-01  03-21-01-02
    B1-04-00-00  00-F6-41-15  47-6C-61-73  73-20-20-20
    54-72-61-79  20-55-50-20  45-72-72-6F  72-01-03-21
    01-02-B1-04  00-00-00-F7  41-15-47-6C  61-73-73-20
    20-20-54-72  61-79-20-44  4E-20-45-72  72-6F-72-01
    03-21-01-02  B1-04-00-00  00-F8-41-15  47-6C-61-73
    73-20-20-20  54-72-61-79  20-46-57-20  45-72-72-6F
    72-01-03-21  01-02-B1-04  00-00-00-F9  41-15-47-6C
    61-73-73-20  20-20-54-72  61-79-20-42  57-20-45-72
    72-6F-72-01  03-21-01-02  B1-04-00-00  00-FA-41-18
    47-6C-61-73  73-20-20-20  48-6F-6C-64  65-72-20-20
    46-57-20-45  72-72-6F-72  01-03-21-01  02-B1-04-00
    00-00-FB-41  18-47-6C-61  73-73-20-20  20-48-6F-6C
    64-65-72-20  20-42-57-20  45-72-72-6F  72-01-03-21
    01-02-B1-04  00-00-00-FC  41-1A-47-6C  61-73-73-20
    20-20-54-72  61-79-20-20  20-20-49-6E  70-6C-61-63
    65-20-4E-47  01-03-21-01  02-B1-04-00  00-00-FF-41
    20-47-6C-61  73-73-20-20  20-54-72-61  79-20-20-20
    20-44-65-74  65-63-74-20  20-54-69-6D  65-4F-76-65
    72-01-03-21  01-02-B1-04  00-00-01-41  41-15-4F-50
    30-31-20-20  20-20-45-4D  4F-20-20-20  20-20-45-72
    72-6F-72-01  03-21-01-02  B1-04-00-00  01-42-41-1D
    4F-50-30-31  20-20-20-20  41-75-74-6F  20-4B-65-79
    53-74-6F-70  20-20-20-20  45-72-72-6F  72-01-03-21
    01-02-B1-04  00-00-01-4B  41-1A-50-61  70-65-72-20
    20-20-54-72  61-79-20-20  20-20-49-6E  70-6C-61-63
    65-20-4E-47  01-03-21-01  02-B1-04-00  00-01-4C-41
    1B-4F-50-20  50-6F-72-74  20-54-72-61  79-20-20-20
    20-43-6F-76  65-72-20-20  20-4F-66-66  01-03-21-01
    02-B1-04-00  00-01-50-41  15-4F-50-20  50-6F-72-74
    20-49-6E-76  65-72-74-65  72-45-72-72  6F-72-01-03
    21-01-82-B1  04-00-00-01  51-41-18-4F  50-20-54-72
    61-79-20-44  65-74-65-63  74-20-20-54  69-6D-65-4F
    76-65-72-01  03-21-01-02  B1-04-00-00  01-96-41-15
    50-61-70-65  72-20-20-20  54-72-61-79  20-55-50-20
    45-72-72-6F  72-01-03-21  01-02-B1-04  00-00-01-97
    41-15-50-61  70-65-72-20  20-20-54-72  61-79-20-44
    4E-20-45-72  72-6F-72-01  03-21-01-02  B1-04-00-00
    01-98-41-15  50-61-70-65  72-20-20-20  54-72-61-79
    20-46-57-20  45-72-72-6F  72-01-03-21  01-02-B1-04
    00-00-01-99  41-15-50-61  70-65-72-20  20-20-54-72
    61-79-20-42  57-20-45-72  72-6F-72-01  03-21-01-02
    B1-04-00-00  01-9A-41-18  50-61-70-65  72-20-20-20
    48-6F-6C-64  65-72-20-20  46-57-20-45  72-72-6F-72
    01-03-21-01  02-B1-04-00  00-01-9B-41  18-50-61-70
    65-72-20-20  20-48-6F-6C  64-65-72-20  20-42-57-20
    45-72-72-6F  72-01-03-21  01-02-B1-04  00-00-01-9C
    41-1A-50-61  70-65-72-20  20-20-54-72  61-79-20-20
    20-20-49-6E  70-6C-61-63  65-20-4E-47  01-03-21-01
    02-B1-04-00  00-01-E2-41  1F-48-4F-53  49-54-20-20
    20-44-4F-57  4E-20-20-20  20-54-52-41  56-45-4C-20
    20-4A-4F-47  20-45-52-52  01-03-21-01  02-B1-04-00
    00-01-E6-41  15-47-6C-61  73-73-20-20  20-56-61-63
    75-75-6D-20  20-4F-6E-20  4E-47-01-03  21-01-02-B1
    04-00-00-01  E7-41-16-47  6C-61-73-73  20-20-20-56
    61-63-75-75  6D-20-20-4F  66-66-20-4E  47-01-03-21
    01-02-B1-04  00-00-01-E8  41-12-54-4D  20-47-6C-61
    73-73-44-65  74-65-63-74  20-20-4E-47  01-03-21-01
    02-B1-04-00  00-01-EB-41  15-50-61-70  65-72-20-20
    20-56-61-63  75-75-6D-20  20-4F-6E-20  4E-47-01-03
    21-01-02-B1  04-00-00-01  EC-41-16-50  61-70-65-72
    20-20-20-56  61-63-75-75  6D-20-20-4F  66-66-20-4E
    47-01-03-21  01-02-B1-04  00-00-01-ED  41-12-54-4D
    20-50-61-70  65-72-44-65  74-65-63-74  20-20-4E-47
    01-03-21-01  02-B1-04-00  00-01-F5-41  14-54-4D-5F
    58-20-20-20  20-4F-72-69  67-69-6E-20  20-4C-6F-73
    74-01-03-21  01-02-B1-04  00-00-01-F6  41-15-54-4D
    5F-58-20-20  20-20-2B-4C  69-6D-69-74  20-20-45-72
    72-6F-72-01  03-21-01-02  B1-04-00-00  01-F7-41-15
    54-4D-5F-58  20-20-20-20  2D-4C-69-6D  69-74-20-20
    45-72-72-6F  72-01-03-21  01-02-B1-04  00-00-01-F8
    41-15-54-4D  5F-58-20-20  20-20-41-78  69-73-20-20
    20-20-45-72  72-6F-72-01  03-21-01-02  B1-04-00-00
    01-F9-41-15  54-4D-5F-58  20-20-20-20  53-65-72-76
    6F-20-20-20  45-72-72-6F  72-01-03-21  01-02-B1-04
    00-00-01-FA  41-12-54-4D  5F-58-20-20  20-20-4C-65
    66-74-20-50  6F-73-4E-47  01-03-21-01  02-B1-04-00
    00-01-FB-41  12-54-4D-5F  58-20-20-20  20-52-69-67
    68-74-50-6F  73-4E-47-01  03-21-01-02  B1-04-00-00
    01-FF-41-14  54-4D-5F-5A  31-20-20-20  4F-72-69-67
    69-6E-20-20  4C-6F-73-74  01-03-21-01  02-B1-04-00
    00-02-00-41  15-54-4D-5F  5A-31-20-20  20-2B-4C-69
    6D-69-74-20  20-45-72-72  6F-72-01-03  21-01-02-B1
    04-00-00-02  01-41-15-54  4D-5F-5A-31  20-20-20-2D
    4C-69-6D-69  74-20-20-45  72-72-6F-72  01-03-21-01
    02-B1-04-00  00-02-02-41  15-54-4D-5F  5A-31-20-20
    20-41-78-69  73-20-20-20  20-45-72-72  6F-72-01-03
    21-01-02-B1  04-00-00-02  03-41-15-54  4D-5F-5A-31
    20-20-20-53  65-72-76-6F  20-20-20-45  72-72-6F-72
    01-03-21-01  02-B1-04-00  00-02-04-41  12-54-4D-5F
    5A-31-20-20  20-55-50-20  50-6F-73-20  20-4E-47-01
    03-21-01-02  B1-04-00-00  02-05-41-12  54-4D-5F-5A
    31-20-20-20  44-4E-20-50  6F-73-20-20  4E-47-01-03
    21-01-02-B1  04-00-00-02  09-41-14-54  4D-5F-5A-32
    20-20-20-4F  72-69-67-69  6E-20-20-4C  6F-73-74-01
    03-21-01-02  B1-04-00-00  02-0A-41-15  54-4D-5F-5A
    32-20-20-20  2B-4C-69-6D  69-74-20-20  45-72-72-6F
    72-01-03-21  01-02-B1-04  00-00-02-0B  41-15-54-4D
    5F-5A-32-20  20-20-2D-4C  69-6D-69-74  20-20-45-72
    72-6F-72-01  03-21-01-02  B1-04-00-00  02-0C-41-15
    54-4D-5F-5A  32-20-20-20  41-78-69-73  20-20-20-20
    45-72-72-6F  72-01-03-21  01-02-B1-04  00-00-02-0D
    41-15-54-4D  5F-5A-32-20  20-20-53-65  72-76-6F-20
    20-20-45-72  72-6F-72-01  03-21-01-02  B1-04-00-00
    02-0E-41-12  54-4D-5F-5A  32-20-20-20  55-50-20-50
    6F-73-20-20  4E-47-01-03  21-01-02-B1  04-00-00-02
    0F-41-12-54  4D-5F-5A-32  20-20-20-44  4E-20-50-6F
    73-20-20-4E  47-01-03-21  01-02-B1-04  00-00-02-81
    41-1E-42-46  20-41-75-74  6F-20-43-65  6E-74-27-67
    20-20-46-57  44-20-20-20  20-20-44-65  74-65-63-74
    01-03-21-01  02-B1-04-00  00-02-86-41  18-42-46-20
    20-20-20-20  20-43-65-6E  74-27-67-20  20-46-57-20
    45-72-72-6F  72-01-03-21  01-02-B1-04  00-00-02-87
    41-18-42-46  20-20-20-20  20-20-43-65  6E-74-27-67
    20-20-42-57  20-45-72-72  6F-72-01-03  21-01-02-B1
    04-00-00-02  88-41-16-42  46-20-47-6C  61-73-73-43
    72-61-63-6B  20-20-20-44  65-74-65-63  74-01-03-21
    01-02-B1-04  00-00-02-8B  41-15-42-46  20-20-20-20
    20-20-49-6E  76-65-72-74  65-72-45-72  72-6F-72-01
    03-21-01-02  B1-04-00-00  02-8C-41-20  42-46-20-20
    20-20-20-20  47-6C-61-73  73-20-20-20  4F-75-74-20
    20-20-20-20  54-69-6D-65  4F-76-65-72  01-03-21-01
    02-B1-04-00  00-03-21-41  1E-55-53-43  20-20-20-20
    20-41-75-74  6F-20-20-20  20-50-49-4E  20-55-50-20
    20-44-65-74  65-63-74-01  03-21-01-02  B1-04-00-00
    03-22-41-1E  55-53-43-41  75-74-6F-20  43-65-6E-74
    27-67-20-20  46-57-44-20  20-20-20-20  44-65-74-65
    63-74-01-03  21-01-02-B1  04-00-00-03  26-41-18-55
    53-43-20-20  20-20-20-43  65-6E-74-27  67-20-20-46
    57-20-45-72  72-6F-72-01  03-21-01-02  B1-04-00-00
    03-27-41-18  55-53-43-20  20-20-20-20  43-65-6E-74
    27-67-20-20  42-57-20-45  72-72-6F-72  01-03-21-01
    02-B1-04-00  00-03-28-41  15-55-53-43  20-20-20-20
    20-50-69-6E  20-55-50-20  20-45-72-72  6F-72-01-03
    21-01-02-B1  04-00-00-03  29-41-15-55  53-43-20-20
    20-20-20-50  69-6E-20-44  4E-20-20-45  72-72-6F-72
    01-03-21-01  02-B1-04-00  00-03-2B-41  15-55-53-43
    20-20-20-20  20-49-6E-76  65-72-74-65  72-45-72-72
    6F-72-01-03  21-01-02-B1  04-00-00-03  2C-41-20-55
    53-43-20-20  20-20-20-47  6C-61-73-73  20-20-20-53
    74-6F-70-20  20-20-20-54  69-6D-65-4F  76-65-72-01
    03-21-01-02  B1-04-00-00  03-2D-41-20  55-53-43-20
    20-20-20-20  47-6C-61-73  73-20-20-20  4F-75-74-20
    20-20-20-20  54-69-6D-65  4F-76-65-72  01-03-21-01
    02-B1-04-00  00-03-2E-41  1D-55-53-43  20-20-20-20
    20-4D-41-4E  55-41-4C-20  20-4A-4F-47  20-20-20-20
    20-45-52-52  4F-52-01-03  21-01-02-B1  04-00-00-03
    35-41-1D-55  53-43-31-20  20-20-20-43  6F-6E-74-72
    6F-6C-20-45  4D-4F-20-20  20-20-20-45  72-72-6F-72
    01-03-21-01  02-B1-04-00  00-03-36-41  1D-55-53-43
    31-20-20-20  20-43-6F-6E  74-72-6F-6C  20-49-6E-76
    65-72-74-65  72-45-72-72  6F-72-01-03  21-01-02-B1
    04-00-00-03  37-41-1D-55  53-43-31-20  20-20-20-43
    6F-6E-74-72  6F-6C-20-54  65-6D-70-20  20-20-20-45
    72-72-6F-72  01-03-21-01  02-B1-04-00  00-03-38-41
    1D-55-53-43  31-20-20-20  20-43-6F-6E  74-72-6F-6C
    20-55-2E-50  72-65-73-73  20-45-72-72  6F-72-01-03
    21-01-02-B1  04-00-00-03  39-41-1D-55  53-43-31-20
    20-20-20-43  6F-6E-74-72  6F-6C-20-56  2E-50-72-65
    73-73-20-45  72-72-6F-72  01-03-21-01  02-B1-04-00
    00-03-3F-41  1D-55-53-43  32-20-20-20  20-43-6F-6E
    74-72-6F-6C  20-45-4D-4F  20-20-20-20  20-45-72-72
    6F-72-01-03  21-01-02-B1  04-00-00-03  40-41-1D-55
    53-43-32-20  20-20-20-43  6F-6E-74-72  6F-6C-20-49
    6E-76-65-72  74-65-72-45  72-72-6F-72  01-03-21-01
    02-B1-04-00  00-03-41-41  1D-55-53-43  32-20-20-20
    20-43-6F-6E  74-72-6F-6C  20-54-65-6D  70-20-20-20
    20-45-72-72  6F-72-01-03  21-01-02-B1  04-00-00-03
    42-41-1D-55  53-43-32-20  20-20-20-43  6F-6E-74-72
    6F-6C-20-55  2E-50-72-65  73-73-20-45  72-72-6F-72
    01-03-21-01  02-B1-04-00  00-03-43-41  1D-55-53-43
    32-20-20-20  20-43-6F-6E  74-72-6F-6C  20-56-2E-50
    72-65-73-73  20-45-72-72  6F-72-01-03  21-01-02-B1
    04-00-00-03  49-41-0A-45  46-45-4D-20  49-2F-46-4E
    47
2023-08-29 11:30:51,752[INFO ]:<<< Received HSMS Message <<< : SSID(0), B2(133), B3(5), P(0), S(0), SB(68), Length[8]
2023-08-29 11:30:51,752[DEBUG]:<<<< HSMS Data [8] <<<<
    01-01-B1-04  00-1A-80-0E
2023-08-29 11:30:51,755[INFO ]:Queued HSMS Message : SSID(0), B2(5), B3(6), P(0), S(0), SB(68), Length[14]
2023-08-29 11:30:51,755[INFO ]:Message Stat : Queue[1], Sent[0], Recv[15]
2023-08-29 11:30:51,767[INFO ]:>>> Sent HSMS Message >>> : SSID(0), B2(5), B3(6), P(0), S(0), SB(68), Length[14]
2023-08-29 11:30:51,767[DEBUG]:>>>> HSMS Data [14] >>>>
    01-01-01-03  21-00-B1-04  00-1A-80-0E  41-00
2023-08-29 11:30:59,891[INFO ]:<<< Received HSMS Message <<< : SSID(0), B2(133), B3(3), P(0), S(0), SB(70), Length[7]
2023-08-29 11:30:59,891[DEBUG]:<<<< HSMS Data [7] <<<<
    01-02-21-01  01-B1-00
2023-08-29 11:30:59,892[INFO ]:Queued HSMS Message : SSID(0), B2(5), B3(4), P(0), S(0), SB(70), Length[3]
2023-08-29 11:30:59,892[INFO ]:Message Stat : Queue[1], Sent[0], Recv[15]
2023-08-29 11:30:59,937[INFO ]:>>> Sent HSMS Message >>> : SSID(0), B2(5), B3(4), P(0), S(0), SB(70), Length[3]
2023-08-29 11:30:59,937[DEBUG]:>>>> HSMS Data [3] >>>>
    21-01-01
2023-08-29 11:31:05,430[INFO ]:<<< Received HSMS Message <<< : SSID(0), B2(133), B3(5), P(0), S(0), SB(72), Length[2]
2023-08-29 11:31:05,430[DEBUG]:<<<< HSMS Data [2] <<<<
    01-00
2023-08-29 11:31:05,438[INFO ]:Queued HSMS Message : SSID(0), B2(5), B3(6), P(0), S(0), SB(72), Length[4,145]
2023-08-29 11:31:05,438[INFO ]:Message Stat : Queue[1], Sent[0], Recv[15]
2023-08-29 11:31:05,476[INFO ]:>>> Sent HSMS Message >>> : SSID(0), B2(5), B3(6), P(0), S(0), SB(72), Length[4,145]
2023-08-29 11:31:05,476[DEBUG]:>>>> HSMS Data [4145] >>>>
    01-75-01-03  21-01-02-B1  04-00-00-00  01-41-0D-4D
    43-50-20-45  4D-4F-20-45  72-72-6F-72  01-03-21-01
    02-B1-04-00  00-00-02-41  15-4D-43-50  20-4C-6F-61
    64-45-4D-4F  20-20-20-20  20-45-72-72  6F-72-01-03
    21-01-02-B1  04-00-00-00  03-41-0B-53  4D-50-53-31
    20-20-20-4F  66-66-01-03  21-01-02-B1  04-00-00-00
    04-41-0B-53  4D-50-53-32  20-20-20-4F  66-66-01-03
    21-01-02-B1  04-00-00-00  05-41-0B-53  4D-50-53-33
    20-20-20-4F  66-66-01-03  21-01-02-B1  04-00-00-00
    06-41-0B-53  4D-50-53-34  20-20-20-4F  66-66-01-03
    21-01-02-B1  04-00-00-00  07-41-13-4D  43-50-20-20
    20-20-20-50  6F-77-65-72  20-20-20-4F  66-66-01-03
    21-01-02-B1  04-00-00-00  08-41-0C-55  4D-43-43-42
    20-20-20-54  72-69-70-01  03-21-01-02  B1-04-00-00
    00-09-41-0C  4D-43-43-42  20-20-20-20  54-72-69-70
    01-03-21-01  02-B1-04-00  00-00-0A-41  17-50-61-6E
    65-6C-20-20  20-44-43-20  50-6F-77-65  72-43-50-20
    54-72-69-70  01-03-21-01  02-B1-04-00  00-00-0B-41
    17-52-65-6D  6F-74-65-20  20-44-43-20  50-6F-77-65
    72-43-50-20  54-72-69-70  01-03-21-01  02-B1-04-00
    00-00-0C-41  17-53-61-66  65-74-79-20  20-50-4C-43
    20-20-20-20  20-43-50-20  54-72-69-70  01-03-21-01
    02-B1-04-00  00-00-0D-41  17-50-4C-43  20-20-20-20
    20-50-6F-77  65-72-20-20  20-43-50-20  54-72-69-70
    01-03-21-01  02-B1-04-00  00-00-0E-41  0B-4D-43-20
    30-31-20-30  32-4F-66-66  01-03-21-01  02-B1-04-00
    00-00-0F-41  0E-53-6D-6F  6B-65-20-20  20-44-65-74
    65-63-74-01  03-21-01-02  B1-04-00-00  00-10-41-13
    50-61-6E-65  6C-20-20-20  46-61-6E-30  31-20-20-20
    4F-66-66-01  03-21-01-02  B1-04-00-00  00-11-41-13
    50-61-6E-65  6C-20-20-20  46-61-6E-30  32-20-20-20
    4F-66-66-01  03-21-01-02  B1-04-00-00  00-12-41-13
    50-61-6E-65  6C-20-20-20  46-61-6E-30  33-20-20-20
    4F-66-66-01  03-21-01-02  B1-04-00-00  00-13-41-13
    50-61-6E-65  6C-20-20-20  46-61-6E-30  34-20-20-20
    4F-66-66-01  03-21-01-02  B1-04-00-00  00-14-41-14
    4F-50-30-31  20-20-20-20  44-6F-6F-72  20-20-20-20
    4F-70-65-6E  01-03-21-01  02-B1-04-00  00-00-15-41
    14-49-50-30  31-20-20-20  20-44-6F-6F  72-20-20-20
    20-4F-70-65  6E-01-03-21  01-02-B1-04  00-00-00-16
    41-14-42-46  30-31-20-20  20-20-44-6F  6F-72-20-20
    20-20-4F-70  65-6E-01-03  21-01-02-B1  04-00-00-00
    17-41-14-55  53-43-30-31  20-20-20-44  6F-6F-72-20
    20-20-20-4F  70-65-6E-01  03-21-01-02  B1-04-00-00
    00-18-41-14  4F-50-30-31  20-20-20-20  4C-2E-43-6F
    76-65-72-20  4F-70-65-6E  01-03-21-01  02-B1-04-00
    00-00-19-41  14-69-50-30  31-20-20-20  20-4C-2E-43
    6F-76-65-72  20-4F-70-65  6E-01-03-21  01-02-B1-04
    00-00-00-1A  41-14-42-46  30-31-20-20  20-20-4C-2E
    43-6F-76-65  72-20-4F-70  65-6E-01-03  21-01-02-B1
    04-00-00-00  1B-41-14-55  53-43-30-31  20-20-20-4C
    2E-43-6F-76  65-72-20-4F  70-65-6E-01  03-21-01-02
    B1-04-00-00  00-1C-41-1D  43-43-2D-4C  49-4E-4B-20
    52-75-6E-6E  69-6E-67-20  50-6F-77-65  72-4F-46-46
    45-52-52-4F  52-01-03-21  01-02-B1-04  00-00-00-1E
    41-26-54-45  41-43-48-20  20-20-4B-45  59-20-45-72
    72-20-77-68  65-6E-20-63  68-61-6E-67  69-6E-67-20
    41-75-74-6F  4D-6F-64-65  01-03-21-01  02-B1-04-00
    00-00-1F-41  15-4D-43-50  20-41-75-74  6F-4B-65-79
    20-53-74-6F  70-45-72-72  6F-72-01-03  21-01-02-B1
    04-00-00-00  20-41-15-4C  69-67-68-74  20-20-20-43
    75-72-74-61  69-6E-20-45  52-52-4F-52  01-03-21-01
    02-B1-04-00  00-00-21-41  1C-4F-50-30  31-20-20-20
    20-55-4E-44  45-52-20-20  20-44-4F-4F  52-20-20-20
    20-4F-50-45  4E-01-03-21  01-02-B1-04  00-00-00-22
    41-1C-49-50  30-31-20-20  20-20-55-4E  44-45-52-20
    20-20-44-4F  4F-52-20-20  20-20-4F-50  45-4E-01-03
    21-01-02-B1  04-00-00-00  23-41-1C-42  46-30-31-20
    20-20-20-55  4E-44-45-52  20-20-20-44  4F-4F-52-20
    20-20-20-4F  50-45-4E-01  03-21-01-02  B1-04-00-00
    00-24-41-1C  53-43-30-31  20-20-20-20  55-4E-44-45
    52-20-20-20  44-4F-4F-52  20-20-20-20  4F-50-45-4E
    01-03-21-01  02-B1-04-00  00-00-A1-41  0E-49-50-30
    31-20-45-4D  4F-20-45-72  72-6F-72-01  03-21-01-02
    B1-04-00-00  00-A2-41-1D  49-50-30-31  20-20-20-20
    41-75-74-6F  20-4B-65-79  53-74-6F-70  20-20-20-20
    45-72-72-6F  72-01-03-21  01-02-B1-04  00-00-00-A6
    41-1A-47-6C  61-73-73-20  20-20-54-72  61-79-20-20
    20-20-49-6E  70-6C-61-63  65-20-4E-47  01-03-21-01
    02-B1-04-00  00-00-A7-41  1B-49-50-20  50-6F-72-74
    20-54-72-61  79-20-20-20  20-43-6F-76  65-72-20-20
    20-4F-66-66  01-03-21-01  02-B1-04-00  00-00-AB-41
    15-49-50-20  50-6F-72-74  20-49-6E-76  65-72-74-65
    72-45-72-72  6F-72-01-03  21-01-02-B1  04-00-00-00
    AC-41-18-49  50-20-54-72  61-79-20-44  65-74-65-63
    74-20-20-54  69-6D-65-4F  76-65-72-01  03-21-01-02
    B1-04-00-00  00-F6-41-15  47-6C-61-73  73-20-20-20
    54-72-61-79  20-55-50-20  45-72-72-6F  72-01-03-21
    01-02-B1-04  00-00-00-F7  41-15-47-6C  61-73-73-20
    20-20-54-72  61-79-20-44  4E-20-45-72  72-6F-72-01
    03-21-01-02  B1-04-00-00  00-F8-41-15  47-6C-61-73
    73-20-20-20  54-72-61-79  20-46-57-20  45-72-72-6F
    72-01-03-21  01-02-B1-04  00-00-00-F9  41-15-47-6C
    61-73-73-20  20-20-54-72  61-79-20-42  57-20-45-72
    72-6F-72-01  03-21-01-02  B1-04-00-00  00-FA-41-18
    47-6C-61-73  73-20-20-20  48-6F-6C-64  65-72-20-20
    46-57-20-45  72-72-6F-72  01-03-21-01  02-B1-04-00
    00-00-FB-41  18-47-6C-61  73-73-20-20  20-48-6F-6C
    64-65-72-20  20-42-57-20  45-72-72-6F  72-01-03-21
    01-02-B1-04  00-00-00-FC  41-1A-47-6C  61-73-73-20
    20-20-54-72  61-79-20-20  20-20-49-6E  70-6C-61-63
    65-20-4E-47  01-03-21-01  02-B1-04-00  00-00-FF-41
    20-47-6C-61  73-73-20-20  20-54-72-61  79-20-20-20
    20-44-65-74  65-63-74-20  20-54-69-6D  65-4F-76-65
    72-01-03-21  01-02-B1-04  00-00-01-41  41-15-4F-50
    30-31-20-20  20-20-45-4D  4F-20-20-20  20-20-45-72
    72-6F-72-01  03-21-01-02  B1-04-00-00  01-42-41-1D
    4F-50-30-31  20-20-20-20  41-75-74-6F  20-4B-65-79
    53-74-6F-70  20-20-20-20  45-72-72-6F  72-01-03-21
    01-02-B1-04  00-00-01-4B  41-1A-50-61  70-65-72-20
    20-20-54-72  61-79-20-20  20-20-49-6E  70-6C-61-63
    65-20-4E-47  01-03-21-01  02-B1-04-00  00-01-4C-41
    1B-4F-50-20  50-6F-72-74  20-54-72-61  79-20-20-20
    20-43-6F-76  65-72-20-20  20-4F-66-66  01-03-21-01
    02-B1-04-00  00-01-50-41  15-4F-50-20  50-6F-72-74
    20-49-6E-76  65-72-74-65  72-45-72-72  6F-72-01-03
    21-01-82-B1  04-00-00-01  51-41-18-4F  50-20-54-72
    61-79-20-44  65-74-65-63  74-20-20-54  69-6D-65-4F
    76-65-72-01  03-21-01-02  B1-04-00-00  01-96-41-15
    50-61-70-65  72-20-20-20  54-72-61-79  20-55-50-20
    45-72-72-6F  72-01-03-21  01-02-B1-04  00-00-01-97
    41-15-50-61  70-65-72-20  20-20-54-72  61-79-20-44
    4E-20-45-72  72-6F-72-01  03-21-01-02  B1-04-00-00
    01-98-41-15  50-61-70-65  72-20-20-20  54-72-61-79
    20-46-57-20  45-72-72-6F  72-01-03-21  01-02-B1-04
    00-00-01-99  41-15-50-61  70-65-72-20  20-20-54-72
    61-79-20-42  57-20-45-72  72-6F-72-01  03-21-01-02
    B1-04-00-00  01-9A-41-18  50-61-70-65  72-20-20-20
    48-6F-6C-64  65-72-20-20  46-57-20-45  72-72-6F-72
    01-03-21-01  02-B1-04-00  00-01-9B-41  18-50-61-70
    65-72-20-20  20-48-6F-6C  64-65-72-20  20-42-57-20
    45-72-72-6F  72-01-03-21  01-02-B1-04  00-00-01-9C
    41-1A-50-61  70-65-72-20  20-20-54-72  61-79-20-20
    20-20-49-6E  70-6C-61-63  65-20-4E-47  01-03-21-01
    02-B1-04-00  00-01-E2-41  1F-48-4F-53  49-54-20-20
    20-44-4F-57  4E-20-20-20  20-54-52-41  56-45-4C-20
    20-4A-4F-47  20-45-52-52  01-03-21-01  02-B1-04-00
    00-01-E6-41  15-47-6C-61  73-73-20-20  20-56-61-63
    75-75-6D-20  20-4F-6E-20  4E-47-01-03  21-01-02-B1
    04-00-00-01  E7-41-16-47  6C-61-73-73  20-20-20-56
    61-63-75-75  6D-20-20-4F  66-66-20-4E  47-01-03-21
    01-02-B1-04  00-00-01-E8  41-12-54-4D  20-47-6C-61
    73-73-44-65  74-65-63-74  20-20-4E-47  01-03-21-01
    02-B1-04-00  00-01-EB-41  15-50-61-70  65-72-20-20
    20-56-61-63  75-75-6D-20  20-4F-6E-20  4E-47-01-03
    21-01-02-B1  04-00-00-01  EC-41-16-50  61-70-65-72
    20-20-20-56  61-63-75-75  6D-20-20-4F  66-66-20-4E
    47-01-03-21  01-02-B1-04  00-00-01-ED  41-12-54-4D
    20-50-61-70  65-72-44-65  74-65-63-74  20-20-4E-47
    01-03-21-01  02-B1-04-00  00-01-F5-41  14-54-4D-5F
    58-20-20-20  20-4F-72-69  67-69-6E-20  20-4C-6F-73
    74-01-03-21  01-02-B1-04  00-00-01-F6  41-15-54-4D
    5F-58-20-20  20-20-2B-4C  69-6D-69-74  20-20-45-72
    72-6F-72-01  03-21-01-02  B1-04-00-00  01-F7-41-15
    54-4D-5F-58  20-20-20-20  2D-4C-69-6D  69-74-20-20
    45-72-72-6F  72-01-03-21  01-02-B1-04  00-00-01-F8
    41-15-54-4D  5F-58-20-20  20-20-41-78  69-73-20-20
    20-20-45-72  72-6F-72-01  03-21-01-02  B1-04-00-00
    01-F9-41-15  54-4D-5F-58  20-20-20-20  53-65-72-76
    6F-20-20-20  45-72-72-6F  72-01-03-21  01-02-B1-04
    00-00-01-FA  41-12-54-4D  5F-58-20-20  20-20-4C-65
    66-74-20-50  6F-73-4E-47  01-03-21-01  02-B1-04-00
    00-01-FB-41  12-54-4D-5F  58-20-20-20  20-52-69-67
    68-74-50-6F  73-4E-47-01  03-21-01-02  B1-04-00-00
    01-FF-41-14  54-4D-5F-5A  31-20-20-20  4F-72-69-67
    69-6E-20-20  4C-6F-73-74  01-03-21-01  02-B1-04-00
    00-02-00-41  15-54-4D-5F  5A-31-20-20  20-2B-4C-69
    6D-69-74-20  20-45-72-72  6F-72-01-03  21-01-02-B1
    04-00-00-02  01-41-15-54  4D-5F-5A-31  20-20-20-2D
    4C-69-6D-69  74-20-20-45  72-72-6F-72  01-03-21-01
    02-B1-04-00  00-02-02-41  15-54-4D-5F  5A-31-20-20
    20-41-78-69  73-20-20-20  20-45-72-72  6F-72-01-03
    21-01-02-B1  04-00-00-02  03-41-15-54  4D-5F-5A-31
    20-20-20-53  65-72-76-6F  20-20-20-45  72-72-6F-72
    01-03-21-01  02-B1-04-00  00-02-04-41  12-54-4D-5F
    5A-31-20-20  20-55-50-20  50-6F-73-20  20-4E-47-01
    03-21-01-02  B1-04-00-00  02-05-41-12  54-4D-5F-5A
    31-20-20-20  44-4E-20-50  6F-73-20-20  4E-47-01-03
    21-01-02-B1  04-00-00-02  09-41-14-54  4D-5F-5A-32
    20-20-20-4F  72-69-67-69  6E-20-20-4C  6F-73-74-01
    03-21-01-02  B1-04-00-00  02-0A-41-15  54-4D-5F-5A
    32-20-20-20  2B-4C-69-6D  69-74-20-20  45-72-72-6F
    72-01-03-21  01-02-B1-04  00-00-02-0B  41-15-54-4D
    5F-5A-32-20  20-20-2D-4C  69-6D-69-74  20-20-45-72
    72-6F-72-01  03-21-01-02  B1-04-00-00  02-0C-41-15
    54-4D-5F-5A  32-20-20-20  41-78-69-73  20-20-20-20
    45-72-72-6F  72-01-03-21  01-02-B1-04  00-00-02-0D
    41-15-54-4D  5F-5A-32-20  20-20-53-65  72-76-6F-20
    20-20-45-72  72-6F-72-01  03-21-01-02  B1-04-00-00
    02-0E-41-12  54-4D-5F-5A  32-20-20-20  55-50-20-50
    6F-73-20-20  4E-47-01-03  21-01-02-B1  04-00-00-02
    0F-41-12-54  4D-5F-5A-32  20-20-20-44  4E-20-50-6F
    73-20-20-4E  47-01-03-21  01-02-B1-04  00-00-02-81
    41-1E-42-46  20-41-75-74  6F-20-43-65  6E-74-27-67
    20-20-46-57  44-20-20-20  20-20-44-65  74-65-63-74
    01-03-21-01  02-B1-04-00  00-02-86-41  18-42-46-20
    20-20-20-20  20-43-65-6E  74-27-67-20  20-46-57-20
    45-72-72-6F  72-01-03-21  01-02-B1-04  00-00-02-87
    41-18-42-46  20-20-20-20  20-20-43-65  6E-74-27-67
    20-20-42-57  20-45-72-72  6F-72-01-03  21-01-02-B1
    04-00-00-02  88-41-16-42  46-20-47-6C  61-73-73-43
    72-61-63-6B  20-20-20-44  65-74-65-63  74-01-03-21
    01-02-B1-04  00-00-02-8B  41-15-42-46  20-20-20-20
    20-20-49-6E  76-65-72-74  65-72-45-72  72-6F-72-01
    03-21-01-02  B1-04-00-00  02-8C-41-20  42-46-20-20
    20-20-20-20  47-6C-61-73  73-20-20-20  4F-75-74-20
    20-20-20-20  54-69-6D-65  4F-76-65-72  01-03-21-01
    02-B1-04-00  00-03-21-41  1E-55-53-43  20-20-20-20
    20-41-75-74  6F-20-20-20  20-50-49-4E  20-55-50-20
    20-44-65-74  65-63-74-01  03-21-01-02  B1-04-00-00
    03-22-41-1E  55-53-43-41  75-74-6F-20  43-65-6E-74
    27-67-20-20  46-57-44-20  20-20-20-20  44-65-74-65
    63-74-01-03  21-01-02-B1  04-00-00-03  26-41-18-55
    53-43-20-20  20-20-20-43  65-6E-74-27  67-20-20-46
    57-20-45-72  72-6F-72-01  03-21-01-02  B1-04-00-00
    03-27-41-18  55-53-43-20  20-20-20-20  43-65-6E-74
    27-67-20-20  42-57-20-45  72-72-6F-72  01-03-21-01
    02-B1-04-00  00-03-28-41  15-55-53-43  20-20-20-20
    20-50-69-6E  20-55-50-20  20-45-72-72  6F-72-01-03
    21-01-02-B1  04-00-00-03  29-41-15-55  53-43-20-20
    20-20-20-50  69-6E-20-44  4E-20-20-45  72-72-6F-72
    01-03-21-01  02-B1-04-00  00-03-2B-41  15-55-53-43
    20-20-20-20  20-49-6E-76  65-72-74-65  72-45-72-72
    6F-72-01-03  21-01-02-B1  04-00-00-03  2C-41-20-55
    53-43-20-20  20-20-20-47  6C-61-73-73  20-20-20-53
    74-6F-70-20  20-20-20-54  69-6D-65-4F  76-65-72-01
    03-21-01-02  B1-04-00-00  03-2D-41-20  55-53-43-20
    20-20-20-20  47-6C-61-73  73-20-20-20  4F-75-74-20
    20-20-20-20  54-69-6D-65  4F-76-65-72  01-03-21-01
    02-B1-04-00  00-03-2E-41  1D-55-53-43  20-20-20-20
    20-4D-41-4E  55-41-4C-20  20-4A-4F-47  20-20-20-20
    20-45-52-52  4F-52-01-03  21-01-02-B1  04-00-00-03
    35-41-1D-55  53-43-31-20  20-20-20-43  6F-6E-74-72
    6F-6C-20-45  4D-4F-20-20  20-20-20-45  72-72-6F-72
    01-03-21-01  02-B1-04-00  00-03-36-41  1D-55-53-43
    31-20-20-20  20-43-6F-6E  74-72-6F-6C  20-49-6E-76
    65-72-74-65  72-45-72-72  6F-72-01-03  21-01-02-B1
    04-00-00-03  37-41-1D-55  53-43-31-20  20-20-20-43
    6F-6E-74-72  6F-6C-20-54  65-6D-70-20  20-20-20-45
    72-72-6F-72  01-03-21-01  02-B1-04-00  00-03-38-41
    1D-55-53-43  31-20-20-20  20-43-6F-6E  74-72-6F-6C
    20-55-2E-50  72-65-73-73  20-45-72-72  6F-72-01-03
    21-01-02-B1  04-00-00-03  39-41-1D-55  53-43-31-20
    20-20-20-43  6F-6E-74-72  6F-6C-20-56  2E-50-72-65
    73-73-20-45  72-72-6F-72  01-03-21-01  02-B1-04-00
    00-03-3F-41  1D-55-53-43  32-20-20-20  20-43-6F-6E
    74-72-6F-6C  20-45-4D-4F  20-20-20-20  20-45-72-72
    6F-72-01-03  21-01-02-B1  04-00-00-03  40-41-1D-55
    53-43-32-20  20-20-20-43  6F-6E-74-72  6F-6C-20-49
    6E-76-65-72  74-65-72-45  72-72-6F-72  01-03-21-01
    02-B1-04-00  00-03-41-41  1D-55-53-43  32-20-20-20
    20-43-6F-6E  74-72-6F-6C  20-54-65-6D  70-20-20-20
    20-45-72-72  6F-72-01-03  21-01-02-B1  04-00-00-03
    42-41-1D-55  53-43-32-20  20-20-20-43  6F-6E-74-72
    6F-6C-20-55  2E-50-72-65  73-73-20-45  72-72-6F-72
    01-03-21-01  02-B1-04-00  00-03-43-41  1D-55-53-43
    32-20-20-20  20-43-6F-6E  74-72-6F-6C  20-56-2E-50
    72-65-73-73  20-45-72-72  6F-72-01-03  21-01-02-B1
    04-00-00-03  49-41-0A-45  46-45-4D-20  49-2F-46-4E
    47
2023-08-29 11:31:15,772[INFO ]:<<< Received HSMS Message <<< : SSID(0), B2(133), B3(5), P(0), S(0), SB(74), Length[8]
2023-08-29 11:31:15,772[DEBUG]:<<<< HSMS Data [8] <<<<
    01-01-B1-04  00-00-03-42
2023-08-29 11:31:15,772[INFO ]:Queued HSMS Message : SSID(0), B2(5), B3(6), P(0), S(0), SB(74), Length[44]
2023-08-29 11:31:15,772[INFO ]:Message Stat : Queue[1], Sent[0], Recv[15]
2023-08-29 11:31:15,832[INFO ]:>>> Sent HSMS Message >>> : SSID(0), B2(5), B3(6), P(0), S(0), SB(74), Length[44]
2023-08-29 11:31:15,832[DEBUG]:>>>> HSMS Data [44] >>>>
    01-01-01-03  21-01-02-B1  04-00-00-03  42-41-1D-55
    53-43-32-20  20-20-20-43  6F-6E-74-72  6F-6C-20-55
    2E-50-72-65  73-73-20-45  72-72-6F-72
2023-08-29 11:31:22,005[INFO ]:<<< Received HSMS Message <<< : SSID(0), B2(133), B3(3), P(0), S(0), SB(76), Length[7]
2023-08-29 11:31:22,005[DEBUG]:<<<< HSMS Data [7] <<<<
    01-02-21-01  01-B1-00
2023-08-29 11:31:22,005[INFO ]:Queued HSMS Message : SSID(0), B2(5), B3(4), P(0), S(0), SB(76), Length[3]
2023-08-29 11:31:22,005[INFO ]:Message Stat : Queue[1], Sent[0], Recv[15]
2023-08-29 11:31:22,051[INFO ]:>>> Sent HSMS Message >>> : SSID(0), B2(5), B3(4), P(0), S(0), SB(76), Length[3]
2023-08-29 11:31:22,051[DEBUG]:>>>> HSMS Data [3] >>>>
    21-01-01
2023-08-29 11:31:34,760[INFO ]:<<< Received HSMS Message <<< : SSID(0), B2(133), B3(3), P(0), S(0), SB(78), Length[18]
2023-08-29 11:31:34,761[DEBUG]:<<<< HSMS Data [18] <<<<
    01-02-21-08  01-00-00-00  00-00-00-00  B1-04-00-00
    03-42
2023-08-29 11:31:34,762[INFO ]:Queued HSMS Message : SSID(0), B2(5), B3(4), P(0), S(0), SB(78), Length[3]
2023-08-29 11:31:34,762[INFO ]:Message Stat : Queue[1], Sent[0], Recv[15]
2023-08-29 11:31:34,776[INFO ]:>>> Sent HSMS Message >>> : SSID(0), B2(5), B3(4), P(0), S(0), SB(78), Length[3]
2023-08-29 11:31:34,776[DEBUG]:>>>> HSMS Data [3] >>>>
    21-01-01
2023-08-29 11:31:54,013[INFO ]:<<< Received HSMS Message <<< : SSID(0), B2(133), B3(3), P(0), S(0), SB(80), Length[11]
2023-08-29 11:31:54,013[DEBUG]:<<<< HSMS Data [11] <<<<
    01-02-21-01  01-B1-04-00  00-03-42
2023-08-29 11:31:54,015[INFO ]:Queued HSMS Message : SSID(0), B2(5), B3(4), P(0), S(0), SB(80), Length[3]
2023-08-29 11:31:54,015[INFO ]:Message Stat : Queue[1], Sent[0], Recv[15]
2023-08-29 11:31:54,029[INFO ]:>>> Sent HSMS Message >>> : SSID(0), B2(5), B3(4), P(0), S(0), SB(80), Length[3]
2023-08-29 11:31:54,029[DEBUG]:>>>> HSMS Data [3] >>>>
    21-01-01
2023-08-29 11:32:04,523[INFO ]:Send LinkTest Request.
2023-08-29 11:32:04,523[INFO ]:Queued HSMS Message : SSID(65535), B2(0), B3(0), P(0), S(5), SB(13), Length[0]
2023-08-29 11:32:04,523[INFO ]:Message Stat : Queue[1], Sent[0], Recv[14]
2023-08-29 11:32:04,569[INFO ]:>>> Sent HSMS Message >>> : SSID(65535), B2(0), B3(0), P(0), S(5), SB(13), Length[0]
2023-08-29 11:32:04,677[INFO ]:Received LinkTest Response.
2023-08-29 11:32:04,677[INFO ]:<<< Received HSMS Message <<< : SSID(65535), B2(0), B3(0), P(0), S(6), SB(13), Length[0]
2023-08-29 11:32:11,743[INFO ]:<<< Received HSMS Message <<< : SSID(0), B2(133), B3(3), P(0), S(0), SB(82), Length[11]
2023-08-29 11:32:11,743[DEBUG]:<<<< HSMS Data [11] <<<<
    01-02-21-01  00-B1-04-00  00-03-42
2023-08-29 11:32:11,743[INFO ]:Queued HSMS Message : SSID(0), B2(5), B3(4), P(0), S(0), SB(82), Length[3]
2023-08-29 11:32:11,743[INFO ]:Message Stat : Queue[1], Sent[0], Recv[16]
2023-08-29 11:32:11,759[INFO ]:>>> Sent HSMS Message >>> : SSID(0), B2(5), B3(4), P(0), S(0), SB(82), Length[3]
2023-08-29 11:32:11,759[DEBUG]:>>>> HSMS Data [3] >>>>
    21-01-00
2023-08-29 11:32:15,557[INFO ]:<<< Received HSMS Message <<< : SSID(0), B2(133), B3(3), P(0), S(0), SB(84), Length[11]
2023-08-29 11:32:15,557[DEBUG]:<<<< HSMS Data [11] <<<<
    01-02-21-01  01-B1-04-00  00-03-42
2023-08-29 11:32:15,558[INFO ]:Queued HSMS Message : SSID(0), B2(5), B3(4), P(0), S(0), SB(84), Length[3]
2023-08-29 11:32:15,558[INFO ]:Message Stat : Queue[1], Sent[0], Recv[16]
2023-08-29 11:32:15,603[INFO ]:>>> Sent HSMS Message >>> : SSID(0), B2(5), B3(4), P(0), S(0), SB(84), Length[3]
2023-08-29 11:32:15,603[DEBUG]:>>>> HSMS Data [3] >>>>
    21-01-00
2023-08-29 11:32:29,772[INFO ]:<<< Received HSMS Message <<< : SSID(0), B2(133), B3(3), P(0), S(0), SB(86), Length[11]
2023-08-29 11:32:29,772[DEBUG]:<<<< HSMS Data [11] <<<<
    01-02-21-01  01-B1-04-00  00-00-01
2023-08-29 11:32:29,773[INFO ]:Queued HSMS Message : SSID(0), B2(5), B3(4), P(0), S(0), SB(86), Length[3]
2023-08-29 11:32:29,773[INFO ]:Message Stat : Queue[1], Sent[0], Recv[16]
2023-08-29 11:32:29,803[INFO ]:>>> Sent HSMS Message >>> : SSID(0), B2(5), B3(4), P(0), S(0), SB(86), Length[3]
2023-08-29 11:32:29,803[DEBUG]:>>>> HSMS Data [3] >>>>
    21-01-01
2023-08-29 11:32:50,609[INFO ]:<<< Received HSMS Message <<< : SSID(0), B2(138), B3(3), P(0), S(0), SB(88), Length[22]
2023-08-29 11:32:50,609[DEBUG]:<<<< HSMS Data [22] <<<<
    01-02-21-01  00-41-0F-54  65-72-6D-69  6E-61-6C-20
    54-45-53-54  20-31
2023-08-29 11:32:50,744[INFO ]:Queued HSMS Message : SSID(0), B2(10), B3(4), P(0), S(0), SB(88), Length[3]
2023-08-29 11:32:50,744[INFO ]:Message Stat : Queue[1], Sent[0], Recv[16]
2023-08-29 11:32:50,747[INFO ]:>>> Sent HSMS Message >>> : SSID(0), B2(10), B3(4), P(0), S(0), SB(88), Length[3]
2023-08-29 11:32:50,747[DEBUG]:>>>> HSMS Data [3] >>>>
    21-01-00
2023-08-29 11:32:54,978[INFO ]:<<< Received HSMS Message <<< : SSID(0), B2(138), B3(5), P(0), S(0), SB(90), Length[37]
2023-08-29 11:32:54,978[DEBUG]:<<<< HSMS Data [37] <<<<
    01-02-21-01  00-01-02-41  07-54-45-53  54-20-31-20
    41-13-54-45  53-54-20-32  20-2D-20-21  40-23-24-25
    5E-26-2A-28  29
2023-08-29 11:32:54,996[INFO ]:Queued HSMS Message : SSID(0), B2(9), B3(5), P(0), S(0), SB(14), Length[12]
2023-08-29 11:32:54,996[INFO ]:Message Stat : Queue[1], Sent[0], Recv[16]
2023-08-29 11:32:55,008[INFO ]:>>> Sent HSMS Message >>> : SSID(0), B2(9), B3(5), P(0), S(0), SB(14), Length[12]
2023-08-29 11:32:55,008[DEBUG]:>>>> HSMS Data [12] >>>>
    21-0A-00-00  8A-05-00-00  00-00-00-5A
2023-08-29 11:34:06,184[INFO ]:Send LinkTest Request.
2023-08-29 11:34:06,184[INFO ]:Queued HSMS Message : SSID(65535), B2(0), B3(0), P(0), S(5), SB(15), Length[0]
2023-08-29 11:34:06,184[INFO ]:Message Stat : Queue[1], Sent[0], Recv[16]
2023-08-29 11:34:06,199[INFO ]:>>> Sent HSMS Message >>> : SSID(65535), B2(0), B3(0), P(0), S(5), SB(15), Length[0]
2023-08-29 11:34:06,305[INFO ]:Received LinkTest Response.
2023-08-29 11:34:06,305[INFO ]:<<< Received HSMS Message <<< : SSID(65535), B2(0), B3(0), P(0), S(6), SB(15), Length[0]
2023-08-29 11:34:14,324[INFO ]:<<< Received HSMS Message <<< : SSID(0), B2(138), B3(3), P(0), S(0), SB(92), Length[22]
2023-08-29 11:34:14,324[DEBUG]:<<<< HSMS Data [22] <<<<
    01-02-21-01  00-41-0F-54  65-72-6D-69  6E-61-6C-20
    54-45-53-54  20-31
2023-08-29 11:34:14,324[INFO ]:Queued HSMS Message : SSID(0), B2(10), B3(4), P(0), S(0), SB(92), Length[3]
2023-08-29 11:34:14,324[INFO ]:Message Stat : Queue[1], Sent[0], Recv[18]
2023-08-29 11:34:14,353[INFO ]:>>> Sent HSMS Message >>> : SSID(0), B2(10), B3(4), P(0), S(0), SB(92), Length[3]
2023-08-29 11:34:14,353[DEBUG]:>>>> HSMS Data [3] >>>>
    21-01-00
2023-08-29 11:36:07,884[INFO ]:Send LinkTest Request.
2023-08-29 11:36:07,884[INFO ]:Queued HSMS Message : SSID(65535), B2(0), B3(0), P(0), S(5), SB(16), Length[0]
2023-08-29 11:36:07,884[INFO ]:Message Stat : Queue[1], Sent[0], Recv[17]
2023-08-29 11:36:07,930[INFO ]:>>> Sent HSMS Message >>> : SSID(65535), B2(0), B3(0), P(0), S(5), SB(16), Length[0]
2023-08-29 11:36:08,037[INFO ]:Received LinkTest Response.
2023-08-29 11:36:08,037[INFO ]:<<< Received HSMS Message <<< : SSID(65535), B2(0), B3(0), P(0), S(6), SB(16), Length[0]
2023-08-29 11:36:23,958[INFO ]:<<< Received HSMS Message <<< : SSID(0), B2(130), B3(13), P(0), S(0), SB(94), Length[4]
2023-08-29 11:36:23,958[DEBUG]:<<<< HSMS Data [4] <<<<
    01-01-B1-00
2023-08-29 11:36:23,962[INFO ]:Queued HSMS Message : SSID(0), B2(2), B3(14), P(0), S(0), SB(94), Length[57]
2023-08-29 11:36:23,962[INFO ]:Message Stat : Queue[1], Sent[0], Recv[19]
2023-08-29 11:36:23,963[INFO ]:clear RecvQueue's items that over the life time.
2023-08-29 11:36:24,019[INFO ]:>>> Sent HSMS Message >>> : SSID(0), B2(2), B3(14), P(0), S(0), SB(94), Length[57]
2023-08-29 11:36:24,019[DEBUG]:>>>> HSMS Data [57] >>>>
    01-0A-A9-02  00-00-B1-04  00-00-00-78  B1-04-00-00
    00-0A-B1-04  00-00-00-01  B1-04-00-00  00-2D-B1-04
    00-00-00-0A  B1-04-00-00  00-05-B1-04  00-00-00-0A
    B1-04-00-00  00-05-25-01  00
2023-08-29 11:36:48,688[INFO ]:<<< Received HSMS Message <<< : SSID(0), B2(130), B3(13), P(0), S(0), SB(96), Length[8]
2023-08-29 11:36:48,688[DEBUG]:<<<< HSMS Data [8] <<<<
    01-01-B1-04  00-00-00-78
2023-08-29 11:36:48,689[INFO ]:Queued HSMS Message : SSID(0), B2(2), B3(14), P(0), S(0), SB(96), Length[4]
2023-08-29 11:36:48,689[INFO ]:Message Stat : Queue[1], Sent[0], Recv[2]
2023-08-29 11:36:48,719[INFO ]:>>> Sent HSMS Message >>> : SSID(0), B2(2), B3(14), P(0), S(0), SB(96), Length[4]
2023-08-29 11:36:48,719[DEBUG]:>>>> HSMS Data [4] >>>>
    01-01-01-00
2023-08-29 11:37:00,644[INFO ]:<<< Received HSMS Message <<< : SSID(0), B2(130), B3(13), P(0), S(0), SB(98), Length[8]
2023-08-29 11:37:00,644[DEBUG]:<<<< HSMS Data [8] <<<<
    01-01-B1-04  00-00-00-2D
2023-08-29 11:37:00,645[INFO ]:Queued HSMS Message : SSID(0), B2(2), B3(14), P(0), S(0), SB(98), Length[4]
2023-08-29 11:37:00,645[INFO ]:Message Stat : Queue[1], Sent[0], Recv[2]
2023-08-29 11:37:00,675[INFO ]:>>> Sent HSMS Message >>> : SSID(0), B2(2), B3(14), P(0), S(0), SB(98), Length[4]
2023-08-29 11:37:00,675[DEBUG]:>>>> HSMS Data [4] >>>>
    01-01-01-00
2023-08-29 11:37:03,671[INFO ]:<<< Received HSMS Message <<< : SSID(0), B2(130), B3(13), P(0), S(0), SB(100), Length[2]
2023-08-29 11:37:03,671[DEBUG]:<<<< HSMS Data [2] <<<<
    01-00
2023-08-29 11:37:03,673[INFO ]:Queued HSMS Message : SSID(0), B2(2), B3(14), P(0), S(0), SB(100), Length[57]
2023-08-29 11:37:03,673[INFO ]:Message Stat : Queue[1], Sent[0], Recv[2]
2023-08-29 11:37:03,718[INFO ]:>>> Sent HSMS Message >>> : SSID(0), B2(2), B3(14), P(0), S(0), SB(100), Length[57]
2023-08-29 11:37:03,718[DEBUG]:>>>> HSMS Data [57] >>>>
    01-0A-A9-02  00-00-B1-04  00-00-00-78  B1-04-00-00
    00-0A-B1-04  00-00-00-01  B1-04-00-00  00-2D-B1-04
    00-00-00-0A  B1-04-00-00  00-05-B1-04  00-00-00-0A
    B1-04-00-00  00-05-25-01  00
2023-08-29 11:37:08,227[INFO ]:<<< Received HSMS Message <<< : SSID(0), B2(130), B3(29), P(0), S(0), SB(102), Length[2]
2023-08-29 11:37:08,227[DEBUG]:<<<< HSMS Data [2] <<<<
    01-00
2023-08-29 11:37:08,231[INFO ]:Queued HSMS Message : SSID(0), B2(2), B3(30), P(0), S(0), SB(102), Length[433]
2023-08-29 11:37:08,231[INFO ]:Message Stat : Queue[1], Sent[0], Recv[2]
2023-08-29 11:37:08,288[INFO ]:>>> Sent HSMS Message >>> : SSID(0), B2(2), B3(30), P(0), S(0), SB(102), Length[433]
2023-08-29 11:37:08,288[DEBUG]:>>>> HSMS Data [433] >>>>
    01-0A-01-06  B1-04-00-00  00-66-41-09  53-65-73-73
    69-6F-6E-49  44-A9-02-00  00-A9-02-FF  FF-A9-02-00
    00-41-00-01  06-B1-04-00  00-00-67-41  14-48-53-4D
    53-4C-69-6E  6B-54-65-73  74-49-6E-74  65-72-76-61
    6C-B1-04-00  00-00-0A-B1  04-00-01-51  80-B1-04-00
    00-00-78-41  03-73-65-63  01-06-B1-04  00-00-00-68
    41-1D-45-73  74-61-62-6C  69-73-68-43  6F-6D-6D-75
    6E-69-63-61  74-69-6F-6E  54-69-6D-65  6F-75-74-B1
    04-00-00-00  02-B1-04-00  00-00-78-B1  04-00-00-00
    0A-41-03-73  65-63-01-06  B1-04-00-00  00-69-41-0A
    54-69-6D-65  46-6F-72-6D  61-74-B1-04  00-00-00-00
    B1-04-00-00  00-01-B1-04  00-00-00-01  41-00-01-06
    B1-04-00-00  00-6A-41-09  54-33-54-69  6D-65-6F-75
    74-B1-04-00  00-00-01-B1  04-00-00-00  78-B1-04-00
    00-00-2D-41  03-73-65-63  01-06-B1-04  00-00-00-6B
    41-09-54-35  54-69-6D-65  6F-75-74-B1  04-00-00-00
    01-B1-04-00  00-00-F0-B1  04-00-00-00  0A-41-03-73
    65-63-01-06  B1-04-00-00  00-6C-41-09  54-36-54-69
    6D-65-6F-75  74-B1-04-00  00-00-01-B1  04-00-00-00
    F0-B1-04-00  00-00-05-41  03-73-65-63  01-06-B1-04
    00-00-00-6D  41-09-54-37  54-69-6D-65  6F-75-74-B1
    04-00-00-00  01-B1-04-00  00-00-F0-B1  04-00-00-00
    0A-41-03-73  65-63-01-06  B1-04-00-00  00-6E-41-09
    54-38-54-69  6D-65-6F-75  74-B1-04-00  00-00-01-B1
    04-00-00-00  F0-B1-04-00  00-00-05-41  03-73-65-63
    01-06-B1-04  00-00-00-6F  41-0C-55-73  65-53-36-46
    31-52-65-70  6C-79-25-01  00-25-01-01  25-01-00-41
    00
2023-08-29 11:38:09,589[INFO ]:Send LinkTest Request.
2023-08-29 11:38:09,589[INFO ]:Queued HSMS Message : SSID(65535), B2(0), B3(0), P(0), S(5), SB(17), Length[0]
2023-08-29 11:38:09,589[INFO ]:Message Stat : Queue[1], Sent[0], Recv[1]
2023-08-29 11:38:09,635[INFO ]:>>> Sent HSMS Message >>> : SSID(65535), B2(0), B3(0), P(0), S(5), SB(17), Length[0]
2023-08-29 11:38:09,740[INFO ]:Received LinkTest Response.
2023-08-29 11:38:09,740[INFO ]:<<< Received HSMS Message <<< : SSID(65535), B2(0), B3(0), P(0), S(6), SB(17), Length[0]
2023-08-29 11:38:17,787[INFO ]:<<< Received HSMS Message <<< : SSID(0), B2(130), B3(15), P(0), S(0), SB(104), Length[22]
2023-08-29 11:38:17,787[DEBUG]:<<<< HSMS Data [22] <<<<
    01-01-01-02  B1-04-00-00  00-6E-41-0A  45-41-50-54
    45-53-54-5F  30-32
2023-08-29 11:40:11,348[INFO ]:Send LinkTest Request.
2023-08-29 11:40:11,348[INFO ]:Queued HSMS Message : SSID(65535), B2(0), B3(0), P(0), S(5), SB(18), Length[0]
2023-08-29 11:40:11,349[INFO ]:Message Stat : Queue[1], Sent[0], Recv[3]
2023-08-29 11:40:11,379[INFO ]:>>> Sent HSMS Message >>> : SSID(65535), B2(0), B3(0), P(0), S(5), SB(18), Length[0]
2023-08-29 11:40:11,532[INFO ]:Received LinkTest Response.
2023-08-29 11:40:11,532[INFO ]:<<< Received HSMS Message <<< : SSID(65535), B2(0), B3(0), P(0), S(6), SB(18), Length[0]
