2023-07-07 16:01:46,056[INFO ]:Send LinkTest Request.
2023-07-07 16:01:46,059[INFO ]:Queued HSMS Message : SSID(65535), B2(0), B3(0), P(0), S(5), SB(84), Length[0]
2023-07-07 16:01:46,059[INFO ]:Message Stat : Queue[1], Sent[0], Recv[25]
2023-07-07 16:01:46,071[INFO ]:>>> Sent HSMS Message >>> : SSID(65535), B2(0), B3(0), P(0), S(5), SB(84), Length[0]
2023-07-07 16:01:46,223[INFO ]:Received LinkTest Response.
2023-07-07 16:01:46,223[INFO ]:<<< Received HSMS Message <<< : SSID(65535), B2(0), B3(0), P(0), S(6), SB(84), Length[0]
2023-07-07 16:03:47,691[INFO ]:Send LinkTest Request.
2023-07-07 16:03:47,691[INFO ]:Queued HSMS Message : SSID(65535), B2(0), B3(0), P(0), S(5), SB(85), Length[0]
2023-07-07 16:03:47,693[INFO ]:Message Stat : Queue[1], Sent[0], Recv[26]
2023-07-07 16:03:47,752[INFO ]:>>> Sent HSMS Message >>> : SSID(65535), B2(0), B3(0), P(0), S(5), SB(85), Length[0]
2023-07-07 16:03:47,905[INFO ]:Received LinkTest Response.
2023-07-07 16:03:47,905[INFO ]:<<< Received HSMS Message <<< : SSID(65535), B2(0), B3(0), P(0), S(6), SB(85), Length[0]
2023-07-07 16:05:49,427[INFO ]:Send LinkTest Request.
2023-07-07 16:05:49,427[INFO ]:Queued HSMS Message : SSID(65535), B2(0), B3(0), P(0), S(5), SB(86), Length[0]
2023-07-07 16:05:49,427[INFO ]:Message Stat : Queue[1], Sent[0], Recv[27]
2023-07-07 16:05:49,488[INFO ]:>>> Sent HSMS Message >>> : SSID(65535), B2(0), B3(0), P(0), S(5), SB(86), Length[0]
2023-07-07 16:05:49,639[INFO ]:Received LinkTest Response.
2023-07-07 16:05:49,639[INFO ]:<<< Received HSMS Message <<< : SSID(65535), B2(0), B3(0), P(0), S(6), SB(86), Length[0]
2023-07-07 16:07:51,110[INFO ]:Send LinkTest Request.
2023-07-07 16:07:51,111[INFO ]:Queued HSMS Message : SSID(65535), B2(0), B3(0), P(0), S(5), SB(87), Length[0]
2023-07-07 16:07:51,111[INFO ]:Message Stat : Queue[1], Sent[0], Recv[28]
2023-07-07 16:07:51,171[INFO ]:>>> Sent HSMS Message >>> : SSID(65535), B2(0), B3(0), P(0), S(5), SB(87), Length[0]
2023-07-07 16:07:51,291[INFO ]:Received LinkTest Response.
2023-07-07 16:07:51,291[INFO ]:<<< Received HSMS Message <<< : SSID(65535), B2(0), B3(0), P(0), S(6), SB(87), Length[0]
2023-07-07 16:09:52,826[INFO ]:Send LinkTest Request.
2023-07-07 16:09:52,826[INFO ]:Queued HSMS Message : SSID(65535), B2(0), B3(0), P(0), S(5), SB(88), Length[0]
2023-07-07 16:09:52,826[INFO ]:Message Stat : Queue[1], Sent[0], Recv[29]
2023-07-07 16:09:52,842[INFO ]:>>> Sent HSMS Message >>> : SSID(65535), B2(0), B3(0), P(0), S(5), SB(88), Length[0]
2023-07-07 16:09:52,948[INFO ]:Received LinkTest Response.
2023-07-07 16:09:52,948[INFO ]:<<< Received HSMS Message <<< : SSID(65535), B2(0), B3(0), P(0), S(6), SB(88), Length[0]
2023-07-07 16:11:54,538[INFO ]:Send LinkTest Request.
2023-07-07 16:11:54,538[INFO ]:Queued HSMS Message : SSID(65535), B2(0), B3(0), P(0), S(5), SB(89), Length[0]
2023-07-07 16:11:54,538[INFO ]:Message Stat : Queue[1], Sent[0], Recv[30]
2023-07-07 16:11:54,568[INFO ]:>>> Sent HSMS Message >>> : SSID(65535), B2(0), B3(0), P(0), S(5), SB(89), Length[0]
2023-07-07 16:11:54,719[INFO ]:Received LinkTest Response.
2023-07-07 16:11:54,719[INFO ]:<<< Received HSMS Message <<< : SSID(65535), B2(0), B3(0), P(0), S(6), SB(89), Length[0]
2023-07-07 16:13:56,230[INFO ]:Send LinkTest Request.
2023-07-07 16:13:56,230[INFO ]:Queued HSMS Message : SSID(65535), B2(0), B3(0), P(0), S(5), SB(90), Length[0]
2023-07-07 16:13:56,230[INFO ]:Message Stat : Queue[1], Sent[0], Recv[31]
2023-07-07 16:13:56,290[INFO ]:>>> Sent HSMS Message >>> : SSID(65535), B2(0), B3(0), P(0), S(5), SB(90), Length[0]
2023-07-07 16:13:56,396[INFO ]:Received LinkTest Response.
2023-07-07 16:13:56,396[INFO ]:<<< Received HSMS Message <<< : SSID(65535), B2(0), B3(0), P(0), S(6), SB(90), Length[0]
2023-07-07 16:15:57,928[INFO ]:Send LinkTest Request.
2023-07-07 16:15:57,928[INFO ]:Queued HSMS Message : SSID(65535), B2(0), B3(0), P(0), S(5), SB(91), Length[0]
2023-07-07 16:15:57,928[INFO ]:Message Stat : Queue[1], Sent[0], Recv[32]
2023-07-07 16:15:57,959[INFO ]:>>> Sent HSMS Message >>> : SSID(65535), B2(0), B3(0), P(0), S(5), SB(91), Length[0]
2023-07-07 16:15:58,081[INFO ]:Received LinkTest Response.
2023-07-07 16:15:58,081[INFO ]:<<< Received HSMS Message <<< : SSID(65535), B2(0), B3(0), P(0), S(6), SB(91), Length[0]
2023-07-07 16:16:25,754[ERROR]:Found disconnection on the reading the receive message.
2023-07-07 16:16:25,754[INFO ]:Finish RunThreadRecv()
2023-07-07 16:16:25,754[INFO ]:Stop Recv Thread.
2023-07-07 16:16:25,754[INFO ]:HSMS Connection State Is Changed : 3 -> 0
2023-07-07 16:16:25,799[INFO ]:Finish Current Connection...
2023-07-07 16:16:25,799[INFO ]:HSMS Close Current Session : Passive Mode
2023-07-07 16:16:25,799[INFO ]:Killing Basic Timer
2023-07-07 16:16:25,799[INFO ]:Killed Basic Timer
2023-07-07 16:16:25,799[INFO ]:HSMS Close Socket : Wait to get sync key.
2023-07-07 16:16:25,799[INFO ]:HSMS Close Socket : success to get sync key.
2023-07-07 16:16:25,800[INFO ]:HSMS Shutdown Socket.
2023-07-07 16:16:25,800[INFO ]:HSMS Close Socket Object.
2023-07-07 16:16:25,800[INFO ]:Complete HSMS CloseSocket
2023-07-07 16:16:25,800[INFO ]:Wait T5 (Connect Separation Timeout) Start.
