2023-07-07 09:00:31,290[INFO ]:Before Clear Queue.
2023-07-07 09:00:31,296[INFO ]:Clear Queue.
2023-07-07 09:00:31,296[INFO ]:Reset System Bytes to Zero(0).
2023-07-07 09:00:31,296[INFO ]:Connection Mode : Passive
2023-07-07 09:00:31,300[INFO ]:Thread State Changed : Working
2023-07-07 09:00:31,302[INFO ]:Start RunThreadPassive()
2023-07-07 09:00:31,302[INFO ]:Listening State Changed : Open
2023-07-07 09:00:31,302[INFO ]:Socket Listener was Started.
2023-07-07 09:00:31,302[INFO ]:Before Clear Queue.
2023-07-07 09:00:31,302[INFO ]:Clear Queue.
2023-07-07 09:00:31,302[INFO ]:Waiting New Connection...
2023-07-07 09:00:32,219[INFO ]:Accept New Connection.
2023-07-07 09:00:32,219[INFO ]:Listening State Changed : Close
2023-07-07 09:00:32,264[INFO ]:Start New Connection.
2023-07-07 09:00:32,264[INFO ]:HSMS Connection State Is Changed : 0 -> 1
2023-07-07 09:00:32,267[INFO ]:Start Basic Timer Due(1000), Period(1000)
2023-07-07 09:00:32,268[INFO ]:Started Basic Timer.
2023-07-07 09:00:32,273[INFO ]:Start Recv Thread.
2023-07-07 09:00:32,274[INFO ]:Start RunThreadRecv()
2023-07-07 09:00:32,279[INFO ]:Queued HSMS Message : SSID(65535), B2(0), B3(0), P(0), S(2), SB(24,174), Length[0]
2023-07-07 09:00:32,280[INFO ]:Message Stat : Queue[1], Sent[0], Recv[1]
2023-07-07 09:00:32,280[INFO ]:HSMS Connection State Is Changed : 1 -> 3
2023-07-07 09:00:32,282[INFO ]:Received Select Request.
2023-07-07 09:00:32,282[INFO ]:<<< Received HSMS Message <<< : SSID(65535), B2(0), B3(0), P(0), S(1), SB(24,174), Length[0]
2023-07-07 09:00:32,282[INFO ]:Send LinkTest Request.
2023-07-07 09:00:32,282[INFO ]:Queued HSMS Message : SSID(65535), B2(0), B3(0), P(0), S(5), SB(0), Length[0]
2023-07-07 09:00:32,282[INFO ]:Message Stat : Queue[2], Sent[0], Recv[1]
2023-07-07 09:00:32,328[INFO ]:Sent Select Response.
2023-07-07 09:00:32,328[INFO ]:>>> Sent HSMS Message >>> : SSID(65535), B2(0), B3(0), P(0), S(2), SB(24,174), Length[0]
2023-07-07 09:00:32,328[INFO ]:>>> Sent HSMS Message >>> : SSID(65535), B2(0), B3(0), P(0), S(5), SB(0), Length[0]
2023-07-07 09:00:32,357[INFO ]:Received LinkTest Response.
2023-07-07 09:00:32,357[INFO ]:<<< Received HSMS Message <<< : SSID(65535), B2(0), B3(0), P(0), S(6), SB(0), Length[0]
2023-07-07 09:00:32,390[INFO ]:Queued HSMS Message : SSID(0), B2(129), B3(13), P(0), S(0), SB(1), Length[23]
2023-07-07 09:00:32,390[INFO ]:Message Stat : Queue[1], Sent[0], Recv[1]
2023-07-07 09:00:32,449[INFO ]:>>> Sent HSMS Message >>> : SSID(0), B2(129), B3(13), P(0), S(0), SB(1), Length[23]
2023-07-07 09:00:32,449[DEBUG]:>>>> HSMS Data [23] >>>>
    01-02-41-03  55-50-4B-41  0E-31-2E-30  2E-38-35-38
    38-2E-31-36  32-31-31
2023-07-07 09:00:32,660[INFO ]:<<< Received HSMS Message <<< : SSID(0), B2(1), B3(14), P(0), S(0), SB(1), Length[7]
2023-07-07 09:00:32,660[DEBUG]:<<<< HSMS Data [7] <<<<
    01-02-21-01  00-01-00
2023-07-07 09:00:38,138[INFO ]:<<< Received HSMS Message <<< : SSID(0), B2(131), B3(41), P(0), S(0), SB(24,182), Length[434]
2023-07-07 09:00:38,138[DEBUG]:<<<< HSMS Data [434] <<<<
    01-03-41-09  57-6F-72-6B  4F-72-64-65  72-41-08-41
    50-2D-4D-52  2D-30-31-01  01-01-02-41  01-30-01-01
    01-06-01-02  41-0A-73-6F  72-74-65-72  54-79-70-65
    41-00-01-02  41-08-69-6E  50-6F-72-74  49-64-41-01
    31-01-02-41  08-69-6E-43  61-72-72-49  64-41-06-54
    52-41-59-2D  31-01-02-41  09-6F-75-74  50-6F-72-74
    49-64-41-01  32-01-02-41  09-6F-75-74  43-61-72-72
    49-64-41-01  30-01-01-01  02-01-02-41  04-50-50-49
    44-41-06-52  43-50-30-30  31-01-02-41  09-53-4C-4F
    54-5F-44-41  54-41-01-02  01-07-01-02  41-0C-69-6E
    43-61-72-72  53-6C-6F-74  4E-6F-41-01  36-01-02-41
    0A-6D-61-6E  75-61-6C-49  6E-73-70-41  01-4E-01-02
    41-0A-70-72  6F-64-4D-74  72-6C-49-64  41-0A-47-6C
    61-73-73-49  44-2D-30-31  01-02-41-09  73-6C-6F-74
    53-74-61-74  65-41-01-31  01-02-41-0D  6F-75-74-43
    61-72-72-53  6C-6F-74-4E  6F-41-01-36  01-02-41-05
    6C-6F-74-49  64-41-0D-4C  4F-54-5F-32  33-30-32-31
    37-30-30-35  01-02-41-08  6D-74-72-6C  46-61-63-65
    41-03-54-42  54-01-07-01  02-41-0C-69  6E-43-61-72
    72-53-6C-6F  74-4E-6F-41  01-37-01-02  41-0A-6D-61
    6E-75-61-6C  49-6E-73-70  41-01-4E-01  02-41-0A-70
    72-6F-64-4D  74-72-6C-49  64-41-0A-47  6C-61-73-73
    49-44-2D-30  32-01-02-41  09-73-6C-6F  74-53-74-61
    74-65-41-01  31-01-02-41  0D-6F-75-74  43-61-72-72
    53-6C-6F-74  4E-6F-41-01  37-01-02-41  05-6C-6F-74
    49-64-41-0D  4C-4F-54-5F  32-33-30-32  31-37-30-30
    35-01-02-41  08-6D-74-72  6C-46-61-63  65-41-03-54
    42-54
