2023-08-29 05:02:18,951[INFO ]:Queued SECS2 Message : S1F13
2023-08-29 05:02:18,981[INFO ]:SENT SECS2 Message : SSID(0), B2(129), B3(13), P(0), S(0), SB(1)
2023-08-29 05:02:18,982[INFO ]:>>>S1F13 W>>>  
<L [2] 
    <A [3] "UPK">
    <A [13] "1.0.8641.9066">
>
2023-08-29 05:02:19,000[INFO ]:RECV SECS2 Message : SSID(0), B2(1), B3(14), P(0), S(0), SB(1), Length[7]
2023-08-29 05:02:19,001[DEBUG]:<<<S1F14<<<  
<L [2] 
    <B [1] 00 >
    <L [0] >
>
2023-08-29 05:03:48,256[INFO ]:Queued SECS2 Message : S1F13
2023-08-29 05:03:48,271[INFO ]:SENT SECS2 Message : SSID(0), B2(129), B3(13), P(0), S(0), SB(1)
2023-08-29 05:03:48,273[INFO ]:>>>S1F13 W>>>  
<L [2] 
    <A [3] "UPK">
    <A [13] "1.0.8641.9109">
>
2023-08-29 05:03:48,287[INFO ]:RECV SECS2 Message : SSID(0), B2(1), B3(14), P(0), S(0), SB(1), Length[7]
2023-08-29 05:03:48,287[DEBUG]:<<<S1F14<<<  
<L [2] 
    <B [1] 00 >
    <L [0] >
>
2023-08-29 05:09:25,067[INFO ]:Queued SECS2 Message : S1F13
2023-08-29 05:09:25,082[INFO ]:SENT SECS2 Message : SSID(0), B2(129), B3(13), P(0), S(0), SB(1)
2023-08-29 05:09:25,084[INFO ]:>>>S1F13 W>>>  
<L [2] 
    <A [3] "UPK">
    <A [13] "1.0.8641.9280">
>
2023-08-29 05:09:25,146[INFO ]:RECV SECS2 Message : SSID(0), B2(1), B3(14), P(0), S(0), SB(1), Length[7]
2023-08-29 05:09:25,146[DEBUG]:<<<S1F14<<<  
<L [2] 
    <B [1] 00 >
    <L [0] >
>
2023-08-29 05:21:31,030[INFO ]:Queued SECS2 Message : S1F13
2023-08-29 05:21:31,081[INFO ]:SENT SECS2 Message : SSID(0), B2(129), B3(13), P(0), S(0), SB(1)
2023-08-29 05:21:31,083[INFO ]:>>>S1F13 W>>>  
<L [2] 
    <A [3] "UPK">
    <A [13] "1.0.8641.9642">
>
2023-08-29 05:21:31,095[INFO ]:RECV SECS2 Message : SSID(0), B2(1), B3(14), P(0), S(0), SB(1), Length[7]
2023-08-29 05:21:31,095[DEBUG]:<<<S1F14<<<  
<L [2] 
    <B [1] 00 >
    <L [0] >
>
2023-08-29 05:21:31,729[INFO ]:Queued SECS2 Message : S6F11
2023-08-29 05:21:31,758[INFO ]:SENT SECS2 Message : SSID(0), B2(134), B3(11), P(0), S(0), SB(2)
2023-08-29 05:21:31,759[INFO ]:>>>S6F11 W>>>  
<L [3] 
    <U4 [1] 0 >
    <U4 [1] `PortReadyToLoad` 1502 >
    <L [1] 
        <L [2] 
            <U4 [1] 112 >
            <L [2] 
                <U2 [1] `PortID` 1 >
                <U2 [1] `PortTransferState` 3 >
            >
        >
    >
>
2023-08-29 05:21:31,778[INFO ]:RECV SECS2 Message : SSID(0), B2(6), B3(12), P(0), S(0), SB(2), Length[3]
2023-08-29 05:21:31,778[DEBUG]:<<<S6F12<<<  
<B [1] 00 >
2023-08-29 05:21:31,927[INFO ]:Queued SECS2 Message : S6F11
2023-08-29 05:21:31,942[INFO ]:SENT SECS2 Message : SSID(0), B2(134), B3(11), P(0), S(0), SB(3)
2023-08-29 05:21:31,942[INFO ]:>>>S6F11 W>>>  
<L [3] 
    <U4 [1] 0 >
    <U4 [1] `EquipmentStateChanged` 1051 >
    <L [1] 
        <L [2] 
            <U4 [1] 104 >
            <L [2] 
                <U2 [1] `EqpState` 1 >
                <U2 [1] `PreviousEqpState` 2 >
            >
        >
    >
>
2023-08-29 05:21:32,003[INFO ]:RECV SECS2 Message : SSID(0), B2(6), B3(12), P(0), S(0), SB(3), Length[3]
2023-08-29 05:21:32,003[DEBUG]:<<<S6F12<<<  
<B [1] 00 >
2023-08-29 05:22:07,527[INFO ]:Queued SECS2 Message : S1F13
2023-08-29 05:22:07,572[INFO ]:SENT SECS2 Message : SSID(0), B2(129), B3(13), P(0), S(0), SB(1)
2023-08-29 05:22:07,574[INFO ]:>>>S1F13 W>>>  
<L [2] 
    <A [3] "UPK">
    <A [13] "1.0.8641.9662">
>
2023-08-29 05:22:07,604[INFO ]:RECV SECS2 Message : SSID(0), B2(1), B3(14), P(0), S(0), SB(1), Length[7]
2023-08-29 05:22:07,605[DEBUG]:<<<S1F14<<<  
<L [2] 
    <B [1] 00 >
    <L [0] >
>
2023-08-29 05:22:14,045[INFO ]:Queued SECS2 Message : S6F11
2023-08-29 05:22:14,060[INFO ]:SENT SECS2 Message : SSID(0), B2(134), B3(11), P(0), S(0), SB(2)
2023-08-29 05:22:14,061[INFO ]:>>>S6F11 W>>>  
<L [3] 
    <U4 [1] 0 >
    <U4 [1] `PortTransferBlocked` 1503 >
    <L [1] 
        <L [2] 
            <U4 [1] 112 >
            <L [2] 
                <U2 [1] `PortID` 1 >
                <U2 [1] `PortTransferState` 2 >
            >
        >
    >
>
2023-08-29 05:22:14,123[INFO ]:RECV SECS2 Message : SSID(0), B2(6), B3(12), P(0), S(0), SB(2), Length[3]
2023-08-29 05:22:14,123[DEBUG]:<<<S6F12<<<  
<B [1] 00 >
2023-08-29 05:22:14,244[INFO ]:Queued SECS2 Message : S6F11
2023-08-29 05:22:14,306[INFO ]:SENT SECS2 Message : SSID(0), B2(134), B3(11), P(0), S(0), SB(3)
2023-08-29 05:22:14,306[INFO ]:>>>S6F11 W>>>  
<L [3] 
    <U4 [1] 0 >
    <U4 [1] `EquipmentStateChanged` 1051 >
    <L [1] 
        <L [2] 
            <U4 [1] 104 >
            <L [2] 
                <U2 [1] `EqpState` 2 >
                <U2 [1] `PreviousEqpState` 1 >
            >
        >
    >
>
2023-08-29 05:22:14,352[INFO ]:RECV SECS2 Message : SSID(0), B2(6), B3(12), P(0), S(0), SB(3), Length[3]
2023-08-29 05:22:14,352[DEBUG]:<<<S6F12<<<  
<B [1] 00 >
2023-08-29 05:22:58,742[INFO ]:Queued SECS2 Message : S6F11
2023-08-29 05:22:58,771[INFO ]:SENT SECS2 Message : SSID(0), B2(134), B3(11), P(0), S(0), SB(4)
2023-08-29 05:22:58,771[INFO ]:>>>S6F11 W>>>  
<L [3] 
    <U4 [1] 0 >
    <U4 [1] `TrayIDRead` 1411 >
    <L [1] 
        <L [2] 
            <U4 [1] 110 >
            <L [3] 
                <U2 [1] `PortID` 1 >
                <A [6] `TrayID` "TRAY-1">
                <U2 [1] `IDReadStatus` 0 >
            >
        >
    >
>
2023-08-29 05:22:58,833[INFO ]:RECV SECS2 Message : SSID(0), B2(6), B3(12), P(0), S(0), SB(4), Length[3]
2023-08-29 05:22:58,833[DEBUG]:<<<S6F12<<<  
<B [1] 00 >
2023-08-29 05:23:18,502[INFO ]:Queued SECS2 Message : S6F11
2023-08-29 05:23:18,564[INFO ]:SENT SECS2 Message : SSID(0), B2(134), B3(11), P(0), S(0), SB(5)
2023-08-29 05:23:18,564[INFO ]:>>>S6F11 W>>>  
<L [3] 
    <U4 [1] 0 >
    <U4 [1] `PortReadyToLoad` 1502 >
    <L [1] 
        <L [2] 
            <U4 [1] 112 >
            <L [2] 
                <U2 [1] `PortID` 1 >
                <U2 [1] `PortTransferState` 3 >
            >
        >
    >
>
2023-08-29 05:23:18,595[INFO ]:RECV SECS2 Message : SSID(0), B2(6), B3(12), P(0), S(0), SB(5), Length[3]
2023-08-29 05:23:18,595[DEBUG]:<<<S6F12<<<  
<B [1] 00 >
2023-08-29 05:23:18,701[INFO ]:Queued SECS2 Message : S6F11
2023-08-29 05:23:18,747[INFO ]:SENT SECS2 Message : SSID(0), B2(134), B3(11), P(0), S(0), SB(6)
2023-08-29 05:23:18,747[INFO ]:>>>S6F11 W>>>  
<L [3] 
    <U4 [1] 0 >
    <U4 [1] `EquipmentStateChanged` 1051 >
    <L [1] 
        <L [2] 
            <U4 [1] 104 >
            <L [2] 
                <U2 [1] `EqpState` 1 >
                <U2 [1] `PreviousEqpState` 2 >
            >
        >
    >
>
2023-08-29 05:23:18,761[INFO ]:RECV SECS2 Message : SSID(0), B2(6), B3(12), P(0), S(0), SB(6), Length[3]
2023-08-29 05:23:18,761[DEBUG]:<<<S6F12<<<  
<B [1] 00 >
2023-08-29 05:23:30,370[INFO ]:Queued SECS2 Message : S6F11
2023-08-29 05:23:30,370[INFO ]:Queued SECS2 Message : S6F11
2023-08-29 05:23:30,385[INFO ]:SENT SECS2 Message : SSID(0), B2(134), B3(11), P(0), S(0), SB(7)
2023-08-29 05:23:30,385[INFO ]:>>>S6F11 W>>>  
<L [3] 
    <U4 [1] 0 >
    <U4 [1] `PortTransferBlocked` 1503 >
    <L [1] 
        <L [2] 
            <U4 [1] 112 >
            <L [2] 
                <U2 [1] `PortID` 1 >
                <U2 [1] `PortTransferState` 2 >
            >
        >
    >
>
2023-08-29 05:23:30,385[INFO ]:SENT SECS2 Message : SSID(0), B2(134), B3(11), P(0), S(0), SB(8)
2023-08-29 05:23:30,385[INFO ]:>>>S6F11 W>>>  
<L [3] 
    <U4 [1] 0 >
    <U4 [1] `TrayIDRead` 1411 >
    <L [1] 
        <L [2] 
            <U4 [1] 110 >
            <L [3] 
                <U2 [1] `PortID` 1 >
                <A [6] `TrayID` "TRAY-1">
                <U2 [1] `IDReadStatus` 0 >
            >
        >
    >
>
2023-08-29 05:23:30,400[INFO ]:RECV SECS2 Message : SSID(0), B2(6), B3(12), P(0), S(0), SB(7), Length[3]
2023-08-29 05:23:30,400[DEBUG]:<<<S6F12<<<  
<B [1] 00 >
2023-08-29 05:23:30,476[INFO ]:RECV SECS2 Message : SSID(0), B2(6), B3(12), P(0), S(0), SB(8), Length[3]
2023-08-29 05:23:30,476[DEBUG]:<<<S6F12<<<  
<B [1] 00 >
2023-08-29 05:23:30,584[INFO ]:Queued SECS2 Message : S6F11
2023-08-29 05:23:30,629[INFO ]:SENT SECS2 Message : SSID(0), B2(134), B3(11), P(0), S(0), SB(9)
2023-08-29 05:23:30,629[INFO ]:>>>S6F11 W>>>  
<L [3] 
    <U4 [1] 0 >
    <U4 [1] `EquipmentStateChanged` 1051 >
    <L [1] 
        <L [2] 
            <U4 [1] 104 >
            <L [2] 
                <U2 [1] `EqpState` 2 >
                <U2 [1] `PreviousEqpState` 1 >
            >
        >
    >
>
2023-08-29 05:23:30,705[INFO ]:RECV SECS2 Message : SSID(0), B2(6), B3(12), P(0), S(0), SB(9), Length[3]
2023-08-29 05:23:30,705[DEBUG]:<<<S6F12<<<  
<B [1] 00 >
2023-08-29 05:23:46,337[INFO ]:Queued SECS2 Message : S6F11
2023-08-29 05:23:46,368[INFO ]:SENT SECS2 Message : SSID(0), B2(134), B3(11), P(0), S(0), SB(10)
2023-08-29 05:23:46,368[INFO ]:>>>S6F11 W>>>  
<L [3] 
    <U4 [1] 0 >
    <U4 [1] `TrayIDRead` 1411 >
    <L [1] 
        <L [2] 
            <U4 [1] 110 >
            <L [3] 
                <U2 [1] `PortID` 1 >
                <A [6] `TrayID` "TRAY-1">
                <U2 [1] `IDReadStatus` 0 >
            >
        >
    >
>
2023-08-29 05:23:46,414[INFO ]:RECV SECS2 Message : SSID(0), B2(6), B3(12), P(0), S(0), SB(10), Length[3]
2023-08-29 05:23:46,414[DEBUG]:<<<S6F12<<<  
<B [1] 00 >
2023-08-29 05:23:57,096[INFO ]:Queued SECS2 Message : S6F11
2023-08-29 05:23:57,141[INFO ]:SENT SECS2 Message : SSID(0), B2(134), B3(11), P(0), S(0), SB(11)
2023-08-29 05:23:57,141[INFO ]:>>>S6F11 W>>>  
<L [3] 
    <U4 [1] 0 >
    <U4 [1] `PortReadyToLoad` 1502 >
    <L [1] 
        <L [2] 
            <U4 [1] 112 >
            <L [2] 
                <U2 [1] `PortID` 1 >
                <U2 [1] `PortTransferState` 3 >
            >
        >
    >
>
2023-08-29 05:23:57,217[INFO ]:RECV SECS2 Message : SSID(0), B2(6), B3(12), P(0), S(0), SB(11), Length[3]
2023-08-29 05:23:57,217[DEBUG]:<<<S6F12<<<  
<B [1] 00 >
2023-08-29 05:23:57,294[INFO ]:Queued SECS2 Message : S6F11
2023-08-29 05:23:57,324[INFO ]:SENT SECS2 Message : SSID(0), B2(134), B3(11), P(0), S(0), SB(12)
2023-08-29 05:23:57,324[INFO ]:>>>S6F11 W>>>  
<L [3] 
    <U4 [1] 0 >
    <U4 [1] `EquipmentStateChanged` 1051 >
    <L [1] 
        <L [2] 
            <U4 [1] 104 >
            <L [2] 
                <U2 [1] `EqpState` 1 >
                <U2 [1] `PreviousEqpState` 2 >
            >
        >
    >
>
2023-08-29 05:23:57,370[INFO ]:RECV SECS2 Message : SSID(0), B2(6), B3(12), P(0), S(0), SB(12), Length[3]
2023-08-29 05:23:57,370[DEBUG]:<<<S6F12<<<  
<B [1] 00 >
2023-08-29 05:23:59,863[INFO ]:Queued SECS2 Message : S6F11
2023-08-29 05:23:59,879[INFO ]:SENT SECS2 Message : SSID(0), B2(134), B3(11), P(0), S(0), SB(13)
2023-08-29 05:23:59,879[INFO ]:>>>S6F11 W>>>  
<L [3] 
    <U4 [1] 0 >
    <U4 [1] `PortTransferBlocked` 1503 >
    <L [1] 
        <L [2] 
            <U4 [1] 112 >
            <L [2] 
                <U2 [1] `PortID` 1 >
                <U2 [1] `PortTransferState` 2 >
            >
        >
    >
>
2023-08-29 05:23:59,941[INFO ]:RECV SECS2 Message : SSID(0), B2(6), B3(12), P(0), S(0), SB(13), Length[3]
2023-08-29 05:23:59,941[DEBUG]:<<<S6F12<<<  
<B [1] 00 >
2023-08-29 05:24:00,065[INFO ]:Queued SECS2 Message : S6F11
2023-08-29 05:24:00,126[INFO ]:SENT SECS2 Message : SSID(0), B2(134), B3(11), P(0), S(0), SB(14)
2023-08-29 05:24:00,126[INFO ]:>>>S6F11 W>>>  
<L [3] 
    <U4 [1] 0 >
    <U4 [1] `EquipmentStateChanged` 1051 >
    <L [1] 
        <L [2] 
            <U4 [1] 104 >
            <L [2] 
                <U2 [1] `EqpState` 2 >
                <U2 [1] `PreviousEqpState` 1 >
            >
        >
    >
>
2023-08-29 05:24:00,172[INFO ]:RECV SECS2 Message : SSID(0), B2(6), B3(12), P(0), S(0), SB(14), Length[3]
2023-08-29 05:24:00,172[DEBUG]:<<<S6F12<<<  
<B [1] 00 >
2023-08-29 05:24:10,637[INFO ]:Queued SECS2 Message : S6F11
2023-08-29 05:24:10,684[INFO ]:SENT SECS2 Message : SSID(0), B2(134), B3(11), P(0), S(0), SB(16)
2023-08-29 05:24:10,684[INFO ]:>>>S6F11 W>>>  
<L [3] 
    <U4 [1] 0 >
    <U4 [1] `TrayIDRead` 1411 >
    <L [1] 
        <L [2] 
            <U4 [1] 110 >
            <L [3] 
                <U2 [1] `PortID` 1 >
                <A [6] `TrayID` "TRAY-1">
                <U2 [1] `IDReadStatus` 0 >
            >
        >
    >
>
2023-08-29 05:24:10,700[INFO ]:RECV SECS2 Message : SSID(0), B2(6), B3(12), P(0), S(0), SB(16), Length[3]
2023-08-29 05:24:10,700[DEBUG]:<<<S6F12<<<  
<B [1] 00 >
2023-08-29 05:24:15,933[INFO ]:Queued SECS2 Message : S6F11
2023-08-29 05:24:15,979[INFO ]:SENT SECS2 Message : SSID(0), B2(134), B3(11), P(0), S(0), SB(17)
2023-08-29 05:24:15,979[INFO ]:>>>S6F11 W>>>  
<L [3] 
    <U4 [1] 0 >
    <U4 [1] `PortReadyToLoad` 1502 >
    <L [1] 
        <L [2] 
            <U4 [1] 112 >
            <L [2] 
                <U2 [1] `PortID` 1 >
                <U2 [1] `PortTransferState` 3 >
            >
        >
    >
>
2023-08-29 05:24:16,025[INFO ]:RECV SECS2 Message : SSID(0), B2(6), B3(12), P(0), S(0), SB(17), Length[3]
2023-08-29 05:24:16,025[DEBUG]:<<<S6F12<<<  
<B [1] 00 >
2023-08-29 05:24:16,130[INFO ]:Queued SECS2 Message : S6F11
2023-08-29 05:24:16,161[INFO ]:SENT SECS2 Message : SSID(0), B2(134), B3(11), P(0), S(0), SB(18)
2023-08-29 05:24:16,161[INFO ]:>>>S6F11 W>>>  
<L [3] 
    <U4 [1] 0 >
    <U4 [1] `EquipmentStateChanged` 1051 >
    <L [1] 
        <L [2] 
            <U4 [1] 104 >
            <L [2] 
                <U2 [1] `EqpState` 1 >
                <U2 [1] `PreviousEqpState` 2 >
            >
        >
    >
>
2023-08-29 05:24:16,178[INFO ]:RECV SECS2 Message : SSID(0), B2(6), B3(12), P(0), S(0), SB(18), Length[3]
2023-08-29 05:24:16,178[DEBUG]:<<<S6F12<<<  
<B [1] 00 >
2023-08-29 05:24:20,333[INFO ]:Queued SECS2 Message : S6F11
2023-08-29 05:24:20,334[INFO ]:Queued SECS2 Message : S6F11
2023-08-29 05:24:20,348[INFO ]:SENT SECS2 Message : SSID(0), B2(134), B3(11), P(0), S(0), SB(19)
2023-08-29 05:24:20,348[INFO ]:>>>S6F11 W>>>  
<L [3] 
    <U4 [1] 0 >
    <U4 [1] `PortTransferBlocked` 1503 >
    <L [1] 
        <L [2] 
            <U4 [1] 112 >
            <L [2] 
                <U2 [1] `PortID` 1 >
                <U2 [1] `PortTransferState` 2 >
            >
        >
    >
>
2023-08-29 05:24:20,348[INFO ]:SENT SECS2 Message : SSID(0), B2(134), B3(11), P(0), S(0), SB(20)
2023-08-29 05:24:20,348[INFO ]:>>>S6F11 W>>>  
<L [3] 
    <U4 [1] 0 >
    <U4 [1] `TrayIDRead` 1411 >
    <L [1] 
        <L [2] 
            <U4 [1] 110 >
            <L [3] 
                <U2 [1] `PortID` 1 >
                <A [6] `TrayID` "TRAY-1">
                <U2 [1] `IDReadStatus` 0 >
            >
        >
    >
>
2023-08-29 05:24:20,409[INFO ]:RECV SECS2 Message : SSID(0), B2(6), B3(12), P(0), S(0), SB(19), Length[3]
2023-08-29 05:24:20,409[DEBUG]:<<<S6F12<<<  
<B [1] 00 >
2023-08-29 05:24:20,409[INFO ]:RECV SECS2 Message : SSID(0), B2(6), B3(12), P(0), S(0), SB(20), Length[3]
2023-08-29 05:24:20,409[DEBUG]:<<<S6F12<<<  
<B [1] 00 >
2023-08-29 05:24:20,548[INFO ]:Queued SECS2 Message : S6F11
2023-08-29 05:24:20,593[INFO ]:SENT SECS2 Message : SSID(0), B2(134), B3(11), P(0), S(0), SB(21)
2023-08-29 05:24:20,593[INFO ]:>>>S6F11 W>>>  
<L [3] 
    <U4 [1] 0 >
    <U4 [1] `EquipmentStateChanged` 1051 >
    <L [1] 
        <L [2] 
            <U4 [1] 104 >
            <L [2] 
                <U2 [1] `EqpState` 2 >
                <U2 [1] `PreviousEqpState` 1 >
            >
        >
    >
>
2023-08-29 05:24:20,640[INFO ]:RECV SECS2 Message : SSID(0), B2(6), B3(12), P(0), S(0), SB(21), Length[3]
2023-08-29 05:24:20,640[DEBUG]:<<<S6F12<<<  
<B [1] 00 >
2023-08-29 05:25:18,073[INFO ]:Queued SECS2 Message : S6F11
2023-08-29 05:25:18,118[INFO ]:SENT SECS2 Message : SSID(0), B2(134), B3(11), P(0), S(0), SB(22)
2023-08-29 05:25:18,118[INFO ]:>>>S6F11 W>>>  
<L [3] 
    <U4 [1] 0 >
    <U4 [1] `PortReadyToLoad` 1502 >
    <L [1] 
        <L [2] 
            <U4 [1] 112 >
            <L [2] 
                <U2 [1] `PortID` 1 >
                <U2 [1] `PortTransferState` 3 >
            >
        >
    >
>
2023-08-29 05:25:18,194[INFO ]:RECV SECS2 Message : SSID(0), B2(6), B3(12), P(0), S(0), SB(22), Length[3]
2023-08-29 05:25:18,194[DEBUG]:<<<S6F12<<<  
<B [1] 00 >
2023-08-29 05:25:18,269[INFO ]:Queued SECS2 Message : S6F11
2023-08-29 05:25:18,300[INFO ]:SENT SECS2 Message : SSID(0), B2(134), B3(11), P(0), S(0), SB(23)
2023-08-29 05:25:18,300[INFO ]:>>>S6F11 W>>>  
<L [3] 
    <U4 [1] 0 >
    <U4 [1] `EquipmentStateChanged` 1051 >
    <L [1] 
        <L [2] 
            <U4 [1] 104 >
            <L [2] 
                <U2 [1] `EqpState` 1 >
                <U2 [1] `PreviousEqpState` 2 >
            >
        >
    >
>
2023-08-29 05:25:18,346[INFO ]:RECV SECS2 Message : SSID(0), B2(6), B3(12), P(0), S(0), SB(23), Length[3]
2023-08-29 05:25:18,346[DEBUG]:<<<S6F12<<<  
<B [1] 00 >
2023-08-29 05:25:20,111[INFO ]:Queued SECS2 Message : S6F11
2023-08-29 05:25:20,126[INFO ]:SENT SECS2 Message : SSID(0), B2(134), B3(11), P(0), S(0), SB(24)
2023-08-29 05:25:20,126[INFO ]:>>>S6F11 W>>>  
<L [3] 
    <U4 [1] 0 >
    <U4 [1] `PortTransferBlocked` 1503 >
    <L [1] 
        <L [2] 
            <U4 [1] 112 >
            <L [2] 
                <U2 [1] `PortID` 1 >
                <U2 [1] `PortTransferState` 2 >
            >
        >
    >
>
2023-08-29 05:25:20,172[INFO ]:RECV SECS2 Message : SSID(0), B2(6), B3(12), P(0), S(0), SB(24), Length[3]
2023-08-29 05:25:20,172[DEBUG]:<<<S6F12<<<  
<B [1] 00 >
2023-08-29 05:25:20,311[INFO ]:Queued SECS2 Message : S6F11
2023-08-29 05:25:20,373[INFO ]:SENT SECS2 Message : SSID(0), B2(134), B3(11), P(0), S(0), SB(25)
2023-08-29 05:25:20,373[INFO ]:>>>S6F11 W>>>  
<L [3] 
    <U4 [1] 0 >
    <U4 [1] `EquipmentStateChanged` 1051 >
    <L [1] 
        <L [2] 
            <U4 [1] 104 >
            <L [2] 
                <U2 [1] `EqpState` 2 >
                <U2 [1] `PreviousEqpState` 1 >
            >
        >
    >
>
2023-08-29 05:25:20,403[INFO ]:RECV SECS2 Message : SSID(0), B2(6), B3(12), P(0), S(0), SB(25), Length[3]
2023-08-29 05:25:20,403[DEBUG]:<<<S6F12<<<  
<B [1] 00 >
2023-08-29 05:25:37,748[INFO ]:Queued SECS2 Message : S6F11
2023-08-29 05:25:37,805[INFO ]:SENT SECS2 Message : SSID(0), B2(134), B3(11), P(0), S(0), SB(26)
2023-08-29 05:25:37,805[INFO ]:>>>S6F11 W>>>  
<L [3] 
    <U4 [1] 0 >
    <U4 [1] `TrayIDRead` 1411 >
    <L [1] 
        <L [2] 
            <U4 [1] 110 >
            <L [3] 
                <U2 [1] `PortID` 1 >
                <A [6] `TrayID` "TRAY-1">
                <U2 [1] `IDReadStatus` 0 >
            >
        >
    >
>
2023-08-29 05:25:37,881[INFO ]:RECV SECS2 Message : SSID(0), B2(6), B3(12), P(0), S(0), SB(26), Length[3]
2023-08-29 05:25:37,881[DEBUG]:<<<S6F12<<<  
<B [1] 00 >
2023-08-29 05:30:13,781[INFO ]:Queued SECS2 Message : S1F13
2023-08-29 05:30:13,827[INFO ]:SENT SECS2 Message : SSID(0), B2(129), B3(13), P(0), S(0), SB(1)
2023-08-29 05:30:13,830[INFO ]:>>>S1F13 W>>>  
<L [2] 
    <A [3] "UPK">
    <A [13] "1.0.8641.9903">
>
2023-08-29 05:30:13,842[INFO ]:RECV SECS2 Message : SSID(0), B2(1), B3(14), P(0), S(0), SB(1), Length[7]
2023-08-29 05:30:13,842[DEBUG]:<<<S1F14<<<  
<L [2] 
    <B [1] 00 >
    <L [0] >
>
2023-08-29 05:30:28,599[INFO ]:Queued SECS2 Message : S6F11
2023-08-29 05:30:28,652[INFO ]:SENT SECS2 Message : SSID(0), B2(134), B3(11), P(0), S(0), SB(2)
2023-08-29 05:30:28,652[INFO ]:>>>S6F11 W>>>  
<L [3] 
    <U4 [1] 0 >
    <U4 [1] `TrayLoadComplete` 1401 >
    <L [1] 
        <L [2] 
            <U4 [1] 109 >
            <L [2] 
                <U2 [1] `PortID` 1 >
                <A [6] `TrayID` "TRAY-1">
            >
        >
    >
>
2023-08-29 05:30:28,670[INFO ]:RECV SECS2 Message : SSID(0), B2(6), B3(12), P(0), S(0), SB(2), Length[3]
2023-08-29 05:30:28,670[DEBUG]:<<<S6F12<<<  
<B [1] 00 >
2023-08-29 05:32:33,222[INFO ]:RECV SECS2 Message : SSID(0), B2(130), B3(41), P(0), S(0), SB(27,595), Length[35]
2023-08-29 05:32:33,222[DEBUG]:<<<S2F41 W<<<  
<L [2] 
    <A [10] "TRAY_SCRAP">
    <L [1] 
        <L [2] 
            <A [7] "TRAY_ID">
            <A [6] "TRAY-1">
        >
    >
>
2023-08-29 05:32:33,242[INFO ]:Queued SECS2 Message : S2F42
2023-08-29 05:32:33,253[INFO ]:SENT SECS2 Message : SSID(0), B2(2), B3(42), P(0), S(0), SB(27,595)
2023-08-29 05:32:33,253[INFO ]:>>>S2F42>>>  
<L [2] 
    <B [1] 04 >
    <L [0] >
>
2023-08-29 05:33:09,661[INFO ]:RECV SECS2 Message : SSID(0), B2(130), B3(41), P(0), S(0), SB(27,601), Length[35]
2023-08-29 05:33:09,661[DEBUG]:<<<S2F41 W<<<  
<L [2] 
    <A [10] "TRAY_SCRAP">
    <L [1] 
        <L [2] 
            <A [7] "TRAY_ID">
            <A [6] "TRAY-1">
        >
    >
>
2023-08-29 05:33:09,662[INFO ]:Queued SECS2 Message : S2F42
2023-08-29 05:33:09,676[INFO ]:SENT SECS2 Message : SSID(0), B2(2), B3(42), P(0), S(0), SB(27,601)
2023-08-29 05:33:09,676[INFO ]:>>>S2F42>>>  
<L [2] 
    <B [1] 04 >
    <L [0] >
>
2023-08-29 05:33:12,308[INFO ]:RECV SECS2 Message : SSID(0), B2(130), B3(41), P(0), S(0), SB(27,603), Length[35]
2023-08-29 05:33:12,308[DEBUG]:<<<S2F41 W<<<  
<L [2] 
    <A [10] "TRAY_SCRAP">
    <L [1] 
        <L [2] 
            <A [7] "TRAY_ID">
            <A [6] "TRAY-1">
        >
    >
>
2023-08-29 05:33:12,308[INFO ]:Queued SECS2 Message : S2F42
2023-08-29 05:33:12,354[INFO ]:SENT SECS2 Message : SSID(0), B2(2), B3(42), P(0), S(0), SB(27,603)
2023-08-29 05:33:12,354[INFO ]:>>>S2F42>>>  
<L [2] 
    <B [1] 04 >
    <L [0] >
>
