2023-08-29 18:02:19,077[INFO ]:Queued SECS2 Message : S1F13
2023-08-29 18:02:19,108[INFO ]:SENT SECS2 Message : SSID(0), B2(129), B3(13), P(0), S(0), SB(1)
2023-08-29 18:02:19,111[INFO ]:>>>S1F13 W>>>  
<L [2] 
    <A [3] "UPK">
    <A [14] "1.0.8641.32462">
>
2023-08-29 18:02:19,153[INFO ]:RECV SECS2 Message : SSID(0), B2(1), B3(14), P(0), S(0), SB(1), Length[7]
2023-08-29 18:02:19,153[DEBUG]:<<<S1F14<<<  
<L [2] 
    <B [1] 00 >
    <L [0] >
>
2023-08-29 18:02:19,521[INFO ]:Queued SECS2 Message : S6F11
2023-08-29 18:02:19,527[INFO ]:SENT SECS2 Message : SSID(0), B2(134), B3(11), P(0), S(0), SB(2)
2023-08-29 18:02:19,528[INFO ]:>>>S6F11 W>>>  
<L [3] 
    <U4 [1] 0 >
    <U4 [1] `SubstrateLocationOccupied` 1201 >
    <L [1] 
        <L [2] 
            <U4 [1] 1201 >
            <L [2] 
                <A [4] `ModuleID` "BF01">
                <A [7] `GlassID` "GLASS-2">
            >
        >
    >
>
2023-08-29 18:02:19,590[INFO ]:RECV SECS2 Message : SSID(0), B2(6), B3(12), P(0), S(0), SB(2), Length[3]
2023-08-29 18:02:19,590[DEBUG]:<<<S6F12<<<  
<B [1] 00 >
2023-08-29 18:03:32,616[INFO ]:Queued SECS2 Message : S1F13
2023-08-29 18:03:32,643[INFO ]:SENT SECS2 Message : SSID(0), B2(129), B3(13), P(0), S(0), SB(1)
2023-08-29 18:03:32,645[INFO ]:>>>S1F13 W>>>  
<L [2] 
    <A [3] "UPK">
    <A [14] "1.0.8641.32462">
>
2023-08-29 18:03:32,736[INFO ]:RECV SECS2 Message : SSID(0), B2(1), B3(14), P(0), S(0), SB(1), Length[7]
2023-08-29 18:03:32,737[DEBUG]:<<<S1F14<<<  
<L [2] 
    <B [1] 00 >
    <L [0] >
>
2023-08-29 18:03:34,453[INFO ]:Queued SECS2 Message : S6F11
2023-08-29 18:03:34,460[INFO ]:SENT SECS2 Message : SSID(0), B2(134), B3(11), P(0), S(0), SB(2)
2023-08-29 18:03:34,461[INFO ]:>>>S6F11 W>>>  
<L [3] 
    <U4 [1] 0 >
    <U4 [1] `ModuleStart` 1101 >
    <L [1] 
        <L [2] 
            <U4 [1] 1101 >
            <L [7] 
                <A [4] `ModuleID` "BF01">
                <U2 [1] `PortID` 1 >
                <A [0] `TrayID` >
                <A [0] `LotID` >
                <U2 [1] `SlotNo` 0 >
                <A [0] `GlassID` >
                <A [6] `UserId` "TEST-1">
            >
        >
    >
>
2023-08-29 18:03:34,462[INFO ]:Queued SECS2 Message : S6F11
2023-08-29 18:03:34,521[INFO ]:SENT SECS2 Message : SSID(0), B2(134), B3(11), P(0), S(0), SB(3)
2023-08-29 18:03:34,521[INFO ]:>>>S6F11 W>>>  
<L [3] 
    <U4 [1] 0 >
    <U4 [1] `ModuleStart` 1101 >
    <L [1] 
        <L [2] 
            <U4 [1] 1101 >
            <L [7] 
                <A [5] `ModuleID` "USC01">
                <U2 [1] `PortID` 1 >
                <A [0] `TrayID` >
                <A [0] `LotID` >
                <U2 [1] `SlotNo` 0 >
                <A [0] `GlassID` >
                <A [6] `UserId` "TEST-1">
            >
        >
    >
>
2023-08-29 18:03:34,552[INFO ]:RECV SECS2 Message : SSID(0), B2(6), B3(12), P(0), S(0), SB(2), Length[3]
2023-08-29 18:03:34,552[DEBUG]:<<<S6F12<<<  
<B [1] 00 >
2023-08-29 18:03:34,561[INFO ]:RECV SECS2 Message : SSID(0), B2(6), B3(12), P(0), S(0), SB(3), Length[3]
2023-08-29 18:03:34,561[DEBUG]:<<<S6F12<<<  
<B [1] 00 >
2023-08-29 18:03:39,527[INFO ]:Queued SECS2 Message : S6F11
2023-08-29 18:03:39,527[INFO ]:Queued SECS2 Message : S6F11
2023-08-29 18:03:39,553[INFO ]:SENT SECS2 Message : SSID(0), B2(134), B3(11), P(0), S(0), SB(4)
2023-08-29 18:03:39,553[INFO ]:>>>S6F11 W>>>  
<L [3] 
    <U4 [1] 0 >
    <U4 [1] `SubstrateLocationOccupied` 1201 >
    <L [1] 
        <L [2] 
            <U4 [1] 1201 >
            <L [2] 
                <A [5] `ModuleID` "USC01">
                <A [7] `GlassID` "GLASS-1">
            >
        >
    >
>
2023-08-29 18:03:39,553[INFO ]:SENT SECS2 Message : SSID(0), B2(134), B3(11), P(0), S(0), SB(5)
2023-08-29 18:03:39,553[INFO ]:>>>S6F11 W>>>  
<L [3] 
    <U4 [1] 0 >
    <U4 [1] `GlassStart` 1611 >
    <L [1] 
        <L [2] 
            <U4 [1] 1611 >
            <L [6] 
                <A [5] `ModuleID` "USC01">
                <A [7] `GlassID` "GLASS-1">
                <U2 [1] `PortID` 1 >
                <A [6] `TrayID` "TRAY-1">
                <U2 [1] `SlotNo` 1 >
                <A [13] `LotID` "LOT_230217005">
            >
        >
    >
>
2023-08-29 18:03:39,629[INFO ]:RECV SECS2 Message : SSID(0), B2(6), B3(12), P(0), S(0), SB(4), Length[3]
2023-08-29 18:03:39,629[DEBUG]:<<<S6F12<<<  
<B [1] 00 >
2023-08-29 18:03:39,629[INFO ]:RECV SECS2 Message : SSID(0), B2(6), B3(12), P(0), S(0), SB(5), Length[3]
2023-08-29 18:03:39,629[DEBUG]:<<<S6F12<<<  
<B [1] 00 >
2023-08-29 18:03:41,210[INFO ]:Queued SECS2 Message : S6F11
2023-08-29 18:03:41,247[INFO ]:SENT SECS2 Message : SSID(0), B2(134), B3(11), P(0), S(0), SB(6)
2023-08-29 18:03:41,247[INFO ]:>>>S6F11 W>>>  
<L [3] 
    <U4 [1] 0 >
    <U4 [1] `GlassIDRead` 1601 >
    <L [1] 
        <L [2] 
            <U4 [1] 1601 >
            <L [2] 
                <A [6] `TrayID` "TRAY-1">
                <A [7] `GlassID` "GLASS-2">
            >
        >
    >
>
2023-08-29 18:03:41,293[INFO ]:RECV SECS2 Message : SSID(0), B2(6), B3(12), P(0), S(0), SB(6), Length[3]
2023-08-29 18:03:41,293[DEBUG]:<<<S6F12<<<  
<B [1] 00 >
2023-08-29 18:03:42,918[INFO ]:Queued SECS2 Message : S6F11
2023-08-29 18:03:42,942[INFO ]:SENT SECS2 Message : SSID(0), B2(134), B3(11), P(0), S(0), SB(7)
2023-08-29 18:03:42,942[INFO ]:>>>S6F11 W>>>  
<L [3] 
    <U4 [1] 0 >
    <U4 [1] `SubstrateLocationOccupied` 1201 >
    <L [1] 
        <L [2] 
            <U4 [1] 1201 >
            <L [2] 
                <A [4] `ModuleID` "BF01">
                <A [7] `GlassID` "GLASS-2">
            >
        >
    >
>
2023-08-29 18:03:42,969[INFO ]:RECV SECS2 Message : SSID(0), B2(6), B3(12), P(0), S(0), SB(7), Length[3]
2023-08-29 18:03:42,969[DEBUG]:<<<S6F12<<<  
<B [1] 00 >
2023-08-29 18:06:28,484[INFO ]:Queued SECS2 Message : S1F13
2023-08-29 18:06:28,532[INFO ]:SENT SECS2 Message : SSID(0), B2(129), B3(13), P(0), S(0), SB(1)
2023-08-29 18:06:28,535[INFO ]:>>>S1F13 W>>>  
<L [2] 
    <A [3] "UPK">
    <A [14] "1.0.8641.32590">
>
2023-08-29 18:06:28,555[INFO ]:RECV SECS2 Message : SSID(0), B2(1), B3(14), P(0), S(0), SB(1), Length[7]
2023-08-29 18:06:28,555[DEBUG]:<<<S1F14<<<  
<L [2] 
    <B [1] 00 >
    <L [0] >
>
2023-08-29 18:06:29,383[INFO ]:Queued SECS2 Message : S6F11
2023-08-29 18:06:29,384[INFO ]:Queued SECS2 Message : S6F11
2023-08-29 18:06:29,437[INFO ]:SENT SECS2 Message : SSID(0), B2(134), B3(11), P(0), S(0), SB(2)
2023-08-29 18:06:29,438[INFO ]:>>>S6F11 W>>>  
<L [3] 
    <U4 [1] 0 >
    <U4 [1] `SubstrateLocationOccupied` 1201 >
    <L [1] 
        <L [2] 
            <U4 [1] 1201 >
            <L [2] 
                <A [5] `ModuleID` "USC01">
                <A [7] `GlassID` "GLASS-1">
            >
        >
    >
>
2023-08-29 18:06:29,438[INFO ]:SENT SECS2 Message : SSID(0), B2(134), B3(11), P(0), S(0), SB(3)
2023-08-29 18:06:29,438[INFO ]:>>>S6F11 W>>>  
<L [3] 
    <U4 [1] 0 >
    <U4 [1] `GlassStart` 1611 >
    <L [1] 
        <L [2] 
            <U4 [1] 1611 >
            <L [6] 
                <A [5] `ModuleID` "USC01">
                <A [7] `GlassID` "GLASS-1">
                <U2 [1] `PortID` 1 >
                <A [6] `TrayID` "TRAY-1">
                <U2 [1] `SlotNo` 1 >
                <A [13] `LotID` "LOT_230217005">
            >
        >
    >
>
2023-08-29 18:06:29,479[INFO ]:RECV SECS2 Message : SSID(0), B2(6), B3(12), P(0), S(0), SB(2), Length[3]
2023-08-29 18:06:29,479[DEBUG]:<<<S6F12<<<  
<B [1] 00 >
2023-08-29 18:06:29,544[INFO ]:RECV SECS2 Message : SSID(0), B2(6), B3(12), P(0), S(0), SB(3), Length[3]
2023-08-29 18:06:29,544[DEBUG]:<<<S6F12<<<  
<B [1] 00 >
2023-08-29 18:06:31,062[INFO ]:Queued SECS2 Message : S6F11
2023-08-29 18:06:31,072[INFO ]:SENT SECS2 Message : SSID(0), B2(134), B3(11), P(0), S(0), SB(4)
2023-08-29 18:06:31,072[INFO ]:>>>S6F11 W>>>  
<L [3] 
    <U4 [1] 0 >
    <U4 [1] `GlassIDRead` 1601 >
    <L [1] 
        <L [2] 
            <U4 [1] 1601 >
            <L [2] 
                <A [6] `TrayID` "TRAY-1">
                <A [7] `GlassID` "GLASS-2">
            >
        >
    >
>
2023-08-29 18:06:31,133[INFO ]:RECV SECS2 Message : SSID(0), B2(6), B3(12), P(0), S(0), SB(4), Length[3]
2023-08-29 18:06:31,133[DEBUG]:<<<S6F12<<<  
<B [1] 00 >
2023-08-29 18:06:32,769[INFO ]:Queued SECS2 Message : S6F11
2023-08-29 18:06:32,769[INFO ]:SENT SECS2 Message : SSID(0), B2(134), B3(11), P(0), S(0), SB(5)
2023-08-29 18:06:32,769[INFO ]:>>>S6F11 W>>>  
<L [3] 
    <U4 [1] 0 >
    <U4 [1] `SubstrateLocationOccupied` 1201 >
    <L [1] 
        <L [2] 
            <U4 [1] 1201 >
            <L [2] 
                <A [4] `ModuleID` "BF01">
                <A [7] `GlassID` "GLASS-2">
            >
        >
    >
>
2023-08-29 18:06:32,875[INFO ]:RECV SECS2 Message : SSID(0), B2(6), B3(12), P(0), S(0), SB(5), Length[3]
2023-08-29 18:06:32,875[DEBUG]:<<<S6F12<<<  
<B [1] 00 >
2023-08-29 18:07:18,212[INFO ]:Queued SECS2 Message : S1F13
2023-08-29 18:07:18,244[INFO ]:SENT SECS2 Message : SSID(0), B2(129), B3(13), P(0), S(0), SB(1)
2023-08-29 18:07:18,247[INFO ]:>>>S1F13 W>>>  
<L [2] 
    <A [3] "UPK">
    <A [14] "1.0.8641.32590">
>
2023-08-29 18:07:18,276[INFO ]:RECV SECS2 Message : SSID(0), B2(1), B3(14), P(0), S(0), SB(1), Length[7]
2023-08-29 18:07:18,277[DEBUG]:<<<S1F14<<<  
<L [2] 
    <B [1] 00 >
    <L [0] >
>
2023-08-29 18:07:19,877[INFO ]:Queued SECS2 Message : S6F11
2023-08-29 18:07:19,883[INFO ]:SENT SECS2 Message : SSID(0), B2(134), B3(11), P(0), S(0), SB(2)
2023-08-29 18:07:19,884[INFO ]:>>>S6F11 W>>>  
<L [3] 
    <U4 [1] 0 >
    <U4 [1] `ModuleStart` 1101 >
    <L [1] 
        <L [2] 
            <U4 [1] 1101 >
            <L [7] 
                <A [4] `ModuleID` "BF01">
                <U2 [1] `PortID` 1 >
                <A [0] `TrayID` >
                <A [0] `LotID` >
                <U2 [1] `SlotNo` 0 >
                <A [0] `GlassID` >
                <A [6] `UserId` "TEST-1">
            >
        >
    >
>
2023-08-29 18:07:19,886[INFO ]:Queued SECS2 Message : S6F11
2023-08-29 18:07:19,944[INFO ]:SENT SECS2 Message : SSID(0), B2(134), B3(11), P(0), S(0), SB(3)
2023-08-29 18:07:19,945[INFO ]:>>>S6F11 W>>>  
<L [3] 
    <U4 [1] 0 >
    <U4 [1] `ModuleStart` 1101 >
    <L [1] 
        <L [2] 
            <U4 [1] 1101 >
            <L [7] 
                <A [5] `ModuleID` "USC01">
                <U2 [1] `PortID` 1 >
                <A [0] `TrayID` >
                <A [0] `LotID` >
                <U2 [1] `SlotNo` 0 >
                <A [0] `GlassID` >
                <A [6] `UserId` "TEST-1">
            >
        >
    >
>
2023-08-29 18:07:19,945[INFO ]:RECV SECS2 Message : SSID(0), B2(6), B3(12), P(0), S(0), SB(2), Length[3]
2023-08-29 18:07:19,946[DEBUG]:<<<S6F12<<<  
<B [1] 00 >
2023-08-29 18:07:20,022[INFO ]:RECV SECS2 Message : SSID(0), B2(6), B3(12), P(0), S(0), SB(3), Length[3]
2023-08-29 18:07:20,022[DEBUG]:<<<S6F12<<<  
<B [1] 00 >
2023-08-29 18:07:24,948[INFO ]:Queued SECS2 Message : S6F11
2023-08-29 18:07:24,950[INFO ]:Queued SECS2 Message : S6F11
2023-08-29 18:07:24,988[INFO ]:SENT SECS2 Message : SSID(0), B2(134), B3(11), P(0), S(0), SB(4)
2023-08-29 18:07:24,988[INFO ]:>>>S6F11 W>>>  
<L [3] 
    <U4 [1] 0 >
    <U4 [1] `SubstrateLocationOccupied` 1201 >
    <L [1] 
        <L [2] 
            <U4 [1] 1201 >
            <L [2] 
                <A [5] `ModuleID` "USC01">
                <A [7] `GlassID` "GLASS-1">
            >
        >
    >
>
2023-08-29 18:07:24,988[INFO ]:SENT SECS2 Message : SSID(0), B2(134), B3(11), P(0), S(0), SB(5)
2023-08-29 18:07:24,988[INFO ]:>>>S6F11 W>>>  
<L [3] 
    <U4 [1] 0 >
    <U4 [1] `GlassStart` 1611 >
    <L [1] 
        <L [2] 
            <U4 [1] 1611 >
            <L [6] 
                <A [5] `ModuleID` "USC01">
                <A [7] `GlassID` "GLASS-1">
                <U2 [1] `PortID` 1 >
                <A [6] `TrayID` "TRAY-1">
                <U2 [1] `SlotNo` 1 >
                <A [13] `LotID` "LOT_230217005">
            >
        >
    >
>
2023-08-29 18:07:25,025[INFO ]:RECV SECS2 Message : SSID(0), B2(6), B3(12), P(0), S(0), SB(4), Length[3]
2023-08-29 18:07:25,025[DEBUG]:<<<S6F12<<<  
<B [1] 00 >
2023-08-29 18:07:25,095[INFO ]:RECV SECS2 Message : SSID(0), B2(6), B3(12), P(0), S(0), SB(5), Length[3]
2023-08-29 18:07:25,095[DEBUG]:<<<S6F12<<<  
<B [1] 00 >
2023-08-29 18:07:26,654[INFO ]:Queued SECS2 Message : S6F11
2023-08-29 18:07:26,692[INFO ]:SENT SECS2 Message : SSID(0), B2(134), B3(11), P(0), S(0), SB(6)
2023-08-29 18:07:26,692[INFO ]:>>>S6F11 W>>>  
<L [3] 
    <U4 [1] 0 >
    <U4 [1] `GlassIDRead` 1601 >
    <L [1] 
        <L [2] 
            <U4 [1] 1601 >
            <L [2] 
                <A [6] `TrayID` "TRAY-1">
                <A [7] `GlassID` "GLASS-2">
            >
        >
    >
>
2023-08-29 18:07:26,768[INFO ]:RECV SECS2 Message : SSID(0), B2(6), B3(12), P(0), S(0), SB(6), Length[3]
2023-08-29 18:07:26,768[DEBUG]:<<<S6F12<<<  
<B [1] 00 >
2023-08-29 18:07:28,352[INFO ]:Queued SECS2 Message : S6F11
2023-08-29 18:07:28,391[INFO ]:SENT SECS2 Message : SSID(0), B2(134), B3(11), P(0), S(0), SB(7)
2023-08-29 18:07:28,391[INFO ]:>>>S6F11 W>>>  
<L [3] 
    <U4 [1] 0 >
    <U4 [1] `SubstrateLocationOccupied` 1201 >
    <L [1] 
        <L [2] 
            <U4 [1] 1201 >
            <L [2] 
                <A [4] `ModuleID` "BF01">
                <A [7] `GlassID` "GLASS-2">
            >
        >
    >
>
2023-08-29 18:07:28,436[INFO ]:RECV SECS2 Message : SSID(0), B2(6), B3(12), P(0), S(0), SB(7), Length[3]
2023-08-29 18:07:28,436[DEBUG]:<<<S6F12<<<  
<B [1] 00 >
2023-08-29 18:08:13,938[INFO ]:Queued SECS2 Message : S1F13
2023-08-29 18:08:13,954[INFO ]:SENT SECS2 Message : SSID(0), B2(129), B3(13), P(0), S(0), SB(1)
2023-08-29 18:08:13,957[INFO ]:>>>S1F13 W>>>  
<L [2] 
    <A [3] "UPK">
    <A [14] "1.0.8641.32590">
>
2023-08-29 18:08:13,986[INFO ]:RECV SECS2 Message : SSID(0), B2(1), B3(14), P(0), S(0), SB(1), Length[7]
2023-08-29 18:08:13,986[DEBUG]:<<<S1F14<<<  
<L [2] 
    <B [1] 00 >
    <L [0] >
>
2023-08-29 18:08:14,873[INFO ]:Queued SECS2 Message : S6F11
2023-08-29 18:08:14,928[INFO ]:SENT SECS2 Message : SSID(0), B2(134), B3(11), P(0), S(0), SB(2)
2023-08-29 18:08:14,928[INFO ]:>>>S6F11 W>>>  
<L [3] 
    <U4 [1] 0 >
    <U4 [1] `GlassIDRead` 1601 >
    <L [1] 
        <L [2] 
            <U4 [1] 1601 >
            <L [2] 
                <A [6] `TrayID` "TRAY-1">
                <A [7] `GlassID` "GLASS-2">
            >
        >
    >
>
2023-08-29 18:08:14,974[INFO ]:RECV SECS2 Message : SSID(0), B2(6), B3(12), P(0), S(0), SB(2), Length[3]
2023-08-29 18:08:14,974[DEBUG]:<<<S6F12<<<  
<B [1] 00 >
2023-08-29 18:08:16,575[INFO ]:Queued SECS2 Message : S6F11
2023-08-29 18:08:16,629[INFO ]:SENT SECS2 Message : SSID(0), B2(134), B3(11), P(0), S(0), SB(3)
2023-08-29 18:08:16,629[INFO ]:>>>S6F11 W>>>  
<L [3] 
    <U4 [1] 0 >
    <U4 [1] `SubstrateLocationOccupied` 1201 >
    <L [1] 
        <L [2] 
            <U4 [1] 1201 >
            <L [2] 
                <A [4] `ModuleID` "BF01">
                <A [7] `GlassID` "GLASS-2">
            >
        >
    >
>
2023-08-29 18:08:16,720[INFO ]:RECV SECS2 Message : SSID(0), B2(6), B3(12), P(0), S(0), SB(3), Length[3]
2023-08-29 18:08:16,720[DEBUG]:<<<S6F12<<<  
<B [1] 00 >
2023-08-29 18:08:41,319[INFO ]:Queued SECS2 Message : S1F13
2023-08-29 18:08:41,350[INFO ]:SENT SECS2 Message : SSID(0), B2(129), B3(13), P(0), S(0), SB(1)
2023-08-29 18:08:41,351[INFO ]:>>>S1F13 W>>>  
<L [2] 
    <A [3] "UPK">
    <A [14] "1.0.8641.32590">
>
2023-08-29 18:08:41,380[INFO ]:RECV SECS2 Message : SSID(0), B2(1), B3(14), P(0), S(0), SB(1), Length[7]
2023-08-29 18:08:41,380[DEBUG]:<<<S1F14<<<  
<L [2] 
    <B [1] 00 >
    <L [0] >
>
2023-08-29 18:08:42,923[INFO ]:Queued SECS2 Message : S6F11
2023-08-29 18:08:42,984[INFO ]:SENT SECS2 Message : SSID(0), B2(134), B3(11), P(0), S(0), SB(2)
2023-08-29 18:08:42,984[INFO ]:>>>S6F11 W>>>  
<L [3] 
    <U4 [1] 0 >
    <U4 [1] `SubstrateLocationOccupied` 1201 >
    <L [1] 
        <L [2] 
            <U4 [1] 1201 >
            <L [2] 
                <A [4] `ModuleID` "BF01">
                <A [7] `GlassID` "GLASS-2">
            >
        >
    >
>
2023-08-29 18:08:43,045[INFO ]:RECV SECS2 Message : SSID(0), B2(6), B3(12), P(0), S(0), SB(2), Length[3]
2023-08-29 18:08:43,045[DEBUG]:<<<S6F12<<<  
<B [1] 00 >
2023-08-29 18:11:52,349[INFO ]:Queued SECS2 Message : S1F13
2023-08-29 18:11:52,367[INFO ]:SENT SECS2 Message : SSID(0), B2(129), B3(13), P(0), S(0), SB(1)
2023-08-29 18:11:52,368[INFO ]:>>>S1F13 W>>>  
<L [2] 
    <A [3] "UPK">
    <A [14] "1.0.8641.32751">
>
2023-08-29 18:11:52,398[INFO ]:RECV SECS2 Message : SSID(0), B2(1), B3(14), P(0), S(0), SB(1), Length[7]
2023-08-29 18:11:52,398[DEBUG]:<<<S1F14<<<  
<L [2] 
    <B [1] 00 >
    <L [0] >
>
2023-08-29 18:11:53,008[INFO ]:Queued SECS2 Message : S6F11
2023-08-29 18:11:53,031[INFO ]:SENT SECS2 Message : SSID(0), B2(134), B3(11), P(0), S(0), SB(2)
2023-08-29 18:11:53,032[INFO ]:>>>S6F11 W>>>  
<L [3] 
    <U4 [1] 0 >
    <U4 [1] `GlassIDRead` 1601 >
    <L [1] 
        <L [2] 
            <U4 [1] 1601 >
            <L [2] 
                <A [6] `TrayID` "TRAY-1">
                <A [7] `GlassID` "GLASS-2">
            >
        >
    >
>
2023-08-29 18:11:53,077[INFO ]:RECV SECS2 Message : SSID(0), B2(6), B3(12), P(0), S(0), SB(2), Length[3]
2023-08-29 18:11:53,077[DEBUG]:<<<S6F12<<<  
<B [1] 00 >
2023-08-29 18:11:54,693[INFO ]:Queued SECS2 Message : S6F11
2023-08-29 18:11:54,733[INFO ]:SENT SECS2 Message : SSID(0), B2(134), B3(11), P(0), S(0), SB(3)
2023-08-29 18:11:54,733[INFO ]:>>>S6F11 W>>>  
<L [3] 
    <U4 [1] 0 >
    <U4 [1] `SubstrateLocationOccupied` 1201 >
    <L [1] 
        <L [2] 
            <U4 [1] 1201 >
            <L [2] 
                <A [4] `ModuleID` "BF01">
                <A [7] `GlassID` "GLASS-2">
            >
        >
    >
>
2023-08-29 18:11:54,824[INFO ]:RECV SECS2 Message : SSID(0), B2(6), B3(12), P(0), S(0), SB(3), Length[3]
2023-08-29 18:11:54,824[DEBUG]:<<<S6F12<<<  
<B [1] 00 >
2023-08-29 18:14:29,041[INFO ]:Queued SECS2 Message : S1F13
2023-08-29 18:14:29,089[INFO ]:SENT SECS2 Message : SSID(0), B2(129), B3(13), P(0), S(0), SB(1)
2023-08-29 18:14:29,091[INFO ]:>>>S1F13 W>>>  
<L [2] 
    <A [3] "UPK">
    <A [14] "1.0.8641.32831">
>
2023-08-29 18:14:29,115[INFO ]:RECV SECS2 Message : SSID(0), B2(1), B3(14), P(0), S(0), SB(1), Length[7]
2023-08-29 18:14:29,115[DEBUG]:<<<S1F14<<<  
<L [2] 
    <B [1] 00 >
    <L [0] >
>
2023-08-29 18:14:33,043[INFO ]:Queued SECS2 Message : S6F11
2023-08-29 18:14:33,044[INFO ]:Queued SECS2 Message : S6F11
2023-08-29 18:14:33,084[INFO ]:SENT SECS2 Message : SSID(0), B2(134), B3(11), P(0), S(0), SB(2)
2023-08-29 18:14:33,085[INFO ]:>>>S6F11 W>>>  
<L [3] 
    <U4 [1] 0 >
    <U4 [1] `SubstrateLocationOccupied` 1201 >
    <L [1] 
        <L [2] 
            <U4 [1] 1201 >
            <L [2] 
                <A [5] `ModuleID` "USC01">
                <A [7] `GlassID` "GLASS-1">
            >
        >
    >
>
2023-08-29 18:14:33,085[INFO ]:SENT SECS2 Message : SSID(0), B2(134), B3(11), P(0), S(0), SB(3)
2023-08-29 18:14:33,086[INFO ]:>>>S6F11 W>>>  
<L [3] 
    <U4 [1] 0 >
    <U4 [1] `GlassStart` 1611 >
    <L [1] 
        <L [2] 
            <U4 [1] 1611 >
            <L [6] 
                <A [5] `ModuleID` "USC01">
                <A [7] `GlassID` "GLASS-1">
                <U2 [1] `PortID` 1 >
                <A [6] `TrayID` "TRAY-1">
                <U2 [1] `SlotNo` 1 >
                <A [13] `LotID` "LOT_230217005">
            >
        >
    >
>
2023-08-29 18:14:33,131[INFO ]:RECV SECS2 Message : SSID(0), B2(6), B3(12), P(0), S(0), SB(2), Length[3]
2023-08-29 18:14:33,132[DEBUG]:<<<S6F12<<<  
<B [1] 00 >
2023-08-29 18:14:33,206[INFO ]:RECV SECS2 Message : SSID(0), B2(6), B3(12), P(0), S(0), SB(3), Length[3]
2023-08-29 18:14:33,206[DEBUG]:<<<S6F12<<<  
<B [1] 00 >
2023-08-29 18:14:34,728[INFO ]:Queued SECS2 Message : S6F11
2023-08-29 18:14:34,781[INFO ]:SENT SECS2 Message : SSID(0), B2(134), B3(11), P(0), S(0), SB(4)
2023-08-29 18:14:34,781[INFO ]:>>>S6F11 W>>>  
<L [3] 
    <U4 [1] 0 >
    <U4 [1] `GlassIDRead` 1601 >
    <L [1] 
        <L [2] 
            <U4 [1] 1601 >
            <L [2] 
                <A [6] `TrayID` "TRAY-1">
                <A [7] `GlassID` "GLASS-2">
            >
        >
    >
>
2023-08-29 18:14:34,811[INFO ]:RECV SECS2 Message : SSID(0), B2(6), B3(12), P(0), S(0), SB(4), Length[3]
2023-08-29 18:14:34,811[DEBUG]:<<<S6F12<<<  
<B [1] 00 >
2023-08-29 18:14:36,419[INFO ]:Queued SECS2 Message : S6F11
2023-08-29 18:14:36,472[INFO ]:SENT SECS2 Message : SSID(0), B2(134), B3(11), P(0), S(0), SB(5)
2023-08-29 18:14:36,472[INFO ]:>>>S6F11 W>>>  
<L [3] 
    <U4 [1] 0 >
    <U4 [1] `SubstrateLocationOccupied` 1201 >
    <L [1] 
        <L [2] 
            <U4 [1] 1201 >
            <L [2] 
                <A [4] `ModuleID` "BF01">
                <A [7] `GlassID` "GLASS-2">
            >
        >
    >
>
2023-08-29 18:14:36,548[INFO ]:RECV SECS2 Message : SSID(0), B2(6), B3(12), P(0), S(0), SB(5), Length[3]
2023-08-29 18:14:36,548[DEBUG]:<<<S6F12<<<  
<B [1] 00 >
2023-08-29 18:14:39,823[INFO ]:Queued SECS2 Message : S6F11
2023-08-29 18:14:39,871[INFO ]:SENT SECS2 Message : SSID(0), B2(134), B3(11), P(0), S(0), SB(6)
2023-08-29 18:14:39,871[INFO ]:>>>S6F11 W>>>  
<L [3] 
    <U4 [1] 0 >
    <U4 [1] `ModuleStart` 1101 >
    <L [1] 
        <L [2] 
            <U4 [1] 1101 >
            <L [7] 
                <A [5] `ModuleID` "USC01">
                <U2 [1] `PortID` 1 >
                <A [6] `TrayID` "TRAY-1">
                <A [13] `LotID` "LOT_230217005">
                <U2 [1] `SlotNo` 1 >
                <A [7] `GlassID` "GLASS-2">
                <A [6] `UserId` "TEST-1">
            >
        >
    >
>
2023-08-29 18:14:39,962[INFO ]:RECV SECS2 Message : SSID(0), B2(6), B3(12), P(0), S(0), SB(6), Length[3]
2023-08-29 18:14:39,962[DEBUG]:<<<S6F12<<<  
<B [1] 00 >
2023-08-29 18:14:44,891[INFO ]:Queued SECS2 Message : S6F11
2023-08-29 18:14:44,891[INFO ]:Queued SECS2 Message : S6F11
2023-08-29 18:14:44,902[INFO ]:SENT SECS2 Message : SSID(0), B2(134), B3(11), P(0), S(0), SB(7)
2023-08-29 18:14:44,902[INFO ]:>>>S6F11 W>>>  
<L [3] 
    <U4 [1] 0 >
    <U4 [1] `SubstrateLocationOccupied` 1201 >
    <L [1] 
        <L [2] 
            <U4 [1] 1201 >
            <L [2] 
                <A [5] `ModuleID` "USC01">
                <A [7] `GlassID` "GLASS-1">
            >
        >
    >
>
2023-08-29 18:14:44,902[INFO ]:SENT SECS2 Message : SSID(0), B2(134), B3(11), P(0), S(0), SB(8)
2023-08-29 18:14:44,902[INFO ]:>>>S6F11 W>>>  
<L [3] 
    <U4 [1] 0 >
    <U4 [1] `GlassStart` 1611 >
    <L [1] 
        <L [2] 
            <U4 [1] 1611 >
            <L [6] 
                <A [5] `ModuleID` "USC01">
                <A [7] `GlassID` "GLASS-1">
                <U2 [1] `PortID` 1 >
                <A [6] `TrayID` "TRAY-1">
                <U2 [1] `SlotNo` 1 >
                <A [13] `LotID` "LOT_230217005">
            >
        >
    >
>
2023-08-29 18:14:44,963[INFO ]:RECV SECS2 Message : SSID(0), B2(6), B3(12), P(0), S(0), SB(7), Length[3]
2023-08-29 18:14:44,963[DEBUG]:<<<S6F12<<<  
<B [1] 00 >
2023-08-29 18:14:44,967[INFO ]:RECV SECS2 Message : SSID(0), B2(6), B3(12), P(0), S(0), SB(8), Length[3]
2023-08-29 18:14:44,967[DEBUG]:<<<S6F12<<<  
<B [1] 00 >
2023-08-29 18:14:51,623[INFO ]:Queued SECS2 Message : S6F11
2023-08-29 18:14:51,624[INFO ]:Queued SECS2 Message : S6F11
2023-08-29 18:14:51,630[INFO ]:SENT SECS2 Message : SSID(0), B2(134), B3(11), P(0), S(0), SB(9)
2023-08-29 18:14:51,633[INFO ]:>>>S6F11 W>>>  
<L [3] 
    <U4 [1] 0 >
    <U4 [1] `GlassEnd` 1612 >
    <L [1] 
        <L [2] 
            <U4 [1] 1612 >
            <L [6] 
                <A [5] `ModuleID` "USC01">
                <A [7] `GlassID` "GLASS-1">
                <U2 [1] `PortID` 1 >
                <A [6] `TrayID` "TRAY-1">
                <U2 [1] `SlotNo` 1 >
                <A [13] `LotID` "LOT_230217005">
            >
        >
    >
>
2023-08-29 18:14:51,633[INFO ]:SENT SECS2 Message : SSID(0), B2(134), B3(11), P(0), S(0), SB(10)
2023-08-29 18:14:51,633[INFO ]:>>>S6F11 W>>>  
<L [3] 
    <U4 [1] 0 >
    <U4 [1] `SubstrateLocationUnoccupied` 1202 >
    <L [1] 
        <L [2] 
            <U4 [1] 1202 >
            <L [2] 
                <A [5] `ModuleID` "USC01">
                <A [7] `GlassID` "GLASS-1">
            >
        >
    >
>
2023-08-29 18:14:51,701[INFO ]:RECV SECS2 Message : SSID(0), B2(6), B3(12), P(0), S(0), SB(9), Length[3]
2023-08-29 18:14:51,701[DEBUG]:<<<S6F12<<<  
<B [1] 00 >
2023-08-29 18:14:51,701[INFO ]:RECV SECS2 Message : SSID(0), B2(6), B3(12), P(0), S(0), SB(10), Length[3]
2023-08-29 18:14:51,701[DEBUG]:<<<S6F12<<<  
<B [1] 00 >
2023-08-29 18:15:38,421[INFO ]:Queued SECS2 Message : S6F11
2023-08-29 18:15:38,446[INFO ]:SENT SECS2 Message : SSID(0), B2(134), B3(11), P(0), S(0), SB(11)
2023-08-29 18:15:38,446[INFO ]:>>>S6F11 W>>>  
<L [3] 
    <U4 [1] 0 >
    <U4 [1] `ModuleStart` 1101 >
    <L [1] 
        <L [2] 
            <U4 [1] 1101 >
            <L [7] 
                <A [5] `ModuleID` "USC01">
                <U2 [1] `PortID` 1 >
                <A [6] `TrayID` "TRAY-1">
                <A [13] `LotID` "LOT_230217005">
                <U2 [1] `SlotNo` 1 >
                <A [7] `GlassID` "GLASS-1">
                <A [6] `UserId` "TEST-1">
            >
        >
    >
>
2023-08-29 18:15:38,492[INFO ]:RECV SECS2 Message : SSID(0), B2(6), B3(12), P(0), S(0), SB(11), Length[3]
2023-08-29 18:15:38,492[DEBUG]:<<<S6F12<<<  
<B [1] 00 >
2023-08-29 18:15:43,464[INFO ]:Queued SECS2 Message : S6F11
2023-08-29 18:15:43,464[INFO ]:Queued SECS2 Message : S6F11
2023-08-29 18:15:43,474[INFO ]:SENT SECS2 Message : SSID(0), B2(134), B3(11), P(0), S(0), SB(12)
2023-08-29 18:15:43,475[INFO ]:>>>S6F11 W>>>  
<L [3] 
    <U4 [1] 0 >
    <U4 [1] `SubstrateLocationOccupied` 1201 >
    <L [1] 
        <L [2] 
            <U4 [1] 1201 >
            <L [2] 
                <A [5] `ModuleID` "USC01">
                <A [7] `GlassID` "GLASS-1">
            >
        >
    >
>
2023-08-29 18:15:43,475[INFO ]:SENT SECS2 Message : SSID(0), B2(134), B3(11), P(0), S(0), SB(13)
2023-08-29 18:15:43,475[INFO ]:>>>S6F11 W>>>  
<L [3] 
    <U4 [1] 0 >
    <U4 [1] `GlassStart` 1611 >
    <L [1] 
        <L [2] 
            <U4 [1] 1611 >
            <L [6] 
                <A [5] `ModuleID` "USC01">
                <A [7] `GlassID` "GLASS-1">
                <U2 [1] `PortID` 1 >
                <A [6] `TrayID` "TRAY-1">
                <U2 [1] `SlotNo` 1 >
                <A [13] `LotID` "LOT_230217005">
            >
        >
    >
>
2023-08-29 18:15:43,567[INFO ]:RECV SECS2 Message : SSID(0), B2(6), B3(12), P(0), S(0), SB(12), Length[3]
2023-08-29 18:15:43,567[DEBUG]:<<<S6F12<<<  
<B [1] 00 >
2023-08-29 18:15:43,567[INFO ]:RECV SECS2 Message : SSID(0), B2(6), B3(12), P(0), S(0), SB(13), Length[3]
2023-08-29 18:15:43,567[DEBUG]:<<<S6F12<<<  
<B [1] 00 >
2023-08-29 18:16:16,097[INFO ]:Queued SECS2 Message : S1F13
2023-08-29 18:16:16,144[INFO ]:SENT SECS2 Message : SSID(0), B2(129), B3(13), P(0), S(0), SB(1)
2023-08-29 18:16:16,147[INFO ]:>>>S1F13 W>>>  
<L [2] 
    <A [3] "UPK">
    <A [14] "1.0.8641.32882">
>
2023-08-29 18:16:16,174[INFO ]:RECV SECS2 Message : SSID(0), B2(1), B3(14), P(0), S(0), SB(1), Length[7]
2023-08-29 18:16:16,174[DEBUG]:<<<S1F14<<<  
<L [2] 
    <B [1] 00 >
    <L [0] >
>
2023-08-29 18:16:17,421[INFO ]:Queued SECS2 Message : S6F11
2023-08-29 18:16:17,472[INFO ]:SENT SECS2 Message : SSID(0), B2(134), B3(11), P(0), S(0), SB(2)
2023-08-29 18:16:17,472[INFO ]:>>>S6F11 W>>>  
<L [3] 
    <U4 [1] 0 >
    <U4 [1] `SubstrateLocationOccupied` 1201 >
    <L [1] 
        <L [2] 
            <U4 [1] 1201 >
            <L [2] 
                <A [4] `ModuleID` "BF01">
                <A [7] `GlassID` "GLASS-2">
            >
        >
    >
>
2023-08-29 18:16:17,531[INFO ]:RECV SECS2 Message : SSID(0), B2(6), B3(12), P(0), S(0), SB(2), Length[3]
2023-08-29 18:16:17,531[DEBUG]:<<<S6F12<<<  
<B [1] 00 >
2023-08-29 18:16:39,189[INFO ]:Queued SECS2 Message : S6F11
2023-08-29 18:16:39,197[INFO ]:SENT SECS2 Message : SSID(0), B2(134), B3(11), P(0), S(0), SB(3)
2023-08-29 18:16:39,198[INFO ]:>>>S6F11 W>>>  
<L [3] 
    <U4 [1] 0 >
    <U4 [1] `ModuleStart` 1101 >
    <L [1] 
        <L [2] 
            <U4 [1] 1101 >
            <L [7] 
                <A [5] `ModuleID` "USC01">
                <U2 [1] `PortID` 1 >
                <A [6] `TrayID` "TRAY-1">
                <A [13] `LotID` "LOT_230217005">
                <U2 [1] `SlotNo` 1 >
                <A [7] `GlassID` "GLASS-2">
                <A [6] `UserId` "TEST-1">
            >
        >
    >
>
2023-08-29 18:16:39,273[INFO ]:RECV SECS2 Message : SSID(0), B2(6), B3(12), P(0), S(0), SB(3), Length[3]
2023-08-29 18:16:39,273[DEBUG]:<<<S6F12<<<  
<B [1] 00 >
2023-08-29 18:16:56,395[INFO ]:Queued SECS2 Message : S1F13
2023-08-29 18:16:56,441[INFO ]:SENT SECS2 Message : SSID(0), B2(129), B3(13), P(0), S(0), SB(1)
2023-08-29 18:16:56,442[INFO ]:>>>S1F13 W>>>  
<L [2] 
    <A [3] "UPK">
    <A [14] "1.0.8641.32882">
>
2023-08-29 18:16:56,470[INFO ]:RECV SECS2 Message : SSID(0), B2(1), B3(14), P(0), S(0), SB(1), Length[7]
2023-08-29 18:16:56,471[DEBUG]:<<<S1F14<<<  
<L [2] 
    <B [1] 00 >
    <L [0] >
>
2023-08-29 18:16:57,156[INFO ]:Queued SECS2 Message : S6F11
2023-08-29 18:16:57,163[INFO ]:SENT SECS2 Message : SSID(0), B2(134), B3(11), P(0), S(0), SB(2)
2023-08-29 18:16:57,165[INFO ]:>>>S6F11 W>>>  
<L [3] 
    <U4 [1] 0 >
    <U4 [1] `ModuleStart` 1101 >
    <L [1] 
        <L [2] 
            <U4 [1] 1101 >
            <L [7] 
                <A [4] `ModuleID` "BF01">
                <U2 [1] `PortID` 1 >
                <A [0] `TrayID` >
                <A [0] `LotID` >
                <U2 [1] `SlotNo` 0 >
                <A [0] `GlassID` >
                <A [6] `UserId` "TEST-1">
            >
        >
    >
>
2023-08-29 18:16:57,225[INFO ]:RECV SECS2 Message : SSID(0), B2(6), B3(12), P(0), S(0), SB(2), Length[3]
2023-08-29 18:16:57,225[DEBUG]:<<<S6F12<<<  
<B [1] 00 >
2023-08-29 18:17:00,564[INFO ]:Queued SECS2 Message : S6F11
2023-08-29 18:17:00,566[INFO ]:SENT SECS2 Message : SSID(0), B2(134), B3(11), P(0), S(0), SB(3)
2023-08-29 18:17:00,566[INFO ]:>>>S6F11 W>>>  
<L [3] 
    <U4 [1] 0 >
    <U4 [1] `SubstrateLocationOccupied` 1201 >
    <L [1] 
        <L [2] 
            <U4 [1] 1201 >
            <L [2] 
                <A [5] `ModuleID` "USC01">
                <A [7] `GlassID` "GLASS-1">
            >
        >
    >
>
2023-08-29 18:17:00,566[INFO ]:Queued SECS2 Message : S6F11
2023-08-29 18:17:00,627[INFO ]:SENT SECS2 Message : SSID(0), B2(134), B3(11), P(0), S(0), SB(4)
2023-08-29 18:17:00,628[INFO ]:>>>S6F11 W>>>  
<L [3] 
    <U4 [1] 0 >
    <U4 [1] `GlassStart` 1611 >
    <L [1] 
        <L [2] 
            <U4 [1] 1611 >
            <L [6] 
                <A [5] `ModuleID` "USC01">
                <A [7] `GlassID` "GLASS-1">
                <U2 [1] `PortID` 1 >
                <A [6] `TrayID` "TRAY-1">
                <U2 [1] `SlotNo` 1 >
                <A [13] `LotID` "LOT_230217005">
            >
        >
    >
>
2023-08-29 18:17:00,643[INFO ]:RECV SECS2 Message : SSID(0), B2(6), B3(12), P(0), S(0), SB(3), Length[3]
2023-08-29 18:17:00,643[DEBUG]:<<<S6F12<<<  
<B [1] 00 >
2023-08-29 18:17:00,719[INFO ]:RECV SECS2 Message : SSID(0), B2(6), B3(12), P(0), S(0), SB(4), Length[3]
2023-08-29 18:17:00,719[DEBUG]:<<<S6F12<<<  
<B [1] 00 >
2023-08-29 18:17:03,941[INFO ]:Queued SECS2 Message : S6F11
2023-08-29 18:17:03,965[INFO ]:SENT SECS2 Message : SSID(0), B2(134), B3(11), P(0), S(0), SB(5)
2023-08-29 18:17:03,965[INFO ]:>>>S6F11 W>>>  
<L [3] 
    <U4 [1] 0 >
    <U4 [1] `GlassIDRead` 1601 >
    <L [1] 
        <L [2] 
            <U4 [1] 1601 >
            <L [2] 
                <A [6] `TrayID` "TRAY-1">
                <A [7] `GlassID` "GLASS-2">
            >
        >
    >
>
2023-08-29 18:17:04,056[INFO ]:RECV SECS2 Message : SSID(0), B2(6), B3(12), P(0), S(0), SB(5), Length[3]
2023-08-29 18:17:04,056[DEBUG]:<<<S6F12<<<  
<B [1] 00 >
2023-08-29 18:17:05,645[INFO ]:Queued SECS2 Message : S6F11
2023-08-29 18:17:05,668[INFO ]:SENT SECS2 Message : SSID(0), B2(134), B3(11), P(0), S(0), SB(6)
2023-08-29 18:17:05,668[INFO ]:>>>S6F11 W>>>  
<L [3] 
    <U4 [1] 0 >
    <U4 [1] `SubstrateLocationOccupied` 1201 >
    <L [1] 
        <L [2] 
            <U4 [1] 1201 >
            <L [2] 
                <A [4] `ModuleID` "BF01">
                <A [7] `GlassID` "GLASS-2">
            >
        >
    >
>
2023-08-29 18:17:05,728[INFO ]:RECV SECS2 Message : SSID(0), B2(6), B3(12), P(0), S(0), SB(6), Length[3]
2023-08-29 18:17:05,728[DEBUG]:<<<S6F12<<<  
<B [1] 00 >
2023-08-29 18:19:28,334[INFO ]:Queued SECS2 Message : S1F13
2023-08-29 18:19:28,362[INFO ]:SENT SECS2 Message : SSID(0), B2(129), B3(13), P(0), S(0), SB(1)
2023-08-29 18:19:28,363[INFO ]:>>>S1F13 W>>>  
<L [2] 
    <A [3] "UPK">
    <A [14] "1.0.8641.32981">
>
2023-08-29 18:19:28,455[INFO ]:RECV SECS2 Message : SSID(0), B2(1), B3(14), P(0), S(0), SB(1), Length[7]
2023-08-29 18:19:28,455[DEBUG]:<<<S1F14<<<  
<L [2] 
    <B [1] 00 >
    <L [0] >
>
2023-08-29 18:19:52,253[INFO ]:Queued SECS2 Message : S1F13
2023-08-29 18:19:52,263[INFO ]:SENT SECS2 Message : SSID(0), B2(129), B3(13), P(0), S(0), SB(1)
2023-08-29 18:19:52,266[INFO ]:>>>S1F13 W>>>  
<L [2] 
    <A [3] "UPK">
    <A [14] "1.0.8641.32981">
>
2023-08-29 18:19:52,325[INFO ]:RECV SECS2 Message : SSID(0), B2(1), B3(14), P(0), S(0), SB(1), Length[7]
2023-08-29 18:19:52,326[DEBUG]:<<<S1F14<<<  
<L [2] 
    <B [1] 00 >
    <L [0] >
>
2023-08-29 18:22:02,965[INFO ]:Queued SECS2 Message : S1F13
2023-08-29 18:22:03,016[INFO ]:SENT SECS2 Message : SSID(0), B2(129), B3(13), P(0), S(0), SB(1)
2023-08-29 18:22:03,021[INFO ]:>>>S1F13 W>>>  
<L [2] 
    <A [3] "UPK">
    <A [14] "1.0.8641.32981">
>
2023-08-29 18:22:03,064[INFO ]:RECV SECS2 Message : SSID(0), B2(1), B3(14), P(0), S(0), SB(1), Length[7]
2023-08-29 18:22:03,065[DEBUG]:<<<S1F14<<<  
<L [2] 
    <B [1] 00 >
    <L [0] >
>
2023-08-29 18:22:26,900[INFO ]:Queued SECS2 Message : S1F13
2023-08-29 18:22:26,926[INFO ]:SENT SECS2 Message : SSID(0), B2(129), B3(13), P(0), S(0), SB(1)
2023-08-29 18:22:26,928[INFO ]:>>>S1F13 W>>>  
<L [2] 
    <A [3] "UPK">
    <A [14] "1.0.8641.32981">
>
2023-08-29 18:22:26,965[INFO ]:RECV SECS2 Message : SSID(0), B2(1), B3(14), P(0), S(0), SB(1), Length[7]
2023-08-29 18:22:26,965[DEBUG]:<<<S1F14<<<  
<L [2] 
    <B [1] 00 >
    <L [0] >
>
2023-08-29 18:53:35,070[INFO ]:Queued SECS2 Message : S1F13
2023-08-29 18:53:35,103[INFO ]:SENT SECS2 Message : SSID(0), B2(129), B3(13), P(0), S(0), SB(1)
2023-08-29 18:53:35,108[INFO ]:>>>S1F13 W>>>  
<L [2] 
    <A [3] "UPK">
    <A [14] "1.0.8641.32981">
>
2023-08-29 18:53:35,210[INFO ]:RECV SECS2 Message : SSID(0), B2(1), B3(14), P(0), S(0), SB(1), Length[7]
2023-08-29 18:53:35,211[DEBUG]:<<<S1F14<<<  
<L [2] 
    <B [1] 00 >
    <L [0] >
>
2023-08-29 18:53:49,998[INFO ]:RECV SECS2 Message : SSID(0), B2(131), B3(41), P(0), S(0), SB(23,738), Length[566]
2023-08-29 18:53:49,998[DEBUG]:<<<S3F41 W<<<  
<L [3] 
    <A [9] "WorkOrder">
    <A [8] "AP-MR-01">
    <L [1] 
        <L [2] 
            <A [1] "0">
            <L [1] 
                <L [6] 
                    <L [2] 
                        <A [10] "sorterType">
                        <A [0] >
                    >
                    <L [2] 
                        <A [8] "inPortId">
                        <A [1] "1">
                    >
                    <L [2] 
                        <A [8] "inCarrId">
                        <A [6] "TRAY-1">
                    >
                    <L [2] 
                        <A [9] "outPortId">
                        <A [1] "2">
                    >
                    <L [2] 
                        <A [9] "outCarrId">
                        <A [1] "0">
                    >
                    <L [1] 
                        <L [2] 
                            <L [2] 
                                <A [4] "PPID">
                                <A [6] "RCP001">
                            >
                            <L [2] 
                                <A [9] "SLOT_DATA">
                                <L [3] 
                                    <L [7] 
                                        <L [2] 
                                            <A [12] "inCarrSlotNo">
                                            <A [1] "1">
                                        >
                                        <L [2] 
                                            <A [10] "manualInsp">
                                            <A [1] "N">
                                        >
                                        <L [2] 
                                            <A [10] "prodMtrlId">
                                            <A [7] "GLASS-1">
                                        >
                                        <L [2] 
                                            <A [9] "slotState">
                                            <A [1] "1">
                                        >
                                        <L [2] 
                                            <A [13] "outCarrSlotNo">
                                            <A [1] "6">
                                        >
                                        <L [2] 
                                            <A [5] "lotId">
                                            <A [13] "LOT_230217005">
                                        >
                                        <L [2] 
                                            <A [8] "mtrlFace">
                                            <A [3] "TBT">
                                        >
                                    >
                                    <L [7] 
                                        <L [2] 
                                            <A [12] "inCarrSlotNo">
                                            <A [1] "2">
                                        >
                                        <L [2] 
                                            <A [10] "manualInsp">
                                            <A [1] "N">
                                        >
                                        <L [2] 
                                            <A [10] "prodMtrlId">
                                            <A [7] "GLASS-2">
                                        >
                                        <L [2] 
                                            <A [9] "slotState">
                                            <A [1] "1">
                                        >
                                        <L [2] 
                                            <A [13] "outCarrSlotNo">
                                            <A [1] "7">
                                        >
                                        <L [2] 
                                            <A [5] "lotId">
                                            <A [13] "LOT_230217005">
                                        >
                                        <L [2] 
                                            <A [8] "mtrlFace">
                                            <A [3] "TBT">
                                        >
                                    >
                                    <L [7] 
                                        <L [2] 
                                            <A [12] "inCarrSlotNo">
                                            <A [1] "3">
                                        >
                                        <L [2] 
                                            <A [10] "manualInsp">
                                            <A [1] "N">
                                        >
                                        <L [2] 
                                            <A [10] "prodMtrlId">
                                            <A [7] "GLASS-3">
                                        >
                                        <L [2] 
                                            <A [9] "slotState">
                                            <A [1] "1">
                                        >
                                        <L [2] 
                                            <A [13] "outCarrSlotNo">
                                            <A [1] "9">
                                        >
                                        <L [2] 
                                            <A [5] "lotId">
                                            <A [13] "LOT_230217005">
                                        >
                                        <L [2] 
                                            <A [8] "mtrlFace">
                                            <A [3] "TBT">
                                        >
                                    >
                                >
                            >
                        >
                    >
                >
            >
        >
    >
>
2023-08-29 18:53:50,025[INFO ]:Queued SECS2 Message : S3F42
2023-08-29 18:53:50,044[INFO ]:SENT SECS2 Message : SSID(0), B2(3), B3(42), P(0), S(0), SB(23,738)
2023-08-29 18:53:50,044[INFO ]:>>>S3F42>>>  
<B [1] 00 >
2023-08-29 18:54:39,467[INFO ]:RECV SECS2 Message : SSID(0), B2(130), B3(41), P(0), S(0), SB(23,744), Length[38]
2023-08-29 18:54:39,467[DEBUG]:<<<S2F41 W<<<  
<L [2] 
    <A [10] "WORK_START">
    <L [1] 
        <L [2] 
            <A [7] "WORK_ID">
            <A [9] "WORK12345">
        >
    >
>
2023-08-29 18:54:39,492[INFO ]:Queued SECS2 Message : S2F42
2023-08-29 18:54:39,498[INFO ]:SENT SECS2 Message : SSID(0), B2(2), B3(42), P(0), S(0), SB(23,744)
2023-08-29 18:54:39,498[INFO ]:>>>S2F42>>>  
<L [2] 
    <B [1] 04 >
    <L [0] >
>
2023-08-29 18:54:44,240[INFO ]:Queued SECS2 Message : S6F11
2023-08-29 18:54:44,293[INFO ]:SENT SECS2 Message : SSID(0), B2(134), B3(11), P(0), S(0), SB(2)
2023-08-29 18:54:44,294[INFO ]:>>>S6F11 W>>>  
<L [3] 
    <U4 [1] 0 >
    <U4 [1] `WorkStart` 1301 >
    <L [1] 
        <L [2] 
            <U4 [1] 1301 >
            <L [4] 
                <A [4] `ModuleID` "IP01">
                <U2 [1] `PortID` 1 >
                <A [6] `TrayID` "TRAY-1">
                <A [9] `WorkID` "WORK12345">
            >
        >
    >
>
2023-08-29 18:54:44,417[INFO ]:RECV SECS2 Message : SSID(0), B2(6), B3(12), P(0), S(0), SB(2), Length[3]
2023-08-29 18:54:44,417[DEBUG]:<<<S6F12<<<  
<B [1] 00 >
2023-08-29 18:54:49,275[INFO ]:Queued SECS2 Message : S6F11
2023-08-29 18:54:49,331[INFO ]:SENT SECS2 Message : SSID(0), B2(134), B3(11), P(0), S(0), SB(3)
2023-08-29 18:54:49,331[INFO ]:>>>S6F11 W>>>  
<L [3] 
    <U4 [1] 0 >
    <U4 [1] `ProcessStart` 1311 >
    <L [0] >
>
2023-08-29 18:54:49,422[INFO ]:RECV SECS2 Message : SSID(0), B2(6), B3(12), P(0), S(0), SB(3), Length[3]
2023-08-29 18:54:49,422[DEBUG]:<<<S6F12<<<  
<B [1] 00 >
2023-08-29 18:54:52,696[INFO ]:Queued SECS2 Message : S6F11
2023-08-29 18:54:52,730[INFO ]:SENT SECS2 Message : SSID(0), B2(134), B3(11), P(0), S(0), SB(4)
2023-08-29 18:54:52,730[INFO ]:>>>S6F11 W>>>  
<L [3] 
    <U4 [1] 0 >
    <U4 [1] `ModuleStart` 1101 >
    <L [1] 
        <L [2] 
            <U4 [1] 1101 >
            <L [7] 
                <A [4] `ModuleID` "TM01">
                <U2 [1] `PortID` 1 >
                <A [6] `TrayID` "TRAY-1">
                <A [13] `LotID` "LOT_230217005">
                <U2 [1] `SlotNo` 0 >
                <A [0] `GlassID` >
                <A [6] `UserId` "TEST-1">
            >
        >
    >
>
2023-08-29 18:54:52,835[INFO ]:RECV SECS2 Message : SSID(0), B2(6), B3(12), P(0), S(0), SB(4), Length[3]
2023-08-29 18:54:52,835[DEBUG]:<<<S6F12<<<  
<B [1] 00 >
2023-08-29 18:54:59,440[INFO ]:Queued SECS2 Message : S6F11
2023-08-29 18:54:59,465[INFO ]:SENT SECS2 Message : SSID(0), B2(134), B3(11), P(0), S(0), SB(5)
2023-08-29 18:54:59,465[INFO ]:>>>S6F11 W>>>  
<L [3] 
    <U4 [1] 0 >
    <U4 [1] `SubstrateLocationOccupied` 1201 >
    <L [1] 
        <L [2] 
            <U4 [1] 1201 >
            <L [2] 
                <A [4] `ModuleID` "TM01">
                <A [0] `GlassID` >
            >
        >
    >
>
2023-08-29 18:54:59,591[INFO ]:RECV SECS2 Message : SSID(0), B2(6), B3(12), P(0), S(0), SB(5), Length[3]
2023-08-29 18:54:59,591[DEBUG]:<<<S6F12<<<  
<B [1] 00 >
2023-08-29 18:55:06,213[INFO ]:Queued SECS2 Message : S6F11
2023-08-29 18:55:06,215[INFO ]:Queued SECS2 Message : S6F11
2023-08-29 18:55:06,260[INFO ]:SENT SECS2 Message : SSID(0), B2(134), B3(11), P(0), S(0), SB(6)
2023-08-29 18:55:06,260[INFO ]:>>>S6F11 W>>>  
<L [3] 
    <U4 [1] 0 >
    <U4 [1] `SubstrateLocationUnoccupied` 1202 >
    <L [1] 
        <L [2] 
            <U4 [1] 1202 >
            <L [2] 
                <A [4] `ModuleID` "TM01">
                <A [0] `GlassID` >
            >
        >
    >
>
2023-08-29 18:55:06,260[INFO ]:SENT SECS2 Message : SSID(0), B2(134), B3(11), P(0), S(0), SB(7)
2023-08-29 18:55:06,260[INFO ]:>>>S6F11 W>>>  
<L [3] 
    <U4 [1] 0 >
    <U4 [1] `ModuleStart` 1101 >
    <L [1] 
        <L [2] 
            <U4 [1] 1101 >
            <L [7] 
                <A [4] `ModuleID` "BF01">
                <U2 [1] `PortID` 1 >
                <A [6] `TrayID` "TRAY-1">
                <A [13] `LotID` "LOT_230217005">
                <U2 [1] `SlotNo` 0 >
                <A [0] `GlassID` >
                <A [6] `UserId` "TEST-1">
            >
        >
    >
>
2023-08-29 18:55:06,339[INFO ]:RECV SECS2 Message : SSID(0), B2(6), B3(12), P(0), S(0), SB(6), Length[3]
2023-08-29 18:55:06,339[DEBUG]:<<<S6F12<<<  
<B [1] 00 >
2023-08-29 18:55:06,421[INFO ]:RECV SECS2 Message : SSID(0), B2(6), B3(12), P(0), S(0), SB(7), Length[3]
2023-08-29 18:55:06,421[DEBUG]:<<<S6F12<<<  
<B [1] 00 >
2023-08-29 18:55:07,916[INFO ]:Queued SECS2 Message : S6F11
2023-08-29 18:55:07,963[INFO ]:SENT SECS2 Message : SSID(0), B2(134), B3(11), P(0), S(0), SB(8)
2023-08-29 18:55:07,963[INFO ]:>>>S6F11 W>>>  
<L [3] 
    <U4 [1] 0 >
    <U4 [1] `SubstrateLocationUnoccupied` 1202 >
    <L [1] 
        <L [2] 
            <U4 [1] 1202 >
            <L [2] 
                <A [4] `ModuleID` "TM01">
                <A [0] `GlassID` >
            >
        >
    >
>
2023-08-29 18:55:08,085[INFO ]:RECV SECS2 Message : SSID(0), B2(6), B3(12), P(0), S(0), SB(8), Length[3]
2023-08-29 18:55:08,085[DEBUG]:<<<S6F12<<<  
<B [1] 00 >
2023-08-29 18:55:09,612[INFO ]:Queued SECS2 Message : S6F11
2023-08-29 18:55:09,666[INFO ]:SENT SECS2 Message : SSID(0), B2(134), B3(11), P(0), S(0), SB(9)
2023-08-29 18:55:09,667[INFO ]:>>>S6F11 W>>>  
<L [3] 
    <U4 [1] 0 >
    <U4 [1] `ModuleEnd` 1102 >
    <L [1] 
        <L [2] 
            <U4 [1] 1102 >
            <L [5] 
                <A [4] `ModuleID` "TM01">
                <A [13] `LotID` "LOT_230217005">
                <U2 [1] `SlotNo` 0 >
                <A [0] `GlassID` >
                <A [6] `UserId` "TEST-1">
            >
        >
    >
>
2023-08-29 18:55:09,758[INFO ]:RECV SECS2 Message : SSID(0), B2(6), B3(12), P(0), S(0), SB(9), Length[3]
2023-08-29 18:55:09,758[DEBUG]:<<<S6F12<<<  
<B [1] 00 >
2023-08-29 18:55:14,727[INFO ]:Queued SECS2 Message : S6F11
2023-08-29 18:55:14,765[INFO ]:SENT SECS2 Message : SSID(0), B2(134), B3(11), P(0), S(0), SB(10)
2023-08-29 18:55:14,765[INFO ]:>>>S6F11 W>>>  
<L [3] 
    <U4 [1] 0 >
    <U4 [1] `GlassIDRead` 1601 >
    <L [1] 
        <L [2] 
            <U4 [1] 1601 >
            <L [2] 
                <A [6] `TrayID` "TRAY-1">
                <A [7] `GlassID` "GLASS-1">
            >
        >
    >
>
2023-08-29 18:55:14,841[INFO ]:RECV SECS2 Message : SSID(0), B2(6), B3(12), P(0), S(0), SB(10), Length[3]
2023-08-29 18:55:14,841[DEBUG]:<<<S6F12<<<  
<B [1] 00 >
2023-08-29 18:55:16,456[INFO ]:Queued SECS2 Message : S6F11
2023-08-29 18:55:16,463[INFO ]:Queued SECS2 Message : S6F11
2023-08-29 18:55:16,465[INFO ]:SENT SECS2 Message : SSID(0), B2(134), B3(11), P(0), S(0), SB(11)
2023-08-29 18:55:16,465[INFO ]:>>>S6F11 W>>>  
<L [3] 
    <U4 [1] 0 >
    <U4 [1] `ModuleStart` 1101 >
    <L [1] 
        <L [2] 
            <U4 [1] 1101 >
            <L [7] 
                <A [4] `ModuleID` "TM01">
                <U2 [1] `PortID` 1 >
                <A [6] `TrayID` "TRAY-1">
                <A [13] `LotID` "LOT_230217005">
                <U2 [1] `SlotNo` 0 >
                <A [7] `GlassID` "GLASS-1">
                <A [6] `UserId` "TEST-1">
            >
        >
    >
>
2023-08-29 18:55:16,465[INFO ]:SENT SECS2 Message : SSID(0), B2(134), B3(11), P(0), S(0), SB(12)
2023-08-29 18:55:16,465[INFO ]:>>>S6F11 W>>>  
<L [3] 
    <U4 [1] 0 >
    <U4 [1] `SubstrateLocationOccupied` 1201 >
    <L [1] 
        <L [2] 
            <U4 [1] 1201 >
            <L [2] 
                <A [4] `ModuleID` "BF01">
                <A [7] `GlassID` "GLASS-1">
            >
        >
    >
>
2023-08-29 18:55:16,585[INFO ]:RECV SECS2 Message : SSID(0), B2(6), B3(12), P(0), S(0), SB(11), Length[3]
2023-08-29 18:55:16,585[DEBUG]:<<<S6F12<<<  
<B [1] 00 >
2023-08-29 18:55:16,661[INFO ]:RECV SECS2 Message : SSID(0), B2(6), B3(12), P(0), S(0), SB(12), Length[3]
2023-08-29 18:55:16,661[DEBUG]:<<<S6F12<<<  
<B [1] 00 >
2023-08-29 18:55:23,292[INFO ]:Queued SECS2 Message : S6F11
2023-08-29 18:55:23,333[INFO ]:SENT SECS2 Message : SSID(0), B2(134), B3(11), P(0), S(0), SB(13)
2023-08-29 18:55:23,333[INFO ]:>>>S6F11 W>>>  
<L [3] 
    <U4 [1] 0 >
    <U4 [1] `SubstrateLocationOccupied` 1201 >
    <L [1] 
        <L [2] 
            <U4 [1] 1201 >
            <L [2] 
                <A [4] `ModuleID` "TM01">
                <A [0] `GlassID` >
            >
        >
    >
>
2023-08-29 18:55:23,424[INFO ]:RECV SECS2 Message : SSID(0), B2(6), B3(12), P(0), S(0), SB(13), Length[3]
2023-08-29 18:55:23,424[DEBUG]:<<<S6F12<<<  
<B [1] 00 >
2023-08-29 18:55:25,007[INFO ]:Queued SECS2 Message : S6F11
2023-08-29 18:55:25,009[INFO ]:Queued SECS2 Message : S6F11
2023-08-29 18:55:25,036[INFO ]:SENT SECS2 Message : SSID(0), B2(134), B3(11), P(0), S(0), SB(14)
2023-08-29 18:55:25,036[INFO ]:>>>S6F11 W>>>  
<L [3] 
    <U4 [1] 0 >
    <U4 [1] `SubstrateLocationUnoccupied` 1202 >
    <L [1] 
        <L [2] 
            <U4 [1] 1202 >
            <L [2] 
                <A [4] `ModuleID` "BF01">
                <A [7] `GlassID` "GLASS-1">
            >
        >
    >
>
2023-08-29 18:55:25,037[INFO ]:SENT SECS2 Message : SSID(0), B2(134), B3(11), P(0), S(0), SB(15)
2023-08-29 18:55:25,037[INFO ]:>>>S6F11 W>>>  
<L [3] 
    <U4 [1] 0 >
    <U4 [1] `ModuleStart` 1101 >
    <L [1] 
        <L [2] 
            <U4 [1] 1101 >
            <L [7] 
                <A [5] `ModuleID` "USC01">
                <U2 [1] `PortID` 1 >
                <A [6] `TrayID` "TRAY-1">
                <A [13] `LotID` "LOT_230217005">
                <U2 [1] `SlotNo` 0 >
                <A [7] `GlassID` "GLASS-1">
                <A [6] `UserId` "TEST-1">
            >
        >
    >
>
2023-08-29 18:55:25,172[INFO ]:RECV SECS2 Message : SSID(0), B2(6), B3(12), P(0), S(0), SB(14), Length[3]
2023-08-29 18:55:25,172[DEBUG]:<<<S6F12<<<  
<B [1] 00 >
2023-08-29 18:55:25,246[INFO ]:RECV SECS2 Message : SSID(0), B2(6), B3(12), P(0), S(0), SB(15), Length[3]
2023-08-29 18:55:25,246[DEBUG]:<<<S6F12<<<  
<B [1] 00 >
2023-08-29 18:55:26,724[INFO ]:Queued SECS2 Message : S6F11
2023-08-29 18:55:26,734[INFO ]:SENT SECS2 Message : SSID(0), B2(134), B3(11), P(0), S(0), SB(16)
2023-08-29 18:55:26,735[INFO ]:>>>S6F11 W>>>  
<L [3] 
    <U4 [1] 0 >
    <U4 [1] `SubstrateLocationUnoccupied` 1202 >
    <L [1] 
        <L [2] 
            <U4 [1] 1202 >
            <L [2] 
                <A [4] `ModuleID` "BF01">
                <A [0] `GlassID` >
            >
        >
    >
>
2023-08-29 18:55:26,839[INFO ]:RECV SECS2 Message : SSID(0), B2(6), B3(12), P(0), S(0), SB(16), Length[3]
2023-08-29 18:55:26,839[DEBUG]:<<<S6F12<<<  
<B [1] 00 >
2023-08-29 18:55:28,440[INFO ]:Queued SECS2 Message : S6F11
2023-08-29 18:55:28,494[INFO ]:SENT SECS2 Message : SSID(0), B2(134), B3(11), P(0), S(0), SB(17)
2023-08-29 18:55:28,494[INFO ]:>>>S6F11 W>>>  
<L [3] 
    <U4 [1] 0 >
    <U4 [1] `ModuleEnd` 1102 >
    <L [1] 
        <L [2] 
            <U4 [1] 1102 >
            <L [5] 
                <A [4] `ModuleID` "BF01">
                <A [13] `LotID` "LOT_230217005">
                <U2 [1] `SlotNo` 0 >
                <A [0] `GlassID` >
                <A [6] `UserId` "TEST-1">
            >
        >
    >
>
2023-08-29 18:55:28,585[INFO ]:RECV SECS2 Message : SSID(0), B2(6), B3(12), P(0), S(0), SB(17), Length[3]
2023-08-29 18:55:28,585[DEBUG]:<<<S6F12<<<  
<B [1] 00 >
2023-08-29 18:55:30,177[INFO ]:Queued SECS2 Message : S6F11
2023-08-29 18:55:30,185[INFO ]:Queued SECS2 Message : S6F11
2023-08-29 18:55:30,188[INFO ]:Queued SECS2 Message : S6F11
2023-08-29 18:55:30,190[INFO ]:SENT SECS2 Message : SSID(0), B2(134), B3(11), P(0), S(0), SB(18)
2023-08-29 18:55:30,190[INFO ]:>>>S6F11 W>>>  
<L [3] 
    <U4 [1] 0 >
    <U4 [1] `SubstrateLocationUnoccupied` 1202 >
    <L [1] 
        <L [2] 
            <U4 [1] 1202 >
            <L [2] 
                <A [4] `ModuleID` "TM01">
                <A [0] `GlassID` >
            >
        >
    >
>
2023-08-29 18:55:30,190[INFO ]:SENT SECS2 Message : SSID(0), B2(134), B3(11), P(0), S(0), SB(19)
2023-08-29 18:55:30,190[INFO ]:>>>S6F11 W>>>  
<L [3] 
    <U4 [1] 0 >
    <U4 [1] `SubstrateLocationOccupied` 1201 >
    <L [1] 
        <L [2] 
            <U4 [1] 1201 >
            <L [2] 
                <A [5] `ModuleID` "USC01">
                <A [7] `GlassID` "GLASS-1">
            >
        >
    >
>
2023-08-29 18:55:30,190[INFO ]:SENT SECS2 Message : SSID(0), B2(134), B3(11), P(0), S(0), SB(20)
2023-08-29 18:55:30,190[INFO ]:>>>S6F11 W>>>  
<L [3] 
    <U4 [1] 0 >
    <U4 [1] `GlassStart` 1611 >
    <L [1] 
        <L [2] 
            <U4 [1] 1611 >
            <L [6] 
                <A [5] `ModuleID` "USC01">
                <A [7] `GlassID` "GLASS-1">
                <U2 [1] `PortID` 1 >
                <A [6] `TrayID` "TRAY-1">
                <U2 [1] `SlotNo` 1 >
                <A [13] `LotID` "LOT_230217005">
            >
        >
    >
>
2023-08-29 18:55:30,328[INFO ]:RECV SECS2 Message : SSID(0), B2(6), B3(12), P(0), S(0), SB(18), Length[3]
2023-08-29 18:55:30,328[DEBUG]:<<<S6F12<<<  
<B [1] 00 >
2023-08-29 18:55:30,331[INFO ]:RECV SECS2 Message : SSID(0), B2(6), B3(12), P(0), S(0), SB(19), Length[3]
2023-08-29 18:55:30,331[DEBUG]:<<<S6F12<<<  
<B [1] 00 >
2023-08-29 18:55:30,481[INFO ]:RECV SECS2 Message : SSID(0), B2(6), B3(12), P(0), S(0), SB(20), Length[3]
2023-08-29 18:55:30,481[DEBUG]:<<<S6F12<<<  
<B [1] 00 >
2023-08-29 18:55:31,919[INFO ]:Queued SECS2 Message : S6F11
2023-08-29 18:55:31,951[INFO ]:SENT SECS2 Message : SSID(0), B2(134), B3(11), P(0), S(0), SB(21)
2023-08-29 18:55:31,951[INFO ]:>>>S6F11 W>>>  
<L [3] 
    <U4 [1] 0 >
    <U4 [1] `SubstrateLocationUnoccupied` 1202 >
    <L [1] 
        <L [2] 
            <U4 [1] 1202 >
            <L [2] 
                <A [4] `ModuleID` "TM01">
                <A [0] `GlassID` >
            >
        >
    >
>
2023-08-29 18:55:32,074[INFO ]:RECV SECS2 Message : SSID(0), B2(6), B3(12), P(0), S(0), SB(21), Length[3]
2023-08-29 18:55:32,074[DEBUG]:<<<S6F12<<<  
<B [1] 00 >
2023-08-29 18:55:33,622[INFO ]:Queued SECS2 Message : S6F11
2023-08-29 18:55:33,647[INFO ]:SENT SECS2 Message : SSID(0), B2(134), B3(11), P(0), S(0), SB(22)
2023-08-29 18:55:33,648[INFO ]:>>>S6F11 W>>>  
<L [3] 
    <U4 [1] 0 >
    <U4 [1] `ModuleEnd` 1102 >
    <L [1] 
        <L [2] 
            <U4 [1] 1102 >
            <L [5] 
                <A [4] `ModuleID` "TM01">
                <A [13] `LotID` "LOT_230217005">
                <U2 [1] `SlotNo` 1 >
                <A [0] `GlassID` >
                <A [6] `UserId` "TEST-1">
            >
        >
    >
>
2023-08-29 18:55:33,738[INFO ]:RECV SECS2 Message : SSID(0), B2(6), B3(12), P(0), S(0), SB(22), Length[3]
2023-08-29 18:55:33,738[DEBUG]:<<<S6F12<<<  
<B [1] 00 >
2023-08-29 18:55:35,351[INFO ]:Queued SECS2 Message : S6F11
2023-08-29 18:55:35,352[INFO ]:SENT SECS2 Message : SSID(0), B2(134), B3(11), P(0), S(0), SB(23)
2023-08-29 18:55:35,352[INFO ]:>>>S6F11 W>>>  
<L [3] 
    <U4 [1] 0 >
    <U4 [1] `ModuleStart` 1101 >
    <L [1] 
        <L [2] 
            <U4 [1] 1101 >
            <L [7] 
                <A [4] `ModuleID` "BF01">
                <U2 [1] `PortID` 1 >
                <A [6] `TrayID` "TRAY-1">
                <A [13] `LotID` "LOT_230217005">
                <U2 [1] `SlotNo` 1 >
                <A [0] `GlassID` >
                <A [6] `UserId` "TEST-1">
            >
        >
    >
>
2023-08-29 18:55:35,489[INFO ]:RECV SECS2 Message : SSID(0), B2(6), B3(12), P(0), S(0), SB(23), Length[3]
2023-08-29 18:55:35,489[DEBUG]:<<<S6F12<<<  
<B [1] 00 >
2023-08-29 18:55:40,464[INFO ]:Queued SECS2 Message : S6F11
2023-08-29 18:55:40,520[INFO ]:SENT SECS2 Message : SSID(0), B2(134), B3(11), P(0), S(0), SB(25)
2023-08-29 18:55:40,520[INFO ]:>>>S6F11 W>>>  
<L [3] 
    <U4 [1] 0 >
    <U4 [1] `ModuleStart` 1101 >
    <L [1] 
        <L [2] 
            <U4 [1] 1101 >
            <L [7] 
                <A [4] `ModuleID` "TM01">
                <U2 [1] `PortID` 1 >
                <A [6] `TrayID` "TRAY-1">
                <A [13] `LotID` "LOT_230217005">
                <U2 [1] `SlotNo` 1 >
                <A [0] `GlassID` >
                <A [6] `UserId` "TEST-1">
            >
        >
    >
>
2023-08-29 18:55:40,657[INFO ]:RECV SECS2 Message : SSID(0), B2(6), B3(12), P(0), S(0), SB(25), Length[3]
2023-08-29 18:55:40,657[DEBUG]:<<<S6F12<<<  
<B [1] 00 >
2023-08-29 18:55:43,889[INFO ]:Queued SECS2 Message : S6F11
2023-08-29 18:55:43,923[INFO ]:SENT SECS2 Message : SSID(0), B2(134), B3(11), P(0), S(0), SB(26)
2023-08-29 18:55:43,923[INFO ]:>>>S6F11 W>>>  
<L [3] 
    <U4 [1] 0 >
    <U4 [1] `GlassIDRead` 1601 >
    <L [1] 
        <L [2] 
            <U4 [1] 1601 >
            <L [2] 
                <A [6] `TrayID` "TRAY-1">
                <A [7] `GlassID` "GLASS-2">
            >
        >
    >
>
2023-08-29 18:55:43,993[INFO ]:RECV SECS2 Message : SSID(0), B2(6), B3(12), P(0), S(0), SB(26), Length[3]
2023-08-29 18:55:43,993[DEBUG]:<<<S6F12<<<  
<B [1] 00 >
2023-08-29 18:55:45,586[INFO ]:Queued SECS2 Message : S6F11
2023-08-29 18:55:45,604[INFO ]:Queued SECS2 Message : S6F11
2023-08-29 18:55:45,605[INFO ]:Queued SECS2 Message : S6F11
2023-08-29 18:55:45,623[INFO ]:SENT SECS2 Message : SSID(0), B2(134), B3(11), P(0), S(0), SB(27)
2023-08-29 18:55:45,623[INFO ]:>>>S6F11 W>>>  
<L [3] 
    <U4 [1] 0 >
    <U4 [1] `SubstrateLocationOccupied` 1201 >
    <L [1] 
        <L [2] 
            <U4 [1] 1201 >
            <L [2] 
                <A [4] `ModuleID` "BF01">
                <A [7] `GlassID` "GLASS-2">
            >
        >
    >
>
2023-08-29 18:55:45,623[INFO ]:SENT SECS2 Message : SSID(0), B2(134), B3(11), P(0), S(0), SB(28)
2023-08-29 18:55:45,623[INFO ]:>>>S6F11 W>>>  
<L [3] 
    <U4 [1] 0 >
    <U4 [1] `GlassEnd` 1612 >
    <L [1] 
        <L [2] 
            <U4 [1] 1612 >
            <L [6] 
                <A [5] `ModuleID` "USC01">
                <A [7] `GlassID` "GLASS-1">
                <U2 [1] `PortID` 1 >
                <A [6] `TrayID` "TRAY-1">
                <U2 [1] `SlotNo` 1 >
                <A [13] `LotID` "LOT_230217005">
            >
        >
    >
>
2023-08-29 18:55:45,623[INFO ]:SENT SECS2 Message : SSID(0), B2(134), B3(11), P(0), S(0), SB(29)
2023-08-29 18:55:45,623[INFO ]:>>>S6F11 W>>>  
<L [3] 
    <U4 [1] 0 >
    <U4 [1] `SubstrateLocationUnoccupied` 1202 >
    <L [1] 
        <L [2] 
            <U4 [1] 1202 >
            <L [2] 
                <A [5] `ModuleID` "USC01">
                <A [7] `GlassID` "GLASS-1">
            >
        >
    >
>
2023-08-29 18:55:45,714[INFO ]:RECV SECS2 Message : SSID(0), B2(6), B3(12), P(0), S(0), SB(27), Length[3]
2023-08-29 18:55:45,714[DEBUG]:<<<S6F12<<<  
<B [1] 00 >
2023-08-29 18:55:45,790[INFO ]:RECV SECS2 Message : SSID(0), B2(6), B3(12), P(0), S(0), SB(28), Length[3]
2023-08-29 18:55:45,790[DEBUG]:<<<S6F12<<<  
<B [1] 00 >
2023-08-29 18:55:45,868[INFO ]:RECV SECS2 Message : SSID(0), B2(6), B3(12), P(0), S(0), SB(29), Length[3]
2023-08-29 18:55:45,915[DEBUG]:<<<S6F12<<<  
<B [1] 00 >
2023-08-29 18:55:47,307[INFO ]:Queued SECS2 Message : S6F11
2023-08-29 18:55:47,329[INFO ]:SENT SECS2 Message : SSID(0), B2(134), B3(11), P(0), S(0), SB(30)
2023-08-29 18:55:47,329[INFO ]:>>>S6F11 W>>>  
<L [3] 
    <U4 [1] 0 >
    <U4 [1] `SubstrateLocationOccupied` 1201 >
    <L [1] 
        <L [2] 
            <U4 [1] 1201 >
            <L [2] 
                <A [4] `ModuleID` "TM01">
                <A [0] `GlassID` >
            >
        >
    >
>
2023-08-29 18:55:47,435[INFO ]:RECV SECS2 Message : SSID(0), B2(6), B3(12), P(0), S(0), SB(30), Length[3]
2023-08-29 18:55:47,435[DEBUG]:<<<S6F12<<<  
<B [1] 00 >
2023-08-29 18:56:09,109[INFO ]:Queued SECS2 Message : S6F11
2023-08-29 18:56:09,126[INFO ]:SENT SECS2 Message : SSID(0), B2(134), B3(11), P(0), S(0), SB(31)
2023-08-29 18:56:09,126[INFO ]:>>>S6F11 W>>>  
<L [3] 
    <U4 [1] 0 >
    <U4 [1] `SubstrateLocationUnoccupied` 1202 >
    <L [1] 
        <L [2] 
            <U4 [1] 1202 >
            <L [2] 
                <A [4] `ModuleID` "BF01">
                <A [7] `GlassID` "GLASS-2">
            >
        >
    >
>
2023-08-29 18:56:09,203[INFO ]:RECV SECS2 Message : SSID(0), B2(6), B3(12), P(0), S(0), SB(31), Length[3]
2023-08-29 18:56:09,203[DEBUG]:<<<S6F12<<<  
<B [1] 00 >
2023-08-29 18:56:10,823[INFO ]:Queued SECS2 Message : S6F11
2023-08-29 18:56:10,825[INFO ]:SENT SECS2 Message : SSID(0), B2(134), B3(11), P(0), S(0), SB(32)
2023-08-29 18:56:10,825[INFO ]:>>>S6F11 W>>>  
<L [3] 
    <U4 [1] 0 >
    <U4 [1] `SubstrateLocationUnoccupied` 1202 >
    <L [1] 
        <L [2] 
            <U4 [1] 1202 >
            <L [2] 
                <A [4] `ModuleID` "BF01">
                <A [0] `GlassID` >
            >
        >
    >
>
2023-08-29 18:56:10,826[INFO ]:Queued SECS2 Message : S6F11
2023-08-29 18:56:10,885[INFO ]:SENT SECS2 Message : SSID(0), B2(134), B3(11), P(0), S(0), SB(33)
2023-08-29 18:56:10,886[INFO ]:>>>S6F11 W>>>  
<L [3] 
    <U4 [1] 0 >
    <U4 [1] `ModuleStart` 1101 >
    <L [1] 
        <L [2] 
            <U4 [1] 1101 >
            <L [7] 
                <A [5] `ModuleID` "USC01">
                <U2 [1] `PortID` 1 >
                <A [6] `TrayID` "TRAY-1">
                <A [13] `LotID` "LOT_230217005">
                <U2 [1] `SlotNo` 1 >
                <A [0] `GlassID` >
                <A [6] `UserId` "TEST-1">
            >
        >
    >
>
2023-08-29 18:56:10,947[INFO ]:RECV SECS2 Message : SSID(0), B2(6), B3(12), P(0), S(0), SB(32), Length[3]
2023-08-29 18:56:10,947[DEBUG]:<<<S6F12<<<  
<B [1] 00 >
2023-08-29 18:56:11,023[INFO ]:RECV SECS2 Message : SSID(0), B2(6), B3(12), P(0), S(0), SB(33), Length[3]
2023-08-29 18:56:11,023[DEBUG]:<<<S6F12<<<  
<B [1] 00 >
2023-08-29 18:56:14,240[INFO ]:Queued SECS2 Message : S6F11
2023-08-29 18:56:14,290[INFO ]:SENT SECS2 Message : SSID(0), B2(134), B3(11), P(0), S(0), SB(34)
2023-08-29 18:56:14,290[INFO ]:>>>S6F11 W>>>  
<L [3] 
    <U4 [1] 0 >
    <U4 [1] `SubstrateLocationUnoccupied` 1202 >
    <L [1] 
        <L [2] 
            <U4 [1] 1202 >
            <L [2] 
                <A [4] `ModuleID` "TM01">
                <A [0] `GlassID` >
            >
        >
    >
>
2023-08-29 18:56:14,366[INFO ]:RECV SECS2 Message : SSID(0), B2(6), B3(12), P(0), S(0), SB(34), Length[3]
2023-08-29 18:56:14,366[DEBUG]:<<<S6F12<<<  
<B [1] 00 >
2023-08-29 18:56:15,955[INFO ]:Queued SECS2 Message : S6F11
2023-08-29 18:56:15,957[INFO ]:Queued SECS2 Message : S6F11
2023-08-29 18:56:15,988[INFO ]:SENT SECS2 Message : SSID(0), B2(134), B3(11), P(0), S(0), SB(35)
2023-08-29 18:56:15,988[INFO ]:>>>S6F11 W>>>  
<L [3] 
    <U4 [1] 0 >
    <U4 [1] `SubstrateLocationUnoccupied` 1202 >
    <L [1] 
        <L [2] 
            <U4 [1] 1202 >
            <L [2] 
                <A [4] `ModuleID` "TM01">
                <A [0] `GlassID` >
            >
        >
    >
>
2023-08-29 18:56:15,988[INFO ]:SENT SECS2 Message : SSID(0), B2(134), B3(11), P(0), S(0), SB(36)
2023-08-29 18:56:15,988[INFO ]:>>>S6F11 W>>>  
<L [3] 
    <U4 [1] 0 >
    <U4 [1] `ModuleEnd` 1102 >
    <L [1] 
        <L [2] 
            <U4 [1] 1102 >
            <L [5] 
                <A [4] `ModuleID` "BF01">
                <A [13] `LotID` "LOT_230217005">
                <U2 [1] `SlotNo` 1 >
                <A [0] `GlassID` >
                <A [6] `UserId` "TEST-1">
            >
        >
    >
>
2023-08-29 18:56:16,109[INFO ]:RECV SECS2 Message : SSID(0), B2(6), B3(12), P(0), S(0), SB(35), Length[3]
2023-08-29 18:56:16,109[DEBUG]:<<<S6F12<<<  
<B [1] 00 >
2023-08-29 18:56:16,185[INFO ]:RECV SECS2 Message : SSID(0), B2(6), B3(12), P(0), S(0), SB(36), Length[3]
2023-08-29 18:56:16,185[DEBUG]:<<<S6F12<<<  
<B [1] 00 >
2023-08-29 18:56:17,651[INFO ]:Queued SECS2 Message : S6F11
2023-08-29 18:56:17,659[INFO ]:Queued SECS2 Message : S6F11
2023-08-29 18:56:17,660[INFO ]:Queued SECS2 Message : S6F11
2023-08-29 18:56:17,689[INFO ]:SENT SECS2 Message : SSID(0), B2(134), B3(11), P(0), S(0), SB(37)
2023-08-29 18:56:17,689[INFO ]:>>>S6F11 W>>>  
<L [3] 
    <U4 [1] 0 >
    <U4 [1] `ModuleEnd` 1102 >
    <L [1] 
        <L [2] 
            <U4 [1] 1102 >
            <L [5] 
                <A [4] `ModuleID` "TM01">
                <A [13] `LotID` "LOT_230217005">
                <U2 [1] `SlotNo` 1 >
                <A [0] `GlassID` >
                <A [6] `UserId` "TEST-1">
            >
        >
    >
>
2023-08-29 18:56:17,689[INFO ]:SENT SECS2 Message : SSID(0), B2(134), B3(11), P(0), S(0), SB(38)
2023-08-29 18:56:17,689[INFO ]:>>>S6F11 W>>>  
<L [3] 
    <U4 [1] 0 >
    <U4 [1] `SubstrateLocationOccupied` 1201 >
    <L [1] 
        <L [2] 
            <U4 [1] 1201 >
            <L [2] 
                <A [5] `ModuleID` "USC01">
                <A [0] `GlassID` >
            >
        >
    >
>
2023-08-29 18:56:17,689[INFO ]:SENT SECS2 Message : SSID(0), B2(134), B3(11), P(0), S(0), SB(39)
2023-08-29 18:56:17,689[INFO ]:>>>S6F11 W>>>  
<L [3] 
    <U4 [1] 0 >
    <U4 [1] `GlassStart` 1611 >
    <L [1] 
        <L [2] 
            <U4 [1] 1611 >
            <L [6] 
                <A [5] `ModuleID` "USC01">
                <A [0] `GlassID` >
                <U2 [1] `PortID` 0 >
                <A [0] `TrayID` >
                <U2 [1] `SlotNo` 0 >
                <A [0] `LotID` >
            >
        >
    >
>
2023-08-29 18:56:17,780[INFO ]:RECV SECS2 Message : SSID(0), B2(6), B3(12), P(0), S(0), SB(37), Length[3]
2023-08-29 18:56:17,780[DEBUG]:<<<S6F12<<<  
<B [1] 00 >
2023-08-29 18:56:17,856[INFO ]:RECV SECS2 Message : SSID(0), B2(6), B3(12), P(0), S(0), SB(38), Length[3]
2023-08-29 18:56:17,856[DEBUG]:<<<S6F12<<<  
<B [1] 00 >
2023-08-29 18:56:17,933[INFO ]:RECV SECS2 Message : SSID(0), B2(6), B3(12), P(0), S(0), SB(39), Length[3]
2023-08-29 18:56:17,933[DEBUG]:<<<S6F12<<<  
<B [1] 00 >
2023-08-29 18:56:22,778[INFO ]:Queued SECS2 Message : S6F11
2023-08-29 18:56:22,790[INFO ]:SENT SECS2 Message : SSID(0), B2(134), B3(11), P(0), S(0), SB(40)
2023-08-29 18:56:22,790[INFO ]:>>>S6F11 W>>>  
<L [3] 
    <U4 [1] 0 >
    <U4 [1] `ModuleStart` 1101 >
    <L [1] 
        <L [2] 
            <U4 [1] 1101 >
            <L [7] 
                <A [4] `ModuleID` "BF01">
                <U2 [1] `PortID` 0 >
                <A [0] `TrayID` >
                <A [0] `LotID` >
                <U2 [1] `SlotNo` 0 >
                <A [0] `GlassID` >
                <A [6] `UserId` "TEST-1">
            >
        >
    >
>
2023-08-29 18:56:22,880[INFO ]:RECV SECS2 Message : SSID(0), B2(6), B3(12), P(0), S(0), SB(40), Length[3]
2023-08-29 18:56:22,880[DEBUG]:<<<S6F12<<<  
<B [1] 00 >
2023-08-29 18:56:31,165[INFO ]:Queued SECS2 Message : S6F11
2023-08-29 18:56:31,222[INFO ]:SENT SECS2 Message : SSID(0), B2(134), B3(11), P(0), S(0), SB(41)
2023-08-29 18:56:31,222[INFO ]:>>>S6F11 W>>>  
<L [3] 
    <U4 [1] 0 >
    <U4 [1] `GlassIDRead` 1601 >
    <L [1] 
        <L [2] 
            <U4 [1] 1601 >
            <L [2] 
                <A [0] `TrayID` >
                <A [7] `GlassID` "GLASS-3">
            >
        >
    >
>
2023-08-29 18:56:31,297[INFO ]:RECV SECS2 Message : SSID(0), B2(6), B3(12), P(0), S(0), SB(41), Length[3]
2023-08-29 18:56:31,297[DEBUG]:<<<S6F12<<<  
<B [1] 00 >
2023-08-29 18:56:32,853[INFO ]:Queued SECS2 Message : S6F11
2023-08-29 18:56:32,860[INFO ]:SENT SECS2 Message : SSID(0), B2(134), B3(11), P(0), S(0), SB(42)
2023-08-29 18:56:32,860[INFO ]:>>>S6F11 W>>>  
<L [3] 
    <U4 [1] 0 >
    <U4 [1] `SubstrateLocationOccupied` 1201 >
    <L [1] 
        <L [2] 
            <U4 [1] 1201 >
            <L [2] 
                <A [4] `ModuleID` "BF01">
                <A [7] `GlassID` "GLASS-3">
            >
        >
    >
>
2023-08-29 18:56:32,967[INFO ]:RECV SECS2 Message : SSID(0), B2(6), B3(12), P(0), S(0), SB(42), Length[3]
2023-08-29 18:56:32,967[DEBUG]:<<<S6F12<<<  
<B [1] 00 >
