2023-08-29 12:34:37,220[INFO ]:Queued SECS2 Message : S1F13
2023-08-29 12:34:37,232[INFO ]:SENT SECS2 Message : SSID(0), B2(129), B3(13), P(0), S(0), SB(1)
2023-08-29 12:34:37,236[INFO ]:>>>S1F13 W>>>  
<L [2] 
    <A [3] "UPK">
    <A [14] "1.0.8641.22635">
>
2023-08-29 12:34:37,377[INFO ]:RECV SECS2 Message : SSID(0), B2(1), B3(14), P(0), S(0), SB(1), Length[11]
2023-08-29 12:34:37,378[DEBUG]:<<<S1F14<<<  
<L [2] 
    <B [1] 00 >
    <L [2] 
        <A [0] >
        <A [0] >
    >
>
2023-08-29 12:54:39,713[INFO ]:RECV SECS2 Message : SSID(0), B2(130), B3(15), P(0), S(0), SB(107), Length[16]
2023-08-29 12:54:39,714[DEBUG]:<<<S2F15 W<<<  
<L [1] 
    <L [2] 
        <U4 [1] 111 >
        <U4 [1] 20 >
    >
>
2023-08-29 12:54:39,794[INFO ]:Queued SECS2 Message : S2F16
2023-08-29 12:54:39,799[INFO ]:Queued SECS2 Message : S6F11
2023-08-29 12:54:39,834[INFO ]:SENT SECS2 Message : SSID(0), B2(2), B3(16), P(0), S(0), SB(107)
2023-08-29 12:54:39,834[INFO ]:>>>S2F16>>>  
<B [1] 00 >
2023-08-29 12:54:39,834[INFO ]:SENT SECS2 Message : SSID(0), B2(134), B3(11), P(0), S(0), SB(11)
2023-08-29 12:54:39,834[INFO ]:>>>S6F11 W>>>  
<L [3] 
    <U4 [1] 0 >
    <U4 [1] `EquipmentConstantChanged` 1015 >
    <L [0] >
>
2023-08-29 12:54:40,003[INFO ]:RECV SECS2 Message : SSID(0), B2(6), B3(12), P(0), S(0), SB(11), Length[3]
2023-08-29 12:54:40,003[DEBUG]:<<<S6F12<<<  
<B [1] 00 >
2023-08-29 12:54:43,197[INFO ]:RECV SECS2 Message : SSID(0), B2(130), B3(29), P(0), S(0), SB(109), Length[2]
2023-08-29 12:54:43,197[DEBUG]:<<<S2F29 W<<<  
<L [0] >
2023-08-29 12:54:43,205[INFO ]:Queued SECS2 Message : S2F30
2023-08-29 12:54:43,259[INFO ]:SENT SECS2 Message : SSID(0), B2(2), B3(30), P(0), S(0), SB(109)
2023-08-29 12:54:43,260[INFO ]:>>>S2F30>>>  
<L [10] 
    <L [6] 
        <U4 [1] 102 >
        <A [9] "SessionID">
        <U2 [1] 0 >
        <U2 [1] 65535 >
        <U2 [1] 0 >
        <A [0] >
    >
    <L [6] 
        <U4 [1] 103 >
        <A [20] "HSMSLinkTestInterval">
        <U4 [1] 10 >
        <U4 [1] 86400 >
        <U4 [1] 120 >
        <A [3] "sec">
    >
    <L [6] 
        <U4 [1] 104 >
        <A [29] "EstablishCommunicationTimeout">
        <U4 [1] 2 >
        <U4 [1] 120 >
        <U4 [1] 10 >
        <A [3] "sec">
    >
    <L [6] 
        <U4 [1] 105 >
        <A [10] "TimeFormat">
        <U4 [1] 0 >
        <U4 [1] 1 >
        <U4 [1] 1 >
        <A [0] >
    >
    <L [6] 
        <U4 [1] 106 >
        <A [9] "T3Timeout">
        <U4 [1] 1 >
        <U4 [1] 120 >
        <U4 [1] 45 >
        <A [3] "sec">
    >
    <L [6] 
        <U4 [1] 107 >
        <A [9] "T5Timeout">
        <U4 [1] 1 >
        <U4 [1] 240 >
        <U4 [1] 10 >
        <A [3] "sec">
    >
    <L [6] 
        <U4 [1] 108 >
        <A [9] "T6Timeout">
        <U4 [1] 1 >
        <U4 [1] 240 >
        <U4 [1] 5 >
        <A [3] "sec">
    >
    <L [6] 
        <U4 [1] 109 >
        <A [9] "T7Timeout">
        <U4 [1] 1 >
        <U4 [1] 240 >
        <U4 [1] 10 >
        <A [3] "sec">
    >
    <L [6] 
        <U4 [1] 110 >
        <A [9] "T8Timeout">
        <U4 [1] 1 >
        <U4 [1] 240 >
        <U4 [1] 5 >
        <A [3] "sec">
    >
    <L [6] 
        <U4 [1] 111 >
        <A [12] "UseS6F1Reply">
        <BL [1] False >
        <BL [1] True >
        <BL [1] False >
        <A [0] >
    >
>
2023-08-29 12:54:48,148[INFO ]:RECV SECS2 Message : SSID(0), B2(129), B3(21), P(0), S(0), SB(111), Length[4]
2023-08-29 12:54:48,148[DEBUG]:<<<S1F21 W<<<  
<L [1] 
    <U4 [0] >
>
2023-08-29 12:54:48,151[INFO ]:Queued SECS2 Message : S1F22
2023-08-29 12:54:48,210[INFO ]:SENT SECS2 Message : SSID(0), B2(1), B3(22), P(0), S(0), SB(111)
2023-08-29 12:54:48,210[INFO ]:>>>S1F22>>>  
<L [17] 
    <L [3] 
        <U4 [1] 301 >
        <A [4] "ALCD">
        <A [0] >
    >
    <L [3] 
        <U4 [1] 302 >
        <A [4] "ALID">
        <A [0] >
    >
    <L [3] 
        <U4 [1] 303 >
        <A [4] "ALTX">
        <A [0] >
    >
    <L [3] 
        <U4 [1] 304 >
        <A [4] "ECID">
        <A [0] >
    >
    <L [3] 
        <U4 [1] 305 >
        <A [6] "ECNAME">
        <A [0] >
    >
    <L [3] 
        <U4 [1] 306 >
        <A [3] "ECV">
        <A [0] >
    >
    <L [3] 
        <U4 [1] 310 >
        <A [8] "ModuleID">
        <A [0] >
    >
    <L [3] 
        <U4 [1] 311 >
        <A [7] "GlassID">
        <A [0] >
    >
    <L [3] 
        <U4 [1] 312 >
        <A [6] "PortID">
        <A [0] >
    >
    <L [3] 
        <U4 [1] 313 >
        <A [6] "TrayID">
        <A [0] >
    >
    <L [3] 
        <U4 [1] 314 >
        <A [6] "SlotNo">
        <A [0] >
    >
    <L [3] 
        <U4 [1] 315 >
        <A [12] "IDReadStatus">
        <A [0] >
    >
    <L [3] 
        <U4 [1] 316 >
        <A [17] "PortTransferState">
        <A [0] >
    >
    <L [3] 
        <U4 [1] 317 >
        <A [9] "PortState">
        <A [0] >
    >
    <L [3] 
        <U4 [1] 321 >
        <A [6] "WorkID">
        <A [0] >
    >
    <L [3] 
        <U4 [1] 322 >
        <A [15] "PreviousGlassID">
        <A [0] >
    >
    <L [3] 
        <U4 [1] 323 >
        <A [5] "LotID">
        <A [0] >
    >
>
2023-08-29 12:54:51,574[INFO ]:RECV SECS2 Message : SSID(0), B2(129), B3(21), P(0), S(0), SB(113), Length[2]
2023-08-29 12:54:51,574[DEBUG]:<<<S1F21 W<<<  
<L [0] >
2023-08-29 12:54:51,576[INFO ]:Queued SECS2 Message : S1F22
2023-08-29 12:54:51,635[INFO ]:SENT SECS2 Message : SSID(0), B2(1), B3(22), P(0), S(0), SB(113)
2023-08-29 12:54:51,636[INFO ]:>>>S1F22>>>  
<L [17] 
    <L [3] 
        <U4 [1] 301 >
        <A [4] "ALCD">
        <A [0] >
    >
    <L [3] 
        <U4 [1] 302 >
        <A [4] "ALID">
        <A [0] >
    >
    <L [3] 
        <U4 [1] 303 >
        <A [4] "ALTX">
        <A [0] >
    >
    <L [3] 
        <U4 [1] 304 >
        <A [4] "ECID">
        <A [0] >
    >
    <L [3] 
        <U4 [1] 305 >
        <A [6] "ECNAME">
        <A [0] >
    >
    <L [3] 
        <U4 [1] 306 >
        <A [3] "ECV">
        <A [0] >
    >
    <L [3] 
        <U4 [1] 310 >
        <A [8] "ModuleID">
        <A [0] >
    >
    <L [3] 
        <U4 [1] 311 >
        <A [7] "GlassID">
        <A [0] >
    >
    <L [3] 
        <U4 [1] 312 >
        <A [6] "PortID">
        <A [0] >
    >
    <L [3] 
        <U4 [1] 313 >
        <A [6] "TrayID">
        <A [0] >
    >
    <L [3] 
        <U4 [1] 314 >
        <A [6] "SlotNo">
        <A [0] >
    >
    <L [3] 
        <U4 [1] 315 >
        <A [12] "IDReadStatus">
        <A [0] >
    >
    <L [3] 
        <U4 [1] 316 >
        <A [17] "PortTransferState">
        <A [0] >
    >
    <L [3] 
        <U4 [1] 317 >
        <A [9] "PortState">
        <A [0] >
    >
    <L [3] 
        <U4 [1] 321 >
        <A [6] "WorkID">
        <A [0] >
    >
    <L [3] 
        <U4 [1] 322 >
        <A [15] "PreviousGlassID">
        <A [0] >
    >
    <L [3] 
        <U4 [1] 323 >
        <A [5] "LotID">
        <A [0] >
    >
>
2023-08-29 12:54:58,403[INFO ]:RECV SECS2 Message : SSID(0), B2(129), B3(11), P(0), S(0), SB(115), Length[4]
2023-08-29 12:54:58,403[DEBUG]:<<<S1F11 W<<<  
<L [1] 
    <U4 [0] >
>
2023-08-29 12:54:58,407[INFO ]:Queued SECS2 Message : S1F12
2023-08-29 12:54:58,419[INFO ]:SENT SECS2 Message : SSID(0), B2(1), B3(12), P(0), S(0), SB(115)
2023-08-29 12:54:58,419[INFO ]:>>>S1F12>>>  
<L [43] 
    <L [3] 
        <U4 [1] 200 >
        <A [9] "CommState">
        <A [0] >
    >
    <L [3] 
        <U4 [1] 201 >
        <A [12] "ControlState">
        <A [0] >
    >
    <L [3] 
        <U4 [1] 202 >
        <A [20] "PreviousControlState">
        <A [0] >
    >
    <L [3] 
        <U4 [1] 203 >
        <A [8] "EqpState">
        <A [0] >
    >
    <L [3] 
        <U4 [1] 204 >
        <A [16] "PreviousEqpState">
        <A [0] >
    >
    <L [3] 
        <U4 [1] 205 >
        <A [6] "UserId">
        <A [0] >
    >
    <L [3] 
        <U4 [1] 206 >
        <A [14] "PreviousUserId">
        <A [0] >
    >
    <L [3] 
        <U4 [1] 210 >
        <A [13] "EventsEnabled">
        <A [0] >
    >
    <L [3] 
        <U4 [1] 211 >
        <A [13] "AlarmsEnabled">
        <A [0] >
    >
    <L [3] 
        <U4 [1] 212 >
        <A [9] "AlarmsSet">
        <A [0] >
    >
    <L [3] 
        <U4 [1] 220 >
        <A [4] "MDLN">
        <A [0] >
    >
    <L [3] 
        <U4 [1] 221 >
        <A [7] "SOFTREV">
        <A [0] >
    >
    <L [3] 
        <U4 [1] 11001 >
        <A [13] "Temp_Sensor_1">
        <A [0] >
    >
    <L [3] 
        <U4 [1] 11002 >
        <A [18] "Main_power_voltage">
        <A [0] >
    >
    <L [3] 
        <U4 [1] 11003 >
        <A [19] "Travel_servo_torque">
        <A [0] >
    >
    <L [3] 
        <U4 [1] 11004 >
        <A [18] "Travel_servo_speed">
        <A [0] >
    >
    <L [3] 
        <U4 [1] 11005 >
        <A [20] "Hoist#1_servo_torque">
        <A [0] >
    >
    <L [3] 
        <U4 [1] 11006 >
        <A [19] "Hoist#1_servo_speed">
        <A [0] >
    >
    <L [3] 
        <U4 [1] 11007 >
        <A [20] "Hoist#2_servo_torque">
        <A [0] >
    >
    <L [3] 
        <U4 [1] 11008 >
        <A [19] "Hoist#2_servo_speed">
        <A [0] >
    >
    <L [3] 
        <U4 [1] 20001 >
        <A [22] "IP01_PortTransferState">
        <A [0] >
    >
    <L [3] 
        <U4 [1] 20002 >
        <A [14] "IP01_PortState">
        <A [0] >
    >
    <L [3] 
        <U4 [1] 20003 >
        <A [13] "IP01_PortType">
        <A [0] >
    >
    <L [3] 
        <U4 [1] 20004 >
        <A [11] "IP01_TrayID">
        <A [0] >
    >
    <L [3] 
        <U4 [1] 20011 >
        <A [22] "OP01_PortTransferState">
        <A [0] >
    >
    <L [3] 
        <U4 [1] 20012 >
        <A [14] "OP01_PortState">
        <A [0] >
    >
    <L [3] 
        <U4 [1] 20013 >
        <A [13] "OP01_PortType">
        <A [0] >
    >
    <L [3] 
        <U4 [1] 20014 >
        <A [11] "OP01_TrayID">
        <A [0] >
    >
    <L [3] 
        <U4 [1] 20101 >
        <A [12] "TM01_GlassID">
        <A [0] >
    >
    <L [3] 
        <U4 [1] 20102 >
        <A [11] "TM01_PortID">
        <A [0] >
    >
    <L [3] 
        <U4 [1] 20103 >
        <A [11] "TM01_TrayID">
        <A [0] >
    >
    <L [3] 
        <U4 [1] 20104 >
        <A [11] "TM01_SlotNo">
        <A [0] >
    >
    <L [3] 
        <U4 [1] 20105 >
        <A [10] "TM01_LotID">
        <A [0] >
    >
    <L [3] 
        <U4 [1] 20201 >
        <A [12] "BF01_GlassID">
        <A [0] >
    >
    <L [3] 
        <U4 [1] 20202 >
        <A [11] "BF01_PortID">
        <A [0] >
    >
    <L [3] 
        <U4 [1] 20203 >
        <A [11] "BF01_TrayID">
        <A [0] >
    >
    <L [3] 
        <U4 [1] 20204 >
        <A [11] "BF01_SlotNo">
        <A [0] >
    >
    <L [3] 
        <U4 [1] 20205 >
        <A [10] "BF01_LotID">
        <A [0] >
    >
    <L [3] 
        <U4 [1] 20301 >
        <A [13] "USC01_GlassID">
        <A [0] >
    >
    <L [3] 
        <U4 [1] 20302 >
        <A [12] "USC01_PortID">
        <A [0] >
    >
    <L [3] 
        <U4 [1] 20303 >
        <A [12] "USC01_TrayID">
        <A [0] >
    >
    <L [3] 
        <U4 [1] 20304 >
        <A [12] "USC01_SlotNo">
        <A [0] >
    >
    <L [3] 
        <U4 [1] 20305 >
        <A [11] "USC01_LotID">
        <A [0] >
    >
>
2023-08-29 12:55:14,837[INFO ]:RECV SECS2 Message : SSID(0), B2(129), B3(11), P(0), S(0), SB(117), Length[8]
2023-08-29 12:55:14,837[DEBUG]:<<<S1F11 W<<<  
<L [1] 
    <U4 [1] 20305 >
>
2023-08-29 12:55:14,837[INFO ]:Queued SECS2 Message : S1F12
2023-08-29 12:55:14,883[INFO ]:SENT SECS2 Message : SSID(0), B2(1), B3(12), P(0), S(0), SB(117)
2023-08-29 12:55:14,883[INFO ]:>>>S1F12>>>  
<L [1] 
    <L [3] 
        <U4 [1] 20305 >
        <A [11] "USC01_LotID">
        <A [0] >
    >
>
2023-08-29 12:55:17,539[INFO ]:RECV SECS2 Message : SSID(0), B2(129), B3(23), P(0), S(0), SB(119), Length[4]
2023-08-29 12:55:17,539[DEBUG]:<<<S1F23 W<<<  
<L [1] 
    <U4 [0] >
>
2023-08-29 12:55:17,582[INFO ]:Queued SECS2 Message : S9F5
2023-08-29 12:55:17,631[INFO ]:SENT SECS2 Message : SSID(0), B2(9), B3(5), P(0), S(0), SB(13)
2023-08-29 12:55:17,631[INFO ]:>>>S9F5>>>  
<B [10] 00 00 81 17 00 00 00 00 00 77 >
2023-08-29 12:55:32,384[INFO ]:RECV SECS2 Message : SSID(0), B2(129), B3(23), P(0), S(0), SB(121), Length[4]
2023-08-29 12:55:32,384[DEBUG]:<<<S1F23 W<<<  
<L [1] 
    <U4 [0] >
>
2023-08-29 12:55:32,396[INFO ]:Queued SECS2 Message : S9F5
2023-08-29 12:55:32,430[INFO ]:SENT SECS2 Message : SSID(0), B2(9), B3(5), P(0), S(0), SB(14)
2023-08-29 12:55:32,430[INFO ]:>>>S9F5>>>  
<B [10] 00 00 81 17 00 00 00 00 00 79 >
2023-08-29 12:55:43,240[INFO ]:RECV SECS2 Message : SSID(0), B2(129), B3(23), P(0), S(0), SB(123), Length[2]
2023-08-29 12:55:43,240[DEBUG]:<<<S1F23 W<<<  
<L [0] >
2023-08-29 12:55:43,251[INFO ]:Queued SECS2 Message : S9F5
2023-08-29 12:55:43,271[INFO ]:SENT SECS2 Message : SSID(0), B2(9), B3(5), P(0), S(0), SB(15)
2023-08-29 12:55:43,271[INFO ]:>>>S9F5>>>  
<B [10] 00 00 81 17 00 00 00 00 00 7B >
2023-08-29 12:56:08,393[INFO ]:RECV SECS2 Message : SSID(0), B2(129), B3(11), P(0), S(0), SB(125), Length[2]
2023-08-29 12:56:08,393[DEBUG]:<<<S1F11 W<<<  
<L [0] >
2023-08-29 12:56:08,395[INFO ]:Queued SECS2 Message : S1F12
2023-08-29 12:56:08,424[INFO ]:SENT SECS2 Message : SSID(0), B2(1), B3(12), P(0), S(0), SB(125)
2023-08-29 12:56:08,424[INFO ]:>>>S1F12>>>  
<L [43] 
    <L [3] 
        <U4 [1] 200 >
        <A [9] "CommState">
        <A [0] >
    >
    <L [3] 
        <U4 [1] 201 >
        <A [12] "ControlState">
        <A [0] >
    >
    <L [3] 
        <U4 [1] 202 >
        <A [20] "PreviousControlState">
        <A [0] >
    >
    <L [3] 
        <U4 [1] 203 >
        <A [8] "EqpState">
        <A [0] >
    >
    <L [3] 
        <U4 [1] 204 >
        <A [16] "PreviousEqpState">
        <A [0] >
    >
    <L [3] 
        <U4 [1] 205 >
        <A [6] "UserId">
        <A [0] >
    >
    <L [3] 
        <U4 [1] 206 >
        <A [14] "PreviousUserId">
        <A [0] >
    >
    <L [3] 
        <U4 [1] 210 >
        <A [13] "EventsEnabled">
        <A [0] >
    >
    <L [3] 
        <U4 [1] 211 >
        <A [13] "AlarmsEnabled">
        <A [0] >
    >
    <L [3] 
        <U4 [1] 212 >
        <A [9] "AlarmsSet">
        <A [0] >
    >
    <L [3] 
        <U4 [1] 220 >
        <A [4] "MDLN">
        <A [0] >
    >
    <L [3] 
        <U4 [1] 221 >
        <A [7] "SOFTREV">
        <A [0] >
    >
    <L [3] 
        <U4 [1] 11001 >
        <A [13] "Temp_Sensor_1">
        <A [0] >
    >
    <L [3] 
        <U4 [1] 11002 >
        <A [18] "Main_power_voltage">
        <A [0] >
    >
    <L [3] 
        <U4 [1] 11003 >
        <A [19] "Travel_servo_torque">
        <A [0] >
    >
    <L [3] 
        <U4 [1] 11004 >
        <A [18] "Travel_servo_speed">
        <A [0] >
    >
    <L [3] 
        <U4 [1] 11005 >
        <A [20] "Hoist#1_servo_torque">
        <A [0] >
    >
    <L [3] 
        <U4 [1] 11006 >
        <A [19] "Hoist#1_servo_speed">
        <A [0] >
    >
    <L [3] 
        <U4 [1] 11007 >
        <A [20] "Hoist#2_servo_torque">
        <A [0] >
    >
    <L [3] 
        <U4 [1] 11008 >
        <A [19] "Hoist#2_servo_speed">
        <A [0] >
    >
    <L [3] 
        <U4 [1] 20001 >
        <A [22] "IP01_PortTransferState">
        <A [0] >
    >
    <L [3] 
        <U4 [1] 20002 >
        <A [14] "IP01_PortState">
        <A [0] >
    >
    <L [3] 
        <U4 [1] 20003 >
        <A [13] "IP01_PortType">
        <A [0] >
    >
    <L [3] 
        <U4 [1] 20004 >
        <A [11] "IP01_TrayID">
        <A [0] >
    >
    <L [3] 
        <U4 [1] 20011 >
        <A [22] "OP01_PortTransferState">
        <A [0] >
    >
    <L [3] 
        <U4 [1] 20012 >
        <A [14] "OP01_PortState">
        <A [0] >
    >
    <L [3] 
        <U4 [1] 20013 >
        <A [13] "OP01_PortType">
        <A [0] >
    >
    <L [3] 
        <U4 [1] 20014 >
        <A [11] "OP01_TrayID">
        <A [0] >
    >
    <L [3] 
        <U4 [1] 20101 >
        <A [12] "TM01_GlassID">
        <A [0] >
    >
    <L [3] 
        <U4 [1] 20102 >
        <A [11] "TM01_PortID">
        <A [0] >
    >
    <L [3] 
        <U4 [1] 20103 >
        <A [11] "TM01_TrayID">
        <A [0] >
    >
    <L [3] 
        <U4 [1] 20104 >
        <A [11] "TM01_SlotNo">
        <A [0] >
    >
    <L [3] 
        <U4 [1] 20105 >
        <A [10] "TM01_LotID">
        <A [0] >
    >
    <L [3] 
        <U4 [1] 20201 >
        <A [12] "BF01_GlassID">
        <A [0] >
    >
    <L [3] 
        <U4 [1] 20202 >
        <A [11] "BF01_PortID">
        <A [0] >
    >
    <L [3] 
        <U4 [1] 20203 >
        <A [11] "BF01_TrayID">
        <A [0] >
    >
    <L [3] 
        <U4 [1] 20204 >
        <A [11] "BF01_SlotNo">
        <A [0] >
    >
    <L [3] 
        <U4 [1] 20205 >
        <A [10] "BF01_LotID">
        <A [0] >
    >
    <L [3] 
        <U4 [1] 20301 >
        <A [13] "USC01_GlassID">
        <A [0] >
    >
    <L [3] 
        <U4 [1] 20302 >
        <A [12] "USC01_PortID">
        <A [0] >
    >
    <L [3] 
        <U4 [1] 20303 >
        <A [12] "USC01_TrayID">
        <A [0] >
    >
    <L [3] 
        <U4 [1] 20304 >
        <A [12] "USC01_SlotNo">
        <A [0] >
    >
    <L [3] 
        <U4 [1] 20305 >
        <A [11] "USC01_LotID">
        <A [0] >
    >
>
2023-08-29 12:56:57,047[INFO ]:RECV SECS2 Message : SSID(0), B2(130), B3(23), P(0), S(0), SB(127), Length[38]
2023-08-29 12:56:57,047[DEBUG]:<<<S2F23 W<<<  
<L [5] 
    <U4 [1] 1 >
    <A [8] "00000010">
    <U4 [1] 1 >
    <U4 [1] 1 >
    <L [1] 
        <U4 [1] 11008 >
    >
>
2023-08-29 12:56:57,154[INFO ]:Queued SECS2 Message : S2F24
2023-08-29 12:56:57,214[INFO ]:SENT SECS2 Message : SSID(0), B2(2), B3(24), P(0), S(0), SB(127)
2023-08-29 12:56:57,214[INFO ]:>>>S2F24>>>  
<B [1] 05 >
