2023-08-29 17:37:20,342[INFO ]:Queued SECS2 Message : S1F13
2023-08-29 17:37:20,387[INFO ]:SENT SECS2 Message : SSID(0), B2(129), B3(13), P(0), S(0), SB(1)
2023-08-29 17:37:20,391[INFO ]:>>>S1F13 W>>>  
<L [2] 
    <A [3] "UPK">
    <A [14] "1.0.8641.31600">
>
2023-08-29 17:37:20,431[INFO ]:RECV SECS2 Message : SSID(0), B2(1), B3(14), P(0), S(0), SB(1), Length[7]
2023-08-29 17:37:20,432[DEBUG]:<<<S1F14<<<  
<L [2] 
    <B [1] 00 >
    <L [0] >
>
2023-08-29 17:37:23,606[INFO ]:RECV SECS2 Message : SSID(0), B2(129), B3(13), P(0), S(0), SB(24,927), Length[2]
2023-08-29 17:37:23,606[DEBUG]:<<<S1F13 W<<<  
<L [0] >
2023-08-29 17:37:23,608[INFO ]:Queued SECS2 Message : S1F14
2023-08-29 17:37:23,652[INFO ]:SENT SECS2 Message : SSID(0), B2(1), B3(14), P(0), S(0), SB(24,927)
2023-08-29 17:37:23,653[INFO ]:>>>S1F14>>>  
<L [2] 
    <B [1] 00 >
    <L [2] 
        <A [3] "UPK">
        <A [14] "1.0.8641.31600">
    >
>
2023-08-29 17:37:23,683[INFO ]:RECV SECS2 Message : SSID(0), B2(129), B3(17), P(0), S(0), SB(24,929), Length[0]
2023-08-29 17:37:23,683[DEBUG]:<<<S1F17 W<<<  

2023-08-29 17:37:23,683[INFO ]:Queued SECS2 Message : S1F18
2023-08-29 17:37:23,713[INFO ]:SENT SECS2 Message : SSID(0), B2(1), B3(18), P(0), S(0), SB(24,929)
2023-08-29 17:37:23,713[INFO ]:>>>S1F18>>>  
<B [1] 02 >
2023-08-29 17:40:16,597[INFO ]:Queued SECS2 Message : S6F11
2023-08-29 17:40:16,625[INFO ]:SENT SECS2 Message : SSID(0), B2(134), B3(11), P(0), S(0), SB(3)
2023-08-29 17:40:16,626[INFO ]:>>>S6F11 W>>>  
<L [3] 
    <U4 [1] 0 >
    <U4 [1] `PortTransferBlocked` 1503 >
    <L [1] 
        <L [2] 
            <U4 [1] 1503 >
            <L [2] 
                <U2 [1] `PortID` 1 >
                <A [6] `UserId` "TEST-1">
            >
        >
    >
>
2023-08-29 17:40:16,974[INFO ]:RECV SECS2 Message : SSID(0), B2(6), B3(12), P(0), S(0), SB(3), Length[3]
2023-08-29 17:40:16,974[DEBUG]:<<<S6F12<<<  
<B [1] 00 >
2023-08-29 17:40:18,296[INFO ]:Queued SECS2 Message : S6F11
2023-08-29 17:40:18,298[INFO ]:Queued SECS2 Message : S6F11
2023-08-29 17:40:18,328[INFO ]:SENT SECS2 Message : SSID(0), B2(134), B3(11), P(0), S(0), SB(4)
2023-08-29 17:40:18,329[INFO ]:>>>S6F11 W>>>  
<L [3] 
    <U4 [1] 0 >
    <U4 [1] `EquipmentStateChanged` 1051 >
    <L [1] 
        <L [2] 
            <U4 [1] 1051 >
            <L [2] 
                <U2 [1] `EqpState` 2 >
                <U2 [1] `PreviousEqpState` 1 >
            >
        >
    >
>
2023-08-29 17:40:18,329[INFO ]:SENT SECS2 Message : SSID(0), B2(134), B3(11), P(0), S(0), SB(5)
2023-08-29 17:40:18,329[INFO ]:>>>S6F11 W>>>  
<L [3] 
    <U4 [1] 0 >
    <U4 [1] `TrayIDRead` 1411 >
    <L [1] 
        <L [2] 
            <U4 [1] 1411 >
            <L [4] 
                <U2 [1] `PortID` 1 >
                <A [6] `TrayID` "TRAY-1">
                <A [6] `TrayID` "TRAY-1">
                <A [6] `UserId` "TEST-1">
            >
        >
    >
>
2023-08-29 17:40:18,352[INFO ]:RECV SECS2 Message : SSID(0), B2(6), B3(12), P(0), S(0), SB(4), Length[3]
2023-08-29 17:40:18,352[DEBUG]:<<<S6F12<<<  
<B [1] 00 >
2023-08-29 17:40:18,420[INFO ]:RECV SECS2 Message : SSID(0), B2(6), B3(12), P(0), S(0), SB(5), Length[3]
2023-08-29 17:40:18,420[DEBUG]:<<<S6F12<<<  
<B [1] 00 >
2023-08-29 17:40:19,988[INFO ]:Queued SECS2 Message : S6F11
2023-08-29 17:40:20,029[INFO ]:SENT SECS2 Message : SSID(0), B2(134), B3(11), P(0), S(0), SB(6)
2023-08-29 17:40:20,029[INFO ]:>>>S6F11 W>>>  
<L [3] 
    <U4 [1] 0 >
    <U4 [1] `TrayLoadComplete` 1401 >
    <L [1] 
        <L [2] 
            <U4 [1] 1401 >
            <L [3] 
                <U2 [1] `PortID` 1 >
                <A [0] `TrayID` >
                <A [6] `UserId` "TEST-1">
            >
        >
    >
>
2023-08-29 17:40:20,090[INFO ]:RECV SECS2 Message : SSID(0), B2(6), B3(12), P(0), S(0), SB(6), Length[3]
2023-08-29 17:40:20,090[DEBUG]:<<<S6F12<<<  
<B [1] 00 >
2023-08-29 17:43:39,836[INFO ]:RECV SECS2 Message : SSID(0), B2(131), B3(41), P(0), S(0), SB(24,981), Length[566]
2023-08-29 17:43:39,836[DEBUG]:<<<S3F41 W<<<  
<L [3] 
    <A [9] "WorkOrder">
    <A [8] "AP-MR-01">
    <L [1] 
        <L [2] 
            <A [1] "0">
            <L [1] 
                <L [6] 
                    <L [2] 
                        <A [10] "sorterType">
                        <A [0] >
                    >
                    <L [2] 
                        <A [8] "inPortId">
                        <A [1] "1">
                    >
                    <L [2] 
                        <A [8] "inCarrId">
                        <A [6] "TRAY-1">
                    >
                    <L [2] 
                        <A [9] "outPortId">
                        <A [1] "2">
                    >
                    <L [2] 
                        <A [9] "outCarrId">
                        <A [1] "0">
                    >
                    <L [1] 
                        <L [2] 
                            <L [2] 
                                <A [4] "PPID">
                                <A [6] "RCP001">
                            >
                            <L [2] 
                                <A [9] "SLOT_DATA">
                                <L [3] 
                                    <L [7] 
                                        <L [2] 
                                            <A [12] "inCarrSlotNo">
                                            <A [1] "1">
                                        >
                                        <L [2] 
                                            <A [10] "manualInsp">
                                            <A [1] "N">
                                        >
                                        <L [2] 
                                            <A [10] "prodMtrlId">
                                            <A [7] "GLASS-1">
                                        >
                                        <L [2] 
                                            <A [9] "slotState">
                                            <A [1] "1">
                                        >
                                        <L [2] 
                                            <A [13] "outCarrSlotNo">
                                            <A [1] "6">
                                        >
                                        <L [2] 
                                            <A [5] "lotId">
                                            <A [13] "LOT_230217005">
                                        >
                                        <L [2] 
                                            <A [8] "mtrlFace">
                                            <A [3] "TBT">
                                        >
                                    >
                                    <L [7] 
                                        <L [2] 
                                            <A [12] "inCarrSlotNo">
                                            <A [1] "2">
                                        >
                                        <L [2] 
                                            <A [10] "manualInsp">
                                            <A [1] "N">
                                        >
                                        <L [2] 
                                            <A [10] "prodMtrlId">
                                            <A [7] "GLASS-2">
                                        >
                                        <L [2] 
                                            <A [9] "slotState">
                                            <A [1] "1">
                                        >
                                        <L [2] 
                                            <A [13] "outCarrSlotNo">
                                            <A [1] "7">
                                        >
                                        <L [2] 
                                            <A [5] "lotId">
                                            <A [13] "LOT_230217005">
                                        >
                                        <L [2] 
                                            <A [8] "mtrlFace">
                                            <A [3] "TBT">
                                        >
                                    >
                                    <L [7] 
                                        <L [2] 
                                            <A [12] "inCarrSlotNo">
                                            <A [1] "3">
                                        >
                                        <L [2] 
                                            <A [10] "manualInsp">
                                            <A [1] "N">
                                        >
                                        <L [2] 
                                            <A [10] "prodMtrlId">
                                            <A [7] "GLASS-3">
                                        >
                                        <L [2] 
                                            <A [9] "slotState">
                                            <A [1] "1">
                                        >
                                        <L [2] 
                                            <A [13] "outCarrSlotNo">
                                            <A [1] "9">
                                        >
                                        <L [2] 
                                            <A [5] "lotId">
                                            <A [13] "LOT_230217005">
                                        >
                                        <L [2] 
                                            <A [8] "mtrlFace">
                                            <A [3] "TBT">
                                        >
                                    >
                                >
                            >
                        >
                    >
                >
            >
        >
    >
>
2023-08-29 17:43:39,846[INFO ]:Queued SECS2 Message : S3F42
2023-08-29 17:43:39,896[INFO ]:SENT SECS2 Message : SSID(0), B2(3), B3(42), P(0), S(0), SB(24,981)
2023-08-29 17:43:39,897[INFO ]:>>>S3F42>>>  
<B [1] 00 >
2023-08-29 17:44:22,314[INFO ]:RECV SECS2 Message : SSID(0), B2(130), B3(41), P(0), S(0), SB(24,987), Length[45]
2023-08-29 17:44:22,314[DEBUG]:<<<S2F41 W<<<  
<L [2] 
    <A [10] "WORK_START">
    <L [1] 
        <L [2] 
            <A [7] "WORK_ID">
            <A [16] "work202306301331">
        >
    >
>
2023-08-29 17:44:22,327[INFO ]:Queued SECS2 Message : S2F42
2023-08-29 17:44:22,329[INFO ]:SENT SECS2 Message : SSID(0), B2(2), B3(42), P(0), S(0), SB(24,987)
2023-08-29 17:44:22,329[INFO ]:>>>S2F42>>>  
<L [2] 
    <B [1] 04 >
    <L [0] >
>
2023-08-29 17:44:26,337[INFO ]:Queued SECS2 Message : S6F11
2023-08-29 17:44:26,392[INFO ]:SENT SECS2 Message : SSID(0), B2(134), B3(11), P(0), S(0), SB(9)
2023-08-29 17:44:26,393[INFO ]:>>>S6F11 W>>>  
<L [3] 
    <U4 [1] 0 >
    <U4 [1] `WorkStart` 1301 >
    <L [1] 
        <L [2] 
            <U4 [1] 1301 >
            <L [4] 
                <A [4] `ModuleID` "IP01">
                <U2 [1] `PortID` 1 >
                <A [6] `TrayID` "TRAY-1">
                <A [16] `WorkID` "work202306301331">
            >
        >
    >
>
2023-08-29 17:44:26,427[INFO ]:RECV SECS2 Message : SSID(0), B2(6), B3(12), P(0), S(0), SB(9), Length[3]
2023-08-29 17:44:26,427[DEBUG]:<<<S6F12<<<  
<B [1] 00 >
2023-08-29 17:44:31,372[INFO ]:Queued SECS2 Message : S6F11
2023-08-29 17:44:31,430[INFO ]:SENT SECS2 Message : SSID(0), B2(134), B3(11), P(0), S(0), SB(10)
2023-08-29 17:44:31,430[INFO ]:>>>S6F11 W>>>  
<L [3] 
    <U4 [1] 0 >
    <U4 [1] `ProcessStart` 1311 >
    <L [0] >
>
2023-08-29 17:44:31,489[INFO ]:RECV SECS2 Message : SSID(0), B2(6), B3(12), P(0), S(0), SB(10), Length[3]
2023-08-29 17:44:31,489[DEBUG]:<<<S6F12<<<  
<B [1] 00 >
2023-08-29 17:44:34,810[INFO ]:Queued SECS2 Message : S6F11
2023-08-29 17:44:34,831[INFO ]:SENT SECS2 Message : SSID(0), B2(134), B3(11), P(0), S(0), SB(11)
2023-08-29 17:44:34,831[INFO ]:>>>S6F11 W>>>  
<L [3] 
    <U4 [1] 0 >
    <U4 [1] `ModuleStart` 1101 >
    <L [1] 
        <L [2] 
            <U4 [1] 1101 >
            <L [7] 
                <A [4] `ModuleID` "TM01">
                <U2 [1] `PortID` 1 >
                <A [6] `TrayID` "TRAY-1">
                <A [13] `LotID` "LOT_230217005">
                <U2 [1] `SlotNo` 0 >
                <A [0] `GlassID` >
                <A [6] `UserId` "TEST-1">
            >
        >
    >
>
2023-08-29 17:44:34,906[INFO ]:RECV SECS2 Message : SSID(0), B2(6), B3(12), P(0), S(0), SB(11), Length[3]
2023-08-29 17:44:34,906[DEBUG]:<<<S6F12<<<  
<B [1] 00 >
2023-08-29 17:44:41,538[INFO ]:Queued SECS2 Message : S6F11
2023-08-29 17:44:41,578[INFO ]:SENT SECS2 Message : SSID(0), B2(134), B3(11), P(0), S(0), SB(12)
2023-08-29 17:44:41,578[INFO ]:>>>S6F11 W>>>  
<L [3] 
    <U4 [1] 0 >
    <U4 [1] `SubstrateLocationOccupied` 1201 >
    <L [1] 
        <L [2] 
            <U4 [1] 1201 >
            <L [2] 
                <A [4] `ModuleID` "TM01">
                <A [0] `GlassID` >
            >
        >
    >
>
2023-08-29 17:44:41,654[INFO ]:RECV SECS2 Message : SSID(0), B2(6), B3(12), P(0), S(0), SB(12), Length[3]
2023-08-29 17:44:41,654[DEBUG]:<<<S6F12<<<  
<B [1] 00 >
2023-08-29 17:44:48,345[INFO ]:Queued SECS2 Message : S6F11
2023-08-29 17:44:48,346[INFO ]:Queued SECS2 Message : S6F11
2023-08-29 17:44:48,360[INFO ]:SENT SECS2 Message : SSID(0), B2(134), B3(11), P(0), S(0), SB(13)
2023-08-29 17:44:48,360[INFO ]:>>>S6F11 W>>>  
<L [3] 
    <U4 [1] 0 >
    <U4 [1] `SubstrateLocationUnoccupied` 1202 >
    <L [1] 
        <L [2] 
            <U4 [1] 1202 >
            <L [2] 
                <A [4] `ModuleID` "TM01">
                <A [0] `GlassID` >
            >
        >
    >
>
2023-08-29 17:44:48,360[INFO ]:SENT SECS2 Message : SSID(0), B2(134), B3(11), P(0), S(0), SB(14)
2023-08-29 17:44:48,360[INFO ]:>>>S6F11 W>>>  
<L [3] 
    <U4 [1] 0 >
    <U4 [1] `ModuleStart` 1101 >
    <L [1] 
        <L [2] 
            <U4 [1] 1101 >
            <L [7] 
                <A [4] `ModuleID` "BF01">
                <U2 [1] `PortID` 1 >
                <A [6] `TrayID` "TRAY-1">
                <A [13] `LotID` "LOT_230217005">
                <U2 [1] `SlotNo` 0 >
                <A [0] `GlassID` >
                <A [6] `UserId` "TEST-1">
            >
        >
    >
>
2023-08-29 17:44:48,391[INFO ]:RECV SECS2 Message : SSID(0), B2(6), B3(12), P(0), S(0), SB(13), Length[3]
2023-08-29 17:44:48,391[DEBUG]:<<<S6F12<<<  
<B [1] 00 >
2023-08-29 17:44:48,466[INFO ]:RECV SECS2 Message : SSID(0), B2(6), B3(12), P(0), S(0), SB(14), Length[3]
2023-08-29 17:44:48,467[DEBUG]:<<<S6F12<<<  
<B [1] 00 >
2023-08-29 17:44:50,038[INFO ]:Queued SECS2 Message : S6F11
2023-08-29 17:44:50,058[INFO ]:SENT SECS2 Message : SSID(0), B2(134), B3(11), P(0), S(0), SB(15)
2023-08-29 17:44:50,058[INFO ]:>>>S6F11 W>>>  
<L [3] 
    <U4 [1] 0 >
    <U4 [1] `SubstrateLocationUnoccupied` 1202 >
    <L [1] 
        <L [2] 
            <U4 [1] 1202 >
            <L [2] 
                <A [4] `ModuleID` "TM01">
                <A [0] `GlassID` >
            >
        >
    >
>
2023-08-29 17:44:50,133[INFO ]:RECV SECS2 Message : SSID(0), B2(6), B3(12), P(0), S(0), SB(15), Length[3]
2023-08-29 17:44:50,133[DEBUG]:<<<S6F12<<<  
<B [1] 00 >
2023-08-29 17:44:51,754[INFO ]:Queued SECS2 Message : S6F11
2023-08-29 17:44:51,762[INFO ]:SENT SECS2 Message : SSID(0), B2(134), B3(11), P(0), S(0), SB(16)
2023-08-29 17:44:51,762[INFO ]:>>>S6F11 W>>>  
<L [3] 
    <U4 [1] 0 >
    <U4 [1] `ModuleEnd` 1102 >
    <L [1] 
        <L [2] 
            <U4 [1] 1102 >
            <L [5] 
                <A [4] `ModuleID` "TM01">
                <A [13] `LotID` "LOT_230217005">
                <U2 [1] `SlotNo` 0 >
                <A [0] `GlassID` >
                <A [6] `UserId` "TEST-1">
            >
        >
    >
>
2023-08-29 17:44:51,807[INFO ]:RECV SECS2 Message : SSID(0), B2(6), B3(12), P(0), S(0), SB(16), Length[3]
2023-08-29 17:44:51,807[DEBUG]:<<<S6F12<<<  
<B [1] 00 >
2023-08-29 17:44:56,860[INFO ]:Queued SECS2 Message : S6F11
2023-08-29 17:44:56,915[INFO ]:SENT SECS2 Message : SSID(0), B2(134), B3(11), P(0), S(0), SB(17)
2023-08-29 17:44:56,915[INFO ]:>>>S6F11 W>>>  
<L [3] 
    <U4 [1] 0 >
    <U4 [1] `GlassIDRead` 1601 >
    <L [1] 
        <L [2] 
            <U4 [1] 1601 >
            <L [2] 
                <A [6] `TrayID` "TRAY-1">
                <A [7] `GlassID` "GLASS-1">
            >
        >
    >
>
2023-08-29 17:44:56,961[INFO ]:RECV SECS2 Message : SSID(0), B2(6), B3(12), P(0), S(0), SB(17), Length[3]
2023-08-29 17:44:56,961[DEBUG]:<<<S6F12<<<  
<B [1] 00 >
2023-08-29 17:44:58,600[INFO ]:Queued SECS2 Message : S6F11
2023-08-29 17:44:58,607[INFO ]:Queued SECS2 Message : S6F11
2023-08-29 17:44:58,609[INFO ]:SENT SECS2 Message : SSID(0), B2(134), B3(11), P(0), S(0), SB(18)
2023-08-29 17:44:58,609[INFO ]:>>>S6F11 W>>>  
<L [3] 
    <U4 [1] 0 >
    <U4 [1] `ModuleStart` 1101 >
    <L [1] 
        <L [2] 
            <U4 [1] 1101 >
            <L [7] 
                <A [4] `ModuleID` "TM01">
                <U2 [1] `PortID` 1 >
                <A [6] `TrayID` "TRAY-1">
                <A [13] `LotID` "LOT_230217005">
                <U2 [1] `SlotNo` 0 >
                <A [7] `GlassID` "GLASS-1">
                <A [6] `UserId` "TEST-1">
            >
        >
    >
>
2023-08-29 17:44:58,609[INFO ]:SENT SECS2 Message : SSID(0), B2(134), B3(11), P(0), S(0), SB(19)
2023-08-29 17:44:58,609[INFO ]:>>>S6F11 W>>>  
<L [3] 
    <U4 [1] 0 >
    <U4 [1] `SubstrateLocationOccupied` 1201 >
    <L [1] 
        <L [2] 
            <U4 [1] 1201 >
            <L [2] 
                <A [4] `ModuleID` "BF01">
                <A [7] `GlassID` "GLASS-1">
            >
        >
    >
>
2023-08-29 17:44:58,700[INFO ]:RECV SECS2 Message : SSID(0), B2(6), B3(12), P(0), S(0), SB(18), Length[3]
2023-08-29 17:44:58,700[DEBUG]:<<<S6F12<<<  
<B [1] 00 >
2023-08-29 17:44:58,700[INFO ]:RECV SECS2 Message : SSID(0), B2(6), B3(12), P(0), S(0), SB(19), Length[3]
2023-08-29 17:44:58,700[DEBUG]:<<<S6F12<<<  
<B [1] 00 >
2023-08-29 17:45:05,420[INFO ]:Queued SECS2 Message : S6F11
2023-08-29 17:45:05,460[INFO ]:SENT SECS2 Message : SSID(0), B2(134), B3(11), P(0), S(0), SB(20)
2023-08-29 17:45:05,460[INFO ]:>>>S6F11 W>>>  
<L [3] 
    <U4 [1] 0 >
    <U4 [1] `SubstrateLocationOccupied` 1201 >
    <L [1] 
        <L [2] 
            <U4 [1] 1201 >
            <L [2] 
                <A [4] `ModuleID` "TM01">
                <A [0] `GlassID` >
            >
        >
    >
>
2023-08-29 17:45:05,521[INFO ]:RECV SECS2 Message : SSID(0), B2(6), B3(12), P(0), S(0), SB(20), Length[3]
2023-08-29 17:45:05,521[DEBUG]:<<<S6F12<<<  
<B [1] 00 >
2023-08-29 17:45:07,126[INFO ]:Queued SECS2 Message : S6F11
2023-08-29 17:45:07,127[INFO ]:Queued SECS2 Message : S6F11
2023-08-29 17:45:07,157[INFO ]:SENT SECS2 Message : SSID(0), B2(134), B3(11), P(0), S(0), SB(21)
2023-08-29 17:45:07,157[INFO ]:>>>S6F11 W>>>  
<L [3] 
    <U4 [1] 0 >
    <U4 [1] `SubstrateLocationUnoccupied` 1202 >
    <L [1] 
        <L [2] 
            <U4 [1] 1202 >
            <L [2] 
                <A [4] `ModuleID` "BF01">
                <A [7] `GlassID` "GLASS-1">
            >
        >
    >
>
2023-08-29 17:45:07,158[INFO ]:SENT SECS2 Message : SSID(0), B2(134), B3(11), P(0), S(0), SB(22)
2023-08-29 17:45:07,158[INFO ]:>>>S6F11 W>>>  
<L [3] 
    <U4 [1] 0 >
    <U4 [1] `ModuleStart` 1101 >
    <L [1] 
        <L [2] 
            <U4 [1] 1101 >
            <L [7] 
                <A [5] `ModuleID` "USC01">
                <U2 [1] `PortID` 1 >
                <A [6] `TrayID` "TRAY-1">
                <A [13] `LotID` "LOT_230217005">
                <U2 [1] `SlotNo` 0 >
                <A [7] `GlassID` "GLASS-1">
                <A [6] `UserId` "TEST-1">
            >
        >
    >
>
2023-08-29 17:45:07,191[INFO ]:RECV SECS2 Message : SSID(0), B2(6), B3(12), P(0), S(0), SB(21), Length[3]
2023-08-29 17:45:07,191[DEBUG]:<<<S6F12<<<  
<B [1] 00 >
2023-08-29 17:45:07,264[INFO ]:RECV SECS2 Message : SSID(0), B2(6), B3(12), P(0), S(0), SB(22), Length[3]
2023-08-29 17:45:07,264[DEBUG]:<<<S6F12<<<  
<B [1] 00 >
2023-08-29 17:45:08,862[INFO ]:Queued SECS2 Message : S6F11
2023-08-29 17:45:08,918[INFO ]:SENT SECS2 Message : SSID(0), B2(134), B3(11), P(0), S(0), SB(23)
2023-08-29 17:45:08,918[INFO ]:>>>S6F11 W>>>  
<L [3] 
    <U4 [1] 0 >
    <U4 [1] `SubstrateLocationUnoccupied` 1202 >
    <L [1] 
        <L [2] 
            <U4 [1] 1202 >
            <L [2] 
                <A [4] `ModuleID` "BF01">
                <A [0] `GlassID` >
            >
        >
    >
>
2023-08-29 17:45:09,009[INFO ]:RECV SECS2 Message : SSID(0), B2(6), B3(12), P(0), S(0), SB(23), Length[3]
2023-08-29 17:45:09,009[DEBUG]:<<<S6F12<<<  
<B [1] 00 >
2023-08-29 17:45:10,575[INFO ]:Queued SECS2 Message : S6F11
2023-08-29 17:45:10,616[INFO ]:SENT SECS2 Message : SSID(0), B2(134), B3(11), P(0), S(0), SB(24)
2023-08-29 17:45:10,616[INFO ]:>>>S6F11 W>>>  
<L [3] 
    <U4 [1] 0 >
    <U4 [1] `ModuleEnd` 1102 >
    <L [1] 
        <L [2] 
            <U4 [1] 1102 >
            <L [5] 
                <A [4] `ModuleID` "BF01">
                <A [13] `LotID` "LOT_230217005">
                <U2 [1] `SlotNo` 0 >
                <A [0] `GlassID` >
                <A [6] `UserId` "TEST-1">
            >
        >
    >
>
2023-08-29 17:45:10,676[INFO ]:RECV SECS2 Message : SSID(0), B2(6), B3(12), P(0), S(0), SB(24), Length[3]
2023-08-29 17:45:10,677[DEBUG]:<<<S6F12<<<  
<B [1] 00 >
2023-08-29 17:45:12,312[INFO ]:Queued SECS2 Message : S6F11
2023-08-29 17:45:12,313[INFO ]:SENT SECS2 Message : SSID(0), B2(134), B3(11), P(0), S(0), SB(25)
2023-08-29 17:45:12,313[INFO ]:>>>S6F11 W>>>  
<L [3] 
    <U4 [1] 0 >
    <U4 [1] `SubstrateLocationUnoccupied` 1202 >
    <L [1] 
        <L [2] 
            <U4 [1] 1202 >
            <L [2] 
                <A [4] `ModuleID` "TM01">
                <A [0] `GlassID` >
            >
        >
    >
>
2023-08-29 17:45:12,320[INFO ]:Queued SECS2 Message : S6F11
2023-08-29 17:45:12,321[INFO ]:Queued SECS2 Message : S6F11
2023-08-29 17:45:12,349[INFO ]:RECV SECS2 Message : SSID(0), B2(6), B3(12), P(0), S(0), SB(25), Length[3]
2023-08-29 17:45:12,349[DEBUG]:<<<S6F12<<<  
<B [1] 00 >
2023-08-29 17:45:12,374[INFO ]:SENT SECS2 Message : SSID(0), B2(134), B3(11), P(0), S(0), SB(26)
2023-08-29 17:45:12,374[INFO ]:>>>S6F11 W>>>  
<L [3] 
    <U4 [1] 0 >
    <U4 [1] `SubstrateLocationOccupied` 1201 >
    <L [1] 
        <L [2] 
            <U4 [1] 1201 >
            <L [2] 
                <A [5] `ModuleID` "USC01">
                <A [7] `GlassID` "GLASS-1">
            >
        >
    >
>
2023-08-29 17:45:12,374[INFO ]:SENT SECS2 Message : SSID(0), B2(134), B3(11), P(0), S(0), SB(27)
2023-08-29 17:45:12,374[INFO ]:>>>S6F11 W>>>  
<L [3] 
    <U4 [1] 0 >
    <U4 [1] `GlassStart` 1611 >
    <L [1] 
        <L [2] 
            <U4 [1] 1611 >
            <L [6] 
                <A [5] `ModuleID` "USC01">
                <A [7] `GlassID` "GLASS-1">
                <U2 [1] `PortID` 1 >
                <A [6] `TrayID` "TRAY-1">
                <U2 [1] `SlotNo` 1 >
                <A [13] `LotID` "LOT_230217005">
            >
        >
    >
>
2023-08-29 17:45:12,419[INFO ]:RECV SECS2 Message : SSID(0), B2(6), B3(12), P(0), S(0), SB(26), Length[3]
2023-08-29 17:45:12,419[DEBUG]:<<<S6F12<<<  
<B [1] 00 >
2023-08-29 17:45:12,496[INFO ]:RECV SECS2 Message : SSID(0), B2(6), B3(12), P(0), S(0), SB(27), Length[3]
2023-08-29 17:45:12,496[DEBUG]:<<<S6F12<<<  
<B [1] 00 >
2023-08-29 17:45:14,039[INFO ]:Queued SECS2 Message : S6F11
2023-08-29 17:45:14,071[INFO ]:SENT SECS2 Message : SSID(0), B2(134), B3(11), P(0), S(0), SB(28)
2023-08-29 17:45:14,071[INFO ]:>>>S6F11 W>>>  
<L [3] 
    <U4 [1] 0 >
    <U4 [1] `SubstrateLocationUnoccupied` 1202 >
    <L [1] 
        <L [2] 
            <U4 [1] 1202 >
            <L [2] 
                <A [4] `ModuleID` "TM01">
                <A [0] `GlassID` >
            >
        >
    >
>
2023-08-29 17:45:14,098[INFO ]:RECV SECS2 Message : SSID(0), B2(6), B3(12), P(0), S(0), SB(28), Length[3]
2023-08-29 17:45:14,098[DEBUG]:<<<S6F12<<<  
<B [1] 00 >
2023-08-29 17:45:15,746[INFO ]:Queued SECS2 Message : S6F11
2023-08-29 17:45:15,772[INFO ]:SENT SECS2 Message : SSID(0), B2(134), B3(11), P(0), S(0), SB(29)
2023-08-29 17:45:15,772[INFO ]:>>>S6F11 W>>>  
<L [3] 
    <U4 [1] 0 >
    <U4 [1] `ModuleEnd` 1102 >
    <L [1] 
        <L [2] 
            <U4 [1] 1102 >
            <L [5] 
                <A [4] `ModuleID` "TM01">
                <A [13] `LotID` "LOT_230217005">
                <U2 [1] `SlotNo` 1 >
                <A [0] `GlassID` >
                <A [6] `UserId` "TEST-1">
            >
        >
    >
>
2023-08-29 17:45:15,833[INFO ]:RECV SECS2 Message : SSID(0), B2(6), B3(12), P(0), S(0), SB(29), Length[3]
2023-08-29 17:45:15,833[DEBUG]:<<<S6F12<<<  
<B [1] 00 >
2023-08-29 17:45:17,481[INFO ]:Queued SECS2 Message : S6F11
2023-08-29 17:45:17,531[INFO ]:SENT SECS2 Message : SSID(0), B2(134), B3(11), P(0), S(0), SB(30)
2023-08-29 17:45:17,531[INFO ]:>>>S6F11 W>>>  
<L [3] 
    <U4 [1] 0 >
    <U4 [1] `ModuleStart` 1101 >
    <L [1] 
        <L [2] 
            <U4 [1] 1101 >
            <L [7] 
                <A [4] `ModuleID` "BF01">
                <U2 [1] `PortID` 1 >
                <A [6] `TrayID` "TRAY-1">
                <A [13] `LotID` "LOT_230217005">
                <U2 [1] `SlotNo` 1 >
                <A [0] `GlassID` >
                <A [6] `UserId` "TEST-1">
            >
        >
    >
>
2023-08-29 17:45:17,576[INFO ]:RECV SECS2 Message : SSID(0), B2(6), B3(12), P(0), S(0), SB(30), Length[3]
2023-08-29 17:45:17,576[DEBUG]:<<<S6F12<<<  
<B [1] 00 >
2023-08-29 17:45:22,608[INFO ]:Queued SECS2 Message : S6F11
2023-08-29 17:45:22,633[INFO ]:SENT SECS2 Message : SSID(0), B2(134), B3(11), P(0), S(0), SB(31)
2023-08-29 17:45:22,634[INFO ]:>>>S6F11 W>>>  
<L [3] 
    <U4 [1] 0 >
    <U4 [1] `ModuleStart` 1101 >
    <L [1] 
        <L [2] 
            <U4 [1] 1101 >
            <L [7] 
                <A [4] `ModuleID` "TM01">
                <U2 [1] `PortID` 1 >
                <A [6] `TrayID` "TRAY-1">
                <A [13] `LotID` "LOT_230217005">
                <U2 [1] `SlotNo` 1 >
                <A [0] `GlassID` >
                <A [6] `UserId` "TEST-1">
            >
        >
    >
>
2023-08-29 17:45:22,672[INFO ]:RECV SECS2 Message : SSID(0), B2(6), B3(12), P(0), S(0), SB(31), Length[3]
2023-08-29 17:45:22,672[DEBUG]:<<<S6F12<<<  
<B [1] 00 >
2023-08-29 17:45:26,011[INFO ]:Queued SECS2 Message : S6F11
2023-08-29 17:45:26,030[INFO ]:SENT SECS2 Message : SSID(0), B2(134), B3(11), P(0), S(0), SB(32)
2023-08-29 17:45:26,030[INFO ]:>>>S6F11 W>>>  
<L [3] 
    <U4 [1] 0 >
    <U4 [1] `GlassIDRead` 1601 >
    <L [1] 
        <L [2] 
            <U4 [1] 1601 >
            <L [2] 
                <A [6] `TrayID` "TRAY-1">
                <A [7] `GlassID` "GLASS-2">
            >
        >
    >
>
2023-08-29 17:45:26,076[INFO ]:RECV SECS2 Message : SSID(0), B2(6), B3(12), P(0), S(0), SB(32), Length[3]
2023-08-29 17:45:26,076[DEBUG]:<<<S6F12<<<  
<B [1] 00 >
2023-08-29 17:45:27,708[INFO ]:Queued SECS2 Message : S6F11
2023-08-29 17:45:27,733[INFO ]:SENT SECS2 Message : SSID(0), B2(134), B3(11), P(0), S(0), SB(34)
2023-08-29 17:45:27,733[INFO ]:>>>S6F11 W>>>  
<L [3] 
    <U4 [1] 0 >
    <U4 [1] `SubstrateLocationOccupied` 1201 >
    <L [1] 
        <L [2] 
            <U4 [1] 1201 >
            <L [2] 
                <A [4] `ModuleID` "BF01">
                <A [7] `GlassID` "GLASS-2">
            >
        >
    >
>
2023-08-29 17:45:27,809[INFO ]:RECV SECS2 Message : SSID(0), B2(6), B3(12), P(0), S(0), SB(34), Length[3]
2023-08-29 17:45:27,809[DEBUG]:<<<S6F12<<<  
<B [1] 00 >
2023-08-29 17:45:29,423[INFO ]:Queued SECS2 Message : S6F11
2023-08-29 17:45:29,433[INFO ]:SENT SECS2 Message : SSID(0), B2(134), B3(11), P(0), S(0), SB(35)
2023-08-29 17:45:29,434[INFO ]:>>>S6F11 W>>>  
<L [3] 
    <U4 [1] 0 >
    <U4 [1] `SubstrateLocationOccupied` 1201 >
    <L [1] 
        <L [2] 
            <U4 [1] 1201 >
            <L [2] 
                <A [4] `ModuleID` "TM01">
                <A [0] `GlassID` >
            >
        >
    >
>
2023-08-29 17:45:29,479[INFO ]:RECV SECS2 Message : SSID(0), B2(6), B3(12), P(0), S(0), SB(35), Length[3]
2023-08-29 17:45:29,479[DEBUG]:<<<S6F12<<<  
<B [1] 00 >
2023-08-29 17:45:34,517[INFO ]:Queued SECS2 Message : S6F11
2023-08-29 17:45:34,517[INFO ]:Queued SECS2 Message : S6F11
2023-08-29 17:45:34,535[INFO ]:SENT SECS2 Message : SSID(0), B2(134), B3(11), P(0), S(0), SB(36)
2023-08-29 17:45:34,535[INFO ]:>>>S6F11 W>>>  
<L [3] 
    <U4 [1] 0 >
    <U4 [1] `GlassEnd` 1612 >
    <L [1] 
        <L [2] 
            <U4 [1] 1612 >
            <L [6] 
                <A [5] `ModuleID` "USC01">
                <A [7] `GlassID` "GLASS-1">
                <U2 [1] `PortID` 1 >
                <A [6] `TrayID` "TRAY-1">
                <U2 [1] `SlotNo` 1 >
                <A [13] `LotID` "LOT_230217005">
            >
        >
    >
>
2023-08-29 17:45:34,535[INFO ]:SENT SECS2 Message : SSID(0), B2(134), B3(11), P(0), S(0), SB(37)
2023-08-29 17:45:34,535[INFO ]:>>>S6F11 W>>>  
<L [3] 
    <U4 [1] 0 >
    <U4 [1] `SubstrateLocationUnoccupied` 1202 >
    <L [1] 
        <L [2] 
            <U4 [1] 1202 >
            <L [2] 
                <A [5] `ModuleID` "USC01">
                <A [7] `GlassID` "GLASS-1">
            >
        >
    >
>
2023-08-29 17:45:34,627[INFO ]:RECV SECS2 Message : SSID(0), B2(6), B3(12), P(0), S(0), SB(36), Length[3]
2023-08-29 17:45:34,627[DEBUG]:<<<S6F12<<<  
<B [1] 00 >
2023-08-29 17:45:34,627[INFO ]:RECV SECS2 Message : SSID(0), B2(6), B3(12), P(0), S(0), SB(37), Length[3]
2023-08-29 17:45:34,627[DEBUG]:<<<S6F12<<<  
<B [1] 00 >
