2023-08-29 02:47:25,671[INFO ]:Queued SECS2 Message : S1F13
2023-08-29 02:47:25,688[INFO ]:SENT SECS2 Message : SSID(0), B2(129), B3(13), P(0), S(0), SB(1)
2023-08-29 02:47:25,689[INFO ]:>>>S1F13 W>>>  
<L [2] 
    <A [3] "UPK">
    <A [13] "1.0.8641.5000">
>
2023-08-29 02:47:25,716[INFO ]:RECV SECS2 Message : SSID(0), B2(1), B3(14), P(0), S(0), SB(1), Length[7]
2023-08-29 02:47:25,716[DEBUG]:<<<S1F14<<<  
<L [2] 
    <B [1] 00 >
    <L [0] >
>
2023-08-29 02:47:47,265[INFO ]:RECV SECS2 Message : SSID(0), B2(129), B3(3), P(0), S(0), SB(27,007), Length[14]
2023-08-29 02:47:47,266[DEBUG]:<<<S1F3 W<<<  
<L [2] 
    <U4 [1] 205 >
    <U4 [1] 206 >
>
2023-08-29 02:47:47,269[INFO ]:Queued SECS2 Message : S1F4
2023-08-29 02:47:47,321[INFO ]:SENT SECS2 Message : SSID(0), B2(1), B3(4), P(0), S(0), SB(27,007)
2023-08-29 02:47:47,321[INFO ]:>>>S1F4>>>  
<L [2] 
    <A [0] >
    <A [1] "2">
>
