2023-08-30 10:36:13,428[INFO ]:Queued SECS2 Message : S1F13
2023-08-30 10:36:13,487[INFO ]:SENT SECS2 Message : SSID(0), B2(129), B3(13), P(0), S(0), SB(1)
2023-08-30 10:36:13,491[INFO ]:>>>S1F13 W>>>  
<L [2] 
    <A [3] "UPK">
    <A [14] "1.0.8642.19053">
>
2023-08-30 10:36:13,520[INFO ]:RECV SECS2 Message : SSID(0), B2(1), B3(14), P(0), S(0), SB(1), Length[7]
2023-08-30 10:36:13,520[DEBUG]:<<<S1F14<<<  
<L [2] 
    <B [1] 00 >
    <L [0] >
>
2023-08-30 10:36:17,907[INFO ]:Queued SECS2 Message : S6F11
2023-08-30 10:36:17,916[INFO ]:SENT SECS2 Message : SSID(0), B2(134), B3(11), P(0), S(0), SB(2)
2023-08-30 10:36:17,916[INFO ]:>>>S6F11 W>>>  
<L [3] 
    <U4 [1] 0 >
    <U4 [1] `PortTransferBlocked` 1503 >
    <L [1] 
        <L [2] 
            <U4 [1] 1503 >
            <L [2] 
                <U2 [1] `PortID` 1 >
                <A [6] `UserId` "TEST-1">
            >
        >
    >
>
2023-08-30 10:36:17,994[INFO ]:RECV SECS2 Message : SSID(0), B2(6), B3(12), P(0), S(0), SB(2), Length[3]
2023-08-30 10:36:17,995[DEBUG]:<<<S6F12<<<  
<B [1] 00 >
2023-08-30 10:36:18,060[INFO ]:Queued SECS2 Message : S6F11
2023-08-30 10:36:18,101[INFO ]:SENT SECS2 Message : SSID(0), B2(134), B3(11), P(0), S(0), SB(3)
2023-08-30 10:36:18,102[INFO ]:>>>S6F11 W>>>  
<L [3] 
    <U4 [1] 0 >
    <U4 [1] `EquipmentStateChanged` 1051 >
    <L [1] 
        <L [2] 
            <U4 [1] 1051 >
            <L [2] 
                <U2 [1] `EqpState` 2 >
                <U2 [1] `PreviousEqpState` 1 >
            >
        >
    >
>
2023-08-30 10:36:18,147[INFO ]:RECV SECS2 Message : SSID(0), B2(6), B3(12), P(0), S(0), SB(3), Length[3]
2023-08-30 10:36:18,147[DEBUG]:<<<S6F12<<<  
<B [1] 00 >
2023-08-30 10:36:18,350[INFO ]:Queued SECS2 Message : S6F11
2023-08-30 10:36:18,406[INFO ]:SENT SECS2 Message : SSID(0), B2(134), B3(11), P(0), S(0), SB(4)
2023-08-30 10:36:18,406[INFO ]:>>>S6F11 W>>>  
<L [3] 
    <U4 [1] 0 >
    <U4 [1] `TrayIDRead` 1411 >
    <L [1] 
        <L [2] 
            <U4 [1] 1411 >
            <L [4] 
                <U2 [1] `PortID` 1 >
                <A [6] `TrayID` "TRAY-1">
                <A [6] `TrayID` "TRAY-1">
                <A [6] `UserId` "TEST-1">
            >
        >
    >
>
2023-08-30 10:36:18,451[INFO ]:RECV SECS2 Message : SSID(0), B2(6), B3(12), P(0), S(0), SB(4), Length[3]
2023-08-30 10:36:18,451[DEBUG]:<<<S6F12<<<  
<B [1] 00 >
2023-08-30 10:36:29,723[INFO ]:RECV SECS2 Message : SSID(0), B2(131), B3(41), P(0), S(0), SB(4,780), Length[566]
2023-08-30 10:36:29,728[DEBUG]:<<<S3F41 W<<<  
<L [3] 
    <A [9] "WorkOrder">
    <A [8] "AP-MR-01">
    <L [1] 
        <L [2] 
            <A [1] "0">
            <L [1] 
                <L [6] 
                    <L [2] 
                        <A [10] "sorterType">
                        <A [0] >
                    >
                    <L [2] 
                        <A [8] "inPortId">
                        <A [1] "1">
                    >
                    <L [2] 
                        <A [8] "inCarrId">
                        <A [6] "TRAY-1">
                    >
                    <L [2] 
                        <A [9] "outPortId">
                        <A [1] "2">
                    >
                    <L [2] 
                        <A [9] "outCarrId">
                        <A [1] "0">
                    >
                    <L [1] 
                        <L [2] 
                            <L [2] 
                                <A [4] "PPID">
                                <A [6] "RCP001">
                            >
                            <L [2] 
                                <A [9] "SLOT_DATA">
                                <L [3] 
                                    <L [7] 
                                        <L [2] 
                                            <A [12] "inCarrSlotNo">
                                            <A [1] "1">
                                        >
                                        <L [2] 
                                            <A [10] "manualInsp">
                                            <A [1] "N">
                                        >
                                        <L [2] 
                                            <A [10] "prodMtrlId">
                                            <A [7] "GLASS-1">
                                        >
                                        <L [2] 
                                            <A [9] "slotState">
                                            <A [1] "1">
                                        >
                                        <L [2] 
                                            <A [13] "outCarrSlotNo">
                                            <A [1] "6">
                                        >
                                        <L [2] 
                                            <A [5] "lotId">
                                            <A [13] "LOT_230217005">
                                        >
                                        <L [2] 
                                            <A [8] "mtrlFace">
                                            <A [3] "TBT">
                                        >
                                    >
                                    <L [7] 
                                        <L [2] 
                                            <A [12] "inCarrSlotNo">
                                            <A [1] "2">
                                        >
                                        <L [2] 
                                            <A [10] "manualInsp">
                                            <A [1] "N">
                                        >
                                        <L [2] 
                                            <A [10] "prodMtrlId">
                                            <A [7] "GLASS-2">
                                        >
                                        <L [2] 
                                            <A [9] "slotState">
                                            <A [1] "1">
                                        >
                                        <L [2] 
                                            <A [13] "outCarrSlotNo">
                                            <A [1] "7">
                                        >
                                        <L [2] 
                                            <A [5] "lotId">
                                            <A [13] "LOT_230217005">
                                        >
                                        <L [2] 
                                            <A [8] "mtrlFace">
                                            <A [3] "TBT">
                                        >
                                    >
                                    <L [7] 
                                        <L [2] 
                                            <A [12] "inCarrSlotNo">
                                            <A [1] "3">
                                        >
                                        <L [2] 
                                            <A [10] "manualInsp">
                                            <A [1] "N">
                                        >
                                        <L [2] 
                                            <A [10] "prodMtrlId">
                                            <A [7] "GLASS-3">
                                        >
                                        <L [2] 
                                            <A [9] "slotState">
                                            <A [1] "1">
                                        >
                                        <L [2] 
                                            <A [13] "outCarrSlotNo">
                                            <A [1] "9">
                                        >
                                        <L [2] 
                                            <A [5] "lotId">
                                            <A [13] "LOT_230217005">
                                        >
                                        <L [2] 
                                            <A [8] "mtrlFace">
                                            <A [3] "TBT">
                                        >
                                    >
                                >
                            >
                        >
                    >
                >
            >
        >
    >
>
2023-08-30 10:36:29,831[INFO ]:Queued SECS2 Message : S3F42
2023-08-30 10:36:29,874[INFO ]:SENT SECS2 Message : SSID(0), B2(3), B3(42), P(0), S(0), SB(4,780)
2023-08-30 10:36:29,874[INFO ]:>>>S3F42>>>  
<B [1] 00 >
2023-08-30 10:37:12,808[INFO ]:RECV SECS2 Message : SSID(0), B2(131), B3(41), P(0), S(0), SB(4,786), Length[566]
2023-08-30 10:37:12,808[DEBUG]:<<<S3F41 W<<<  
<L [3] 
    <A [9] "WorkOrder">
    <A [8] "AP-MR-01">
    <L [1] 
        <L [2] 
            <A [1] "0">
            <L [1] 
                <L [6] 
                    <L [2] 
                        <A [10] "sorterType">
                        <A [0] >
                    >
                    <L [2] 
                        <A [8] "inPortId">
                        <A [1] "1">
                    >
                    <L [2] 
                        <A [8] "inCarrId">
                        <A [6] "TRAY-1">
                    >
                    <L [2] 
                        <A [9] "outPortId">
                        <A [1] "2">
                    >
                    <L [2] 
                        <A [9] "outCarrId">
                        <A [1] "0">
                    >
                    <L [1] 
                        <L [2] 
                            <L [2] 
                                <A [4] "PPID">
                                <A [6] "RCP001">
                            >
                            <L [2] 
                                <A [9] "SLOT_DATA">
                                <L [3] 
                                    <L [7] 
                                        <L [2] 
                                            <A [12] "inCarrSlotNo">
                                            <A [1] "1">
                                        >
                                        <L [2] 
                                            <A [10] "manualInsp">
                                            <A [1] "N">
                                        >
                                        <L [2] 
                                            <A [10] "prodMtrlId">
                                            <A [7] "GLASS-1">
                                        >
                                        <L [2] 
                                            <A [9] "slotState">
                                            <A [1] "1">
                                        >
                                        <L [2] 
                                            <A [13] "outCarrSlotNo">
                                            <A [1] "6">
                                        >
                                        <L [2] 
                                            <A [5] "lotId">
                                            <A [13] "LOT_230217005">
                                        >
                                        <L [2] 
                                            <A [8] "mtrlFace">
                                            <A [3] "TBT">
                                        >
                                    >
                                    <L [7] 
                                        <L [2] 
                                            <A [12] "inCarrSlotNo">
                                            <A [1] "2">
                                        >
                                        <L [2] 
                                            <A [10] "manualInsp">
                                            <A [1] "N">
                                        >
                                        <L [2] 
                                            <A [10] "prodMtrlId">
                                            <A [7] "GLASS-2">
                                        >
                                        <L [2] 
                                            <A [9] "slotState">
                                            <A [1] "1">
                                        >
                                        <L [2] 
                                            <A [13] "outCarrSlotNo">
                                            <A [1] "7">
                                        >
                                        <L [2] 
                                            <A [5] "lotId">
                                            <A [13] "LOT_230217005">
                                        >
                                        <L [2] 
                                            <A [8] "mtrlFace">
                                            <A [3] "TBT">
                                        >
                                    >
                                    <L [7] 
                                        <L [2] 
                                            <A [12] "inCarrSlotNo">
                                            <A [1] "3">
                                        >
                                        <L [2] 
                                            <A [10] "manualInsp">
                                            <A [1] "N">
                                        >
                                        <L [2] 
                                            <A [10] "prodMtrlId">
                                            <A [7] "GLASS-3">
                                        >
                                        <L [2] 
                                            <A [9] "slotState">
                                            <A [1] "1">
                                        >
                                        <L [2] 
                                            <A [13] "outCarrSlotNo">
                                            <A [1] "9">
                                        >
                                        <L [2] 
                                            <A [5] "lotId">
                                            <A [13] "LOT_230217005">
                                        >
                                        <L [2] 
                                            <A [8] "mtrlFace">
                                            <A [3] "TBT">
                                        >
                                    >
                                >
                            >
                        >
                    >
                >
            >
        >
    >
>
2023-08-30 10:37:12,809[INFO ]:Queued SECS2 Message : S3F42
2023-08-30 10:37:12,822[INFO ]:SENT SECS2 Message : SSID(0), B2(3), B3(42), P(0), S(0), SB(4,786)
2023-08-30 10:37:12,822[INFO ]:>>>S3F42>>>  
<B [1] 00 >
2023-08-30 10:40:22,948[INFO ]:Queued SECS2 Message : S1F13
2023-08-30 10:40:23,008[INFO ]:SENT SECS2 Message : SSID(0), B2(129), B3(13), P(0), S(0), SB(1)
2023-08-30 10:40:23,010[INFO ]:>>>S1F13 W>>>  
<L [2] 
    <A [3] "UPK">
    <A [14] "1.0.8642.19207">
>
2023-08-30 10:40:23,041[INFO ]:RECV SECS2 Message : SSID(0), B2(1), B3(14), P(0), S(0), SB(1), Length[7]
2023-08-30 10:40:23,042[DEBUG]:<<<S1F14<<<  
<L [2] 
    <B [1] 00 >
    <L [0] >
>
2023-08-30 10:41:37,204[INFO ]:Queued SECS2 Message : S1F13
2023-08-30 10:41:37,239[INFO ]:SENT SECS2 Message : SSID(0), B2(129), B3(13), P(0), S(0), SB(1)
2023-08-30 10:41:37,241[INFO ]:>>>S1F13 W>>>  
<L [2] 
    <A [3] "UPK">
    <A [14] "1.0.8642.19245">
>
2023-08-30 10:41:37,333[INFO ]:RECV SECS2 Message : SSID(0), B2(1), B3(14), P(0), S(0), SB(1), Length[7]
2023-08-30 10:41:37,334[DEBUG]:<<<S1F14<<<  
<L [2] 
    <B [1] 00 >
    <L [0] >
>
2023-08-30 10:44:34,099[INFO ]:Queued SECS2 Message : S1F13
2023-08-30 10:44:34,157[INFO ]:SENT SECS2 Message : SSID(0), B2(129), B3(13), P(0), S(0), SB(1)
2023-08-30 10:44:34,162[INFO ]:>>>S1F13 W>>>  
<L [2] 
    <A [3] "UPK">
    <A [14] "1.0.8642.19245">
>
2023-08-30 10:44:34,316[INFO ]:RECV SECS2 Message : SSID(0), B2(1), B3(14), P(0), S(0), SB(1), Length[11]
2023-08-30 10:44:34,317[DEBUG]:<<<S1F14<<<  
<L [2] 
    <B [1] 00 >
    <L [2] 
        <A [0] >
        <A [0] >
    >
>
2023-08-30 10:44:38,784[INFO ]:RECV SECS2 Message : SSID(0), B2(130), B3(31), P(0), S(0), SB(2), Length[18]
2023-08-30 10:44:38,784[DEBUG]:<<<S2F31 W<<<  
<A [16] "2023051711235100">
2023-08-30 10:44:38,800[INFO ]:Queued SECS2 Message : S2F32
2023-08-30 10:44:38,831[INFO ]:SENT SECS2 Message : SSID(0), B2(2), B3(32), P(0), S(0), SB(2)
2023-08-30 10:44:38,831[INFO ]:>>>S2F32>>>  
<B [1] 00 >
2023-08-30 10:44:40,610[INFO ]:RECV SECS2 Message : SSID(0), B2(130), B3(37), P(0), S(0), SB(4), Length[7]
2023-08-30 10:44:40,610[DEBUG]:<<<S2F37 W<<<  
<L [2] 
    <BL [1] False >
    <L [0] >
>
2023-08-30 10:44:40,619[INFO ]:Queued SECS2 Message : S2F38
2023-08-30 10:44:40,652[INFO ]:SENT SECS2 Message : SSID(0), B2(2), B3(38), P(0), S(0), SB(4)
2023-08-30 10:44:40,652[INFO ]:>>>S2F38>>>  
<B [1] 00 >
2023-08-30 10:44:42,276[INFO ]:RECV SECS2 Message : SSID(0), B2(130), B3(35), P(0), S(0), SB(6), Length[10]
2023-08-30 10:44:42,278[DEBUG]:<<<S2F35 W<<<  
<L [2] 
    <U4 [1] 0 >
    <L [0] >
>
2023-08-30 10:44:42,280[INFO ]:Queued SECS2 Message : S2F36
2023-08-30 10:44:42,292[INFO ]:SENT SECS2 Message : SSID(0), B2(2), B3(36), P(0), S(0), SB(6)
2023-08-30 10:44:42,292[INFO ]:>>>S2F36>>>  
<B [1] 00 >
2023-08-30 10:44:43,798[INFO ]:RECV SECS2 Message : SSID(0), B2(130), B3(33), P(0), S(0), SB(8), Length[10]
2023-08-30 10:44:43,798[DEBUG]:<<<S2F33 W<<<  
<L [2] 
    <U4 [1] 0 >
    <L [0] >
>
2023-08-30 10:44:43,798[INFO ]:Queued SECS2 Message : S2F34
2023-08-30 10:44:43,813[INFO ]:SENT SECS2 Message : SSID(0), B2(2), B3(34), P(0), S(0), SB(8)
2023-08-30 10:44:43,813[INFO ]:>>>S2F34>>>  
<B [1] 00 >
2023-08-30 10:44:47,046[INFO ]:RECV SECS2 Message : SSID(0), B2(130), B3(33), P(0), S(0), SB(10), Length[666]
2023-08-30 10:44:47,046[DEBUG]:<<<S2F33 W<<<  
<L [2] 
    <U4 [1] 0 >
    <L [23] 
        <L [2] 
            <U4 [1] 1001 >
            <L [2] 
                <U4 [1] 201 >
                <U4 [1] 202 >
            >
        >
        <L [2] 
            <U4 [1] 1002 >
            <L [2] 
                <U4 [1] 201 >
                <U4 [1] 202 >
            >
        >
        <L [2] 
            <U4 [1] 1003 >
            <L [2] 
                <U4 [1] 201 >
                <U4 [1] 202 >
            >
        >
        <L [2] 
            <U4 [1] 1051 >
            <L [2] 
                <U4 [1] 203 >
                <U4 [1] 204 >
            >
        >
        <L [2] 
            <U4 [1] 1061 >
            <L [2] 
                <U4 [1] 205 >
                <U4 [1] 206 >
            >
        >
        <L [2] 
            <U4 [1] 1101 >
            <L [7] 
                <U4 [1] 310 >
                <U4 [1] 312 >
                <U4 [1] 313 >
                <U4 [1] 323 >
                <U4 [1] 314 >
                <U4 [1] 311 >
                <U4 [1] 205 >
            >
        >
        <L [2] 
            <U4 [1] 1102 >
            <L [5] 
                <U4 [1] 310 >
                <U4 [1] 323 >
                <U4 [1] 314 >
                <U4 [1] 311 >
                <U4 [1] 205 >
            >
        >
        <L [2] 
            <U4 [1] 1201 >
            <L [2] 
                <U4 [1] 310 >
                <U4 [1] 311 >
            >
        >
        <L [2] 
            <U4 [1] 1202 >
            <L [2] 
                <U4 [1] 310 >
                <U4 [1] 311 >
            >
        >
        <L [2] 
            <U4 [1] 1301 >
            <L [4] 
                <U4 [1] 310 >
                <U4 [1] 312 >
                <U4 [1] 313 >
                <U4 [1] 321 >
            >
        >
        <L [2] 
            <U4 [1] 1401 >
            <L [3] 
                <U4 [1] 312 >
                <U4 [1] 313 >
                <U4 [1] 205 >
            >
        >
        <L [2] 
            <U4 [1] 1402 >
            <L [3] 
                <U4 [1] 312 >
                <U4 [1] 313 >
                <U4 [1] 205 >
            >
        >
        <L [2] 
            <U4 [1] 1403 >
            <L [3] 
                <U4 [1] 312 >
                <U4 [1] 313 >
                <U4 [1] 205 >
            >
        >
        <L [2] 
            <U4 [1] 1411 >
            <L [4] 
                <U4 [1] 312 >
                <U4 [1] 313 >
                <U4 [1] 313 >
                <U4 [1] 205 >
            >
        >
        <L [2] 
            <U4 [1] 1501 >
            <L [2] 
                <U4 [1] 312 >
                <U4 [1] 205 >
            >
        >
        <L [2] 
            <U4 [1] 1502 >
            <L [2] 
                <U4 [1] 312 >
                <U4 [1] 205 >
            >
        >
        <L [2] 
            <U4 [1] 1503 >
            <L [2] 
                <U4 [1] 312 >
                <U4 [1] 205 >
            >
        >
        <L [2] 
            <U4 [1] 1504 >
            <L [2] 
                <U4 [1] 312 >
                <U4 [1] 205 >
            >
        >
        <L [2] 
            <U4 [1] 1511 >
            <L [4] 
                <U4 [1] 312 >
                <U4 [1] 313 >
                <U4 [1] 323 >
                <U4 [1] 205 >
            >
        >
        <L [2] 
            <U4 [1] 1611 >
            <L [6] 
                <U4 [1] 310 >
                <U4 [1] 311 >
                <U4 [1] 312 >
                <U4 [1] 313 >
                <U4 [1] 314 >
                <U4 [1] 323 >
            >
        >
        <L [2] 
            <U4 [1] 1612 >
            <L [6] 
                <U4 [1] 310 >
                <U4 [1] 311 >
                <U4 [1] 312 >
                <U4 [1] 313 >
                <U4 [1] 314 >
                <U4 [1] 323 >
            >
        >
        <L [2] 
            <U4 [1] 1601 >
            <L [2] 
                <U4 [1] 313 >
                <U4 [1] 311 >
            >
        >
        <L [2] 
            <U4 [1] 1602 >
            <L [2] 
                <U4 [1] 313 >
                <U4 [1] 311 >
            >
        >
    >
>
2023-08-30 10:44:47,051[INFO ]:Queued SECS2 Message : S2F34
2023-08-30 10:44:47,091[INFO ]:SENT SECS2 Message : SSID(0), B2(2), B3(34), P(0), S(0), SB(10)
2023-08-30 10:44:47,091[INFO ]:>>>S2F34>>>  
<B [1] 00 >
2023-08-30 10:44:49,444[INFO ]:RECV SECS2 Message : SSID(0), B2(130), B3(35), P(0), S(0), SB(12), Length[394]
2023-08-30 10:44:49,444[DEBUG]:<<<S2F35 W<<<  
<L [2] 
    <U4 [1] 0 >
    <L [24] 
        <L [2] 
            <U4 [1] 1001 >
            <L [1] 
                <U4 [1] 1001 >
            >
        >
        <L [2] 
            <U4 [1] 1002 >
            <L [1] 
                <U4 [1] 1002 >
            >
        >
        <L [2] 
            <U4 [1] 1003 >
            <L [1] 
                <U4 [1] 1003 >
            >
        >
        <L [2] 
            <U4 [1] 1051 >
            <L [1] 
                <U4 [1] 1051 >
            >
        >
        <L [2] 
            <U4 [1] 1061 >
            <L [1] 
                <U4 [1] 1061 >
            >
        >
        <L [2] 
            <U4 [1] 1101 >
            <L [1] 
                <U4 [1] 1101 >
            >
        >
        <L [2] 
            <U4 [1] 1102 >
            <L [1] 
                <U4 [1] 1102 >
            >
        >
        <L [2] 
            <U4 [1] 1301 >
            <L [1] 
                <U4 [1] 1301 >
            >
        >
        <L [2] 
            <U4 [1] 1401 >
            <L [1] 
                <U4 [1] 1401 >
            >
        >
        <L [2] 
            <U4 [1] 1502 >
            <L [1] 
                <U4 [1] 1502 >
            >
        >
        <L [2] 
            <U4 [1] 1504 >
            <L [1] 
                <U4 [1] 1504 >
            >
        >
        <L [2] 
            <U4 [1] 1001 >
            <L [1] 
                <U4 [1] 1001 >
            >
        >
        <L [2] 
            <U4 [1] 1511 >
            <L [1] 
                <U4 [1] 1511 >
            >
        >
        <L [2] 
            <U4 [1] 1611 >
            <L [1] 
                <U4 [1] 1611 >
            >
        >
        <L [2] 
            <U4 [1] 1612 >
            <L [1] 
                <U4 [1] 1612 >
            >
        >
        <L [2] 
            <U4 [1] 1601 >
            <L [1] 
                <U4 [1] 1601 >
            >
        >
        <L [2] 
            <U4 [1] 1602 >
            <L [1] 
                <U4 [1] 1602 >
            >
        >
        <L [2] 
            <U4 [1] 1503 >
            <L [1] 
                <U4 [1] 1503 >
            >
        >
        <L [2] 
            <U4 [1] 1201 >
            <L [1] 
                <U4 [1] 1201 >
            >
        >
        <L [2] 
            <U4 [1] 1202 >
            <L [1] 
                <U4 [1] 1202 >
            >
        >
        <L [2] 
            <U4 [1] 1402 >
            <L [1] 
                <U4 [1] 1402 >
            >
        >
        <L [2] 
            <U4 [1] 1403 >
            <L [1] 
                <U4 [1] 1403 >
            >
        >
        <L [2] 
            <U4 [1] 1411 >
            <L [1] 
                <U4 [1] 1411 >
            >
        >
        <L [2] 
            <U4 [1] 1501 >
            <L [1] 
                <U4 [1] 1501 >
            >
        >
    >
>
2023-08-30 10:44:49,445[INFO ]:Queued SECS2 Message : S2F36
2023-08-30 10:44:49,459[INFO ]:SENT SECS2 Message : SSID(0), B2(2), B3(36), P(0), S(0), SB(12)
2023-08-30 10:44:49,459[INFO ]:>>>S2F36>>>  
<B [1] 00 >
2023-08-30 10:44:51,644[INFO ]:RECV SECS2 Message : SSID(0), B2(130), B3(37), P(0), S(0), SB(14), Length[181]
2023-08-30 10:44:51,644[DEBUG]:<<<S2F37 W<<<  
<L [2] 
    <BL [1] True >
    <L [29] 
        <U4 [1] 1504 >
        <U4 [1] 1502 >
        <U4 [1] 1401 >
        <U4 [1] 1511 >
        <U4 [1] 1101 >
        <U4 [1] 1102 >
        <U4 [1] 1061 >
        <U4 [1] 1003 >
        <U4 [1] 1002 >
        <U4 [1] 1001 >
        <U4 [1] 1051 >
        <U4 [1] 1301 >
        <U4 [1] 1015 >
        <U4 [1] 1031 >
        <U4 [1] 1032 >
        <U4 [1] 1201 >
        <U4 [1] 1202 >
        <U4 [1] 1311 >
        <U4 [1] 1312 >
        <U4 [1] 1402 >
        <U4 [1] 1403 >
        <U4 [1] 1411 >
        <U4 [1] 1412 >
        <U4 [1] 1501 >
        <U4 [1] 1503 >
        <U4 [1] 1601 >
        <U4 [1] 1602 >
        <U4 [1] 1612 >
        <U4 [1] 1611 >
    >
>
2023-08-30 10:44:51,645[INFO ]:Queued SECS2 Message : S2F38
2023-08-30 10:44:51,706[INFO ]:SENT SECS2 Message : SSID(0), B2(2), B3(38), P(0), S(0), SB(14)
2023-08-30 10:44:51,706[INFO ]:>>>S2F38>>>  
<B [1] 00 >
2023-08-30 10:44:55,191[INFO ]:RECV SECS2 Message : SSID(0), B2(129), B3(3), P(0), S(0), SB(16), Length[26]
2023-08-30 10:44:55,191[DEBUG]:<<<S1F3 W<<<  
<L [4] 
    <U4 [1] 201 >
    <U4 [1] 202 >
    <U4 [1] 203 >
    <U4 [1] 204 >
>
2023-08-30 10:44:55,196[INFO ]:Queued SECS2 Message : S1F4
2023-08-30 10:44:55,222[INFO ]:SENT SECS2 Message : SSID(0), B2(1), B3(4), P(0), S(0), SB(16)
2023-08-30 10:44:55,223[INFO ]:>>>S1F4>>>  
<L [4] 
    <U2 [1] 5 >
    <U2 [1] 3 >
    <U2 [1] 1 >
    <U2 [1] 2 >
>
2023-08-30 10:45:19,881[INFO ]:Queued SECS2 Message : S6F11
2023-08-30 10:45:19,891[INFO ]:SENT SECS2 Message : SSID(0), B2(134), B3(11), P(0), S(0), SB(2)
2023-08-30 10:45:19,891[INFO ]:>>>S6F11 W>>>  
<L [3] 
    <U4 [1] 0 >
    <U4 [1] `PortTransferBlocked` 1503 >
    <L [1] 
        <L [2] 
            <U4 [1] 1503 >
            <L [2] 
                <U2 [1] `PortID` 1 >
                <A [6] `UserId` "TEST-1">
            >
        >
    >
>
2023-08-30 10:45:20,034[INFO ]:Queued SECS2 Message : S6F11
2023-08-30 10:45:20,074[INFO ]:SENT SECS2 Message : SSID(0), B2(134), B3(11), P(0), S(0), SB(3)
2023-08-30 10:45:20,074[INFO ]:>>>S6F11 W>>>  
<L [3] 
    <U4 [1] 0 >
    <U4 [1] `EquipmentStateChanged` 1051 >
    <L [1] 
        <L [2] 
            <U4 [1] 1051 >
            <L [2] 
                <U2 [1] `EqpState` 2 >
                <U2 [1] `PreviousEqpState` 1 >
            >
        >
    >
>
2023-08-30 10:45:20,091[INFO ]:RECV SECS2 Message : SSID(0), B2(6), B3(12), P(0), S(0), SB(2), Length[3]
2023-08-30 10:45:20,091[DEBUG]:<<<S6F12<<<  
<B [1] 00 >
2023-08-30 10:45:20,226[INFO ]:RECV SECS2 Message : SSID(0), B2(6), B3(12), P(0), S(0), SB(3), Length[3]
2023-08-30 10:45:20,226[DEBUG]:<<<S6F12<<<  
<B [1] 00 >
2023-08-30 10:45:31,744[INFO ]:Queued SECS2 Message : S6F11
2023-08-30 10:45:31,801[INFO ]:SENT SECS2 Message : SSID(0), B2(134), B3(11), P(0), S(0), SB(4)
2023-08-30 10:45:31,802[INFO ]:>>>S6F11 W>>>  
<L [3] 
    <U4 [1] 0 >
    <U4 [1] `TrayIDRead` 1411 >
    <L [1] 
        <L [2] 
            <U4 [1] 1411 >
            <L [4] 
                <U2 [1] `PortID` 1 >
                <A [6] `TrayID` "TRAY-1">
                <A [6] `TrayID` "TRAY-1">
                <A [6] `UserId` "TEST-1">
            >
        >
    >
>
2023-08-30 10:45:31,953[INFO ]:RECV SECS2 Message : SSID(0), B2(6), B3(12), P(0), S(0), SB(4), Length[3]
2023-08-30 10:45:31,953[DEBUG]:<<<S6F12<<<  
<B [1] 00 >
2023-08-30 10:45:43,509[INFO ]:Queued SECS2 Message : S6F11
2023-08-30 10:45:43,520[INFO ]:SENT SECS2 Message : SSID(0), B2(134), B3(11), P(0), S(0), SB(5)
2023-08-30 10:45:43,520[INFO ]:>>>S6F11 W>>>  
<L [3] 
    <U4 [1] 0 >
    <U4 [1] `TrayLoadComplete` 1401 >
    <L [1] 
        <L [2] 
            <U4 [1] 1401 >
            <L [3] 
                <U2 [1] `PortID` 1 >
                <A [6] `TrayID` "TRAY-1">
                <A [6] `UserId` "TEST-1">
            >
        >
    >
>
2023-08-30 10:45:43,686[INFO ]:RECV SECS2 Message : SSID(0), B2(6), B3(12), P(0), S(0), SB(5), Length[3]
2023-08-30 10:45:43,686[DEBUG]:<<<S6F12<<<  
<B [1] 00 >
2023-08-30 10:47:25,697[INFO ]:RECV SECS2 Message : SSID(0), B2(131), B3(41), P(0), S(0), SB(18), Length[553]
2023-08-30 10:47:25,698[DEBUG]:<<<S3F41 W<<<  
<L [3] 
    <A [9] "WorkOrder">
    <A [10] "ToolTest-1">
    <L [1] 
        <L [2] 
            <A [1] "1">
            <L [1] 
                <L [6] 
                    <L [2] 
                        <A [10] "sorterType">
                        <A [0] >
                    >
                    <L [2] 
                        <A [8] "inPortId">
                        <A [1] "1">
                    >
                    <L [2] 
                        <A [8] "inCarrId">
                        <A [6] "TRAY-1">
                    >
                    <L [2] 
                        <A [9] "outPortId">
                        <A [1] "1">
                    >
                    <L [2] 
                        <A [9] "outCarrId">
                        <A [6] "TRAY-1">
                    >
                    <L [1] 
                        <L [2] 
                            <L [2] 
                                <A [4] "PPID">
                                <A [4] "PPID">
                            >
                            <L [2] 
                                <A [9] "SLOT_DATA">
                                <L [3] 
                                    <L [7] 
                                        <L [2] 
                                            <A [12] "inCarrSlotNo">
                                            <A [1] "1">
                                        >
                                        <L [2] 
                                            <A [10] "manualInsp">
                                            <A [1] "N">
                                        >
                                        <L [2] 
                                            <A [10] "prodMtrlId">
                                            <A [7] "GLASS01">
                                        >
                                        <L [2] 
                                            <A [9] "slotState">
                                            <A [1] "1">
                                        >
                                        <L [2] 
                                            <A [13] "outCarrSlotNo">
                                            <A [1] "1">
                                        >
                                        <L [2] 
                                            <A [5] "lotId">
                                            <A [7] "LOT_001">
                                        >
                                        <L [2] 
                                            <A [8] "mtrlFace">
                                            <A [3] "TTT">
                                        >
                                    >
                                    <L [7] 
                                        <L [2] 
                                            <A [12] "inCarrSlotNo">
                                            <A [1] "2">
                                        >
                                        <L [2] 
                                            <A [10] "manualInsp">
                                            <A [1] "N">
                                        >
                                        <L [2] 
                                            <A [10] "prodMtrlId">
                                            <A [7] "GLASS02">
                                        >
                                        <L [2] 
                                            <A [9] "slotState">
                                            <A [1] "1">
                                        >
                                        <L [2] 
                                            <A [13] "outCarrSlotNo">
                                            <A [1] "2">
                                        >
                                        <L [2] 
                                            <A [5] "lotId">
                                            <A [7] "LOT_001">
                                        >
                                        <L [2] 
                                            <A [8] "mtrlFace">
                                            <A [3] "TTT">
                                        >
                                    >
                                    <L [7] 
                                        <L [2] 
                                            <A [12] "inCarrSlotNo">
                                            <A [1] "3">
                                        >
                                        <L [2] 
                                            <A [10] "manualInsp">
                                            <A [1] "N">
                                        >
                                        <L [2] 
                                            <A [10] "prodMtrlId">
                                            <A [7] "GLASS03">
                                        >
                                        <L [2] 
                                            <A [9] "slotState">
                                            <A [1] "1">
                                        >
                                        <L [2] 
                                            <A [13] "outCarrSlotNo">
                                            <A [1] "3">
                                        >
                                        <L [2] 
                                            <A [5] "lotId">
                                            <A [7] "LOT_001">
                                        >
                                        <L [2] 
                                            <A [8] "mtrlFace">
                                            <A [3] "TTT">
                                        >
                                    >
                                >
                            >
                        >
                    >
                >
            >
        >
    >
>
2023-08-30 10:47:25,785[INFO ]:Queued SECS2 Message : S3F42
2023-08-30 10:47:25,821[INFO ]:SENT SECS2 Message : SSID(0), B2(3), B3(42), P(0), S(0), SB(18)
2023-08-30 10:47:25,821[INFO ]:>>>S3F42>>>  
<B [1] 00 >
2023-08-30 10:52:44,567[INFO ]:RECV SECS2 Message : SSID(0), B2(130), B3(41), P(0), S(0), SB(20), Length[45]
2023-08-30 10:52:44,568[DEBUG]:<<<S2F41 W<<<  
<L [2] 
    <A [10] "WORK_START">
    <L [1] 
        <L [2] 
            <A [7] "WORK_ID">
            <A [16] "work202306301331">
        >
    >
>
2023-08-30 10:52:44,571[INFO ]:Queued SECS2 Message : S2F42
2023-08-30 10:52:44,629[INFO ]:SENT SECS2 Message : SSID(0), B2(2), B3(42), P(0), S(0), SB(20)
2023-08-30 10:52:44,629[INFO ]:>>>S2F42>>>  
<L [2] 
    <B [1] 04 >
    <L [0] >
>
2023-08-30 10:52:44,984[INFO ]:Queued SECS2 Message : S6F11
2023-08-30 10:52:44,993[INFO ]:SENT SECS2 Message : SSID(0), B2(134), B3(11), P(0), S(0), SB(10)
2023-08-30 10:52:44,993[INFO ]:>>>S6F11 W>>>  
<L [3] 
    <U4 [1] 0 >
    <U4 [1] `WorkStart` 1301 >
    <L [1] 
        <L [2] 
            <U4 [1] 1301 >
            <L [4] 
                <A [4] `ModuleID` "IP01">
                <U2 [1] `PortID` 1 >
                <A [6] `TrayID` "TRAY-1">
                <A [16] `WorkID` "work202306301331">
            >
        >
    >
>
2023-08-30 10:52:45,160[INFO ]:RECV SECS2 Message : SSID(0), B2(6), B3(12), P(0), S(0), SB(10), Length[3]
2023-08-30 10:52:45,160[DEBUG]:<<<S6F12<<<  
<B [1] 00 >
2023-08-30 10:52:45,439[INFO ]:Queued SECS2 Message : S6F11
2023-08-30 10:52:45,478[INFO ]:SENT SECS2 Message : SSID(0), B2(134), B3(11), P(0), S(0), SB(11)
2023-08-30 10:52:45,478[INFO ]:>>>S6F11 W>>>  
<L [3] 
    <U4 [1] 0 >
    <U4 [1] `ProcessStart` 1311 >
    <L [0] >
>
2023-08-30 10:52:45,615[INFO ]:RECV SECS2 Message : SSID(0), B2(6), B3(12), P(0), S(0), SB(11), Length[3]
2023-08-30 10:52:45,615[DEBUG]:<<<S6F12<<<  
<B [1] 00 >
2023-08-30 10:52:45,795[INFO ]:Queued SECS2 Message : S6F11
2023-08-30 10:52:45,844[INFO ]:SENT SECS2 Message : SSID(0), B2(134), B3(11), P(0), S(0), SB(12)
2023-08-30 10:52:45,844[INFO ]:>>>S6F11 W>>>  
<L [3] 
    <U4 [1] 0 >
    <U4 [1] `ModuleStart` 1101 >
    <L [1] 
        <L [2] 
            <U4 [1] 1101 >
            <L [7] 
                <A [4] `ModuleID` "TM01">
                <U2 [1] `PortID` 1 >
                <A [6] `TrayID` "TRAY-1">
                <A [7] `LotID` "LOT_001">
                <U2 [1] `SlotNo` 0 >
                <A [0] `GlassID` >
                <A [6] `UserId` "TEST-1">
            >
        >
    >
>
2023-08-30 10:52:45,979[INFO ]:RECV SECS2 Message : SSID(0), B2(6), B3(12), P(0), S(0), SB(12), Length[3]
2023-08-30 10:52:45,979[DEBUG]:<<<S6F12<<<  
<B [1] 00 >
2023-08-30 10:52:46,393[INFO ]:Queued SECS2 Message : S6F11
2023-08-30 10:52:46,450[INFO ]:SENT SECS2 Message : SSID(0), B2(134), B3(11), P(0), S(0), SB(13)
2023-08-30 10:52:46,450[INFO ]:>>>S6F11 W>>>  
<L [3] 
    <U4 [1] 0 >
    <U4 [1] `SubstrateLocationOccupied` 1201 >
    <L [1] 
        <L [2] 
            <U4 [1] 1201 >
            <L [2] 
                <A [4] `ModuleID` "TM01">
                <A [0] `GlassID` >
            >
        >
    >
>
2023-08-30 10:52:49,222[INFO ]:RECV SECS2 Message : SSID(0), B2(6), B3(12), P(0), S(0), SB(13), Length[3]
2023-08-30 10:52:49,222[DEBUG]:<<<S6F12<<<  
<B [1] 00 >
2023-08-30 10:52:49,674[INFO ]:Queued SECS2 Message : S6F11
2023-08-30 10:52:49,675[INFO ]:Queued SECS2 Message : S6F11
2023-08-30 10:52:49,707[INFO ]:SENT SECS2 Message : SSID(0), B2(134), B3(11), P(0), S(0), SB(14)
2023-08-30 10:52:49,707[INFO ]:>>>S6F11 W>>>  
<L [3] 
    <U4 [1] 0 >
    <U4 [1] `SubstrateLocationUnoccupied` 1202 >
    <L [1] 
        <L [2] 
            <U4 [1] 1202 >
            <L [2] 
                <A [4] `ModuleID` "TM01">
                <A [0] `GlassID` >
            >
        >
    >
>
2023-08-30 10:52:49,708[INFO ]:SENT SECS2 Message : SSID(0), B2(134), B3(11), P(0), S(0), SB(15)
2023-08-30 10:52:49,708[INFO ]:>>>S6F11 W>>>  
<L [3] 
    <U4 [1] 0 >
    <U4 [1] `ModuleStart` 1101 >
    <L [1] 
        <L [2] 
            <U4 [1] 1101 >
            <L [7] 
                <A [4] `ModuleID` "BF01">
                <U2 [1] `PortID` 1 >
                <A [6] `TrayID` "TRAY-1">
                <A [7] `LotID` "LOT_001">
                <U2 [1] `SlotNo` 0 >
                <A [0] `GlassID` >
                <A [6] `UserId` "TEST-1">
            >
        >
    >
>
2023-08-30 10:52:49,840[INFO ]:Queued SECS2 Message : S6F11
2023-08-30 10:52:49,888[INFO ]:RECV SECS2 Message : SSID(0), B2(6), B3(12), P(0), S(0), SB(14), Length[3]
2023-08-30 10:52:49,888[DEBUG]:<<<S6F12<<<  
<B [1] 00 >
2023-08-30 10:52:49,888[INFO ]:SENT SECS2 Message : SSID(0), B2(134), B3(11), P(0), S(0), SB(16)
2023-08-30 10:52:49,888[INFO ]:>>>S6F11 W>>>  
<L [3] 
    <U4 [1] 0 >
    <U4 [1] `SubstrateLocationUnoccupied` 1202 >
    <L [1] 
        <L [2] 
            <U4 [1] 1202 >
            <L [2] 
                <A [4] `ModuleID` "TM01">
                <A [0] `GlassID` >
            >
        >
    >
>
2023-08-30 10:52:49,889[INFO ]:RECV SECS2 Message : SSID(0), B2(6), B3(12), P(0), S(0), SB(15), Length[3]
2023-08-30 10:52:49,889[DEBUG]:<<<S6F12<<<  
<B [1] 00 >
2023-08-30 10:52:50,003[INFO ]:Queued SECS2 Message : S6F11
2023-08-30 10:52:50,011[INFO ]:SENT SECS2 Message : SSID(0), B2(134), B3(11), P(0), S(0), SB(17)
2023-08-30 10:52:50,011[INFO ]:>>>S6F11 W>>>  
<L [3] 
    <U4 [1] 0 >
    <U4 [1] `ModuleEnd` 1102 >
    <L [1] 
        <L [2] 
            <U4 [1] 1102 >
            <L [5] 
                <A [4] `ModuleID` "TM01">
                <A [7] `LotID` "LOT_001">
                <U2 [1] `SlotNo` 0 >
                <A [0] `GlassID` >
                <A [6] `UserId` "TEST-1">
            >
        >
    >
>
2023-08-30 10:52:50,026[INFO ]:RECV SECS2 Message : SSID(0), B2(6), B3(12), P(0), S(0), SB(16), Length[3]
2023-08-30 10:52:50,026[DEBUG]:<<<S6F12<<<  
<B [1] 00 >
2023-08-30 10:52:50,103[INFO ]:RECV SECS2 Message : SSID(0), B2(6), B3(12), P(0), S(0), SB(17), Length[3]
2023-08-30 10:52:50,103[DEBUG]:<<<S6F12<<<  
<B [1] 00 >
2023-08-30 10:52:50,486[INFO ]:Queued SECS2 Message : S6F11
2023-08-30 10:52:50,496[INFO ]:SENT SECS2 Message : SSID(0), B2(134), B3(11), P(0), S(0), SB(18)
2023-08-30 10:52:50,496[INFO ]:>>>S6F11 W>>>  
<L [3] 
    <U4 [1] 0 >
    <U4 [1] `GlassIDRead` 1601 >
    <L [1] 
        <L [2] 
            <U4 [1] 1601 >
            <L [2] 
                <A [6] `TrayID` "TRAY-1">
                <A [7] `GlassID` "GLASS01">
            >
        >
    >
>
2023-08-30 10:52:50,632[INFO ]:RECV SECS2 Message : SSID(0), B2(6), B3(12), P(0), S(0), SB(18), Length[3]
2023-08-30 10:52:50,632[DEBUG]:<<<S6F12<<<  
<B [1] 00 >
2023-08-30 10:52:50,698[INFO ]:Queued SECS2 Message : S6F11
2023-08-30 10:52:50,706[INFO ]:Queued SECS2 Message : S6F11
2023-08-30 10:52:50,737[INFO ]:SENT SECS2 Message : SSID(0), B2(134), B3(11), P(0), S(0), SB(19)
2023-08-30 10:52:50,737[INFO ]:>>>S6F11 W>>>  
<L [3] 
    <U4 [1] 0 >
    <U4 [1] `ModuleStart` 1101 >
    <L [1] 
        <L [2] 
            <U4 [1] 1101 >
            <L [7] 
                <A [4] `ModuleID` "TM01">
                <U2 [1] `PortID` 1 >
                <A [6] `TrayID` "TRAY-1">
                <A [7] `LotID` "LOT_001">
                <U2 [1] `SlotNo` 0 >
                <A [7] `GlassID` "GLASS01">
                <A [6] `UserId` "TEST-1">
            >
        >
    >
>
2023-08-30 10:52:50,737[INFO ]:SENT SECS2 Message : SSID(0), B2(134), B3(11), P(0), S(0), SB(20)
2023-08-30 10:52:50,737[INFO ]:>>>S6F11 W>>>  
<L [3] 
    <U4 [1] 0 >
    <U4 [1] `SubstrateLocationOccupied` 1201 >
    <L [1] 
        <L [2] 
            <U4 [1] 1201 >
            <L [2] 
                <A [4] `ModuleID` "BF01">
                <A [7] `GlassID` "GLASS01">
            >
        >
    >
>
2023-08-30 10:52:50,921[INFO ]:RECV SECS2 Message : SSID(0), B2(6), B3(12), P(0), S(0), SB(19), Length[3]
2023-08-30 10:52:50,921[DEBUG]:<<<S6F12<<<  
<B [1] 00 >
2023-08-30 10:52:50,921[INFO ]:RECV SECS2 Message : SSID(0), B2(6), B3(12), P(0), S(0), SB(20), Length[3]
2023-08-30 10:52:50,921[DEBUG]:<<<S6F12<<<  
<B [1] 00 >
2023-08-30 10:52:51,335[INFO ]:Queued SECS2 Message : S6F11
2023-08-30 10:52:51,346[INFO ]:SENT SECS2 Message : SSID(0), B2(134), B3(11), P(0), S(0), SB(21)
2023-08-30 10:52:51,346[INFO ]:>>>S6F11 W>>>  
<L [3] 
    <U4 [1] 0 >
    <U4 [1] `SubstrateLocationOccupied` 1201 >
    <L [1] 
        <L [2] 
            <U4 [1] 1201 >
            <L [2] 
                <A [4] `ModuleID` "TM01">
                <A [0] `GlassID` >
            >
        >
    >
>
2023-08-30 10:52:51,494[INFO ]:Queued SECS2 Message : S6F11
2023-08-30 10:52:51,513[INFO ]:RECV SECS2 Message : SSID(0), B2(6), B3(12), P(0), S(0), SB(21), Length[3]
2023-08-30 10:52:51,513[DEBUG]:<<<S6F12<<<  
<B [1] 00 >
2023-08-30 10:52:51,529[INFO ]:SENT SECS2 Message : SSID(0), B2(134), B3(11), P(0), S(0), SB(22)
2023-08-30 10:52:51,529[INFO ]:>>>S6F11 W>>>  
<L [3] 
    <U4 [1] 0 >
    <U4 [1] `SubstrateLocationUnoccupied` 1202 >
    <L [1] 
        <L [2] 
            <U4 [1] 1202 >
            <L [2] 
                <A [4] `ModuleID` "BF01">
                <A [7] `GlassID` "GLASS01">
            >
        >
    >
>
2023-08-30 10:52:51,671[INFO ]:Queued SECS2 Message : S6F11
2023-08-30 10:52:51,711[INFO ]:SENT SECS2 Message : SSID(0), B2(134), B3(11), P(0), S(0), SB(23)
2023-08-30 10:52:51,711[INFO ]:>>>S6F11 W>>>  
<L [3] 
    <U4 [1] 0 >
    <U4 [1] `SubstrateLocationUnoccupied` 1202 >
    <L [1] 
        <L [2] 
            <U4 [1] 1202 >
            <L [2] 
                <A [4] `ModuleID` "BF01">
                <A [0] `GlassID` >
            >
        >
    >
>
2023-08-30 10:52:51,727[INFO ]:RECV SECS2 Message : SSID(0), B2(6), B3(12), P(0), S(0), SB(22), Length[3]
2023-08-30 10:52:51,727[DEBUG]:<<<S6F12<<<  
<B [1] 00 >
2023-08-30 10:52:51,838[INFO ]:Queued SECS2 Message : S6F11
2023-08-30 10:52:51,863[INFO ]:RECV SECS2 Message : SSID(0), B2(6), B3(12), P(0), S(0), SB(23), Length[3]
2023-08-30 10:52:51,863[DEBUG]:<<<S6F12<<<  
<B [1] 00 >
2023-08-30 10:52:51,894[INFO ]:SENT SECS2 Message : SSID(0), B2(134), B3(11), P(0), S(0), SB(24)
2023-08-30 10:52:51,894[INFO ]:>>>S6F11 W>>>  
<L [3] 
    <U4 [1] 0 >
    <U4 [1] `ModuleEnd` 1102 >
    <L [1] 
        <L [2] 
            <U4 [1] 1102 >
            <L [5] 
                <A [4] `ModuleID` "BF01">
                <A [7] `LotID` "LOT_001">
                <U2 [1] `SlotNo` 0 >
                <A [0] `GlassID` >
                <A [6] `UserId` "TEST-1">
            >
        >
    >
>
2023-08-30 10:52:52,013[INFO ]:Queued SECS2 Message : S6F11
2023-08-30 10:52:52,016[INFO ]:SENT SECS2 Message : SSID(0), B2(134), B3(11), P(0), S(0), SB(25)
2023-08-30 10:52:52,016[INFO ]:>>>S6F11 W>>>  
<L [3] 
    <U4 [1] 0 >
    <U4 [1] `SubstrateLocationUnoccupied` 1202 >
    <L [1] 
        <L [2] 
            <U4 [1] 1202 >
            <L [2] 
                <A [4] `ModuleID` "TM01">
                <A [0] `GlassID` >
            >
        >
    >
>
2023-08-30 10:52:52,077[INFO ]:RECV SECS2 Message : SSID(0), B2(6), B3(12), P(0), S(0), SB(24), Length[3]
2023-08-30 10:52:52,077[DEBUG]:<<<S6F12<<<  
<B [1] 00 >
2023-08-30 10:52:52,138[INFO ]:RECV SECS2 Message : SSID(0), B2(6), B3(12), P(0), S(0), SB(25), Length[3]
2023-08-30 10:52:52,138[DEBUG]:<<<S6F12<<<  
<B [1] 00 >
2023-08-30 10:52:52,181[INFO ]:Queued SECS2 Message : S6F11
2023-08-30 10:52:52,199[INFO ]:SENT SECS2 Message : SSID(0), B2(134), B3(11), P(0), S(0), SB(26)
2023-08-30 10:52:52,199[INFO ]:>>>S6F11 W>>>  
<L [3] 
    <U4 [1] 0 >
    <U4 [1] `SubstrateLocationUnoccupied` 1202 >
    <L [1] 
        <L [2] 
            <U4 [1] 1202 >
            <L [2] 
                <A [4] `ModuleID` "TM01">
                <A [0] `GlassID` >
            >
        >
    >
>
2023-08-30 10:52:52,338[INFO ]:Queued SECS2 Message : S6F11
2023-08-30 10:52:52,380[INFO ]:SENT SECS2 Message : SSID(0), B2(134), B3(11), P(0), S(0), SB(27)
2023-08-30 10:52:52,380[INFO ]:>>>S6F11 W>>>  
<L [3] 
    <U4 [1] 0 >
    <U4 [1] `ModuleEnd` 1102 >
    <L [1] 
        <L [2] 
            <U4 [1] 1102 >
            <L [5] 
                <A [4] `ModuleID` "TM01">
                <A [7] `LotID` "LOT_001">
                <U2 [1] `SlotNo` 0 >
                <A [0] `GlassID` >
                <A [6] `UserId` "TEST-1">
            >
        >
    >
>
2023-08-30 10:52:52,410[INFO ]:RECV SECS2 Message : SSID(0), B2(6), B3(12), P(0), S(0), SB(26), Length[3]
2023-08-30 10:52:52,410[DEBUG]:<<<S6F12<<<  
<B [1] 00 >
2023-08-30 10:52:52,514[INFO ]:Queued SECS2 Message : S6F11
2023-08-30 10:52:52,546[INFO ]:RECV SECS2 Message : SSID(0), B2(6), B3(12), P(0), S(0), SB(27), Length[3]
2023-08-30 10:52:52,546[DEBUG]:<<<S6F12<<<  
<B [1] 00 >
2023-08-30 10:52:52,560[INFO ]:SENT SECS2 Message : SSID(0), B2(134), B3(11), P(0), S(0), SB(28)
2023-08-30 10:52:52,560[INFO ]:>>>S6F11 W>>>  
<L [3] 
    <U4 [1] 0 >
    <U4 [1] `ModuleStart` 1101 >
    <L [1] 
        <L [2] 
            <U4 [1] 1101 >
            <L [7] 
                <A [4] `ModuleID` "BF01">
                <U2 [1] `PortID` 1 >
                <A [6] `TrayID` "TRAY-1">
                <A [7] `LotID` "LOT_001">
                <U2 [1] `SlotNo` 0 >
                <A [0] `GlassID` >
                <A [6] `UserId` "TEST-1">
            >
        >
    >
>
2023-08-30 10:52:52,696[INFO ]:RECV SECS2 Message : SSID(0), B2(6), B3(12), P(0), S(0), SB(28), Length[3]
2023-08-30 10:52:52,696[DEBUG]:<<<S6F12<<<  
<B [1] 00 >
2023-08-30 10:52:53,019[INFO ]:Queued SECS2 Message : S6F11
2023-08-30 10:52:53,046[INFO ]:SENT SECS2 Message : SSID(0), B2(134), B3(11), P(0), S(0), SB(29)
2023-08-30 10:52:53,046[INFO ]:>>>S6F11 W>>>  
<L [3] 
    <U4 [1] 0 >
    <U4 [1] `ModuleStart` 1101 >
    <L [1] 
        <L [2] 
            <U4 [1] 1101 >
            <L [7] 
                <A [4] `ModuleID` "TM01">
                <U2 [1] `PortID` 1 >
                <A [6] `TrayID` "TRAY-1">
                <A [7] `LotID` "LOT_001">
                <U2 [1] `SlotNo` 0 >
                <A [0] `GlassID` >
                <A [6] `UserId` "TEST-1">
            >
        >
    >
>
2023-08-30 10:52:53,213[INFO ]:RECV SECS2 Message : SSID(0), B2(6), B3(12), P(0), S(0), SB(29), Length[3]
2023-08-30 10:52:53,213[DEBUG]:<<<S6F12<<<  
<B [1] 00 >
2023-08-30 10:52:53,344[INFO ]:Queued SECS2 Message : S6F11
2023-08-30 10:52:53,349[INFO ]:SENT SECS2 Message : SSID(0), B2(134), B3(11), P(0), S(0), SB(30)
2023-08-30 10:52:53,349[INFO ]:>>>S6F11 W>>>  
<L [3] 
    <U4 [1] 0 >
    <U4 [1] `GlassIDRead` 1601 >
    <L [1] 
        <L [2] 
            <U4 [1] 1601 >
            <L [2] 
                <A [6] `TrayID` "TRAY-1">
                <A [7] `GlassID` "GLASS02">
            >
        >
    >
>
2023-08-30 10:52:53,500[INFO ]:RECV SECS2 Message : SSID(0), B2(6), B3(12), P(0), S(0), SB(30), Length[3]
2023-08-30 10:52:53,500[DEBUG]:<<<S6F12<<<  
<B [1] 00 >
2023-08-30 10:52:53,505[INFO ]:Queued SECS2 Message : S6F11
2023-08-30 10:52:53,531[INFO ]:SENT SECS2 Message : SSID(0), B2(134), B3(11), P(0), S(0), SB(31)
2023-08-30 10:52:53,531[INFO ]:>>>S6F11 W>>>  
<L [3] 
    <U4 [1] 0 >
    <U4 [1] `SubstrateLocationOccupied` 1201 >
    <L [1] 
        <L [2] 
            <U4 [1] 1201 >
            <L [2] 
                <A [4] `ModuleID` "BF01">
                <A [7] `GlassID` "GLASS02">
            >
        >
    >
>
2023-08-30 10:52:53,673[INFO ]:Queued SECS2 Message : S6F11
2023-08-30 10:52:53,714[INFO ]:RECV SECS2 Message : SSID(0), B2(6), B3(12), P(0), S(0), SB(31), Length[3]
2023-08-30 10:52:53,714[DEBUG]:<<<S6F12<<<  
<B [1] 00 >
2023-08-30 10:52:53,714[INFO ]:SENT SECS2 Message : SSID(0), B2(134), B3(11), P(0), S(0), SB(32)
2023-08-30 10:52:53,714[INFO ]:>>>S6F11 W>>>  
<L [3] 
    <U4 [1] 0 >
    <U4 [1] `SubstrateLocationOccupied` 1201 >
    <L [1] 
        <L [2] 
            <U4 [1] 1201 >
            <L [2] 
                <A [4] `ModuleID` "TM01">
                <A [0] `GlassID` >
            >
        >
    >
>
2023-08-30 10:52:53,864[INFO ]:RECV SECS2 Message : SSID(0), B2(6), B3(12), P(0), S(0), SB(32), Length[3]
2023-08-30 10:52:53,864[DEBUG]:<<<S6F12<<<  
<B [1] 00 >
2023-08-30 10:52:59,927[INFO ]:Queued SECS2 Message : S6F11
2023-08-30 10:52:59,928[INFO ]:Queued SECS2 Message : S6F11
2023-08-30 10:52:59,929[INFO ]:SENT SECS2 Message : SSID(0), B2(134), B3(11), P(0), S(0), SB(33)
2023-08-30 10:52:59,929[INFO ]:>>>S6F11 W>>>  
<L [3] 
    <U4 [1] 0 >
    <U4 [1] `GlassEnd` 1612 >
    <L [1] 
        <L [2] 
            <U4 [1] 1612 >
            <L [6] 
                <A [5] `ModuleID` "USC01">
                <A [7] `GlassID` "GLASS01">
                <U2 [1] `PortID` 1 >
                <A [6] `TrayID` "TRAY-1">
                <U2 [1] `SlotNo` 1 >
                <A [7] `LotID` "LOT_001">
            >
        >
    >
>
2023-08-30 10:52:59,929[INFO ]:SENT SECS2 Message : SSID(0), B2(134), B3(11), P(0), S(0), SB(34)
2023-08-30 10:52:59,929[INFO ]:>>>S6F11 W>>>  
<L [3] 
    <U4 [1] 0 >
    <U4 [1] `SubstrateLocationUnoccupied` 1202 >
    <L [1] 
        <L [2] 
            <U4 [1] 1202 >
            <L [2] 
                <A [5] `ModuleID` "USC01">
                <A [7] `GlassID` "GLASS01">
            >
        >
    >
>
2023-08-30 10:53:00,097[INFO ]:RECV SECS2 Message : SSID(0), B2(6), B3(12), P(0), S(0), SB(33), Length[3]
2023-08-30 10:53:00,097[DEBUG]:<<<S6F12<<<  
<B [1] 00 >
2023-08-30 10:53:00,097[INFO ]:RECV SECS2 Message : SSID(0), B2(6), B3(12), P(0), S(0), SB(34), Length[3]
2023-08-30 10:53:00,097[DEBUG]:<<<S6F12<<<  
<B [1] 00 >
2023-08-30 10:53:00,192[INFO ]:Queued SECS2 Message : S6F11
2023-08-30 10:53:00,231[INFO ]:SENT SECS2 Message : SSID(0), B2(134), B3(11), P(0), S(0), SB(35)
2023-08-30 10:53:00,231[INFO ]:>>>S6F11 W>>>  
<L [3] 
    <U4 [1] 0 >
    <U4 [1] `ModuleStart` 1101 >
    <L [1] 
        <L [2] 
            <U4 [1] 1101 >
            <L [7] 
                <A [5] `ModuleID` "USC01">
                <U2 [1] `PortID` 1 >
                <A [6] `TrayID` "TRAY-1">
                <A [7] `LotID` "LOT_001">
                <U2 [1] `SlotNo` 1 >
                <A [7] `GlassID` "GLASS01">
                <A [6] `UserId` "TEST-1">
            >
        >
    >
>
2023-08-30 10:53:00,382[INFO ]:RECV SECS2 Message : SSID(0), B2(6), B3(12), P(0), S(0), SB(35), Length[3]
2023-08-30 10:53:00,382[DEBUG]:<<<S6F12<<<  
<B [1] 00 >
2023-08-30 10:53:00,678[INFO ]:Queued SECS2 Message : S6F11
2023-08-30 10:53:00,678[INFO ]:Queued SECS2 Message : S6F11
2023-08-30 10:53:00,720[INFO ]:SENT SECS2 Message : SSID(0), B2(134), B3(11), P(0), S(0), SB(36)
2023-08-30 10:53:00,720[INFO ]:>>>S6F11 W>>>  
<L [3] 
    <U4 [1] 0 >
    <U4 [1] `SubstrateLocationOccupied` 1201 >
    <L [1] 
        <L [2] 
            <U4 [1] 1201 >
            <L [2] 
                <A [5] `ModuleID` "USC01">
                <A [7] `GlassID` "GLASS01">
            >
        >
    >
>
2023-08-30 10:53:00,720[INFO ]:SENT SECS2 Message : SSID(0), B2(134), B3(11), P(0), S(0), SB(37)
2023-08-30 10:53:00,720[INFO ]:>>>S6F11 W>>>  
<L [3] 
    <U4 [1] 0 >
    <U4 [1] `GlassStart` 1611 >
    <L [1] 
        <L [2] 
            <U4 [1] 1611 >
            <L [6] 
                <A [5] `ModuleID` "USC01">
                <A [7] `GlassID` "GLASS01">
                <U2 [1] `PortID` 1 >
                <A [6] `TrayID` "TRAY-1">
                <U2 [1] `SlotNo` 1 >
                <A [7] `LotID` "LOT_001">
            >
        >
    >
>
2023-08-30 10:53:00,903[INFO ]:RECV SECS2 Message : SSID(0), B2(6), B3(12), P(0), S(0), SB(36), Length[3]
2023-08-30 10:53:00,904[DEBUG]:<<<S6F12<<<  
<B [1] 00 >
2023-08-30 10:53:00,905[INFO ]:RECV SECS2 Message : SSID(0), B2(6), B3(12), P(0), S(0), SB(37), Length[3]
2023-08-30 10:53:00,905[DEBUG]:<<<S6F12<<<  
<B [1] 00 >
2023-08-30 10:55:53,076[INFO ]:Queued SECS2 Message : S6F11
2023-08-30 10:55:53,117[INFO ]:SENT SECS2 Message : SSID(0), B2(134), B3(11), P(0), S(0), SB(39)
2023-08-30 10:55:53,117[INFO ]:>>>S6F11 W>>>  
<L [3] 
    <U4 [1] 0 >
    <U4 [1] `ModuleEnd` 1102 >
    <L [1] 
        <L [2] 
            <U4 [1] 1102 >
            <L [5] 
                <A [5] `ModuleID` "USC01">
                <A [7] `LotID` "LOT_001">
                <U2 [1] `SlotNo` 1 >
                <A [7] `GlassID` "GLASS01">
                <A [6] `UserId` "TEST-1">
            >
        >
    >
>
2023-08-30 10:55:53,315[INFO ]:RECV SECS2 Message : SSID(0), B2(6), B3(12), P(0), S(0), SB(39), Length[3]
2023-08-30 10:55:53,316[DEBUG]:<<<S6F12<<<  
<B [1] 00 >
2023-08-30 10:55:53,419[INFO ]:Queued SECS2 Message : S6F11
2023-08-30 10:55:53,421[INFO ]:SENT SECS2 Message : SSID(0), B2(134), B3(11), P(0), S(0), SB(40)
2023-08-30 10:55:53,421[INFO ]:>>>S6F11 W>>>  
<L [3] 
    <U4 [1] 0 >
    <U4 [1] `SubstrateLocationUnoccupied` 1202 >
    <L [1] 
        <L [2] 
            <U4 [1] 1202 >
            <L [2] 
                <A [4] `ModuleID` "BF01">
                <A [7] `GlassID` "GLASS02">
            >
        >
    >
>
2023-08-30 10:55:53,586[INFO ]:Queued SECS2 Message : S6F11
2023-08-30 10:55:53,594[INFO ]:Queued SECS2 Message : S6F11
2023-08-30 10:55:53,594[INFO ]:Queued SECS2 Message : S6F11
2023-08-30 10:55:53,604[INFO ]:SENT SECS2 Message : SSID(0), B2(134), B3(11), P(0), S(0), SB(41)
2023-08-30 10:55:53,604[INFO ]:>>>S6F11 W>>>  
<L [3] 
    <U4 [1] 0 >
    <U4 [1] `SubstrateLocationUnoccupied` 1202 >
    <L [1] 
        <L [2] 
            <U4 [1] 1202 >
            <L [2] 
                <A [4] `ModuleID` "BF01">
                <A [0] `GlassID` >
            >
        >
    >
>
2023-08-30 10:55:53,604[INFO ]:RECV SECS2 Message : SSID(0), B2(6), B3(12), P(0), S(0), SB(40), Length[3]
2023-08-30 10:55:53,604[DEBUG]:<<<S6F12<<<  
<B [1] 00 >
2023-08-30 10:55:53,604[INFO ]:SENT SECS2 Message : SSID(0), B2(134), B3(11), P(0), S(0), SB(42)
2023-08-30 10:55:53,604[INFO ]:>>>S6F11 W>>>  
<L [3] 
    <U4 [1] 0 >
    <U4 [1] `GlassEnd` 1612 >
    <L [1] 
        <L [2] 
            <U4 [1] 1612 >
            <L [6] 
                <A [5] `ModuleID` "USC01">
                <A [7] `GlassID` "GLASS02">
                <U2 [1] `PortID` 1 >
                <A [6] `TrayID` "TRAY-1">
                <U2 [1] `SlotNo` 2 >
                <A [7] `LotID` "LOT_001">
            >
        >
    >
>
2023-08-30 10:55:53,604[INFO ]:SENT SECS2 Message : SSID(0), B2(134), B3(11), P(0), S(0), SB(43)
2023-08-30 10:55:53,604[INFO ]:>>>S6F11 W>>>  
<L [3] 
    <U4 [1] 0 >
    <U4 [1] `SubstrateLocationUnoccupied` 1202 >
    <L [1] 
        <L [2] 
            <U4 [1] 1202 >
            <L [2] 
                <A [5] `ModuleID` "USC01">
                <A [7] `GlassID` "GLASS02">
            >
        >
    >
>
2023-08-30 10:55:53,757[INFO ]:RECV SECS2 Message : SSID(0), B2(6), B3(12), P(0), S(0), SB(41), Length[3]
2023-08-30 10:55:53,757[DEBUG]:<<<S6F12<<<  
<B [1] 00 >
2023-08-30 10:55:53,757[INFO ]:RECV SECS2 Message : SSID(0), B2(6), B3(12), P(0), S(0), SB(42), Length[3]
2023-08-30 10:55:53,757[DEBUG]:<<<S6F12<<<  
<B [1] 00 >
2023-08-30 10:55:53,757[INFO ]:RECV SECS2 Message : SSID(0), B2(6), B3(12), P(0), S(0), SB(43), Length[3]
2023-08-30 10:55:53,757[DEBUG]:<<<S6F12<<<  
<B [1] 00 >
2023-08-30 10:55:53,763[INFO ]:Queued SECS2 Message : S6F11
2023-08-30 10:55:53,771[INFO ]:Queued SECS2 Message : S6F11
2023-08-30 10:55:53,787[INFO ]:SENT SECS2 Message : SSID(0), B2(134), B3(11), P(0), S(0), SB(44)
2023-08-30 10:55:53,787[INFO ]:>>>S6F11 W>>>  
<L [3] 
    <U4 [1] 0 >
    <U4 [1] `ModuleEnd` 1102 >
    <L [1] 
        <L [2] 
            <U4 [1] 1102 >
            <L [5] 
                <A [4] `ModuleID` "BF01">
                <A [7] `LotID` "LOT_001">
                <U2 [1] `SlotNo` 2 >
                <A [7] `GlassID` "GLASS02">
                <A [6] `UserId` "TEST-1">
            >
        >
    >
>
2023-08-30 10:55:53,787[INFO ]:SENT SECS2 Message : SSID(0), B2(134), B3(11), P(0), S(0), SB(45)
2023-08-30 10:55:53,787[INFO ]:>>>S6F11 W>>>  
<L [3] 
    <U4 [1] 0 >
    <U4 [1] `ModuleStart` 1101 >
    <L [1] 
        <L [2] 
            <U4 [1] 1101 >
            <L [7] 
                <A [5] `ModuleID` "USC01">
                <U2 [1] `PortID` 1 >
                <A [6] `TrayID` "TRAY-1">
                <A [7] `LotID` "LOT_001">
                <U2 [1] `SlotNo` 2 >
                <A [7] `GlassID` "GLASS02">
                <A [6] `UserId` "TEST-1">
            >
        >
    >
>
2023-08-30 10:55:53,955[INFO ]:Queued SECS2 Message : S6F11
2023-08-30 10:55:53,969[INFO ]:RECV SECS2 Message : SSID(0), B2(6), B3(12), P(0), S(0), SB(44), Length[3]
2023-08-30 10:55:53,969[DEBUG]:<<<S6F12<<<  
<B [1] 00 >
2023-08-30 10:55:53,969[INFO ]:SENT SECS2 Message : SSID(0), B2(134), B3(11), P(0), S(0), SB(46)
2023-08-30 10:55:53,969[INFO ]:>>>S6F11 W>>>  
<L [3] 
    <U4 [1] 0 >
    <U4 [1] `SubstrateLocationUnoccupied` 1202 >
    <L [1] 
        <L [2] 
            <U4 [1] 1202 >
            <L [2] 
                <A [4] `ModuleID` "TM01">
                <A [0] `GlassID` >
            >
        >
    >
>
2023-08-30 10:55:53,969[INFO ]:RECV SECS2 Message : SSID(0), B2(6), B3(12), P(0), S(0), SB(45), Length[3]
2023-08-30 10:55:53,969[DEBUG]:<<<S6F12<<<  
<B [1] 00 >
2023-08-30 10:55:54,106[INFO ]:RECV SECS2 Message : SSID(0), B2(6), B3(12), P(0), S(0), SB(46), Length[3]
2023-08-30 10:55:54,106[DEBUG]:<<<S6F12<<<  
<B [1] 00 >
2023-08-30 10:55:54,152[INFO ]:Queued SECS2 Message : S6F11
2023-08-30 10:55:54,152[INFO ]:SENT SECS2 Message : SSID(0), B2(134), B3(11), P(0), S(0), SB(47)
2023-08-30 10:55:54,152[INFO ]:>>>S6F11 W>>>  
<L [3] 
    <U4 [1] 0 >
    <U4 [1] `SubstrateLocationUnoccupied` 1202 >
    <L [1] 
        <L [2] 
            <U4 [1] 1202 >
            <L [2] 
                <A [4] `ModuleID` "TM01">
                <A [0] `GlassID` >
            >
        >
    >
>
2023-08-30 10:55:54,320[INFO ]:RECV SECS2 Message : SSID(0), B2(6), B3(12), P(0), S(0), SB(47), Length[3]
2023-08-30 10:55:54,320[DEBUG]:<<<S6F12<<<  
<B [1] 00 >
2023-08-30 10:55:54,325[INFO ]:Queued SECS2 Message : S6F11
2023-08-30 10:55:54,333[INFO ]:Queued SECS2 Message : S6F11
2023-08-30 10:55:54,334[INFO ]:Queued SECS2 Message : S6F11
2023-08-30 10:55:54,336[INFO ]:SENT SECS2 Message : SSID(0), B2(134), B3(11), P(0), S(0), SB(48)
2023-08-30 10:55:54,336[INFO ]:>>>S6F11 W>>>  
<L [3] 
    <U4 [1] 0 >
    <U4 [1] `ModuleEnd` 1102 >
    <L [1] 
        <L [2] 
            <U4 [1] 1102 >
            <L [5] 
                <A [4] `ModuleID` "TM01">
                <A [7] `LotID` "LOT_001">
                <U2 [1] `SlotNo` 2 >
                <A [0] `GlassID` >
                <A [6] `UserId` "TEST-1">
            >
        >
    >
>
2023-08-30 10:55:54,336[INFO ]:SENT SECS2 Message : SSID(0), B2(134), B3(11), P(0), S(0), SB(49)
2023-08-30 10:55:54,336[INFO ]:>>>S6F11 W>>>  
<L [3] 
    <U4 [1] 0 >
    <U4 [1] `SubstrateLocationOccupied` 1201 >
    <L [1] 
        <L [2] 
            <U4 [1] 1201 >
            <L [2] 
                <A [5] `ModuleID` "USC01">
                <A [7] `GlassID` "GLASS02">
            >
        >
    >
>
2023-08-30 10:55:54,336[INFO ]:SENT SECS2 Message : SSID(0), B2(134), B3(11), P(0), S(0), SB(50)
2023-08-30 10:55:54,336[INFO ]:>>>S6F11 W>>>  
<L [3] 
    <U4 [1] 0 >
    <U4 [1] `GlassStart` 1611 >
    <L [1] 
        <L [2] 
            <U4 [1] 1611 >
            <L [6] 
                <A [5] `ModuleID` "USC01">
                <A [7] `GlassID` "GLASS02">
                <U2 [1] `PortID` 1 >
                <A [6] `TrayID` "TRAY-1">
                <U2 [1] `SlotNo` 2 >
                <A [7] `LotID` "LOT_001">
            >
        >
    >
>
2023-08-30 10:55:54,472[INFO ]:RECV SECS2 Message : SSID(0), B2(6), B3(12), P(0), S(0), SB(48), Length[3]
2023-08-30 10:55:54,472[DEBUG]:<<<S6F12<<<  
<B [1] 00 >
2023-08-30 10:55:54,473[INFO ]:RECV SECS2 Message : SSID(0), B2(6), B3(12), P(0), S(0), SB(49), Length[3]
2023-08-30 10:55:54,473[DEBUG]:<<<S6F12<<<  
<B [1] 00 >
2023-08-30 10:55:54,516[INFO ]:Queued SECS2 Message : S6F11
2023-08-30 10:55:54,519[INFO ]:SENT SECS2 Message : SSID(0), B2(134), B3(11), P(0), S(0), SB(51)
2023-08-30 10:55:54,519[INFO ]:>>>S6F11 W>>>  
<L [3] 
    <U4 [1] 0 >
    <U4 [1] `ModuleStart` 1101 >
    <L [1] 
        <L [2] 
            <U4 [1] 1101 >
            <L [7] 
                <A [4] `ModuleID` "BF01">
                <U2 [1] `PortID` 1 >
                <A [6] `TrayID` "TRAY-1">
                <A [7] `LotID` "LOT_001">
                <U2 [1] `SlotNo` 2 >
                <A [7] `GlassID` "GLASS02">
                <A [6] `UserId` "TEST-1">
            >
        >
    >
>
2023-08-30 10:55:54,550[INFO ]:RECV SECS2 Message : SSID(0), B2(6), B3(12), P(0), S(0), SB(50), Length[3]
2023-08-30 10:55:54,550[DEBUG]:<<<S6F12<<<  
<B [1] 00 >
2023-08-30 10:55:54,685[INFO ]:RECV SECS2 Message : SSID(0), B2(6), B3(12), P(0), S(0), SB(51), Length[3]
2023-08-30 10:55:54,685[DEBUG]:<<<S6F12<<<  
<B [1] 00 >
2023-08-30 10:55:55,297[INFO ]:Queued SECS2 Message : S6F11
2023-08-30 10:55:55,306[INFO ]:SENT SECS2 Message : SSID(0), B2(134), B3(11), P(0), S(0), SB(52)
2023-08-30 10:55:55,306[INFO ]:>>>S6F11 W>>>  
<L [3] 
    <U4 [1] 0 >
    <U4 [1] `GlassIDRead` 1601 >
    <L [1] 
        <L [2] 
            <U4 [1] 1601 >
            <L [2] 
                <A [6] `TrayID` "TRAY-1">
                <A [7] `GlassID` "GLASS03">
            >
        >
    >
>
2023-08-30 10:55:55,465[INFO ]:Queued SECS2 Message : S6F11
2023-08-30 10:55:55,487[INFO ]:SENT SECS2 Message : SSID(0), B2(134), B3(11), P(0), S(0), SB(53)
2023-08-30 10:55:55,487[INFO ]:>>>S6F11 W>>>  
<L [3] 
    <U4 [1] 0 >
    <U4 [1] `SubstrateLocationOccupied` 1201 >
    <L [1] 
        <L [2] 
            <U4 [1] 1201 >
            <L [2] 
                <A [4] `ModuleID` "BF01">
                <A [7] `GlassID` "GLASS03">
            >
        >
    >
>
2023-08-30 10:55:55,501[INFO ]:RECV SECS2 Message : SSID(0), B2(6), B3(12), P(0), S(0), SB(52), Length[3]
2023-08-30 10:55:55,501[DEBUG]:<<<S6F12<<<  
<B [1] 00 >
2023-08-30 10:55:55,639[INFO ]:RECV SECS2 Message : SSID(0), B2(6), B3(12), P(0), S(0), SB(53), Length[3]
2023-08-30 10:55:55,639[DEBUG]:<<<S6F12<<<  
<B [1] 00 >
2023-08-30 10:56:23,108[INFO ]:Queued SECS2 Message : S6F11
2023-08-30 10:56:23,164[INFO ]:SENT SECS2 Message : SSID(0), B2(134), B3(11), P(0), S(0), SB(54)
2023-08-30 10:56:23,164[INFO ]:>>>S6F11 W>>>  
<L [3] 
    <U4 [1] 0 >
    <U4 [1] `ModuleEnd` 1102 >
    <L [1] 
        <L [2] 
            <U4 [1] 1102 >
            <L [5] 
                <A [5] `ModuleID` "USC01">
                <A [7] `LotID` "LOT_001">
                <U2 [1] `SlotNo` 2 >
                <A [7] `GlassID` "GLASS03">
                <A [6] `UserId` "TEST-1">
            >
        >
    >
>
2023-08-30 10:56:23,361[INFO ]:RECV SECS2 Message : SSID(0), B2(6), B3(12), P(0), S(0), SB(54), Length[3]
2023-08-30 10:56:23,361[DEBUG]:<<<S6F12<<<  
<B [1] 00 >
2023-08-30 10:56:23,433[INFO ]:Queued SECS2 Message : S6F11
2023-08-30 10:56:23,468[INFO ]:SENT SECS2 Message : SSID(0), B2(134), B3(11), P(0), S(0), SB(55)
2023-08-30 10:56:23,468[INFO ]:>>>S6F11 W>>>  
<L [3] 
    <U4 [1] 0 >
    <U4 [1] `SubstrateLocationUnoccupied` 1202 >
    <L [1] 
        <L [2] 
            <U4 [1] 1202 >
            <L [2] 
                <A [4] `ModuleID` "BF01">
                <A [7] `GlassID` "GLASS03">
            >
        >
    >
>
2023-08-30 10:56:23,602[INFO ]:Queued SECS2 Message : S6F11
2023-08-30 10:56:23,610[INFO ]:Queued SECS2 Message : S6F11
2023-08-30 10:56:23,611[INFO ]:Queued SECS2 Message : S6F11
2023-08-30 10:56:23,651[INFO ]:RECV SECS2 Message : SSID(0), B2(6), B3(12), P(0), S(0), SB(55), Length[3]
2023-08-30 10:56:23,651[DEBUG]:<<<S6F12<<<  
<B [1] 00 >
2023-08-30 10:56:23,651[INFO ]:SENT SECS2 Message : SSID(0), B2(134), B3(11), P(0), S(0), SB(56)
2023-08-30 10:56:23,651[INFO ]:>>>S6F11 W>>>  
<L [3] 
    <U4 [1] 0 >
    <U4 [1] `SubstrateLocationUnoccupied` 1202 >
    <L [1] 
        <L [2] 
            <U4 [1] 1202 >
            <L [2] 
                <A [4] `ModuleID` "BF01">
                <A [0] `GlassID` >
            >
        >
    >
>
2023-08-30 10:56:23,651[INFO ]:SENT SECS2 Message : SSID(0), B2(134), B3(11), P(0), S(0), SB(57)
2023-08-30 10:56:23,651[INFO ]:>>>S6F11 W>>>  
<L [3] 
    <U4 [1] 0 >
    <U4 [1] `GlassEnd` 1612 >
    <L [1] 
        <L [2] 
            <U4 [1] 1612 >
            <L [6] 
                <A [5] `ModuleID` "USC01">
                <A [7] `GlassID` "GLASS03">
                <U2 [1] `PortID` 1 >
                <A [6] `TrayID` "TRAY-1">
                <U2 [1] `SlotNo` 3 >
                <A [7] `LotID` "LOT_001">
            >
        >
    >
>
2023-08-30 10:56:23,651[INFO ]:SENT SECS2 Message : SSID(0), B2(134), B3(11), P(0), S(0), SB(58)
2023-08-30 10:56:23,651[INFO ]:>>>S6F11 W>>>  
<L [3] 
    <U4 [1] 0 >
    <U4 [1] `SubstrateLocationUnoccupied` 1202 >
    <L [1] 
        <L [2] 
            <U4 [1] 1202 >
            <L [2] 
                <A [5] `ModuleID` "USC01">
                <A [7] `GlassID` "GLASS03">
            >
        >
    >
>
2023-08-30 10:56:23,778[INFO ]:Queued SECS2 Message : S6F11
2023-08-30 10:56:23,785[INFO ]:Queued SECS2 Message : S6F11
2023-08-30 10:56:23,788[INFO ]:RECV SECS2 Message : SSID(0), B2(6), B3(12), P(0), S(0), SB(56), Length[3]
2023-08-30 10:56:23,788[DEBUG]:<<<S6F12<<<  
<B [1] 00 >
2023-08-30 10:56:23,789[INFO ]:RECV SECS2 Message : SSID(0), B2(6), B3(12), P(0), S(0), SB(57), Length[3]
2023-08-30 10:56:23,789[DEBUG]:<<<S6F12<<<  
<B [1] 00 >
2023-08-30 10:56:23,789[INFO ]:RECV SECS2 Message : SSID(0), B2(6), B3(12), P(0), S(0), SB(58), Length[3]
2023-08-30 10:56:23,789[DEBUG]:<<<S6F12<<<  
<B [1] 00 >
2023-08-30 10:56:23,793[INFO ]:Queued SECS2 Message : S6F11
2023-08-30 10:56:23,833[INFO ]:SENT SECS2 Message : SSID(0), B2(134), B3(11), P(0), S(0), SB(59)
2023-08-30 10:56:23,833[INFO ]:>>>S6F11 W>>>  
<L [3] 
    <U4 [1] 0 >
    <U4 [1] `ProcessEnd` 1312 >
    <L [0] >
>
2023-08-30 10:56:23,833[INFO ]:SENT SECS2 Message : SSID(0), B2(134), B3(11), P(0), S(0), SB(60)
2023-08-30 10:56:23,833[INFO ]:>>>S6F11 W>>>  
<L [3] 
    <U4 [1] 0 >
    <U4 [1] `ModuleEnd` 1102 >
    <L [1] 
        <L [2] 
            <U4 [1] 1102 >
            <L [5] 
                <A [4] `ModuleID` "BF01">
                <A [7] `LotID` "LOT_001">
                <U2 [1] `SlotNo` 3 >
                <A [0] `GlassID` >
                <A [6] `UserId` "TEST-1">
            >
        >
    >
>
2023-08-30 10:56:23,833[INFO ]:SENT SECS2 Message : SSID(0), B2(134), B3(11), P(0), S(0), SB(61)
2023-08-30 10:56:23,833[INFO ]:>>>S6F11 W>>>  
<L [3] 
    <U4 [1] 0 >
    <U4 [1] `ModuleStart` 1101 >
    <L [1] 
        <L [2] 
            <U4 [1] 1101 >
            <L [7] 
                <A [5] `ModuleID` "USC01">
                <U2 [1] `PortID` 1 >
                <A [6] `TrayID` "TRAY-1">
                <A [7] `LotID` "LOT_001">
                <U2 [1] `SlotNo` 3 >
                <A [0] `GlassID` >
                <A [6] `UserId` "TEST-1">
            >
        >
    >
>
2023-08-30 10:56:24,002[INFO ]:RECV SECS2 Message : SSID(0), B2(6), B3(12), P(0), S(0), SB(59), Length[3]
2023-08-30 10:56:24,003[DEBUG]:<<<S6F12<<<  
<B [1] 00 >
2023-08-30 10:56:24,003[INFO ]:RECV SECS2 Message : SSID(0), B2(6), B3(12), P(0), S(0), SB(60), Length[3]
2023-08-30 10:56:24,003[DEBUG]:<<<S6F12<<<  
<B [1] 00 >
2023-08-30 10:56:24,003[INFO ]:RECV SECS2 Message : SSID(0), B2(6), B3(12), P(0), S(0), SB(61), Length[3]
2023-08-30 10:56:24,004[DEBUG]:<<<S6F12<<<  
<B [1] 00 >
2023-08-30 10:56:24,311[INFO ]:Queued SECS2 Message : S6F11
2023-08-30 10:56:24,312[INFO ]:Queued SECS2 Message : S6F11
2023-08-30 10:56:24,322[INFO ]:SENT SECS2 Message : SSID(0), B2(134), B3(11), P(0), S(0), SB(62)
2023-08-30 10:56:24,322[INFO ]:>>>S6F11 W>>>  
<L [3] 
    <U4 [1] 0 >
    <U4 [1] `SubstrateLocationOccupied` 1201 >
    <L [1] 
        <L [2] 
            <U4 [1] 1201 >
            <L [2] 
                <A [5] `ModuleID` "USC01">
                <A [7] `GlassID` "GLASS03">
            >
        >
    >
>
2023-08-30 10:56:24,322[INFO ]:SENT SECS2 Message : SSID(0), B2(134), B3(11), P(0), S(0), SB(63)
2023-08-30 10:56:24,322[INFO ]:>>>S6F11 W>>>  
<L [3] 
    <U4 [1] 0 >
    <U4 [1] `GlassStart` 1611 >
    <L [1] 
        <L [2] 
            <U4 [1] 1611 >
            <L [6] 
                <A [5] `ModuleID` "USC01">
                <A [7] `GlassID` "GLASS03">
                <U2 [1] `PortID` 1 >
                <A [6] `TrayID` "TRAY-1">
                <U2 [1] `SlotNo` 3 >
                <A [7] `LotID` "LOT_001">
            >
        >
    >
>
2023-08-30 10:56:24,517[INFO ]:RECV SECS2 Message : SSID(0), B2(6), B3(12), P(0), S(0), SB(62), Length[3]
2023-08-30 10:56:24,517[DEBUG]:<<<S6F12<<<  
<B [1] 00 >
2023-08-30 10:56:24,518[INFO ]:RECV SECS2 Message : SSID(0), B2(6), B3(12), P(0), S(0), SB(63), Length[3]
2023-08-30 10:56:24,518[DEBUG]:<<<S6F12<<<  
<B [1] 00 >
2023-08-30 10:56:52,699[INFO ]:Queued SECS2 Message : S6F11
2023-08-30 10:56:52,726[INFO ]:SENT SECS2 Message : SSID(0), B2(134), B3(11), P(0), S(0), SB(64)
2023-08-30 10:56:52,726[INFO ]:>>>S6F11 W>>>  
<L [3] 
    <U4 [1] 0 >
    <U4 [1] `ModuleEnd` 1102 >
    <L [1] 
        <L [2] 
            <U4 [1] 1102 >
            <L [5] 
                <A [5] `ModuleID` "USC01">
                <A [7] `LotID` "LOT_001">
                <U2 [1] `SlotNo` 3 >
                <A [7] `GlassID` "GLASS03">
                <A [6] `UserId` "TEST-1">
            >
        >
    >
>
2023-08-30 10:56:52,924[INFO ]:RECV SECS2 Message : SSID(0), B2(6), B3(12), P(0), S(0), SB(64), Length[3]
2023-08-30 10:56:52,924[DEBUG]:<<<S6F12<<<  
<B [1] 00 >
