2023-08-30 11:03:59,308[INFO ]:Queued SECS2 Message : S6F11
2023-08-30 11:03:59,365[INFO ]:SENT SECS2 Message : SSID(0), B2(134), B3(11), P(0), S(0), SB(69)
2023-08-30 11:03:59,365[INFO ]:>>>S6F11 W>>>  
<L [3] 
    <U4 [1] 0 >
    <U4 [1] `PortReadyToLoad` 1502 >
    <L [1] 
        <L [2] 
            <U4 [1] 1502 >
            <L [2] 
                <U2 [1] `PortID` 1 >
                <A [6] `UserId` "TEST-1">
            >
        >
    >
>
2023-08-30 11:03:59,462[INFO ]:Queued SECS2 Message : S6F11
2023-08-30 11:03:59,487[INFO ]:SENT SECS2 Message : SSID(0), B2(134), B3(11), P(0), S(0), SB(70)
2023-08-30 11:03:59,487[INFO ]:>>>S6F11 W>>>  
<L [3] 
    <U4 [1] 0 >
    <U4 [1] `EquipmentStateChanged` 1051 >
    <L [1] 
        <L [2] 
            <U4 [1] 1051 >
            <L [2] 
                <U2 [1] `EqpState` 1 >
                <U2 [1] `PreviousEqpState` 2 >
            >
        >
    >
>
2023-08-30 11:03:59,519[INFO ]:RECV SECS2 Message : SSID(0), B2(6), B3(12), P(0), S(0), SB(69), Length[3]
2023-08-30 11:03:59,519[DEBUG]:<<<S6F12<<<  
<B [1] 00 >
2023-08-30 11:03:59,594[INFO ]:RECV SECS2 Message : SSID(0), B2(6), B3(12), P(0), S(0), SB(70), Length[3]
2023-08-30 11:03:59,594[DEBUG]:<<<S6F12<<<  
<B [1] 00 >
2023-08-30 11:04:23,423[INFO ]:RECV SECS2 Message : SSID(0), B2(130), B3(31), P(0), S(0), SB(22), Length[18]
2023-08-30 11:04:23,423[DEBUG]:<<<S2F31 W<<<  
<A [16] "2023051711235100">
2023-08-30 11:04:23,425[INFO ]:Queued SECS2 Message : S2F32
2023-08-30 11:04:23,453[INFO ]:SENT SECS2 Message : SSID(0), B2(2), B3(32), P(0), S(0), SB(22)
2023-08-30 11:04:23,453[INFO ]:>>>S2F32>>>  
<B [1] 00 >
2023-08-30 11:04:25,316[INFO ]:RECV SECS2 Message : SSID(0), B2(130), B3(37), P(0), S(0), SB(24), Length[7]
2023-08-30 11:04:25,316[DEBUG]:<<<S2F37 W<<<  
<L [2] 
    <BL [1] False >
    <L [0] >
>
2023-08-30 11:04:25,318[INFO ]:Queued SECS2 Message : S2F38
2023-08-30 11:04:25,346[INFO ]:SENT SECS2 Message : SSID(0), B2(2), B3(38), P(0), S(0), SB(24)
2023-08-30 11:04:25,346[INFO ]:>>>S2F38>>>  
<B [1] 00 >
2023-08-30 11:04:26,594[INFO ]:RECV SECS2 Message : SSID(0), B2(130), B3(35), P(0), S(0), SB(26), Length[10]
2023-08-30 11:04:26,594[DEBUG]:<<<S2F35 W<<<  
<L [2] 
    <U4 [1] 0 >
    <L [0] >
>
2023-08-30 11:04:26,595[INFO ]:Queued SECS2 Message : S2F36
2023-08-30 11:04:26,625[INFO ]:SENT SECS2 Message : SSID(0), B2(2), B3(36), P(0), S(0), SB(26)
2023-08-30 11:04:26,625[INFO ]:>>>S2F36>>>  
<B [1] 00 >
2023-08-30 11:04:28,096[INFO ]:RECV SECS2 Message : SSID(0), B2(130), B3(33), P(0), S(0), SB(28), Length[10]
2023-08-30 11:04:28,096[DEBUG]:<<<S2F33 W<<<  
<L [2] 
    <U4 [1] 0 >
    <L [0] >
>
2023-08-30 11:04:28,097[INFO ]:Queued SECS2 Message : S2F34
2023-08-30 11:04:28,143[INFO ]:SENT SECS2 Message : SSID(0), B2(2), B3(34), P(0), S(0), SB(28)
2023-08-30 11:04:28,143[INFO ]:>>>S2F34>>>  
<B [1] 00 >
2023-08-30 11:04:30,884[INFO ]:RECV SECS2 Message : SSID(0), B2(130), B3(33), P(0), S(0), SB(30), Length[748]
2023-08-30 11:04:30,884[DEBUG]:<<<S2F33 W<<<  
<L [2] 
    <U4 [1] 0 >
    <L [24] 
        <L [2] 
            <U4 [1] 1001 >
            <L [2] 
                <U4 [1] 201 >
                <U4 [1] 202 >
            >
        >
        <L [2] 
            <U4 [1] 1002 >
            <L [2] 
                <U4 [1] 201 >
                <U4 [1] 202 >
            >
        >
        <L [2] 
            <U4 [1] 1003 >
            <L [2] 
                <U4 [1] 201 >
                <U4 [1] 202 >
            >
        >
        <L [2] 
            <U4 [1] 1051 >
            <L [2] 
                <U4 [1] 203 >
                <U4 [1] 204 >
            >
        >
        <L [2] 
            <U4 [1] 1061 >
            <L [2] 
                <U4 [1] 205 >
                <U4 [1] 206 >
            >
        >
        <L [2] 
            <U4 [1] 1101 >
            <L [7] 
                <U4 [1] 310 >
                <U4 [1] 312 >
                <U4 [1] 313 >
                <U4 [1] 323 >
                <U4 [1] 314 >
                <U4 [1] 311 >
                <U4 [1] 205 >
            >
        >
        <L [2] 
            <U4 [1] 1102 >
            <L [5] 
                <U4 [1] 310 >
                <U4 [1] 323 >
                <U4 [1] 314 >
                <U4 [1] 311 >
                <U4 [1] 205 >
            >
        >
        <L [2] 
            <U4 [1] 1201 >
            <L [2] 
                <U4 [1] 310 >
                <U4 [1] 311 >
            >
        >
        <L [2] 
            <U4 [1] 1202 >
            <L [2] 
                <U4 [1] 310 >
                <U4 [1] 311 >
            >
        >
        <L [2] 
            <U4 [1] 1301 >
            <L [4] 
                <U4 [1] 310 >
                <U4 [1] 312 >
                <U4 [1] 313 >
                <U4 [1] 321 >
            >
        >
        <L [2] 
            <U4 [1] 1401 >
            <L [3] 
                <U4 [1] 312 >
                <U4 [1] 313 >
                <U4 [1] 205 >
            >
        >
        <L [2] 
            <U4 [1] 1402 >
            <L [3] 
                <U4 [1] 312 >
                <U4 [1] 313 >
                <U4 [1] 205 >
            >
        >
        <L [2] 
            <U4 [1] 1403 >
            <L [3] 
                <U4 [1] 312 >
                <U4 [1] 313 >
                <U4 [1] 205 >
            >
        >
        <L [2] 
            <U4 [1] 1411 >
            <L [4] 
                <U4 [1] 312 >
                <U4 [1] 313 >
                <U4 [1] 313 >
                <U4 [1] 205 >
            >
        >
        <L [2] 
            <U4 [1] 1501 >
            <L [2] 
                <U4 [1] 312 >
                <U4 [1] 205 >
            >
        >
        <L [2] 
            <U4 [1] 1502 >
            <L [2] 
                <U4 [1] 312 >
                <U4 [1] 205 >
            >
        >
        <L [2] 
            <U4 [1] 1503 >
            <L [2] 
                <U4 [1] 312 >
                <U4 [1] 205 >
            >
        >
        <L [2] 
            <U4 [1] 1504 >
            <L [2] 
                <U4 [1] 312 >
                <U4 [1] 205 >
            >
        >
        <L [2] 
            <U4 [1] 1511 >
            <L [4] 
                <U4 [1] 312 >
                <U4 [1] 313 >
                <U4 [1] 323 >
                <U4 [1] 205 >
            >
        >
        <L [2] 
            <U4 [1] 1611 >
            <L [6] 
                <U4 [1] 310 >
                <U4 [1] 311 >
                <U4 [1] 312 >
                <U4 [1] 313 >
                <U4 [1] 314 >
                <U4 [1] 323 >
            >
        >
        <L [2] 
            <U4 [1] 1612 >
            <L [6] 
                <U4 [1] 310 >
                <U4 [1] 311 >
                <U4 [1] 312 >
                <U4 [1] 313 >
                <U4 [1] 314 >
                <U4 [1] 323 >
            >
        >
        <L [2] 
            <U4 [1] 1601 >
            <L [2] 
                <U4 [1] 313 >
                <U4 [1] 311 >
            >
        >
        <L [2] 
            <U4 [1] 1602 >
            <L [2] 
                <U4 [1] 313 >
                <U4 [1] 311 >
            >
        >
        <L [2] 
            <U4 [13] 0 0 0 0 0 0 0 0 0 0 0 0 0 >
            <L [4] 
                <U4 [1] 310 >
                <U4 [1] 312 >
                <U4 [1] 313 >
                <U4 [1] 321 >
            >
        >
    >
>
2023-08-30 11:04:30,886[INFO ]:Queued SECS2 Message : S2F34
2023-08-30 11:04:30,944[INFO ]:SENT SECS2 Message : SSID(0), B2(2), B3(34), P(0), S(0), SB(30)
2023-08-30 11:04:30,944[INFO ]:>>>S2F34>>>  
<B [1] 00 >
2023-08-30 11:04:31,172[INFO ]:RECV SECS2 Message : SSID(0), B2(130), B3(33), P(0), S(0), SB(32), Length[748]
2023-08-30 11:04:31,172[DEBUG]:<<<S2F33 W<<<  
<L [2] 
    <U4 [1] 0 >
    <L [24] 
        <L [2] 
            <U4 [1] 1001 >
            <L [2] 
                <U4 [1] 201 >
                <U4 [1] 202 >
            >
        >
        <L [2] 
            <U4 [1] 1002 >
            <L [2] 
                <U4 [1] 201 >
                <U4 [1] 202 >
            >
        >
        <L [2] 
            <U4 [1] 1003 >
            <L [2] 
                <U4 [1] 201 >
                <U4 [1] 202 >
            >
        >
        <L [2] 
            <U4 [1] 1051 >
            <L [2] 
                <U4 [1] 203 >
                <U4 [1] 204 >
            >
        >
        <L [2] 
            <U4 [1] 1061 >
            <L [2] 
                <U4 [1] 205 >
                <U4 [1] 206 >
            >
        >
        <L [2] 
            <U4 [1] 1101 >
            <L [7] 
                <U4 [1] 310 >
                <U4 [1] 312 >
                <U4 [1] 313 >
                <U4 [1] 323 >
                <U4 [1] 314 >
                <U4 [1] 311 >
                <U4 [1] 205 >
            >
        >
        <L [2] 
            <U4 [1] 1102 >
            <L [5] 
                <U4 [1] 310 >
                <U4 [1] 323 >
                <U4 [1] 314 >
                <U4 [1] 311 >
                <U4 [1] 205 >
            >
        >
        <L [2] 
            <U4 [1] 1201 >
            <L [2] 
                <U4 [1] 310 >
                <U4 [1] 311 >
            >
        >
        <L [2] 
            <U4 [1] 1202 >
            <L [2] 
                <U4 [1] 310 >
                <U4 [1] 311 >
            >
        >
        <L [2] 
            <U4 [1] 1301 >
            <L [4] 
                <U4 [1] 310 >
                <U4 [1] 312 >
                <U4 [1] 313 >
                <U4 [1] 321 >
            >
        >
        <L [2] 
            <U4 [1] 1401 >
            <L [3] 
                <U4 [1] 312 >
                <U4 [1] 313 >
                <U4 [1] 205 >
            >
        >
        <L [2] 
            <U4 [1] 1402 >
            <L [3] 
                <U4 [1] 312 >
                <U4 [1] 313 >
                <U4 [1] 205 >
            >
        >
        <L [2] 
            <U4 [1] 1403 >
            <L [3] 
                <U4 [1] 312 >
                <U4 [1] 313 >
                <U4 [1] 205 >
            >
        >
        <L [2] 
            <U4 [1] 1411 >
            <L [4] 
                <U4 [1] 312 >
                <U4 [1] 313 >
                <U4 [1] 313 >
                <U4 [1] 205 >
            >
        >
        <L [2] 
            <U4 [1] 1501 >
            <L [2] 
                <U4 [1] 312 >
                <U4 [1] 205 >
            >
        >
        <L [2] 
            <U4 [1] 1502 >
            <L [2] 
                <U4 [1] 312 >
                <U4 [1] 205 >
            >
        >
        <L [2] 
            <U4 [1] 1503 >
            <L [2] 
                <U4 [1] 312 >
                <U4 [1] 205 >
            >
        >
        <L [2] 
            <U4 [1] 1504 >
            <L [2] 
                <U4 [1] 312 >
                <U4 [1] 205 >
            >
        >
        <L [2] 
            <U4 [1] 1511 >
            <L [4] 
                <U4 [1] 312 >
                <U4 [1] 313 >
                <U4 [1] 323 >
                <U4 [1] 205 >
            >
        >
        <L [2] 
            <U4 [1] 1611 >
            <L [6] 
                <U4 [1] 310 >
                <U4 [1] 311 >
                <U4 [1] 312 >
                <U4 [1] 313 >
                <U4 [1] 314 >
                <U4 [1] 323 >
            >
        >
        <L [2] 
            <U4 [1] 1612 >
            <L [6] 
                <U4 [1] 310 >
                <U4 [1] 311 >
                <U4 [1] 312 >
                <U4 [1] 313 >
                <U4 [1] 314 >
                <U4 [1] 323 >
            >
        >
        <L [2] 
            <U4 [1] 1601 >
            <L [2] 
                <U4 [1] 313 >
                <U4 [1] 311 >
            >
        >
        <L [2] 
            <U4 [1] 1602 >
            <L [2] 
                <U4 [1] 313 >
                <U4 [1] 311 >
            >
        >
        <L [2] 
            <U4 [13] 0 0 0 0 0 0 0 0 0 0 0 0 0 >
            <L [4] 
                <U4 [1] 310 >
                <U4 [1] 312 >
                <U4 [1] 313 >
                <U4 [1] 321 >
            >
        >
    >
>
2023-08-30 11:04:31,174[INFO ]:Queued SECS2 Message : S2F34
2023-08-30 11:04:31,187[INFO ]:SENT SECS2 Message : SSID(0), B2(2), B3(34), P(0), S(0), SB(32)
2023-08-30 11:04:31,187[INFO ]:>>>S2F34>>>  
<B [1] 03 >
2023-08-30 11:07:43,823[INFO ]:RECV SECS2 Message : SSID(0), B2(130), B3(31), P(0), S(0), SB(34), Length[18]
2023-08-30 11:07:43,823[DEBUG]:<<<S2F31 W<<<  
<A [16] "2023051711235100">
2023-08-30 11:07:43,826[INFO ]:Queued SECS2 Message : S2F32
2023-08-30 11:07:43,869[INFO ]:SENT SECS2 Message : SSID(0), B2(2), B3(32), P(0), S(0), SB(34)
2023-08-30 11:07:43,869[INFO ]:>>>S2F32>>>  
<B [1] 00 >
2023-08-30 11:07:45,485[INFO ]:RECV SECS2 Message : SSID(0), B2(130), B3(37), P(0), S(0), SB(36), Length[7]
2023-08-30 11:07:45,485[DEBUG]:<<<S2F37 W<<<  
<L [2] 
    <BL [1] False >
    <L [0] >
>
2023-08-30 11:07:45,488[INFO ]:Queued SECS2 Message : S2F38
2023-08-30 11:07:45,516[INFO ]:SENT SECS2 Message : SSID(0), B2(2), B3(38), P(0), S(0), SB(36)
2023-08-30 11:07:45,516[INFO ]:>>>S2F38>>>  
<B [1] 00 >
2023-08-30 11:07:47,146[INFO ]:RECV SECS2 Message : SSID(0), B2(130), B3(35), P(0), S(0), SB(38), Length[10]
2023-08-30 11:07:47,146[DEBUG]:<<<S2F35 W<<<  
<L [2] 
    <U4 [1] 0 >
    <L [0] >
>
2023-08-30 11:07:47,146[INFO ]:Queued SECS2 Message : S2F36
2023-08-30 11:07:47,161[INFO ]:SENT SECS2 Message : SSID(0), B2(2), B3(36), P(0), S(0), SB(38)
2023-08-30 11:07:47,161[INFO ]:>>>S2F36>>>  
<B [1] 00 >
2023-08-30 11:07:49,327[INFO ]:RECV SECS2 Message : SSID(0), B2(130), B3(33), P(0), S(0), SB(40), Length[10]
2023-08-30 11:07:49,327[DEBUG]:<<<S2F33 W<<<  
<L [2] 
    <U4 [1] 0 >
    <L [0] >
>
2023-08-30 11:07:49,328[INFO ]:Queued SECS2 Message : S2F34
2023-08-30 11:07:49,358[INFO ]:SENT SECS2 Message : SSID(0), B2(2), B3(34), P(0), S(0), SB(40)
2023-08-30 11:07:49,358[INFO ]:>>>S2F34>>>  
<B [1] 00 >
2023-08-30 11:07:53,364[INFO ]:RECV SECS2 Message : SSID(0), B2(130), B3(33), P(0), S(0), SB(42), Length[734]
2023-08-30 11:07:53,364[DEBUG]:<<<S2F33 W<<<  
<L [2] 
    <U4 [1] 0 >
    <L [25] 
        <L [2] 
            <U4 [1] 1001 >
            <L [2] 
                <U4 [1] 201 >
                <U4 [1] 202 >
            >
        >
        <L [2] 
            <U4 [1] 1002 >
            <L [2] 
                <U4 [1] 201 >
                <U4 [1] 202 >
            >
        >
        <L [2] 
            <U4 [1] 1003 >
            <L [2] 
                <U4 [1] 201 >
                <U4 [1] 202 >
            >
        >
        <L [2] 
            <U4 [1] 1051 >
            <L [2] 
                <U4 [1] 203 >
                <U4 [1] 204 >
            >
        >
        <L [2] 
            <U4 [1] 1061 >
            <L [2] 
                <U4 [1] 205 >
                <U4 [1] 206 >
            >
        >
        <L [2] 
            <U4 [1] 1101 >
            <L [7] 
                <U4 [1] 310 >
                <U4 [1] 312 >
                <U4 [1] 313 >
                <U4 [1] 323 >
                <U4 [1] 314 >
                <U4 [1] 311 >
                <U4 [1] 205 >
            >
        >
        <L [2] 
            <U4 [1] 1102 >
            <L [5] 
                <U4 [1] 310 >
                <U4 [1] 323 >
                <U4 [1] 314 >
                <U4 [1] 311 >
                <U4 [1] 205 >
            >
        >
        <L [2] 
            <U4 [1] 1201 >
            <L [2] 
                <U4 [1] 310 >
                <U4 [1] 311 >
            >
        >
        <L [2] 
            <U4 [1] 1202 >
            <L [2] 
                <U4 [1] 310 >
                <U4 [1] 311 >
            >
        >
        <L [2] 
            <U4 [1] 1301 >
            <L [4] 
                <U4 [1] 310 >
                <U4 [1] 312 >
                <U4 [1] 313 >
                <U4 [1] 321 >
            >
        >
        <L [2] 
            <U4 [1] 1401 >
            <L [3] 
                <U4 [1] 312 >
                <U4 [1] 313 >
                <U4 [1] 205 >
            >
        >
        <L [2] 
            <U4 [1] 1402 >
            <L [3] 
                <U4 [1] 312 >
                <U4 [1] 313 >
                <U4 [1] 205 >
            >
        >
        <L [2] 
            <U4 [1] 1403 >
            <L [3] 
                <U4 [1] 312 >
                <U4 [1] 313 >
                <U4 [1] 205 >
            >
        >
        <L [2] 
            <U4 [1] 1411 >
            <L [4] 
                <U4 [1] 312 >
                <U4 [1] 313 >
                <U4 [1] 313 >
                <U4 [1] 205 >
            >
        >
        <L [2] 
            <U4 [1] 1501 >
            <L [2] 
                <U4 [1] 312 >
                <U4 [1] 205 >
            >
        >
        <L [2] 
            <U4 [1] 1502 >
            <L [2] 
                <U4 [1] 312 >
                <U4 [1] 205 >
            >
        >
        <L [2] 
            <U4 [1] 1503 >
            <L [2] 
                <U4 [1] 312 >
                <U4 [1] 205 >
            >
        >
        <L [2] 
            <U4 [1] 1504 >
            <L [2] 
                <U4 [1] 312 >
                <U4 [1] 205 >
            >
        >
        <L [2] 
            <U4 [1] 1511 >
            <L [4] 
                <U4 [1] 312 >
                <U4 [1] 313 >
                <U4 [1] 323 >
                <U4 [1] 205 >
            >
        >
        <L [2] 
            <U4 [1] 1611 >
            <L [6] 
                <U4 [1] 310 >
                <U4 [1] 311 >
                <U4 [1] 312 >
                <U4 [1] 313 >
                <U4 [1] 314 >
                <U4 [1] 323 >
            >
        >
        <L [2] 
            <U4 [1] 1612 >
            <L [6] 
                <U4 [1] 310 >
                <U4 [1] 311 >
                <U4 [1] 312 >
                <U4 [1] 313 >
                <U4 [1] 314 >
                <U4 [1] 323 >
            >
        >
        <L [2] 
            <U4 [1] 1601 >
            <L [2] 
                <U4 [1] 313 >
                <U4 [1] 311 >
            >
        >
        <L [2] 
            <U4 [1] 1602 >
            <L [2] 
                <U4 [1] 313 >
                <U4 [1] 311 >
            >
        >
        <L [2] 
            <U4 [1] 1312 >
            <L [4] 
                <U4 [1] 310 >
                <U4 [1] 312 >
                <U4 [1] 313 >
                <U4 [1] 321 >
            >
        >
        <L [2] 
            <U4 [1] 1311 >
            <L [4] 
                <U4 [1] 310 >
                <U4 [1] 312 >
                <U4 [1] 313 >
                <U4 [1] 321 >
            >
        >
    >
>
2023-08-30 11:07:53,364[INFO ]:Queued SECS2 Message : S2F34
2023-08-30 11:07:53,378[INFO ]:SENT SECS2 Message : SSID(0), B2(2), B3(34), P(0), S(0), SB(42)
2023-08-30 11:07:53,378[INFO ]:>>>S2F34>>>  
<B [1] 00 >
2023-08-30 11:07:56,464[INFO ]:RECV SECS2 Message : SSID(0), B2(130), B3(35), P(0), S(0), SB(44), Length[426]
2023-08-30 11:07:56,465[DEBUG]:<<<S2F35 W<<<  
<L [2] 
    <U4 [1] 0 >
    <L [26] 
        <L [2] 
            <U4 [1] 1001 >
            <L [1] 
                <U4 [1] 1001 >
            >
        >
        <L [2] 
            <U4 [1] 1002 >
            <L [1] 
                <U4 [1] 1002 >
            >
        >
        <L [2] 
            <U4 [1] 1003 >
            <L [1] 
                <U4 [1] 1003 >
            >
        >
        <L [2] 
            <U4 [1] 1051 >
            <L [1] 
                <U4 [1] 1051 >
            >
        >
        <L [2] 
            <U4 [1] 1061 >
            <L [1] 
                <U4 [1] 1061 >
            >
        >
        <L [2] 
            <U4 [1] 1101 >
            <L [1] 
                <U4 [1] 1101 >
            >
        >
        <L [2] 
            <U4 [1] 1102 >
            <L [1] 
                <U4 [1] 1102 >
            >
        >
        <L [2] 
            <U4 [1] 1301 >
            <L [1] 
                <U4 [1] 1301 >
            >
        >
        <L [2] 
            <U4 [1] 1401 >
            <L [1] 
                <U4 [1] 1401 >
            >
        >
        <L [2] 
            <U4 [1] 1502 >
            <L [1] 
                <U4 [1] 1502 >
            >
        >
        <L [2] 
            <U4 [1] 1504 >
            <L [1] 
                <U4 [1] 1504 >
            >
        >
        <L [2] 
            <U4 [1] 1001 >
            <L [1] 
                <U4 [1] 1001 >
            >
        >
        <L [2] 
            <U4 [1] 1511 >
            <L [1] 
                <U4 [1] 1511 >
            >
        >
        <L [2] 
            <U4 [1] 1611 >
            <L [1] 
                <U4 [1] 1611 >
            >
        >
        <L [2] 
            <U4 [1] 1612 >
            <L [1] 
                <U4 [1] 1612 >
            >
        >
        <L [2] 
            <U4 [1] 1601 >
            <L [1] 
                <U4 [1] 1601 >
            >
        >
        <L [2] 
            <U4 [1] 1602 >
            <L [1] 
                <U4 [1] 1602 >
            >
        >
        <L [2] 
            <U4 [1] 1503 >
            <L [1] 
                <U4 [1] 1503 >
            >
        >
        <L [2] 
            <U4 [1] 1201 >
            <L [1] 
                <U4 [1] 1201 >
            >
        >
        <L [2] 
            <U4 [1] 1202 >
            <L [1] 
                <U4 [1] 1202 >
            >
        >
        <L [2] 
            <U4 [1] 1402 >
            <L [1] 
                <U4 [1] 1402 >
            >
        >
        <L [2] 
            <U4 [1] 1403 >
            <L [1] 
                <U4 [1] 1403 >
            >
        >
        <L [2] 
            <U4 [1] 1411 >
            <L [1] 
                <U4 [1] 1411 >
            >
        >
        <L [2] 
            <U4 [1] 1501 >
            <L [1] 
                <U4 [1] 1501 >
            >
        >
        <L [2] 
            <U4 [1] 1311 >
            <L [1] 
                <U4 [1] 1311 >
            >
        >
        <L [2] 
            <U4 [1] 1312 >
            <L [1] 
                <U4 [1] 1312 >
            >
        >
    >
>
2023-08-30 11:07:56,466[INFO ]:Queued SECS2 Message : S2F36
2023-08-30 11:07:56,479[INFO ]:SENT SECS2 Message : SSID(0), B2(2), B3(36), P(0), S(0), SB(44)
2023-08-30 11:07:56,479[INFO ]:>>>S2F36>>>  
<B [1] 00 >
2023-08-30 11:07:59,802[INFO ]:RECV SECS2 Message : SSID(0), B2(130), B3(37), P(0), S(0), SB(46), Length[181]
2023-08-30 11:07:59,802[DEBUG]:<<<S2F37 W<<<  
<L [2] 
    <BL [1] True >
    <L [29] 
        <U4 [1] 1504 >
        <U4 [1] 1502 >
        <U4 [1] 1401 >
        <U4 [1] 1511 >
        <U4 [1] 1101 >
        <U4 [1] 1102 >
        <U4 [1] 1061 >
        <U4 [1] 1003 >
        <U4 [1] 1002 >
        <U4 [1] 1001 >
        <U4 [1] 1051 >
        <U4 [1] 1301 >
        <U4 [1] 1015 >
        <U4 [1] 1031 >
        <U4 [1] 1032 >
        <U4 [1] 1201 >
        <U4 [1] 1202 >
        <U4 [1] 1311 >
        <U4 [1] 1312 >
        <U4 [1] 1402 >
        <U4 [1] 1403 >
        <U4 [1] 1411 >
        <U4 [1] 1412 >
        <U4 [1] 1501 >
        <U4 [1] 1503 >
        <U4 [1] 1601 >
        <U4 [1] 1602 >
        <U4 [1] 1612 >
        <U4 [1] 1611 >
    >
>
2023-08-30 11:07:59,804[INFO ]:Queued SECS2 Message : S2F38
2023-08-30 11:07:59,832[INFO ]:SENT SECS2 Message : SSID(0), B2(2), B3(38), P(0), S(0), SB(46)
2023-08-30 11:07:59,832[INFO ]:>>>S2F38>>>  
<B [1] 00 >
2023-08-30 11:08:01,762[INFO ]:RECV SECS2 Message : SSID(0), B2(129), B3(3), P(0), S(0), SB(48), Length[26]
2023-08-30 11:08:01,762[DEBUG]:<<<S1F3 W<<<  
<L [4] 
    <U4 [1] 201 >
    <U4 [1] 202 >
    <U4 [1] 203 >
    <U4 [1] 204 >
>
2023-08-30 11:08:01,764[INFO ]:Queued SECS2 Message : S1F4
2023-08-30 11:08:01,776[INFO ]:SENT SECS2 Message : SSID(0), B2(1), B3(4), P(0), S(0), SB(48)
2023-08-30 11:08:01,776[INFO ]:>>>S1F4>>>  
<L [4] 
    <U2 [1] 5 >
    <U2 [1] 3 >
    <U2 [1] 1 >
    <U2 [1] 2 >
>
2023-08-30 11:15:23,637[INFO ]:Queued SECS2 Message : S6F11
2023-08-30 11:15:23,662[INFO ]:SENT SECS2 Message : SSID(0), B2(134), B3(11), P(0), S(0), SB(77)
2023-08-30 11:15:23,662[INFO ]:>>>S6F11 W>>>  
<L [3] 
    <U4 [1] 0 >
    <U4 [1] `PortTransferBlocked` 1503 >
    <L [1] 
        <L [2] 
            <U4 [1] 1503 >
            <L [2] 
                <U2 [1] `PortID` 1 >
                <A [6] `UserId` "TEST-1">
            >
        >
    >
>
2023-08-30 11:15:23,788[INFO ]:Queued SECS2 Message : S6F11
2023-08-30 11:15:23,815[INFO ]:RECV SECS2 Message : SSID(0), B2(6), B3(12), P(0), S(0), SB(77), Length[3]
2023-08-30 11:15:23,815[DEBUG]:<<<S6F12<<<  
<B [1] 00 >
2023-08-30 11:15:23,846[INFO ]:SENT SECS2 Message : SSID(0), B2(134), B3(11), P(0), S(0), SB(78)
2023-08-30 11:15:23,846[INFO ]:>>>S6F11 W>>>  
<L [3] 
    <U4 [1] 0 >
    <U4 [1] `EquipmentStateChanged` 1051 >
    <L [1] 
        <L [2] 
            <U4 [1] 1051 >
            <L [2] 
                <U2 [1] `EqpState` 2 >
                <U2 [1] `PreviousEqpState` 1 >
            >
        >
    >
>
2023-08-30 11:15:24,027[INFO ]:RECV SECS2 Message : SSID(0), B2(6), B3(12), P(0), S(0), SB(78), Length[3]
2023-08-30 11:15:24,027[DEBUG]:<<<S6F12<<<  
<B [1] 00 >
2023-08-30 11:15:25,488[INFO ]:Queued SECS2 Message : S6F11
2023-08-30 11:15:25,545[INFO ]:SENT SECS2 Message : SSID(0), B2(134), B3(11), P(0), S(0), SB(79)
2023-08-30 11:15:25,545[INFO ]:>>>S6F11 W>>>  
<L [3] 
    <U4 [1] 0 >
    <U4 [1] `TrayIDRead` 1411 >
    <L [1] 
        <L [2] 
            <U4 [1] 1411 >
            <L [4] 
                <U2 [1] `PortID` 1 >
                <A [6] `TrayID` "TRAY-1">
                <A [6] `TrayID` "TRAY-1">
                <A [6] `UserId` "TEST-1">
            >
        >
    >
>
2023-08-30 11:15:25,698[INFO ]:RECV SECS2 Message : SSID(0), B2(6), B3(12), P(0), S(0), SB(79), Length[3]
2023-08-30 11:15:25,698[DEBUG]:<<<S6F12<<<  
<B [1] 00 >
2023-08-30 11:15:26,926[INFO ]:Queued SECS2 Message : S6F11
2023-08-30 11:15:26,950[INFO ]:SENT SECS2 Message : SSID(0), B2(134), B3(11), P(0), S(0), SB(80)
2023-08-30 11:15:26,950[INFO ]:>>>S6F11 W>>>  
<L [3] 
    <U4 [1] 0 >
    <U4 [1] `TrayLoadComplete` 1401 >
    <L [1] 
        <L [2] 
            <U4 [1] 1401 >
            <L [3] 
                <U2 [1] `PortID` 1 >
                <A [6] `TrayID` "TRAY-1">
                <A [6] `UserId` "TEST-1">
            >
        >
    >
>
2023-08-30 11:15:27,132[INFO ]:RECV SECS2 Message : SSID(0), B2(6), B3(12), P(0), S(0), SB(80), Length[3]
2023-08-30 11:15:27,133[DEBUG]:<<<S6F12<<<  
<B [1] 00 >
2023-08-30 11:16:30,368[INFO ]:RECV SECS2 Message : SSID(0), B2(131), B3(41), P(0), S(0), SB(50), Length[559]
2023-08-30 11:16:30,368[DEBUG]:<<<S3F41 W<<<  
<L [3] 
    <A [9] "WorkOrder">
    <A [10] "ToolTest-1">
    <L [1] 
        <L [2] 
            <A [1] "1">
            <L [1] 
                <L [6] 
                    <L [2] 
                        <A [10] "sorterType">
                        <A [0] >
                    >
                    <L [2] 
                        <A [8] "inPortId">
                        <A [1] "1">
                    >
                    <L [2] 
                        <A [8] "inCarrId">
                        <A [6] "TRAY-1">
                    >
                    <L [2] 
                        <A [9] "outPortId">
                        <A [1] "2">
                    >
                    <L [2] 
                        <A [9] "outCarrId">
                        <A [12] "CSTSAP021148">
                    >
                    <L [1] 
                        <L [2] 
                            <L [2] 
                                <A [4] "PPID">
                                <A [4] "PPID">
                            >
                            <L [2] 
                                <A [9] "SLOT_DATA">
                                <L [3] 
                                    <L [7] 
                                        <L [2] 
                                            <A [12] "inCarrSlotNo">
                                            <A [1] "1">
                                        >
                                        <L [2] 
                                            <A [10] "manualInsp">
                                            <A [1] "N">
                                        >
                                        <L [2] 
                                            <A [10] "prodMtrlId">
                                            <A [7] "GLASS01">
                                        >
                                        <L [2] 
                                            <A [9] "slotState">
                                            <A [1] "1">
                                        >
                                        <L [2] 
                                            <A [13] "outCarrSlotNo">
                                            <A [1] "1">
                                        >
                                        <L [2] 
                                            <A [5] "lotId">
                                            <A [7] "LOT_001">
                                        >
                                        <L [2] 
                                            <A [8] "mtrlFace">
                                            <A [3] "TTT">
                                        >
                                    >
                                    <L [7] 
                                        <L [2] 
                                            <A [12] "inCarrSlotNo">
                                            <A [1] "2">
                                        >
                                        <L [2] 
                                            <A [10] "manualInsp">
                                            <A [1] "N">
                                        >
                                        <L [2] 
                                            <A [10] "prodMtrlId">
                                            <A [7] "GLASS02">
                                        >
                                        <L [2] 
                                            <A [9] "slotState">
                                            <A [1] "1">
                                        >
                                        <L [2] 
                                            <A [13] "outCarrSlotNo">
                                            <A [1] "2">
                                        >
                                        <L [2] 
                                            <A [5] "lotId">
                                            <A [7] "LOT_001">
                                        >
                                        <L [2] 
                                            <A [8] "mtrlFace">
                                            <A [3] "TTT">
                                        >
                                    >
                                    <L [7] 
                                        <L [2] 
                                            <A [12] "inCarrSlotNo">
                                            <A [1] "3">
                                        >
                                        <L [2] 
                                            <A [10] "manualInsp">
                                            <A [1] "N">
                                        >
                                        <L [2] 
                                            <A [10] "prodMtrlId">
                                            <A [7] "GLASS03">
                                        >
                                        <L [2] 
                                            <A [9] "slotState">
                                            <A [1] "1">
                                        >
                                        <L [2] 
                                            <A [13] "outCarrSlotNo">
                                            <A [1] "3">
                                        >
                                        <L [2] 
                                            <A [5] "lotId">
                                            <A [7] "LOT_001">
                                        >
                                        <L [2] 
                                            <A [8] "mtrlFace">
                                            <A [3] "TTT">
                                        >
                                    >
                                >
                            >
                        >
                    >
                >
            >
        >
    >
>
2023-08-30 11:16:30,369[INFO ]:Queued SECS2 Message : S3F42
2023-08-30 11:16:30,413[INFO ]:SENT SECS2 Message : SSID(0), B2(3), B3(42), P(0), S(0), SB(50)
2023-08-30 11:16:30,414[INFO ]:>>>S3F42>>>  
<B [1] 00 >
2023-08-30 11:16:33,920[INFO ]:RECV SECS2 Message : SSID(0), B2(130), B3(41), P(0), S(0), SB(52), Length[45]
2023-08-30 11:16:33,921[DEBUG]:<<<S2F41 W<<<  
<L [2] 
    <A [10] "WORK_START">
    <L [1] 
        <L [2] 
            <A [7] "WORK_ID">
            <A [16] "work202306301331">
        >
    >
>
2023-08-30 11:16:33,921[INFO ]:Queued SECS2 Message : S2F42
2023-08-30 11:16:33,935[INFO ]:SENT SECS2 Message : SSID(0), B2(2), B3(42), P(0), S(0), SB(52)
2023-08-30 11:16:33,935[INFO ]:>>>S2F42>>>  
<L [2] 
    <B [1] 04 >
    <L [0] >
>
2023-08-30 11:16:34,319[INFO ]:Queued SECS2 Message : S6F11
2023-08-30 11:16:34,360[INFO ]:SENT SECS2 Message : SSID(0), B2(134), B3(11), P(0), S(0), SB(81)
2023-08-30 11:16:34,360[INFO ]:>>>S6F11 W>>>  
<L [3] 
    <U4 [1] 0 >
    <U4 [1] `WorkStart` 1301 >
    <L [1] 
        <L [2] 
            <U4 [1] 1301 >
            <L [4] 
                <A [4] `ModuleID` "IP01">
                <U2 [1] `PortID` 1 >
                <A [6] `TrayID` "TRAY-1">
                <A [16] `WorkID` "work202306301331">
            >
        >
    >
>
2023-08-30 11:16:34,510[INFO ]:RECV SECS2 Message : SSID(0), B2(6), B3(12), P(0), S(0), SB(81), Length[3]
2023-08-30 11:16:34,510[DEBUG]:<<<S6F12<<<  
<B [1] 00 >
2023-08-30 11:16:34,774[INFO ]:Queued SECS2 Message : S6F11
2023-08-30 11:16:34,787[INFO ]:SENT SECS2 Message : SSID(0), B2(134), B3(11), P(0), S(0), SB(82)
2023-08-30 11:16:34,787[INFO ]:>>>S6F11 W>>>  
<L [3] 
    <U4 [1] 0 >
    <U4 [1] `ProcessStart` 1311 >
    <L [1] 
        <L [2] 
            <U4 [1] 1311 >
            <L [4] 
                <A [4] `ModuleID` "IP01">
                <U2 [1] `PortID` 1 >
                <A [6] `TrayID` "TRAY-1">
                <A [16] `WorkID` "work202306301331">
            >
        >
    >
>
2023-08-30 11:16:34,953[INFO ]:RECV SECS2 Message : SSID(0), B2(6), B3(12), P(0), S(0), SB(82), Length[3]
2023-08-30 11:16:34,953[DEBUG]:<<<S6F12<<<  
<B [1] 00 >
2023-08-30 11:16:35,132[INFO ]:Queued SECS2 Message : S6F11
2023-08-30 11:16:35,151[INFO ]:SENT SECS2 Message : SSID(0), B2(134), B3(11), P(0), S(0), SB(83)
2023-08-30 11:16:35,151[INFO ]:>>>S6F11 W>>>  
<L [3] 
    <U4 [1] 0 >
    <U4 [1] `ModuleStart` 1101 >
    <L [1] 
        <L [2] 
            <U4 [1] 1101 >
            <L [7] 
                <A [4] `ModuleID` "TM01">
                <U2 [1] `PortID` 1 >
                <A [6] `TrayID` "TRAY-1">
                <A [7] `LotID` "LOT_001">
                <U2 [1] `SlotNo` 3 >
                <A [0] `GlassID` >
                <A [6] `UserId` "TEST-1">
            >
        >
    >
>
2023-08-30 11:16:35,318[INFO ]:RECV SECS2 Message : SSID(0), B2(6), B3(12), P(0), S(0), SB(83), Length[3]
2023-08-30 11:16:35,318[DEBUG]:<<<S6F12<<<  
<B [1] 00 >
2023-08-30 11:16:35,751[INFO ]:Queued SECS2 Message : S6F11
2023-08-30 11:16:35,762[INFO ]:SENT SECS2 Message : SSID(0), B2(134), B3(11), P(0), S(0), SB(84)
2023-08-30 11:16:35,762[INFO ]:>>>S6F11 W>>>  
<L [3] 
    <U4 [1] 0 >
    <U4 [1] `SubstrateLocationOccupied` 1201 >
    <L [1] 
        <L [2] 
            <U4 [1] 1201 >
            <L [2] 
                <A [4] `ModuleID` "TM01">
                <A [0] `GlassID` >
            >
        >
    >
>
2023-08-30 11:16:35,915[INFO ]:RECV SECS2 Message : SSID(0), B2(6), B3(12), P(0), S(0), SB(84), Length[3]
2023-08-30 11:16:35,915[DEBUG]:<<<S6F12<<<  
<B [1] 00 >
2023-08-30 11:16:36,367[INFO ]:Queued SECS2 Message : S6F11
2023-08-30 11:16:36,367[INFO ]:Queued SECS2 Message : S6F11
2023-08-30 11:16:36,371[INFO ]:SENT SECS2 Message : SSID(0), B2(134), B3(11), P(0), S(0), SB(85)
2023-08-30 11:16:36,371[INFO ]:>>>S6F11 W>>>  
<L [3] 
    <U4 [1] 0 >
    <U4 [1] `SubstrateLocationUnoccupied` 1202 >
    <L [1] 
        <L [2] 
            <U4 [1] 1202 >
            <L [2] 
                <A [4] `ModuleID` "TM01">
                <A [0] `GlassID` >
            >
        >
    >
>
2023-08-30 11:16:36,371[INFO ]:SENT SECS2 Message : SSID(0), B2(134), B3(11), P(0), S(0), SB(86)
2023-08-30 11:16:36,371[INFO ]:>>>S6F11 W>>>  
<L [3] 
    <U4 [1] 0 >
    <U4 [1] `ModuleStart` 1101 >
    <L [1] 
        <L [2] 
            <U4 [1] 1101 >
            <L [7] 
                <A [4] `ModuleID` "BF01">
                <U2 [1] `PortID` 1 >
                <A [6] `TrayID` "TRAY-1">
                <A [7] `LotID` "LOT_001">
                <U2 [1] `SlotNo` 3 >
                <A [0] `GlassID` >
                <A [6] `UserId` "TEST-1">
            >
        >
    >
>
2023-08-30 11:16:36,537[INFO ]:Queued SECS2 Message : S6F11
2023-08-30 11:16:36,554[INFO ]:SENT SECS2 Message : SSID(0), B2(134), B3(11), P(0), S(0), SB(87)
2023-08-30 11:16:36,554[INFO ]:>>>S6F11 W>>>  
<L [3] 
    <U4 [1] 0 >
    <U4 [1] `SubstrateLocationUnoccupied` 1202 >
    <L [1] 
        <L [2] 
            <U4 [1] 1202 >
            <L [2] 
                <A [4] `ModuleID` "TM01">
                <A [0] `GlassID` >
            >
        >
    >
>
2023-08-30 11:16:36,569[INFO ]:RECV SECS2 Message : SSID(0), B2(6), B3(12), P(0), S(0), SB(85), Length[3]
2023-08-30 11:16:36,569[DEBUG]:<<<S6F12<<<  
<B [1] 00 >
2023-08-30 11:16:36,569[INFO ]:RECV SECS2 Message : SSID(0), B2(6), B3(12), P(0), S(0), SB(86), Length[3]
2023-08-30 11:16:36,569[DEBUG]:<<<S6F12<<<  
<B [1] 00 >
2023-08-30 11:16:36,695[INFO ]:Queued SECS2 Message : S6F11
2023-08-30 11:16:36,737[INFO ]:SENT SECS2 Message : SSID(0), B2(134), B3(11), P(0), S(0), SB(88)
2023-08-30 11:16:36,737[INFO ]:>>>S6F11 W>>>  
<L [3] 
    <U4 [1] 0 >
    <U4 [1] `ModuleEnd` 1102 >
    <L [1] 
        <L [2] 
            <U4 [1] 1102 >
            <L [5] 
                <A [4] `ModuleID` "TM01">
                <A [7] `LotID` "LOT_001">
                <U2 [1] `SlotNo` 3 >
                <A [0] `GlassID` >
                <A [6] `UserId` "TEST-1">
            >
        >
    >
>
2023-08-30 11:16:36,782[INFO ]:RECV SECS2 Message : SSID(0), B2(6), B3(12), P(0), S(0), SB(87), Length[3]
2023-08-30 11:16:36,782[DEBUG]:<<<S6F12<<<  
<B [1] 00 >
2023-08-30 11:16:36,842[INFO ]:RECV SECS2 Message : SSID(0), B2(6), B3(12), P(0), S(0), SB(88), Length[3]
2023-08-30 11:16:36,842[DEBUG]:<<<S6F12<<<  
<B [1] 00 >
2023-08-30 11:16:37,181[INFO ]:Queued SECS2 Message : S6F11
2023-08-30 11:16:37,221[INFO ]:SENT SECS2 Message : SSID(0), B2(134), B3(11), P(0), S(0), SB(89)
2023-08-30 11:16:37,221[INFO ]:>>>S6F11 W>>>  
<L [3] 
    <U4 [1] 0 >
    <U4 [1] `GlassIDRead` 1601 >
    <L [1] 
        <L [2] 
            <U4 [1] 1601 >
            <L [2] 
                <A [6] `TrayID` "TRAY-1">
                <A [7] `GlassID` "GLASS01">
            >
        >
    >
>
2023-08-30 11:16:37,394[INFO ]:Queued SECS2 Message : S6F11
2023-08-30 11:16:37,401[INFO ]:Queued SECS2 Message : S6F11
2023-08-30 11:16:37,404[INFO ]:SENT SECS2 Message : SSID(0), B2(134), B3(11), P(0), S(0), SB(90)
2023-08-30 11:16:37,404[INFO ]:>>>S6F11 W>>>  
<L [3] 
    <U4 [1] 0 >
    <U4 [1] `ModuleStart` 1101 >
    <L [1] 
        <L [2] 
            <U4 [1] 1101 >
            <L [7] 
                <A [4] `ModuleID` "TM01">
                <U2 [1] `PortID` 1 >
                <A [6] `TrayID` "TRAY-1">
                <A [7] `LotID` "LOT_001">
                <U2 [1] `SlotNo` 3 >
                <A [7] `GlassID` "GLASS01">
                <A [6] `UserId` "TEST-1">
            >
        >
    >
>
2023-08-30 11:16:37,404[INFO ]:SENT SECS2 Message : SSID(0), B2(134), B3(11), P(0), S(0), SB(91)
2023-08-30 11:16:37,404[INFO ]:>>>S6F11 W>>>  
<L [3] 
    <U4 [1] 0 >
    <U4 [1] `SubstrateLocationOccupied` 1201 >
    <L [1] 
        <L [2] 
            <U4 [1] 1201 >
            <L [2] 
                <A [4] `ModuleID` "BF01">
                <A [7] `GlassID` "GLASS01">
            >
        >
    >
>
2023-08-30 11:16:37,420[INFO ]:RECV SECS2 Message : SSID(0), B2(6), B3(12), P(0), S(0), SB(89), Length[3]
2023-08-30 11:16:37,420[DEBUG]:<<<S6F12<<<  
<B [1] 00 >
2023-08-30 11:16:37,556[INFO ]:RECV SECS2 Message : SSID(0), B2(6), B3(12), P(0), S(0), SB(90), Length[3]
2023-08-30 11:16:37,556[DEBUG]:<<<S6F12<<<  
<B [1] 00 >
2023-08-30 11:16:37,556[INFO ]:RECV SECS2 Message : SSID(0), B2(6), B3(12), P(0), S(0), SB(91), Length[3]
2023-08-30 11:16:37,556[DEBUG]:<<<S6F12<<<  
<B [1] 00 >
2023-08-30 11:16:38,047[INFO ]:Queued SECS2 Message : S6F11
2023-08-30 11:16:38,071[INFO ]:SENT SECS2 Message : SSID(0), B2(134), B3(11), P(0), S(0), SB(92)
2023-08-30 11:16:38,071[INFO ]:>>>S6F11 W>>>  
<L [3] 
    <U4 [1] 0 >
    <U4 [1] `SubstrateLocationOccupied` 1201 >
    <L [1] 
        <L [2] 
            <U4 [1] 1201 >
            <L [2] 
                <A [4] `ModuleID` "TM01">
                <A [0] `GlassID` >
            >
        >
    >
>
2023-08-30 11:16:38,221[INFO ]:Queued SECS2 Message : S6F11
2023-08-30 11:16:38,223[INFO ]:RECV SECS2 Message : SSID(0), B2(6), B3(12), P(0), S(0), SB(92), Length[3]
2023-08-30 11:16:38,223[DEBUG]:<<<S6F12<<<  
<B [1] 00 >
2023-08-30 11:16:38,229[INFO ]:Queued SECS2 Message : S6F11
2023-08-30 11:16:38,230[INFO ]:Queued SECS2 Message : S6F11
2023-08-30 11:16:38,253[INFO ]:SENT SECS2 Message : SSID(0), B2(134), B3(11), P(0), S(0), SB(93)
2023-08-30 11:16:38,253[INFO ]:>>>S6F11 W>>>  
<L [3] 
    <U4 [1] 0 >
    <U4 [1] `SubstrateLocationUnoccupied` 1202 >
    <L [1] 
        <L [2] 
            <U4 [1] 1202 >
            <L [2] 
                <A [4] `ModuleID` "BF01">
                <A [7] `GlassID` "GLASS01">
            >
        >
    >
>
2023-08-30 11:16:38,253[INFO ]:SENT SECS2 Message : SSID(0), B2(134), B3(11), P(0), S(0), SB(94)
2023-08-30 11:16:38,253[INFO ]:>>>S6F11 W>>>  
<L [3] 
    <U4 [1] 0 >
    <U4 [1] `GlassEnd` 1612 >
    <L [1] 
        <L [2] 
            <U4 [1] 1612 >
            <L [6] 
                <A [5] `ModuleID` "USC01">
                <A [7] `GlassID` "GLASS01">
                <U2 [1] `PortID` 1 >
                <A [6] `TrayID` "TRAY-1">
                <U2 [1] `SlotNo` 1 >
                <A [7] `LotID` "LOT_001">
            >
        >
    >
>
2023-08-30 11:16:38,254[INFO ]:SENT SECS2 Message : SSID(0), B2(134), B3(11), P(0), S(0), SB(95)
2023-08-30 11:16:38,254[INFO ]:>>>S6F11 W>>>  
<L [3] 
    <U4 [1] 0 >
    <U4 [1] `SubstrateLocationUnoccupied` 1202 >
    <L [1] 
        <L [2] 
            <U4 [1] 1202 >
            <L [2] 
                <A [5] `ModuleID` "USC01">
                <A [7] `GlassID` "GLASS01">
            >
        >
    >
>
2023-08-30 11:16:38,410[INFO ]:Queued SECS2 Message : S6F11
2023-08-30 11:16:38,410[INFO ]:Queued SECS2 Message : S6F11
2023-08-30 11:16:38,437[INFO ]:SENT SECS2 Message : SSID(0), B2(134), B3(11), P(0), S(0), SB(96)
2023-08-30 11:16:38,437[INFO ]:RECV SECS2 Message : SSID(0), B2(6), B3(12), P(0), S(0), SB(93), Length[3]
2023-08-30 11:16:38,437[DEBUG]:<<<S6F12<<<  
<B [1] 00 >
2023-08-30 11:16:38,437[INFO ]:>>>S6F11 W>>>  
<L [3] 
    <U4 [1] 0 >
    <U4 [1] `SubstrateLocationUnoccupied` 1202 >
    <L [1] 
        <L [2] 
            <U4 [1] 1202 >
            <L [2] 
                <A [4] `ModuleID` "BF01">
                <A [0] `GlassID` >
            >
        >
    >
>
2023-08-30 11:16:38,438[INFO ]:SENT SECS2 Message : SSID(0), B2(134), B3(11), P(0), S(0), SB(97)
2023-08-30 11:16:38,438[INFO ]:>>>S6F11 W>>>  
<L [3] 
    <U4 [1] 0 >
    <U4 [1] `ModuleStart` 1101 >
    <L [1] 
        <L [2] 
            <U4 [1] 1101 >
            <L [7] 
                <A [5] `ModuleID` "USC01">
                <U2 [1] `PortID` 1 >
                <A [6] `TrayID` "TRAY-1">
                <A [7] `LotID` "LOT_001">
                <U2 [1] `SlotNo` 1 >
                <A [0] `GlassID` >
                <A [6] `UserId` "TEST-1">
            >
        >
    >
>
2023-08-30 11:16:38,438[INFO ]:RECV SECS2 Message : SSID(0), B2(6), B3(12), P(0), S(0), SB(94), Length[3]
2023-08-30 11:16:38,438[DEBUG]:<<<S6F12<<<  
<B [1] 00 >
2023-08-30 11:16:38,438[INFO ]:RECV SECS2 Message : SSID(0), B2(6), B3(12), P(0), S(0), SB(95), Length[3]
2023-08-30 11:16:38,438[DEBUG]:<<<S6F12<<<  
<B [1] 00 >
2023-08-30 11:16:38,513[INFO ]:RECV SECS2 Message : SSID(0), B2(6), B3(12), P(0), S(0), SB(96), Length[3]
2023-08-30 11:16:38,514[DEBUG]:<<<S6F12<<<  
<B [1] 00 >
2023-08-30 11:16:38,580[INFO ]:Queued SECS2 Message : S6F11
2023-08-30 11:16:38,588[INFO ]:RECV SECS2 Message : SSID(0), B2(6), B3(12), P(0), S(0), SB(97), Length[3]
2023-08-30 11:16:38,588[DEBUG]:<<<S6F12<<<  
<B [1] 00 >
2023-08-30 11:16:38,619[INFO ]:SENT SECS2 Message : SSID(0), B2(134), B3(11), P(0), S(0), SB(98)
2023-08-30 11:16:38,619[INFO ]:>>>S6F11 W>>>  
<L [3] 
    <U4 [1] 0 >
    <U4 [1] `ModuleEnd` 1102 >
    <L [1] 
        <L [2] 
            <U4 [1] 1102 >
            <L [5] 
                <A [4] `ModuleID` "BF01">
                <A [7] `LotID` "LOT_001">
                <U2 [1] `SlotNo` 1 >
                <A [0] `GlassID` >
                <A [6] `UserId` "TEST-1">
            >
        >
    >
>
2023-08-30 11:16:38,769[INFO ]:Queued SECS2 Message : S6F11
2023-08-30 11:16:38,803[INFO ]:RECV SECS2 Message : SSID(0), B2(6), B3(12), P(0), S(0), SB(98), Length[3]
2023-08-30 11:16:38,803[DEBUG]:<<<S6F12<<<  
<B [1] 00 >
2023-08-30 11:16:38,803[INFO ]:SENT SECS2 Message : SSID(0), B2(134), B3(11), P(0), S(0), SB(99)
2023-08-30 11:16:38,803[INFO ]:>>>S6F11 W>>>  
<L [3] 
    <U4 [1] 0 >
    <U4 [1] `SubstrateLocationUnoccupied` 1202 >
    <L [1] 
        <L [2] 
            <U4 [1] 1202 >
            <L [2] 
                <A [4] `ModuleID` "TM01">
                <A [0] `GlassID` >
            >
        >
    >
>
2023-08-30 11:16:38,953[INFO ]:Queued SECS2 Message : S6F11
2023-08-30 11:16:38,960[INFO ]:Queued SECS2 Message : S6F11
2023-08-30 11:16:38,961[INFO ]:Queued SECS2 Message : S6F11
2023-08-30 11:16:38,985[INFO ]:SENT SECS2 Message : SSID(0), B2(134), B3(11), P(0), S(0), SB(100)
2023-08-30 11:16:38,985[INFO ]:>>>S6F11 W>>>  
<L [3] 
    <U4 [1] 0 >
    <U4 [1] `SubstrateLocationUnoccupied` 1202 >
    <L [1] 
        <L [2] 
            <U4 [1] 1202 >
            <L [2] 
                <A [4] `ModuleID` "TM01">
                <A [0] `GlassID` >
            >
        >
    >
>
2023-08-30 11:16:38,985[INFO ]:SENT SECS2 Message : SSID(0), B2(134), B3(11), P(0), S(0), SB(101)
2023-08-30 11:16:38,985[INFO ]:>>>S6F11 W>>>  
<L [3] 
    <U4 [1] 0 >
    <U4 [1] `SubstrateLocationOccupied` 1201 >
    <L [1] 
        <L [2] 
            <U4 [1] 1201 >
            <L [2] 
                <A [5] `ModuleID` "USC01">
                <A [7] `GlassID` "GLASS01">
            >
        >
    >
>
2023-08-30 11:16:38,985[INFO ]:SENT SECS2 Message : SSID(0), B2(134), B3(11), P(0), S(0), SB(102)
2023-08-30 11:16:38,985[INFO ]:>>>S6F11 W>>>  
<L [3] 
    <U4 [1] 0 >
    <U4 [1] `GlassStart` 1611 >
    <L [1] 
        <L [2] 
            <U4 [1] 1611 >
            <L [6] 
                <A [5] `ModuleID` "USC01">
                <A [7] `GlassID` "GLASS01">
                <U2 [1] `PortID` 1 >
                <A [6] `TrayID` "TRAY-1">
                <U2 [1] `SlotNo` 1 >
                <A [7] `LotID` "LOT_001">
            >
        >
    >
>
2023-08-30 11:16:39,015[INFO ]:RECV SECS2 Message : SSID(0), B2(6), B3(12), P(0), S(0), SB(99), Length[3]
2023-08-30 11:16:39,015[DEBUG]:<<<S6F12<<<  
<B [1] 00 >
2023-08-30 11:16:39,127[INFO ]:Queued SECS2 Message : S6F11
2023-08-30 11:16:39,152[INFO ]:RECV SECS2 Message : SSID(0), B2(6), B3(12), P(0), S(0), SB(100), Length[3]
2023-08-30 11:16:39,152[DEBUG]:<<<S6F12<<<  
<B [1] 00 >
2023-08-30 11:16:39,152[INFO ]:RECV SECS2 Message : SSID(0), B2(6), B3(12), P(0), S(0), SB(101), Length[3]
2023-08-30 11:16:39,152[DEBUG]:<<<S6F12<<<  
<B [1] 00 >
2023-08-30 11:16:39,153[INFO ]:RECV SECS2 Message : SSID(0), B2(6), B3(12), P(0), S(0), SB(102), Length[3]
2023-08-30 11:16:39,153[DEBUG]:<<<S6F12<<<  
<B [1] 00 >
2023-08-30 11:16:39,167[INFO ]:SENT SECS2 Message : SSID(0), B2(134), B3(11), P(0), S(0), SB(103)
2023-08-30 11:16:39,167[INFO ]:>>>S6F11 W>>>  
<L [3] 
    <U4 [1] 0 >
    <U4 [1] `ModuleEnd` 1102 >
    <L [1] 
        <L [2] 
            <U4 [1] 1102 >
            <L [5] 
                <A [4] `ModuleID` "TM01">
                <A [7] `LotID` "LOT_001">
                <U2 [1] `SlotNo` 1 >
                <A [7] `GlassID` "GLASS01">
                <A [6] `UserId` "TEST-1">
            >
        >
    >
>
2023-08-30 11:16:39,299[INFO ]:Queued SECS2 Message : S6F11
2023-08-30 11:16:39,351[INFO ]:SENT SECS2 Message : SSID(0), B2(134), B3(11), P(0), S(0), SB(104)
2023-08-30 11:16:39,351[INFO ]:>>>S6F11 W>>>  
<L [3] 
    <U4 [1] 0 >
    <U4 [1] `ModuleStart` 1101 >
    <L [1] 
        <L [2] 
            <U4 [1] 1101 >
            <L [7] 
                <A [4] `ModuleID` "BF01">
                <U2 [1] `PortID` 1 >
                <A [6] `TrayID` "TRAY-1">
                <A [7] `LotID` "LOT_001">
                <U2 [1] `SlotNo` 1 >
                <A [7] `GlassID` "GLASS01">
                <A [6] `UserId` "TEST-1">
            >
        >
    >
>
2023-08-30 11:16:39,366[INFO ]:RECV SECS2 Message : SSID(0), B2(6), B3(12), P(0), S(0), SB(103), Length[3]
2023-08-30 11:16:39,366[DEBUG]:<<<S6F12<<<  
<B [1] 00 >
2023-08-30 11:16:39,563[INFO ]:RECV SECS2 Message : SSID(0), B2(6), B3(12), P(0), S(0), SB(104), Length[3]
2023-08-30 11:16:39,563[DEBUG]:<<<S6F12<<<  
<B [1] 00 >
2023-08-30 11:16:39,826[INFO ]:Queued SECS2 Message : S6F11
2023-08-30 11:16:39,838[INFO ]:SENT SECS2 Message : SSID(0), B2(134), B3(11), P(0), S(0), SB(105)
2023-08-30 11:16:39,838[INFO ]:>>>S6F11 W>>>  
<L [3] 
    <U4 [1] 0 >
    <U4 [1] `ModuleStart` 1101 >
    <L [1] 
        <L [2] 
            <U4 [1] 1101 >
            <L [7] 
                <A [4] `ModuleID` "TM01">
                <U2 [1] `PortID` 1 >
                <A [6] `TrayID` "TRAY-1">
                <A [7] `LotID` "LOT_001">
                <U2 [1] `SlotNo` 1 >
                <A [7] `GlassID` "GLASS01">
                <A [6] `UserId` "TEST-1">
            >
        >
    >
>
2023-08-30 11:16:40,004[INFO ]:RECV SECS2 Message : SSID(0), B2(6), B3(12), P(0), S(0), SB(105), Length[3]
2023-08-30 11:16:40,004[DEBUG]:<<<S6F12<<<  
<B [1] 00 >
2023-08-30 11:16:40,153[INFO ]:Queued SECS2 Message : S6F11
2023-08-30 11:16:40,202[INFO ]:SENT SECS2 Message : SSID(0), B2(134), B3(11), P(0), S(0), SB(106)
2023-08-30 11:16:40,202[INFO ]:>>>S6F11 W>>>  
<L [3] 
    <U4 [1] 0 >
    <U4 [1] `GlassIDRead` 1601 >
    <L [1] 
        <L [2] 
            <U4 [1] 1601 >
            <L [2] 
                <A [6] `TrayID` "TRAY-1">
                <A [7] `GlassID` "GLASS02">
            >
        >
    >
>
2023-08-30 11:16:40,315[INFO ]:Queued SECS2 Message : S6F11
2023-08-30 11:16:40,323[INFO ]:SENT SECS2 Message : SSID(0), B2(134), B3(11), P(0), S(0), SB(107)
2023-08-30 11:16:40,323[INFO ]:>>>S6F11 W>>>  
<L [3] 
    <U4 [1] 0 >
    <U4 [1] `SubstrateLocationOccupied` 1201 >
    <L [1] 
        <L [2] 
            <U4 [1] 1201 >
            <L [2] 
                <A [4] `ModuleID` "BF01">
                <A [7] `GlassID` "GLASS02">
            >
        >
    >
>
2023-08-30 11:16:40,369[INFO ]:RECV SECS2 Message : SSID(0), B2(6), B3(12), P(0), S(0), SB(106), Length[3]
2023-08-30 11:16:40,369[DEBUG]:<<<S6F12<<<  
<B [1] 00 >
2023-08-30 11:16:40,429[INFO ]:RECV SECS2 Message : SSID(0), B2(6), B3(12), P(0), S(0), SB(107), Length[3]
2023-08-30 11:16:40,429[DEBUG]:<<<S6F12<<<  
<B [1] 00 >
2023-08-30 11:16:40,481[INFO ]:Queued SECS2 Message : S6F11
2023-08-30 11:16:40,505[INFO ]:SENT SECS2 Message : SSID(0), B2(134), B3(11), P(0), S(0), SB(108)
2023-08-30 11:16:40,505[INFO ]:>>>S6F11 W>>>  
<L [3] 
    <U4 [1] 0 >
    <U4 [1] `SubstrateLocationOccupied` 1201 >
    <L [1] 
        <L [2] 
            <U4 [1] 1201 >
            <L [2] 
                <A [4] `ModuleID` "TM01">
                <A [0] `GlassID` >
            >
        >
    >
>
2023-08-30 11:16:40,716[INFO ]:RECV SECS2 Message : SSID(0), B2(6), B3(12), P(0), S(0), SB(108), Length[3]
2023-08-30 11:16:40,716[DEBUG]:<<<S6F12<<<  
<B [1] 00 >
2023-08-30 11:16:55,079[INFO ]:Queued SECS2 Message : S6F11
2023-08-30 11:16:55,103[INFO ]:SENT SECS2 Message : SSID(0), B2(134), B3(11), P(0), S(0), SB(109)
2023-08-30 11:16:55,103[INFO ]:>>>S6F11 W>>>  
<L [3] 
    <U4 [1] 0 >
    <U4 [1] `ModuleEnd` 1102 >
    <L [1] 
        <L [2] 
            <U4 [1] 1102 >
            <L [5] 
                <A [5] `ModuleID` "USC01">
                <A [7] `LotID` "LOT_001">
                <U2 [1] `SlotNo` 1 >
                <A [0] `GlassID` >
                <A [6] `UserId` "TEST-1">
            >
        >
    >
>
2023-08-30 11:16:55,287[INFO ]:RECV SECS2 Message : SSID(0), B2(6), B3(12), P(0), S(0), SB(109), Length[3]
2023-08-30 11:16:55,287[DEBUG]:<<<S6F12<<<  
<B [1] 00 >
2023-08-30 11:16:55,422[INFO ]:Queued SECS2 Message : S6F11
2023-08-30 11:16:55,469[INFO ]:SENT SECS2 Message : SSID(0), B2(134), B3(11), P(0), S(0), SB(110)
2023-08-30 11:16:55,469[INFO ]:>>>S6F11 W>>>  
<L [3] 
    <U4 [1] 0 >
    <U4 [1] `SubstrateLocationUnoccupied` 1202 >
    <L [1] 
        <L [2] 
            <U4 [1] 1202 >
            <L [2] 
                <A [4] `ModuleID` "BF01">
                <A [7] `GlassID` "GLASS02">
            >
        >
    >
>
2023-08-30 11:16:55,588[INFO ]:Queued SECS2 Message : S6F11
2023-08-30 11:16:55,590[INFO ]:SENT SECS2 Message : SSID(0), B2(134), B3(11), P(0), S(0), SB(111)
2023-08-30 11:16:55,590[INFO ]:>>>S6F11 W>>>  
<L [3] 
    <U4 [1] 0 >
    <U4 [1] `SubstrateLocationUnoccupied` 1202 >
    <L [1] 
        <L [2] 
            <U4 [1] 1202 >
            <L [2] 
                <A [4] `ModuleID` "BF01">
                <A [0] `GlassID` >
            >
        >
    >
>
2023-08-30 11:16:55,596[INFO ]:Queued SECS2 Message : S6F11
2023-08-30 11:16:55,597[INFO ]:Queued SECS2 Message : S6F11
2023-08-30 11:16:55,651[INFO ]:RECV SECS2 Message : SSID(0), B2(6), B3(12), P(0), S(0), SB(110), Length[3]
2023-08-30 11:16:55,651[DEBUG]:<<<S6F12<<<  
<B [1] 00 >
2023-08-30 11:16:55,651[INFO ]:SENT SECS2 Message : SSID(0), B2(134), B3(11), P(0), S(0), SB(112)
2023-08-30 11:16:55,651[INFO ]:>>>S6F11 W>>>  
<L [3] 
    <U4 [1] 0 >
    <U4 [1] `GlassEnd` 1612 >
    <L [1] 
        <L [2] 
            <U4 [1] 1612 >
            <L [6] 
                <A [5] `ModuleID` "USC01">
                <A [7] `GlassID` "GLASS02">
                <U2 [1] `PortID` 1 >
                <A [6] `TrayID` "TRAY-1">
                <U2 [1] `SlotNo` 2 >
                <A [7] `LotID` "LOT_001">
            >
        >
    >
>
2023-08-30 11:16:55,651[INFO ]:SENT SECS2 Message : SSID(0), B2(134), B3(11), P(0), S(0), SB(113)
2023-08-30 11:16:55,651[INFO ]:>>>S6F11 W>>>  
<L [3] 
    <U4 [1] 0 >
    <U4 [1] `SubstrateLocationUnoccupied` 1202 >
    <L [1] 
        <L [2] 
            <U4 [1] 1202 >
            <L [2] 
                <A [5] `ModuleID` "USC01">
                <A [7] `GlassID` "GLASS02">
            >
        >
    >
>
2023-08-30 11:16:55,652[INFO ]:RECV SECS2 Message : SSID(0), B2(6), B3(12), P(0), S(0), SB(111), Length[3]
2023-08-30 11:16:55,652[DEBUG]:<<<S6F12<<<  
<B [1] 00 >
2023-08-30 11:16:55,726[INFO ]:RECV SECS2 Message : SSID(0), B2(6), B3(12), P(0), S(0), SB(112), Length[3]
2023-08-30 11:16:55,726[DEBUG]:<<<S6F12<<<  
<B [1] 00 >
2023-08-30 11:16:55,728[INFO ]:RECV SECS2 Message : SSID(0), B2(6), B3(12), P(0), S(0), SB(113), Length[3]
2023-08-30 11:16:55,728[DEBUG]:<<<S6F12<<<  
<B [1] 00 >
2023-08-30 11:16:55,765[INFO ]:Queued SECS2 Message : S6F11
2023-08-30 11:16:55,772[INFO ]:SENT SECS2 Message : SSID(0), B2(134), B3(11), P(0), S(0), SB(114)
2023-08-30 11:16:55,772[INFO ]:>>>S6F11 W>>>  
<L [3] 
    <U4 [1] 0 >
    <U4 [1] `ModuleEnd` 1102 >
    <L [1] 
        <L [2] 
            <U4 [1] 1102 >
            <L [5] 
                <A [4] `ModuleID` "BF01">
                <A [7] `LotID` "LOT_001">
                <U2 [1] `SlotNo` 2 >
                <A [7] `GlassID` "GLASS02">
                <A [6] `UserId` "TEST-1">
            >
        >
    >
>
2023-08-30 11:16:55,773[INFO ]:Queued SECS2 Message : S6F11
2023-08-30 11:16:55,834[INFO ]:SENT SECS2 Message : SSID(0), B2(134), B3(11), P(0), S(0), SB(115)
2023-08-30 11:16:55,834[INFO ]:>>>S6F11 W>>>  
<L [3] 
    <U4 [1] 0 >
    <U4 [1] `ModuleStart` 1101 >
    <L [1] 
        <L [2] 
            <U4 [1] 1101 >
            <L [7] 
                <A [5] `ModuleID` "USC01">
                <U2 [1] `PortID` 1 >
                <A [6] `TrayID` "TRAY-1">
                <A [7] `LotID` "LOT_001">
                <U2 [1] `SlotNo` 2 >
                <A [7] `GlassID` "GLASS02">
                <A [6] `UserId` "TEST-1">
            >
        >
    >
>
2023-08-30 11:16:55,879[INFO ]:RECV SECS2 Message : SSID(0), B2(6), B3(12), P(0), S(0), SB(114), Length[3]
2023-08-30 11:16:55,879[DEBUG]:<<<S6F12<<<  
<B [1] 00 >
2023-08-30 11:16:55,956[INFO ]:RECV SECS2 Message : SSID(0), B2(6), B3(12), P(0), S(0), SB(115), Length[3]
2023-08-30 11:16:55,956[DEBUG]:<<<S6F12<<<  
<B [1] 00 >
2023-08-30 11:16:55,956[INFO ]:Queued SECS2 Message : S6F11
2023-08-30 11:16:56,018[INFO ]:SENT SECS2 Message : SSID(0), B2(134), B3(11), P(0), S(0), SB(116)
2023-08-30 11:16:56,018[INFO ]:>>>S6F11 W>>>  
<L [3] 
    <U4 [1] 0 >
    <U4 [1] `SubstrateLocationUnoccupied` 1202 >
    <L [1] 
        <L [2] 
            <U4 [1] 1202 >
            <L [2] 
                <A [4] `ModuleID` "TM01">
                <A [0] `GlassID` >
            >
        >
    >
>
2023-08-30 11:16:56,153[INFO ]:Queued SECS2 Message : S6F11
2023-08-30 11:16:56,170[INFO ]:RECV SECS2 Message : SSID(0), B2(6), B3(12), P(0), S(0), SB(116), Length[3]
2023-08-30 11:16:56,170[DEBUG]:<<<S6F12<<<  
<B [1] 00 >
2023-08-30 11:16:56,200[INFO ]:SENT SECS2 Message : SSID(0), B2(134), B3(11), P(0), S(0), SB(117)
2023-08-30 11:16:56,200[INFO ]:>>>S6F11 W>>>  
<L [3] 
    <U4 [1] 0 >
    <U4 [1] `SubstrateLocationUnoccupied` 1202 >
    <L [1] 
        <L [2] 
            <U4 [1] 1202 >
            <L [2] 
                <A [4] `ModuleID` "TM01">
                <A [0] `GlassID` >
            >
        >
    >
>
2023-08-30 11:16:56,327[INFO ]:Queued SECS2 Message : S6F11
2023-08-30 11:16:56,334[INFO ]:Queued SECS2 Message : S6F11
2023-08-30 11:16:56,334[INFO ]:Queued SECS2 Message : S6F11
2023-08-30 11:16:56,382[INFO ]:SENT SECS2 Message : SSID(0), B2(134), B3(11), P(0), S(0), SB(118)
2023-08-30 11:16:56,382[INFO ]:>>>S6F11 W>>>  
<L [3] 
    <U4 [1] 0 >
    <U4 [1] `ModuleEnd` 1102 >
    <L [1] 
        <L [2] 
            <U4 [1] 1102 >
            <L [5] 
                <A [4] `ModuleID` "TM01">
                <A [7] `LotID` "LOT_001">
                <U2 [1] `SlotNo` 2 >
                <A [0] `GlassID` >
                <A [6] `UserId` "TEST-1">
            >
        >
    >
>
2023-08-30 11:16:56,382[INFO ]:SENT SECS2 Message : SSID(0), B2(134), B3(11), P(0), S(0), SB(119)
2023-08-30 11:16:56,382[INFO ]:>>>S6F11 W>>>  
<L [3] 
    <U4 [1] 0 >
    <U4 [1] `SubstrateLocationOccupied` 1201 >
    <L [1] 
        <L [2] 
            <U4 [1] 1201 >
            <L [2] 
                <A [5] `ModuleID` "USC01">
                <A [7] `GlassID` "GLASS02">
            >
        >
    >
>
2023-08-30 11:16:56,382[INFO ]:RECV SECS2 Message : SSID(0), B2(6), B3(12), P(0), S(0), SB(117), Length[3]
2023-08-30 11:16:56,382[DEBUG]:<<<S6F12<<<  
<B [1] 00 >
2023-08-30 11:16:56,382[INFO ]:SENT SECS2 Message : SSID(0), B2(134), B3(11), P(0), S(0), SB(120)
2023-08-30 11:16:56,382[INFO ]:>>>S6F11 W>>>  
<L [3] 
    <U4 [1] 0 >
    <U4 [1] `GlassStart` 1611 >
    <L [1] 
        <L [2] 
            <U4 [1] 1611 >
            <L [6] 
                <A [5] `ModuleID` "USC01">
                <A [7] `GlassID` "GLASS02">
                <U2 [1] `PortID` 1 >
                <A [6] `TrayID` "TRAY-1">
                <U2 [1] `SlotNo` 2 >
                <A [7] `LotID` "LOT_001">
            >
        >
    >
>
2023-08-30 11:16:56,515[INFO ]:Queued SECS2 Message : S6F11
2023-08-30 11:16:56,564[INFO ]:SENT SECS2 Message : SSID(0), B2(134), B3(11), P(0), S(0), SB(121)
2023-08-30 11:16:56,564[INFO ]:>>>S6F11 W>>>  
<L [3] 
    <U4 [1] 0 >
    <U4 [1] `ModuleStart` 1101 >
    <L [1] 
        <L [2] 
            <U4 [1] 1101 >
            <L [7] 
                <A [4] `ModuleID` "BF01">
                <U2 [1] `PortID` 1 >
                <A [6] `TrayID` "TRAY-1">
                <A [7] `LotID` "LOT_001">
                <U2 [1] `SlotNo` 2 >
                <A [7] `GlassID` "GLASS02">
                <A [6] `UserId` "TEST-1">
            >
        >
    >
>
2023-08-30 11:16:56,579[INFO ]:RECV SECS2 Message : SSID(0), B2(6), B3(12), P(0), S(0), SB(118), Length[3]
2023-08-30 11:16:56,579[DEBUG]:<<<S6F12<<<  
<B [1] 00 >
2023-08-30 11:16:56,580[INFO ]:RECV SECS2 Message : SSID(0), B2(6), B3(12), P(0), S(0), SB(119), Length[3]
2023-08-30 11:16:56,580[DEBUG]:<<<S6F12<<<  
<B [1] 00 >
2023-08-30 11:16:56,580[INFO ]:RECV SECS2 Message : SSID(0), B2(6), B3(12), P(0), S(0), SB(120), Length[3]
2023-08-30 11:16:56,580[DEBUG]:<<<S6F12<<<  
<B [1] 00 >
2023-08-30 11:16:56,655[INFO ]:RECV SECS2 Message : SSID(0), B2(6), B3(12), P(0), S(0), SB(121), Length[3]
2023-08-30 11:16:56,655[DEBUG]:<<<S6F12<<<  
<B [1] 00 >
2023-08-30 11:16:57,297[INFO ]:Queued SECS2 Message : S6F11
2023-08-30 11:16:57,354[INFO ]:SENT SECS2 Message : SSID(0), B2(134), B3(11), P(0), S(0), SB(122)
2023-08-30 11:16:57,354[INFO ]:>>>S6F11 W>>>  
<L [3] 
    <U4 [1] 0 >
    <U4 [1] `GlassIDRead` 1601 >
    <L [1] 
        <L [2] 
            <U4 [1] 1601 >
            <L [2] 
                <A [6] `TrayID` "TRAY-1">
                <A [7] `GlassID` "GLASS03">
            >
        >
    >
>
2023-08-30 11:16:57,449[INFO ]:Queued SECS2 Message : S6F11
2023-08-30 11:16:57,474[INFO ]:SENT SECS2 Message : SSID(0), B2(134), B3(11), P(0), S(0), SB(123)
2023-08-30 11:16:57,474[INFO ]:>>>S6F11 W>>>  
<L [3] 
    <U4 [1] 0 >
    <U4 [1] `SubstrateLocationOccupied` 1201 >
    <L [1] 
        <L [2] 
            <U4 [1] 1201 >
            <L [2] 
                <A [4] `ModuleID` "BF01">
                <A [7] `GlassID` "GLASS03">
            >
        >
    >
>
2023-08-30 11:16:57,490[INFO ]:RECV SECS2 Message : SSID(0), B2(6), B3(12), P(0), S(0), SB(122), Length[3]
2023-08-30 11:16:57,490[DEBUG]:<<<S6F12<<<  
<B [1] 00 >
2023-08-30 11:16:57,565[INFO ]:RECV SECS2 Message : SSID(0), B2(6), B3(12), P(0), S(0), SB(123), Length[3]
2023-08-30 11:16:57,565[DEBUG]:<<<S6F12<<<  
<B [1] 00 >
2023-08-30 11:17:24,663[INFO ]:Queued SECS2 Message : S6F11
2023-08-30 11:17:24,703[INFO ]:SENT SECS2 Message : SSID(0), B2(134), B3(11), P(0), S(0), SB(125)
2023-08-30 11:17:24,703[INFO ]:>>>S6F11 W>>>  
<L [3] 
    <U4 [1] 0 >
    <U4 [1] `ModuleEnd` 1102 >
    <L [1] 
        <L [2] 
            <U4 [1] 1102 >
            <L [5] 
                <A [5] `ModuleID` "USC01">
                <A [7] `LotID` "LOT_001">
                <U2 [1] `SlotNo` 2 >
                <A [7] `GlassID` "GLASS03">
                <A [6] `UserId` "TEST-1">
            >
        >
    >
>
2023-08-30 11:17:24,856[INFO ]:RECV SECS2 Message : SSID(0), B2(6), B3(12), P(0), S(0), SB(125), Length[3]
2023-08-30 11:17:24,856[DEBUG]:<<<S6F12<<<  
<B [1] 00 >
2023-08-30 11:17:25,006[INFO ]:Queued SECS2 Message : S6F11
2023-08-30 11:17:25,009[INFO ]:SENT SECS2 Message : SSID(0), B2(134), B3(11), P(0), S(0), SB(126)
2023-08-30 11:17:25,009[INFO ]:>>>S6F11 W>>>  
<L [3] 
    <U4 [1] 0 >
    <U4 [1] `SubstrateLocationUnoccupied` 1202 >
    <L [1] 
        <L [2] 
            <U4 [1] 1202 >
            <L [2] 
                <A [4] `ModuleID` "BF01">
                <A [7] `GlassID` "GLASS03">
            >
        >
    >
>
2023-08-30 11:17:25,163[INFO ]:RECV SECS2 Message : SSID(0), B2(6), B3(12), P(0), S(0), SB(126), Length[3]
2023-08-30 11:17:25,163[DEBUG]:<<<S6F12<<<  
<B [1] 00 >
2023-08-30 11:17:25,174[INFO ]:Queued SECS2 Message : S6F11
2023-08-30 11:17:25,192[INFO ]:SENT SECS2 Message : SSID(0), B2(134), B3(11), P(0), S(0), SB(127)
2023-08-30 11:17:25,192[INFO ]:>>>S6F11 W>>>  
<L [3] 
    <U4 [1] 0 >
    <U4 [1] `SubstrateLocationUnoccupied` 1202 >
    <L [1] 
        <L [2] 
            <U4 [1] 1202 >
            <L [2] 
                <A [4] `ModuleID` "BF01">
                <A [0] `GlassID` >
            >
        >
    >
>
2023-08-30 11:17:25,336[INFO ]:Queued SECS2 Message : S6F11
2023-08-30 11:17:25,343[INFO ]:Queued SECS2 Message : S6F11
2023-08-30 11:17:25,376[INFO ]:RECV SECS2 Message : SSID(0), B2(6), B3(12), P(0), S(0), SB(127), Length[3]
2023-08-30 11:17:25,376[DEBUG]:<<<S6F12<<<  
<B [1] 00 >
2023-08-30 11:17:25,376[INFO ]:SENT SECS2 Message : SSID(0), B2(134), B3(11), P(0), S(0), SB(128)
2023-08-30 11:17:25,376[INFO ]:>>>S6F11 W>>>  
<L [3] 
    <U4 [1] 0 >
    <U4 [1] `ProcessEnd` 1312 >
    <L [1] 
        <L [2] 
            <U4 [1] 1312 >
            <L [4] 
                <A [4] `ModuleID` "IP01">
                <U2 [1] `PortID` 1 >
                <A [6] `TrayID` "TRAY-1">
                <A [16] `WorkID` "work202306301331">
            >
        >
    >
>
2023-08-30 11:17:25,376[INFO ]:SENT SECS2 Message : SSID(0), B2(134), B3(11), P(0), S(0), SB(129)
2023-08-30 11:17:25,376[INFO ]:>>>S6F11 W>>>  
<L [3] 
    <U4 [1] 0 >
    <U4 [1] `ModuleEnd` 1102 >
    <L [1] 
        <L [2] 
            <U4 [1] 1102 >
            <L [5] 
                <A [4] `ModuleID` "BF01">
                <A [7] `LotID` "LOT_001">
                <U2 [1] `SlotNo` 2 >
                <A [0] `GlassID` >
                <A [6] `UserId` "TEST-1">
            >
        >
    >
>
2023-08-30 11:17:25,511[INFO ]:RECV SECS2 Message : SSID(0), B2(6), B3(12), P(0), S(0), SB(128), Length[3]
2023-08-30 11:17:25,511[DEBUG]:<<<S6F12<<<  
<B [1] 00 >
2023-08-30 11:17:25,512[INFO ]:RECV SECS2 Message : SSID(0), B2(6), B3(12), P(0), S(0), SB(129), Length[3]
2023-08-30 11:17:25,512[DEBUG]:<<<S6F12<<<  
<B [1] 00 >
2023-08-30 11:17:28,309[INFO ]:Queued SECS2 Message : S6F11
2023-08-30 11:17:28,311[INFO ]:Queued SECS2 Message : S6F11
2023-08-30 11:17:28,358[INFO ]:SENT SECS2 Message : SSID(0), B2(134), B3(11), P(0), S(0), SB(130)
2023-08-30 11:17:28,358[INFO ]:>>>S6F11 W>>>  
<L [3] 
    <U4 [1] 0 >
    <U4 [1] `GlassEnd` 1612 >
    <L [1] 
        <L [2] 
            <U4 [1] 1612 >
            <L [6] 
                <A [5] `ModuleID` "USC01">
                <A [7] `GlassID` "GLASS03">
                <U2 [1] `PortID` 1 >
                <A [6] `TrayID` "TRAY-1">
                <U2 [1] `SlotNo` 3 >
                <A [7] `LotID` "LOT_001">
            >
        >
    >
>
2023-08-30 11:17:28,358[INFO ]:SENT SECS2 Message : SSID(0), B2(134), B3(11), P(0), S(0), SB(131)
2023-08-30 11:17:28,358[INFO ]:>>>S6F11 W>>>  
<L [3] 
    <U4 [1] 0 >
    <U4 [1] `SubstrateLocationUnoccupied` 1202 >
    <L [1] 
        <L [2] 
            <U4 [1] 1202 >
            <L [2] 
                <A [5] `ModuleID` "USC01">
                <A [7] `GlassID` "GLASS03">
            >
        >
    >
>
2023-08-30 11:17:28,470[INFO ]:Queued SECS2 Message : S6F11
2023-08-30 11:17:28,478[INFO ]:SENT SECS2 Message : SSID(0), B2(134), B3(11), P(0), S(0), SB(132)
2023-08-30 11:17:28,478[INFO ]:>>>S6F11 W>>>  
<L [3] 
    <U4 [1] 0 >
    <U4 [1] `ModuleStart` 1101 >
    <L [1] 
        <L [2] 
            <U4 [1] 1101 >
            <L [7] 
                <A [5] `ModuleID` "USC01">
                <U2 [1] `PortID` 1 >
                <A [6] `TrayID` "TRAY-1">
                <A [7] `LotID` "LOT_001">
                <U2 [1] `SlotNo` 3 >
                <A [7] `GlassID` "GLASS03">
                <A [6] `UserId` "TEST-1">
            >
        >
    >
>
2023-08-30 11:17:28,525[INFO ]:RECV SECS2 Message : SSID(0), B2(6), B3(12), P(0), S(0), SB(130), Length[3]
2023-08-30 11:17:28,525[DEBUG]:<<<S6F12<<<  
<B [1] 00 >
2023-08-30 11:17:28,586[INFO ]:RECV SECS2 Message : SSID(0), B2(6), B3(12), P(0), S(0), SB(131), Length[3]
2023-08-30 11:17:28,586[DEBUG]:<<<S6F12<<<  
<B [1] 00 >
2023-08-30 11:17:28,586[INFO ]:RECV SECS2 Message : SSID(0), B2(6), B3(12), P(0), S(0), SB(132), Length[3]
2023-08-30 11:17:28,586[DEBUG]:<<<S6F12<<<  
<B [1] 00 >
2023-08-30 11:17:28,941[INFO ]:Queued SECS2 Message : S6F11
2023-08-30 11:17:28,941[INFO ]:Queued SECS2 Message : S6F11
2023-08-30 11:17:28,967[INFO ]:SENT SECS2 Message : SSID(0), B2(134), B3(11), P(0), S(0), SB(133)
2023-08-30 11:17:28,967[INFO ]:>>>S6F11 W>>>  
<L [3] 
    <U4 [1] 0 >
    <U4 [1] `SubstrateLocationOccupied` 1201 >
    <L [1] 
        <L [2] 
            <U4 [1] 1201 >
            <L [2] 
                <A [5] `ModuleID` "USC01">
                <A [7] `GlassID` "GLASS03">
            >
        >
    >
>
2023-08-30 11:17:28,967[INFO ]:SENT SECS2 Message : SSID(0), B2(134), B3(11), P(0), S(0), SB(134)
2023-08-30 11:17:28,968[INFO ]:>>>S6F11 W>>>  
<L [3] 
    <U4 [1] 0 >
    <U4 [1] `GlassStart` 1611 >
    <L [1] 
        <L [2] 
            <U4 [1] 1611 >
            <L [6] 
                <A [5] `ModuleID` "USC01">
                <A [7] `GlassID` "GLASS03">
                <U2 [1] `PortID` 1 >
                <A [6] `TrayID` "TRAY-1">
                <U2 [1] `SlotNo` 3 >
                <A [7] `LotID` "LOT_001">
            >
        >
    >
>
2023-08-30 11:17:29,179[INFO ]:RECV SECS2 Message : SSID(0), B2(6), B3(12), P(0), S(0), SB(133), Length[3]
2023-08-30 11:17:29,179[DEBUG]:<<<S6F12<<<  
<B [1] 00 >
2023-08-30 11:17:29,180[INFO ]:RECV SECS2 Message : SSID(0), B2(6), B3(12), P(0), S(0), SB(134), Length[3]
2023-08-30 11:17:29,180[DEBUG]:<<<S6F12<<<  
<B [1] 00 >
2023-08-30 11:17:50,792[INFO ]:Queued SECS2 Message : S6F11
2023-08-30 11:17:50,848[INFO ]:SENT SECS2 Message : SSID(0), B2(134), B3(11), P(0), S(0), SB(135)
2023-08-30 11:17:50,849[INFO ]:>>>S6F11 W>>>  
<L [3] 
    <U4 [1] 0 >
    <U4 [1] `ModuleEnd` 1102 >
    <L [1] 
        <L [2] 
            <U4 [1] 1102 >
            <L [5] 
                <A [5] `ModuleID` "USC01">
                <A [7] `LotID` "LOT_001">
                <U2 [1] `SlotNo` 3 >
                <A [7] `GlassID` "GLASS03">
                <A [6] `UserId` "TEST-1">
            >
        >
    >
>
2023-08-30 11:17:51,018[INFO ]:RECV SECS2 Message : SSID(0), B2(6), B3(12), P(0), S(0), SB(135), Length[3]
2023-08-30 11:17:51,018[DEBUG]:<<<S6F12<<<  
<B [1] 00 >
2023-08-30 11:17:51,843[INFO ]:Queued SECS2 Message : S6F11
2023-08-30 11:17:51,885[INFO ]:SENT SECS2 Message : SSID(0), B2(134), B3(11), P(0), S(0), SB(136)
2023-08-30 11:17:51,885[INFO ]:>>>S6F11 W>>>  
<L [3] 
    <U4 [1] 0 >
    <U4 [1] `PortReadyToLoad` 1502 >
    <L [1] 
        <L [2] 
            <U4 [1] 1502 >
            <L [2] 
                <U2 [1] `PortID` 1 >
                <A [6] `UserId` "TEST-1">
            >
        >
    >
>
2023-08-30 11:17:52,036[INFO ]:Queued SECS2 Message : S6F11
2023-08-30 11:17:52,067[INFO ]:RECV SECS2 Message : SSID(0), B2(6), B3(12), P(0), S(0), SB(136), Length[3]
2023-08-30 11:17:52,067[DEBUG]:<<<S6F12<<<  
<B [1] 00 >
2023-08-30 11:17:52,067[INFO ]:SENT SECS2 Message : SSID(0), B2(134), B3(11), P(0), S(0), SB(137)
2023-08-30 11:17:52,067[INFO ]:>>>S6F11 W>>>  
<L [3] 
    <U4 [1] 0 >
    <U4 [1] `EquipmentStateChanged` 1051 >
    <L [1] 
        <L [2] 
            <U4 [1] 1051 >
            <L [2] 
                <U2 [1] `EqpState` 1 >
                <U2 [1] `PreviousEqpState` 2 >
            >
        >
    >
>
2023-08-30 11:17:52,280[INFO ]:RECV SECS2 Message : SSID(0), B2(6), B3(12), P(0), S(0), SB(137), Length[3]
2023-08-30 11:17:52,280[DEBUG]:<<<S6F12<<<  
<B [1] 00 >
2023-08-30 11:18:03,876[INFO ]:Queued SECS2 Message : S6F11
2023-08-30 11:18:03,918[INFO ]:SENT SECS2 Message : SSID(0), B2(134), B3(11), P(0), S(0), SB(138)
2023-08-30 11:18:03,918[INFO ]:>>>S6F11 W>>>  
<L [3] 
    <U4 [1] 0 >
    <U4 [1] `PortTransferBlocked` 1503 >
    <L [1] 
        <L [2] 
            <U4 [1] 1503 >
            <L [2] 
                <U2 [1] `PortID` 1 >
                <A [6] `UserId` "TEST-1">
            >
        >
    >
>
2023-08-30 11:18:04,029[INFO ]:Queued SECS2 Message : S6F11
2023-08-30 11:18:04,039[INFO ]:SENT SECS2 Message : SSID(0), B2(134), B3(11), P(0), S(0), SB(139)
2023-08-30 11:18:04,039[INFO ]:>>>S6F11 W>>>  
<L [3] 
    <U4 [1] 0 >
    <U4 [1] `EquipmentStateChanged` 1051 >
    <L [1] 
        <L [2] 
            <U4 [1] 1051 >
            <L [2] 
                <U2 [1] `EqpState` 2 >
                <U2 [1] `PreviousEqpState` 1 >
            >
        >
    >
>
2023-08-30 11:18:04,085[INFO ]:RECV SECS2 Message : SSID(0), B2(6), B3(12), P(0), S(0), SB(138), Length[3]
2023-08-30 11:18:04,085[DEBUG]:<<<S6F12<<<  
<B [1] 00 >
2023-08-30 11:18:04,146[INFO ]:RECV SECS2 Message : SSID(0), B2(6), B3(12), P(0), S(0), SB(139), Length[3]
2023-08-30 11:18:04,146[DEBUG]:<<<S6F12<<<  
<B [1] 00 >
2023-08-30 11:18:05,016[INFO ]:Queued SECS2 Message : S6F11
2023-08-30 11:18:05,071[INFO ]:SENT SECS2 Message : SSID(0), B2(134), B3(11), P(0), S(0), SB(140)
2023-08-30 11:18:05,071[INFO ]:>>>S6F11 W>>>  
<L [3] 
    <U4 [1] 0 >
    <U4 [1] `TrayIDRead` 1411 >
    <L [1] 
        <L [2] 
            <U4 [1] 1411 >
            <L [4] 
                <U2 [1] `PortID` 1 >
                <A [6] `TrayID` "TRAY-1">
                <A [6] `TrayID` "TRAY-1">
                <A [6] `UserId` "TEST-1">
            >
        >
    >
>
2023-08-30 11:18:05,208[INFO ]:RECV SECS2 Message : SSID(0), B2(6), B3(12), P(0), S(0), SB(140), Length[3]
2023-08-30 11:18:05,208[DEBUG]:<<<S6F12<<<  
<B [1] 00 >
2023-08-30 11:18:06,171[INFO ]:Queued SECS2 Message : S6F11
2023-08-30 11:18:06,228[INFO ]:SENT SECS2 Message : SSID(0), B2(134), B3(11), P(0), S(0), SB(141)
2023-08-30 11:18:06,228[INFO ]:>>>S6F11 W>>>  
<L [3] 
    <U4 [1] 0 >
    <U4 [1] `TrayLoadComplete` 1401 >
    <L [1] 
        <L [2] 
            <U4 [1] 1401 >
            <L [3] 
                <U2 [1] `PortID` 1 >
                <A [6] `TrayID` "TRAY-1">
                <A [6] `UserId` "TEST-1">
            >
        >
    >
>
2023-08-30 11:18:06,410[INFO ]:RECV SECS2 Message : SSID(0), B2(6), B3(12), P(0), S(0), SB(141), Length[3]
2023-08-30 11:18:06,410[DEBUG]:<<<S6F12<<<  
<B [1] 00 >
