2023-08-29 15:16:20,448[INFO ]:Queued SECS2 Message : S1F13
2023-08-29 15:16:20,509[INFO ]:SENT SECS2 Message : SSID(0), B2(129), B3(13), P(0), S(0), SB(1)
2023-08-29 15:16:20,510[INFO ]:>>>S1F13 W>>>  
<L [2] 
    <A [3] "UPK">
    <A [14] "1.0.8641.27484">
>
2023-08-29 15:16:20,680[INFO ]:RECV SECS2 Message : SSID(0), B2(1), B3(14), P(0), S(0), SB(1), Length[11]
2023-08-29 15:16:20,680[DEBUG]:<<<S1F14<<<  
<L [2] 
    <B [1] 00 >
    <L [2] 
        <A [0] >
        <A [0] >
    >
>
2023-08-29 15:42:43,916[INFO ]:Queued SECS2 Message : S6F11
2023-08-29 15:42:43,918[INFO ]:Queued SECS2 Message : S5F1
2023-08-29 15:42:43,920[INFO ]:Queued SECS2 Message : S6F11
2023-08-29 15:42:43,946[INFO ]:SENT SECS2 Message : SSID(0), B2(134), B3(11), P(0), S(0), SB(14)
2023-08-29 15:42:43,948[INFO ]:>>>S6F11 W>>>  
<L [3] 
    <U4 [1] 0 >
    <U4 [1] `PortStateChange` 1511 >
    <L [1] 
        <L [2] 
            <U4 [1] 1511 >
            <L [4] 
                <U2 [1] `PortID` 2 >
                <A [0] `TrayID` >
                <A [0] `LotID` >
                <A [0] `UserId` >
            >
        >
    >
>
2023-08-29 15:42:43,948[INFO ]:SENT SECS2 Message : SSID(0), B2(133), B3(1), P(0), S(0), SB(15)
2023-08-29 15:42:43,948[INFO ]:>>>S5F1 W>>>  
<L [3] 
    <B [1] 82 >
    <U4 [1] 337 >
    <A [24] "OP Tray Detect  TimeOver">
>
2023-08-29 15:42:43,949[INFO ]:SENT SECS2 Message : SSID(0), B2(134), B3(11), P(0), S(0), SB(16)
2023-08-29 15:42:43,949[INFO ]:>>>S6F11 W>>>  
<L [3] 
    <U4 [1] 0 >
    <U4 [1] `AlarmDetected` 1031 >
    <L [0] >
>
2023-08-29 15:42:44,098[INFO ]:RECV SECS2 Message : SSID(0), B2(6), B3(12), P(0), S(0), SB(14), Length[3]
2023-08-29 15:42:44,098[DEBUG]:<<<S6F12<<<  
<B [1] 00 >
2023-08-29 15:42:44,099[INFO ]:RECV SECS2 Message : SSID(0), B2(5), B3(2), P(0), S(0), SB(15), Length[3]
2023-08-29 15:42:44,099[DEBUG]:<<<S5F2<<<  
<B [1] 00 >
2023-08-29 15:42:44,173[INFO ]:RECV SECS2 Message : SSID(0), B2(6), B3(12), P(0), S(0), SB(16), Length[3]
2023-08-29 15:42:44,173[DEBUG]:<<<S6F12<<<  
<B [1] 00 >
2023-08-29 15:43:02,741[INFO ]:Queued SECS2 Message : S6F11
2023-08-29 15:43:02,743[INFO ]:Queued SECS2 Message : S6F11
2023-08-29 15:43:02,800[INFO ]:SENT SECS2 Message : SSID(0), B2(134), B3(11), P(0), S(0), SB(18)
2023-08-29 15:43:02,800[INFO ]:>>>S6F11 W>>>  
<L [3] 
    <U4 [1] 0 >
    <U4 [1] `PortStateChange` 1511 >
    <L [1] 
        <L [2] 
            <U4 [1] 1511 >
            <L [4] 
                <U2 [1] `PortID` 2 >
                <A [0] `TrayID` >
                <A [0] `LotID` >
                <A [0] `UserId` >
            >
        >
    >
>
2023-08-29 15:43:02,801[INFO ]:SENT SECS2 Message : SSID(0), B2(134), B3(11), P(0), S(0), SB(19)
2023-08-29 15:43:02,801[INFO ]:>>>S6F11 W>>>  
<L [3] 
    <U4 [1] 0 >
    <U4 [1] `PortReadyToLoad` 1502 >
    <L [1] 
        <L [2] 
            <U4 [1] 1502 >
            <L [2] 
                <U2 [1] `PortID` 1 >
                <A [0] `UserId` >
            >
        >
    >
>
2023-08-29 15:43:03,000[INFO ]:RECV SECS2 Message : SSID(0), B2(6), B3(12), P(0), S(0), SB(18), Length[3]
2023-08-29 15:43:03,000[DEBUG]:<<<S6F12<<<  
<B [1] 00 >
2023-08-29 15:43:03,001[INFO ]:RECV SECS2 Message : SSID(0), B2(6), B3(12), P(0), S(0), SB(19), Length[3]
2023-08-29 15:43:03,001[DEBUG]:<<<S6F12<<<  
<B [1] 00 >
2023-08-29 15:43:04,462[INFO ]:Queued SECS2 Message : S6F11
2023-08-29 15:43:04,463[INFO ]:Queued SECS2 Message : S6F11
2023-08-29 15:43:04,508[INFO ]:SENT SECS2 Message : SSID(0), B2(134), B3(11), P(0), S(0), SB(20)
2023-08-29 15:43:04,508[INFO ]:>>>S6F11 W>>>  
<L [3] 
    <U4 [1] 0 >
    <U4 [1] `EquipmentStateChanged` 1051 >
    <L [1] 
        <L [2] 
            <U4 [1] 1051 >
            <L [2] 
                <U2 [1] `EqpState` 1 >
                <U2 [1] `PreviousEqpState` 2 >
            >
        >
    >
>
2023-08-29 15:43:04,508[INFO ]:SENT SECS2 Message : SSID(0), B2(134), B3(11), P(0), S(0), SB(21)
2023-08-29 15:43:04,508[INFO ]:>>>S6F11 W>>>  
<L [3] 
    <U4 [1] 0 >
    <U4 [1] `PortStateChange` 1511 >
    <L [1] 
        <L [2] 
            <U4 [1] 1511 >
            <L [4] 
                <U2 [1] `PortID` 2 >
                <A [0] `TrayID` >
                <A [0] `LotID` >
                <A [0] `UserId` >
            >
        >
    >
>
2023-08-29 15:43:04,661[INFO ]:RECV SECS2 Message : SSID(0), B2(6), B3(12), P(0), S(0), SB(20), Length[3]
2023-08-29 15:43:04,661[DEBUG]:<<<S6F12<<<  
<B [1] 00 >
2023-08-29 15:43:04,662[INFO ]:RECV SECS2 Message : SSID(0), B2(6), B3(12), P(0), S(0), SB(21), Length[3]
2023-08-29 15:43:04,662[DEBUG]:<<<S6F12<<<  
<B [1] 00 >
2023-08-29 15:43:18,173[INFO ]:Queued SECS2 Message : S6F11
2023-08-29 15:43:18,218[INFO ]:SENT SECS2 Message : SSID(0), B2(134), B3(11), P(0), S(0), SB(22)
2023-08-29 15:43:18,218[INFO ]:>>>S6F11 W>>>  
<L [3] 
    <U4 [1] 0 >
    <U4 [1] `PortTransferBlocked` 1503 >
    <L [1] 
        <L [2] 
            <U4 [1] 1503 >
            <L [2] 
                <U2 [1] `PortID` 1 >
                <A [0] `UserId` >
            >
        >
    >
>
2023-08-29 15:43:18,416[INFO ]:RECV SECS2 Message : SSID(0), B2(6), B3(12), P(0), S(0), SB(22), Length[3]
2023-08-29 15:43:18,416[DEBUG]:<<<S6F12<<<  
<B [1] 00 >
2023-08-29 15:43:19,897[INFO ]:Queued SECS2 Message : S6F11
2023-08-29 15:43:19,928[INFO ]:SENT SECS2 Message : SSID(0), B2(134), B3(11), P(0), S(0), SB(23)
2023-08-29 15:43:19,928[INFO ]:>>>S6F11 W>>>  
<L [3] 
    <U4 [1] 0 >
    <U4 [1] `EquipmentStateChanged` 1051 >
    <L [1] 
        <L [2] 
            <U4 [1] 1051 >
            <L [2] 
                <U2 [1] `EqpState` 2 >
                <U2 [1] `PreviousEqpState` 1 >
            >
        >
    >
>
2023-08-29 15:43:20,081[INFO ]:RECV SECS2 Message : SSID(0), B2(6), B3(12), P(0), S(0), SB(23), Length[3]
2023-08-29 15:43:20,081[DEBUG]:<<<S6F12<<<  
<B [1] 00 >
2023-08-29 15:47:32,121[INFO ]:Queued SECS2 Message : S6F11
2023-08-29 15:47:32,136[INFO ]:SENT SECS2 Message : SSID(0), B2(134), B3(11), P(0), S(0), SB(26)
2023-08-29 15:47:32,136[INFO ]:>>>S6F11 W>>>  
<L [3] 
    <U4 [1] 0 >
    <U4 [1] `PortReadyToLoad` 1502 >
    <L [1] 
        <L [2] 
            <U4 [1] 1502 >
            <L [2] 
                <U2 [1] `PortID` 1 >
                <A [0] `UserId` >
            >
        >
    >
>
2023-08-29 15:47:32,290[INFO ]:RECV SECS2 Message : SSID(0), B2(6), B3(12), P(0), S(0), SB(26), Length[3]
2023-08-29 15:47:32,290[DEBUG]:<<<S6F12<<<  
<B [1] 00 >
2023-08-29 15:47:37,267[INFO ]:Queued SECS2 Message : S6F11
2023-08-29 15:47:37,280[INFO ]:SENT SECS2 Message : SSID(0), B2(134), B3(11), P(0), S(0), SB(27)
2023-08-29 15:47:37,280[INFO ]:>>>S6F11 W>>>  
<L [3] 
    <U4 [1] 0 >
    <U4 [1] `ModuleEnd` 1102 >
    <L [1] 
        <L [2] 
            <U4 [1] 1102 >
            <L [5] 
                <A [4] `ModuleID` "TM01">
                <A [0] `LotID` >
                <U2 [1] `SlotNo` 0 >
                <A [0] `GlassID` >
                <A [0] `UserId` >
            >
        >
    >
>
2023-08-29 15:47:37,479[INFO ]:RECV SECS2 Message : SSID(0), B2(6), B3(12), P(0), S(0), SB(27), Length[3]
2023-08-29 15:47:37,479[DEBUG]:<<<S6F12<<<  
<B [1] 00 >
2023-08-29 15:47:39,006[INFO ]:Queued SECS2 Message : S6F11
2023-08-29 15:47:39,051[INFO ]:SENT SECS2 Message : SSID(0), B2(134), B3(11), P(0), S(0), SB(28)
2023-08-29 15:47:39,051[INFO ]:>>>S6F11 W>>>  
<L [3] 
    <U4 [1] 0 >
    <U4 [1] `ModuleStart` 1101 >
    <L [1] 
        <L [2] 
            <U4 [1] 1101 >
            <L [7] 
                <A [4] `ModuleID` "BF01">
                <U2 [1] `PortID` 1 >
                <A [0] `TrayID` >
                <A [0] `LotID` >
                <U2 [1] `SlotNo` 0 >
                <A [0] `GlassID` >
                <A [0] `UserId` >
            >
        >
    >
>
2023-08-29 15:47:39,220[INFO ]:RECV SECS2 Message : SSID(0), B2(6), B3(12), P(0), S(0), SB(28), Length[3]
2023-08-29 15:47:39,220[DEBUG]:<<<S6F12<<<  
<B [1] 00 >
2023-08-29 15:47:40,747[INFO ]:Queued SECS2 Message : S6F11
2023-08-29 15:47:40,762[INFO ]:SENT SECS2 Message : SSID(0), B2(134), B3(11), P(0), S(0), SB(29)
2023-08-29 15:47:40,762[INFO ]:>>>S6F11 W>>>  
<L [3] 
    <U4 [1] 0 >
    <U4 [1] `ModuleStart` 1101 >
    <L [1] 
        <L [2] 
            <U4 [1] 1101 >
            <L [7] 
                <A [5] `ModuleID` "USC01">
                <U2 [1] `PortID` 1 >
                <A [0] `TrayID` >
                <A [0] `LotID` >
                <U2 [1] `SlotNo` 0 >
                <A [0] `GlassID` >
                <A [0] `UserId` >
            >
        >
    >
>
2023-08-29 15:47:40,961[INFO ]:RECV SECS2 Message : SSID(0), B2(6), B3(12), P(0), S(0), SB(29), Length[3]
2023-08-29 15:47:40,961[DEBUG]:<<<S6F12<<<  
<B [1] 00 >
2023-08-29 15:47:45,968[INFO ]:Queued SECS2 Message : S6F11
2023-08-29 15:47:45,969[INFO ]:Queued SECS2 Message : S6F11
2023-08-29 15:47:45,983[INFO ]:Queued SECS2 Message : S6F11
2023-08-29 15:47:46,013[INFO ]:SENT SECS2 Message : SSID(0), B2(134), B3(11), P(0), S(0), SB(30)
2023-08-29 15:47:46,013[INFO ]:>>>S6F11 W>>>  
<L [3] 
    <U4 [1] 0 >
    <U4 [1] `SubstrateLocationOccupied` 1201 >
    <L [1] 
        <L [2] 
            <U4 [1] 1201 >
            <L [2] 
                <A [5] `ModuleID` "USC01">
                <A [0] `GlassID` >
            >
        >
    >
>
2023-08-29 15:47:46,013[INFO ]:SENT SECS2 Message : SSID(0), B2(134), B3(11), P(0), S(0), SB(31)
2023-08-29 15:47:46,013[INFO ]:>>>S6F11 W>>>  
<L [3] 
    <U4 [1] 0 >
    <U4 [1] `GlassStart` 1611 >
    <L [1] 
        <L [2] 
            <U4 [1] 1611 >
            <L [6] 
                <A [5] `ModuleID` "USC01">
                <A [0] `GlassID` >
                <U2 [1] `PortID` 0 >
                <A [0] `TrayID` >
                <U2 [1] `SlotNo` 0 >
                <A [0] `LotID` >
            >
        >
    >
>
2023-08-29 15:47:46,014[INFO ]:SENT SECS2 Message : SSID(0), B2(134), B3(11), P(0), S(0), SB(32)
2023-08-29 15:47:46,014[INFO ]:>>>S6F11 W>>>  
<L [3] 
    <U4 [1] 0 >
    <U4 [1] `ModuleEnd` 1102 >
    <L [1] 
        <L [2] 
            <U4 [1] 1102 >
            <L [5] 
                <A [5] `ModuleID` "USC01">
                <A [0] `LotID` >
                <U2 [1] `SlotNo` 0 >
                <A [0] `GlassID` >
                <A [0] `UserId` >
            >
        >
    >
>
2023-08-29 15:47:46,212[INFO ]:RECV SECS2 Message : SSID(0), B2(6), B3(12), P(0), S(0), SB(30), Length[3]
2023-08-29 15:47:46,212[DEBUG]:<<<S6F12<<<  
<B [1] 00 >
2023-08-29 15:47:46,213[INFO ]:RECV SECS2 Message : SSID(0), B2(6), B3(12), P(0), S(0), SB(31), Length[3]
2023-08-29 15:47:46,213[DEBUG]:<<<S6F12<<<  
<B [1] 00 >
2023-08-29 15:47:46,213[INFO ]:RECV SECS2 Message : SSID(0), B2(6), B3(12), P(0), S(0), SB(32), Length[3]
2023-08-29 15:47:46,213[DEBUG]:<<<S6F12<<<  
<B [1] 00 >
2023-08-29 15:49:03,353[INFO ]:Queued SECS2 Message : S6F11
2023-08-29 15:49:03,353[INFO ]:Queued SECS2 Message : S5F1
2023-08-29 15:49:03,354[INFO ]:Queued SECS2 Message : S6F11
2023-08-29 15:49:03,368[INFO ]:SENT SECS2 Message : SSID(0), B2(134), B3(11), P(0), S(0), SB(34)
2023-08-29 15:49:03,368[INFO ]:>>>S6F11 W>>>  
<L [3] 
    <U4 [1] 0 >
    <U4 [1] `PortStateChange` 1511 >
    <L [1] 
        <L [2] 
            <U4 [1] 1511 >
            <L [4] 
                <U2 [1] `PortID` 2 >
                <A [0] `TrayID` >
                <A [0] `LotID` >
                <A [0] `UserId` >
            >
        >
    >
>
2023-08-29 15:49:03,368[INFO ]:SENT SECS2 Message : SSID(0), B2(133), B3(1), P(0), S(0), SB(35)
2023-08-29 15:49:03,368[INFO ]:>>>S5F1 W>>>  
<L [3] 
    <B [1] 02 >
    <U4 [1] 337 >
    <A [24] "OP Tray Detect  TimeOver">
>
2023-08-29 15:49:03,368[INFO ]:SENT SECS2 Message : SSID(0), B2(134), B3(11), P(0), S(0), SB(36)
2023-08-29 15:49:03,368[INFO ]:>>>S6F11 W>>>  
<L [3] 
    <U4 [1] 0 >
    <U4 [1] `AlarmCleared` 1032 >
    <L [0] >
>
2023-08-29 15:49:03,597[INFO ]:RECV SECS2 Message : SSID(0), B2(6), B3(12), P(0), S(0), SB(34), Length[3]
2023-08-29 15:49:03,597[DEBUG]:<<<S6F12<<<  
<B [1] 00 >
2023-08-29 15:49:03,598[INFO ]:RECV SECS2 Message : SSID(0), B2(5), B3(2), P(0), S(0), SB(35), Length[3]
2023-08-29 15:49:03,598[DEBUG]:<<<S5F2<<<  
<B [1] 00 >
2023-08-29 15:49:03,599[INFO ]:RECV SECS2 Message : SSID(0), B2(6), B3(12), P(0), S(0), SB(36), Length[3]
2023-08-29 15:49:03,599[DEBUG]:<<<S6F12<<<  
<B [1] 00 >
2023-08-29 15:49:05,165[INFO ]:Queued SECS2 Message : S6F11
2023-08-29 15:49:05,211[INFO ]:SENT SECS2 Message : SSID(0), B2(134), B3(11), P(0), S(0), SB(37)
2023-08-29 15:49:05,211[INFO ]:>>>S6F11 W>>>  
<L [3] 
    <U4 [1] 0 >
    <U4 [1] `EquipmentStateChanged` 1051 >
    <L [1] 
        <L [2] 
            <U4 [1] 1051 >
            <L [2] 
                <U2 [1] `EqpState` 1 >
                <U2 [1] `PreviousEqpState` 2 >
            >
        >
    >
>
2023-08-29 15:49:05,349[INFO ]:RECV SECS2 Message : SSID(0), B2(6), B3(12), P(0), S(0), SB(37), Length[3]
2023-08-29 15:49:05,349[DEBUG]:<<<S6F12<<<  
<B [1] 00 >
2023-08-29 15:54:57,456[INFO ]:Queued SECS2 Message : S6F11
2023-08-29 15:54:57,502[INFO ]:SENT SECS2 Message : SSID(0), B2(134), B3(11), P(0), S(0), SB(40)
2023-08-29 15:54:57,502[INFO ]:>>>S6F11 W>>>  
<L [3] 
    <U4 [1] 0 >
    <U4 [1] `PortTransferBlocked` 1503 >
    <L [1] 
        <L [2] 
            <U4 [1] 1503 >
            <L [2] 
                <U2 [1] `PortID` 1 >
                <A [0] `UserId` >
            >
        >
    >
>
2023-08-29 15:54:57,656[INFO ]:RECV SECS2 Message : SSID(0), B2(6), B3(12), P(0), S(0), SB(40), Length[3]
2023-08-29 15:54:57,656[DEBUG]:<<<S6F12<<<  
<B [1] 00 >
2023-08-29 15:54:59,192[INFO ]:Queued SECS2 Message : S6F11
2023-08-29 15:54:59,193[INFO ]:Queued SECS2 Message : S6F11
2023-08-29 15:54:59,223[INFO ]:SENT SECS2 Message : SSID(0), B2(134), B3(11), P(0), S(0), SB(41)
2023-08-29 15:54:59,223[INFO ]:>>>S6F11 W>>>  
<L [3] 
    <U4 [1] 0 >
    <U4 [1] `EquipmentStateChanged` 1051 >
    <L [1] 
        <L [2] 
            <U4 [1] 1051 >
            <L [2] 
                <U2 [1] `EqpState` 2 >
                <U2 [1] `PreviousEqpState` 1 >
            >
        >
    >
>
2023-08-29 15:54:59,223[INFO ]:SENT SECS2 Message : SSID(0), B2(134), B3(11), P(0), S(0), SB(42)
2023-08-29 15:54:59,223[INFO ]:>>>S6F11 W>>>  
<L [3] 
    <U4 [1] 0 >
    <U4 [1] `TrayIDRead` 1411 >
    <L [1] 
        <L [2] 
            <U4 [1] 1411 >
            <L [4] 
                <U2 [1] `PortID` 1 >
                <A [6] `TrayID` "TRAY-1">
                <A [6] `TrayID` "TRAY-1">
                <A [0] `UserId` >
            >
        >
    >
>
2023-08-29 15:54:59,406[INFO ]:RECV SECS2 Message : SSID(0), B2(6), B3(12), P(0), S(0), SB(41), Length[3]
2023-08-29 15:54:59,406[DEBUG]:<<<S6F12<<<  
<B [1] 00 >
2023-08-29 15:54:59,407[INFO ]:RECV SECS2 Message : SSID(0), B2(6), B3(12), P(0), S(0), SB(42), Length[3]
2023-08-29 15:54:59,407[DEBUG]:<<<S6F12<<<  
<B [1] 00 >
2023-08-29 15:55:08,554[INFO ]:RECV SECS2 Message : SSID(0), B2(131), B3(41), P(0), S(0), SB(138), Length[553]
2023-08-29 15:55:08,554[DEBUG]:<<<S3F41 W<<<  
<L [3] 
    <A [9] "WorkOrder">
    <A [10] "ToolTest-1">
    <L [1] 
        <L [2] 
            <A [1] "1">
            <L [1] 
                <L [6] 
                    <L [2] 
                        <A [10] "sorterType">
                        <A [0] >
                    >
                    <L [2] 
                        <A [8] "inPortId">
                        <A [1] "1">
                    >
                    <L [2] 
                        <A [8] "inCarrId">
                        <A [6] "TRAY-1">
                    >
                    <L [2] 
                        <A [9] "outPortId">
                        <A [1] "1">
                    >
                    <L [2] 
                        <A [9] "outCarrId">
                        <A [6] "CST001">
                    >
                    <L [1] 
                        <L [2] 
                            <L [2] 
                                <A [4] "PPID">
                                <A [4] "PPID">
                            >
                            <L [2] 
                                <A [9] "SLOT_DATA">
                                <L [3] 
                                    <L [7] 
                                        <L [2] 
                                            <A [12] "inCarrSlotNo">
                                            <A [1] "1">
                                        >
                                        <L [2] 
                                            <A [10] "manualInsp">
                                            <A [1] "N">
                                        >
                                        <L [2] 
                                            <A [10] "prodMtrlId">
                                            <A [7] "GLASS01">
                                        >
                                        <L [2] 
                                            <A [9] "slotState">
                                            <A [1] "1">
                                        >
                                        <L [2] 
                                            <A [13] "outCarrSlotNo">
                                            <A [1] "1">
                                        >
                                        <L [2] 
                                            <A [5] "lotId">
                                            <A [7] "LOT_001">
                                        >
                                        <L [2] 
                                            <A [8] "mtrlFace">
                                            <A [3] "TTT">
                                        >
                                    >
                                    <L [7] 
                                        <L [2] 
                                            <A [12] "inCarrSlotNo">
                                            <A [1] "2">
                                        >
                                        <L [2] 
                                            <A [10] "manualInsp">
                                            <A [1] "N">
                                        >
                                        <L [2] 
                                            <A [10] "prodMtrlId">
                                            <A [7] "GLASS02">
                                        >
                                        <L [2] 
                                            <A [9] "slotState">
                                            <A [1] "1">
                                        >
                                        <L [2] 
                                            <A [13] "outCarrSlotNo">
                                            <A [1] "2">
                                        >
                                        <L [2] 
                                            <A [5] "lotId">
                                            <A [7] "LOT_001">
                                        >
                                        <L [2] 
                                            <A [8] "mtrlFace">
                                            <A [3] "TTT">
                                        >
                                    >
                                    <L [7] 
                                        <L [2] 
                                            <A [12] "inCarrSlotNo">
                                            <A [1] "3">
                                        >
                                        <L [2] 
                                            <A [10] "manualInsp">
                                            <A [1] "N">
                                        >
                                        <L [2] 
                                            <A [10] "prodMtrlId">
                                            <A [7] "GLASS03">
                                        >
                                        <L [2] 
                                            <A [9] "slotState">
                                            <A [1] "1">
                                        >
                                        <L [2] 
                                            <A [13] "outCarrSlotNo">
                                            <A [1] "3">
                                        >
                                        <L [2] 
                                            <A [5] "lotId">
                                            <A [7] "LOT_001">
                                        >
                                        <L [2] 
                                            <A [8] "mtrlFace">
                                            <A [3] "TTT">
                                        >
                                    >
                                >
                            >
                        >
                    >
                >
            >
        >
    >
>
2023-08-29 15:55:08,568[INFO ]:Queued SECS2 Message : S3F42
2023-08-29 15:55:08,614[INFO ]:SENT SECS2 Message : SSID(0), B2(3), B3(42), P(0), S(0), SB(138)
2023-08-29 15:55:08,614[INFO ]:>>>S3F42>>>  
<B [1] 00 >
2023-08-29 15:56:39,267[INFO ]:RECV SECS2 Message : SSID(0), B2(130), B3(41), P(0), S(0), SB(140), Length[45]
2023-08-29 15:56:39,267[DEBUG]:<<<S2F41 W<<<  
<L [2] 
    <A [10] "WORK_START">
    <L [1] 
        <L [2] 
            <A [7] "WORK_ID">
            <A [16] "work202306301331">
        >
    >
>
2023-08-29 15:56:39,274[INFO ]:Queued SECS2 Message : S2F42
2023-08-29 15:56:39,313[INFO ]:SENT SECS2 Message : SSID(0), B2(2), B3(42), P(0), S(0), SB(140)
2023-08-29 15:56:39,313[INFO ]:>>>S2F42>>>  
<L [2] 
    <B [1] 04 >
    <L [0] >
>
2023-08-29 15:56:44,147[INFO ]:Queued SECS2 Message : S6F11
2023-08-29 15:56:44,161[INFO ]:SENT SECS2 Message : SSID(0), B2(134), B3(11), P(0), S(0), SB(44)
2023-08-29 15:56:44,161[INFO ]:>>>S6F11 W>>>  
<L [3] 
    <U4 [1] 0 >
    <U4 [1] `WorkStart` 1301 >
    <L [1] 
        <L [2] 
            <U4 [1] 1301 >
            <L [4] 
                <A [4] `ModuleID` "IP01">
                <U2 [1] `PortID` 1 >
                <A [6] `TrayID` "TRAY-1">
                <A [16] `WorkID` "work202306301331">
            >
        >
    >
>
2023-08-29 15:56:44,315[INFO ]:RECV SECS2 Message : SSID(0), B2(6), B3(12), P(0), S(0), SB(44), Length[3]
2023-08-29 15:56:44,315[DEBUG]:<<<S6F12<<<  
<B [1] 00 >
2023-08-29 15:56:49,337[INFO ]:Queued SECS2 Message : S6F11
2023-08-29 15:56:49,382[INFO ]:SENT SECS2 Message : SSID(0), B2(134), B3(11), P(0), S(0), SB(45)
2023-08-29 15:56:49,382[INFO ]:>>>S6F11 W>>>  
<L [3] 
    <U4 [1] 0 >
    <U4 [1] `ProcessStart` 1311 >
    <L [0] >
>
2023-08-29 15:56:49,522[INFO ]:RECV SECS2 Message : SSID(0), B2(6), B3(12), P(0), S(0), SB(45), Length[3]
2023-08-29 15:56:49,522[DEBUG]:<<<S6F12<<<  
<B [1] 00 >
2023-08-29 15:56:52,895[INFO ]:Queued SECS2 Message : S6F11
2023-08-29 15:56:52,942[INFO ]:SENT SECS2 Message : SSID(0), B2(134), B3(11), P(0), S(0), SB(46)
2023-08-29 15:56:52,942[INFO ]:>>>S6F11 W>>>  
<L [3] 
    <U4 [1] 0 >
    <U4 [1] `ModuleStart` 1101 >
    <L [1] 
        <L [2] 
            <U4 [1] 1101 >
            <L [7] 
                <A [4] `ModuleID` "TM01">
                <U2 [1] `PortID` 1 >
                <A [6] `TrayID` "TRAY-1">
                <A [7] `LotID` "LOT_001">
                <U2 [1] `SlotNo` 0 >
                <A [0] `GlassID` >
                <A [0] `UserId` >
            >
        >
    >
>
2023-08-29 15:56:53,111[INFO ]:RECV SECS2 Message : SSID(0), B2(6), B3(12), P(0), S(0), SB(46), Length[3]
2023-08-29 15:56:53,111[DEBUG]:<<<S6F12<<<  
<B [1] 00 >
2023-08-29 15:56:59,815[INFO ]:Queued SECS2 Message : S6F11
2023-08-29 15:56:59,877[INFO ]:SENT SECS2 Message : SSID(0), B2(134), B3(11), P(0), S(0), SB(47)
2023-08-29 15:56:59,877[INFO ]:>>>S6F11 W>>>  
<L [3] 
    <U4 [1] 0 >
    <U4 [1] `SubstrateLocationOccupied` 1201 >
    <L [1] 
        <L [2] 
            <U4 [1] 1201 >
            <L [2] 
                <A [4] `ModuleID` "TM01">
                <A [0] `GlassID` >
            >
        >
    >
>
2023-08-29 15:57:00,075[INFO ]:RECV SECS2 Message : SSID(0), B2(6), B3(12), P(0), S(0), SB(47), Length[3]
2023-08-29 15:57:00,075[DEBUG]:<<<S6F12<<<  
<B [1] 00 >
2023-08-29 15:57:06,738[INFO ]:Queued SECS2 Message : S6F11
2023-08-29 15:57:06,738[INFO ]:Queued SECS2 Message : S6F11
2023-08-29 15:57:06,753[INFO ]:SENT SECS2 Message : SSID(0), B2(134), B3(11), P(0), S(0), SB(49)
2023-08-29 15:57:06,753[INFO ]:>>>S6F11 W>>>  
<L [3] 
    <U4 [1] 0 >
    <U4 [1] `SubstrateLocationUnoccupied` 1202 >
    <L [1] 
        <L [2] 
            <U4 [1] 1202 >
            <L [2] 
                <A [4] `ModuleID` "TM01">
                <A [0] `GlassID` >
            >
        >
    >
>
2023-08-29 15:57:06,753[INFO ]:SENT SECS2 Message : SSID(0), B2(134), B3(11), P(0), S(0), SB(50)
2023-08-29 15:57:06,753[INFO ]:>>>S6F11 W>>>  
<L [3] 
    <U4 [1] 0 >
    <U4 [1] `ModuleStart` 1101 >
    <L [1] 
        <L [2] 
            <U4 [1] 1101 >
            <L [7] 
                <A [4] `ModuleID` "BF01">
                <U2 [1] `PortID` 1 >
                <A [6] `TrayID` "TRAY-1">
                <A [7] `LotID` "LOT_001">
                <U2 [1] `SlotNo` 0 >
                <A [0] `GlassID` >
                <A [0] `UserId` >
            >
        >
    >
>
2023-08-29 15:57:06,954[INFO ]:RECV SECS2 Message : SSID(0), B2(6), B3(12), P(0), S(0), SB(49), Length[3]
2023-08-29 15:57:06,954[DEBUG]:<<<S6F12<<<  
<B [1] 00 >
2023-08-29 15:57:06,955[INFO ]:RECV SECS2 Message : SSID(0), B2(6), B3(12), P(0), S(0), SB(50), Length[3]
2023-08-29 15:57:06,955[DEBUG]:<<<S6F12<<<  
<B [1] 00 >
2023-08-29 15:57:08,489[INFO ]:Queued SECS2 Message : S6F11
2023-08-29 15:57:08,534[INFO ]:SENT SECS2 Message : SSID(0), B2(134), B3(11), P(0), S(0), SB(51)
2023-08-29 15:57:08,535[INFO ]:>>>S6F11 W>>>  
<L [3] 
    <U4 [1] 0 >
    <U4 [1] `SubstrateLocationUnoccupied` 1202 >
    <L [1] 
        <L [2] 
            <U4 [1] 1202 >
            <L [2] 
                <A [4] `ModuleID` "TM01">
                <A [0] `GlassID` >
            >
        >
    >
>
2023-08-29 15:57:08,702[INFO ]:RECV SECS2 Message : SSID(0), B2(6), B3(12), P(0), S(0), SB(51), Length[3]
2023-08-29 15:57:08,702[DEBUG]:<<<S6F12<<<  
<B [1] 00 >
2023-08-29 15:57:10,203[INFO ]:Queued SECS2 Message : S6F11
2023-08-29 15:57:10,248[INFO ]:SENT SECS2 Message : SSID(0), B2(134), B3(11), P(0), S(0), SB(52)
2023-08-29 15:57:10,248[INFO ]:>>>S6F11 W>>>  
<L [3] 
    <U4 [1] 0 >
    <U4 [1] `ModuleEnd` 1102 >
    <L [1] 
        <L [2] 
            <U4 [1] 1102 >
            <L [5] 
                <A [4] `ModuleID` "TM01">
                <A [7] `LotID` "LOT_001">
                <U2 [1] `SlotNo` 0 >
                <A [0] `GlassID` >
                <A [0] `UserId` >
            >
        >
    >
>
2023-08-29 15:57:10,446[INFO ]:RECV SECS2 Message : SSID(0), B2(6), B3(12), P(0), S(0), SB(52), Length[3]
2023-08-29 15:57:10,446[DEBUG]:<<<S6F12<<<  
<B [1] 00 >
2023-08-29 15:57:15,427[INFO ]:Queued SECS2 Message : S6F11
2023-08-29 15:57:15,473[INFO ]:SENT SECS2 Message : SSID(0), B2(134), B3(11), P(0), S(0), SB(53)
2023-08-29 15:57:15,473[INFO ]:>>>S6F11 W>>>  
<L [3] 
    <U4 [1] 0 >
    <U4 [1] `GlassIDRead` 1601 >
    <L [1] 
        <L [2] 
            <U4 [1] 1601 >
            <L [2] 
                <A [6] `TrayID` "TRAY-1">
                <A [7] `GlassID` "GLASS01">
            >
        >
    >
>
2023-08-29 15:57:15,655[INFO ]:RECV SECS2 Message : SSID(0), B2(6), B3(12), P(0), S(0), SB(53), Length[3]
2023-08-29 15:57:15,655[DEBUG]:<<<S6F12<<<  
<B [1] 00 >
2023-08-29 15:57:17,251[INFO ]:Queued SECS2 Message : S6F11
2023-08-29 15:57:17,264[INFO ]:Queued SECS2 Message : S6F11
2023-08-29 15:57:17,310[INFO ]:SENT SECS2 Message : SSID(0), B2(134), B3(11), P(0), S(0), SB(54)
2023-08-29 15:57:17,310[INFO ]:>>>S6F11 W>>>  
<L [3] 
    <U4 [1] 0 >
    <U4 [1] `ModuleStart` 1101 >
    <L [1] 
        <L [2] 
            <U4 [1] 1101 >
            <L [7] 
                <A [4] `ModuleID` "TM01">
                <U2 [1] `PortID` 1 >
                <A [6] `TrayID` "TRAY-1">
                <A [7] `LotID` "LOT_001">
                <U2 [1] `SlotNo` 0 >
                <A [7] `GlassID` "GLASS01">
                <A [0] `UserId` >
            >
        >
    >
>
2023-08-29 15:57:17,311[INFO ]:SENT SECS2 Message : SSID(0), B2(134), B3(11), P(0), S(0), SB(55)
2023-08-29 15:57:17,311[INFO ]:>>>S6F11 W>>>  
<L [3] 
    <U4 [1] 0 >
    <U4 [1] `SubstrateLocationOccupied` 1201 >
    <L [1] 
        <L [2] 
            <U4 [1] 1201 >
            <L [2] 
                <A [4] `ModuleID` "BF01">
                <A [7] `GlassID` "GLASS01">
            >
        >
    >
>
2023-08-29 15:57:17,479[INFO ]:RECV SECS2 Message : SSID(0), B2(6), B3(12), P(0), S(0), SB(54), Length[3]
2023-08-29 15:57:17,479[DEBUG]:<<<S6F12<<<  
<B [1] 00 >
2023-08-29 15:57:17,479[INFO ]:RECV SECS2 Message : SSID(0), B2(6), B3(12), P(0), S(0), SB(55), Length[3]
2023-08-29 15:57:17,479[DEBUG]:<<<S6F12<<<  
<B [1] 00 >
2023-08-29 15:57:24,232[INFO ]:Queued SECS2 Message : S6F11
2023-08-29 15:57:24,247[INFO ]:SENT SECS2 Message : SSID(0), B2(134), B3(11), P(0), S(0), SB(56)
2023-08-29 15:57:24,247[INFO ]:>>>S6F11 W>>>  
<L [3] 
    <U4 [1] 0 >
    <U4 [1] `SubstrateLocationOccupied` 1201 >
    <L [1] 
        <L [2] 
            <U4 [1] 1201 >
            <L [2] 
                <A [4] `ModuleID` "TM01">
                <A [0] `GlassID` >
            >
        >
    >
>
2023-08-29 15:57:24,447[INFO ]:RECV SECS2 Message : SSID(0), B2(6), B3(12), P(0), S(0), SB(56), Length[3]
2023-08-29 15:57:24,447[DEBUG]:<<<S6F12<<<  
<B [1] 00 >
2023-08-29 15:57:25,982[INFO ]:Queued SECS2 Message : S6F11
2023-08-29 15:57:25,983[INFO ]:Queued SECS2 Message : S6F11
2023-08-29 15:57:26,028[INFO ]:SENT SECS2 Message : SSID(0), B2(134), B3(11), P(0), S(0), SB(57)
2023-08-29 15:57:26,028[INFO ]:>>>S6F11 W>>>  
<L [3] 
    <U4 [1] 0 >
    <U4 [1] `SubstrateLocationUnoccupied` 1202 >
    <L [1] 
        <L [2] 
            <U4 [1] 1202 >
            <L [2] 
                <A [4] `ModuleID` "BF01">
                <A [7] `GlassID` "GLASS01">
            >
        >
    >
>
2023-08-29 15:57:26,029[INFO ]:SENT SECS2 Message : SSID(0), B2(134), B3(11), P(0), S(0), SB(58)
2023-08-29 15:57:26,029[INFO ]:>>>S6F11 W>>>  
<L [3] 
    <U4 [1] 0 >
    <U4 [1] `ModuleStart` 1101 >
    <L [1] 
        <L [2] 
            <U4 [1] 1101 >
            <L [7] 
                <A [5] `ModuleID` "USC01">
                <U2 [1] `PortID` 1 >
                <A [6] `TrayID` "TRAY-1">
                <A [7] `LotID` "LOT_001">
                <U2 [1] `SlotNo` 0 >
                <A [7] `GlassID` "GLASS01">
                <A [0] `UserId` >
            >
        >
    >
>
2023-08-29 15:57:26,197[INFO ]:RECV SECS2 Message : SSID(0), B2(6), B3(12), P(0), S(0), SB(57), Length[3]
2023-08-29 15:57:26,197[DEBUG]:<<<S6F12<<<  
<B [1] 00 >
2023-08-29 15:57:26,198[INFO ]:RECV SECS2 Message : SSID(0), B2(6), B3(12), P(0), S(0), SB(58), Length[3]
2023-08-29 15:57:26,198[DEBUG]:<<<S6F12<<<  
<B [1] 00 >
2023-08-29 15:57:27,749[INFO ]:Queued SECS2 Message : S6F11
2023-08-29 15:57:27,810[INFO ]:SENT SECS2 Message : SSID(0), B2(134), B3(11), P(0), S(0), SB(59)
2023-08-29 15:57:27,810[INFO ]:>>>S6F11 W>>>  
<L [3] 
    <U4 [1] 0 >
    <U4 [1] `SubstrateLocationUnoccupied` 1202 >
    <L [1] 
        <L [2] 
            <U4 [1] 1202 >
            <L [2] 
                <A [4] `ModuleID` "BF01">
                <A [0] `GlassID` >
            >
        >
    >
>
2023-08-29 15:57:27,961[INFO ]:RECV SECS2 Message : SSID(0), B2(6), B3(12), P(0), S(0), SB(59), Length[3]
2023-08-29 15:57:27,961[DEBUG]:<<<S6F12<<<  
<B [1] 00 >
2023-08-29 15:57:29,463[INFO ]:Queued SECS2 Message : S6F11
2023-08-29 15:57:29,523[INFO ]:SENT SECS2 Message : SSID(0), B2(134), B3(11), P(0), S(0), SB(60)
2023-08-29 15:57:29,523[INFO ]:>>>S6F11 W>>>  
<L [3] 
    <U4 [1] 0 >
    <U4 [1] `ModuleEnd` 1102 >
    <L [1] 
        <L [2] 
            <U4 [1] 1102 >
            <L [5] 
                <A [4] `ModuleID` "BF01">
                <A [7] `LotID` "LOT_001">
                <U2 [1] `SlotNo` 0 >
                <A [0] `GlassID` >
                <A [0] `UserId` >
            >
        >
    >
>
2023-08-29 15:57:29,707[INFO ]:RECV SECS2 Message : SSID(0), B2(6), B3(12), P(0), S(0), SB(60), Length[3]
2023-08-29 15:57:29,707[DEBUG]:<<<S6F12<<<  
<B [1] 00 >
2023-08-29 15:57:31,229[INFO ]:Queued SECS2 Message : S6F11
2023-08-29 15:57:31,243[INFO ]:Queued SECS2 Message : S6F11
2023-08-29 15:57:31,243[INFO ]:SENT SECS2 Message : SSID(0), B2(134), B3(11), P(0), S(0), SB(61)
2023-08-29 15:57:31,243[INFO ]:>>>S6F11 W>>>  
<L [3] 
    <U4 [1] 0 >
    <U4 [1] `SubstrateLocationUnoccupied` 1202 >
    <L [1] 
        <L [2] 
            <U4 [1] 1202 >
            <L [2] 
                <A [4] `ModuleID` "TM01">
                <A [0] `GlassID` >
            >
        >
    >
>
2023-08-29 15:57:31,244[INFO ]:SENT SECS2 Message : SSID(0), B2(134), B3(11), P(0), S(0), SB(62)
2023-08-29 15:57:31,244[INFO ]:>>>S6F11 W>>>  
<L [3] 
    <U4 [1] 0 >
    <U4 [1] `SubstrateLocationOccupied` 1201 >
    <L [1] 
        <L [2] 
            <U4 [1] 1201 >
            <L [2] 
                <A [5] `ModuleID` "USC01">
                <A [7] `GlassID` "GLASS01">
            >
        >
    >
>
2023-08-29 15:57:31,244[INFO ]:Queued SECS2 Message : S6F11
2023-08-29 15:57:31,304[INFO ]:SENT SECS2 Message : SSID(0), B2(134), B3(11), P(0), S(0), SB(63)
2023-08-29 15:57:31,304[INFO ]:>>>S6F11 W>>>  
<L [3] 
    <U4 [1] 0 >
    <U4 [1] `GlassStart` 1611 >
    <L [1] 
        <L [2] 
            <U4 [1] 1611 >
            <L [6] 
                <A [5] `ModuleID` "USC01">
                <A [7] `GlassID` "GLASS01">
                <U2 [1] `PortID` 1 >
                <A [6] `TrayID` "TRAY-1">
                <U2 [1] `SlotNo` 1 >
                <A [7] `LotID` "LOT_001">
            >
        >
    >
>
2023-08-29 15:57:31,381[INFO ]:RECV SECS2 Message : SSID(0), B2(6), B3(12), P(0), S(0), SB(61), Length[3]
2023-08-29 15:57:31,381[DEBUG]:<<<S6F12<<<  
<B [1] 00 >
2023-08-29 15:57:31,382[INFO ]:RECV SECS2 Message : SSID(0), B2(6), B3(12), P(0), S(0), SB(62), Length[3]
2023-08-29 15:57:31,382[DEBUG]:<<<S6F12<<<  
<B [1] 00 >
2023-08-29 15:57:31,459[INFO ]:RECV SECS2 Message : SSID(0), B2(6), B3(12), P(0), S(0), SB(63), Length[3]
2023-08-29 15:57:31,459[DEBUG]:<<<S6F12<<<  
<B [1] 00 >
2023-08-29 15:57:32,996[INFO ]:Queued SECS2 Message : S6F11
2023-08-29 15:57:33,025[INFO ]:SENT SECS2 Message : SSID(0), B2(134), B3(11), P(0), S(0), SB(64)
2023-08-29 15:57:33,025[INFO ]:>>>S6F11 W>>>  
<L [3] 
    <U4 [1] 0 >
    <U4 [1] `SubstrateLocationUnoccupied` 1202 >
    <L [1] 
        <L [2] 
            <U4 [1] 1202 >
            <L [2] 
                <A [4] `ModuleID` "TM01">
                <A [0] `GlassID` >
            >
        >
    >
>
2023-08-29 15:57:33,210[INFO ]:RECV SECS2 Message : SSID(0), B2(6), B3(12), P(0), S(0), SB(64), Length[3]
2023-08-29 15:57:33,210[DEBUG]:<<<S6F12<<<  
<B [1] 00 >
2023-08-29 15:57:34,727[INFO ]:Queued SECS2 Message : S6F11
2023-08-29 15:57:34,741[INFO ]:SENT SECS2 Message : SSID(0), B2(134), B3(11), P(0), S(0), SB(65)
2023-08-29 15:57:34,741[INFO ]:>>>S6F11 W>>>  
<L [3] 
    <U4 [1] 0 >
    <U4 [1] `ModuleEnd` 1102 >
    <L [1] 
        <L [2] 
            <U4 [1] 1102 >
            <L [5] 
                <A [4] `ModuleID` "TM01">
                <A [7] `LotID` "LOT_001">
                <U2 [1] `SlotNo` 1 >
                <A [0] `GlassID` >
                <A [0] `UserId` >
            >
        >
    >
>
2023-08-29 15:57:34,895[INFO ]:RECV SECS2 Message : SSID(0), B2(6), B3(12), P(0), S(0), SB(65), Length[3]
2023-08-29 15:57:34,896[DEBUG]:<<<S6F12<<<  
<B [1] 00 >
2023-08-29 15:57:36,488[INFO ]:Queued SECS2 Message : S6F11
2023-08-29 15:57:36,518[INFO ]:SENT SECS2 Message : SSID(0), B2(134), B3(11), P(0), S(0), SB(66)
2023-08-29 15:57:36,519[INFO ]:>>>S6F11 W>>>  
<L [3] 
    <U4 [1] 0 >
    <U4 [1] `ModuleStart` 1101 >
    <L [1] 
        <L [2] 
            <U4 [1] 1101 >
            <L [7] 
                <A [4] `ModuleID` "BF01">
                <U2 [1] `PortID` 1 >
                <A [6] `TrayID` "TRAY-1">
                <A [7] `LotID` "LOT_001">
                <U2 [1] `SlotNo` 1 >
                <A [0] `GlassID` >
                <A [0] `UserId` >
            >
        >
    >
>
2023-08-29 15:57:36,717[INFO ]:RECV SECS2 Message : SSID(0), B2(6), B3(12), P(0), S(0), SB(66), Length[3]
2023-08-29 15:57:36,717[DEBUG]:<<<S6F12<<<  
<B [1] 00 >
2023-08-29 15:57:41,779[INFO ]:Queued SECS2 Message : S6F11
2023-08-29 15:57:41,794[INFO ]:SENT SECS2 Message : SSID(0), B2(134), B3(11), P(0), S(0), SB(67)
2023-08-29 15:57:41,794[INFO ]:>>>S6F11 W>>>  
<L [3] 
    <U4 [1] 0 >
    <U4 [1] `ModuleStart` 1101 >
    <L [1] 
        <L [2] 
            <U4 [1] 1101 >
            <L [7] 
                <A [4] `ModuleID` "TM01">
                <U2 [1] `PortID` 1 >
                <A [6] `TrayID` "TRAY-1">
                <A [7] `LotID` "LOT_001">
                <U2 [1] `SlotNo` 1 >
                <A [0] `GlassID` >
                <A [0] `UserId` >
            >
        >
    >
>
2023-08-29 15:57:41,993[INFO ]:RECV SECS2 Message : SSID(0), B2(6), B3(12), P(0), S(0), SB(67), Length[3]
2023-08-29 15:57:41,993[DEBUG]:<<<S6F12<<<  
<B [1] 00 >
2023-08-29 15:57:45,260[INFO ]:Queued SECS2 Message : S6F11
2023-08-29 15:57:45,291[INFO ]:SENT SECS2 Message : SSID(0), B2(134), B3(11), P(0), S(0), SB(68)
2023-08-29 15:57:45,291[INFO ]:>>>S6F11 W>>>  
<L [3] 
    <U4 [1] 0 >
    <U4 [1] `GlassIDRead` 1601 >
    <L [1] 
        <L [2] 
            <U4 [1] 1601 >
            <L [2] 
                <A [6] `TrayID` "TRAY-1">
                <A [7] `GlassID` "GLASS02">
            >
        >
    >
>
2023-08-29 15:57:45,429[INFO ]:RECV SECS2 Message : SSID(0), B2(6), B3(12), P(0), S(0), SB(68), Length[3]
2023-08-29 15:57:45,429[DEBUG]:<<<S6F12<<<  
<B [1] 00 >
2023-08-29 15:57:46,993[INFO ]:Queued SECS2 Message : S6F11
2023-08-29 15:57:47,007[INFO ]:SENT SECS2 Message : SSID(0), B2(134), B3(11), P(0), S(0), SB(69)
2023-08-29 15:57:47,007[INFO ]:>>>S6F11 W>>>  
<L [3] 
    <U4 [1] 0 >
    <U4 [1] `SubstrateLocationOccupied` 1201 >
    <L [1] 
        <L [2] 
            <U4 [1] 1201 >
            <L [2] 
                <A [4] `ModuleID` "BF01">
                <A [7] `GlassID` "GLASS02">
            >
        >
    >
>
2023-08-29 15:57:47,175[INFO ]:RECV SECS2 Message : SSID(0), B2(6), B3(12), P(0), S(0), SB(69), Length[3]
2023-08-29 15:57:47,175[DEBUG]:<<<S6F12<<<  
<B [1] 00 >
2023-08-29 15:57:48,741[INFO ]:Queued SECS2 Message : S6F11
2023-08-29 15:57:48,787[INFO ]:SENT SECS2 Message : SSID(0), B2(134), B3(11), P(0), S(0), SB(70)
2023-08-29 15:57:48,787[INFO ]:>>>S6F11 W>>>  
<L [3] 
    <U4 [1] 0 >
    <U4 [1] `SubstrateLocationOccupied` 1201 >
    <L [1] 
        <L [2] 
            <U4 [1] 1201 >
            <L [2] 
                <A [4] `ModuleID` "TM01">
                <A [0] `GlassID` >
            >
        >
    >
>
2023-08-29 15:57:48,986[INFO ]:RECV SECS2 Message : SSID(0), B2(6), B3(12), P(0), S(0), SB(70), Length[3]
2023-08-29 15:57:48,986[DEBUG]:<<<S6F12<<<  
<B [1] 00 >
