2023-07-07 15:01:20,428[INFO ]:Queued SECS2 Message : S1F13
2023-07-07 15:01:20,490[INFO ]:SENT SECS2 Message : SSID(0), B2(129), B3(13), P(0), S(0), SB(10)
2023-07-07 15:01:20,490[INFO ]:>>>S1F13 W>>>  
<L [2] 
    <A [3] "UPK">
    <A [14] "1.0.8588.26468">
>
2023-07-07 15:01:20,658[INFO ]:RECV SECS2 Message : SSID(0), B2(1), B3(14), P(0), S(0), SB(10), Length[11]
2023-07-07 15:01:20,658[DEBUG]:<<<S1F14<<<  
<L [2] 
    <B [1] 00 >
    <L [2] 
        <A [0] >
        <A [0] >
    >
>
2023-07-07 15:01:24,857[INFO ]:RECV SECS2 Message : SSID(0), B2(130), B3(31), P(0), S(0), SB(2), Length[18]
2023-07-07 15:01:24,857[DEBUG]:<<<S2F31 W<<<  
<A [16] "2023051711235100">
2023-07-07 15:01:24,859[INFO ]:Queued SECS2 Message : S2F32
2023-07-07 15:01:24,903[INFO ]:SENT SECS2 Message : SSID(0), B2(2), B3(32), P(0), S(0), SB(2)
2023-07-07 15:01:24,906[INFO ]:>>>S2F32>>>  
<B [1] 00 >
2023-07-07 15:01:25,886[INFO ]:RECV SECS2 Message : SSID(0), B2(130), B3(37), P(0), S(0), SB(4), Length[7]
2023-07-07 15:01:25,886[DEBUG]:<<<S2F37 W<<<  
<L [2] 
    <BL [1] False >
    <L [0] >
>
2023-07-07 15:01:25,887[INFO ]:Queued SECS2 Message : S2F38
2023-07-07 15:01:25,947[INFO ]:SENT SECS2 Message : SSID(0), B2(2), B3(38), P(0), S(0), SB(4)
2023-07-07 15:01:25,947[INFO ]:>>>S2F38>>>  
<B [1] 00 >
2023-07-07 15:01:26,864[INFO ]:RECV SECS2 Message : SSID(0), B2(130), B3(35), P(0), S(0), SB(6), Length[10]
2023-07-07 15:01:26,864[DEBUG]:<<<S2F35 W<<<  
<L [2] 
    <U4 [1] 0 >
    <L [0] >
>
2023-07-07 15:01:26,865[INFO ]:Queued SECS2 Message : S2F36
2023-07-07 15:01:26,924[INFO ]:SENT SECS2 Message : SSID(0), B2(2), B3(36), P(0), S(0), SB(6)
2023-07-07 15:01:26,924[INFO ]:>>>S2F36>>>  
<B [1] 00 >
2023-07-07 15:01:27,846[INFO ]:RECV SECS2 Message : SSID(0), B2(130), B3(33), P(0), S(0), SB(8), Length[10]
2023-07-07 15:01:27,846[DEBUG]:<<<S2F33 W<<<  
<L [2] 
    <U4 [1] 0 >
    <L [0] >
>
2023-07-07 15:01:27,847[INFO ]:Queued SECS2 Message : S2F34
2023-07-07 15:01:27,907[INFO ]:SENT SECS2 Message : SSID(0), B2(2), B3(34), P(0), S(0), SB(8)
2023-07-07 15:01:27,907[INFO ]:>>>S2F34>>>  
<B [1] 00 >
2023-07-07 15:01:28,831[INFO ]:RECV SECS2 Message : SSID(0), B2(130), B3(33), P(0), S(0), SB(10), Length[1,086]
2023-07-07 15:01:28,831[DEBUG]:<<<S2F33 W<<<  
<L [2] 
    <U4 [1] 0 >
    <L [32] 
        <L [2] 
            <U4 [1] 1 >
            <L [2] 
                <U4 [1] 4 >
                <U4 [1] 5 >
            >
        >
        <L [2] 
            <U4 [1] 12606 >
            <L [4] 
                <U4 [1] 1001 >
                <U4 [1] 2001 >
                <U4 [1] 3101 >
                <U4 [1] 3103 >
            >
        >
        <L [2] 
            <U4 [1] 3 >
            <L [2] 
                <U4 [1] 4 >
                <U4 [1] 5 >
            >
        >
        <L [2] 
            <U4 [1] 8 >
            <L [1] 
                <U4 [1] 14 >
            >
        >
        <L [2] 
            <U4 [1] 1001 >
            <L [5] 
                <U4 [1] 1001 >
                <U4 [1] 1005 >
                <U4 [1] 1006 >
                <U4 [1] 1003 >
                <U4 [1] 1002 >
            >
        >
        <L [2] 
            <U4 [1] 1016 >
            <L [3] 
                <U4 [1] 1001 >
                <U4 [1] 1002 >
                <U4 [1] 14 >
            >
        >
        <L [2] 
            <U4 [1] 1018 >
            <L [4] 
                <U4 [1] 1001 >
                <U4 [1] 1002 >
                <U4 [1] 1005 >
                <U4 [1] 14 >
            >
        >
        <L [2] 
            <U4 [1] 1019 >
            <L [3] 
                <U4 [1] 1001 >
                <U4 [1] 1005 >
                <U4 [1] 2001 >
            >
        >
        <L [2] 
            <U4 [1] 1090 >
            <L [3] 
                <U4 [1] 1001 >
                <U4 [1] 1005 >
                <U4 [1] 2001 >
            >
        >
        <L [2] 
            <U4 [1] 2001 >
            <L [4] 
                <U4 [1] 1001 >
                <U4 [1] 1005 >
                <U4 [1] 2001 >
                <U4 [1] 14 >
            >
        >
        <L [2] 
            <U4 [1] 2102 >
            <L [5] 
                <U4 [1] 1001 >
                <U4 [1] 1005 >
                <U4 [1] 2001 >
                <U4 [1] 2004 >
                <U4 [1] 14 >
            >
        >
        <L [2] 
            <U4 [1] 2414 >
            <L [8] 
                <U4 [1] 1001 >
                <U4 [1] 2001 >
                <U4 [1] 3001 >
                <U4 [1] 3103 >
                <U4 [1] 3101 >
                <U4 [1] 3003 >
                <U4 [1] 2005 >
                <U4 [1] 3112 >
            >
        >
        <L [2] 
            <U4 [1] 2601 >
            <L [5] 
                <U4 [1] 3110 >
                <U4 [1] 1001 >
                <U4 [1] 2001 >
                <U4 [1] 3105 >
                <U4 [1] 14 >
            >
        >
        <L [2] 
            <U4 [1] 2602 >
            <L [5] 
                <U4 [1] 3110 >
                <U4 [1] 1001 >
                <U4 [1] 2001 >
                <U4 [1] 3105 >
                <U4 [1] 14 >
            >
        >
        <L [2] 
            <U4 [1] 2605 >
            <L [4] 
                <U4 [1] 3103 >
                <U4 [1] 1001 >
                <U4 [1] 2001 >
                <U4 [1] 3101 >
            >
        >
        <L [2] 
            <U4 [1] 2606 >
            <L [4] 
                <U4 [1] 3103 >
                <U4 [1] 1001 >
                <U4 [1] 2001 >
                <U4 [1] 3101 >
            >
        >
        <L [2] 
            <U4 [1] 2700 >
            <L [1] 
                <U4 [1] 3109 >
            >
        >
        <L [2] 
            <U4 [1] 10008 >
            <L [1] 
                <U4 [1] 14 >
            >
        >
        <L [2] 
            <U4 [1] 10009 >
            <L [5] 
                <U4 [1] 4 >
                <U4 [1] 5 >
                <U4 [1] 20006 >
                <U4 [1] 20007 >
                <U4 [1] 14 >
            >
        >
        <L [2] 
            <U4 [1] 11001 >
            <L [5] 
                <U4 [1] 1001 >
                <U4 [1] 1002 >
                <U4 [1] 1003 >
                <U4 [1] 1005 >
                <U4 [1] 1006 >
            >
        >
        <L [2] 
            <U4 [1] 11016 >
            <L [3] 
                <U4 [1] 14 >
                <U4 [1] 1001 >
                <U4 [1] 1005 >
            >
        >
        <L [2] 
            <U4 [1] 11018 >
            <L [4] 
                <U4 [1] 14 >
                <U4 [1] 1001 >
                <U4 [1] 1003 >
                <U4 [1] 1005 >
            >
        >
        <L [2] 
            <U4 [1] 11019 >
            <L [3] 
                <U4 [1] 1001 >
                <U4 [1] 1005 >
                <U4 [1] 2001 >
            >
        >
        <L [2] 
            <U4 [1] 11090 >
            <L [3] 
                <U4 [1] 1001 >
                <U4 [1] 1005 >
                <U4 [1] 2001 >
            >
        >
        <L [2] 
            <U4 [1] 12001 >
            <L [4] 
                <U4 [1] 14 >
                <U4 [1] 1001 >
                <U4 [1] 1005 >
                <U4 [1] 2001 >
            >
        >
        <L [2] 
            <U4 [1] 12102 >
            <L [5] 
                <U4 [1] 14 >
                <U4 [1] 1001 >
                <U4 [1] 1005 >
                <U4 [1] 2001 >
                <U4 [1] 2004 >
            >
        >
        <L [2] 
            <U4 [1] 12413 >
            <L [8] 
                <U4 [1] 14 >
                <U4 [1] 1001 >
                <U4 [1] 2001 >
                <U4 [1] 3001 >
                <U4 [1] 3003 >
                <U4 [1] 3101 >
                <U4 [1] 3103 >
                <U4 [1] 3112 >
            >
        >
        <L [2] 
            <U4 [1] 12414 >
            <L [6] 
                <U4 [1] 14 >
                <U4 [1] 3001 >
                <U4 [1] 3003 >
                <U4 [1] 3101 >
                <U4 [1] 3103 >
                <U4 [1] 3112 >
            >
        >
        <L [2] 
            <U4 [1] 12601 >
            <L [5] 
                <U4 [1] 14 >
                <U4 [1] 1001 >
                <U4 [1] 2001 >
                <U4 [1] 3105 >
                <U4 [1] 3110 >
            >
        >
        <L [2] 
            <U4 [1] 12602 >
            <L [5] 
                <U4 [1] 14 >
                <U4 [1] 1001 >
                <U4 [1] 2001 >
                <U4 [1] 3105 >
                <U4 [1] 3110 >
            >
        >
        <L [2] 
            <U4 [1] 12605 >
            <L [4] 
                <U4 [1] 1001 >
                <U4 [1] 2001 >
                <U4 [1] 3101 >
                <U4 [1] 3103 >
            >
        >
        <L [2] 
            <U4 [1] 2 >
            <L [2] 
                <U4 [1] 4 >
                <U4 [1] 5 >
            >
        >
    >
>
2023-07-07 15:01:28,832[INFO ]:Queued SECS2 Message : S2F34
2023-07-07 15:01:28,892[INFO ]:SENT SECS2 Message : SSID(0), B2(2), B3(34), P(0), S(0), SB(10)
2023-07-07 15:01:28,892[INFO ]:>>>S2F34>>>  
<B [1] 04 >
2023-07-07 15:01:29,883[INFO ]:RECV SECS2 Message : SSID(0), B2(130), B3(35), P(0), S(0), SB(12), Length[506]
2023-07-07 15:01:29,883[DEBUG]:<<<S2F35 W<<<  
<L [2] 
    <U4 [1] 0 >
    <L [31] 
        <L [2] 
            <U4 [1] 1 >
            <L [1] 
                <U4 [1] 1 >
            >
        >
        <L [2] 
            <U4 [1] 2 >
            <L [1] 
                <U4 [1] 2 >
            >
        >
        <L [2] 
            <U4 [1] 3 >
            <L [1] 
                <U4 [1] 3 >
            >
        >
        <L [2] 
            <U4 [1] 1016 >
            <L [1] 
                <U4 [1] 1016 >
            >
        >
        <L [2] 
            <U4 [1] 1018 >
            <L [1] 
                <U4 [1] 1018 >
            >
        >
        <L [2] 
            <U4 [1] 1019 >
            <L [1] 
                <U4 [1] 1019 >
            >
        >
        <L [2] 
            <U4 [1] 2001 >
            <L [1] 
                <U4 [1] 2001 >
            >
        >
        <L [2] 
            <U4 [1] 2102 >
            <L [1] 
                <U4 [1] 2102 >
            >
        >
        <L [2] 
            <U4 [1] 2601 >
            <L [1] 
                <U4 [1] 2601 >
            >
        >
        <L [2] 
            <U4 [1] 2602 >
            <L [1] 
                <U4 [1] 2602 >
            >
        >
        <L [2] 
            <U4 [1] 2605 >
            <L [1] 
                <U4 [1] 2605 >
            >
        >
        <L [2] 
            <U4 [1] 2606 >
            <L [1] 
                <U4 [1] 2606 >
            >
        >
        <L [2] 
            <U4 [1] 2414 >
            <L [1] 
                <U4 [1] 2414 >
            >
        >
        <L [2] 
            <U4 [1] 1090 >
            <L [1] 
                <U4 [1] 1090 >
            >
        >
        <L [2] 
            <U4 [1] 8 >
            <L [1] 
                <U4 [1] 8 >
            >
        >
        <L [2] 
            <U4 [1] 10009 >
            <L [1] 
                <U4 [1] 10009 >
            >
        >
        <L [2] 
            <U4 [1] 2700 >
            <L [1] 
                <U4 [1] 2700 >
            >
        >
        <L [2] 
            <U4 [1] 12413 >
            <L [1] 
                <U4 [1] 12413 >
            >
        >
        <L [2] 
            <U4 [1] 12414 >
            <L [1] 
                <U4 [1] 12414 >
            >
        >
        <L [2] 
            <U4 [1] 11001 >
            <L [1] 
                <U4 [1] 11001 >
            >
        >
        <L [2] 
            <U4 [1] 11016 >
            <L [1] 
                <U4 [1] 11016 >
            >
        >
        <L [2] 
            <U4 [1] 11018 >
            <L [1] 
                <U4 [1] 11018 >
            >
        >
        <L [2] 
            <U4 [1] 11019 >
            <L [1] 
                <U4 [1] 11019 >
            >
        >
        <L [2] 
            <U4 [1] 12001 >
            <L [1] 
                <U4 [1] 12001 >
            >
        >
        <L [2] 
            <U4 [1] 12102 >
            <L [1] 
                <U4 [1] 12102 >
            >
        >
        <L [2] 
            <U4 [1] 12601 >
            <L [1] 
                <U4 [1] 12601 >
            >
        >
        <L [2] 
            <U4 [1] 12602 >
            <L [1] 
                <U4 [1] 12602 >
            >
        >
        <L [2] 
            <U4 [1] 12605 >
            <L [1] 
                <U4 [1] 12605 >
            >
        >
        <L [2] 
            <U4 [1] 12606 >
            <L [1] 
                <U4 [1] 12606 >
            >
        >
        <L [2] 
            <U4 [1] 11090 >
            <L [1] 
                <U4 [1] 11090 >
            >
        >
        <L [2] 
            <U4 [1] 10008 >
            <L [1] 
                <U4 [1] 10008 >
            >
        >
    >
>
2023-07-07 15:01:29,885[INFO ]:Queued SECS2 Message : S2F36
2023-07-07 15:01:29,929[INFO ]:SENT SECS2 Message : SSID(0), B2(2), B3(36), P(0), S(0), SB(12)
2023-07-07 15:01:29,929[INFO ]:>>>S2F36>>>  
<B [1] 04 >
2023-07-07 15:01:30,802[INFO ]:RECV SECS2 Message : SSID(0), B2(130), B3(37), P(0), S(0), SB(14), Length[1,802]
2023-07-07 15:01:30,802[DEBUG]:<<<S2F37 W<<<  
<L [2] 
    <BL [1] True >
    <L [299] 
        <U4 [1] 1 >
        <U4 [1] 2 >
        <U4 [1] 3 >
        <U4 [1] 1001 >
        <U4 [1] 1016 >
        <U4 [1] 1018 >
        <U4 [1] 1019 >
        <U4 [1] 2001 >
        <U4 [1] 2102 >
        <U4 [1] 2601 >
        <U4 [1] 2602 >
        <U4 [1] 2605 >
        <U4 [1] 2606 >
        <U4 [1] 2414 >
        <U4 [1] 1090 >
        <U4 [1] 8 >
        <U4 [1] 4 >
        <U4 [1] 5 >
        <U4 [1] 2700 >
        <U4 [1] 2603 >
        <U4 [1] 2604 >
        <U4 [1] 2501 >
        <U4 [1] 2502 >
        <U4 [1] 2503 >
        <U4 [1] 2504 >
        <U4 [1] 2505 >
        <U4 [1] 2506 >
        <U4 [1] 2507 >
        <U4 [1] 2508 >
        <U4 [1] 2509 >
        <U4 [1] 2510 >
        <U4 [1] 2511 >
        <U4 [1] 2512 >
        <U4 [1] 2513 >
        <U4 [1] 2514 >
        <U4 [1] 2515 >
        <U4 [1] 2516 >
        <U4 [1] 2517 >
        <U4 [1] 2518 >
        <U4 [1] 2401 >
        <U4 [1] 2402 >
        <U4 [1] 2403 >
        <U4 [1] 2404 >
        <U4 [1] 2405 >
        <U4 [1] 2406 >
        <U4 [1] 2407 >
        <U4 [1] 2408 >
        <U4 [1] 2409 >
        <U4 [1] 2410 >
        <U4 [1] 2411 >
        <U4 [1] 2412 >
        <U4 [1] 2413 >
        <U4 [1] 2301 >
        <U4 [1] 2302 >
        <U4 [1] 2303 >
        <U4 [1] 2304 >
        <U4 [1] 2201 >
        <U4 [1] 2202 >
        <U4 [1] 2203 >
        <U4 [1] 2101 >
        <U4 [1] 2103 >
        <U4 [1] 2104 >
        <U4 [1] 2002 >
        <U4 [1] 2003 >
        <U4 [1] 2004 >
        <U4 [1] 2005 >
        <U4 [1] 2006 >
        <U4 [1] 2007 >
        <U4 [1] 2008 >
        <U4 [1] 2009 >
        <U4 [1] 1201 >
        <U4 [1] 1202 >
        <U4 [1] 1203 >
        <U4 [1] 1204 >
        <U4 [1] 1205 >
        <U4 [1] 1206 >
        <U4 [1] 1101 >
        <U4 [1] 1102 >
        <U4 [1] 1103 >
        <U4 [1] 1104 >
        <U4 [1] 1105 >
        <U4 [1] 1106 >
        <U4 [1] 1002 >
        <U4 [1] 1003 >
        <U4 [1] 1004 >
        <U4 [1] 1005 >
        <U4 [1] 1006 >
        <U4 [1] 1007 >
        <U4 [1] 1008 >
        <U4 [1] 1010 >
        <U4 [1] 1011 >
        <U4 [1] 1013 >
        <U4 [1] 1014 >
        <U4 [1] 1015 >
        <U4 [1] 1017 >
        <U4 [1] 1020 >
        <U4 [1] 1021 >
        <U4 [1] 1022 >
        <U4 [1] 1024 >
        <U4 [1] 1025 >
        <U4 [1] 1027 >
        <U4 [1] 1028 >
        <U4 [1] 1029 >
        <U4 [1] 1030 >
        <U4 [1] 1031 >
        <U4 [1] 1032 >
        <U4 [1] 1033 >
        <U4 [1] 1035 >
        <U4 [1] 1036 >
        <U4 [1] 1038 >
        <U4 [1] 1039 >
        <U4 [1] 1041 >
        <U4 [1] 1042 >
        <U4 [1] 1043 >
        <U4 [1] 1044 >
        <U4 [1] 1045 >
        <U4 [1] 1046 >
        <U4 [1] 1047 >
        <U4 [1] 1049 >
        <U4 [1] 1050 >
        <U4 [1] 1052 >
        <U4 [1] 1053 >
        <U4 [1] 1055 >
        <U4 [1] 1056 >
        <U4 [1] 1057 >
        <U4 [1] 1058 >
        <U4 [1] 1060 >
        <U4 [1] 1061 >
        <U4 [1] 1063 >
        <U4 [1] 1064 >
        <U4 [1] 1066 >
        <U4 [1] 1067 >
        <U4 [1] 1069 >
        <U4 [1] 1070 >
        <U4 [1] 1071 >
        <U4 [1] 1072 >
        <U4 [1] 1073 >
        <U4 [1] 1074 >
        <U4 [1] 1075 >
        <U4 [1] 1077 >
        <U4 [1] 1078 >
        <U4 [1] 1080 >
        <U4 [1] 1081 >
        <U4 [1] 1082 >
        <U4 [1] 1083 >
        <U4 [1] 1084 >
        <U4 [1] 1085 >
        <U4 [1] 1086 >
        <U4 [1] 1087 >
        <U4 [1] 1088 >
        <U4 [1] 1089 >
        <U4 [1] 10009 >
        <U4 [1] 12413 >
        <U4 [1] 12414 >
        <U4 [1] 11001 >
        <U4 [1] 11016 >
        <U4 [1] 11018 >
        <U4 [1] 11019 >
        <U4 [1] 12001 >
        <U4 [1] 12102 >
        <U4 [1] 12601 >
        <U4 [1] 12602 >
        <U4 [1] 12605 >
        <U4 [1] 12606 >
        <U4 [1] 11090 >
        <U4 [1] 10008 >
        <U4 [1] 11042 >
        <U4 [1] 11043 >
        <U4 [1] 11044 >
        <U4 [1] 11045 >
        <U4 [1] 11046 >
        <U4 [1] 11047 >
        <U4 [1] 11049 >
        <U4 [1] 11050 >
        <U4 [1] 11052 >
        <U4 [1] 11053 >
        <U4 [1] 11055 >
        <U4 [1] 11056 >
        <U4 [1] 11057 >
        <U4 [1] 11058 >
        <U4 [1] 11060 >
        <U4 [1] 11061 >
        <U4 [1] 11063 >
        <U4 [1] 11064 >
        <U4 [1] 11066 >
        <U4 [1] 11067 >
        <U4 [1] 11069 >
        <U4 [1] 11070 >
        <U4 [1] 11071 >
        <U4 [1] 11072 >
        <U4 [1] 11073 >
        <U4 [1] 11074 >
        <U4 [1] 11075 >
        <U4 [1] 11077 >
        <U4 [1] 11078 >
        <U4 [1] 11080 >
        <U4 [1] 11081 >
        <U4 [1] 11082 >
        <U4 [1] 11083 >
        <U4 [1] 11084 >
        <U4 [1] 11085 >
        <U4 [1] 11086 >
        <U4 [1] 11087 >
        <U4 [1] 11088 >
        <U4 [1] 11089 >
        <U4 [1] 10004 >
        <U4 [1] 10005 >
        <U4 [1] 12604 >
        <U4 [1] 12603 >
        <U4 [1] 12501 >
        <U4 [1] 12502 >
        <U4 [1] 12503 >
        <U4 [1] 12504 >
        <U4 [1] 12505 >
        <U4 [1] 12506 >
        <U4 [1] 12507 >
        <U4 [1] 12508 >
        <U4 [1] 12509 >
        <U4 [1] 12510 >
        <U4 [1] 12511 >
        <U4 [1] 12512 >
        <U4 [1] 12513 >
        <U4 [1] 12514 >
        <U4 [1] 12515 >
        <U4 [1] 12516 >
        <U4 [1] 12517 >
        <U4 [1] 12518 >
        <U4 [1] 12401 >
        <U4 [1] 12402 >
        <U4 [1] 12403 >
        <U4 [1] 12404 >
        <U4 [1] 12405 >
        <U4 [1] 12406 >
        <U4 [1] 12407 >
        <U4 [1] 12408 >
        <U4 [1] 12409 >
        <U4 [1] 12410 >
        <U4 [1] 12411 >
        <U4 [1] 12412 >
        <U4 [1] 12303 >
        <U4 [1] 12301 >
        <U4 [1] 12302 >
        <U4 [1] 12304 >
        <U4 [1] 12201 >
        <U4 [1] 12202 >
        <U4 [1] 12203 >
        <U4 [1] 12101 >
        <U4 [1] 12103 >
        <U4 [1] 12104 >
        <U4 [1] 12002 >
        <U4 [1] 12003 >
        <U4 [1] 12004 >
        <U4 [1] 12005 >
        <U4 [1] 12006 >
        <U4 [1] 12007 >
        <U4 [1] 12008 >
        <U4 [1] 12009 >
        <U4 [1] 11201 >
        <U4 [1] 11202 >
        <U4 [1] 11203 >
        <U4 [1] 11204 >
        <U4 [1] 11205 >
        <U4 [1] 11206 >
        <U4 [1] 11101 >
        <U4 [1] 11102 >
        <U4 [1] 11103 >
        <U4 [1] 11104 >
        <U4 [1] 11105 >
        <U4 [1] 11106 >
        <U4 [1] 11002 >
        <U4 [1] 11003 >
        <U4 [1] 11004 >
        <U4 [1] 11005 >
        <U4 [1] 11006 >
        <U4 [1] 11007 >
        <U4 [1] 11008 >
        <U4 [1] 11010 >
        <U4 [1] 11011 >
        <U4 [1] 11013 >
        <U4 [1] 11014 >
        <U4 [1] 11015 >
        <U4 [1] 11017 >
        <U4 [1] 11020 >
        <U4 [1] 11021 >
        <U4 [1] 11022 >
        <U4 [1] 11024 >
        <U4 [1] 11025 >
        <U4 [1] 11027 >
        <U4 [1] 11028 >
        <U4 [1] 11029 >
        <U4 [1] 11030 >
        <U4 [1] 11031 >
        <U4 [1] 11032 >
        <U4 [1] 11033 >
        <U4 [1] 11035 >
        <U4 [1] 11036 >
        <U4 [1] 11038 >
        <U4 [1] 11039 >
        <U4 [1] 11041 >
    >
>
2023-07-07 15:01:30,803[INFO ]:Queued SECS2 Message : S2F38
2023-07-07 15:01:30,847[INFO ]:SENT SECS2 Message : SSID(0), B2(2), B3(38), P(0), S(0), SB(14)
2023-07-07 15:01:30,847[INFO ]:>>>S2F38>>>  
<B [1] 01 >
2023-07-07 15:01:31,861[INFO ]:RECV SECS2 Message : SSID(0), B2(129), B3(3), P(0), S(0), SB(16), Length[74]
2023-07-07 15:01:31,861[DEBUG]:<<<S1F3 W<<<  
<L [12] 
    <U4 [1] 1007 >
    <U4 [1] 1010 >
    <U4 [1] 1008 >
    <U4 [1] 1009 >
    <U4 [1] 1011 >
    <U4 [1] 2010 >
    <U4 [1] 1012 >
    <U4 [1] 1015 >
    <U4 [1] 1013 >
    <U4 [1] 1014 >
    <U4 [1] 1016 >
    <U4 [1] 2011 >
>
2023-07-07 15:01:31,863[INFO ]:Queued SECS2 Message : S1F4
2023-07-07 15:01:31,892[INFO ]:SENT SECS2 Message : SSID(0), B2(1), B3(4), P(0), S(0), SB(16)
2023-07-07 15:01:31,892[INFO ]:>>>S1F4>>>  
<L [12] 
    <L [0] >
    <L [0] >
    <L [0] >
    <L [0] >
    <L [0] >
    <L [0] >
    <L [0] >
    <L [0] >
    <L [0] >
    <L [0] >
    <L [0] >
    <L [0] >
>
2023-07-07 15:10:42,704[INFO ]:RECV SECS2 Message : SSID(0), B2(130), B3(31), P(0), S(0), SB(18), Length[18]
2023-07-07 15:10:42,704[DEBUG]:<<<S2F31 W<<<  
<A [16] "2023051711235100">
2023-07-07 15:10:42,706[INFO ]:Queued SECS2 Message : S2F32
2023-07-07 15:10:42,734[INFO ]:SENT SECS2 Message : SSID(0), B2(2), B3(32), P(0), S(0), SB(18)
2023-07-07 15:10:42,734[INFO ]:>>>S2F32>>>  
<B [1] 00 >
2023-07-07 15:10:43,684[INFO ]:RECV SECS2 Message : SSID(0), B2(130), B3(37), P(0), S(0), SB(20), Length[7]
2023-07-07 15:10:43,684[DEBUG]:<<<S2F37 W<<<  
<L [2] 
    <BL [1] False >
    <L [0] >
>
2023-07-07 15:10:43,685[INFO ]:Queued SECS2 Message : S2F38
2023-07-07 15:10:43,714[INFO ]:SENT SECS2 Message : SSID(0), B2(2), B3(38), P(0), S(0), SB(20)
2023-07-07 15:10:43,714[INFO ]:>>>S2F38>>>  
<B [1] 00 >
2023-07-07 15:10:44,684[INFO ]:RECV SECS2 Message : SSID(0), B2(130), B3(35), P(0), S(0), SB(22), Length[10]
2023-07-07 15:10:44,684[DEBUG]:<<<S2F35 W<<<  
<L [2] 
    <U4 [1] 0 >
    <L [0] >
>
2023-07-07 15:10:44,684[INFO ]:Queued SECS2 Message : S2F36
2023-07-07 15:10:44,699[INFO ]:SENT SECS2 Message : SSID(0), B2(2), B3(36), P(0), S(0), SB(22)
2023-07-07 15:10:44,699[INFO ]:>>>S2F36>>>  
<B [1] 00 >
2023-07-07 15:10:45,744[INFO ]:RECV SECS2 Message : SSID(0), B2(130), B3(33), P(0), S(0), SB(24), Length[10]
2023-07-07 15:10:45,744[DEBUG]:<<<S2F33 W<<<  
<L [2] 
    <U4 [1] 0 >
    <L [0] >
>
2023-07-07 15:10:45,744[INFO ]:Queued SECS2 Message : S2F34
2023-07-07 15:10:45,805[INFO ]:SENT SECS2 Message : SSID(0), B2(2), B3(34), P(0), S(0), SB(24)
2023-07-07 15:10:45,805[INFO ]:>>>S2F34>>>  
<B [1] 00 >
2023-07-07 15:10:46,729[INFO ]:RECV SECS2 Message : SSID(0), B2(130), B3(33), P(0), S(0), SB(26), Length[458]
2023-07-07 15:10:46,729[DEBUG]:<<<S2F33 W<<<  
<L [2] 
    <U4 [1] 0 >
    <L [16] 
        <L [2] 
            <U4 [1] 1001 >
            <L [2] 
                <U4 [1] 201 >
                <U4 [1] 202 >
            >
        >
        <L [2] 
            <U4 [1] 1002 >
            <L [2] 
                <U4 [1] 201 >
                <U4 [1] 202 >
            >
        >
        <L [2] 
            <U4 [1] 1003 >
            <L [2] 
                <U4 [1] 201 >
                <U4 [1] 202 >
            >
        >
        <L [2] 
            <U4 [1] 1051 >
            <L [2] 
                <U4 [1] 203 >
                <U4 [1] 204 >
            >
        >
        <L [2] 
            <U4 [1] 1061 >
            <L [2] 
                <U4 [1] 205 >
                <U4 [1] 206 >
            >
        >
        <L [2] 
            <U4 [1] 1101 >
            <L [7] 
                <U4 [1] 310 >
                <U4 [1] 312 >
                <U4 [1] 313 >
                <U4 [1] 323 >
                <U4 [1] 314 >
                <U4 [1] 311 >
                <U4 [1] 205 >
            >
        >
        <L [2] 
            <U4 [1] 1102 >
            <L [5] 
                <U4 [1] 310 >
                <U4 [1] 323 >
                <U4 [1] 314 >
                <U4 [1] 311 >
                <U4 [1] 205 >
            >
        >
        <L [2] 
            <U4 [1] 1301 >
            <L [3] 
                <U4 [1] 312 >
                <U4 [1] 313 >
                <U4 [1] 205 >
            >
        >
        <L [2] 
            <U4 [1] 1401 >
            <L [3] 
                <U4 [1] 312 >
                <U4 [1] 313 >
                <U4 [1] 205 >
            >
        >
        <L [2] 
            <U4 [1] 1502 >
            <L [2] 
                <U4 [1] 312 >
                <U4 [1] 205 >
            >
        >
        <L [2] 
            <U4 [1] 1504 >
            <L [2] 
                <U4 [1] 312 >
                <U4 [1] 205 >
            >
        >
        <L [2] 
            <U4 [1] 1511 >
            <L [4] 
                <U4 [1] 312 >
                <U4 [1] 313 >
                <U4 [1] 323 >
                <U4 [1] 205 >
            >
        >
        <L [2] 
            <U4 [1] 1611 >
            <L [4] 
                <U4 [1] 311 >
                <U4 [1] 314 >
                <U4 [1] 313 >
                <U4 [1] 322 >
            >
        >
        <L [2] 
            <U4 [1] 1612 >
            <L [4] 
                <U4 [1] 311 >
                <U4 [1] 314 >
                <U4 [1] 313 >
                <U4 [1] 322 >
            >
        >
        <L [2] 
            <U4 [1] 1601 >
            <L [2] 
                <U4 [1] 313 >
                <U4 [1] 311 >
            >
        >
        <L [2] 
            <U4 [1] 1602 >
            <L [2] 
                <U4 [1] 313 >
                <U4 [1] 311 >
            >
        >
    >
>
2023-07-07 15:10:46,730[INFO ]:Queued SECS2 Message : S2F34
2023-07-07 15:10:46,790[INFO ]:SENT SECS2 Message : SSID(0), B2(2), B3(34), P(0), S(0), SB(26)
2023-07-07 15:10:46,790[INFO ]:>>>S2F34>>>  
<B [1] 00 >
2023-07-07 15:10:47,717[INFO ]:RECV SECS2 Message : SSID(0), B2(130), B3(35), P(0), S(0), SB(28), Length[266]
2023-07-07 15:10:47,717[DEBUG]:<<<S2F35 W<<<  
<L [2] 
    <U4 [1] 0 >
    <L [16] 
        <L [2] 
            <U4 [1] 1504 >
            <L [1] 
                <U4 [1] 1504 >
            >
        >
        <L [2] 
            <U4 [1] 1502 >
            <L [1] 
                <U4 [1] 1502 >
            >
        >
        <L [2] 
            <U4 [1] 1401 >
            <L [1] 
                <U4 [1] 1401 >
            >
        >
        <L [2] 
            <U4 [1] 1511 >
            <L [1] 
                <U4 [1] 1511 >
            >
        >
        <L [2] 
            <U4 [1] 1101 >
            <L [1] 
                <U4 [1] 1101 >
            >
        >
        <L [2] 
            <U4 [1] 1102 >
            <L [1] 
                <U4 [1] 1102 >
            >
        >
        <L [2] 
            <U4 [1] 1061 >
            <L [1] 
                <U4 [1] 1061 >
            >
        >
        <L [2] 
            <U4 [1] 1003 >
            <L [1] 
                <U4 [1] 1003 >
            >
        >
        <L [2] 
            <U4 [1] 1002 >
            <L [1] 
                <U4 [1] 1002 >
            >
        >
        <L [2] 
            <U4 [1] 1001 >
            <L [1] 
                <U4 [1] 1001 >
            >
        >
        <L [2] 
            <U4 [1] 1051 >
            <L [1] 
                <U4 [1] 1051 >
            >
        >
        <L [2] 
            <U4 [1] 1301 >
            <L [1] 
                <U4 [1] 1301 >
            >
        >
        <L [2] 
            <U4 [1] 1611 >
            <L [1] 
                <U4 [1] 1611 >
            >
        >
        <L [2] 
            <U4 [1] 1612 >
            <L [1] 
                <U4 [1] 1612 >
            >
        >
        <L [2] 
            <U4 [1] 1601 >
            <L [1] 
                <U4 [1] 1601 >
            >
        >
        <L [2] 
            <U4 [1] 1602 >
            <L [1] 
                <U4 [1] 1602 >
            >
        >
    >
>
2023-07-07 15:10:47,718[INFO ]:Queued SECS2 Message : S2F36
2023-07-07 15:10:47,779[INFO ]:SENT SECS2 Message : SSID(0), B2(2), B3(36), P(0), S(0), SB(28)
2023-07-07 15:10:47,779[INFO ]:>>>S2F36>>>  
<B [1] 00 >
2023-07-07 15:10:48,705[INFO ]:RECV SECS2 Message : SSID(0), B2(130), B3(37), P(0), S(0), SB(30), Length[169]
2023-07-07 15:10:48,705[DEBUG]:<<<S2F37 W<<<  
<L [2] 
    <BL [1] True >
    <L [27] 
        <U4 [1] 1504 >
        <U4 [1] 1502 >
        <U4 [1] 1401 >
        <U4 [1] 1511 >
        <U4 [1] 1101 >
        <U4 [1] 1102 >
        <U4 [1] 1061 >
        <U4 [1] 1003 >
        <U4 [1] 1002 >
        <U4 [1] 1001 >
        <U4 [1] 1051 >
        <U4 [1] 1301 >
        <U4 [1] 1015 >
        <U4 [1] 1031 >
        <U4 [1] 1032 >
        <U4 [1] 1201 >
        <U4 [1] 1202 >
        <U4 [1] 1311 >
        <U4 [1] 1312 >
        <U4 [1] 1402 >
        <U4 [1] 1403 >
        <U4 [1] 1411 >
        <U4 [1] 1412 >
        <U4 [1] 1501 >
        <U4 [1] 1503 >
        <U4 [1] 1601 >
        <U4 [1] 1602 >
    >
>
2023-07-07 15:10:48,707[INFO ]:Queued SECS2 Message : S2F38
2023-07-07 15:10:48,767[INFO ]:SENT SECS2 Message : SSID(0), B2(2), B3(38), P(0), S(0), SB(30)
2023-07-07 15:10:48,767[INFO ]:>>>S2F38>>>  
<B [1] 00 >
2023-07-07 15:10:49,704[INFO ]:RECV SECS2 Message : SSID(0), B2(129), B3(3), P(0), S(0), SB(32), Length[26]
2023-07-07 15:10:49,704[DEBUG]:<<<S1F3 W<<<  
<L [4] 
    <U4 [1] 201 >
    <U4 [1] 202 >
    <U4 [1] 203 >
    <U4 [1] 204 >
>
2023-07-07 15:10:49,705[INFO ]:Queued SECS2 Message : S1F4
2023-07-07 15:10:49,749[INFO ]:SENT SECS2 Message : SSID(0), B2(1), B3(4), P(0), S(0), SB(32)
2023-07-07 15:10:49,749[INFO ]:>>>S1F4>>>  
<L [4] 
    <U2 [1] 5 >
    <U2 [1] 3 >
    <U2 [1] 1 >
    <U2 [1] 4 >
>
2023-07-07 15:11:32,720[INFO ]:Queued SECS2 Message : S6F11
2023-07-07 15:11:32,721[INFO ]:Queued SECS2 Message : S6F11
2023-07-07 15:11:32,777[INFO ]:SENT SECS2 Message : SSID(0), B2(134), B3(11), P(0), S(0), SB(16)
2023-07-07 15:11:32,777[INFO ]:>>>S6F11 W>>>  
<L [3] 
    <U4 [1] 0 >
    <U4 [1] `PortTransferBlocked` 1503 >
    <L [0] >
>
2023-07-07 15:11:32,777[INFO ]:SENT SECS2 Message : SSID(0), B2(134), B3(11), P(0), S(0), SB(17)
2023-07-07 15:11:32,777[INFO ]:>>>S6F11 W>>>  
<L [3] 
    <U4 [1] 0 >
    <U4 [1] `TrayLoadComplete` 1401 >
    <L [1] 
        <L [2] 
            <U4 [1] 1401 >
            <L [3] 
                <U2 [1] `PortID` 1 >
                <A [6] `TrayID` "TRAY-1">
                <A [0] `UserId` >
            >
        >
    >
>
2023-07-07 15:11:32,873[INFO ]:Queued SECS2 Message : S6F11
2023-07-07 15:11:32,900[INFO ]:SENT SECS2 Message : SSID(0), B2(134), B3(11), P(0), S(0), SB(18)
2023-07-07 15:11:32,900[INFO ]:>>>S6F11 W>>>  
<L [3] 
    <U4 [1] 0 >
    <U4 [1] `EquipmentStateChanged` 1051 >
    <L [1] 
        <L [2] 
            <U4 [1] 1051 >
            <L [2] 
                <U2 [1] `EqpState` 2 >
                <U2 [1] `PreviousEqpState` 1 >
            >
        >
    >
>
2023-07-07 15:11:32,932[INFO ]:RECV SECS2 Message : SSID(0), B2(6), B3(12), P(0), S(0), SB(16), Length[3]
2023-07-07 15:11:32,932[DEBUG]:<<<S6F12<<<  
<B [1] 00 >
2023-07-07 15:11:32,933[INFO ]:RECV SECS2 Message : SSID(0), B2(6), B3(12), P(0), S(0), SB(17), Length[3]
2023-07-07 15:11:32,933[DEBUG]:<<<S6F12<<<  
<B [1] 00 >
2023-07-07 15:11:32,993[INFO ]:RECV SECS2 Message : SSID(0), B2(6), B3(12), P(0), S(0), SB(18), Length[3]
2023-07-07 15:11:32,993[DEBUG]:<<<S6F12<<<  
<B [1] 00 >
2023-07-07 15:11:35,686[INFO ]:Queued SECS2 Message : S6F11
2023-07-07 15:11:35,729[INFO ]:SENT SECS2 Message : SSID(0), B2(134), B3(11), P(0), S(0), SB(19)
2023-07-07 15:11:35,729[INFO ]:>>>S6F11 W>>>  
<L [3] 
    <U4 [1] 0 >
    <U4 [1] `TrayIDRead` 1411 >
    <L [0] >
>
2023-07-07 15:11:35,897[INFO ]:RECV SECS2 Message : SSID(0), B2(6), B3(12), P(0), S(0), SB(19), Length[3]
2023-07-07 15:11:35,897[DEBUG]:<<<S6F12<<<  
<B [1] 00 >
2023-07-07 15:18:50,974[INFO ]:RECV SECS2 Message : SSID(0), B2(130), B3(31), P(0), S(0), SB(34), Length[18]
2023-07-07 15:18:50,974[DEBUG]:<<<S2F31 W<<<  
<A [16] "2023051711235100">
2023-07-07 15:18:50,976[INFO ]:Queued SECS2 Message : S2F32
2023-07-07 15:18:51,034[INFO ]:SENT SECS2 Message : SSID(0), B2(2), B3(32), P(0), S(0), SB(34)
2023-07-07 15:18:51,034[INFO ]:>>>S2F32>>>  
<B [1] 00 >
2023-07-07 15:18:51,950[INFO ]:RECV SECS2 Message : SSID(0), B2(130), B3(37), P(0), S(0), SB(36), Length[7]
2023-07-07 15:18:51,950[DEBUG]:<<<S2F37 W<<<  
<L [2] 
    <BL [1] False >
    <L [0] >
>
2023-07-07 15:18:51,951[INFO ]:Queued SECS2 Message : S2F38
2023-07-07 15:18:52,010[INFO ]:SENT SECS2 Message : SSID(0), B2(2), B3(38), P(0), S(0), SB(36)
2023-07-07 15:18:52,010[INFO ]:>>>S2F38>>>  
<B [1] 00 >
2023-07-07 15:18:52,991[INFO ]:RECV SECS2 Message : SSID(0), B2(130), B3(35), P(0), S(0), SB(38), Length[10]
2023-07-07 15:18:52,991[DEBUG]:<<<S2F35 W<<<  
<L [2] 
    <U4 [1] 0 >
    <L [0] >
>
2023-07-07 15:18:52,991[INFO ]:Queued SECS2 Message : S2F36
2023-07-07 15:18:53,051[INFO ]:SENT SECS2 Message : SSID(0), B2(2), B3(36), P(0), S(0), SB(38)
2023-07-07 15:18:53,051[INFO ]:>>>S2F36>>>  
<B [1] 00 >
2023-07-07 15:18:53,969[INFO ]:RECV SECS2 Message : SSID(0), B2(130), B3(33), P(0), S(0), SB(40), Length[10]
2023-07-07 15:18:53,969[DEBUG]:<<<S2F33 W<<<  
<L [2] 
    <U4 [1] 0 >
    <L [0] >
>
2023-07-07 15:18:53,969[INFO ]:Queued SECS2 Message : S2F34
2023-07-07 15:18:54,031[INFO ]:SENT SECS2 Message : SSID(0), B2(2), B3(34), P(0), S(0), SB(40)
2023-07-07 15:18:54,031[INFO ]:>>>S2F34>>>  
<B [1] 00 >
2023-07-07 15:18:54,958[INFO ]:RECV SECS2 Message : SSID(0), B2(130), B3(33), P(0), S(0), SB(42), Length[486]
2023-07-07 15:18:54,958[DEBUG]:<<<S2F33 W<<<  
<L [2] 
    <U4 [1] 0 >
    <L [17] 
        <L [2] 
            <U4 [1] 1001 >
            <L [2] 
                <U4 [1] 201 >
                <U4 [1] 202 >
            >
        >
        <L [2] 
            <U4 [1] 1002 >
            <L [2] 
                <U4 [1] 201 >
                <U4 [1] 202 >
            >
        >
        <L [2] 
            <U4 [1] 1003 >
            <L [2] 
                <U4 [1] 201 >
                <U4 [1] 202 >
            >
        >
        <L [2] 
            <U4 [1] 1051 >
            <L [2] 
                <U4 [1] 203 >
                <U4 [1] 204 >
            >
        >
        <L [2] 
            <U4 [1] 1061 >
            <L [2] 
                <U4 [1] 205 >
                <U4 [1] 206 >
            >
        >
        <L [2] 
            <U4 [1] 1101 >
            <L [7] 
                <U4 [1] 310 >
                <U4 [1] 312 >
                <U4 [1] 313 >
                <U4 [1] 323 >
                <U4 [1] 314 >
                <U4 [1] 311 >
                <U4 [1] 205 >
            >
        >
        <L [2] 
            <U4 [1] 1102 >
            <L [5] 
                <U4 [1] 310 >
                <U4 [1] 323 >
                <U4 [1] 314 >
                <U4 [1] 311 >
                <U4 [1] 205 >
            >
        >
        <L [2] 
            <U4 [1] 1301 >
            <L [3] 
                <U4 [1] 312 >
                <U4 [1] 313 >
                <U4 [1] 205 >
            >
        >
        <L [2] 
            <U4 [1] 1401 >
            <L [3] 
                <U4 [1] 312 >
                <U4 [1] 313 >
                <U4 [1] 205 >
            >
        >
        <L [2] 
            <U4 [1] 1411 >
            <L [3] 
                <U4 [1] 312 >
                <U4 [1] 313 >
                <U4 [1] 205 >
            >
        >
        <L [2] 
            <U4 [1] 1502 >
            <L [2] 
                <U4 [1] 312 >
                <U4 [1] 205 >
            >
        >
        <L [2] 
            <U4 [1] 1504 >
            <L [2] 
                <U4 [1] 312 >
                <U4 [1] 205 >
            >
        >
        <L [2] 
            <U4 [1] 1511 >
            <L [4] 
                <U4 [1] 312 >
                <U4 [1] 313 >
                <U4 [1] 323 >
                <U4 [1] 205 >
            >
        >
        <L [2] 
            <U4 [1] 1611 >
            <L [4] 
                <U4 [1] 311 >
                <U4 [1] 314 >
                <U4 [1] 313 >
                <U4 [1] 322 >
            >
        >
        <L [2] 
            <U4 [1] 1612 >
            <L [4] 
                <U4 [1] 311 >
                <U4 [1] 314 >
                <U4 [1] 313 >
                <U4 [1] 322 >
            >
        >
        <L [2] 
            <U4 [1] 1601 >
            <L [2] 
                <U4 [1] 313 >
                <U4 [1] 311 >
            >
        >
        <L [2] 
            <U4 [1] 1602 >
            <L [2] 
                <U4 [1] 313 >
                <U4 [1] 311 >
            >
        >
    >
>
2023-07-07 15:18:54,959[INFO ]:Queued SECS2 Message : S2F34
2023-07-07 15:18:55,015[INFO ]:SENT SECS2 Message : SSID(0), B2(2), B3(34), P(0), S(0), SB(42)
2023-07-07 15:18:55,015[INFO ]:>>>S2F34>>>  
<B [1] 00 >
2023-07-07 15:18:55,934[INFO ]:RECV SECS2 Message : SSID(0), B2(130), B3(35), P(0), S(0), SB(44), Length[282]
2023-07-07 15:18:55,934[DEBUG]:<<<S2F35 W<<<  
<L [2] 
    <U4 [1] 0 >
    <L [17] 
        <L [2] 
            <U4 [1] 1504 >
            <L [1] 
                <U4 [1] 1504 >
            >
        >
        <L [2] 
            <U4 [1] 1502 >
            <L [1] 
                <U4 [1] 1502 >
            >
        >
        <L [2] 
            <U4 [1] 1401 >
            <L [1] 
                <U4 [1] 1401 >
            >
        >
        <L [2] 
            <U4 [1] 1411 >
            <L [1] 
                <U4 [1] 1411 >
            >
        >
        <L [2] 
            <U4 [1] 1511 >
            <L [1] 
                <U4 [1] 1511 >
            >
        >
        <L [2] 
            <U4 [1] 1101 >
            <L [1] 
                <U4 [1] 1101 >
            >
        >
        <L [2] 
            <U4 [1] 1102 >
            <L [1] 
                <U4 [1] 1102 >
            >
        >
        <L [2] 
            <U4 [1] 1061 >
            <L [1] 
                <U4 [1] 1061 >
            >
        >
        <L [2] 
            <U4 [1] 1003 >
            <L [1] 
                <U4 [1] 1003 >
            >
        >
        <L [2] 
            <U4 [1] 1002 >
            <L [1] 
                <U4 [1] 1002 >
            >
        >
        <L [2] 
            <U4 [1] 1001 >
            <L [1] 
                <U4 [1] 1001 >
            >
        >
        <L [2] 
            <U4 [1] 1051 >
            <L [1] 
                <U4 [1] 1051 >
            >
        >
        <L [2] 
            <U4 [1] 1301 >
            <L [1] 
                <U4 [1] 1301 >
            >
        >
        <L [2] 
            <U4 [1] 1611 >
            <L [1] 
                <U4 [1] 1611 >
            >
        >
        <L [2] 
            <U4 [1] 1612 >
            <L [1] 
                <U4 [1] 1612 >
            >
        >
        <L [2] 
            <U4 [1] 1601 >
            <L [1] 
                <U4 [1] 1601 >
            >
        >
        <L [2] 
            <U4 [1] 1602 >
            <L [1] 
                <U4 [1] 1602 >
            >
        >
    >
>
2023-07-07 15:18:55,934[INFO ]:Queued SECS2 Message : S2F36
2023-07-07 15:18:55,995[INFO ]:SENT SECS2 Message : SSID(0), B2(2), B3(36), P(0), S(0), SB(44)
2023-07-07 15:18:55,995[INFO ]:>>>S2F36>>>  
<B [1] 00 >
2023-07-07 15:18:56,932[INFO ]:RECV SECS2 Message : SSID(0), B2(130), B3(37), P(0), S(0), SB(46), Length[169]
2023-07-07 15:18:56,932[DEBUG]:<<<S2F37 W<<<  
<L [2] 
    <BL [1] True >
    <L [27] 
        <U4 [1] 1504 >
        <U4 [1] 1502 >
        <U4 [1] 1401 >
        <U4 [1] 1511 >
        <U4 [1] 1101 >
        <U4 [1] 1102 >
        <U4 [1] 1061 >
        <U4 [1] 1003 >
        <U4 [1] 1002 >
        <U4 [1] 1001 >
        <U4 [1] 1051 >
        <U4 [1] 1301 >
        <U4 [1] 1015 >
        <U4 [1] 1031 >
        <U4 [1] 1032 >
        <U4 [1] 1201 >
        <U4 [1] 1202 >
        <U4 [1] 1311 >
        <U4 [1] 1312 >
        <U4 [1] 1402 >
        <U4 [1] 1403 >
        <U4 [1] 1411 >
        <U4 [1] 1412 >
        <U4 [1] 1501 >
        <U4 [1] 1503 >
        <U4 [1] 1601 >
        <U4 [1] 1602 >
    >
>
2023-07-07 15:18:56,933[INFO ]:Queued SECS2 Message : S2F38
2023-07-07 15:18:56,978[INFO ]:SENT SECS2 Message : SSID(0), B2(2), B3(38), P(0), S(0), SB(46)
2023-07-07 15:18:56,978[INFO ]:>>>S2F38>>>  
<B [1] 00 >
2023-07-07 15:18:57,985[INFO ]:RECV SECS2 Message : SSID(0), B2(129), B3(3), P(0), S(0), SB(48), Length[26]
2023-07-07 15:18:57,985[DEBUG]:<<<S1F3 W<<<  
<L [4] 
    <U4 [1] 201 >
    <U4 [1] 202 >
    <U4 [1] 203 >
    <U4 [1] 204 >
>
2023-07-07 15:18:57,986[INFO ]:Queued SECS2 Message : S1F4
2023-07-07 15:18:58,015[INFO ]:SENT SECS2 Message : SSID(0), B2(1), B3(4), P(0), S(0), SB(48)
2023-07-07 15:18:58,015[INFO ]:>>>S1F4>>>  
<L [4] 
    <U2 [1] 5 >
    <U2 [1] 3 >
    <U2 [1] 2 >
    <U2 [1] 1 >
>
2023-07-07 15:19:10,563[INFO ]:Queued SECS2 Message : S6F11
2023-07-07 15:19:10,573[INFO ]:SENT SECS2 Message : SSID(0), B2(134), B3(11), P(0), S(0), SB(24)
2023-07-07 15:19:10,573[INFO ]:>>>S6F11 W>>>  
<L [3] 
    <U4 [1] 0 >
    <U4 [1] `PortReadyToLoad` 1502 >
    <L [1] 
        <L [2] 
            <U4 [1] 1502 >
            <L [2] 
                <U2 [1] `PortID` 1 >
                <A [0] `UserId` >
            >
        >
    >
>
2023-07-07 15:19:10,756[INFO ]:RECV SECS2 Message : SSID(0), B2(6), B3(12), P(0), S(0), SB(24), Length[3]
2023-07-07 15:19:10,756[DEBUG]:<<<S6F12<<<  
<B [1] 00 >
2023-07-07 15:19:11,034[INFO ]:Queued SECS2 Message : S6F11
2023-07-07 15:19:11,062[INFO ]:SENT SECS2 Message : SSID(0), B2(134), B3(11), P(0), S(0), SB(25)
2023-07-07 15:19:11,062[INFO ]:>>>S6F11 W>>>  
<L [3] 
    <U4 [1] 0 >
    <U4 [1] `EquipmentStateChanged` 1051 >
    <L [1] 
        <L [2] 
            <U4 [1] 1051 >
            <L [2] 
                <U2 [1] `EqpState` 1 >
                <U2 [1] `PreviousEqpState` 2 >
            >
        >
    >
>
2023-07-07 15:19:11,213[INFO ]:RECV SECS2 Message : SSID(0), B2(6), B3(12), P(0), S(0), SB(25), Length[3]
2023-07-07 15:19:11,213[DEBUG]:<<<S6F12<<<  
<B [1] 00 >
2023-07-07 15:19:27,682[INFO ]:Queued SECS2 Message : S6F11
2023-07-07 15:19:27,682[INFO ]:Queued SECS2 Message : S6F11
2023-07-07 15:19:27,724[INFO ]:SENT SECS2 Message : SSID(0), B2(134), B3(11), P(0), S(0), SB(26)
2023-07-07 15:19:27,724[INFO ]:>>>S6F11 W>>>  
<L [3] 
    <U4 [1] 0 >
    <U4 [1] `PortTransferBlocked` 1503 >
    <L [0] >
>
2023-07-07 15:19:27,724[INFO ]:SENT SECS2 Message : SSID(0), B2(134), B3(11), P(0), S(0), SB(27)
2023-07-07 15:19:27,724[INFO ]:>>>S6F11 W>>>  
<L [3] 
    <U4 [1] 0 >
    <U4 [1] `TrayLoadComplete` 1401 >
    <L [1] 
        <L [2] 
            <U4 [1] 1401 >
            <L [3] 
                <U2 [1] `PortID` 1 >
                <A [6] `TrayID` "TRAY-1">
                <A [0] `UserId` >
            >
        >
    >
>
2023-07-07 15:19:27,835[INFO ]:Queued SECS2 Message : S6F11
2023-07-07 15:19:27,847[INFO ]:SENT SECS2 Message : SSID(0), B2(134), B3(11), P(0), S(0), SB(28)
2023-07-07 15:19:27,847[INFO ]:>>>S6F11 W>>>  
<L [3] 
    <U4 [1] 0 >
    <U4 [1] `EquipmentStateChanged` 1051 >
    <L [1] 
        <L [2] 
            <U4 [1] 1051 >
            <L [2] 
                <U2 [1] `EqpState` 2 >
                <U2 [1] `PreviousEqpState` 1 >
            >
        >
    >
>
2023-07-07 15:19:28,015[INFO ]:RECV SECS2 Message : SSID(0), B2(6), B3(12), P(0), S(0), SB(26), Length[3]
2023-07-07 15:19:28,015[DEBUG]:<<<S6F12<<<  
<B [1] 00 >
2023-07-07 15:19:28,152[INFO ]:RECV SECS2 Message : SSID(0), B2(6), B3(12), P(0), S(0), SB(27), Length[3]
2023-07-07 15:19:28,152[DEBUG]:<<<S6F12<<<  
<B [1] 00 >
2023-07-07 15:19:28,153[INFO ]:RECV SECS2 Message : SSID(0), B2(6), B3(12), P(0), S(0), SB(28), Length[3]
2023-07-07 15:19:28,153[DEBUG]:<<<S6F12<<<  
<B [1] 00 >
2023-07-07 15:19:33,809[INFO ]:Queued SECS2 Message : S6F11
2023-07-07 15:19:33,852[INFO ]:SENT SECS2 Message : SSID(0), B2(134), B3(11), P(0), S(0), SB(29)
2023-07-07 15:19:33,852[INFO ]:>>>S6F11 W>>>  
<L [3] 
    <U4 [1] 0 >
    <U4 [1] `TrayIDRead` 1411 >
    <L [1] 
        <L [2] 
            <U4 [1] 1411 >
            <L [3] 
                <U2 [1] `PortID` 1 >
                <A [6] `TrayID` "TRAY-1">
                <A [0] `UserId` >
            >
        >
    >
>
2023-07-07 15:19:34,035[INFO ]:RECV SECS2 Message : SSID(0), B2(6), B3(12), P(0), S(0), SB(29), Length[3]
2023-07-07 15:19:34,035[DEBUG]:<<<S6F12<<<  
<B [1] 00 >
2023-07-07 15:21:54,660[INFO ]:RECV SECS2 Message : SSID(0), B2(131), B3(41), P(0), S(0), SB(50), Length[568]
2023-07-07 15:21:54,661[DEBUG]:<<<S3F41 W<<<  
<L [3] 
    <A [9] "WorkOrder">
    <A [10] "ToolTest-1">
    <L [1] 
        <L [2] 
            <A [1] "1">
            <L [1] 
                <L [6] 
                    <L [2] 
                        <A [10] "sorterType">
                        <A [0] >
                    >
                    <L [2] 
                        <A [8] "inPortId">
                        <A [1] "2">
                    >
                    <L [2] 
                        <A [8] "inCarrId">
                        <A [7] "CSTAP01">
                    >
                    <L [2] 
                        <A [9] "outPortId">
                        <A [1] "1">
                    >
                    <L [2] 
                        <A [9] "outCarrId">
                        <A [7] "CSTAP02">
                    >
                    <L [1] 
                        <L [2] 
                            <L [2] 
                                <A [4] "PPID">
                                <A [5] "TEST3">
                            >
                            <L [2] 
                                <A [9] "SLOT_DATA">
                                <L [3] 
                                    <L [7] 
                                        <L [2] 
                                            <A [12] "inCarrSlotNo">
                                            <A [1] "1">
                                        >
                                        <L [2] 
                                            <A [10] "manualInsp">
                                            <A [1] "N">
                                        >
                                        <L [2] 
                                            <A [10] "prodMtrlId">
                                            <A [11] "LOT_001_001">
                                        >
                                        <L [2] 
                                            <A [9] "slotState">
                                            <A [1] "1">
                                        >
                                        <L [2] 
                                            <A [13] "outCarrSlotNo">
                                            <A [1] "1">
                                        >
                                        <L [2] 
                                            <A [5] "lotId">
                                            <A [7] "LOT_001">
                                        >
                                        <L [2] 
                                            <A [8] "mtrlFace">
                                            <A [3] "TTT">
                                        >
                                    >
                                    <L [7] 
                                        <L [2] 
                                            <A [12] "inCarrSlotNo">
                                            <A [1] "2">
                                        >
                                        <L [2] 
                                            <A [10] "manualInsp">
                                            <A [1] "N">
                                        >
                                        <L [2] 
                                            <A [10] "prodMtrlId">
                                            <A [11] "LOT_001_002">
                                        >
                                        <L [2] 
                                            <A [9] "slotState">
                                            <A [1] "1">
                                        >
                                        <L [2] 
                                            <A [13] "outCarrSlotNo">
                                            <A [1] "2">
                                        >
                                        <L [2] 
                                            <A [5] "lotId">
                                            <A [7] "LOT_001">
                                        >
                                        <L [2] 
                                            <A [8] "mtrlFace">
                                            <A [3] "TTT">
                                        >
                                    >
                                    <L [7] 
                                        <L [2] 
                                            <A [12] "inCarrSlotNo">
                                            <A [1] "3">
                                        >
                                        <L [2] 
                                            <A [10] "manualInsp">
                                            <A [1] "N">
                                        >
                                        <L [2] 
                                            <A [10] "prodMtrlId">
                                            <A [11] "LOT_001_003">
                                        >
                                        <L [2] 
                                            <A [9] "slotState">
                                            <A [1] "1">
                                        >
                                        <L [2] 
                                            <A [13] "outCarrSlotNo">
                                            <A [1] "3">
                                        >
                                        <L [2] 
                                            <A [5] "lotId">
                                            <A [7] "LOT_001">
                                        >
                                        <L [2] 
                                            <A [8] "mtrlFace">
                                            <A [3] "TTT">
                                        >
                                    >
                                >
                            >
                        >
                    >
                >
            >
        >
    >
>
2023-07-07 15:21:54,696[INFO ]:Queued SECS2 Message : S3F42
2023-07-07 15:21:54,721[INFO ]:SENT SECS2 Message : SSID(0), B2(3), B3(42), P(0), S(0), SB(50)
2023-07-07 15:21:54,721[INFO ]:>>>S3F42>>>  
<B [1] 02 >
2023-07-07 15:22:41,249[INFO ]:RECV SECS2 Message : SSID(0), B2(131), B3(41), P(0), S(0), SB(52), Length[566]
2023-07-07 15:22:41,249[DEBUG]:<<<S3F41 W<<<  
<L [3] 
    <A [9] "WorkOrder">
    <A [8] "AP-MR-01">
    <L [1] 
        <L [2] 
            <A [1] "1">
            <L [1] 
                <L [6] 
                    <L [2] 
                        <A [10] "sorterType">
                        <A [0] >
                    >
                    <L [2] 
                        <A [8] "inPortId">
                        <A [1] "2">
                    >
                    <L [2] 
                        <A [8] "inCarrId">
                        <A [7] "CSTAP01">
                    >
                    <L [2] 
                        <A [9] "outPortId">
                        <A [1] "1">
                    >
                    <L [2] 
                        <A [9] "outCarrId">
                        <A [7] "CSTAP02">
                    >
                    <L [1] 
                        <L [2] 
                            <L [2] 
                                <A [4] "PPID">
                                <A [5] "TEST3">
                            >
                            <L [2] 
                                <A [9] "SLOT_DATA">
                                <L [3] 
                                    <L [7] 
                                        <L [2] 
                                            <A [12] "inCarrSlotNo">
                                            <A [1] "1">
                                        >
                                        <L [2] 
                                            <A [10] "manualInsp">
                                            <A [1] "N">
                                        >
                                        <L [2] 
                                            <A [10] "prodMtrlId">
                                            <A [11] "LOT_001_001">
                                        >
                                        <L [2] 
                                            <A [9] "slotState">
                                            <A [1] "1">
                                        >
                                        <L [2] 
                                            <A [13] "outCarrSlotNo">
                                            <A [1] "1">
                                        >
                                        <L [2] 
                                            <A [5] "lotId">
                                            <A [7] "LOT_001">
                                        >
                                        <L [2] 
                                            <A [8] "mtrlFace">
                                            <A [3] "TTT">
                                        >
                                    >
                                    <L [7] 
                                        <L [2] 
                                            <A [12] "inCarrSlotNo">
                                            <A [1] "2">
                                        >
                                        <L [2] 
                                            <A [10] "manualInsp">
                                            <A [1] "N">
                                        >
                                        <L [2] 
                                            <A [10] "prodMtrlId">
                                            <A [11] "LOT_001_002">
                                        >
                                        <L [2] 
                                            <A [9] "slotState">
                                            <A [1] "1">
                                        >
                                        <L [2] 
                                            <A [13] "outCarrSlotNo">
                                            <A [1] "2">
                                        >
                                        <L [2] 
                                            <A [5] "lotId">
                                            <A [7] "LOT_001">
                                        >
                                        <L [2] 
                                            <A [8] "mtrlFace">
                                            <A [3] "TTT">
                                        >
                                    >
                                    <L [7] 
                                        <L [2] 
                                            <A [12] "inCarrSlotNo">
                                            <A [1] "3">
                                        >
                                        <L [2] 
                                            <A [10] "manualInsp">
                                            <A [1] "N">
                                        >
                                        <L [2] 
                                            <A [10] "prodMtrlId">
                                            <A [11] "LOT_001_003">
                                        >
                                        <L [2] 
                                            <A [9] "slotState">
                                            <A [1] "1">
                                        >
                                        <L [2] 
                                            <A [13] "outCarrSlotNo">
                                            <A [1] "3">
                                        >
                                        <L [2] 
                                            <A [5] "lotId">
                                            <A [7] "LOT_001">
                                        >
                                        <L [2] 
                                            <A [8] "mtrlFace">
                                            <A [3] "TTT">
                                        >
                                    >
                                >
                            >
                        >
                    >
                >
            >
        >
    >
>
2023-07-07 15:22:41,257[INFO ]:Queued SECS2 Message : S3F42
2023-07-07 15:22:41,278[INFO ]:SENT SECS2 Message : SSID(0), B2(3), B3(42), P(0), S(0), SB(52)
2023-07-07 15:22:41,278[INFO ]:>>>S3F42>>>  
<B [1] 02 >
2023-07-07 15:24:01,846[INFO ]:RECV SECS2 Message : SSID(0), B2(131), B3(41), P(0), S(0), SB(54), Length[565]
2023-07-07 15:24:01,846[DEBUG]:<<<S3F41 W<<<  
<L [3] 
    <A [9] "WorkOrder">
    <A [8] "AP-MR-01">
    <L [1] 
        <L [2] 
            <A [1] "1">
            <L [1] 
                <L [6] 
                    <L [2] 
                        <A [10] "sorterType">
                        <A [0] >
                    >
                    <L [2] 
                        <A [8] "inPortId">
                        <A [1] "1">
                    >
                    <L [2] 
                        <A [8] "inCarrId">
                        <A [6] "TRAY-1">
                    >
                    <L [2] 
                        <A [9] "outPortId">
                        <A [1] "1">
                    >
                    <L [2] 
                        <A [9] "outCarrId">
                        <A [7] "CSTAP02">
                    >
                    <L [1] 
                        <L [2] 
                            <L [2] 
                                <A [4] "PPID">
                                <A [5] "TEST3">
                            >
                            <L [2] 
                                <A [9] "SLOT_DATA">
                                <L [3] 
                                    <L [7] 
                                        <L [2] 
                                            <A [12] "inCarrSlotNo">
                                            <A [1] "1">
                                        >
                                        <L [2] 
                                            <A [10] "manualInsp">
                                            <A [1] "N">
                                        >
                                        <L [2] 
                                            <A [10] "prodMtrlId">
                                            <A [11] "LOT_001_001">
                                        >
                                        <L [2] 
                                            <A [9] "slotState">
                                            <A [1] "1">
                                        >
                                        <L [2] 
                                            <A [13] "outCarrSlotNo">
                                            <A [1] "1">
                                        >
                                        <L [2] 
                                            <A [5] "lotId">
                                            <A [7] "LOT_001">
                                        >
                                        <L [2] 
                                            <A [8] "mtrlFace">
                                            <A [3] "TTT">
                                        >
                                    >
                                    <L [7] 
                                        <L [2] 
                                            <A [12] "inCarrSlotNo">
                                            <A [1] "2">
                                        >
                                        <L [2] 
                                            <A [10] "manualInsp">
                                            <A [1] "N">
                                        >
                                        <L [2] 
                                            <A [10] "prodMtrlId">
                                            <A [11] "LOT_001_002">
                                        >
                                        <L [2] 
                                            <A [9] "slotState">
                                            <A [1] "1">
                                        >
                                        <L [2] 
                                            <A [13] "outCarrSlotNo">
                                            <A [1] "2">
                                        >
                                        <L [2] 
                                            <A [5] "lotId">
                                            <A [7] "LOT_001">
                                        >
                                        <L [2] 
                                            <A [8] "mtrlFace">
                                            <A [3] "TTT">
                                        >
                                    >
                                    <L [7] 
                                        <L [2] 
                                            <A [12] "inCarrSlotNo">
                                            <A [1] "3">
                                        >
                                        <L [2] 
                                            <A [10] "manualInsp">
                                            <A [1] "N">
                                        >
                                        <L [2] 
                                            <A [10] "prodMtrlId">
                                            <A [11] "LOT_001_003">
                                        >
                                        <L [2] 
                                            <A [9] "slotState">
                                            <A [1] "1">
                                        >
                                        <L [2] 
                                            <A [13] "outCarrSlotNo">
                                            <A [1] "3">
                                        >
                                        <L [2] 
                                            <A [5] "lotId">
                                            <A [7] "LOT_001">
                                        >
                                        <L [2] 
                                            <A [8] "mtrlFace">
                                            <A [3] "TTT">
                                        >
                                    >
                                >
                            >
                        >
                    >
                >
            >
        >
    >
>
2023-07-07 15:24:01,962[INFO ]:Queued SECS2 Message : S3F42
2023-07-07 15:24:02,014[INFO ]:SENT SECS2 Message : SSID(0), B2(3), B3(42), P(0), S(0), SB(54)
2023-07-07 15:24:02,014[INFO ]:>>>S3F42>>>  
<B [1] 00 >
2023-07-07 15:33:14,254[INFO ]:RECV SECS2 Message : SSID(0), B2(130), B3(41), P(0), S(0), SB(56), Length[25]
2023-07-07 15:33:14,254[DEBUG]:<<<S2F41 W<<<  
<L [2] 
    <A [6] "WORK_S">
    <L [1] 
        <L [2] 
            <A [6] "WORK_I">
            <A [1] "w">
        >
    >
>
2023-07-07 15:33:14,255[INFO ]:Queued SECS2 Message : S2F42
2023-07-07 15:33:14,316[INFO ]:SENT SECS2 Message : SSID(0), B2(2), B3(42), P(0), S(0), SB(56)
2023-07-07 15:33:14,316[INFO ]:>>>S2F42>>>  
<L [2] 
    <B [1] 01 >
    <L [0] >
>
2023-07-07 15:34:25,656[INFO ]:RECV SECS2 Message : SSID(0), B2(130), B3(41), P(0), S(0), SB(58), Length[30]
2023-07-07 15:34:25,656[DEBUG]:<<<S2F41 W<<<  
<L [2] 
    <A [10] "WORK_START">
    <L [1] 
        <L [2] 
            <A [7] "WORK_ID">
            <A [1] "w">
        >
    >
>
2023-07-07 15:34:25,656[INFO ]:Queued SECS2 Message : S2F42
2023-07-07 15:34:25,718[INFO ]:SENT SECS2 Message : SSID(0), B2(2), B3(42), P(0), S(0), SB(58)
2023-07-07 15:34:25,718[INFO ]:>>>S2F42>>>  
<L [2] 
    <B [1] 04 >
    <L [0] >
>
2023-07-07 15:34:26,200[INFO ]:Queued SECS2 Message : S6F11
2023-07-07 15:34:26,210[INFO ]:SENT SECS2 Message : SSID(0), B2(134), B3(11), P(0), S(0), SB(37)
2023-07-07 15:34:26,211[INFO ]:>>>S6F11 W>>>  
<L [3] 
    <U4 [1] 0 >
    <U4 [1] `ModuleStart` 1101 >
    <L [1] 
        <L [2] 
            <U4 [1] 1101 >
            <L [7] 
                <A [4] `ModuleID` "TM01">
                <U2 [1] `PortID` 1 >
                <A [6] `TrayID` "TRAY-1">
                <A [0] `LotID` >
                <U2 [1] `SlotNo` 0 >
                <A [0] `GlassID` >
                <A [0] `UserId` >
            >
        >
    >
>
2023-07-07 15:34:26,396[INFO ]:RECV SECS2 Message : SSID(0), B2(6), B3(12), P(0), S(0), SB(37), Length[3]
2023-07-07 15:34:26,396[DEBUG]:<<<S6F12<<<  
<B [1] 00 >
2023-07-07 15:34:26,970[INFO ]:Queued SECS2 Message : S6F11
2023-07-07 15:34:26,972[INFO ]:Queued SECS2 Message : S6F11
2023-07-07 15:34:27,012[INFO ]:SENT SECS2 Message : SSID(0), B2(134), B3(11), P(0), S(0), SB(38)
2023-07-07 15:34:27,012[INFO ]:>>>S6F11 W>>>  
<L [3] 
    <U4 [1] 0 >
    <U4 [1] `ProcessStart` 1311 >
    <L [0] >
>
2023-07-07 15:34:27,012[INFO ]:SENT SECS2 Message : SSID(0), B2(134), B3(11), P(0), S(0), SB(39)
2023-07-07 15:34:27,013[INFO ]:>>>S6F11 W>>>  
<L [3] 
    <U4 [1] 0 >
    <U4 [1] `SubstrateLocationOccupied` 1201 >
    <L [0] >
>
2023-07-07 15:34:27,152[INFO ]:RECV SECS2 Message : SSID(0), B2(6), B3(12), P(0), S(0), SB(38), Length[3]
2023-07-07 15:34:27,152[DEBUG]:<<<S6F12<<<  
<B [1] 00 >
2023-07-07 15:34:27,152[INFO ]:RECV SECS2 Message : SSID(0), B2(6), B3(12), P(0), S(0), SB(39), Length[3]
2023-07-07 15:34:27,152[DEBUG]:<<<S6F12<<<  
<B [1] 00 >
2023-07-07 15:34:27,278[INFO ]:Queued SECS2 Message : S6F11
2023-07-07 15:34:27,320[INFO ]:SENT SECS2 Message : SSID(0), B2(134), B3(11), P(0), S(0), SB(40)
2023-07-07 15:34:27,320[INFO ]:>>>S6F11 W>>>  
<L [3] 
    <U4 [1] 0 >
    <U4 [1] `ProcessStart` 1311 >
    <L [0] >
>
2023-07-07 15:34:27,457[INFO ]:RECV SECS2 Message : SSID(0), B2(6), B3(12), P(0), S(0), SB(40), Length[3]
2023-07-07 15:34:27,457[DEBUG]:<<<S6F12<<<  
<B [1] 00 >
2023-07-07 15:34:27,585[INFO ]:Queued SECS2 Message : S6F11
2023-07-07 15:34:27,593[INFO ]:Queued SECS2 Message : S6F11
2023-07-07 15:34:27,628[INFO ]:SENT SECS2 Message : SSID(0), B2(134), B3(11), P(0), S(0), SB(41)
2023-07-07 15:34:27,628[INFO ]:>>>S6F11 W>>>  
<L [3] 
    <U4 [1] 0 >
    <U4 [1] `SubstrateLocationUnoccupied` 1202 >
    <L [0] >
>
2023-07-07 15:34:27,628[INFO ]:SENT SECS2 Message : SSID(0), B2(134), B3(11), P(0), S(0), SB(42)
2023-07-07 15:34:27,628[INFO ]:>>>S6F11 W>>>  
<L [3] 
    <U4 [1] 0 >
    <U4 [1] `ModuleStart` 1101 >
    <L [1] 
        <L [2] 
            <U4 [1] 1101 >
            <L [7] 
                <A [4] `ModuleID` "BF01">
                <U2 [1] `PortID` 0 >
                <A [6] `TrayID` "TRAY-1">
                <A [0] `LotID` >
                <U2 [1] `SlotNo` 0 >
                <A [11] `GlassID` "LOT_001_001">
                <A [0] `UserId` >
            >
        >
    >
>
2023-07-07 15:34:27,827[INFO ]:RECV SECS2 Message : SSID(0), B2(6), B3(12), P(0), S(0), SB(41), Length[3]
2023-07-07 15:34:27,827[DEBUG]:<<<S6F12<<<  
<B [1] 00 >
2023-07-07 15:34:27,828[INFO ]:RECV SECS2 Message : SSID(0), B2(6), B3(12), P(0), S(0), SB(42), Length[3]
2023-07-07 15:34:27,828[DEBUG]:<<<S6F12<<<  
<B [1] 00 >
2023-07-07 15:34:27,908[INFO ]:Queued SECS2 Message : S6F11
2023-07-07 15:34:27,936[INFO ]:SENT SECS2 Message : SSID(0), B2(134), B3(11), P(0), S(0), SB(43)
2023-07-07 15:34:27,936[INFO ]:>>>S6F11 W>>>  
<L [3] 
    <U4 [1] 0 >
    <U4 [1] `ModuleEnd` 1102 >
    <L [1] 
        <L [2] 
            <U4 [1] 1102 >
            <L [5] 
                <A [4] `ModuleID` "TM01">
                <A [0] `LotID` >
                <U2 [1] `SlotNo` 0 >
                <A [11] `GlassID` "LOT_001_001">
                <A [0] `UserId` >
            >
        >
    >
>
2023-07-07 15:34:28,085[INFO ]:Queued SECS2 Message : S6F11
2023-07-07 15:34:28,122[INFO ]:SENT SECS2 Message : SSID(0), B2(134), B3(11), P(0), S(0), SB(44)
2023-07-07 15:34:28,122[INFO ]:>>>S6F11 W>>>  
<L [3] 
    <U4 [1] 0 >
    <U4 [1] `SubstrateLocationOccupied` 1201 >
    <L [0] >
>
2023-07-07 15:34:28,122[INFO ]:RECV SECS2 Message : SSID(0), B2(6), B3(12), P(0), S(0), SB(43), Length[3]
2023-07-07 15:34:28,122[DEBUG]:<<<S6F12<<<  
<B [1] 00 >
2023-07-07 15:34:28,260[INFO ]:RECV SECS2 Message : SSID(0), B2(6), B3(12), P(0), S(0), SB(44), Length[3]
2023-07-07 15:34:28,260[DEBUG]:<<<S6F12<<<  
<B [1] 00 >
2023-07-07 15:34:28,572[INFO ]:Queued SECS2 Message : S6F11
2023-07-07 15:34:28,615[INFO ]:SENT SECS2 Message : SSID(0), B2(134), B3(11), P(0), S(0), SB(45)
2023-07-07 15:34:28,615[INFO ]:>>>S6F11 W>>>  
<L [3] 
    <U4 [1] 0 >
    <U4 [1] `ModuleStart` 1101 >
    <L [1] 
        <L [2] 
            <U4 [1] 1101 >
            <L [7] 
                <A [4] `ModuleID` "TM01">
                <U2 [1] `PortID` 0 >
                <A [6] `TrayID` "TRAY-1">
                <A [0] `LotID` >
                <U2 [1] `SlotNo` 0 >
                <A [11] `GlassID` "LOT_001_001">
                <A [0] `UserId` >
            >
        >
    >
>
2023-07-07 15:34:28,743[INFO ]:Queued SECS2 Message : S6F11
2023-07-07 15:34:28,750[INFO ]:Queued SECS2 Message : S6F11
2023-07-07 15:34:28,757[INFO ]:Queued SECS2 Message : S6F11
2023-07-07 15:34:28,785[INFO ]:RECV SECS2 Message : SSID(0), B2(6), B3(12), P(0), S(0), SB(45), Length[3]
2023-07-07 15:34:28,785[DEBUG]:<<<S6F12<<<  
<B [1] 00 >
2023-07-07 15:34:28,801[INFO ]:SENT SECS2 Message : SSID(0), B2(134), B3(11), P(0), S(0), SB(46)
2023-07-07 15:34:28,801[INFO ]:>>>S6F11 W>>>  
<L [3] 
    <U4 [1] 0 >
    <U4 [1] `ModuleStart` 1101 >
    <L [1] 
        <L [2] 
            <U4 [1] 1101 >
            <L [7] 
                <A [4] `ModuleID` "TM01">
                <U2 [1] `PortID` 0 >
                <A [6] `TrayID` "TRAY-1">
                <A [0] `LotID` >
                <U2 [1] `SlotNo` 0 >
                <A [11] `GlassID` "LOT_001_001">
                <A [0] `UserId` >
            >
        >
    >
>
2023-07-07 15:34:28,801[INFO ]:SENT SECS2 Message : SSID(0), B2(134), B3(11), P(0), S(0), SB(47)
2023-07-07 15:34:28,801[INFO ]:>>>S6F11 W>>>  
<L [3] 
    <U4 [1] 0 >
    <U4 [1] `SubstrateLocationUnoccupied` 1202 >
    <L [0] >
>
2023-07-07 15:34:28,801[INFO ]:SENT SECS2 Message : SSID(0), B2(134), B3(11), P(0), S(0), SB(48)
2023-07-07 15:34:28,801[INFO ]:>>>S6F11 W>>>  
<L [3] 
    <U4 [1] 0 >
    <U4 [1] `ModuleStart` 1101 >
    <L [1] 
        <L [2] 
            <U4 [1] 1101 >
            <L [7] 
                <A [5] `ModuleID` "USC01">
                <U2 [1] `PortID` 0 >
                <A [6] `TrayID` "TRAY-1">
                <A [0] `LotID` >
                <U2 [1] `SlotNo` 0 >
                <A [11] `GlassID` "LOT_001_001">
                <A [0] `UserId` >
            >
        >
    >
>
2023-07-07 15:34:28,939[INFO ]:RECV SECS2 Message : SSID(0), B2(6), B3(12), P(0), S(0), SB(46), Length[3]
2023-07-07 15:34:28,939[DEBUG]:<<<S6F12<<<  
<B [1] 00 >
2023-07-07 15:34:28,939[INFO ]:RECV SECS2 Message : SSID(0), B2(6), B3(12), P(0), S(0), SB(47), Length[3]
2023-07-07 15:34:28,939[DEBUG]:<<<S6F12<<<  
<B [1] 00 >
2023-07-07 15:34:29,017[INFO ]:RECV SECS2 Message : SSID(0), B2(6), B3(12), P(0), S(0), SB(48), Length[3]
2023-07-07 15:34:29,017[DEBUG]:<<<S6F12<<<  
<B [1] 00 >
2023-07-07 15:34:29,089[INFO ]:Queued SECS2 Message : S6F11
2023-07-07 15:34:29,109[INFO ]:SENT SECS2 Message : SSID(0), B2(134), B3(11), P(0), S(0), SB(49)
2023-07-07 15:34:29,109[INFO ]:>>>S6F11 W>>>  
<L [3] 
    <U4 [1] 0 >
    <U4 [1] `ModuleEnd` 1102 >
    <L [1] 
        <L [2] 
            <U4 [1] 1102 >
            <L [5] 
                <A [4] `ModuleID` "BF01">
                <A [0] `LotID` >
                <U2 [1] `SlotNo` 0 >
                <A [11] `GlassID` "LOT_001_001">
                <A [0] `UserId` >
            >
        >
    >
>
2023-07-07 15:34:29,245[INFO ]:RECV SECS2 Message : SSID(0), B2(6), B3(12), P(0), S(0), SB(49), Length[3]
2023-07-07 15:34:29,245[DEBUG]:<<<S6F12<<<  
<B [1] 00 >
2023-07-07 15:34:29,272[INFO ]:Queued SECS2 Message : S6F11
2023-07-07 15:34:29,291[INFO ]:SENT SECS2 Message : SSID(0), B2(134), B3(11), P(0), S(0), SB(50)
2023-07-07 15:34:29,291[INFO ]:>>>S6F11 W>>>  
<L [3] 
    <U4 [1] 0 >
    <U4 [1] `SubstrateLocationOccupied` 1201 >
    <L [0] >
>
2023-07-07 15:34:29,433[INFO ]:Queued SECS2 Message : S6F11
2023-07-07 15:34:29,460[INFO ]:RECV SECS2 Message : SSID(0), B2(6), B3(12), P(0), S(0), SB(50), Length[3]
2023-07-07 15:34:29,460[DEBUG]:<<<S6F12<<<  
<B [1] 00 >
2023-07-07 15:34:29,475[INFO ]:SENT SECS2 Message : SSID(0), B2(134), B3(11), P(0), S(0), SB(51)
2023-07-07 15:34:29,475[INFO ]:>>>S6F11 W>>>  
<L [3] 
    <U4 [1] 0 >
    <U4 [1] `SubstrateLocationOccupied` 1201 >
    <L [0] >
>
2023-07-07 15:34:29,660[INFO ]:RECV SECS2 Message : SSID(0), B2(6), B3(12), P(0), S(0), SB(51), Length[3]
2023-07-07 15:34:29,660[DEBUG]:<<<S6F12<<<  
<B [1] 00 >
2023-07-07 15:34:29,776[INFO ]:Queued SECS2 Message : S6F11
2023-07-07 15:34:29,782[INFO ]:SENT SECS2 Message : SSID(0), B2(134), B3(11), P(0), S(0), SB(52)
2023-07-07 15:34:29,782[INFO ]:>>>S6F11 W>>>  
<L [3] 
    <U4 [1] 0 >
    <U4 [1] `ModuleStart` 1101 >
    <L [1] 
        <L [2] 
            <U4 [1] 1101 >
            <L [7] 
                <A [4] `ModuleID` "BF01">
                <U2 [1] `PortID` 0 >
                <A [6] `TrayID` "TRAY-1">
                <A [7] `LotID` "LOT_001">
                <U2 [1] `SlotNo` 1 >
                <A [11] `GlassID` "LOT_001_001">
                <A [0] `UserId` >
            >
        >
    >
>
2023-07-07 15:34:29,951[INFO ]:RECV SECS2 Message : SSID(0), B2(6), B3(12), P(0), S(0), SB(52), Length[3]
2023-07-07 15:34:29,951[DEBUG]:<<<S6F12<<<  
<B [1] 00 >
2023-07-07 15:34:30,094[INFO ]:Queued SECS2 Message : S6F11
2023-07-07 15:34:30,151[INFO ]:SENT SECS2 Message : SSID(0), B2(134), B3(11), P(0), S(0), SB(53)
2023-07-07 15:34:30,151[INFO ]:>>>S6F11 W>>>  
<L [3] 
    <U4 [1] 0 >
    <U4 [1] `SubstrateLocationUnoccupied` 1202 >
    <L [0] >
>
2023-07-07 15:34:30,261[INFO ]:Queued SECS2 Message : S6F11
2023-07-07 15:34:30,273[INFO ]:SENT SECS2 Message : SSID(0), B2(134), B3(11), P(0), S(0), SB(54)
2023-07-07 15:34:30,273[INFO ]:>>>S6F11 W>>>  
<L [3] 
    <U4 [1] 0 >
    <U4 [1] `SubstrateLocationOccupied` 1201 >
    <L [0] >
>
2023-07-07 15:34:30,318[INFO ]:RECV SECS2 Message : SSID(0), B2(6), B3(12), P(0), S(0), SB(53), Length[3]
2023-07-07 15:34:30,318[DEBUG]:<<<S6F12<<<  
<B [1] 00 >
2023-07-07 15:34:30,380[INFO ]:RECV SECS2 Message : SSID(0), B2(6), B3(12), P(0), S(0), SB(54), Length[3]
2023-07-07 15:34:30,380[DEBUG]:<<<S6F12<<<  
<B [1] 00 >
2023-07-07 15:34:30,430[INFO ]:Queued SECS2 Message : S6F11
2023-07-07 15:34:30,457[INFO ]:SENT SECS2 Message : SSID(0), B2(134), B3(11), P(0), S(0), SB(55)
2023-07-07 15:34:30,457[INFO ]:>>>S6F11 W>>>  
<L [3] 
    <U4 [1] 0 >
    <U4 [1] `ModuleEnd` 1102 >
    <L [1] 
        <L [2] 
            <U4 [1] 1102 >
            <L [5] 
                <A [4] `ModuleID` "TM01">
                <A [7] `LotID` "LOT_001">
                <U2 [1] `SlotNo` 1 >
                <A [11] `GlassID` "LOT_001_002">
                <A [0] `UserId` >
            >
        >
    >
>
2023-07-07 15:34:30,596[INFO ]:RECV SECS2 Message : SSID(0), B2(6), B3(12), P(0), S(0), SB(55), Length[3]
2023-07-07 15:34:30,596[DEBUG]:<<<S6F12<<<  
<B [1] 00 >
2023-07-07 15:34:31,064[INFO ]:Queued SECS2 Message : S6F11
2023-07-07 15:34:31,075[INFO ]:SENT SECS2 Message : SSID(0), B2(134), B3(11), P(0), S(0), SB(56)
2023-07-07 15:34:31,075[INFO ]:>>>S6F11 W>>>  
<L [3] 
    <U4 [1] 0 >
    <U4 [1] `ModuleStart` 1101 >
    <L [1] 
        <L [2] 
            <U4 [1] 1101 >
            <L [7] 
                <A [4] `ModuleID` "TM01">
                <U2 [1] `PortID` 0 >
                <A [6] `TrayID` "TRAY-1">
                <A [7] `LotID` "LOT_001">
                <U2 [1] `SlotNo` 1 >
                <A [11] `GlassID` "LOT_001_002">
                <A [0] `UserId` >
            >
        >
    >
>
2023-07-07 15:34:31,213[INFO ]:RECV SECS2 Message : SSID(0), B2(6), B3(12), P(0), S(0), SB(56), Length[3]
2023-07-07 15:34:31,213[DEBUG]:<<<S6F12<<<  
<B [1] 00 >
2023-07-07 15:39:19,650[INFO ]:Queued SECS2 Message : S6F11
2023-07-07 15:39:19,652[INFO ]:Queued SECS2 Message : S6F11
2023-07-07 15:39:19,708[INFO ]:SENT SECS2 Message : SSID(0), B2(134), B3(11), P(0), S(0), SB(60)
2023-07-07 15:39:19,708[INFO ]:>>>S6F11 W>>>  
<L [3] 
    <U4 [1] 0 >
    <U4 [1] `SubstrateLocationOccupied` 1201 >
    <L [0] >
>
2023-07-07 15:39:19,708[INFO ]:SENT SECS2 Message : SSID(0), B2(134), B3(11), P(0), S(0), SB(61)
2023-07-07 15:39:19,708[INFO ]:>>>S6F11 W>>>  
<L [3] 
    <U4 [1] 0 >
    <U4 [1] `SubstrateLocationUnoccupied` 1202 >
    <L [0] >
>
2023-07-07 15:39:19,877[INFO ]:RECV SECS2 Message : SSID(0), B2(6), B3(12), P(0), S(0), SB(60), Length[3]
2023-07-07 15:39:19,877[DEBUG]:<<<S6F12<<<  
<B [1] 00 >
2023-07-07 15:39:19,877[INFO ]:RECV SECS2 Message : SSID(0), B2(6), B3(12), P(0), S(0), SB(61), Length[3]
2023-07-07 15:39:19,877[DEBUG]:<<<S6F12<<<  
<B [1] 00 >
2023-07-07 15:39:33,585[INFO ]:Queued SECS2 Message : S6F11
2023-07-07 15:39:33,628[INFO ]:SENT SECS2 Message : SSID(0), B2(134), B3(11), P(0), S(0), SB(62)
2023-07-07 15:39:33,628[INFO ]:>>>S6F11 W>>>  
<L [3] 
    <U4 [1] 0 >
    <U4 [1] `SubstrateLocationUnoccupied` 1202 >
    <L [0] >
>
2023-07-07 15:39:33,755[INFO ]:Queued SECS2 Message : S6F11
2023-07-07 15:39:33,799[INFO ]:RECV SECS2 Message : SSID(0), B2(6), B3(12), P(0), S(0), SB(62), Length[3]
2023-07-07 15:39:33,799[DEBUG]:<<<S6F12<<<  
<B [1] 00 >
2023-07-07 15:39:33,814[INFO ]:SENT SECS2 Message : SSID(0), B2(134), B3(11), P(0), S(0), SB(63)
2023-07-07 15:39:33,814[INFO ]:>>>S6F11 W>>>  
<L [3] 
    <U4 [1] 0 >
    <U4 [1] `ModuleStart` 1101 >
    <L [1] 
        <L [2] 
            <U4 [1] 1101 >
            <L [7] 
                <A [5] `ModuleID` "USC01">
                <U2 [1] `PortID` 0 >
                <A [0] `TrayID` >
                <A [7] `LotID` "LOT_001">
                <U2 [1] `SlotNo` 0 >
                <A [11] `GlassID` "LOT_001_002">
                <A [0] `UserId` >
            >
        >
    >
>
2023-07-07 15:39:34,005[INFO ]:Queued SECS2 Message : S6F11
2023-07-07 15:39:34,016[INFO ]:RECV SECS2 Message : SSID(0), B2(6), B3(12), P(0), S(0), SB(63), Length[3]
2023-07-07 15:39:34,016[DEBUG]:<<<S6F12<<<  
<B [1] 00 >
2023-07-07 15:39:34,062[INFO ]:SENT SECS2 Message : SSID(0), B2(134), B3(11), P(0), S(0), SB(64)
2023-07-07 15:39:34,062[INFO ]:>>>S6F11 W>>>  
<L [3] 
    <U4 [1] 0 >
    <U4 [1] `SubstrateLocationOccupied` 1201 >
    <L [0] >
>
2023-07-07 15:39:34,233[INFO ]:RECV SECS2 Message : SSID(0), B2(6), B3(12), P(0), S(0), SB(64), Length[3]
2023-07-07 15:39:34,233[DEBUG]:<<<S6F12<<<  
<B [1] 00 >
2023-07-07 15:39:34,352[INFO ]:Queued SECS2 Message : S6F11
2023-07-07 15:39:34,373[INFO ]:SENT SECS2 Message : SSID(0), B2(134), B3(11), P(0), S(0), SB(65)
2023-07-07 15:39:34,373[INFO ]:>>>S6F11 W>>>  
<L [3] 
    <U4 [1] 0 >
    <U4 [1] `ModuleEnd` 1102 >
    <L [1] 
        <L [2] 
            <U4 [1] 1102 >
            <L [5] 
                <A [4] `ModuleID` "BF01">
                <A [7] `LotID` "LOT_001">
                <U2 [1] `SlotNo` 0 >
                <A [11] `GlassID` "LOT_001_003">
                <A [0] `UserId` >
            >
        >
    >
>
2023-07-07 15:39:34,525[INFO ]:RECV SECS2 Message : SSID(0), B2(6), B3(12), P(0), S(0), SB(65), Length[3]
2023-07-07 15:39:34,525[DEBUG]:<<<S6F12<<<  
<B [1] 00 >
2023-07-07 15:39:34,683[INFO ]:Queued SECS2 Message : S6F11
2023-07-07 15:39:34,738[INFO ]:SENT SECS2 Message : SSID(0), B2(134), B3(11), P(0), S(0), SB(66)
2023-07-07 15:39:34,738[INFO ]:>>>S6F11 W>>>  
<L [3] 
    <U4 [1] 0 >
    <U4 [1] `SubstrateLocationUnoccupied` 1202 >
    <L [0] >
>
2023-07-07 15:39:34,892[INFO ]:RECV SECS2 Message : SSID(0), B2(6), B3(12), P(0), S(0), SB(66), Length[3]
2023-07-07 15:39:34,892[DEBUG]:<<<S6F12<<<  
<B [1] 00 >
2023-07-07 15:39:35,300[INFO ]:Queued SECS2 Message : S6F11
2023-07-07 15:39:35,351[INFO ]:SENT SECS2 Message : SSID(0), B2(134), B3(11), P(0), S(0), SB(67)
2023-07-07 15:39:35,351[INFO ]:>>>S6F11 W>>>  
<L [3] 
    <U4 [1] 0 >
    <U4 [1] `ModuleStart` 1101 >
    <L [1] 
        <L [2] 
            <U4 [1] 1101 >
            <L [7] 
                <A [4] `ModuleID` "BF01">
                <U2 [1] `PortID` 0 >
                <A [0] `TrayID` >
                <A [7] `LotID` "LOT_001">
                <U2 [1] `SlotNo` 0 >
                <A [11] `GlassID` "LOT_001_003">
                <A [0] `UserId` >
            >
        >
    >
>
2023-07-07 15:39:35,489[INFO ]:RECV SECS2 Message : SSID(0), B2(6), B3(12), P(0), S(0), SB(67), Length[3]
2023-07-07 15:39:35,489[DEBUG]:<<<S6F12<<<  
<B [1] 00 >
2023-07-07 15:39:35,755[INFO ]:Queued SECS2 Message : S6F11
2023-07-07 15:39:35,780[INFO ]:SENT SECS2 Message : SSID(0), B2(134), B3(11), P(0), S(0), SB(68)
2023-07-07 15:39:35,780[INFO ]:>>>S6F11 W>>>  
<L [3] 
    <U4 [1] 0 >
    <U4 [1] `ModuleEnd` 1102 >
    <L [1] 
        <L [2] 
            <U4 [1] 1102 >
            <L [5] 
                <A [4] `ModuleID` "TM01">
                <A [7] `LotID` "LOT_001">
                <U2 [1] `SlotNo` 0 >
                <A [11] `GlassID` "LOT_001_003">
                <A [0] `UserId` >
            >
        >
    >
>
2023-07-07 15:39:35,906[INFO ]:Queued SECS2 Message : S6F11
2023-07-07 15:39:35,933[INFO ]:RECV SECS2 Message : SSID(0), B2(6), B3(12), P(0), S(0), SB(68), Length[3]
2023-07-07 15:39:35,933[DEBUG]:<<<S6F12<<<  
<B [1] 00 >
2023-07-07 15:39:35,964[INFO ]:SENT SECS2 Message : SSID(0), B2(134), B3(11), P(0), S(0), SB(69)
2023-07-07 15:39:35,964[INFO ]:>>>S6F11 W>>>  
<L [3] 
    <U4 [1] 0 >
    <U4 [1] `SubstrateLocationOccupied` 1201 >
    <L [0] >
>
2023-07-07 15:39:36,147[INFO ]:RECV SECS2 Message : SSID(0), B2(6), B3(12), P(0), S(0), SB(69), Length[3]
2023-07-07 15:39:36,147[DEBUG]:<<<S6F12<<<  
<B [1] 00 >
2023-07-07 15:39:36,518[INFO ]:Queued SECS2 Message : S6F11
2023-07-07 15:39:36,525[INFO ]:Queued SECS2 Message : S6F11
2023-07-07 15:39:36,576[INFO ]:SENT SECS2 Message : SSID(0), B2(134), B3(11), P(0), S(0), SB(70)
2023-07-07 15:39:36,576[INFO ]:>>>S6F11 W>>>  
<L [3] 
    <U4 [1] 0 >
    <U4 [1] `SubstrateLocationUnoccupied` 1202 >
    <L [0] >
>
2023-07-07 15:39:36,576[INFO ]:SENT SECS2 Message : SSID(0), B2(134), B3(11), P(0), S(0), SB(71)
2023-07-07 15:39:36,576[INFO ]:>>>S6F11 W>>>  
<L [3] 
    <U4 [1] 0 >
    <U4 [1] `SubstrateLocationOccupied` 1201 >
    <L [0] >
>
2023-07-07 15:39:36,744[INFO ]:RECV SECS2 Message : SSID(0), B2(6), B3(12), P(0), S(0), SB(70), Length[3]
2023-07-07 15:39:36,744[DEBUG]:<<<S6F12<<<  
<B [1] 00 >
2023-07-07 15:39:36,745[INFO ]:RECV SECS2 Message : SSID(0), B2(6), B3(12), P(0), S(0), SB(71), Length[3]
2023-07-07 15:39:36,745[DEBUG]:<<<S6F12<<<  
<B [1] 00 >
2023-07-07 15:39:36,932[INFO ]:Queued SECS2 Message : S6F11
2023-07-07 15:39:36,943[INFO ]:SENT SECS2 Message : SSID(0), B2(134), B3(11), P(0), S(0), SB(72)
2023-07-07 15:39:36,943[INFO ]:>>>S6F11 W>>>  
<L [3] 
    <U4 [1] 0 >
    <U4 [1] `ModuleEnd` 1102 >
    <L [1] 
        <L [2] 
            <U4 [1] 1102 >
            <L [5] 
                <A [4] `ModuleID` "BF01">
                <A [0] `LotID` >
                <U2 [1] `SlotNo` 0 >
                <A [0] `GlassID` >
                <A [0] `UserId` >
            >
        >
    >
>
2023-07-07 15:39:37,111[INFO ]:RECV SECS2 Message : SSID(0), B2(6), B3(12), P(0), S(0), SB(72), Length[3]
2023-07-07 15:39:37,111[DEBUG]:<<<S6F12<<<  
<B [1] 00 >
2023-07-07 15:39:37,575[INFO ]:Queued SECS2 Message : S6F11
2023-07-07 15:39:37,616[INFO ]:SENT SECS2 Message : SSID(0), B2(134), B3(11), P(0), S(0), SB(73)
2023-07-07 15:39:37,616[INFO ]:>>>S6F11 W>>>  
<L [3] 
    <U4 [1] 0 >
    <U4 [1] `ModuleEnd` 1102 >
    <L [1] 
        <L [2] 
            <U4 [1] 1102 >
            <L [5] 
                <A [5] `ModuleID` "USC01">
                <A [0] `LotID` >
                <U2 [1] `SlotNo` 0 >
                <A [0] `GlassID` >
                <A [0] `UserId` >
            >
        >
    >
>
2023-07-07 15:39:37,785[INFO ]:RECV SECS2 Message : SSID(0), B2(6), B3(12), P(0), S(0), SB(73), Length[3]
2023-07-07 15:39:37,785[DEBUG]:<<<S6F12<<<  
<B [1] 00 >
