2023-07-07 12:52:46,777[INFO ]:Queued SECS2 Message : S1F13
2023-07-07 12:52:46,806[INFO ]:SENT SECS2 Message : SSID(0), B2(129), B3(13), P(0), S(0), SB(1)
2023-07-07 12:52:46,808[INFO ]:>>>S1F13 W>>>  
<L [2] 
    <A [3] "UPK">
    <A [14] "1.0.8588.23178">
>
2023-07-07 12:52:46,854[INFO ]:RECV SECS2 Message : SSID(0), B2(1), B3(14), P(0), S(0), SB(1), Length[7]
2023-07-07 12:52:46,855[DEBUG]:<<<S1F14<<<  
<L [2] 
    <B [1] 00 >
    <L [0] >
>
2023-07-07 12:53:38,025[INFO ]:RECV SECS2 Message : SSID(0), B2(130), B3(41), P(0), S(0), SB(5,833), Length[30]
2023-07-07 12:53:38,025[DEBUG]:<<<S2F41 W<<<  
<L [2] 
    <A [10] "TRAY_SCRAP">
    <L [1] 
        <L [2] 
            <A [7] "TRAY_ID">
            <A [1] "0">
        >
    >
>
