2023-08-29 16:07:25,457[INFO ]:Queued SECS2 Message : S1F13
2023-08-29 16:07:25,501[INFO ]:SENT SECS2 Message : SSID(0), B2(129), B3(13), P(0), S(0), SB(1)
2023-08-29 16:07:25,503[INFO ]:>>>S1F13 W>>>  
<L [2] 
    <A [3] "UPK">
    <A [14] "1.0.8641.29018">
>
2023-08-29 16:07:25,674[INFO ]:RECV SECS2 Message : SSID(0), B2(1), B3(14), P(0), S(0), SB(1), Length[11]
2023-08-29 16:07:25,675[DEBUG]:<<<S1F14<<<  
<L [2] 
    <B [1] 00 >
    <L [2] 
        <A [0] >
        <A [0] >
    >
>
2023-08-29 16:09:27,030[INFO ]:Queued SECS2 Message : S6F11
2023-08-29 16:09:27,056[INFO ]:SENT SECS2 Message : SSID(0), B2(134), B3(11), P(0), S(0), SB(3)
2023-08-29 16:09:27,057[INFO ]:>>>S6F11 W>>>  
<L [3] 
    <U4 [1] 0 >
    <U4 [1] `PortReadyToLoad` 1502 >
    <L [1] 
        <L [2] 
            <U4 [1] 1502 >
            <L [2] 
                <U2 [1] `PortID` 1 >
                <A [6] `UserId` "TEST-1">
            >
        >
    >
>
2023-08-29 16:09:27,241[INFO ]:RECV SECS2 Message : SSID(0), B2(6), B3(12), P(0), S(0), SB(3), Length[3]
2023-08-29 16:09:27,241[DEBUG]:<<<S6F12<<<  
<B [1] 00 >
2023-08-29 16:11:35,624[INFO ]:Queued SECS2 Message : S6F11
2023-08-29 16:11:35,634[INFO ]:SENT SECS2 Message : SSID(0), B2(134), B3(11), P(0), S(0), SB(5)
2023-08-29 16:11:35,634[INFO ]:>>>S6F11 W>>>  
<L [3] 
    <U4 [1] 0 >
    <U4 [1] `PortTransferBlocked` 1503 >
    <L [1] 
        <L [2] 
            <U4 [1] 1503 >
            <L [2] 
                <U2 [1] `PortID` 1 >
                <A [6] `UserId` "TEST-1">
            >
        >
    >
>
2023-08-29 16:11:35,802[INFO ]:RECV SECS2 Message : SSID(0), B2(6), B3(12), P(0), S(0), SB(5), Length[3]
2023-08-29 16:11:35,802[DEBUG]:<<<S6F12<<<  
<B [1] 00 >
2023-08-29 16:11:40,676[INFO ]:Queued SECS2 Message : S6F11
2023-08-29 16:11:40,708[INFO ]:SENT SECS2 Message : SSID(0), B2(134), B3(11), P(0), S(0), SB(6)
2023-08-29 16:11:40,708[INFO ]:>>>S6F11 W>>>  
<L [3] 
    <U4 [1] 0 >
    <U4 [1] `TrayIDRead` 1411 >
    <L [1] 
        <L [2] 
            <U4 [1] 1411 >
            <L [4] 
                <U2 [1] `PortID` 1 >
                <A [6] `TrayID` "TRAY-1">
                <A [6] `TrayID` "TRAY-1">
                <A [6] `UserId` "TEST-1">
            >
        >
    >
>
2023-08-29 16:11:40,908[INFO ]:RECV SECS2 Message : SSID(0), B2(6), B3(12), P(0), S(0), SB(6), Length[3]
2023-08-29 16:11:40,908[DEBUG]:<<<S6F12<<<  
<B [1] 00 >
2023-08-29 16:11:42,350[INFO ]:Queued SECS2 Message : S6F11
2023-08-29 16:11:42,360[INFO ]:SENT SECS2 Message : SSID(0), B2(134), B3(11), P(0), S(0), SB(7)
2023-08-29 16:11:42,360[INFO ]:>>>S6F11 W>>>  
<L [3] 
    <U4 [1] 0 >
    <U4 [1] `TrayLoadComplete` 1401 >
    <L [1] 
        <L [2] 
            <U4 [1] 1401 >
            <L [3] 
                <U2 [1] `PortID` 1 >
                <A [0] `TrayID` >
                <A [6] `UserId` "TEST-1">
            >
        >
    >
>
2023-08-29 16:11:42,575[INFO ]:RECV SECS2 Message : SSID(0), B2(6), B3(12), P(0), S(0), SB(7), Length[3]
2023-08-29 16:11:42,575[DEBUG]:<<<S6F12<<<  
<B [1] 00 >
2023-08-29 16:12:56,298[INFO ]:RECV SECS2 Message : SSID(0), B2(131), B3(41), P(0), S(0), SB(143), Length[553]
2023-08-29 16:12:56,298[DEBUG]:<<<S3F41 W<<<  
<L [3] 
    <A [9] "WorkOrder">
    <A [10] "ToolTest-1">
    <L [1] 
        <L [2] 
            <A [1] "1">
            <L [1] 
                <L [6] 
                    <L [2] 
                        <A [10] "sorterType">
                        <A [0] >
                    >
                    <L [2] 
                        <A [8] "inPortId">
                        <A [1] "1">
                    >
                    <L [2] 
                        <A [8] "inCarrId">
                        <A [6] "TRAY-1">
                    >
                    <L [2] 
                        <A [9] "outPortId">
                        <A [1] "1">
                    >
                    <L [2] 
                        <A [9] "outCarrId">
                        <A [6] "CST001">
                    >
                    <L [1] 
                        <L [2] 
                            <L [2] 
                                <A [4] "PPID">
                                <A [4] "PPID">
                            >
                            <L [2] 
                                <A [9] "SLOT_DATA">
                                <L [3] 
                                    <L [7] 
                                        <L [2] 
                                            <A [12] "inCarrSlotNo">
                                            <A [1] "1">
                                        >
                                        <L [2] 
                                            <A [10] "manualInsp">
                                            <A [1] "N">
                                        >
                                        <L [2] 
                                            <A [10] "prodMtrlId">
                                            <A [7] "GLASS01">
                                        >
                                        <L [2] 
                                            <A [9] "slotState">
                                            <A [1] "1">
                                        >
                                        <L [2] 
                                            <A [13] "outCarrSlotNo">
                                            <A [1] "1">
                                        >
                                        <L [2] 
                                            <A [5] "lotId">
                                            <A [7] "LOT_001">
                                        >
                                        <L [2] 
                                            <A [8] "mtrlFace">
                                            <A [3] "TTT">
                                        >
                                    >
                                    <L [7] 
                                        <L [2] 
                                            <A [12] "inCarrSlotNo">
                                            <A [1] "2">
                                        >
                                        <L [2] 
                                            <A [10] "manualInsp">
                                            <A [1] "N">
                                        >
                                        <L [2] 
                                            <A [10] "prodMtrlId">
                                            <A [7] "GLASS02">
                                        >
                                        <L [2] 
                                            <A [9] "slotState">
                                            <A [1] "1">
                                        >
                                        <L [2] 
                                            <A [13] "outCarrSlotNo">
                                            <A [1] "2">
                                        >
                                        <L [2] 
                                            <A [5] "lotId">
                                            <A [7] "LOT_001">
                                        >
                                        <L [2] 
                                            <A [8] "mtrlFace">
                                            <A [3] "TTT">
                                        >
                                    >
                                    <L [7] 
                                        <L [2] 
                                            <A [12] "inCarrSlotNo">
                                            <A [1] "3">
                                        >
                                        <L [2] 
                                            <A [10] "manualInsp">
                                            <A [1] "N">
                                        >
                                        <L [2] 
                                            <A [10] "prodMtrlId">
                                            <A [7] "GLASS03">
                                        >
                                        <L [2] 
                                            <A [9] "slotState">
                                            <A [1] "1">
                                        >
                                        <L [2] 
                                            <A [13] "outCarrSlotNo">
                                            <A [1] "3">
                                        >
                                        <L [2] 
                                            <A [5] "lotId">
                                            <A [7] "LOT_001">
                                        >
                                        <L [2] 
                                            <A [8] "mtrlFace">
                                            <A [3] "TTT">
                                        >
                                    >
                                >
                            >
                        >
                    >
                >
            >
        >
    >
>
2023-08-29 16:12:56,405[INFO ]:Queued SECS2 Message : S3F42
2023-08-29 16:12:56,435[INFO ]:SENT SECS2 Message : SSID(0), B2(3), B3(42), P(0), S(0), SB(143)
2023-08-29 16:12:56,435[INFO ]:>>>S3F42>>>  
<B [1] 00 >
2023-08-29 16:15:06,194[INFO ]:RECV SECS2 Message : SSID(0), B2(130), B3(41), P(0), S(0), SB(145), Length[45]
2023-08-29 16:15:06,194[DEBUG]:<<<S2F41 W<<<  
<L [2] 
    <A [10] "WORK_START">
    <L [1] 
        <L [2] 
            <A [7] "WORK_ID">
            <A [16] "work202306301331">
        >
    >
>
2023-08-29 16:15:06,200[INFO ]:Queued SECS2 Message : S2F42
2023-08-29 16:15:06,239[INFO ]:SENT SECS2 Message : SSID(0), B2(2), B3(42), P(0), S(0), SB(145)
2023-08-29 16:15:06,239[INFO ]:>>>S2F42>>>  
<L [2] 
    <B [1] 04 >
    <L [0] >
>
2023-08-29 16:18:32,108[INFO ]:RECV SECS2 Message : SSID(0), B2(130), B3(41), P(0), S(0), SB(147), Length[45]
2023-08-29 16:18:32,108[DEBUG]:<<<S2F41 W<<<  
<L [2] 
    <A [10] "WORK_START">
    <L [1] 
        <L [2] 
            <A [7] "WORK_ID">
            <A [16] "work202306301331">
        >
    >
>
2023-08-29 16:18:32,109[INFO ]:Queued SECS2 Message : S2F42
2023-08-29 16:18:32,123[INFO ]:SENT SECS2 Message : SSID(0), B2(2), B3(42), P(0), S(0), SB(147)
2023-08-29 16:18:32,123[INFO ]:>>>S2F42>>>  
<L [2] 
    <B [1] 04 >
    <L [0] >
>
2023-08-29 16:22:27,486[INFO ]:Queued SECS2 Message : S1F13
2023-08-29 16:22:27,534[INFO ]:SENT SECS2 Message : SSID(0), B2(129), B3(13), P(0), S(0), SB(1)
2023-08-29 16:22:27,536[INFO ]:>>>S1F13 W>>>  
<L [2] 
    <A [3] "UPK">
    <A [14] "1.0.8641.29469">
>
2023-08-29 16:22:27,687[INFO ]:RECV SECS2 Message : SSID(0), B2(1), B3(14), P(0), S(0), SB(1), Length[11]
2023-08-29 16:22:27,687[DEBUG]:<<<S1F14<<<  
<L [2] 
    <B [1] 00 >
    <L [2] 
        <A [0] >
        <A [0] >
    >
>
2023-08-29 16:22:28,217[INFO ]:Queued SECS2 Message : S6F11
2023-08-29 16:22:28,268[INFO ]:SENT SECS2 Message : SSID(0), B2(134), B3(11), P(0), S(0), SB(2)
2023-08-29 16:22:28,268[INFO ]:>>>S6F11 W>>>  
<L [3] 
    <U4 [1] 0 >
    <U4 [1] `PortReadyToLoad` 1502 >
    <L [1] 
        <L [2] 
            <U4 [1] 1502 >
            <L [2] 
                <U2 [1] `PortID` 1 >
                <A [6] `UserId` "TEST-1">
            >
        >
    >
>
2023-08-29 16:22:28,705[INFO ]:Queued SECS2 Message : S6F11
2023-08-29 16:22:28,706[INFO ]:Queued SECS2 Message : S6F11
2023-08-29 16:22:28,714[INFO ]:Queued SECS2 Message : S6F11
2023-08-29 16:22:28,759[INFO ]:SENT SECS2 Message : SSID(0), B2(134), B3(11), P(0), S(0), SB(3)
2023-08-29 16:22:28,759[INFO ]:>>>S6F11 W>>>  
<L [3] 
    <U4 [1] 0 >
    <U4 [1] `EquipmentStateChanged` 1051 >
    <L [1] 
        <L [2] 
            <U4 [1] 1051 >
            <L [2] 
                <U2 [1] `EqpState` 1 >
                <U2 [1] `PreviousEqpState` 2 >
            >
        >
    >
>
2023-08-29 16:22:28,759[INFO ]:SENT SECS2 Message : SSID(0), B2(134), B3(11), P(0), S(0), SB(4)
2023-08-29 16:22:28,759[INFO ]:>>>S6F11 W>>>  
<L [3] 
    <U4 [1] 0 >
    <U4 [1] `TrayIDRead` 1411 >
    <L [1] 
        <L [2] 
            <U4 [1] 1411 >
            <L [4] 
                <U2 [1] `PortID` 1 >
                <A [0] `TrayID` >
                <A [0] `TrayID` >
                <A [6] `UserId` "TEST-1">
            >
        >
    >
>
2023-08-29 16:22:28,759[INFO ]:SENT SECS2 Message : SSID(0), B2(134), B3(11), P(0), S(0), SB(5)
2023-08-29 16:22:28,759[INFO ]:>>>S6F11 W>>>  
<L [3] 
    <U4 [1] 0 >
    <U4 [1] `ProcessStart` 1311 >
    <L [0] >
>
2023-08-29 16:22:30,414[INFO ]:Queued SECS2 Message : S6F11
2023-08-29 16:22:30,467[INFO ]:SENT SECS2 Message : SSID(0), B2(134), B3(11), P(0), S(0), SB(6)
2023-08-29 16:22:30,468[INFO ]:>>>S6F11 W>>>  
<L [3] 
    <U4 [1] 0 >
    <U4 [1] `TrayIDRead` 1411 >
    <L [1] 
        <L [2] 
            <U4 [1] 1411 >
            <L [4] 
                <U2 [1] `PortID` 1 >
                <A [0] `TrayID` >
                <A [0] `TrayID` >
                <A [6] `UserId` "TEST-1">
            >
        >
    >
>
2023-08-29 16:25:11,017[INFO ]:Queued SECS2 Message : S1F13
2023-08-29 16:25:11,063[INFO ]:SENT SECS2 Message : SSID(0), B2(129), B3(13), P(0), S(0), SB(8)
2023-08-29 16:25:11,063[INFO ]:>>>S1F13 W>>>  
<L [2] 
    <A [3] "UPK">
    <A [14] "1.0.8641.29469">
>
2023-08-29 16:25:11,279[INFO ]:RECV SECS2 Message : SSID(0), B2(1), B3(14), P(0), S(0), SB(8), Length[11]
2023-08-29 16:25:11,279[DEBUG]:<<<S1F14<<<  
<L [2] 
    <B [1] 00 >
    <L [2] 
        <A [0] >
        <A [0] >
    >
>
2023-08-29 16:25:46,645[INFO ]:Queued SECS2 Message : S1F13
2023-08-29 16:25:46,691[INFO ]:SENT SECS2 Message : SSID(0), B2(129), B3(13), P(0), S(0), SB(1)
2023-08-29 16:25:46,692[INFO ]:>>>S1F13 W>>>  
<L [2] 
    <A [3] "UPK">
    <A [14] "1.0.8641.29568">
>
2023-08-29 16:25:46,863[INFO ]:RECV SECS2 Message : SSID(0), B2(1), B3(14), P(0), S(0), SB(1), Length[11]
2023-08-29 16:25:46,863[DEBUG]:<<<S1F14<<<  
<L [2] 
    <B [1] 00 >
    <L [2] 
        <A [0] >
        <A [0] >
    >
>
2023-08-29 16:25:46,932[INFO ]:Queued SECS2 Message : S6F11
2023-08-29 16:25:46,933[INFO ]:Queued SECS2 Message : S6F11
2023-08-29 16:25:46,935[INFO ]:SENT SECS2 Message : SSID(0), B2(134), B3(11), P(0), S(0), SB(2)
2023-08-29 16:25:46,936[INFO ]:>>>S6F11 W>>>  
<L [3] 
    <U4 [1] 0 >
    <U4 [1] `EquipmentStateChanged` 1051 >
    <L [1] 
        <L [2] 
            <U4 [1] 1051 >
            <L [2] 
                <U2 [1] `EqpState` 2 >
                <U2 [1] `PreviousEqpState` 1 >
            >
        >
    >
>
2023-08-29 16:25:46,936[INFO ]:SENT SECS2 Message : SSID(0), B2(134), B3(11), P(0), S(0), SB(3)
2023-08-29 16:25:46,936[INFO ]:>>>S6F11 W>>>  
<L [3] 
    <U4 [1] 0 >
    <U4 [1] `TrayIDRead` 1411 >
    <L [1] 
        <L [2] 
            <U4 [1] 1411 >
            <L [4] 
                <U2 [1] `PortID` 1 >
                <A [6] `TrayID` "TRAY-1">
                <A [6] `TrayID` "TRAY-1">
                <A [6] `UserId` "TEST-1">
            >
        >
    >
>
2023-08-29 16:25:47,134[INFO ]:RECV SECS2 Message : SSID(0), B2(6), B3(12), P(0), S(0), SB(2), Length[3]
2023-08-29 16:25:47,134[DEBUG]:<<<S6F12<<<  
<B [1] 00 >
2023-08-29 16:25:47,135[INFO ]:RECV SECS2 Message : SSID(0), B2(6), B3(12), P(0), S(0), SB(3), Length[3]
2023-08-29 16:25:47,135[DEBUG]:<<<S6F12<<<  
<B [1] 00 >
2023-08-29 16:25:48,621[INFO ]:Queued SECS2 Message : S6F11
2023-08-29 16:25:48,648[INFO ]:SENT SECS2 Message : SSID(0), B2(134), B3(11), P(0), S(0), SB(4)
2023-08-29 16:25:48,648[INFO ]:>>>S6F11 W>>>  
<L [3] 
    <U4 [1] 0 >
    <U4 [1] `TrayLoadComplete` 1401 >
    <L [1] 
        <L [2] 
            <U4 [1] 1401 >
            <L [3] 
                <U2 [1] `PortID` 1 >
                <A [0] `TrayID` >
                <A [6] `UserId` "TEST-1">
            >
        >
    >
>
2023-08-29 16:25:48,801[INFO ]:RECV SECS2 Message : SSID(0), B2(6), B3(12), P(0), S(0), SB(4), Length[3]
2023-08-29 16:25:48,801[DEBUG]:<<<S6F12<<<  
<B [1] 00 >
2023-08-29 16:25:55,541[INFO ]:RECV SECS2 Message : SSID(0), B2(131), B3(41), P(0), S(0), SB(3), Length[553]
2023-08-29 16:25:55,542[DEBUG]:<<<S3F41 W<<<  
<L [3] 
    <A [9] "WorkOrder">
    <A [10] "ToolTest-1">
    <L [1] 
        <L [2] 
            <A [1] "1">
            <L [1] 
                <L [6] 
                    <L [2] 
                        <A [10] "sorterType">
                        <A [0] >
                    >
                    <L [2] 
                        <A [8] "inPortId">
                        <A [1] "1">
                    >
                    <L [2] 
                        <A [8] "inCarrId">
                        <A [6] "TRAY-1">
                    >
                    <L [2] 
                        <A [9] "outPortId">
                        <A [1] "1">
                    >
                    <L [2] 
                        <A [9] "outCarrId">
                        <A [6] "CST001">
                    >
                    <L [1] 
                        <L [2] 
                            <L [2] 
                                <A [4] "PPID">
                                <A [4] "PPID">
                            >
                            <L [2] 
                                <A [9] "SLOT_DATA">
                                <L [3] 
                                    <L [7] 
                                        <L [2] 
                                            <A [12] "inCarrSlotNo">
                                            <A [1] "1">
                                        >
                                        <L [2] 
                                            <A [10] "manualInsp">
                                            <A [1] "N">
                                        >
                                        <L [2] 
                                            <A [10] "prodMtrlId">
                                            <A [7] "GLASS01">
                                        >
                                        <L [2] 
                                            <A [9] "slotState">
                                            <A [1] "1">
                                        >
                                        <L [2] 
                                            <A [13] "outCarrSlotNo">
                                            <A [1] "1">
                                        >
                                        <L [2] 
                                            <A [5] "lotId">
                                            <A [7] "LOT_001">
                                        >
                                        <L [2] 
                                            <A [8] "mtrlFace">
                                            <A [3] "TTT">
                                        >
                                    >
                                    <L [7] 
                                        <L [2] 
                                            <A [12] "inCarrSlotNo">
                                            <A [1] "2">
                                        >
                                        <L [2] 
                                            <A [10] "manualInsp">
                                            <A [1] "N">
                                        >
                                        <L [2] 
                                            <A [10] "prodMtrlId">
                                            <A [7] "GLASS02">
                                        >
                                        <L [2] 
                                            <A [9] "slotState">
                                            <A [1] "1">
                                        >
                                        <L [2] 
                                            <A [13] "outCarrSlotNo">
                                            <A [1] "2">
                                        >
                                        <L [2] 
                                            <A [5] "lotId">
                                            <A [7] "LOT_001">
                                        >
                                        <L [2] 
                                            <A [8] "mtrlFace">
                                            <A [3] "TTT">
                                        >
                                    >
                                    <L [7] 
                                        <L [2] 
                                            <A [12] "inCarrSlotNo">
                                            <A [1] "3">
                                        >
                                        <L [2] 
                                            <A [10] "manualInsp">
                                            <A [1] "N">
                                        >
                                        <L [2] 
                                            <A [10] "prodMtrlId">
                                            <A [7] "GLASS03">
                                        >
                                        <L [2] 
                                            <A [9] "slotState">
                                            <A [1] "1">
                                        >
                                        <L [2] 
                                            <A [13] "outCarrSlotNo">
                                            <A [1] "3">
                                        >
                                        <L [2] 
                                            <A [5] "lotId">
                                            <A [7] "LOT_001">
                                        >
                                        <L [2] 
                                            <A [8] "mtrlFace">
                                            <A [3] "TTT">
                                        >
                                    >
                                >
                            >
                        >
                    >
                >
            >
        >
    >
>
2023-08-29 16:25:55,667[INFO ]:Queued SECS2 Message : S3F42
2023-08-29 16:25:55,696[INFO ]:SENT SECS2 Message : SSID(0), B2(3), B3(42), P(0), S(0), SB(3)
2023-08-29 16:25:55,696[INFO ]:>>>S3F42>>>  
<B [1] 00 >
2023-08-29 16:26:09,388[INFO ]:RECV SECS2 Message : SSID(0), B2(130), B3(41), P(0), S(0), SB(5), Length[45]
2023-08-29 16:26:09,388[DEBUG]:<<<S2F41 W<<<  
<L [2] 
    <A [10] "WORK_START">
    <L [1] 
        <L [2] 
            <A [7] "WORK_ID">
            <A [16] "work202306301331">
        >
    >
>
2023-08-29 16:26:09,395[INFO ]:Queued SECS2 Message : S2F42
2023-08-29 16:26:09,451[INFO ]:SENT SECS2 Message : SSID(0), B2(2), B3(42), P(0), S(0), SB(5)
2023-08-29 16:26:09,451[INFO ]:>>>S2F42>>>  
<L [2] 
    <B [1] 04 >
    <L [0] >
>
2023-08-29 16:26:15,879[INFO ]:Queued SECS2 Message : S6F11
2023-08-29 16:26:15,936[INFO ]:SENT SECS2 Message : SSID(0), B2(134), B3(11), P(0), S(0), SB(5)
2023-08-29 16:26:15,936[INFO ]:>>>S6F11 W>>>  
<L [3] 
    <U4 [1] 0 >
    <U4 [1] `WorkStart` 1301 >
    <L [1] 
        <L [2] 
            <U4 [1] 1301 >
            <L [4] 
                <A [4] `ModuleID` "IP01">
                <U2 [1] `PortID` 1 >
                <A [6] `TrayID` "TRAY-1">
                <A [16] `WorkID` "work202306301331">
            >
        >
    >
>
2023-08-29 16:26:16,090[INFO ]:RECV SECS2 Message : SSID(0), B2(6), B3(12), P(0), S(0), SB(5), Length[3]
2023-08-29 16:26:16,090[DEBUG]:<<<S6F12<<<  
<B [1] 00 >
2023-08-29 16:26:20,924[INFO ]:Queued SECS2 Message : S6F11
2023-08-29 16:26:20,964[INFO ]:SENT SECS2 Message : SSID(0), B2(134), B3(11), P(0), S(0), SB(6)
2023-08-29 16:26:20,964[INFO ]:>>>S6F11 W>>>  
<L [3] 
    <U4 [1] 0 >
    <U4 [1] `ProcessStart` 1311 >
    <L [0] >
>
2023-08-29 16:26:21,132[INFO ]:RECV SECS2 Message : SSID(0), B2(6), B3(12), P(0), S(0), SB(6), Length[3]
2023-08-29 16:26:21,132[DEBUG]:<<<S6F12<<<  
<B [1] 00 >
2023-08-29 16:26:24,348[INFO ]:Queued SECS2 Message : S6F11
2023-08-29 16:26:24,399[INFO ]:SENT SECS2 Message : SSID(0), B2(134), B3(11), P(0), S(0), SB(7)
2023-08-29 16:26:24,399[INFO ]:>>>S6F11 W>>>  
<L [3] 
    <U4 [1] 0 >
    <U4 [1] `ModuleStart` 1101 >
    <L [1] 
        <L [2] 
            <U4 [1] 1101 >
            <L [7] 
                <A [4] `ModuleID` "TM01">
                <U2 [1] `PortID` 1 >
                <A [6] `TrayID` "TRAY-1">
                <A [7] `LotID` "LOT_001">
                <U2 [1] `SlotNo` 0 >
                <A [0] `GlassID` >
                <A [6] `UserId` "TEST-1">
            >
        >
    >
>
2023-08-29 16:26:24,568[INFO ]:RECV SECS2 Message : SSID(0), B2(6), B3(12), P(0), S(0), SB(7), Length[3]
2023-08-29 16:26:24,568[DEBUG]:<<<S6F12<<<  
<B [1] 00 >
2023-08-29 16:26:31,088[INFO ]:Queued SECS2 Message : S6F11
2023-08-29 16:26:31,144[INFO ]:SENT SECS2 Message : SSID(0), B2(134), B3(11), P(0), S(0), SB(8)
2023-08-29 16:26:31,144[INFO ]:>>>S6F11 W>>>  
<L [3] 
    <U4 [1] 0 >
    <U4 [1] `SubstrateLocationOccupied` 1201 >
    <L [1] 
        <L [2] 
            <U4 [1] 1201 >
            <L [2] 
                <A [4] `ModuleID` "TM01">
                <A [0] `GlassID` >
            >
        >
    >
>
2023-08-29 16:26:31,299[INFO ]:RECV SECS2 Message : SSID(0), B2(6), B3(12), P(0), S(0), SB(8), Length[3]
2023-08-29 16:26:31,299[DEBUG]:<<<S6F12<<<  
<B [1] 00 >
2023-08-29 16:26:37,825[INFO ]:Queued SECS2 Message : S6F11
2023-08-29 16:26:37,825[INFO ]:Queued SECS2 Message : S6F11
2023-08-29 16:26:37,829[INFO ]:SENT SECS2 Message : SSID(0), B2(134), B3(11), P(0), S(0), SB(9)
2023-08-29 16:26:37,829[INFO ]:>>>S6F11 W>>>  
<L [3] 
    <U4 [1] 0 >
    <U4 [1] `SubstrateLocationUnoccupied` 1202 >
    <L [1] 
        <L [2] 
            <U4 [1] 1202 >
            <L [2] 
                <A [4] `ModuleID` "TM01">
                <A [0] `GlassID` >
            >
        >
    >
>
2023-08-29 16:26:37,829[INFO ]:SENT SECS2 Message : SSID(0), B2(134), B3(11), P(0), S(0), SB(10)
2023-08-29 16:26:37,829[INFO ]:>>>S6F11 W>>>  
<L [3] 
    <U4 [1] 0 >
    <U4 [1] `ModuleStart` 1101 >
    <L [1] 
        <L [2] 
            <U4 [1] 1101 >
            <L [7] 
                <A [4] `ModuleID` "BF01">
                <U2 [1] `PortID` 1 >
                <A [6] `TrayID` "TRAY-1">
                <A [7] `LotID` "LOT_001">
                <U2 [1] `SlotNo` 0 >
                <A [0] `GlassID` >
                <A [6] `UserId` "TEST-1">
            >
        >
    >
>
2023-08-29 16:26:38,013[INFO ]:RECV SECS2 Message : SSID(0), B2(6), B3(12), P(0), S(0), SB(9), Length[3]
2023-08-29 16:26:38,013[DEBUG]:<<<S6F12<<<  
<B [1] 00 >
2023-08-29 16:26:38,014[INFO ]:RECV SECS2 Message : SSID(0), B2(6), B3(12), P(0), S(0), SB(10), Length[3]
2023-08-29 16:26:38,014[DEBUG]:<<<S6F12<<<  
<B [1] 00 >
2023-08-29 16:26:39,527[INFO ]:Queued SECS2 Message : S6F11
2023-08-29 16:26:39,546[INFO ]:SENT SECS2 Message : SSID(0), B2(134), B3(11), P(0), S(0), SB(11)
2023-08-29 16:26:39,546[INFO ]:>>>S6F11 W>>>  
<L [3] 
    <U4 [1] 0 >
    <U4 [1] `SubstrateLocationUnoccupied` 1202 >
    <L [1] 
        <L [2] 
            <U4 [1] 1202 >
            <L [2] 
                <A [4] `ModuleID` "TM01">
                <A [0] `GlassID` >
            >
        >
    >
>
2023-08-29 16:26:39,701[INFO ]:RECV SECS2 Message : SSID(0), B2(6), B3(12), P(0), S(0), SB(11), Length[3]
2023-08-29 16:26:39,701[DEBUG]:<<<S6F12<<<  
<B [1] 00 >
2023-08-29 16:26:41,222[INFO ]:Queued SECS2 Message : S6F11
2023-08-29 16:26:41,264[INFO ]:SENT SECS2 Message : SSID(0), B2(134), B3(11), P(0), S(0), SB(12)
2023-08-29 16:26:41,264[INFO ]:>>>S6F11 W>>>  
<L [3] 
    <U4 [1] 0 >
    <U4 [1] `ModuleEnd` 1102 >
    <L [1] 
        <L [2] 
            <U4 [1] 1102 >
            <L [5] 
                <A [4] `ModuleID` "TM01">
                <A [7] `LotID` "LOT_001">
                <U2 [1] `SlotNo` 0 >
                <A [0] `GlassID` >
                <A [6] `UserId` "TEST-1">
            >
        >
    >
>
2023-08-29 16:26:41,447[INFO ]:RECV SECS2 Message : SSID(0), B2(6), B3(12), P(0), S(0), SB(12), Length[3]
2023-08-29 16:26:41,447[DEBUG]:<<<S6F12<<<  
<B [1] 00 >
2023-08-29 16:26:46,319[INFO ]:Queued SECS2 Message : S6F11
2023-08-29 16:26:46,359[INFO ]:SENT SECS2 Message : SSID(0), B2(134), B3(11), P(0), S(0), SB(13)
2023-08-29 16:26:46,359[INFO ]:>>>S6F11 W>>>  
<L [3] 
    <U4 [1] 0 >
    <U4 [1] `GlassIDRead` 1601 >
    <L [1] 
        <L [2] 
            <U4 [1] 1601 >
            <L [2] 
                <A [6] `TrayID` "TRAY-1">
                <A [7] `GlassID` "GLASS01">
            >
        >
    >
>
2023-08-29 16:26:46,497[INFO ]:RECV SECS2 Message : SSID(0), B2(6), B3(12), P(0), S(0), SB(13), Length[3]
2023-08-29 16:26:46,497[DEBUG]:<<<S6F12<<<  
<B [1] 00 >
2023-08-29 16:26:48,063[INFO ]:Queued SECS2 Message : S6F11
2023-08-29 16:26:48,070[INFO ]:Queued SECS2 Message : S6F11
2023-08-29 16:26:48,072[INFO ]:SENT SECS2 Message : SSID(0), B2(134), B3(11), P(0), S(0), SB(14)
2023-08-29 16:26:48,072[INFO ]:>>>S6F11 W>>>  
<L [3] 
    <U4 [1] 0 >
    <U4 [1] `ModuleStart` 1101 >
    <L [1] 
        <L [2] 
            <U4 [1] 1101 >
            <L [7] 
                <A [4] `ModuleID` "TM01">
                <U2 [1] `PortID` 1 >
                <A [6] `TrayID` "TRAY-1">
                <A [7] `LotID` "LOT_001">
                <U2 [1] `SlotNo` 0 >
                <A [7] `GlassID` "GLASS01">
                <A [6] `UserId` "TEST-1">
            >
        >
    >
>
2023-08-29 16:26:48,072[INFO ]:SENT SECS2 Message : SSID(0), B2(134), B3(11), P(0), S(0), SB(15)
2023-08-29 16:26:48,072[INFO ]:>>>S6F11 W>>>  
<L [3] 
    <U4 [1] 0 >
    <U4 [1] `SubstrateLocationOccupied` 1201 >
    <L [1] 
        <L [2] 
            <U4 [1] 1201 >
            <L [2] 
                <A [4] `ModuleID` "BF01">
                <A [7] `GlassID` "GLASS01">
            >
        >
    >
>
2023-08-29 16:26:48,241[INFO ]:RECV SECS2 Message : SSID(0), B2(6), B3(12), P(0), S(0), SB(14), Length[3]
2023-08-29 16:26:48,241[DEBUG]:<<<S6F12<<<  
<B [1] 00 >
2023-08-29 16:26:48,241[INFO ]:RECV SECS2 Message : SSID(0), B2(6), B3(12), P(0), S(0), SB(15), Length[3]
2023-08-29 16:26:48,241[DEBUG]:<<<S6F12<<<  
<B [1] 00 >
2023-08-29 16:26:54,856[INFO ]:Queued SECS2 Message : S6F11
2023-08-29 16:26:54,882[INFO ]:SENT SECS2 Message : SSID(0), B2(134), B3(11), P(0), S(0), SB(16)
2023-08-29 16:26:54,882[INFO ]:>>>S6F11 W>>>  
<L [3] 
    <U4 [1] 0 >
    <U4 [1] `SubstrateLocationOccupied` 1201 >
    <L [1] 
        <L [2] 
            <U4 [1] 1201 >
            <L [2] 
                <A [4] `ModuleID` "TM01">
                <A [0] `GlassID` >
            >
        >
    >
>
2023-08-29 16:26:55,052[INFO ]:RECV SECS2 Message : SSID(0), B2(6), B3(12), P(0), S(0), SB(16), Length[3]
2023-08-29 16:26:55,052[DEBUG]:<<<S6F12<<<  
<B [1] 00 >
2023-08-29 16:26:56,566[INFO ]:Queued SECS2 Message : S6F11
2023-08-29 16:26:56,566[INFO ]:Queued SECS2 Message : S6F11
2023-08-29 16:26:56,601[INFO ]:SENT SECS2 Message : SSID(0), B2(134), B3(11), P(0), S(0), SB(17)
2023-08-29 16:26:56,601[INFO ]:>>>S6F11 W>>>  
<L [3] 
    <U4 [1] 0 >
    <U4 [1] `SubstrateLocationUnoccupied` 1202 >
    <L [1] 
        <L [2] 
            <U4 [1] 1202 >
            <L [2] 
                <A [4] `ModuleID` "BF01">
                <A [7] `GlassID` "GLASS01">
            >
        >
    >
>
2023-08-29 16:26:56,601[INFO ]:SENT SECS2 Message : SSID(0), B2(134), B3(11), P(0), S(0), SB(18)
2023-08-29 16:26:56,601[INFO ]:>>>S6F11 W>>>  
<L [3] 
    <U4 [1] 0 >
    <U4 [1] `ModuleStart` 1101 >
    <L [1] 
        <L [2] 
            <U4 [1] 1101 >
            <L [7] 
                <A [5] `ModuleID` "USC01">
                <U2 [1] `PortID` 1 >
                <A [6] `TrayID` "TRAY-1">
                <A [7] `LotID` "LOT_001">
                <U2 [1] `SlotNo` 0 >
                <A [7] `GlassID` "GLASS01">
                <A [6] `UserId` "TEST-1">
            >
        >
    >
>
2023-08-29 16:26:56,785[INFO ]:RECV SECS2 Message : SSID(0), B2(6), B3(12), P(0), S(0), SB(17), Length[3]
2023-08-29 16:26:56,785[DEBUG]:<<<S6F12<<<  
<B [1] 00 >
2023-08-29 16:26:56,786[INFO ]:RECV SECS2 Message : SSID(0), B2(6), B3(12), P(0), S(0), SB(18), Length[3]
2023-08-29 16:26:56,786[DEBUG]:<<<S6F12<<<  
<B [1] 00 >
2023-08-29 16:26:58,287[INFO ]:Queued SECS2 Message : S6F11
2023-08-29 16:26:58,313[INFO ]:SENT SECS2 Message : SSID(0), B2(134), B3(11), P(0), S(0), SB(19)
2023-08-29 16:26:58,313[INFO ]:>>>S6F11 W>>>  
<L [3] 
    <U4 [1] 0 >
    <U4 [1] `SubstrateLocationUnoccupied` 1202 >
    <L [1] 
        <L [2] 
            <U4 [1] 1202 >
            <L [2] 
                <A [4] `ModuleID` "BF01">
                <A [0] `GlassID` >
            >
        >
    >
>
2023-08-29 16:26:58,451[INFO ]:RECV SECS2 Message : SSID(0), B2(6), B3(12), P(0), S(0), SB(19), Length[3]
2023-08-29 16:26:58,451[DEBUG]:<<<S6F12<<<  
<B [1] 00 >
2023-08-29 16:26:59,986[INFO ]:Queued SECS2 Message : S6F11
2023-08-29 16:27:00,027[INFO ]:SENT SECS2 Message : SSID(0), B2(134), B3(11), P(0), S(0), SB(20)
2023-08-29 16:27:00,027[INFO ]:>>>S6F11 W>>>  
<L [3] 
    <U4 [1] 0 >
    <U4 [1] `ModuleEnd` 1102 >
    <L [1] 
        <L [2] 
            <U4 [1] 1102 >
            <L [5] 
                <A [4] `ModuleID` "BF01">
                <A [7] `LotID` "LOT_001">
                <U2 [1] `SlotNo` 0 >
                <A [0] `GlassID` >
                <A [6] `UserId` "TEST-1">
            >
        >
    >
>
2023-08-29 16:27:00,194[INFO ]:RECV SECS2 Message : SSID(0), B2(6), B3(12), P(0), S(0), SB(20), Length[3]
2023-08-29 16:27:00,194[DEBUG]:<<<S6F12<<<  
<B [1] 00 >
2023-08-29 16:27:01,679[INFO ]:Queued SECS2 Message : S6F11
2023-08-29 16:27:01,680[INFO ]:SENT SECS2 Message : SSID(0), B2(134), B3(11), P(0), S(0), SB(21)
2023-08-29 16:27:01,681[INFO ]:>>>S6F11 W>>>  
<L [3] 
    <U4 [1] 0 >
    <U4 [1] `SubstrateLocationUnoccupied` 1202 >
    <L [1] 
        <L [2] 
            <U4 [1] 1202 >
            <L [2] 
                <A [4] `ModuleID` "TM01">
                <A [0] `GlassID` >
            >
        >
    >
>
2023-08-29 16:27:01,686[INFO ]:Queued SECS2 Message : S6F11
2023-08-29 16:27:01,687[INFO ]:Queued SECS2 Message : S6F11
2023-08-29 16:27:01,742[INFO ]:SENT SECS2 Message : SSID(0), B2(134), B3(11), P(0), S(0), SB(22)
2023-08-29 16:27:01,742[INFO ]:>>>S6F11 W>>>  
<L [3] 
    <U4 [1] 0 >
    <U4 [1] `SubstrateLocationOccupied` 1201 >
    <L [1] 
        <L [2] 
            <U4 [1] 1201 >
            <L [2] 
                <A [5] `ModuleID` "USC01">
                <A [7] `GlassID` "GLASS01">
            >
        >
    >
>
2023-08-29 16:27:01,742[INFO ]:SENT SECS2 Message : SSID(0), B2(134), B3(11), P(0), S(0), SB(23)
2023-08-29 16:27:01,742[INFO ]:>>>S6F11 W>>>  
<L [3] 
    <U4 [1] 0 >
    <U4 [1] `GlassStart` 1611 >
    <L [1] 
        <L [2] 
            <U4 [1] 1611 >
            <L [6] 
                <A [5] `ModuleID` "USC01">
                <A [7] `GlassID` "GLASS01">
                <U2 [1] `PortID` 1 >
                <A [6] `TrayID` "TRAY-1">
                <U2 [1] `SlotNo` 1 >
                <A [7] `LotID` "LOT_001">
            >
        >
    >
>
2023-08-29 16:27:01,803[INFO ]:RECV SECS2 Message : SSID(0), B2(6), B3(12), P(0), S(0), SB(21), Length[3]
2023-08-29 16:27:01,803[DEBUG]:<<<S6F12<<<  
<B [1] 00 >
2023-08-29 16:27:01,803[INFO ]:RECV SECS2 Message : SSID(0), B2(6), B3(12), P(0), S(0), SB(22), Length[3]
2023-08-29 16:27:01,803[DEBUG]:<<<S6F12<<<  
<B [1] 00 >
2023-08-29 16:27:01,881[INFO ]:RECV SECS2 Message : SSID(0), B2(6), B3(12), P(0), S(0), SB(23), Length[3]
2023-08-29 16:27:01,881[DEBUG]:<<<S6F12<<<  
<B [1] 00 >
2023-08-29 16:27:03,407[INFO ]:Queued SECS2 Message : S6F11
2023-08-29 16:27:03,457[INFO ]:SENT SECS2 Message : SSID(0), B2(134), B3(11), P(0), S(0), SB(24)
2023-08-29 16:27:03,457[INFO ]:>>>S6F11 W>>>  
<L [3] 
    <U4 [1] 0 >
    <U4 [1] `SubstrateLocationUnoccupied` 1202 >
    <L [1] 
        <L [2] 
            <U4 [1] 1202 >
            <L [2] 
                <A [4] `ModuleID` "TM01">
                <A [0] `GlassID` >
            >
        >
    >
>
2023-08-29 16:27:03,626[INFO ]:RECV SECS2 Message : SSID(0), B2(6), B3(12), P(0), S(0), SB(24), Length[3]
2023-08-29 16:27:03,626[DEBUG]:<<<S6F12<<<  
<B [1] 00 >
2023-08-29 16:27:05,089[INFO ]:Queued SECS2 Message : S6F11
2023-08-29 16:27:05,114[INFO ]:SENT SECS2 Message : SSID(0), B2(134), B3(11), P(0), S(0), SB(25)
2023-08-29 16:27:05,114[INFO ]:>>>S6F11 W>>>  
<L [3] 
    <U4 [1] 0 >
    <U4 [1] `ModuleEnd` 1102 >
    <L [1] 
        <L [2] 
            <U4 [1] 1102 >
            <L [5] 
                <A [4] `ModuleID` "TM01">
                <A [7] `LotID` "LOT_001">
                <U2 [1] `SlotNo` 1 >
                <A [0] `GlassID` >
                <A [6] `UserId` "TEST-1">
            >
        >
    >
>
2023-08-29 16:27:05,297[INFO ]:RECV SECS2 Message : SSID(0), B2(6), B3(12), P(0), S(0), SB(25), Length[3]
2023-08-29 16:27:05,297[DEBUG]:<<<S6F12<<<  
<B [1] 00 >
2023-08-29 16:27:06,779[INFO ]:Queued SECS2 Message : S6F11
2023-08-29 16:27:06,829[INFO ]:SENT SECS2 Message : SSID(0), B2(134), B3(11), P(0), S(0), SB(26)
2023-08-29 16:27:06,829[INFO ]:>>>S6F11 W>>>  
<L [3] 
    <U4 [1] 0 >
    <U4 [1] `ModuleStart` 1101 >
    <L [1] 
        <L [2] 
            <U4 [1] 1101 >
            <L [7] 
                <A [4] `ModuleID` "BF01">
                <U2 [1] `PortID` 1 >
                <A [6] `TrayID` "TRAY-1">
                <A [7] `LotID` "LOT_001">
                <U2 [1] `SlotNo` 1 >
                <A [0] `GlassID` >
                <A [6] `UserId` "TEST-1">
            >
        >
    >
>
2023-08-29 16:27:06,967[INFO ]:RECV SECS2 Message : SSID(0), B2(6), B3(12), P(0), S(0), SB(26), Length[3]
2023-08-29 16:27:06,967[DEBUG]:<<<S6F12<<<  
<B [1] 00 >
2023-08-29 16:27:11,889[INFO ]:Queued SECS2 Message : S6F11
2023-08-29 16:27:11,915[INFO ]:SENT SECS2 Message : SSID(0), B2(134), B3(11), P(0), S(0), SB(27)
2023-08-29 16:27:11,915[INFO ]:>>>S6F11 W>>>  
<L [3] 
    <U4 [1] 0 >
    <U4 [1] `ModuleStart` 1101 >
    <L [1] 
        <L [2] 
            <U4 [1] 1101 >
            <L [7] 
                <A [4] `ModuleID` "TM01">
                <U2 [1] `PortID` 1 >
                <A [6] `TrayID` "TRAY-1">
                <A [7] `LotID` "LOT_001">
                <U2 [1] `SlotNo` 1 >
                <A [0] `GlassID` >
                <A [6] `UserId` "TEST-1">
            >
        >
    >
>
2023-08-29 16:27:12,083[INFO ]:RECV SECS2 Message : SSID(0), B2(6), B3(12), P(0), S(0), SB(27), Length[3]
2023-08-29 16:27:12,083[DEBUG]:<<<S6F12<<<  
<B [1] 00 >
2023-08-29 16:27:15,296[INFO ]:Queued SECS2 Message : S6F11
2023-08-29 16:27:15,346[INFO ]:SENT SECS2 Message : SSID(0), B2(134), B3(11), P(0), S(0), SB(28)
2023-08-29 16:27:15,346[INFO ]:>>>S6F11 W>>>  
<L [3] 
    <U4 [1] 0 >
    <U4 [1] `GlassIDRead` 1601 >
    <L [1] 
        <L [2] 
            <U4 [1] 1601 >
            <L [2] 
                <A [6] `TrayID` "TRAY-1">
                <A [7] `GlassID` "GLASS02">
            >
        >
    >
>
2023-08-29 16:27:15,515[INFO ]:RECV SECS2 Message : SSID(0), B2(6), B3(12), P(0), S(0), SB(28), Length[3]
2023-08-29 16:27:15,515[DEBUG]:<<<S6F12<<<  
<B [1] 00 >
2023-08-29 16:27:16,983[INFO ]:Queued SECS2 Message : S6F11
2023-08-29 16:27:16,993[INFO ]:SENT SECS2 Message : SSID(0), B2(134), B3(11), P(0), S(0), SB(29)
2023-08-29 16:27:16,993[INFO ]:>>>S6F11 W>>>  
<L [3] 
    <U4 [1] 0 >
    <U4 [1] `SubstrateLocationOccupied` 1201 >
    <L [1] 
        <L [2] 
            <U4 [1] 1201 >
            <L [2] 
                <A [4] `ModuleID` "BF01">
                <A [7] `GlassID` "GLASS02">
            >
        >
    >
>
2023-08-29 16:27:17,178[INFO ]:RECV SECS2 Message : SSID(0), B2(6), B3(12), P(0), S(0), SB(29), Length[3]
2023-08-29 16:27:17,178[DEBUG]:<<<S6F12<<<  
<B [1] 00 >
2023-08-29 16:27:18,681[INFO ]:Queued SECS2 Message : S6F11
2023-08-29 16:27:18,708[INFO ]:SENT SECS2 Message : SSID(0), B2(134), B3(11), P(0), S(0), SB(30)
2023-08-29 16:27:18,708[INFO ]:>>>S6F11 W>>>  
<L [3] 
    <U4 [1] 0 >
    <U4 [1] `SubstrateLocationOccupied` 1201 >
    <L [1] 
        <L [2] 
            <U4 [1] 1201 >
            <L [2] 
                <A [4] `ModuleID` "TM01">
                <A [0] `GlassID` >
            >
        >
    >
>
2023-08-29 16:27:18,924[INFO ]:RECV SECS2 Message : SSID(0), B2(6), B3(12), P(0), S(0), SB(30), Length[3]
2023-08-29 16:27:18,924[DEBUG]:<<<S6F12<<<  
<B [1] 00 >
2023-08-29 16:31:59,189[INFO ]:Queued SECS2 Message : S6F11
2023-08-29 16:31:59,189[INFO ]:Queued SECS2 Message : S6F11
2023-08-29 16:31:59,207[INFO ]:SENT SECS2 Message : SSID(0), B2(134), B3(11), P(0), S(0), SB(33)
2023-08-29 16:31:59,207[INFO ]:>>>S6F11 W>>>  
<L [3] 
    <U4 [1] 0 >
    <U4 [1] `GlassEnd` 1612 >
    <L [1] 
        <L [2] 
            <U4 [1] 1612 >
            <L [6] 
                <A [5] `ModuleID` "USC01">
                <A [7] `GlassID` "GLASS01">
                <U2 [1] `PortID` 1 >
                <A [6] `TrayID` "TRAY-1">
                <U2 [1] `SlotNo` 1 >
                <A [7] `LotID` "LOT_001">
            >
        >
    >
>
2023-08-29 16:31:59,207[INFO ]:SENT SECS2 Message : SSID(0), B2(134), B3(11), P(0), S(0), SB(34)
2023-08-29 16:31:59,207[INFO ]:>>>S6F11 W>>>  
<L [3] 
    <U4 [1] 0 >
    <U4 [1] `SubstrateLocationUnoccupied` 1202 >
    <L [1] 
        <L [2] 
            <U4 [1] 1202 >
            <L [2] 
                <A [5] `ModuleID` "USC01">
                <A [7] `GlassID` "GLASS01">
            >
        >
    >
>
2023-08-29 16:31:59,375[INFO ]:RECV SECS2 Message : SSID(0), B2(6), B3(12), P(0), S(0), SB(33), Length[3]
2023-08-29 16:31:59,375[DEBUG]:<<<S6F12<<<  
<B [1] 00 >
2023-08-29 16:31:59,376[INFO ]:RECV SECS2 Message : SSID(0), B2(6), B3(12), P(0), S(0), SB(34), Length[3]
2023-08-29 16:31:59,376[DEBUG]:<<<S6F12<<<  
<B [1] 00 >
2023-08-29 16:32:24,468[INFO ]:Queued SECS2 Message : S6F11
2023-08-29 16:32:24,471[INFO ]:SENT SECS2 Message : SSID(0), B2(134), B3(11), P(0), S(0), SB(35)
2023-08-29 16:32:24,471[INFO ]:>>>S6F11 W>>>  
<L [3] 
    <U4 [1] 0 >
    <U4 [1] `SubstrateLocationUnoccupied` 1202 >
    <L [1] 
        <L [2] 
            <U4 [1] 1202 >
            <L [2] 
                <A [4] `ModuleID` "BF01">
                <A [7] `GlassID` "GLASS02">
            >
        >
    >
>
2023-08-29 16:32:24,471[INFO ]:SENT SECS2 Message : SSID(0), B2(134), B3(11), P(0), S(0), SB(0)
2023-08-29 16:32:24,471[INFO ]:>>>S6F11 W>>>  
<L [3] 
    <U4 [1] 0 >
    <U4 [1] `ModuleStart` 1101 >
    <L [1] 
        <L [2] 
            <U4 [1] 1101 >
            <L [7] 
                <A [5] `ModuleID` "USC01">
                <U2 [1] `PortID` 1 >
                <A [6] `TrayID` "TRAY-1">
                <A [7] `LotID` "LOT_001">
                <U2 [1] `SlotNo` 1 >
                <A [7] `GlassID` "GLASS02">
                <A [6] `UserId` "TEST-1">
            >
        >
    >
>
2023-08-29 16:32:24,471[INFO ]:Queued SECS2 Message : S6F11
2023-08-29 16:32:24,639[INFO ]:RECV SECS2 Message : SSID(0), B2(6), B3(12), P(0), S(0), SB(35), Length[3]
2023-08-29 16:32:24,639[DEBUG]:<<<S6F12<<<  
<B [1] 00 >
2023-08-29 16:32:24,639[INFO ]:RECV SECS2 Message : SSID(0), B2(6), B3(12), P(0), S(0), SB(36), Length[3]
2023-08-29 16:32:24,639[DEBUG]:<<<S6F12<<<  
<B [1] 00 >
2023-08-29 16:32:26,189[INFO ]:Queued SECS2 Message : S6F11
2023-08-29 16:32:26,193[INFO ]:SENT SECS2 Message : SSID(0), B2(134), B3(11), P(0), S(0), SB(37)
2023-08-29 16:32:26,193[INFO ]:>>>S6F11 W>>>  
<L [3] 
    <U4 [1] 0 >
    <U4 [1] `SubstrateLocationUnoccupied` 1202 >
    <L [1] 
        <L [2] 
            <U4 [1] 1202 >
            <L [2] 
                <A [4] `ModuleID` "BF01">
                <A [0] `GlassID` >
            >
        >
    >
>
2023-08-29 16:32:26,393[INFO ]:RECV SECS2 Message : SSID(0), B2(6), B3(12), P(0), S(0), SB(37), Length[3]
2023-08-29 16:32:26,393[DEBUG]:<<<S6F12<<<  
<B [1] 00 >
2023-08-29 16:32:29,584[INFO ]:Queued SECS2 Message : S6F11
2023-08-29 16:32:29,630[INFO ]:SENT SECS2 Message : SSID(0), B2(134), B3(11), P(0), S(0), SB(38)
2023-08-29 16:32:29,630[INFO ]:>>>S6F11 W>>>  
<L [3] 
    <U4 [1] 0 >
    <U4 [1] `SubstrateLocationUnoccupied` 1202 >
    <L [1] 
        <L [2] 
            <U4 [1] 1202 >
            <L [2] 
                <A [4] `ModuleID` "TM01">
                <A [0] `GlassID` >
            >
        >
    >
>
2023-08-29 16:32:29,767[INFO ]:RECV SECS2 Message : SSID(0), B2(6), B3(12), P(0), S(0), SB(38), Length[3]
2023-08-29 16:32:29,768[DEBUG]:<<<S6F12<<<  
<B [1] 00 >
2023-08-29 16:32:31,297[INFO ]:Queued SECS2 Message : S6F11
2023-08-29 16:32:31,347[INFO ]:SENT SECS2 Message : SSID(0), B2(134), B3(11), P(0), S(0), SB(39)
2023-08-29 16:32:31,347[INFO ]:>>>S6F11 W>>>  
<L [3] 
    <U4 [1] 0 >
    <U4 [1] `SubstrateLocationUnoccupied` 1202 >
    <L [1] 
        <L [2] 
            <U4 [1] 1202 >
            <L [2] 
                <A [4] `ModuleID` "TM01">
                <A [0] `GlassID` >
            >
        >
    >
>
2023-08-29 16:32:31,515[INFO ]:RECV SECS2 Message : SSID(0), B2(6), B3(12), P(0), S(0), SB(39), Length[3]
2023-08-29 16:32:31,515[DEBUG]:<<<S6F12<<<  
<B [1] 00 >
2023-08-29 16:32:32,980[INFO ]:Queued SECS2 Message : S6F11
2023-08-29 16:32:33,006[INFO ]:SENT SECS2 Message : SSID(0), B2(134), B3(11), P(0), S(0), SB(40)
2023-08-29 16:32:33,006[INFO ]:>>>S6F11 W>>>  
<L [3] 
    <U4 [1] 0 >
    <U4 [1] `ModuleEnd` 1102 >
    <L [1] 
        <L [2] 
            <U4 [1] 1102 >
            <L [5] 
                <A [4] `ModuleID` "TM01">
                <A [7] `LotID` "LOT_001">
                <U2 [1] `SlotNo` 1 >
                <A [0] `GlassID` >
                <A [6] `UserId` "TEST-1">
            >
        >
    >
>
2023-08-29 16:32:33,190[INFO ]:RECV SECS2 Message : SSID(0), B2(6), B3(12), P(0), S(0), SB(40), Length[3]
2023-08-29 16:32:33,190[DEBUG]:<<<S6F12<<<  
<B [1] 00 >
2023-08-29 16:35:12,658[INFO ]:Queued SECS2 Message : S1F13
2023-08-29 16:35:12,673[INFO ]:SENT SECS2 Message : SSID(0), B2(129), B3(13), P(0), S(0), SB(1)
2023-08-29 16:35:12,674[INFO ]:>>>S1F13 W>>>  
<L [2] 
    <A [3] "UPK">
    <A [14] "1.0.8641.29851">
>
2023-08-29 16:35:12,782[INFO ]:RECV SECS2 Message : SSID(0), B2(1), B3(14), P(0), S(0), SB(1), Length[11]
2023-08-29 16:35:12,782[DEBUG]:<<<S1F14<<<  
<L [2] 
    <B [1] 00 >
    <L [2] 
        <A [0] >
        <A [0] >
    >
>
2023-08-29 16:35:17,236[INFO ]:Queued SECS2 Message : S6F11
2023-08-29 16:35:17,276[INFO ]:SENT SECS2 Message : SSID(0), B2(134), B3(11), P(0), S(0), SB(2)
2023-08-29 16:35:17,276[INFO ]:>>>S6F11 W>>>  
<L [3] 
    <U4 [1] 0 >
    <U4 [1] `GlassIDRead` 1601 >
    <L [1] 
        <L [2] 
            <U4 [1] 1601 >
            <L [2] 
                <A [0] `TrayID` >
                <A [7] `GlassID` "GLASS03">
            >
        >
    >
>
2023-08-29 16:35:17,492[INFO ]:RECV SECS2 Message : SSID(0), B2(6), B3(12), P(0), S(0), SB(2), Length[3]
2023-08-29 16:35:17,492[DEBUG]:<<<S6F12<<<  
<B [1] 00 >
2023-08-29 16:35:18,936[INFO ]:Queued SECS2 Message : S6F11
2023-08-29 16:35:18,992[INFO ]:SENT SECS2 Message : SSID(0), B2(134), B3(11), P(0), S(0), SB(3)
2023-08-29 16:35:18,992[INFO ]:>>>S6F11 W>>>  
<L [3] 
    <U4 [1] 0 >
    <U4 [1] `SubstrateLocationOccupied` 1201 >
    <L [1] 
        <L [2] 
            <U4 [1] 1201 >
            <L [2] 
                <A [4] `ModuleID` "BF01">
                <A [7] `GlassID` "GLASS03">
            >
        >
    >
>
2023-08-29 16:35:19,162[INFO ]:RECV SECS2 Message : SSID(0), B2(6), B3(12), P(0), S(0), SB(3), Length[3]
2023-08-29 16:35:19,162[DEBUG]:<<<S6F12<<<  
<B [1] 00 >
2023-08-29 16:35:27,408[INFO ]:Queued SECS2 Message : S6F11
2023-08-29 16:35:27,410[INFO ]:Queued SECS2 Message : S6F11
2023-08-29 16:35:27,458[INFO ]:SENT SECS2 Message : SSID(0), B2(134), B3(11), P(0), S(0), SB(4)
2023-08-29 16:35:27,458[INFO ]:>>>S6F11 W>>>  
<L [3] 
    <U4 [1] 0 >
    <U4 [1] `SubstrateLocationUnoccupied` 1202 >
    <L [1] 
        <L [2] 
            <U4 [1] 1202 >
            <L [2] 
                <A [4] `ModuleID` "BF01">
                <A [7] `GlassID` "GLASS03">
            >
        >
    >
>
2023-08-29 16:35:27,458[INFO ]:SENT SECS2 Message : SSID(0), B2(134), B3(11), P(0), S(0), SB(5)
2023-08-29 16:35:27,458[INFO ]:>>>S6F11 W>>>  
<L [3] 
    <U4 [1] 0 >
    <U4 [1] `ModuleStart` 1101 >
    <L [1] 
        <L [2] 
            <U4 [1] 1101 >
            <L [7] 
                <A [5] `ModuleID` "USC01">
                <U2 [1] `PortID` 1 >
                <A [0] `TrayID` >
                <A [0] `LotID` >
                <U2 [1] `SlotNo` 0 >
                <A [7] `GlassID` "GLASS03">
                <A [6] `UserId` "TEST-1">
            >
        >
    >
>
2023-08-29 16:35:27,658[INFO ]:RECV SECS2 Message : SSID(0), B2(6), B3(12), P(0), S(0), SB(4), Length[3]
2023-08-29 16:35:27,658[DEBUG]:<<<S6F12<<<  
<B [1] 00 >
2023-08-29 16:35:27,660[INFO ]:RECV SECS2 Message : SSID(0), B2(6), B3(12), P(0), S(0), SB(5), Length[3]
2023-08-29 16:35:27,660[DEBUG]:<<<S6F12<<<  
<B [1] 00 >
2023-08-29 16:35:29,107[INFO ]:Queued SECS2 Message : S6F11
2023-08-29 16:35:29,111[INFO ]:SENT SECS2 Message : SSID(0), B2(134), B3(11), P(0), S(0), SB(6)
2023-08-29 16:35:29,111[INFO ]:>>>S6F11 W>>>  
<L [3] 
    <U4 [1] 0 >
    <U4 [1] `SubstrateLocationUnoccupied` 1202 >
    <L [1] 
        <L [2] 
            <U4 [1] 1202 >
            <L [2] 
                <A [4] `ModuleID` "BF01">
                <A [0] `GlassID` >
            >
        >
    >
>
2023-08-29 16:35:29,250[INFO ]:RECV SECS2 Message : SSID(0), B2(6), B3(12), P(0), S(0), SB(6), Length[3]
2023-08-29 16:35:29,250[DEBUG]:<<<S6F12<<<  
<B [1] 00 >
2023-08-29 16:35:30,791[INFO ]:Queued SECS2 Message : S6F11
2023-08-29 16:35:30,831[INFO ]:SENT SECS2 Message : SSID(0), B2(134), B3(11), P(0), S(0), SB(7)
2023-08-29 16:35:30,831[INFO ]:>>>S6F11 W>>>  
<L [3] 
    <U4 [1] 0 >
    <U4 [1] `ModuleEnd` 1102 >
    <L [1] 
        <L [2] 
            <U4 [1] 1102 >
            <L [5] 
                <A [4] `ModuleID` "BF01">
                <A [0] `LotID` >
                <U2 [1] `SlotNo` 0 >
                <A [0] `GlassID` >
                <A [6] `UserId` "TEST-1">
            >
        >
    >
>
2023-08-29 16:35:31,001[INFO ]:RECV SECS2 Message : SSID(0), B2(6), B3(12), P(0), S(0), SB(7), Length[3]
2023-08-29 16:35:31,001[DEBUG]:<<<S6F12<<<  
<B [1] 00 >
2023-08-29 16:35:32,485[INFO ]:Queued SECS2 Message : S6F11
2023-08-29 16:35:32,486[INFO ]:Queued SECS2 Message : S6F11
2023-08-29 16:35:32,488[INFO ]:SENT SECS2 Message : SSID(0), B2(134), B3(11), P(0), S(0), SB(8)
2023-08-29 16:35:32,488[INFO ]:>>>S6F11 W>>>  
<L [3] 
    <U4 [1] 0 >
    <U4 [1] `SubstrateLocationOccupied` 1201 >
    <L [1] 
        <L [2] 
            <U4 [1] 1201 >
            <L [2] 
                <A [5] `ModuleID` "USC01">
                <A [7] `GlassID` "GLASS03">
            >
        >
    >
>
2023-08-29 16:35:32,488[INFO ]:SENT SECS2 Message : SSID(0), B2(134), B3(11), P(0), S(0), SB(9)
2023-08-29 16:35:32,488[INFO ]:>>>S6F11 W>>>  
<L [3] 
    <U4 [1] 0 >
    <U4 [1] `GlassStart` 1611 >
    <L [1] 
        <L [2] 
            <U4 [1] 1611 >
            <L [6] 
                <A [5] `ModuleID` "USC01">
                <A [7] `GlassID` "GLASS03">
                <U2 [1] `PortID` 1 >
                <A [6] `TrayID` "TRAY-1">
                <U2 [1] `SlotNo` 3 >
                <A [7] `LotID` "LOT_001">
            >
        >
    >
>
2023-08-29 16:35:32,671[INFO ]:RECV SECS2 Message : SSID(0), B2(6), B3(12), P(0), S(0), SB(8), Length[3]
2023-08-29 16:35:32,671[DEBUG]:<<<S6F12<<<  
<B [1] 00 >
2023-08-29 16:35:32,734[INFO ]:RECV SECS2 Message : SSID(0), B2(6), B3(12), P(0), S(0), SB(9), Length[3]
2023-08-29 16:35:32,734[DEBUG]:<<<S6F12<<<  
<B [1] 00 >
2023-08-29 16:40:46,901[INFO ]:Queued SECS2 Message : S6F11
2023-08-29 16:40:46,913[INFO ]:SENT SECS2 Message : SSID(0), B2(134), B3(11), P(0), S(0), SB(12)
2023-08-29 16:40:46,913[INFO ]:>>>S6F11 W>>>  
<L [3] 
    <U4 [1] 0 >
    <U4 [1] `ModuleStart` 1101 >
    <L [1] 
        <L [2] 
            <U4 [1] 1101 >
            <L [7] 
                <A [5] `ModuleID` "USC01">
                <U2 [1] `PortID` 1 >
                <A [6] `TrayID` "TRAY-1">
                <A [7] `LotID` "LOT_001">
                <U2 [1] `SlotNo` 3 >
                <A [7] `GlassID` "GLASS03">
                <A [6] `UserId` "TEST-1">
            >
        >
    >
>
2023-08-29 16:40:47,066[INFO ]:RECV SECS2 Message : SSID(0), B2(6), B3(12), P(0), S(0), SB(12), Length[3]
2023-08-29 16:40:47,066[DEBUG]:<<<S6F12<<<  
<B [1] 00 >
2023-08-29 16:40:51,957[INFO ]:Queued SECS2 Message : S6F11
2023-08-29 16:40:51,958[INFO ]:Queued SECS2 Message : S6F11
2023-08-29 16:40:52,016[INFO ]:SENT SECS2 Message : SSID(0), B2(134), B3(11), P(0), S(0), SB(13)
2023-08-29 16:40:52,016[INFO ]:>>>S6F11 W>>>  
<L [3] 
    <U4 [1] 0 >
    <U4 [1] `SubstrateLocationOccupied` 1201 >
    <L [1] 
        <L [2] 
            <U4 [1] 1201 >
            <L [2] 
                <A [5] `ModuleID` "USC01">
                <A [7] `GlassID` "GLASS03">
            >
        >
    >
>
2023-08-29 16:40:52,016[INFO ]:SENT SECS2 Message : SSID(0), B2(134), B3(11), P(0), S(0), SB(14)
2023-08-29 16:40:52,016[INFO ]:>>>S6F11 W>>>  
<L [3] 
    <U4 [1] 0 >
    <U4 [1] `GlassStart` 1611 >
    <L [1] 
        <L [2] 
            <U4 [1] 1611 >
            <L [6] 
                <A [5] `ModuleID` "USC01">
                <A [7] `GlassID` "GLASS03">
                <U2 [1] `PortID` 1 >
                <A [6] `TrayID` "TRAY-1">
                <U2 [1] `SlotNo` 3 >
                <A [7] `LotID` "LOT_001">
            >
        >
    >
>
2023-08-29 16:40:52,184[INFO ]:RECV SECS2 Message : SSID(0), B2(6), B3(12), P(0), S(0), SB(13), Length[3]
2023-08-29 16:40:52,184[DEBUG]:<<<S6F12<<<  
<B [1] 00 >
2023-08-29 16:40:52,185[INFO ]:RECV SECS2 Message : SSID(0), B2(6), B3(12), P(0), S(0), SB(14), Length[3]
2023-08-29 16:40:52,186[DEBUG]:<<<S6F12<<<  
<B [1] 00 >
2023-08-29 16:45:06,991[INFO ]:Queued SECS2 Message : S1F13
2023-08-29 16:45:07,039[INFO ]:SENT SECS2 Message : SSID(0), B2(129), B3(13), P(0), S(0), SB(1)
2023-08-29 16:45:07,040[INFO ]:>>>S1F13 W>>>  
<L [2] 
    <A [3] "UPK">
    <A [14] "1.0.8641.30150">
>
2023-08-29 16:45:07,256[INFO ]:RECV SECS2 Message : SSID(0), B2(1), B3(14), P(0), S(0), SB(1), Length[11]
2023-08-29 16:45:07,256[DEBUG]:<<<S1F14<<<  
<L [2] 
    <B [1] 00 >
    <L [2] 
        <A [0] >
        <A [0] >
    >
>
2023-08-29 16:45:11,532[INFO ]:Queued SECS2 Message : S6F11
2023-08-29 16:45:11,533[INFO ]:Queued SECS2 Message : S6F11
2023-08-29 16:45:11,574[INFO ]:SENT SECS2 Message : SSID(0), B2(134), B3(11), P(0), S(0), SB(2)
2023-08-29 16:45:11,574[INFO ]:>>>S6F11 W>>>  
<L [3] 
    <U4 [1] 0 >
    <U4 [1] `SubstrateLocationOccupied` 1201 >
    <L [1] 
        <L [2] 
            <U4 [1] 1201 >
            <L [2] 
                <A [5] `ModuleID` "USC01">
                <A [7] `GlassID` "GLASS03">
            >
        >
    >
>
2023-08-29 16:45:11,574[INFO ]:SENT SECS2 Message : SSID(0), B2(134), B3(11), P(0), S(0), SB(3)
2023-08-29 16:45:11,574[INFO ]:>>>S6F11 W>>>  
<L [3] 
    <U4 [1] 0 >
    <U4 [1] `GlassStart` 1611 >
    <L [1] 
        <L [2] 
            <U4 [1] 1611 >
            <L [6] 
                <A [5] `ModuleID` "USC01">
                <A [7] `GlassID` "GLASS03">
                <U2 [1] `PortID` 1 >
                <A [6] `TrayID` "TRAY-1">
                <U2 [1] `SlotNo` 3 >
                <A [7] `LotID` "LOT_001">
            >
        >
    >
>
2023-08-29 16:45:11,758[INFO ]:RECV SECS2 Message : SSID(0), B2(6), B3(12), P(0), S(0), SB(2), Length[3]
2023-08-29 16:45:11,758[DEBUG]:<<<S6F12<<<  
<B [1] 00 >
2023-08-29 16:45:11,759[INFO ]:RECV SECS2 Message : SSID(0), B2(6), B3(12), P(0), S(0), SB(3), Length[3]
2023-08-29 16:45:11,759[DEBUG]:<<<S6F12<<<  
<B [1] 00 >
2023-08-29 16:45:26,619[INFO ]:Queued SECS2 Message : S6F11
2023-08-29 16:45:26,661[INFO ]:SENT SECS2 Message : SSID(0), B2(134), B3(11), P(0), S(0), SB(4)
2023-08-29 16:45:26,661[INFO ]:>>>S6F11 W>>>  
<L [3] 
    <U4 [1] 0 >
    <U4 [1] `ModuleStart` 1101 >
    <L [1] 
        <L [2] 
            <U4 [1] 1101 >
            <L [7] 
                <A [5] `ModuleID` "USC01">
                <U2 [1] `PortID` 1 >
                <A [6] `TrayID` "TRAY-1">
                <A [7] `LotID` "LOT_001">
                <U2 [1] `SlotNo` 3 >
                <A [7] `GlassID` "GLASS03">
                <A [6] `UserId` "TEST-1">
            >
        >
    >
>
2023-08-29 16:45:26,892[INFO ]:RECV SECS2 Message : SSID(0), B2(6), B3(12), P(0), S(0), SB(4), Length[3]
2023-08-29 16:45:26,892[DEBUG]:<<<S6F12<<<  
<B [1] 00 >
2023-08-29 16:45:31,685[INFO ]:Queued SECS2 Message : S6F11
2023-08-29 16:45:31,685[INFO ]:Queued SECS2 Message : S6F11
2023-08-29 16:45:31,690[INFO ]:SENT SECS2 Message : SSID(0), B2(134), B3(11), P(0), S(0), SB(5)
2023-08-29 16:45:31,690[INFO ]:>>>S6F11 W>>>  
<L [3] 
    <U4 [1] 0 >
    <U4 [1] `SubstrateLocationOccupied` 1201 >
    <L [1] 
        <L [2] 
            <U4 [1] 1201 >
            <L [2] 
                <A [5] `ModuleID` "USC01">
                <A [7] `GlassID` "GLASS03">
            >
        >
    >
>
2023-08-29 16:45:31,690[INFO ]:SENT SECS2 Message : SSID(0), B2(134), B3(11), P(0), S(0), SB(6)
2023-08-29 16:45:31,690[INFO ]:>>>S6F11 W>>>  
<L [3] 
    <U4 [1] 0 >
    <U4 [1] `GlassStart` 1611 >
    <L [1] 
        <L [2] 
            <U4 [1] 1611 >
            <L [6] 
                <A [5] `ModuleID` "USC01">
                <A [7] `GlassID` "GLASS03">
                <U2 [1] `PortID` 1 >
                <A [6] `TrayID` "TRAY-1">
                <U2 [1] `SlotNo` 3 >
                <A [7] `LotID` "LOT_001">
            >
        >
    >
>
2023-08-29 16:45:31,858[INFO ]:RECV SECS2 Message : SSID(0), B2(6), B3(12), P(0), S(0), SB(5), Length[3]
2023-08-29 16:45:31,858[DEBUG]:<<<S6F12<<<  
<B [1] 00 >
2023-08-29 16:45:31,858[INFO ]:RECV SECS2 Message : SSID(0), B2(6), B3(12), P(0), S(0), SB(6), Length[3]
2023-08-29 16:45:31,858[DEBUG]:<<<S6F12<<<  
<B [1] 00 >
2023-08-29 16:46:55,018[INFO ]:Queued SECS2 Message : S1F13
2023-08-29 16:46:55,065[INFO ]:SENT SECS2 Message : SSID(0), B2(129), B3(13), P(0), S(0), SB(1)
2023-08-29 16:46:55,067[INFO ]:>>>S1F13 W>>>  
<L [2] 
    <A [3] "UPK">
    <A [14] "1.0.8641.30203">
>
2023-08-29 16:46:55,237[INFO ]:RECV SECS2 Message : SSID(0), B2(1), B3(14), P(0), S(0), SB(1), Length[11]
2023-08-29 16:46:55,237[DEBUG]:<<<S1F14<<<  
<L [2] 
    <B [1] 00 >
    <L [2] 
        <A [0] >
        <A [0] >
    >
>
2023-08-29 16:46:59,426[INFO ]:Queued SECS2 Message : S6F11
2023-08-29 16:46:59,427[INFO ]:Queued SECS2 Message : S6F11
2023-08-29 16:46:59,484[INFO ]:SENT SECS2 Message : SSID(0), B2(134), B3(11), P(0), S(0), SB(2)
2023-08-29 16:46:59,484[INFO ]:>>>S6F11 W>>>  
<L [3] 
    <U4 [1] 0 >
    <U4 [1] `SubstrateLocationOccupied` 1201 >
    <L [1] 
        <L [2] 
            <U4 [1] 1201 >
            <L [2] 
                <A [5] `ModuleID` "USC01">
                <A [7] `GlassID` "GLASS03">
            >
        >
    >
>
2023-08-29 16:46:59,484[INFO ]:SENT SECS2 Message : SSID(0), B2(134), B3(11), P(0), S(0), SB(3)
2023-08-29 16:46:59,484[INFO ]:>>>S6F11 W>>>  
<L [3] 
    <U4 [1] 0 >
    <U4 [1] `GlassStart` 1611 >
    <L [1] 
        <L [2] 
            <U4 [1] 1611 >
            <L [6] 
                <A [5] `ModuleID` "USC01">
                <A [7] `GlassID` "GLASS03">
                <U2 [1] `PortID` 1 >
                <A [6] `TrayID` "TRAY-1">
                <U2 [1] `SlotNo` 3 >
                <A [7] `LotID` "LOT_001">
            >
        >
    >
>
2023-08-29 16:46:59,667[INFO ]:RECV SECS2 Message : SSID(0), B2(6), B3(12), P(0), S(0), SB(2), Length[3]
2023-08-29 16:46:59,667[DEBUG]:<<<S6F12<<<  
<B [1] 00 >
2023-08-29 16:46:59,667[INFO ]:RECV SECS2 Message : SSID(0), B2(6), B3(12), P(0), S(0), SB(3), Length[3]
2023-08-29 16:46:59,667[DEBUG]:<<<S6F12<<<  
<B [1] 00 >
2023-08-29 16:47:01,125[INFO ]:Queued SECS2 Message : S6F11
2023-08-29 16:47:01,126[INFO ]:Queued SECS2 Message : S6F11
2023-08-29 16:47:01,144[INFO ]:SENT SECS2 Message : SSID(0), B2(134), B3(11), P(0), S(0), SB(4)
2023-08-29 16:47:01,144[INFO ]:>>>S6F11 W>>>  
<L [3] 
    <U4 [1] 0 >
    <U4 [1] `GlassEnd` 1612 >
    <L [1] 
        <L [2] 
            <U4 [1] 1612 >
            <L [6] 
                <A [5] `ModuleID` "USC01">
                <A [7] `GlassID` "GLASS03">
                <U2 [1] `PortID` 1 >
                <A [6] `TrayID` "TRAY-1">
                <U2 [1] `SlotNo` 3 >
                <A [7] `LotID` "LOT_001">
            >
        >
    >
>
2023-08-29 16:47:01,144[INFO ]:SENT SECS2 Message : SSID(0), B2(134), B3(11), P(0), S(0), SB(5)
2023-08-29 16:47:01,144[INFO ]:>>>S6F11 W>>>  
<L [3] 
    <U4 [1] 0 >
    <U4 [1] `SubstrateLocationUnoccupied` 1202 >
    <L [1] 
        <L [2] 
            <U4 [1] 1202 >
            <L [2] 
                <A [5] `ModuleID` "USC01">
                <A [7] `GlassID` "GLASS03">
            >
        >
    >
>
2023-08-29 16:47:01,329[INFO ]:RECV SECS2 Message : SSID(0), B2(6), B3(12), P(0), S(0), SB(4), Length[3]
2023-08-29 16:47:01,329[DEBUG]:<<<S6F12<<<  
<B [1] 00 >
2023-08-29 16:47:01,329[INFO ]:RECV SECS2 Message : SSID(0), B2(6), B3(12), P(0), S(0), SB(5), Length[3]
2023-08-29 16:47:01,329[DEBUG]:<<<S6F12<<<  
<B [1] 00 >
2023-08-29 16:50:43,337[INFO ]:Queued SECS2 Message : S6F11
2023-08-29 16:50:43,392[INFO ]:SENT SECS2 Message : SSID(0), B2(134), B3(11), P(0), S(0), SB(7)
2023-08-29 16:50:43,392[INFO ]:>>>S6F11 W>>>  
<L [3] 
    <U4 [1] 0 >
    <U4 [1] `ModuleStart` 1101 >
    <L [1] 
        <L [2] 
            <U4 [1] 1101 >
            <L [7] 
                <A [5] `ModuleID` "USC01">
                <U2 [1] `PortID` 1 >
                <A [6] `TrayID` "TRAY-1">
                <A [7] `LotID` "LOT_001">
                <U2 [1] `SlotNo` 3 >
                <A [7] `GlassID` "GLASS03">
                <A [6] `UserId` "TEST-1">
            >
        >
    >
>
2023-08-29 16:50:43,545[INFO ]:RECV SECS2 Message : SSID(0), B2(6), B3(12), P(0), S(0), SB(7), Length[3]
2023-08-29 16:50:43,545[DEBUG]:<<<S6F12<<<  
<B [1] 00 >
2023-08-29 16:50:48,365[INFO ]:Queued SECS2 Message : S6F11
2023-08-29 16:50:48,366[INFO ]:Queued SECS2 Message : S6F11
2023-08-29 16:50:48,376[INFO ]:SENT SECS2 Message : SSID(0), B2(134), B3(11), P(0), S(0), SB(8)
2023-08-29 16:50:48,376[INFO ]:>>>S6F11 W>>>  
<L [3] 
    <U4 [1] 0 >
    <U4 [1] `SubstrateLocationOccupied` 1201 >
    <L [1] 
        <L [2] 
            <U4 [1] 1201 >
            <L [2] 
                <A [5] `ModuleID` "USC01">
                <A [7] `GlassID` "GLASS03">
            >
        >
    >
>
2023-08-29 16:50:48,376[INFO ]:SENT SECS2 Message : SSID(0), B2(134), B3(11), P(0), S(0), SB(9)
2023-08-29 16:50:48,376[INFO ]:>>>S6F11 W>>>  
<L [3] 
    <U4 [1] 0 >
    <U4 [1] `GlassStart` 1611 >
    <L [1] 
        <L [2] 
            <U4 [1] 1611 >
            <L [6] 
                <A [5] `ModuleID` "USC01">
                <A [7] `GlassID` "GLASS03">
                <U2 [1] `PortID` 1 >
                <A [6] `TrayID` "TRAY-1">
                <U2 [1] `SlotNo` 3 >
                <A [7] `LotID` "LOT_001">
            >
        >
    >
>
2023-08-29 16:50:48,542[INFO ]:RECV SECS2 Message : SSID(0), B2(6), B3(12), P(0), S(0), SB(8), Length[3]
2023-08-29 16:50:48,542[DEBUG]:<<<S6F12<<<  
<B [1] 00 >
2023-08-29 16:50:48,604[INFO ]:RECV SECS2 Message : SSID(0), B2(6), B3(12), P(0), S(0), SB(9), Length[3]
2023-08-29 16:50:48,604[DEBUG]:<<<S6F12<<<  
<B [1] 00 >
2023-08-29 16:51:32,414[INFO ]:Queued SECS2 Message : S1F13
2023-08-29 16:51:32,471[INFO ]:SENT SECS2 Message : SSID(0), B2(129), B3(13), P(0), S(0), SB(1)
2023-08-29 16:51:32,474[INFO ]:>>>S1F13 W>>>  
<L [2] 
    <A [3] "UPK">
    <A [14] "1.0.8641.30203">
>
2023-08-29 16:51:32,567[INFO ]:RECV SECS2 Message : SSID(0), B2(1), B3(14), P(0), S(0), SB(1), Length[11]
2023-08-29 16:51:32,567[DEBUG]:<<<S1F14<<<  
<L [2] 
    <B [1] 00 >
    <L [2] 
        <A [0] >
        <A [0] >
    >
>
2023-08-29 16:51:33,627[INFO ]:Queued SECS2 Message : S6F11
2023-08-29 16:51:33,631[INFO ]:Queued SECS2 Message : S6F11
2023-08-29 16:51:33,681[INFO ]:SENT SECS2 Message : SSID(0), B2(134), B3(11), P(0), S(0), SB(2)
2023-08-29 16:51:33,681[INFO ]:>>>S6F11 W>>>  
<L [3] 
    <U4 [1] 0 >
    <U4 [1] `SubstrateLocationOccupied` 1201 >
    <L [1] 
        <L [2] 
            <U4 [1] 1201 >
            <L [2] 
                <A [5] `ModuleID` "USC01">
                <A [7] `GlassID` "GLASS03">
            >
        >
    >
>
2023-08-29 16:51:33,681[INFO ]:SENT SECS2 Message : SSID(0), B2(134), B3(11), P(0), S(0), SB(3)
2023-08-29 16:51:33,683[INFO ]:>>>S6F11 W>>>  
<L [3] 
    <U4 [1] 0 >
    <U4 [1] `GlassStart` 1611 >
    <L [1] 
        <L [2] 
            <U4 [1] 1611 >
            <L [6] 
                <A [5] `ModuleID` "USC01">
                <A [7] `GlassID` "GLASS03">
                <U2 [1] `PortID` 1 >
                <A [6] `TrayID` "TRAY-1">
                <U2 [1] `SlotNo` 3 >
                <A [7] `LotID` "LOT_001">
            >
        >
    >
>
2023-08-29 16:51:33,849[INFO ]:RECV SECS2 Message : SSID(0), B2(6), B3(12), P(0), S(0), SB(2), Length[3]
2023-08-29 16:51:33,849[DEBUG]:<<<S6F12<<<  
<B [1] 00 >
2023-08-29 16:51:33,852[INFO ]:RECV SECS2 Message : SSID(0), B2(6), B3(12), P(0), S(0), SB(3), Length[3]
2023-08-29 16:51:33,852[DEBUG]:<<<S6F12<<<  
<B [1] 00 >
2023-08-29 16:51:35,326[INFO ]:Queued SECS2 Message : S6F11
2023-08-29 16:51:35,327[INFO ]:Queued SECS2 Message : S6F11
2023-08-29 16:51:35,373[INFO ]:SENT SECS2 Message : SSID(0), B2(134), B3(11), P(0), S(0), SB(4)
2023-08-29 16:51:35,373[INFO ]:>>>S6F11 W>>>  
<L [3] 
    <U4 [1] 0 >
    <U4 [1] `GlassEnd` 1612 >
    <L [1] 
        <L [2] 
            <U4 [1] 1612 >
            <L [6] 
                <A [5] `ModuleID` "USC01">
                <A [7] `GlassID` "GLASS03">
                <U2 [1] `PortID` 1 >
                <A [6] `TrayID` "TRAY-1">
                <U2 [1] `SlotNo` 3 >
                <A [7] `LotID` "LOT_001">
            >
        >
    >
>
2023-08-29 16:51:35,373[INFO ]:SENT SECS2 Message : SSID(0), B2(134), B3(11), P(0), S(0), SB(5)
2023-08-29 16:51:35,373[INFO ]:>>>S6F11 W>>>  
<L [3] 
    <U4 [1] 0 >
    <U4 [1] `SubstrateLocationUnoccupied` 1202 >
    <L [1] 
        <L [2] 
            <U4 [1] 1202 >
            <L [2] 
                <A [5] `ModuleID` "USC01">
                <A [7] `GlassID` "GLASS03">
            >
        >
    >
>
2023-08-29 16:51:35,554[INFO ]:RECV SECS2 Message : SSID(0), B2(6), B3(12), P(0), S(0), SB(4), Length[3]
2023-08-29 16:51:35,554[DEBUG]:<<<S6F12<<<  
<B [1] 00 >
2023-08-29 16:51:35,556[INFO ]:RECV SECS2 Message : SSID(0), B2(6), B3(12), P(0), S(0), SB(5), Length[3]
2023-08-29 16:51:35,556[DEBUG]:<<<S6F12<<<  
<B [1] 00 >
2023-08-29 16:57:41,793[INFO ]:HSMS Timeout Occured : Type[6], TimeSec[5.0267327], Header[SSID(65535), B2(0), B3(0), P(0), S(5), SB(8)]
2023-08-29 16:57:41,793[INFO ]:Queued SECS2 Message : S9F9
2023-08-29 16:57:41,808[INFO ]:SENT SECS2 Message : SSID(0), B2(9), B3(9), P(0), S(0), SB(9)
2023-08-29 16:57:41,808[INFO ]:>>>S9F9>>>  
<B [10] FF FF 00 00 00 05 00 00 00 08 >
