2023-08-23 19:07:12,029[INFO ]:Before Clear Queue.
2023-08-23 19:07:12,036[INFO ]:Clear Queue.
2023-08-23 19:07:12,036[INFO ]:Reset System Bytes to Zero(0).
2023-08-23 19:07:12,036[INFO ]:Connection Mode : Passive
2023-08-23 19:07:12,041[INFO ]:Thread State Changed : Working
2023-08-23 19:07:12,042[INFO ]:Start RunThreadPassive()
2023-08-23 19:07:12,042[INFO ]:Listening State Changed : Open
2023-08-23 19:07:12,042[INFO ]:Socket Listener was Started.
2023-08-23 19:07:12,042[INFO ]:Before Clear Queue.
2023-08-23 19:07:12,042[INFO ]:Clear Queue.
2023-08-23 19:07:12,042[INFO ]:Waiting New Connection...
2023-08-23 19:07:12,338[INFO ]:Accept New Connection.
2023-08-23 19:07:12,338[INFO ]:Listening State Changed : Close
2023-08-23 19:07:12,385[INFO ]:Start New Connection.
2023-08-23 19:07:12,386[INFO ]:HSMS Connection State Is Changed : 0 -> 1
2023-08-23 19:07:12,388[INFO ]:Start Basic Timer Due(1000), Period(1000)
2023-08-23 19:07:12,389[INFO ]:Started Basic Timer.
2023-08-23 19:07:12,392[INFO ]:Start Recv Thread.
2023-08-23 19:07:12,392[INFO ]:Start RunThreadRecv()
2023-08-23 19:07:12,396[INFO ]:Queued HSMS Message : SSID(65535), B2(0), B3(0), P(0), S(2), SB(21,888), Length[0]
2023-08-23 19:07:12,396[INFO ]:Message Stat : Queue[1], Sent[0], Recv[1]
2023-08-23 19:07:12,397[INFO ]:HSMS Connection State Is Changed : 1 -> 3
2023-08-23 19:07:12,398[INFO ]:Received Select Request.
2023-08-23 19:07:12,398[INFO ]:<<< Received HSMS Message <<< : SSID(65535), B2(0), B3(0), P(0), S(1), SB(21,888), Length[0]
2023-08-23 19:07:12,399[INFO ]:Send LinkTest Request.
2023-08-23 19:07:12,399[INFO ]:Queued HSMS Message : SSID(65535), B2(0), B3(0), P(0), S(5), SB(0), Length[0]
2023-08-23 19:07:12,399[INFO ]:Message Stat : Queue[2], Sent[0], Recv[1]
2023-08-23 19:07:12,445[INFO ]:Sent Select Response.
2023-08-23 19:07:12,445[INFO ]:>>> Sent HSMS Message >>> : SSID(65535), B2(0), B3(0), P(0), S(2), SB(21,888), Length[0]
2023-08-23 19:07:12,445[INFO ]:>>> Sent HSMS Message >>> : SSID(65535), B2(0), B3(0), P(0), S(5), SB(0), Length[0]
2023-08-23 19:07:12,475[INFO ]:Received LinkTest Response.
2023-08-23 19:07:12,475[INFO ]:<<< Received HSMS Message <<< : SSID(65535), B2(0), B3(0), P(0), S(6), SB(0), Length[0]
2023-08-23 19:07:12,527[INFO ]:Queued HSMS Message : SSID(0), B2(129), B3(13), P(0), S(0), SB(1), Length[23]
2023-08-23 19:07:12,527[INFO ]:Message Stat : Queue[1], Sent[0], Recv[1]
2023-08-23 19:07:12,567[INFO ]:>>> Sent HSMS Message >>> : SSID(0), B2(129), B3(13), P(0), S(0), SB(1), Length[23]
2023-08-23 19:07:12,570[DEBUG]:>>>> HSMS Data [23] >>>>
    01-02-41-03  55-50-4B-41  0E-31-2E-30  2E-38-36-33
    35-2E-33-34  31-32-30
2023-08-23 19:07:12,629[INFO ]:<<< Received HSMS Message <<< : SSID(0), B2(1), B3(14), P(0), S(0), SB(1), Length[7]
2023-08-23 19:07:12,629[DEBUG]:<<<< HSMS Data [7] <<<<
    01-02-21-01  00-01-00
2023-08-23 19:08:47,917[INFO ]:Before Clear Queue.
2023-08-23 19:08:47,923[INFO ]:Clear Queue.
2023-08-23 19:08:47,923[INFO ]:Reset System Bytes to Zero(0).
2023-08-23 19:08:47,923[INFO ]:Connection Mode : Passive
2023-08-23 19:08:47,927[INFO ]:Thread State Changed : Working
2023-08-23 19:08:47,928[INFO ]:Start RunThreadPassive()
2023-08-23 19:08:47,928[INFO ]:Listening State Changed : Open
2023-08-23 19:08:47,928[INFO ]:Socket Listener was Started.
2023-08-23 19:08:47,928[INFO ]:Before Clear Queue.
2023-08-23 19:08:47,928[INFO ]:Clear Queue.
2023-08-23 19:08:47,928[INFO ]:Waiting New Connection...
2023-08-23 19:08:49,756[INFO ]:Accept New Connection.
2023-08-23 19:08:49,756[INFO ]:Listening State Changed : Close
2023-08-23 19:08:49,757[INFO ]:Start New Connection.
2023-08-23 19:08:49,758[INFO ]:HSMS Connection State Is Changed : 0 -> 1
2023-08-23 19:08:49,764[INFO ]:Start Basic Timer Due(1000), Period(1000)
2023-08-23 19:08:49,766[INFO ]:Started Basic Timer.
2023-08-23 19:08:49,771[INFO ]:Start Recv Thread.
2023-08-23 19:08:49,771[INFO ]:Start RunThreadRecv()
2023-08-23 19:08:49,778[INFO ]:Queued HSMS Message : SSID(65535), B2(0), B3(0), P(0), S(2), SB(21,896), Length[0]
2023-08-23 19:08:49,779[INFO ]:Message Stat : Queue[1], Sent[0], Recv[1]
2023-08-23 19:08:49,779[INFO ]:HSMS Connection State Is Changed : 1 -> 3
2023-08-23 19:08:49,780[INFO ]:Received Select Request.
2023-08-23 19:08:49,781[INFO ]:<<< Received HSMS Message <<< : SSID(65535), B2(0), B3(0), P(0), S(1), SB(21,896), Length[0]
2023-08-23 19:08:49,781[INFO ]:Send LinkTest Request.
2023-08-23 19:08:49,782[INFO ]:Queued HSMS Message : SSID(65535), B2(0), B3(0), P(0), S(5), SB(0), Length[0]
2023-08-23 19:08:49,782[INFO ]:Message Stat : Queue[2], Sent[0], Recv[1]
2023-08-23 19:08:49,836[INFO ]:Sent Select Response.
2023-08-23 19:08:49,836[INFO ]:>>> Sent HSMS Message >>> : SSID(65535), B2(0), B3(0), P(0), S(2), SB(21,896), Length[0]
2023-08-23 19:08:49,836[INFO ]:>>> Sent HSMS Message >>> : SSID(65535), B2(0), B3(0), P(0), S(5), SB(0), Length[0]
2023-08-23 19:08:49,849[INFO ]:Received LinkTest Response.
2023-08-23 19:08:49,849[INFO ]:<<< Received HSMS Message <<< : SSID(65535), B2(0), B3(0), P(0), S(6), SB(0), Length[0]
2023-08-23 19:08:49,930[INFO ]:Queued HSMS Message : SSID(0), B2(129), B3(13), P(0), S(0), SB(1), Length[23]
2023-08-23 19:08:49,931[INFO ]:Message Stat : Queue[1], Sent[0], Recv[1]
2023-08-23 19:08:49,955[INFO ]:>>> Sent HSMS Message >>> : SSID(0), B2(129), B3(13), P(0), S(0), SB(1), Length[23]
2023-08-23 19:08:49,956[DEBUG]:>>>> HSMS Data [23] >>>>
    01-02-41-03  55-50-4B-41  0E-31-2E-30  2E-38-36-33
    35-2E-33-34  34-36-32
2023-08-23 19:08:50,078[INFO ]:<<< Received HSMS Message <<< : SSID(0), B2(1), B3(14), P(0), S(0), SB(1), Length[7]
2023-08-23 19:08:50,078[DEBUG]:<<<< HSMS Data [7] <<<<
    01-02-21-01  00-01-00
2023-08-23 19:08:59,407[INFO ]:Queued HSMS Message : SSID(0), B2(134), B3(11), P(0), S(0), SB(2), Length[34]
2023-08-23 19:08:59,407[INFO ]:Message Stat : Queue[1], Sent[0], Recv[2]
2023-08-23 19:08:59,420[INFO ]:>>> Sent HSMS Message >>> : SSID(0), B2(134), B3(11), P(0), S(0), SB(2), Length[34]
2023-08-23 19:08:59,420[DEBUG]:>>>> HSMS Data [34] >>>>
    01-03-B1-04  00-00-00-00  B1-04-00-00  04-B2-01-01
    01-02-B1-04  00-00-00-6B  01-02-41-04  42-46-30-31
    41-00
2023-08-23 19:08:59,513[INFO ]:<<< Received HSMS Message <<< : SSID(0), B2(6), B3(12), P(0), S(0), SB(2), Length[3]
2023-08-23 19:08:59,513[DEBUG]:<<<< HSMS Data [3] <<<<
    21-01-00
2023-08-23 19:09:18,991[INFO ]:Queued HSMS Message : SSID(0), B2(134), B3(11), P(0), S(0), SB(3), Length[34]
2023-08-23 19:09:18,991[INFO ]:Message Stat : Queue[1], Sent[0], Recv[3]
2023-08-23 19:09:19,005[INFO ]:>>> Sent HSMS Message >>> : SSID(0), B2(134), B3(11), P(0), S(0), SB(3), Length[34]
2023-08-23 19:09:19,005[DEBUG]:>>>> HSMS Data [34] >>>>
    01-03-B1-04  00-00-00-00  B1-04-00-00  04-B2-01-01
    01-02-B1-04  00-00-00-6B  01-02-41-04  42-46-30-31
    41-00
2023-08-23 19:09:19,096[INFO ]:<<< Received HSMS Message <<< : SSID(0), B2(6), B3(12), P(0), S(0), SB(3), Length[3]
2023-08-23 19:09:19,096[DEBUG]:<<<< HSMS Data [3] <<<<
    21-01-00
2023-08-23 19:09:20,501[INFO ]:Queued HSMS Message : SSID(0), B2(134), B3(11), P(0), S(0), SB(4), Length[34]
2023-08-23 19:09:20,501[INFO ]:Message Stat : Queue[1], Sent[0], Recv[4]
2023-08-23 19:09:20,531[INFO ]:>>> Sent HSMS Message >>> : SSID(0), B2(134), B3(11), P(0), S(0), SB(4), Length[34]
2023-08-23 19:09:20,531[DEBUG]:>>>> HSMS Data [34] >>>>
    01-03-B1-04  00-00-00-00  B1-04-00-00  04-B2-01-01
    01-02-B1-04  00-00-00-6B  01-02-41-04  42-46-30-31
    41-00
2023-08-23 19:09:20,622[INFO ]:<<< Received HSMS Message <<< : SSID(0), B2(6), B3(12), P(0), S(0), SB(4), Length[3]
2023-08-23 19:09:20,622[DEBUG]:<<<< HSMS Data [3] <<<<
    21-01-00
2023-08-23 19:09:21,823[INFO ]:Queued HSMS Message : SSID(0), B2(134), B3(11), P(0), S(0), SB(5), Length[34]
2023-08-23 19:09:21,823[INFO ]:Message Stat : Queue[1], Sent[0], Recv[5]
2023-08-23 19:09:21,868[INFO ]:>>> Sent HSMS Message >>> : SSID(0), B2(134), B3(11), P(0), S(0), SB(5), Length[34]
2023-08-23 19:09:21,868[DEBUG]:>>>> HSMS Data [34] >>>>
    01-03-B1-04  00-00-00-00  B1-04-00-00  04-B2-01-01
    01-02-B1-04  00-00-00-6B  01-02-41-04  42-46-30-31
    41-00
2023-08-23 19:09:21,991[INFO ]:<<< Received HSMS Message <<< : SSID(0), B2(6), B3(12), P(0), S(0), SB(5), Length[3]
2023-08-23 19:09:21,991[DEBUG]:<<<< HSMS Data [3] <<<<
    21-01-00
2023-08-23 19:09:23,340[INFO ]:Queued HSMS Message : SSID(0), B2(134), B3(11), P(0), S(0), SB(6), Length[34]
2023-08-23 19:09:23,340[INFO ]:Message Stat : Queue[1], Sent[0], Recv[6]
2023-08-23 19:09:23,402[INFO ]:>>> Sent HSMS Message >>> : SSID(0), B2(134), B3(11), P(0), S(0), SB(6), Length[34]
2023-08-23 19:09:23,402[DEBUG]:>>>> HSMS Data [34] >>>>
    01-03-B1-04  00-00-00-00  B1-04-00-00  04-B2-01-01
    01-02-B1-04  00-00-00-6B  01-02-41-04  42-46-30-31
    41-00
2023-08-23 19:09:23,523[INFO ]:<<< Received HSMS Message <<< : SSID(0), B2(6), B3(12), P(0), S(0), SB(6), Length[3]
2023-08-23 19:09:23,523[DEBUG]:<<<< HSMS Data [3] <<<<
    21-01-00
2023-08-23 19:09:24,485[INFO ]:Queued HSMS Message : SSID(0), B2(134), B3(11), P(0), S(0), SB(7), Length[34]
2023-08-23 19:09:24,485[INFO ]:Message Stat : Queue[1], Sent[0], Recv[7]
2023-08-23 19:09:24,500[INFO ]:>>> Sent HSMS Message >>> : SSID(0), B2(134), B3(11), P(0), S(0), SB(7), Length[34]
2023-08-23 19:09:24,500[DEBUG]:>>>> HSMS Data [34] >>>>
    01-03-B1-04  00-00-00-00  B1-04-00-00  04-B2-01-01
    01-02-B1-04  00-00-00-6B  01-02-41-04  42-46-30-31
    41-00
2023-08-23 19:09:24,592[INFO ]:<<< Received HSMS Message <<< : SSID(0), B2(6), B3(12), P(0), S(0), SB(7), Length[3]
2023-08-23 19:09:24,592[DEBUG]:<<<< HSMS Data [3] <<<<
    21-01-00
2023-08-23 19:09:55,608[INFO ]:Received LinkTest Request.
2023-08-23 19:09:55,608[INFO ]:<<< Received HSMS Message <<< : SSID(65535), B2(0), B3(0), P(0), S(5), SB(21,916), Length[0]
2023-08-23 19:09:55,608[INFO ]:Queued HSMS Message : SSID(65535), B2(0), B3(0), P(0), S(6), SB(21,916), Length[0]
2023-08-23 19:09:55,608[INFO ]:Message Stat : Queue[1], Sent[0], Recv[9]
2023-08-23 19:09:55,654[INFO ]:Sent LinkTest Response.
2023-08-23 19:09:55,654[INFO ]:>>> Sent HSMS Message >>> : SSID(65535), B2(0), B3(0), P(0), S(6), SB(21,916), Length[0]
