2023-07-07 10:07:46,440[INFO ]:Before Clear Queue.
2023-07-07 10:07:46,446[INFO ]:Clear Queue.
2023-07-07 10:07:46,446[INFO ]:Reset System Bytes to Zero(0).
2023-07-07 10:07:46,446[INFO ]:Connection Mode : Passive
2023-07-07 10:07:46,452[INFO ]:Thread State Changed : Working
2023-07-07 10:07:46,453[INFO ]:Start RunThreadPassive()
2023-07-07 10:07:46,453[INFO ]:Listening State Changed : Open
2023-07-07 10:07:46,453[INFO ]:Socket Listener was Started.
2023-07-07 10:07:46,453[INFO ]:Before Clear Queue.
2023-07-07 10:07:46,453[INFO ]:Clear Queue.
2023-07-07 10:07:46,453[INFO ]:Waiting New Connection...
2023-07-07 10:07:52,109[INFO ]:Accept New Connection.
2023-07-07 10:07:52,110[INFO ]:Listening State Changed : Close
2023-07-07 10:07:52,111[INFO ]:Start New Connection.
2023-07-07 10:07:52,112[INFO ]:HSMS Connection State Is Changed : 0 -> 1
2023-07-07 10:07:52,114[INFO ]:Start Basic Timer Due(1000), Period(1000)
2023-07-07 10:07:52,115[INFO ]:Started Basic Timer.
2023-07-07 10:07:52,118[INFO ]:Start Recv Thread.
2023-07-07 10:07:52,118[INFO ]:Start RunThreadRecv()
2023-07-07 10:07:52,123[INFO ]:Queued HSMS Message : SSID(65535), B2(0), B3(0), P(0), S(2), SB(24,184), Length[0]
2023-07-07 10:07:52,123[INFO ]:Message Stat : Queue[1], Sent[0], Recv[1]
2023-07-07 10:07:52,123[INFO ]:HSMS Connection State Is Changed : 1 -> 3
2023-07-07 10:07:52,125[INFO ]:Received Select Request.
2023-07-07 10:07:52,125[INFO ]:<<< Received HSMS Message <<< : SSID(65535), B2(0), B3(0), P(0), S(1), SB(24,184), Length[0]
2023-07-07 10:07:52,125[INFO ]:Send LinkTest Request.
2023-07-07 10:07:52,125[INFO ]:Queued HSMS Message : SSID(65535), B2(0), B3(0), P(0), S(5), SB(0), Length[0]
2023-07-07 10:07:52,125[INFO ]:Message Stat : Queue[2], Sent[0], Recv[1]
2023-07-07 10:07:52,141[INFO ]:Queued HSMS Message : SSID(0), B2(129), B3(13), P(0), S(0), SB(1), Length[23]
2023-07-07 10:07:52,141[INFO ]:Message Stat : Queue[3], Sent[0], Recv[1]
2023-07-07 10:07:52,171[INFO ]:Sent Select Response.
2023-07-07 10:07:52,171[INFO ]:>>> Sent HSMS Message >>> : SSID(65535), B2(0), B3(0), P(0), S(2), SB(24,184), Length[0]
2023-07-07 10:07:52,171[INFO ]:>>> Sent HSMS Message >>> : SSID(65535), B2(0), B3(0), P(0), S(5), SB(0), Length[0]
2023-07-07 10:07:52,172[INFO ]:>>> Sent HSMS Message >>> : SSID(0), B2(129), B3(13), P(0), S(0), SB(1), Length[23]
2023-07-07 10:07:52,172[DEBUG]:>>>> HSMS Data [23] >>>>
    01-02-41-03  55-50-4B-41  0E-31-2E-30  2E-38-35-38
    38-2E-31-36  32-31-31
2023-07-07 10:07:53,265[INFO ]:Received LinkTest Response.
2023-07-07 10:07:53,265[INFO ]:<<< Received HSMS Message <<< : SSID(65535), B2(0), B3(0), P(0), S(6), SB(0), Length[0]
2023-07-07 10:07:53,341[INFO ]:<<< Received HSMS Message <<< : SSID(0), B2(1), B3(14), P(0), S(0), SB(1), Length[7]
2023-07-07 10:07:53,341[DEBUG]:<<<< HSMS Data [7] <<<<
    01-02-21-01  00-01-00
2023-07-07 10:07:59,627[INFO ]:<<< Received HSMS Message <<< : SSID(0), B2(131), B3(41), P(0), S(0), SB(24,192), Length[434]
2023-07-07 10:07:59,627[DEBUG]:<<<< HSMS Data [434] <<<<
    01-03-41-09  57-6F-72-6B  4F-72-64-65  72-41-08-41
    50-2D-4D-52  2D-30-31-01  01-01-02-41  01-30-01-01
    01-06-01-02  41-0A-73-6F  72-74-65-72  54-79-70-65
    41-00-01-02  41-08-69-6E  50-6F-72-74  49-64-41-01
    31-01-02-41  08-69-6E-43  61-72-72-49  64-41-06-54
    52-41-59-2D  31-01-02-41  09-6F-75-74  50-6F-72-74
    49-64-41-01  32-01-02-41  09-6F-75-74  43-61-72-72
    49-64-41-01  30-01-01-01  02-01-02-41  04-50-50-49
    44-41-06-52  43-50-30-30  31-01-02-41  09-53-4C-4F
    54-5F-44-41  54-41-01-02  01-07-01-02  41-0C-69-6E
    43-61-72-72  53-6C-6F-74  4E-6F-41-01  36-01-02-41
    0A-6D-61-6E  75-61-6C-49  6E-73-70-41  01-4E-01-02
    41-0A-70-72  6F-64-4D-74  72-6C-49-64  41-0A-47-6C
    61-73-73-49  44-2D-30-31  01-02-41-09  73-6C-6F-74
    53-74-61-74  65-41-01-31  01-02-41-0D  6F-75-74-43
    61-72-72-53  6C-6F-74-4E  6F-41-01-36  01-02-41-05
    6C-6F-74-49  64-41-0D-4C  4F-54-5F-32  33-30-32-31
    37-30-30-35  01-02-41-08  6D-74-72-6C  46-61-63-65
    41-03-54-42  54-01-07-01  02-41-0C-69  6E-43-61-72
    72-53-6C-6F  74-4E-6F-41  01-37-01-02  41-0A-6D-61
    6E-75-61-6C  49-6E-73-70  41-01-4E-01  02-41-0A-70
    72-6F-64-4D  74-72-6C-49  64-41-0A-47  6C-61-73-73
    49-44-2D-30  32-01-02-41  09-73-6C-6F  74-53-74-61
    74-65-41-01  31-01-02-41  0D-6F-75-74  43-61-72-72
    53-6C-6F-74  4E-6F-41-01  37-01-02-41  05-6C-6F-74
    49-64-41-0D  4C-4F-54-5F  32-33-30-32  31-37-30-30
    35-01-02-41  08-6D-74-72  6C-46-61-63  65-41-03-54
    42-54
2023-07-07 10:07:59,666[INFO ]:Queued HSMS Message : SSID(0), B2(3), B3(42), P(0), S(0), SB(24,192), Length[3]
2023-07-07 10:07:59,666[INFO ]:Message Stat : Queue[1], Sent[0], Recv[3]
2023-07-07 10:07:59,688[INFO ]:>>> Sent HSMS Message >>> : SSID(0), B2(3), B3(42), P(0), S(0), SB(24,192), Length[3]
2023-07-07 10:07:59,688[DEBUG]:>>>> HSMS Data [3] >>>>
    21-01-02
2023-07-07 10:08:02,695[INFO ]:HSMS Connection State Is Changed : 3 -> 1
2023-07-07 10:08:02,696[INFO ]:Received Separate Request.
2023-07-07 10:08:02,696[INFO ]:<<< Received HSMS Message <<< : SSID(65535), B2(0), B3(0), P(0), S(9), SB(24,194), Length[0]
2023-07-07 10:08:02,696[ERROR]:Found disconnection on the reading the receive message.
2023-07-07 10:08:02,696[INFO ]:Finish RunThreadRecv()
2023-07-07 10:08:02,696[INFO ]:Stop Recv Thread.
2023-07-07 10:08:02,696[INFO ]:HSMS Connection State Is Changed : 1 -> 0
2023-07-07 10:08:02,725[INFO ]:Finish Current Connection...
2023-07-07 10:08:02,726[INFO ]:HSMS Close Current Session : Passive Mode
2023-07-07 10:08:02,726[INFO ]:Killing Basic Timer
2023-07-07 10:08:02,726[INFO ]:Killed Basic Timer
2023-07-07 10:08:02,726[INFO ]:HSMS Close Socket : Wait to get sync key.
2023-07-07 10:08:02,726[INFO ]:HSMS Close Socket : success to get sync key.
2023-07-07 10:08:02,726[INFO ]:HSMS Shutdown Socket.
2023-07-07 10:08:02,726[INFO ]:HSMS Close Socket Object.
2023-07-07 10:08:02,727[INFO ]:Complete HSMS CloseSocket
2023-07-07 10:08:02,727[INFO ]:Wait T5 (Connect Separation Timeout) Start.
2023-07-07 10:08:13,365[INFO ]:Wait T5 (Connect Separation Timeout) End.
2023-07-07 10:08:13,365[INFO ]:Listening State Changed : Open
2023-07-07 10:08:13,365[INFO ]:Socket Listener was Started.
2023-07-07 10:08:13,365[INFO ]:Before Clear Queue.
2023-07-07 10:08:13,365[INFO ]:Clear Queue.
2023-07-07 10:08:13,365[INFO ]:Waiting New Connection...
2023-07-07 10:10:26,999[INFO ]:Before Clear Queue.
2023-07-07 10:10:27,008[INFO ]:Clear Queue.
2023-07-07 10:10:27,008[INFO ]:Reset System Bytes to Zero(0).
2023-07-07 10:10:27,008[INFO ]:Connection Mode : Passive
2023-07-07 10:10:27,014[INFO ]:Thread State Changed : Working
2023-07-07 10:10:27,015[INFO ]:Start RunThreadPassive()
2023-07-07 10:10:27,015[INFO ]:Listening State Changed : Open
2023-07-07 10:10:27,015[INFO ]:Socket Listener was Started.
2023-07-07 10:10:27,015[INFO ]:Before Clear Queue.
2023-07-07 10:10:27,015[INFO ]:Clear Queue.
2023-07-07 10:10:27,015[INFO ]:Waiting New Connection...
2023-07-07 10:25:50,283[INFO ]:Before Clear Queue.
2023-07-07 10:25:50,289[INFO ]:Clear Queue.
2023-07-07 10:25:50,289[INFO ]:Reset System Bytes to Zero(0).
2023-07-07 10:25:50,290[INFO ]:Connection Mode : Passive
2023-07-07 10:25:50,294[INFO ]:Thread State Changed : Working
2023-07-07 10:25:50,295[INFO ]:Start RunThreadPassive()
2023-07-07 10:25:50,295[INFO ]:Listening State Changed : Open
2023-07-07 10:25:50,295[INFO ]:Socket Listener was Started.
2023-07-07 10:25:50,295[INFO ]:Before Clear Queue.
2023-07-07 10:25:50,295[INFO ]:Clear Queue.
2023-07-07 10:25:50,295[INFO ]:Waiting New Connection...
2023-07-07 10:27:17,891[INFO ]:Before Clear Queue.
2023-07-07 10:27:17,897[INFO ]:Clear Queue.
2023-07-07 10:27:17,898[INFO ]:Reset System Bytes to Zero(0).
2023-07-07 10:27:17,898[INFO ]:Connection Mode : Passive
2023-07-07 10:27:17,902[INFO ]:Thread State Changed : Working
2023-07-07 10:27:17,903[INFO ]:Start RunThreadPassive()
2023-07-07 10:27:17,903[INFO ]:Listening State Changed : Open
2023-07-07 10:27:17,903[INFO ]:Socket Listener was Started.
2023-07-07 10:27:17,904[INFO ]:Before Clear Queue.
2023-07-07 10:27:17,904[INFO ]:Clear Queue.
2023-07-07 10:27:17,904[INFO ]:Waiting New Connection...
2023-07-07 10:27:18,367[INFO ]:Accept New Connection.
2023-07-07 10:27:18,367[INFO ]:Listening State Changed : Close
2023-07-07 10:27:18,367[INFO ]:Start New Connection.
2023-07-07 10:27:18,368[INFO ]:HSMS Connection State Is Changed : 0 -> 1
2023-07-07 10:27:18,370[INFO ]:Start Basic Timer Due(1000), Period(1000)
2023-07-07 10:27:18,379[INFO ]:Started Basic Timer.
2023-07-07 10:27:18,386[INFO ]:Start Recv Thread.
2023-07-07 10:27:18,386[INFO ]:Start RunThreadRecv()
2023-07-07 10:27:18,390[INFO ]:Queued HSMS Message : SSID(65535), B2(0), B3(0), P(0), S(2), SB(5,357), Length[0]
2023-07-07 10:27:18,391[INFO ]:Message Stat : Queue[1], Sent[0], Recv[1]
2023-07-07 10:27:18,391[INFO ]:HSMS Connection State Is Changed : 1 -> 3
2023-07-07 10:27:18,395[INFO ]:Received Select Request.
2023-07-07 10:27:18,395[INFO ]:<<< Received HSMS Message <<< : SSID(65535), B2(0), B3(0), P(0), S(1), SB(5,357), Length[0]
2023-07-07 10:27:18,396[INFO ]:Send LinkTest Request.
2023-07-07 10:27:18,396[INFO ]:Queued HSMS Message : SSID(65535), B2(0), B3(0), P(0), S(5), SB(0), Length[0]
2023-07-07 10:27:18,396[INFO ]:Message Stat : Queue[2], Sent[0], Recv[1]
2023-07-07 10:27:18,444[INFO ]:Sent Select Response.
2023-07-07 10:27:18,444[INFO ]:>>> Sent HSMS Message >>> : SSID(65535), B2(0), B3(0), P(0), S(2), SB(5,357), Length[0]
2023-07-07 10:27:18,445[INFO ]:>>> Sent HSMS Message >>> : SSID(65535), B2(0), B3(0), P(0), S(5), SB(0), Length[0]
2023-07-07 10:27:18,458[INFO ]:Received LinkTest Response.
2023-07-07 10:27:18,458[INFO ]:<<< Received HSMS Message <<< : SSID(65535), B2(0), B3(0), P(0), S(6), SB(0), Length[0]
2023-07-07 10:27:18,538[INFO ]:Queued HSMS Message : SSID(0), B2(129), B3(13), P(0), S(0), SB(1), Length[23]
2023-07-07 10:27:18,538[INFO ]:Message Stat : Queue[1], Sent[0], Recv[1]
2023-07-07 10:27:18,567[INFO ]:>>> Sent HSMS Message >>> : SSID(0), B2(129), B3(13), P(0), S(0), SB(1), Length[23]
2023-07-07 10:27:18,567[DEBUG]:>>>> HSMS Data [23] >>>>
    01-02-41-03  55-50-4B-41  0E-31-2E-30  2E-38-35-38
    38-2E-31-38  38-31-37
2023-07-07 10:27:18,613[INFO ]:<<< Received HSMS Message <<< : SSID(0), B2(1), B3(14), P(0), S(0), SB(1), Length[7]
2023-07-07 10:27:18,613[DEBUG]:<<<< HSMS Data [7] <<<<
    01-02-21-01  00-01-00
2023-07-07 10:27:49,740[INFO ]:Received LinkTest Request.
2023-07-07 10:27:49,740[INFO ]:<<< Received HSMS Message <<< : SSID(65535), B2(0), B3(0), P(0), S(5), SB(5,365), Length[0]
2023-07-07 10:27:49,740[INFO ]:Queued HSMS Message : SSID(65535), B2(0), B3(0), P(0), S(6), SB(5,365), Length[0]
2023-07-07 10:27:49,740[INFO ]:Message Stat : Queue[1], Sent[0], Recv[3]
2023-07-07 10:27:49,768[INFO ]:Sent LinkTest Response.
2023-07-07 10:27:49,768[INFO ]:>>> Sent HSMS Message >>> : SSID(65535), B2(0), B3(0), P(0), S(6), SB(5,365), Length[0]
2023-07-07 10:27:59,907[INFO ]:HSMS Connection State Is Changed : 3 -> 1
2023-07-07 10:27:59,908[INFO ]:Received Separate Request.
2023-07-07 10:27:59,908[INFO ]:<<< Received HSMS Message <<< : SSID(65535), B2(0), B3(0), P(0), S(9), SB(5,369), Length[0]
2023-07-07 10:27:59,908[ERROR]:Found disconnection on the reading the receive message.
2023-07-07 10:27:59,908[INFO ]:Finish RunThreadRecv()
2023-07-07 10:27:59,908[INFO ]:Stop Recv Thread.
2023-07-07 10:27:59,908[INFO ]:HSMS Connection State Is Changed : 1 -> 0
2023-07-07 10:27:59,968[INFO ]:Finish Current Connection...
2023-07-07 10:27:59,968[INFO ]:HSMS Close Current Session : Passive Mode
2023-07-07 10:27:59,968[INFO ]:Killing Basic Timer
2023-07-07 10:27:59,968[INFO ]:Killed Basic Timer
2023-07-07 10:27:59,968[INFO ]:HSMS Close Socket : Wait to get sync key.
2023-07-07 10:27:59,968[INFO ]:HSMS Close Socket : success to get sync key.
2023-07-07 10:27:59,968[INFO ]:HSMS Shutdown Socket.
2023-07-07 10:27:59,968[INFO ]:HSMS Close Socket Object.
2023-07-07 10:27:59,968[INFO ]:Complete HSMS CloseSocket
2023-07-07 10:27:59,968[INFO ]:Wait T5 (Connect Separation Timeout) Start.
2023-07-07 10:28:10,597[INFO ]:Wait T5 (Connect Separation Timeout) End.
2023-07-07 10:28:10,598[INFO ]:Listening State Changed : Open
2023-07-07 10:28:10,598[INFO ]:Socket Listener was Started.
2023-07-07 10:28:10,598[INFO ]:Before Clear Queue.
2023-07-07 10:28:10,598[INFO ]:Clear Queue.
2023-07-07 10:28:10,598[INFO ]:Waiting New Connection...
2023-07-07 10:28:16,073[INFO ]:Accept New Connection.
2023-07-07 10:28:16,073[INFO ]:Listening State Changed : Close
2023-07-07 10:28:16,073[INFO ]:Start New Connection.
2023-07-07 10:28:16,073[INFO ]:HSMS Connection State Is Changed : 0 -> 1
2023-07-07 10:28:16,075[INFO ]:Start Basic Timer Due(1000), Period(1000)
2023-07-07 10:28:16,075[INFO ]:Started Basic Timer.
2023-07-07 10:28:16,078[INFO ]:Start Recv Thread.
2023-07-07 10:28:16,078[INFO ]:Start RunThreadRecv()
2023-07-07 10:28:16,078[INFO ]:Queued HSMS Message : SSID(65535), B2(0), B3(0), P(0), S(2), SB(5,375), Length[0]
2023-07-07 10:28:16,078[INFO ]:Message Stat : Queue[1], Sent[0], Recv[1]
2023-07-07 10:28:16,078[INFO ]:HSMS Connection State Is Changed : 1 -> 3
2023-07-07 10:28:16,082[INFO ]:Received Select Request.
2023-07-07 10:28:16,082[INFO ]:<<< Received HSMS Message <<< : SSID(65535), B2(0), B3(0), P(0), S(1), SB(5,375), Length[0]
2023-07-07 10:28:16,082[INFO ]:Send LinkTest Request.
2023-07-07 10:28:16,082[INFO ]:Queued HSMS Message : SSID(65535), B2(0), B3(0), P(0), S(5), SB(2), Length[0]
2023-07-07 10:28:16,082[INFO ]:Message Stat : Queue[2], Sent[0], Recv[1]
2023-07-07 10:28:16,134[INFO ]:Sent Select Response.
2023-07-07 10:28:16,134[INFO ]:>>> Sent HSMS Message >>> : SSID(65535), B2(0), B3(0), P(0), S(2), SB(5,375), Length[0]
2023-07-07 10:28:16,134[INFO ]:Queued HSMS Message : SSID(0), B2(129), B3(13), P(0), S(0), SB(3), Length[23]
2023-07-07 10:28:16,134[INFO ]:Message Stat : Queue[1], Sent[1], Recv[0]
2023-07-07 10:28:16,134[INFO ]:>>> Sent HSMS Message >>> : SSID(65535), B2(0), B3(0), P(0), S(5), SB(2), Length[0]
2023-07-07 10:28:16,135[INFO ]:>>> Sent HSMS Message >>> : SSID(0), B2(129), B3(13), P(0), S(0), SB(3), Length[23]
2023-07-07 10:28:16,135[DEBUG]:>>>> HSMS Data [23] >>>>
    01-02-41-03  55-50-4B-41  0E-31-2E-30  2E-38-35-38
    38-2E-31-38  38-31-37
2023-07-07 10:28:16,150[INFO ]:Received LinkTest Response.
2023-07-07 10:28:16,150[INFO ]:<<< Received HSMS Message <<< : SSID(65535), B2(0), B3(0), P(0), S(6), SB(2), Length[0]
2023-07-07 10:28:16,150[INFO ]:<<< Received HSMS Message <<< : SSID(0), B2(1), B3(14), P(0), S(0), SB(3), Length[7]
2023-07-07 10:28:16,150[DEBUG]:<<<< HSMS Data [7] <<<<
    01-02-21-01  00-01-00
2023-07-07 10:28:42,697[INFO ]:<<< Received HSMS Message <<< : SSID(0), B2(131), B3(41), P(0), S(0), SB(5,383), Length[434]
2023-07-07 10:28:42,697[DEBUG]:<<<< HSMS Data [434] <<<<
    01-03-41-09  57-6F-72-6B  4F-72-64-65  72-41-08-41
    50-2D-4D-52  2D-30-31-01  01-01-02-41  01-30-01-01
    01-06-01-02  41-0A-73-6F  72-74-65-72  54-79-70-65
    41-00-01-02  41-08-69-6E  50-6F-72-74  49-64-41-01
    31-01-02-41  08-69-6E-43  61-72-72-49  64-41-06-54
    52-41-59-2D  31-01-02-41  09-6F-75-74  50-6F-72-74
    49-64-41-01  32-01-02-41  09-6F-75-74  43-61-72-72
    49-64-41-01  30-01-01-01  02-01-02-41  04-50-50-49
    44-41-06-52  43-50-30-30  31-01-02-41  09-53-4C-4F
    54-5F-44-41  54-41-01-02  01-07-01-02  41-0C-69-6E
    43-61-72-72  53-6C-6F-74  4E-6F-41-01  36-01-02-41
    0A-6D-61-6E  75-61-6C-49  6E-73-70-41  01-4E-01-02
    41-0A-70-72  6F-64-4D-74  72-6C-49-64  41-0A-47-6C
    61-73-73-49  44-2D-30-31  01-02-41-09  73-6C-6F-74
    53-74-61-74  65-41-01-31  01-02-41-0D  6F-75-74-43
    61-72-72-53  6C-6F-74-4E  6F-41-01-36  01-02-41-05
    6C-6F-74-49  64-41-0D-4C  4F-54-5F-32  33-30-32-31
    37-30-30-35  01-02-41-08  6D-74-72-6C  46-61-63-65
    41-03-54-42  54-01-07-01  02-41-0C-69  6E-43-61-72
    72-53-6C-6F  74-4E-6F-41  01-37-01-02  41-0A-6D-61
    6E-75-61-6C  49-6E-73-70  41-01-4E-01  02-41-0A-70
    72-6F-64-4D  74-72-6C-49  64-41-0A-47  6C-61-73-73
    49-44-2D-30  32-01-02-41  09-73-6C-6F  74-53-74-61
    74-65-41-01  31-01-02-41  0D-6F-75-74  43-61-72-72
    53-6C-6F-74  4E-6F-41-01  37-01-02-41  05-6C-6F-74
    49-64-41-0D  4C-4F-54-5F  32-33-30-32  31-37-30-30
    35-01-02-41  08-6D-74-72  6C-46-61-63  65-41-03-54
    42-54
2023-07-07 10:28:42,735[INFO ]:Queued HSMS Message : SSID(0), B2(3), B3(42), P(0), S(0), SB(5,383), Length[3]
2023-07-07 10:28:42,735[INFO ]:Message Stat : Queue[1], Sent[0], Recv[3]
2023-07-07 10:28:42,745[INFO ]:>>> Sent HSMS Message >>> : SSID(0), B2(3), B3(42), P(0), S(0), SB(5,383), Length[3]
2023-07-07 10:28:42,745[DEBUG]:>>>> HSMS Data [3] >>>>
    21-01-02
2023-07-07 10:28:58,673[INFO ]:<<< Received HSMS Message <<< : SSID(0), B2(131), B3(41), P(0), S(0), SB(5,385), Length[434]
2023-07-07 10:28:58,673[DEBUG]:<<<< HSMS Data [434] <<<<
    01-03-41-09  57-6F-72-6B  4F-72-64-65  72-41-08-41
    50-2D-4D-52  2D-30-31-01  01-01-02-41  01-30-01-01
    01-06-01-02  41-0A-73-6F  72-74-65-72  54-79-70-65
    41-00-01-02  41-08-69-6E  50-6F-72-74  49-64-41-01
    31-01-02-41  08-69-6E-43  61-72-72-49  64-41-06-54
    52-41-59-2D  31-01-02-41  09-6F-75-74  50-6F-72-74
    49-64-41-01  32-01-02-41  09-6F-75-74  43-61-72-72
    49-64-41-01  30-01-01-01  02-01-02-41  04-50-50-49
    44-41-06-52  43-50-30-30  31-01-02-41  09-53-4C-4F
    54-5F-44-41  54-41-01-02  01-07-01-02  41-0C-69-6E
    43-61-72-72  53-6C-6F-74  4E-6F-41-01  36-01-02-41
    0A-6D-61-6E  75-61-6C-49  6E-73-70-41  01-4E-01-02
    41-0A-70-72  6F-64-4D-74  72-6C-49-64  41-0A-47-6C
    61-73-73-49  44-2D-30-31  01-02-41-09  73-6C-6F-74
    53-74-61-74  65-41-01-31  01-02-41-0D  6F-75-74-43
    61-72-72-53  6C-6F-74-4E  6F-41-01-36  01-02-41-05
    6C-6F-74-49  64-41-0D-4C  4F-54-5F-32  33-30-32-31
    37-30-30-35  01-02-41-08  6D-74-72-6C  46-61-63-65
    41-03-54-42  54-01-07-01  02-41-0C-69  6E-43-61-72
    72-53-6C-6F  74-4E-6F-41  01-37-01-02  41-0A-6D-61
    6E-75-61-6C  49-6E-73-70  41-01-4E-01  02-41-0A-70
    72-6F-64-4D  74-72-6C-49  64-41-0A-47  6C-61-73-73
    49-44-2D-30  32-01-02-41  09-73-6C-6F  74-53-74-61
    74-65-41-01  31-01-02-41  0D-6F-75-74  43-61-72-72
    53-6C-6F-74  4E-6F-41-01  37-01-02-41  05-6C-6F-74
    49-64-41-0D  4C-4F-54-5F  32-33-30-32  31-37-30-30
    35-01-02-41  08-6D-74-72  6C-46-61-63  65-41-03-54
    42-54
2023-07-07 10:28:58,680[INFO ]:Queued HSMS Message : SSID(0), B2(3), B3(42), P(0), S(0), SB(5,385), Length[3]
2023-07-07 10:28:58,680[INFO ]:Message Stat : Queue[1], Sent[0], Recv[3]
2023-07-07 10:28:58,718[INFO ]:>>> Sent HSMS Message >>> : SSID(0), B2(3), B3(42), P(0), S(0), SB(5,385), Length[3]
2023-07-07 10:28:58,718[DEBUG]:>>>> HSMS Data [3] >>>>
    21-01-02
2023-07-07 10:29:46,364[INFO ]:Before Clear Queue.
2023-07-07 10:29:46,370[INFO ]:Clear Queue.
2023-07-07 10:29:46,370[INFO ]:Reset System Bytes to Zero(0).
2023-07-07 10:29:46,370[INFO ]:Connection Mode : Passive
2023-07-07 10:29:46,374[INFO ]:Thread State Changed : Working
2023-07-07 10:29:46,374[INFO ]:Start RunThreadPassive()
2023-07-07 10:29:46,375[INFO ]:Listening State Changed : Open
2023-07-07 10:29:46,375[INFO ]:Socket Listener was Started.
2023-07-07 10:29:46,375[INFO ]:Before Clear Queue.
2023-07-07 10:29:46,375[INFO ]:Clear Queue.
2023-07-07 10:29:46,375[INFO ]:Waiting New Connection...
2023-07-07 10:29:49,730[INFO ]:Accept New Connection.
2023-07-07 10:29:49,730[INFO ]:Listening State Changed : Close
2023-07-07 10:29:49,730[INFO ]:Start New Connection.
2023-07-07 10:29:49,730[INFO ]:HSMS Connection State Is Changed : 0 -> 1
2023-07-07 10:29:49,732[INFO ]:Start Basic Timer Due(1000), Period(1000)
2023-07-07 10:29:49,732[INFO ]:Started Basic Timer.
2023-07-07 10:29:49,736[INFO ]:Start Recv Thread.
2023-07-07 10:29:49,736[INFO ]:Start RunThreadRecv()
2023-07-07 10:29:49,740[INFO ]:Queued HSMS Message : SSID(65535), B2(0), B3(0), P(0), S(2), SB(5,387), Length[0]
2023-07-07 10:29:49,740[INFO ]:Message Stat : Queue[1], Sent[0], Recv[1]
2023-07-07 10:29:49,740[INFO ]:HSMS Connection State Is Changed : 1 -> 3
2023-07-07 10:29:49,742[INFO ]:Received Select Request.
2023-07-07 10:29:49,743[INFO ]:<<< Received HSMS Message <<< : SSID(65535), B2(0), B3(0), P(0), S(1), SB(5,387), Length[0]
2023-07-07 10:29:49,743[INFO ]:Send LinkTest Request.
2023-07-07 10:29:49,743[INFO ]:Queued HSMS Message : SSID(65535), B2(0), B3(0), P(0), S(5), SB(0), Length[0]
2023-07-07 10:29:49,743[INFO ]:Message Stat : Queue[2], Sent[0], Recv[1]
2023-07-07 10:29:49,748[INFO ]:Queued HSMS Message : SSID(0), B2(129), B3(13), P(0), S(0), SB(1), Length[23]
2023-07-07 10:29:49,748[INFO ]:Message Stat : Queue[3], Sent[0], Recv[1]
2023-07-07 10:29:49,793[INFO ]:Sent Select Response.
2023-07-07 10:29:49,793[INFO ]:>>> Sent HSMS Message >>> : SSID(65535), B2(0), B3(0), P(0), S(2), SB(5,387), Length[0]
2023-07-07 10:29:49,793[INFO ]:>>> Sent HSMS Message >>> : SSID(65535), B2(0), B3(0), P(0), S(5), SB(0), Length[0]
2023-07-07 10:29:49,793[INFO ]:>>> Sent HSMS Message >>> : SSID(0), B2(129), B3(13), P(0), S(0), SB(1), Length[23]
2023-07-07 10:29:49,794[DEBUG]:>>>> HSMS Data [23] >>>>
    01-02-41-03  55-50-4B-41  0E-31-2E-30  2E-38-35-38
    38-2E-31-38  38-39-30
2023-07-07 10:29:49,806[INFO ]:Received LinkTest Response.
2023-07-07 10:29:49,806[INFO ]:<<< Received HSMS Message <<< : SSID(65535), B2(0), B3(0), P(0), S(6), SB(0), Length[0]
2023-07-07 10:29:49,806[INFO ]:<<< Received HSMS Message <<< : SSID(0), B2(1), B3(14), P(0), S(0), SB(1), Length[7]
2023-07-07 10:29:49,806[DEBUG]:<<<< HSMS Data [7] <<<<
    01-02-21-01  00-01-00
2023-07-07 10:29:54,036[INFO ]:<<< Received HSMS Message <<< : SSID(0), B2(131), B3(41), P(0), S(0), SB(5,395), Length[434]
2023-07-07 10:29:54,036[DEBUG]:<<<< HSMS Data [434] <<<<
    01-03-41-09  57-6F-72-6B  4F-72-64-65  72-41-08-41
    50-2D-4D-52  2D-30-31-01  01-01-02-41  01-30-01-01
    01-06-01-02  41-0A-73-6F  72-74-65-72  54-79-70-65
    41-00-01-02  41-08-69-6E  50-6F-72-74  49-64-41-01
    31-01-02-41  08-69-6E-43  61-72-72-49  64-41-06-54
    52-41-59-2D  31-01-02-41  09-6F-75-74  50-6F-72-74
    49-64-41-01  32-01-02-41  09-6F-75-74  43-61-72-72
    49-64-41-01  30-01-01-01  02-01-02-41  04-50-50-49
    44-41-06-52  43-50-30-30  31-01-02-41  09-53-4C-4F
    54-5F-44-41  54-41-01-02  01-07-01-02  41-0C-69-6E
    43-61-72-72  53-6C-6F-74  4E-6F-41-01  36-01-02-41
    0A-6D-61-6E  75-61-6C-49  6E-73-70-41  01-4E-01-02
    41-0A-70-72  6F-64-4D-74  72-6C-49-64  41-0A-47-6C
    61-73-73-49  44-2D-30-31  01-02-41-09  73-6C-6F-74
    53-74-61-74  65-41-01-31  01-02-41-0D  6F-75-74-43
    61-72-72-53  6C-6F-74-4E  6F-41-01-36  01-02-41-05
    6C-6F-74-49  64-41-0D-4C  4F-54-5F-32  33-30-32-31
    37-30-30-35  01-02-41-08  6D-74-72-6C  46-61-63-65
    41-03-54-42  54-01-07-01  02-41-0C-69  6E-43-61-72
    72-53-6C-6F  74-4E-6F-41  01-37-01-02  41-0A-6D-61
    6E-75-61-6C  49-6E-73-70  41-01-4E-01  02-41-0A-70
    72-6F-64-4D  74-72-6C-49  64-41-0A-47  6C-61-73-73
    49-44-2D-30  32-01-02-41  09-73-6C-6F  74-53-74-61
    74-65-41-01  31-01-02-41  0D-6F-75-74  43-61-72-72
    53-6C-6F-74  4E-6F-41-01  37-01-02-41  05-6C-6F-74
    49-64-41-0D  4C-4F-54-5F  32-33-30-32  31-37-30-30
    35-01-02-41  08-6D-74-72  6C-46-61-63  65-41-03-54
    42-54
2023-07-07 10:29:54,195[INFO ]:Queued HSMS Message : SSID(0), B2(3), B3(42), P(0), S(0), SB(5,395), Length[3]
2023-07-07 10:29:54,195[INFO ]:Message Stat : Queue[1], Sent[0], Recv[3]
2023-07-07 10:29:54,219[INFO ]:>>> Sent HSMS Message >>> : SSID(0), B2(3), B3(42), P(0), S(0), SB(5,395), Length[3]
2023-07-07 10:29:54,220[DEBUG]:>>>> HSMS Data [3] >>>>
    21-01-02
2023-07-07 10:30:27,075[INFO ]:Before Clear Queue.
2023-07-07 10:30:27,083[INFO ]:Clear Queue.
2023-07-07 10:30:27,084[INFO ]:Reset System Bytes to Zero(0).
2023-07-07 10:30:27,084[INFO ]:Connection Mode : Passive
2023-07-07 10:30:27,088[INFO ]:Thread State Changed : Working
2023-07-07 10:30:27,089[INFO ]:Start RunThreadPassive()
2023-07-07 10:30:27,090[INFO ]:Listening State Changed : Open
2023-07-07 10:30:27,090[INFO ]:Socket Listener was Started.
2023-07-07 10:30:27,090[INFO ]:Before Clear Queue.
2023-07-07 10:30:27,090[INFO ]:Clear Queue.
2023-07-07 10:30:27,090[INFO ]:Waiting New Connection...
2023-07-07 10:30:32,260[INFO ]:Accept New Connection.
2023-07-07 10:30:32,260[INFO ]:Listening State Changed : Close
2023-07-07 10:30:32,260[INFO ]:Start New Connection.
2023-07-07 10:30:32,260[INFO ]:HSMS Connection State Is Changed : 0 -> 1
2023-07-07 10:30:32,263[INFO ]:Start Basic Timer Due(1000), Period(1000)
2023-07-07 10:30:32,264[INFO ]:Started Basic Timer.
2023-07-07 10:30:32,268[INFO ]:Start Recv Thread.
2023-07-07 10:30:32,268[INFO ]:Start RunThreadRecv()
2023-07-07 10:30:32,273[INFO ]:Queued HSMS Message : SSID(65535), B2(0), B3(0), P(0), S(2), SB(5,397), Length[0]
2023-07-07 10:30:32,273[INFO ]:Message Stat : Queue[1], Sent[0], Recv[1]
2023-07-07 10:30:32,273[INFO ]:HSMS Connection State Is Changed : 1 -> 3
2023-07-07 10:30:32,275[INFO ]:Received Select Request.
2023-07-07 10:30:32,275[INFO ]:<<< Received HSMS Message <<< : SSID(65535), B2(0), B3(0), P(0), S(1), SB(5,397), Length[0]
2023-07-07 10:30:32,276[INFO ]:Send LinkTest Request.
2023-07-07 10:30:32,276[INFO ]:Queued HSMS Message : SSID(65535), B2(0), B3(0), P(0), S(5), SB(0), Length[0]
2023-07-07 10:30:32,276[INFO ]:Message Stat : Queue[2], Sent[0], Recv[1]
2023-07-07 10:30:32,291[INFO ]:Queued HSMS Message : SSID(0), B2(129), B3(13), P(0), S(0), SB(1), Length[23]
2023-07-07 10:30:32,291[INFO ]:Message Stat : Queue[3], Sent[0], Recv[1]
2023-07-07 10:30:32,321[INFO ]:Sent Select Response.
2023-07-07 10:30:32,321[INFO ]:>>> Sent HSMS Message >>> : SSID(65535), B2(0), B3(0), P(0), S(2), SB(5,397), Length[0]
2023-07-07 10:30:32,321[INFO ]:>>> Sent HSMS Message >>> : SSID(65535), B2(0), B3(0), P(0), S(5), SB(0), Length[0]
2023-07-07 10:30:32,321[INFO ]:>>> Sent HSMS Message >>> : SSID(0), B2(129), B3(13), P(0), S(0), SB(1), Length[23]
2023-07-07 10:30:32,322[DEBUG]:>>>> HSMS Data [23] >>>>
    01-02-41-03  55-50-4B-41  0E-31-2E-30  2E-38-35-38
    38-2E-31-38  38-39-30
2023-07-07 10:30:32,351[INFO ]:Received LinkTest Response.
2023-07-07 10:30:32,351[INFO ]:<<< Received HSMS Message <<< : SSID(65535), B2(0), B3(0), P(0), S(6), SB(0), Length[0]
2023-07-07 10:30:32,354[INFO ]:<<< Received HSMS Message <<< : SSID(0), B2(1), B3(14), P(0), S(0), SB(1), Length[7]
2023-07-07 10:30:32,354[DEBUG]:<<<< HSMS Data [7] <<<<
    01-02-21-01  00-01-00
2023-07-07 10:30:38,592[INFO ]:<<< Received HSMS Message <<< : SSID(0), B2(131), B3(41), P(0), S(0), SB(5,405), Length[434]
2023-07-07 10:30:38,592[DEBUG]:<<<< HSMS Data [434] <<<<
    01-03-41-09  57-6F-72-6B  4F-72-64-65  72-41-08-41
    50-2D-4D-52  2D-30-31-01  01-01-02-41  01-30-01-01
    01-06-01-02  41-0A-73-6F  72-74-65-72  54-79-70-65
    41-00-01-02  41-08-69-6E  50-6F-72-74  49-64-41-01
    31-01-02-41  08-69-6E-43  61-72-72-49  64-41-06-54
    52-41-59-2D  31-01-02-41  09-6F-75-74  50-6F-72-74
    49-64-41-01  32-01-02-41  09-6F-75-74  43-61-72-72
    49-64-41-01  30-01-01-01  02-01-02-41  04-50-50-49
    44-41-06-52  43-50-30-30  31-01-02-41  09-53-4C-4F
    54-5F-44-41  54-41-01-02  01-07-01-02  41-0C-69-6E
    43-61-72-72  53-6C-6F-74  4E-6F-41-01  36-01-02-41
    0A-6D-61-6E  75-61-6C-49  6E-73-70-41  01-4E-01-02
    41-0A-70-72  6F-64-4D-74  72-6C-49-64  41-0A-47-6C
    61-73-73-49  44-2D-30-31  01-02-41-09  73-6C-6F-74
    53-74-61-74  65-41-01-31  01-02-41-0D  6F-75-74-43
    61-72-72-53  6C-6F-74-4E  6F-41-01-36  01-02-41-05
    6C-6F-74-49  64-41-0D-4C  4F-54-5F-32  33-30-32-31
    37-30-30-35  01-02-41-08  6D-74-72-6C  46-61-63-65
    41-03-54-42  54-01-07-01  02-41-0C-69  6E-43-61-72
    72-53-6C-6F  74-4E-6F-41  01-37-01-02  41-0A-6D-61
    6E-75-61-6C  49-6E-73-70  41-01-4E-01  02-41-0A-70
    72-6F-64-4D  74-72-6C-49  64-41-0A-47  6C-61-73-73
    49-44-2D-30  32-01-02-41  09-73-6C-6F  74-53-74-61
    74-65-41-01  31-01-02-41  0D-6F-75-74  43-61-72-72
    53-6C-6F-74  4E-6F-41-01  37-01-02-41  05-6C-6F-74
    49-64-41-0D  4C-4F-54-5F  32-33-30-32  31-37-30-30
    35-01-02-41  08-6D-74-72  6C-46-61-63  65-41-03-54
    42-54
2023-07-07 10:53:06,658[INFO ]:Queued HSMS Message : SSID(0), B2(3), B3(42), P(0), S(0), SB(5,405), Length[3]
2023-07-07 10:53:06,658[INFO ]:Message Stat : Queue[1], Sent[0], Recv[3]
2023-07-07 10:54:56,701[INFO ]:Finish RunThreadRecv()
2023-07-07 10:54:56,701[INFO ]:Stop Recv Thread.
2023-07-07 10:54:56,701[INFO ]:HSMS Connection State Is Changed : 3 -> 0
2023-07-07 10:54:56,715[FATAL]:전송 연결 현재 연결은 사용자의 호스트 시스템의 소프트웨어의 의해 중단되었습니다에 데이터를 쓸 수 없습니다.
System.IO.IOException: 전송 연결 현재 연결은 사용자의 호스트 시스템의 소프트웨어의 의해 중단되었습니다에 데이터를 쓸 수 없습니다. ---> System.Net.Sockets.SocketException: 현재 연결은 사용자의 호스트 시스템의 소프트웨어의 의해 중단되었습니다
   위치: System.Net.Sockets.Socket.Send(Byte[] buffer, Int32 offset, Int32 size, SocketFlags socketFlags)
   위치: System.Net.Sockets.NetworkStream.Write(Byte[] buffer, Int32 offset, Int32 size)
   --- 내부 예외 스택 추적의 끝 ---
   위치: System.Net.Sockets.NetworkStream.Write(Byte[] buffer, Int32 offset, Int32 size)
   위치: Semi.Secs.HSMSLib.SendPostQueue()
2023-07-07 10:54:56,810[INFO ]:Finish Current Connection...
2023-07-07 10:54:56,810[INFO ]:HSMS Close Current Session : Passive Mode
2023-07-07 10:54:56,810[INFO ]:Killing Basic Timer
2023-07-07 10:54:56,810[INFO ]:Killed Basic Timer
2023-07-07 10:54:56,811[INFO ]:HSMS Close Socket : Wait to get sync key.
2023-07-07 10:54:56,811[INFO ]:HSMS Close Socket : success to get sync key.
2023-07-07 10:54:56,811[INFO ]:HSMS Shutdown Socket.
2023-07-07 10:54:56,811[INFO ]:HSMS Close Socket Object.
2023-07-07 10:54:56,811[INFO ]:Complete HSMS CloseSocket
2023-07-07 10:54:56,811[INFO ]:Wait T5 (Connect Separation Timeout) Start.
2023-07-07 10:55:07,445[INFO ]:Wait T5 (Connect Separation Timeout) End.
2023-07-07 10:55:07,445[INFO ]:Listening State Changed : Open
2023-07-07 10:55:07,446[INFO ]:Socket Listener was Started.
2023-07-07 10:55:07,446[INFO ]:Before Clear Queue.
2023-07-07 10:55:07,446[INFO ]:Clear Queue.
2023-07-07 10:55:07,446[INFO ]:Waiting New Connection...
2023-07-07 10:55:10,490[INFO ]:Accept New Connection.
2023-07-07 10:55:10,490[INFO ]:Listening State Changed : Close
2023-07-07 10:55:10,490[INFO ]:Start New Connection.
2023-07-07 10:55:10,490[INFO ]:HSMS Connection State Is Changed : 0 -> 1
2023-07-07 10:55:10,493[INFO ]:Start Basic Timer Due(1000), Period(1000)
2023-07-07 10:55:10,493[INFO ]:Started Basic Timer.
2023-07-07 10:55:10,499[INFO ]:Start Recv Thread.
2023-07-07 10:55:10,499[INFO ]:Start RunThreadRecv()
2023-07-07 10:55:10,500[INFO ]:Queued HSMS Message : SSID(65535), B2(0), B3(0), P(0), S(2), SB(5,415), Length[0]
2023-07-07 10:55:10,500[INFO ]:Message Stat : Queue[1], Sent[0], Recv[1]
2023-07-07 10:55:10,500[INFO ]:HSMS Connection State Is Changed : 1 -> 3
2023-07-07 10:55:10,504[INFO ]:Received Select Request.
2023-07-07 10:55:10,504[INFO ]:<<< Received HSMS Message <<< : SSID(65535), B2(0), B3(0), P(0), S(1), SB(5,415), Length[0]
2023-07-07 10:55:10,504[INFO ]:Send LinkTest Request.
2023-07-07 10:55:10,504[INFO ]:Queued HSMS Message : SSID(65535), B2(0), B3(0), P(0), S(5), SB(2), Length[0]
2023-07-07 10:55:10,504[INFO ]:Message Stat : Queue[2], Sent[0], Recv[1]
2023-07-07 10:55:10,550[INFO ]:Sent Select Response.
2023-07-07 10:55:10,551[INFO ]:>>> Sent HSMS Message >>> : SSID(65535), B2(0), B3(0), P(0), S(2), SB(5,415), Length[0]
2023-07-07 10:55:10,551[INFO ]:>>> Sent HSMS Message >>> : SSID(65535), B2(0), B3(0), P(0), S(5), SB(2), Length[0]
2023-07-07 10:55:10,566[INFO ]:Queued HSMS Message : SSID(0), B2(129), B3(13), P(0), S(0), SB(3), Length[23]
2023-07-07 10:55:10,566[INFO ]:Message Stat : Queue[1], Sent[1], Recv[0]
2023-07-07 10:55:10,612[INFO ]:>>> Sent HSMS Message >>> : SSID(0), B2(129), B3(13), P(0), S(0), SB(3), Length[23]
2023-07-07 10:55:10,612[DEBUG]:>>>> HSMS Data [23] >>>>
    01-02-41-03  55-50-4B-41  0E-31-2E-30  2E-38-35-38
    38-2E-31-38  38-39-30
2023-07-07 10:55:10,644[INFO ]:Received LinkTest Response.
2023-07-07 10:55:10,644[INFO ]:<<< Received HSMS Message <<< : SSID(65535), B2(0), B3(0), P(0), S(6), SB(2), Length[0]
2023-07-07 10:55:10,644[INFO ]:<<< Received HSMS Message <<< : SSID(0), B2(1), B3(14), P(0), S(0), SB(3), Length[7]
2023-07-07 10:55:10,644[DEBUG]:<<<< HSMS Data [7] <<<<
    01-02-21-01  00-01-00
2023-07-07 10:55:11,419[INFO ]:<<< Received HSMS Message <<< : SSID(0), B2(131), B3(41), P(0), S(0), SB(5,423), Length[434]
2023-07-07 10:55:11,420[DEBUG]:<<<< HSMS Data [434] <<<<
    01-03-41-09  57-6F-72-6B  4F-72-64-65  72-41-08-41
    50-2D-4D-52  2D-30-31-01  01-01-02-41  01-30-01-01
    01-06-01-02  41-0A-73-6F  72-74-65-72  54-79-70-65
    41-00-01-02  41-08-69-6E  50-6F-72-74  49-64-41-01
    31-01-02-41  08-69-6E-43  61-72-72-49  64-41-06-54
    52-41-59-2D  31-01-02-41  09-6F-75-74  50-6F-72-74
    49-64-41-01  32-01-02-41  09-6F-75-74  43-61-72-72
    49-64-41-01  30-01-01-01  02-01-02-41  04-50-50-49
    44-41-06-52  43-50-30-30  31-01-02-41  09-53-4C-4F
    54-5F-44-41  54-41-01-02  01-07-01-02  41-0C-69-6E
    43-61-72-72  53-6C-6F-74  4E-6F-41-01  36-01-02-41
    0A-6D-61-6E  75-61-6C-49  6E-73-70-41  01-4E-01-02
    41-0A-70-72  6F-64-4D-74  72-6C-49-64  41-0A-47-6C
    61-73-73-49  44-2D-30-31  01-02-41-09  73-6C-6F-74
    53-74-61-74  65-41-01-31  01-02-41-0D  6F-75-74-43
    61-72-72-53  6C-6F-74-4E  6F-41-01-36  01-02-41-05
    6C-6F-74-49  64-41-0D-4C  4F-54-5F-32  33-30-32-31
    37-30-30-35  01-02-41-08  6D-74-72-6C  46-61-63-65
    41-03-54-42  54-01-07-01  02-41-0C-69  6E-43-61-72
    72-53-6C-6F  74-4E-6F-41  01-37-01-02  41-0A-6D-61
    6E-75-61-6C  49-6E-73-70  41-01-4E-01  02-41-0A-70
    72-6F-64-4D  74-72-6C-49  64-41-0A-47  6C-61-73-73
    49-44-2D-30  32-01-02-41  09-73-6C-6F  74-53-74-61
    74-65-41-01  31-01-02-41  0D-6F-75-74  43-61-72-72
    53-6C-6F-74  4E-6F-41-01  37-01-02-41  05-6C-6F-74
    49-64-41-0D  4C-4F-54-5F  32-33-30-32  31-37-30-30
    35-01-02-41  08-6D-74-72  6C-46-61-63  65-41-03-54
    42-54
