2023-08-23 07:07:13,957[INFO ]:Before Clear Queue.
2023-08-23 07:07:13,965[INFO ]:Clear Queue.
2023-08-23 07:07:13,965[INFO ]:Reset System Bytes to Zero(0).
2023-08-23 07:07:13,966[INFO ]:Connection Mode : Passive
2023-08-23 07:07:13,971[INFO ]:Thread State Changed : Working
2023-08-23 07:07:13,971[INFO ]:Start RunThreadPassive()
2023-08-23 07:07:13,972[INFO ]:Listening State Changed : Open
2023-08-23 07:07:13,972[INFO ]:Socket Listener was Started.
2023-08-23 07:07:13,972[INFO ]:Before Clear Queue.
2023-08-23 07:07:13,972[INFO ]:Clear Queue.
2023-08-23 07:07:13,972[INFO ]:Waiting New Connection...
2023-08-23 07:07:22,960[INFO ]:Accept New Connection.
2023-08-23 07:07:22,960[INFO ]:Listening State Changed : Close
2023-08-23 07:07:22,960[INFO ]:Start New Connection.
2023-08-23 07:07:22,962[INFO ]:HSMS Connection State Is Changed : 0 -> 1
2023-08-23 07:07:22,965[INFO ]:Start Basic Timer Due(1000), Period(1000)
2023-08-23 07:07:22,967[INFO ]:Started Basic Timer.
2023-08-23 07:07:22,969[INFO ]:Start Recv Thread.
2023-08-23 07:07:22,970[INFO ]:Start RunThreadRecv()
2023-08-23 07:07:22,974[INFO ]:Queued HSMS Message : SSID(65535), B2(0), B3(0), P(0), S(2), SB(8,902), Length[0]
2023-08-23 07:07:22,974[INFO ]:Message Stat : Queue[1], Sent[0], Recv[1]
2023-08-23 07:07:22,974[INFO ]:HSMS Connection State Is Changed : 1 -> 3
2023-08-23 07:07:22,976[INFO ]:Received Select Request.
2023-08-23 07:07:22,976[INFO ]:<<< Received HSMS Message <<< : SSID(65535), B2(0), B3(0), P(0), S(1), SB(8,902), Length[0]
2023-08-23 07:07:22,976[INFO ]:Send LinkTest Request.
2023-08-23 07:07:22,977[INFO ]:Queued HSMS Message : SSID(65535), B2(0), B3(0), P(0), S(5), SB(0), Length[0]
2023-08-23 07:07:22,977[INFO ]:Message Stat : Queue[2], Sent[0], Recv[1]
2023-08-23 07:07:22,978[INFO ]:Queued HSMS Message : SSID(0), B2(129), B3(13), P(0), S(0), SB(1), Length[23]
2023-08-23 07:07:22,978[INFO ]:Message Stat : Queue[3], Sent[0], Recv[1]
2023-08-23 07:07:23,021[INFO ]:Sent Select Response.
2023-08-23 07:07:23,021[INFO ]:>>> Sent HSMS Message >>> : SSID(65535), B2(0), B3(0), P(0), S(2), SB(8,902), Length[0]
2023-08-23 07:07:23,022[INFO ]:>>> Sent HSMS Message >>> : SSID(65535), B2(0), B3(0), P(0), S(5), SB(0), Length[0]
2023-08-23 07:07:23,022[INFO ]:>>> Sent HSMS Message >>> : SSID(0), B2(129), B3(13), P(0), S(0), SB(1), Length[23]
2023-08-23 07:07:23,023[DEBUG]:>>>> HSMS Data [23] >>>>
    01-02-41-03  55-50-4B-41  0E-31-2E-30  2E-38-36-33
    35-2E-31-32  38-30-39
2023-08-23 07:07:23,052[INFO ]:Received LinkTest Response.
2023-08-23 07:07:23,052[INFO ]:<<< Received HSMS Message <<< : SSID(65535), B2(0), B3(0), P(0), S(6), SB(0), Length[0]
2023-08-23 07:07:23,052[INFO ]:<<< Received HSMS Message <<< : SSID(0), B2(1), B3(14), P(0), S(0), SB(1), Length[7]
2023-08-23 07:07:23,052[DEBUG]:<<<< HSMS Data [7] <<<<
    01-02-21-01  00-01-00
2023-08-23 07:07:54,688[INFO ]:Received LinkTest Request.
2023-08-23 07:07:54,688[INFO ]:<<< Received HSMS Message <<< : SSID(65535), B2(0), B3(0), P(0), S(5), SB(8,910), Length[0]
2023-08-23 07:07:54,688[INFO ]:Queued HSMS Message : SSID(65535), B2(0), B3(0), P(0), S(6), SB(8,910), Length[0]
2023-08-23 07:07:54,688[INFO ]:Message Stat : Queue[1], Sent[0], Recv[3]
2023-08-23 07:07:54,718[INFO ]:Sent LinkTest Response.
2023-08-23 07:07:54,718[INFO ]:>>> Sent HSMS Message >>> : SSID(65535), B2(0), B3(0), P(0), S(6), SB(8,910), Length[0]
2023-08-23 07:08:26,196[INFO ]:Received LinkTest Request.
2023-08-23 07:08:26,196[INFO ]:<<< Received HSMS Message <<< : SSID(65535), B2(0), B3(0), P(0), S(5), SB(8,914), Length[0]
2023-08-23 07:08:26,196[INFO ]:Queued HSMS Message : SSID(65535), B2(0), B3(0), P(0), S(6), SB(8,914), Length[0]
2023-08-23 07:08:26,196[INFO ]:Message Stat : Queue[1], Sent[0], Recv[3]
2023-08-23 07:08:26,242[INFO ]:Sent LinkTest Response.
2023-08-23 07:08:26,242[INFO ]:>>> Sent HSMS Message >>> : SSID(65535), B2(0), B3(0), P(0), S(6), SB(8,914), Length[0]
2023-08-23 07:08:57,684[INFO ]:Received LinkTest Request.
2023-08-23 07:08:57,684[INFO ]:<<< Received HSMS Message <<< : SSID(65535), B2(0), B3(0), P(0), S(5), SB(8,918), Length[0]
2023-08-23 07:08:57,684[INFO ]:Queued HSMS Message : SSID(65535), B2(0), B3(0), P(0), S(6), SB(8,918), Length[0]
2023-08-23 07:08:57,684[INFO ]:Message Stat : Queue[1], Sent[0], Recv[3]
2023-08-23 07:08:57,744[INFO ]:Sent LinkTest Response.
2023-08-23 07:08:57,744[INFO ]:>>> Sent HSMS Message >>> : SSID(65535), B2(0), B3(0), P(0), S(6), SB(8,918), Length[0]
2023-08-23 07:09:23,779[INFO ]:Send LinkTest Request.
2023-08-23 07:09:23,779[INFO ]:Queued HSMS Message : SSID(65535), B2(0), B3(0), P(0), S(5), SB(2), Length[0]
2023-08-23 07:09:23,779[INFO ]:Message Stat : Queue[1], Sent[0], Recv[2]
2023-08-23 07:09:23,840[INFO ]:>>> Sent HSMS Message >>> : SSID(65535), B2(0), B3(0), P(0), S(5), SB(2), Length[0]
2023-08-23 07:09:23,886[INFO ]:Received LinkTest Response.
2023-08-23 07:09:23,886[INFO ]:<<< Received HSMS Message <<< : SSID(65535), B2(0), B3(0), P(0), S(6), SB(2), Length[0]
2023-08-23 07:09:54,712[INFO ]:Received LinkTest Request.
2023-08-23 07:09:54,712[INFO ]:<<< Received HSMS Message <<< : SSID(65535), B2(0), B3(0), P(0), S(5), SB(8,924), Length[0]
2023-08-23 07:09:54,712[INFO ]:Queued HSMS Message : SSID(65535), B2(0), B3(0), P(0), S(6), SB(8,924), Length[0]
2023-08-23 07:09:54,712[INFO ]:Message Stat : Queue[1], Sent[0], Recv[4]
2023-08-23 07:09:54,727[INFO ]:Sent LinkTest Response.
2023-08-23 07:09:54,727[INFO ]:>>> Sent HSMS Message >>> : SSID(65535), B2(0), B3(0), P(0), S(6), SB(8,924), Length[0]
2023-08-23 07:10:26,166[INFO ]:Received LinkTest Request.
2023-08-23 07:10:26,166[INFO ]:<<< Received HSMS Message <<< : SSID(65535), B2(0), B3(0), P(0), S(5), SB(8,928), Length[0]
2023-08-23 07:10:26,166[INFO ]:Queued HSMS Message : SSID(65535), B2(0), B3(0), P(0), S(6), SB(8,928), Length[0]
2023-08-23 07:10:26,166[INFO ]:Message Stat : Queue[1], Sent[0], Recv[4]
2023-08-23 07:10:26,227[INFO ]:Sent LinkTest Response.
2023-08-23 07:10:26,228[INFO ]:>>> Sent HSMS Message >>> : SSID(65535), B2(0), B3(0), P(0), S(6), SB(8,928), Length[0]
2023-08-23 07:10:57,680[INFO ]:Received LinkTest Request.
2023-08-23 07:10:57,681[INFO ]:<<< Received HSMS Message <<< : SSID(65535), B2(0), B3(0), P(0), S(5), SB(8,932), Length[0]
2023-08-23 07:10:57,681[INFO ]:Queued HSMS Message : SSID(65535), B2(0), B3(0), P(0), S(6), SB(8,932), Length[0]
2023-08-23 07:10:57,681[INFO ]:Message Stat : Queue[1], Sent[0], Recv[4]
2023-08-23 07:10:57,711[INFO ]:Sent LinkTest Response.
2023-08-23 07:10:57,711[INFO ]:>>> Sent HSMS Message >>> : SSID(65535), B2(0), B3(0), P(0), S(6), SB(8,932), Length[0]
2023-08-23 07:26:12,417[INFO ]:Received LinkTest Request.
2023-08-23 07:26:12,417[INFO ]:<<< Received HSMS Message <<< : SSID(65535), B2(0), B3(0), P(0), S(5), SB(8,936), Length[0]
2023-08-23 07:26:12,417[INFO ]:Queued HSMS Message : SSID(65535), B2(0), B3(0), P(0), S(6), SB(8,936), Length[0]
2023-08-23 07:26:12,417[INFO ]:Message Stat : Queue[1], Sent[0], Recv[4]
2023-08-23 07:26:12,447[INFO ]:Sent LinkTest Response.
2023-08-23 07:26:12,447[INFO ]:>>> Sent HSMS Message >>> : SSID(65535), B2(0), B3(0), P(0), S(6), SB(8,936), Length[0]
2023-08-23 07:26:34,179[INFO ]:Send LinkTest Request.
2023-08-23 07:26:34,179[INFO ]:Queued HSMS Message : SSID(65535), B2(0), B3(0), P(0), S(5), SB(3), Length[0]
2023-08-23 07:26:34,179[INFO ]:Message Stat : Queue[1], Sent[0], Recv[3]
2023-08-23 07:26:34,224[INFO ]:>>> Sent HSMS Message >>> : SSID(65535), B2(0), B3(0), P(0), S(5), SB(3), Length[0]
2023-08-23 07:26:34,254[INFO ]:Received LinkTest Response.
2023-08-23 07:26:34,254[INFO ]:<<< Received HSMS Message <<< : SSID(65535), B2(0), B3(0), P(0), S(6), SB(3), Length[0]
