2023-08-22 14:39:31,884[INFO ]:Queued SECS2 Message : S1F13
2023-08-22 14:39:31,939[INFO ]:SENT SECS2 Message : SSID(0), B2(129), B3(13), P(0), S(0), SB(1)
2023-08-22 14:39:31,942[INFO ]:>>>S1F13 W>>>  
<L [2] 
    <A [3] "UPK">
    <A [14] "1.0.8634.25185">
>
2023-08-22 14:39:32,006[INFO ]:RECV SECS2 Message : SSID(0), B2(1), B3(14), P(0), S(0), SB(1), Length[7]
2023-08-22 14:39:32,007[DEBUG]:<<<S1F14<<<  
<L [2] 
    <B [1] 00 >
    <L [0] >
>
2023-08-22 14:39:33,385[INFO ]:RECV SECS2 Message : SSID(0), B2(129), B3(13), P(0), S(0), SB(27,067), Length[2]
2023-08-22 14:39:33,385[DEBUG]:<<<S1F13 W<<<  
<L [0] >
2023-08-22 14:39:33,387[INFO ]:Queued SECS2 Message : S1F14
2023-08-22 14:39:33,400[INFO ]:SENT SECS2 Message : SSID(0), B2(1), B3(14), P(0), S(0), SB(27,067)
2023-08-22 14:39:33,401[INFO ]:>>>S1F14>>>  
<L [2] 
    <B [1] 00 >
    <L [2] 
        <A [3] "UPK">
        <A [14] "1.0.8634.25185">
    >
>
2023-08-22 14:39:33,462[INFO ]:RECV SECS2 Message : SSID(0), B2(129), B3(17), P(0), S(0), SB(27,069), Length[0]
2023-08-22 14:39:33,462[DEBUG]:<<<S1F17 W<<<  

2023-08-22 14:39:33,464[INFO ]:Queued SECS2 Message : S1F18
2023-08-22 14:39:33,524[INFO ]:SENT SECS2 Message : SSID(0), B2(1), B3(18), P(0), S(0), SB(27,069)
2023-08-22 14:39:33,524[INFO ]:>>>S1F18>>>  
<B [1] 02 >
