2023-08-22 20:05:38,918[INFO ]:Queued SECS2 Message : S1F13
2023-08-22 20:05:38,971[INFO ]:SENT SECS2 Message : SSID(0), B2(129), B3(13), P(0), S(0), SB(1)
2023-08-22 20:05:38,977[INFO ]:>>>S1F13 W>>>  
<L [2] 
    <A [3] "UPK">
    <A [14] "1.0.8634.36163">
>
2023-08-22 20:05:38,983[INFO ]:RECV SECS2 Message : SSID(0), B2(1), B3(14), P(0), S(0), SB(1), Length[7]
2023-08-22 20:05:38,983[DEBUG]:<<<S1F14<<<  
<L [2] 
    <B [1] 00 >
    <L [0] >
>
2023-08-22 20:08:02,196[INFO ]:Queued SECS2 Message : S6F11
2023-08-22 20:08:02,255[INFO ]:SENT SECS2 Message : SSID(0), B2(134), B3(11), P(0), S(0), SB(3)
2023-08-22 20:08:02,256[INFO ]:>>>S6F11 W>>>  
<L [3] 
    <U4 [1] 0 >
    <U4 [1] `OperationIDChanged` 1061 >
    <L [1] 
        <L [2] 
            <U4 [1] 1061 >
            <L [2] 
                <A [2] `UserId` "34">
                <A [2] `PreviousUserId` "12">
            >
        >
    >
>
2023-08-22 20:08:02,302[INFO ]:RECV SECS2 Message : SSID(0), B2(6), B3(12), P(0), S(0), SB(3), Length[3]
2023-08-22 20:08:02,304[DEBUG]:<<<S6F12<<<  
<B [1] 00 >
2023-08-22 20:55:07,748[INFO ]:Queued SECS2 Message : S1F13
2023-08-22 20:55:07,781[INFO ]:SENT SECS2 Message : SSID(0), B2(129), B3(13), P(0), S(0), SB(1)
2023-08-22 20:55:07,785[INFO ]:>>>S1F13 W>>>  
<L [2] 
    <A [3] "UPK">
    <A [14] "1.0.8634.37649">
>
2023-08-22 20:55:07,829[INFO ]:RECV SECS2 Message : SSID(0), B2(1), B3(14), P(0), S(0), SB(1), Length[7]
2023-08-22 20:55:07,830[DEBUG]:<<<S1F14<<<  
<L [2] 
    <B [1] 00 >
    <L [0] >
>
2023-08-22 20:58:08,033[INFO ]:Queued SECS2 Message : S1F13
2023-08-22 20:58:08,083[INFO ]:SENT SECS2 Message : SSID(0), B2(129), B3(13), P(0), S(0), SB(1)
2023-08-22 20:58:08,086[INFO ]:>>>S1F13 W>>>  
<L [2] 
    <A [3] "UPK">
    <A [14] "1.0.8634.37693">
>
2023-08-22 20:58:08,103[INFO ]:RECV SECS2 Message : SSID(0), B2(1), B3(14), P(0), S(0), SB(1), Length[7]
2023-08-22 20:58:08,104[DEBUG]:<<<S1F14<<<  
<L [2] 
    <B [1] 00 >
    <L [0] >
>
