2023-07-04 22:03:23,011[INFO ]:Queued SECS2 Message : S1F13
2023-07-04 22:03:23,040[INFO ]:SENT SECS2 Message : SSID(1), B2(129), B3(13), P(0), S(0), SB(1)
2023-07-04 22:03:23,043[INFO ]:>>>S1F13 W>>>  
<L [2] 
    <A [6] "Unpack">
    <A [1] "0">
>
2023-07-04 22:03:23,105[INFO ]:RECV SECS2 Message : SSID(1), B2(1), B3(14), P(0), S(0), SB(1), Length[7]
2023-07-04 22:03:23,105[DEBUG]:<<<S1F14<<<  
<L [2] 
    <B [1] 00 >
    <L [0] >
>
2023-07-04 22:08:05,585[INFO ]:Queued SECS2 Message : S1F13
2023-07-04 22:08:05,610[INFO ]:SENT SECS2 Message : SSID(1), B2(129), B3(13), P(0), S(0), SB(1)
2023-07-04 22:08:05,613[INFO ]:>>>S1F13 W>>>  
<L [2] 
    <A [6] "Unpack">
    <A [1] "0">
>
2023-07-04 22:08:05,676[INFO ]:RECV SECS2 Message : SSID(1), B2(1), B3(14), P(0), S(0), SB(1), Length[7]
2023-07-04 22:08:05,677[DEBUG]:<<<S1F14<<<  
<L [2] 
    <B [1] 00 >
    <L [0] >
>
2023-07-04 22:14:21,345[INFO ]:Queued SECS2 Message : S1F13
2023-07-04 22:14:21,362[INFO ]:SENT SECS2 Message : SSID(1), B2(129), B3(13), P(0), S(0), SB(1)
2023-07-04 22:14:21,364[INFO ]:>>>S1F13 W>>>  
<L [2] 
    <A [6] "Unpack">
    <A [1] "0">
>
2023-07-04 22:14:21,472[INFO ]:RECV SECS2 Message : SSID(1), B2(1), B3(14), P(0), S(0), SB(1), Length[7]
2023-07-04 22:14:21,473[DEBUG]:<<<S1F14<<<  
<L [2] 
    <B [1] 00 >
    <L [0] >
>
