2023-08-23 12:31:07,622[INFO ]:Queued SECS2 Message : S1F13
2023-08-23 12:31:07,622[INFO ]:SENT SECS2 Message : SSID(0), B2(129), B3(13), P(0), S(0), SB(20)
2023-08-23 12:31:07,623[INFO ]:>>>S1F13 W>>>  
<L [2] 
    <A [3] "UPK">
    <A [14] "1.0.8635.19771">
>
2023-08-23 12:31:07,712[INFO ]:RECV SECS2 Message : SSID(0), B2(1), B3(14), P(0), S(0), SB(20), Length[7]
2023-08-23 12:31:07,712[DEBUG]:<<<S1F14<<<  
<L [2] 
    <B [1] 00 >
    <L [0] >
>
2023-08-23 12:34:49,414[INFO ]:Queued SECS2 Message : S1F13
2023-08-23 12:34:49,461[INFO ]:SENT SECS2 Message : SSID(0), B2(129), B3(13), P(0), S(0), SB(22)
2023-08-23 12:34:49,461[INFO ]:>>>S1F13 W>>>  
<L [2] 
    <A [3] "UPK">
    <A [14] "1.0.8635.19771">
>
2023-08-23 12:34:49,507[INFO ]:RECV SECS2 Message : SSID(0), B2(1), B3(14), P(0), S(0), SB(22), Length[7]
2023-08-23 12:34:49,507[DEBUG]:<<<S1F14<<<  
<L [2] 
    <B [1] 00 >
    <L [0] >
>
2023-08-23 12:35:24,985[INFO ]:RECV SECS2 Message : SSID(0), B2(130), B3(41), P(0), S(0), SB(14,064), Length[25]
2023-08-23 12:35:24,985[DEBUG]:<<<S2F41 W<<<  
<L [2] 
    <A [6] "BUZZER">
    <L [1] 
        <L [2] 
            <A [6] "SIGNAL">
            <A [1] "1">
        >
    >
>
2023-08-23 12:35:24,986[INFO ]:Queued SECS2 Message : S2F42
2023-08-23 12:35:25,016[INFO ]:SENT SECS2 Message : SSID(0), B2(2), B3(42), P(0), S(0), SB(14,064)
2023-08-23 12:35:25,016[INFO ]:>>>S2F42>>>  
<L [2] 
    <B [1] 04 >
    <L [0] >
>
2023-08-23 12:35:31,210[INFO ]:RECV SECS2 Message : SSID(0), B2(130), B3(41), P(0), S(0), SB(14,066), Length[25]
2023-08-23 12:35:31,210[DEBUG]:<<<S2F41 W<<<  
<L [2] 
    <A [6] "BUZZER">
    <L [1] 
        <L [2] 
            <A [6] "SIGNAL">
            <A [1] "0">
        >
    >
>
2023-08-23 12:35:31,211[INFO ]:Queued SECS2 Message : S2F42
2023-08-23 12:35:31,270[INFO ]:SENT SECS2 Message : SSID(0), B2(2), B3(42), P(0), S(0), SB(14,066)
2023-08-23 12:35:31,270[INFO ]:>>>S2F42>>>  
<L [2] 
    <B [1] 04 >
    <L [0] >
>
2023-08-23 12:39:13,390[INFO ]:RECV SECS2 Message : SSID(0), B2(130), B3(41), P(0), S(0), SB(14,092), Length[12]
2023-08-23 12:39:13,390[DEBUG]:<<<S2F41 W<<<  
<L [2] 
    <A [6] "RESUME">
    <L [0] >
>
2023-08-23 12:39:13,390[INFO ]:Queued SECS2 Message : S2F42
2023-08-23 12:39:13,401[INFO ]:SENT SECS2 Message : SSID(0), B2(2), B3(42), P(0), S(0), SB(14,092)
2023-08-23 12:39:13,401[INFO ]:>>>S2F42>>>  
<L [2] 
    <B [1] 04 >
    <L [0] >
>
2023-08-23 12:39:55,628[INFO ]:RECV SECS2 Message : SSID(0), B2(130), B3(41), P(0), S(0), SB(14,098), Length[11]
2023-08-23 12:39:55,628[DEBUG]:<<<S2F41 W<<<  
<L [2] 
    <A [5] "PAUSE">
    <L [0] >
>
2023-08-23 12:39:55,629[INFO ]:Queued SECS2 Message : S2F42
2023-08-23 12:39:55,644[INFO ]:SENT SECS2 Message : SSID(0), B2(2), B3(42), P(0), S(0), SB(14,098)
2023-08-23 12:39:55,644[INFO ]:>>>S2F42>>>  
<L [2] 
    <B [1] 04 >
    <L [0] >
>
2023-08-23 12:40:03,135[INFO ]:RECV SECS2 Message : SSID(0), B2(130), B3(41), P(0), S(0), SB(14,100), Length[7]
2023-08-23 12:40:03,135[DEBUG]:<<<S2F41 W<<<  
<L [2] 
    <A [1] "0">
    <L [0] >
>
2023-08-23 12:40:03,135[INFO ]:Queued SECS2 Message : S2F42
2023-08-23 12:40:03,165[INFO ]:SENT SECS2 Message : SSID(0), B2(2), B3(42), P(0), S(0), SB(14,100)
2023-08-23 12:40:03,165[INFO ]:>>>S2F42>>>  
<L [2] 
    <B [1] 01 >
    <L [0] >
>
2023-08-23 12:40:06,393[INFO ]:RECV SECS2 Message : SSID(0), B2(130), B3(41), P(0), S(0), SB(14,102), Length[11]
2023-08-23 12:40:06,393[DEBUG]:<<<S2F41 W<<<  
<L [2] 
    <A [5] "PAUSE">
    <L [0] >
>
2023-08-23 12:40:06,393[INFO ]:Queued SECS2 Message : S2F42
2023-08-23 12:40:06,439[INFO ]:SENT SECS2 Message : SSID(0), B2(2), B3(42), P(0), S(0), SB(14,102)
2023-08-23 12:40:06,439[INFO ]:>>>S2F42>>>  
<L [2] 
    <B [1] 04 >
    <L [0] >
>
2023-08-23 12:40:11,028[INFO ]:RECV SECS2 Message : SSID(0), B2(130), B3(41), P(0), S(0), SB(14,104), Length[12]
2023-08-23 12:40:11,028[DEBUG]:<<<S2F41 W<<<  
<L [2] 
    <A [6] "RESUME">
    <L [0] >
>
2023-08-23 12:40:11,028[INFO ]:Queued SECS2 Message : S2F42
2023-08-23 12:40:11,058[INFO ]:SENT SECS2 Message : SSID(0), B2(2), B3(42), P(0), S(0), SB(14,104)
2023-08-23 12:40:11,058[INFO ]:>>>S2F42>>>  
<L [2] 
    <B [1] 04 >
    <L [0] >
>
2023-08-23 12:42:03,960[INFO ]:RECV SECS2 Message : SSID(0), B2(130), B3(41), P(0), S(0), SB(14,120), Length[11]
2023-08-23 12:42:03,960[DEBUG]:<<<S2F41 W<<<  
<L [2] 
    <A [5] "PAUSE">
    <L [0] >
>
2023-08-23 12:42:03,960[INFO ]:Queued SECS2 Message : S2F42
2023-08-23 12:42:04,020[INFO ]:SENT SECS2 Message : SSID(0), B2(2), B3(42), P(0), S(0), SB(14,120)
2023-08-23 12:42:04,020[INFO ]:>>>S2F42>>>  
<L [2] 
    <B [1] 04 >
    <L [0] >
>
2023-08-23 12:44:53,141[INFO ]:RECV SECS2 Message : SSID(0), B2(130), B3(41), P(0), S(0), SB(14,142), Length[12]
2023-08-23 12:44:53,141[DEBUG]:<<<S2F41 W<<<  
<L [2] 
    <A [6] "RESUME">
    <L [0] >
>
2023-08-23 12:44:53,142[INFO ]:Queued SECS2 Message : S2F42
2023-08-23 12:44:53,171[INFO ]:SENT SECS2 Message : SSID(0), B2(2), B3(42), P(0), S(0), SB(14,142)
2023-08-23 12:44:53,171[INFO ]:>>>S2F42>>>  
<L [2] 
    <B [1] 04 >
    <L [0] >
>
2023-08-23 12:45:05,848[INFO ]:RECV SECS2 Message : SSID(0), B2(130), B3(41), P(0), S(0), SB(14,144), Length[11]
2023-08-23 12:45:05,848[DEBUG]:<<<S2F41 W<<<  
<L [2] 
    <A [5] "PAUSE">
    <L [0] >
>
2023-08-23 12:45:05,849[INFO ]:Queued SECS2 Message : S2F42
2023-08-23 12:45:05,909[INFO ]:SENT SECS2 Message : SSID(0), B2(2), B3(42), P(0), S(0), SB(14,144)
2023-08-23 12:45:05,909[INFO ]:>>>S2F42>>>  
<L [2] 
    <B [1] 04 >
    <L [0] >
>
2023-08-23 12:46:51,927[INFO ]:Queued SECS2 Message : S6F11
2023-08-23 12:46:51,942[INFO ]:SENT SECS2 Message : SSID(0), B2(134), B3(11), P(0), S(0), SB(29)
2023-08-23 12:46:51,942[INFO ]:>>>S6F11 W>>>  
<L [3] 
    <U4 [1] 0 >
    <U4 [1] `OperationIDChanged` 1061 >
    <L [1] 
        <L [2] 
            <U4 [1] 1061 >
            <L [2] 
                <A [1] `UserId` "2">
                <A [1] `PreviousUserId` "2">
            >
        >
    >
>
2023-08-23 12:46:51,988[INFO ]:RECV SECS2 Message : SSID(0), B2(6), B3(12), P(0), S(0), SB(29), Length[3]
2023-08-23 12:46:51,988[DEBUG]:<<<S6F12<<<  
<B [1] 00 >
2023-08-23 12:46:54,612[INFO ]:Queued SECS2 Message : S6F11
2023-08-23 12:46:54,670[INFO ]:SENT SECS2 Message : SSID(0), B2(134), B3(11), P(0), S(0), SB(30)
2023-08-23 12:46:54,670[INFO ]:>>>S6F11 W>>>  
<L [3] 
    <U4 [1] 0 >
    <U4 [1] `EquipmentStateChanged` 1051 >
    <L [1] 
        <L [2] 
            <U4 [1] 1051 >
            <L [2] 
                <U2 [1] `EqpState` 4 >
                <U2 [1] `PreviousEqpState` 3 >
            >
        >
    >
>
2023-08-23 12:46:54,716[INFO ]:RECV SECS2 Message : SSID(0), B2(6), B3(12), P(0), S(0), SB(30), Length[3]
2023-08-23 12:46:54,716[DEBUG]:<<<S6F12<<<  
<B [1] 00 >
2023-08-23 12:46:59,581[INFO ]:RECV SECS2 Message : SSID(0), B2(130), B3(41), P(0), S(0), SB(14,160), Length[12]
2023-08-23 12:46:59,581[DEBUG]:<<<S2F41 W<<<  
<L [2] 
    <A [6] "RESUME">
    <L [0] >
>
2023-08-23 12:46:59,582[INFO ]:Queued SECS2 Message : S2F42
2023-08-23 12:46:59,588[INFO ]:SENT SECS2 Message : SSID(0), B2(2), B3(42), P(0), S(0), SB(14,160)
2023-08-23 12:46:59,588[INFO ]:>>>S2F42>>>  
<L [2] 
    <B [1] 04 >
    <L [0] >
>
2023-08-23 12:47:07,268[INFO ]:Queued SECS2 Message : S6F11
2023-08-23 12:47:07,270[INFO ]:Queued SECS2 Message : S6F11
2023-08-23 12:47:07,295[INFO ]:SENT SECS2 Message : SSID(0), B2(134), B3(11), P(0), S(0), SB(31)
2023-08-23 12:47:07,295[INFO ]:>>>S6F11 W>>>  
<L [3] 
    <U4 [1] 0 >
    <U4 [1] `EquipmentStateChanged` 1051 >
    <L [1] 
        <L [2] 
            <U4 [1] 1051 >
            <L [2] 
                <U2 [1] `EqpState` 2 >
                <U2 [1] `PreviousEqpState` 4 >
            >
        >
    >
>
2023-08-23 12:47:07,295[INFO ]:SENT SECS2 Message : SSID(0), B2(134), B3(11), P(0), S(0), SB(32)
2023-08-23 12:47:07,295[INFO ]:>>>S6F11 W>>>  
<L [3] 
    <U4 [1] 0 >
    <U4 [1] `ModuleStart` 1101 >
    <L [1] 
        <L [2] 
            <U4 [1] 1101 >
            <L [7] 
                <A [4] `ModuleID` "TM01">
                <U2 [1] `PortID` 1 >
                <A [0] `TrayID` >
                <A [0] `LotID` >
                <U2 [1] `SlotNo` 0 >
                <A [0] `GlassID` >
                <A [1] `UserId` "2">
            >
        >
    >
>
2023-08-23 12:47:07,372[INFO ]:RECV SECS2 Message : SSID(0), B2(6), B3(12), P(0), S(0), SB(31), Length[3]
2023-08-23 12:47:07,372[DEBUG]:<<<S6F12<<<  
<B [1] 00 >
2023-08-23 12:47:07,373[INFO ]:RECV SECS2 Message : SSID(0), B2(6), B3(12), P(0), S(0), SB(32), Length[3]
2023-08-23 12:47:07,373[DEBUG]:<<<S6F12<<<  
<B [1] 00 >
2023-08-23 12:47:07,512[INFO ]:Queued SECS2 Message : S6F11
2023-08-23 12:47:07,539[INFO ]:SENT SECS2 Message : SSID(0), B2(134), B3(11), P(0), S(0), SB(33)
2023-08-23 12:47:07,539[INFO ]:>>>S6F11 W>>>  
<L [3] 
    <U4 [1] 0 >
    <U4 [1] `ModuleStart` 1101 >
    <L [1] 
        <L [2] 
            <U4 [1] 1101 >
            <L [7] 
                <A [4] `ModuleID` "BF01">
                <U2 [1] `PortID` 1 >
                <A [0] `TrayID` >
                <A [0] `LotID` >
                <U2 [1] `SlotNo` 0 >
                <A [0] `GlassID` >
                <A [1] `UserId` "2">
            >
        >
    >
>
2023-08-23 12:47:07,600[INFO ]:RECV SECS2 Message : SSID(0), B2(6), B3(12), P(0), S(0), SB(33), Length[3]
2023-08-23 12:47:07,600[DEBUG]:<<<S6F12<<<  
<B [1] 00 >
2023-08-23 12:47:07,713[INFO ]:Queued SECS2 Message : S6F11
2023-08-23 12:47:07,723[INFO ]:SENT SECS2 Message : SSID(0), B2(134), B3(11), P(0), S(0), SB(34)
2023-08-23 12:47:07,723[INFO ]:>>>S6F11 W>>>  
<L [3] 
    <U4 [1] 0 >
    <U4 [1] `ModuleStart` 1101 >
    <L [1] 
        <L [2] 
            <U4 [1] 1101 >
            <L [7] 
                <A [4] `ModuleID` "TM01">
                <U2 [1] `PortID` 1 >
                <A [0] `TrayID` >
                <A [0] `LotID` >
                <U2 [1] `SlotNo` 0 >
                <A [0] `GlassID` >
                <A [1] `UserId` "2">
            >
        >
    >
>
2023-08-23 12:47:07,761[INFO ]:RECV SECS2 Message : SSID(0), B2(6), B3(12), P(0), S(0), SB(34), Length[3]
2023-08-23 12:47:07,761[DEBUG]:<<<S6F12<<<  
<B [1] 00 >
2023-08-23 12:47:08,158[INFO ]:Queued SECS2 Message : S6F11
2023-08-23 12:47:08,207[INFO ]:SENT SECS2 Message : SSID(0), B2(134), B3(11), P(0), S(0), SB(35)
2023-08-23 12:47:08,207[INFO ]:>>>S6F11 W>>>  
<L [3] 
    <U4 [1] 0 >
    <U4 [1] `ModuleStart` 1101 >
    <L [1] 
        <L [2] 
            <U4 [1] 1101 >
            <L [7] 
                <A [4] `ModuleID` "TM01">
                <U2 [1] `PortID` 1 >
                <A [0] `TrayID` >
                <A [0] `LotID` >
                <U2 [1] `SlotNo` 0 >
                <A [0] `GlassID` >
                <A [1] `UserId` "2">
            >
        >
    >
>
2023-08-23 12:47:08,283[INFO ]:RECV SECS2 Message : SSID(0), B2(6), B3(12), P(0), S(0), SB(35), Length[3]
2023-08-23 12:47:08,283[DEBUG]:<<<S6F12<<<  
<B [1] 00 >
2023-08-23 12:47:08,553[INFO ]:Queued SECS2 Message : S6F11
2023-08-23 12:47:08,573[INFO ]:SENT SECS2 Message : SSID(0), B2(134), B3(11), P(0), S(0), SB(36)
2023-08-23 12:47:08,573[INFO ]:>>>S6F11 W>>>  
<L [3] 
    <U4 [1] 0 >
    <U4 [1] `ModuleStart` 1101 >
    <L [1] 
        <L [2] 
            <U4 [1] 1101 >
            <L [7] 
                <A [4] `ModuleID` "TM01">
                <U2 [1] `PortID` 1 >
                <A [0] `TrayID` >
                <A [0] `LotID` >
                <U2 [1] `SlotNo` 0 >
                <A [0] `GlassID` >
                <A [1] `UserId` "2">
            >
        >
    >
>
2023-08-23 12:47:08,665[INFO ]:RECV SECS2 Message : SSID(0), B2(6), B3(12), P(0), S(0), SB(36), Length[3]
2023-08-23 12:47:08,665[DEBUG]:<<<S6F12<<<  
<B [1] 00 >
2023-08-23 12:47:08,894[INFO ]:RECV SECS2 Message : SSID(0), B2(130), B3(41), P(0), S(0), SB(14,174), Length[11]
2023-08-23 12:47:08,894[DEBUG]:<<<S2F41 W<<<  
<L [2] 
    <A [5] "PAUSE">
    <L [0] >
>
2023-08-23 12:47:08,895[INFO ]:Queued SECS2 Message : S2F42
2023-08-23 12:47:08,941[INFO ]:SENT SECS2 Message : SSID(0), B2(2), B3(42), P(0), S(0), SB(14,174)
2023-08-23 12:47:08,941[INFO ]:>>>S2F42>>>  
<L [2] 
    <B [1] 04 >
    <L [0] >
>
2023-08-23 12:47:08,984[INFO ]:Queued SECS2 Message : S6F11
2023-08-23 12:47:09,001[INFO ]:SENT SECS2 Message : SSID(0), B2(134), B3(11), P(0), S(0), SB(37)
2023-08-23 12:47:09,002[INFO ]:>>>S6F11 W>>>  
<L [3] 
    <U4 [1] 0 >
    <U4 [1] `ModuleStart` 1101 >
    <L [1] 
        <L [2] 
            <U4 [1] 1101 >
            <L [7] 
                <A [4] `ModuleID` "TM01">
                <U2 [1] `PortID` 1 >
                <A [0] `TrayID` >
                <A [0] `LotID` >
                <U2 [1] `SlotNo` 0 >
                <A [0] `GlassID` >
                <A [1] `UserId` "2">
            >
        >
    >
>
2023-08-23 12:47:09,048[INFO ]:RECV SECS2 Message : SSID(0), B2(6), B3(12), P(0), S(0), SB(37), Length[3]
2023-08-23 12:47:09,048[DEBUG]:<<<S6F12<<<  
<B [1] 00 >
2023-08-23 12:47:09,474[INFO ]:Queued SECS2 Message : S6F11
2023-08-23 12:47:09,486[INFO ]:SENT SECS2 Message : SSID(0), B2(134), B3(11), P(0), S(0), SB(38)
2023-08-23 12:47:09,486[INFO ]:>>>S6F11 W>>>  
<L [3] 
    <U4 [1] 0 >
    <U4 [1] `ModuleStart` 1101 >
    <L [1] 
        <L [2] 
            <U4 [1] 1101 >
            <L [7] 
                <A [4] `ModuleID` "TM01">
                <U2 [1] `PortID` 1 >
                <A [0] `TrayID` >
                <A [0] `LotID` >
                <U2 [1] `SlotNo` 0 >
                <A [0] `GlassID` >
                <A [1] `UserId` "2">
            >
        >
    >
>
2023-08-23 12:47:09,578[INFO ]:RECV SECS2 Message : SSID(0), B2(6), B3(12), P(0), S(0), SB(38), Length[3]
2023-08-23 12:47:09,578[DEBUG]:<<<S6F12<<<  
<B [1] 00 >
2023-08-23 12:47:10,024[INFO ]:Queued SECS2 Message : S6F11
2023-08-23 12:47:10,034[INFO ]:SENT SECS2 Message : SSID(0), B2(134), B3(11), P(0), S(0), SB(39)
2023-08-23 12:47:10,034[INFO ]:>>>S6F11 W>>>  
<L [3] 
    <U4 [1] 0 >
    <U4 [1] `ModuleStart` 1101 >
    <L [1] 
        <L [2] 
            <U4 [1] 1101 >
            <L [7] 
                <A [4] `ModuleID` "TM01">
                <U2 [1] `PortID` 1 >
                <A [0] `TrayID` >
                <A [0] `LotID` >
                <U2 [1] `SlotNo` 0 >
                <A [0] `GlassID` >
                <A [1] `UserId` "2">
            >
        >
    >
>
2023-08-23 12:47:10,110[INFO ]:RECV SECS2 Message : SSID(0), B2(6), B3(12), P(0), S(0), SB(39), Length[3]
2023-08-23 12:47:10,110[DEBUG]:<<<S6F12<<<  
<B [1] 00 >
2023-08-23 12:47:10,566[INFO ]:Queued SECS2 Message : S6F11
2023-08-23 12:47:10,580[INFO ]:SENT SECS2 Message : SSID(0), B2(134), B3(11), P(0), S(0), SB(40)
2023-08-23 12:47:10,580[INFO ]:>>>S6F11 W>>>  
<L [3] 
    <U4 [1] 0 >
    <U4 [1] `ModuleStart` 1101 >
    <L [1] 
        <L [2] 
            <U4 [1] 1101 >
            <L [7] 
                <A [4] `ModuleID` "TM01">
                <U2 [1] `PortID` 1 >
                <A [0] `TrayID` >
                <A [0] `LotID` >
                <U2 [1] `SlotNo` 0 >
                <A [0] `GlassID` >
                <A [1] `UserId` "2">
            >
        >
    >
>
2023-08-23 12:47:10,642[INFO ]:RECV SECS2 Message : SSID(0), B2(6), B3(12), P(0), S(0), SB(40), Length[3]
2023-08-23 12:47:10,642[DEBUG]:<<<S6F12<<<  
<B [1] 00 >
2023-08-23 12:47:11,116[INFO ]:Queued SECS2 Message : S6F11
2023-08-23 12:47:11,129[INFO ]:SENT SECS2 Message : SSID(0), B2(134), B3(11), P(0), S(0), SB(41)
2023-08-23 12:47:11,129[INFO ]:>>>S6F11 W>>>  
<L [3] 
    <U4 [1] 0 >
    <U4 [1] `ModuleStart` 1101 >
    <L [1] 
        <L [2] 
            <U4 [1] 1101 >
            <L [7] 
                <A [4] `ModuleID` "TM01">
                <U2 [1] `PortID` 1 >
                <A [0] `TrayID` >
                <A [0] `LotID` >
                <U2 [1] `SlotNo` 0 >
                <A [0] `GlassID` >
                <A [1] `UserId` "2">
            >
        >
    >
>
2023-08-23 12:47:11,175[INFO ]:RECV SECS2 Message : SSID(0), B2(6), B3(12), P(0), S(0), SB(41), Length[3]
2023-08-23 12:47:11,175[DEBUG]:<<<S6F12<<<  
<B [1] 00 >
2023-08-23 12:47:11,686[INFO ]:Queued SECS2 Message : S6F11
2023-08-23 12:47:11,736[INFO ]:SENT SECS2 Message : SSID(0), B2(134), B3(11), P(0), S(0), SB(42)
2023-08-23 12:47:11,736[INFO ]:>>>S6F11 W>>>  
<L [3] 
    <U4 [1] 0 >
    <U4 [1] `ModuleStart` 1101 >
    <L [1] 
        <L [2] 
            <U4 [1] 1101 >
            <L [7] 
                <A [4] `ModuleID` "TM01">
                <U2 [1] `PortID` 1 >
                <A [0] `TrayID` >
                <A [0] `LotID` >
                <U2 [1] `SlotNo` 0 >
                <A [0] `GlassID` >
                <A [1] `UserId` "2">
            >
        >
    >
>
2023-08-23 12:47:11,782[INFO ]:RECV SECS2 Message : SSID(0), B2(6), B3(12), P(0), S(0), SB(42), Length[3]
2023-08-23 12:47:11,782[DEBUG]:<<<S6F12<<<  
<B [1] 00 >
2023-08-23 12:47:12,257[INFO ]:Queued SECS2 Message : S6F11
2023-08-23 12:47:12,283[INFO ]:SENT SECS2 Message : SSID(0), B2(134), B3(11), P(0), S(0), SB(43)
2023-08-23 12:47:12,283[INFO ]:>>>S6F11 W>>>  
<L [3] 
    <U4 [1] 0 >
    <U4 [1] `ModuleStart` 1101 >
    <L [1] 
        <L [2] 
            <U4 [1] 1101 >
            <L [7] 
                <A [4] `ModuleID` "TM01">
                <U2 [1] `PortID` 1 >
                <A [0] `TrayID` >
                <A [0] `LotID` >
                <U2 [1] `SlotNo` 0 >
                <A [0] `GlassID` >
                <A [1] `UserId` "2">
            >
        >
    >
>
2023-08-23 12:47:12,321[INFO ]:RECV SECS2 Message : SSID(0), B2(6), B3(12), P(0), S(0), SB(43), Length[3]
2023-08-23 12:47:12,321[DEBUG]:<<<S6F12<<<  
<B [1] 00 >
2023-08-23 12:47:12,813[INFO ]:Queued SECS2 Message : S6F11
2023-08-23 12:47:12,832[INFO ]:SENT SECS2 Message : SSID(0), B2(134), B3(11), P(0), S(0), SB(44)
2023-08-23 12:47:12,832[INFO ]:>>>S6F11 W>>>  
<L [3] 
    <U4 [1] 0 >
    <U4 [1] `ModuleStart` 1101 >
    <L [1] 
        <L [2] 
            <U4 [1] 1101 >
            <L [7] 
                <A [4] `ModuleID` "TM01">
                <U2 [1] `PortID` 1 >
                <A [0] `TrayID` >
                <A [0] `LotID` >
                <U2 [1] `SlotNo` 0 >
                <A [0] `GlassID` >
                <A [1] `UserId` "2">
            >
        >
    >
>
2023-08-23 12:47:12,923[INFO ]:RECV SECS2 Message : SSID(0), B2(6), B3(12), P(0), S(0), SB(44), Length[3]
2023-08-23 12:47:12,923[DEBUG]:<<<S6F12<<<  
<B [1] 00 >
2023-08-23 12:47:13,337[INFO ]:Queued SECS2 Message : S6F11
2023-08-23 12:47:13,380[INFO ]:SENT SECS2 Message : SSID(0), B2(134), B3(11), P(0), S(0), SB(45)
2023-08-23 12:47:13,380[INFO ]:>>>S6F11 W>>>  
<L [3] 
    <U4 [1] 0 >
    <U4 [1] `ModuleStart` 1101 >
    <L [1] 
        <L [2] 
            <U4 [1] 1101 >
            <L [7] 
                <A [4] `ModuleID` "TM01">
                <U2 [1] `PortID` 1 >
                <A [0] `TrayID` >
                <A [0] `LotID` >
                <U2 [1] `SlotNo` 0 >
                <A [0] `GlassID` >
                <A [1] `UserId` "2">
            >
        >
    >
>
2023-08-23 12:47:13,457[INFO ]:RECV SECS2 Message : SSID(0), B2(6), B3(12), P(0), S(0), SB(45), Length[3]
2023-08-23 12:47:13,457[DEBUG]:<<<S6F12<<<  
<B [1] 00 >
2023-08-23 12:47:13,870[INFO ]:Queued SECS2 Message : S6F11
2023-08-23 12:47:13,924[INFO ]:SENT SECS2 Message : SSID(0), B2(134), B3(11), P(0), S(0), SB(46)
2023-08-23 12:47:13,924[INFO ]:>>>S6F11 W>>>  
<L [3] 
    <U4 [1] 0 >
    <U4 [1] `ModuleStart` 1101 >
    <L [1] 
        <L [2] 
            <U4 [1] 1101 >
            <L [7] 
                <A [4] `ModuleID` "TM01">
                <U2 [1] `PortID` 1 >
                <A [0] `TrayID` >
                <A [0] `LotID` >
                <U2 [1] `SlotNo` 0 >
                <A [0] `GlassID` >
                <A [1] `UserId` "2">
            >
        >
    >
>
2023-08-23 12:47:13,986[INFO ]:RECV SECS2 Message : SSID(0), B2(6), B3(12), P(0), S(0), SB(46), Length[3]
2023-08-23 12:47:13,986[DEBUG]:<<<S6F12<<<  
<B [1] 00 >
2023-08-23 12:47:14,415[INFO ]:Queued SECS2 Message : S6F11
2023-08-23 12:47:14,472[INFO ]:SENT SECS2 Message : SSID(0), B2(134), B3(11), P(0), S(0), SB(47)
2023-08-23 12:47:14,472[INFO ]:>>>S6F11 W>>>  
<L [3] 
    <U4 [1] 0 >
    <U4 [1] `ModuleStart` 1101 >
    <L [1] 
        <L [2] 
            <U4 [1] 1101 >
            <L [7] 
                <A [4] `ModuleID` "TM01">
                <U2 [1] `PortID` 1 >
                <A [0] `TrayID` >
                <A [0] `LotID` >
                <U2 [1] `SlotNo` 0 >
                <A [0] `GlassID` >
                <A [1] `UserId` "2">
            >
        >
    >
>
2023-08-23 12:47:14,973[INFO ]:Queued SECS2 Message : S6F11
2023-08-23 12:47:15,023[INFO ]:SENT SECS2 Message : SSID(0), B2(134), B3(11), P(0), S(0), SB(48)
2023-08-23 12:47:15,023[INFO ]:>>>S6F11 W>>>  
<L [3] 
    <U4 [1] 0 >
    <U4 [1] `ModuleStart` 1101 >
    <L [1] 
        <L [2] 
            <U4 [1] 1101 >
            <L [7] 
                <A [4] `ModuleID` "TM01">
                <U2 [1] `PortID` 1 >
                <A [0] `TrayID` >
                <A [0] `LotID` >
                <U2 [1] `SlotNo` 0 >
                <A [0] `GlassID` >
                <A [1] `UserId` "2">
            >
        >
    >
>
2023-08-23 12:47:15,054[INFO ]:RECV SECS2 Message : SSID(0), B2(6), B3(12), P(0), S(0), SB(47), Length[3]
2023-08-23 12:47:15,054[DEBUG]:<<<S6F12<<<  
<B [1] 00 >
2023-08-23 12:47:15,370[INFO ]:RECV SECS2 Message : SSID(0), B2(6), B3(12), P(0), S(0), SB(48), Length[3]
2023-08-23 12:47:15,370[DEBUG]:<<<S6F12<<<  
<B [1] 00 >
2023-08-23 12:47:15,527[INFO ]:Queued SECS2 Message : S6F11
2023-08-23 12:47:15,574[INFO ]:SENT SECS2 Message : SSID(0), B2(134), B3(11), P(0), S(0), SB(49)
2023-08-23 12:47:15,574[INFO ]:>>>S6F11 W>>>  
<L [3] 
    <U4 [1] 0 >
    <U4 [1] `ModuleStart` 1101 >
    <L [1] 
        <L [2] 
            <U4 [1] 1101 >
            <L [7] 
                <A [4] `ModuleID` "TM01">
                <U2 [1] `PortID` 1 >
                <A [0] `TrayID` >
                <A [0] `LotID` >
                <U2 [1] `SlotNo` 0 >
                <A [0] `GlassID` >
                <A [1] `UserId` "2">
            >
        >
    >
>
2023-08-23 12:47:15,666[INFO ]:RECV SECS2 Message : SSID(0), B2(6), B3(12), P(0), S(0), SB(49), Length[3]
2023-08-23 12:47:15,666[DEBUG]:<<<S6F12<<<  
<B [1] 00 >
2023-08-23 12:47:16,105[INFO ]:Queued SECS2 Message : S6F11
2023-08-23 12:47:16,121[INFO ]:SENT SECS2 Message : SSID(0), B2(134), B3(11), P(0), S(0), SB(50)
2023-08-23 12:47:16,121[INFO ]:>>>S6F11 W>>>  
<L [3] 
    <U4 [1] 0 >
    <U4 [1] `ModuleStart` 1101 >
    <L [1] 
        <L [2] 
            <U4 [1] 1101 >
            <L [7] 
                <A [4] `ModuleID` "TM01">
                <U2 [1] `PortID` 1 >
                <A [0] `TrayID` >
                <A [0] `LotID` >
                <U2 [1] `SlotNo` 0 >
                <A [0] `GlassID` >
                <A [1] `UserId` "2">
            >
        >
    >
>
2023-08-23 12:47:16,199[INFO ]:RECV SECS2 Message : SSID(0), B2(6), B3(12), P(0), S(0), SB(50), Length[3]
2023-08-23 12:47:16,199[DEBUG]:<<<S6F12<<<  
<B [1] 00 >
2023-08-23 12:47:16,654[INFO ]:Queued SECS2 Message : S6F11
2023-08-23 12:47:16,669[INFO ]:SENT SECS2 Message : SSID(0), B2(134), B3(11), P(0), S(0), SB(51)
2023-08-23 12:47:16,669[INFO ]:>>>S6F11 W>>>  
<L [3] 
    <U4 [1] 0 >
    <U4 [1] `ModuleStart` 1101 >
    <L [1] 
        <L [2] 
            <U4 [1] 1101 >
            <L [7] 
                <A [4] `ModuleID` "TM01">
                <U2 [1] `PortID` 1 >
                <A [0] `TrayID` >
                <A [0] `LotID` >
                <U2 [1] `SlotNo` 0 >
                <A [0] `GlassID` >
                <A [1] `UserId` "2">
            >
        >
    >
>
2023-08-23 12:47:16,730[INFO ]:RECV SECS2 Message : SSID(0), B2(6), B3(12), P(0), S(0), SB(51), Length[3]
2023-08-23 12:47:16,730[DEBUG]:<<<S6F12<<<  
<B [1] 00 >
2023-08-23 12:47:16,934[INFO ]:Queued SECS2 Message : S6F11
2023-08-23 12:47:16,973[INFO ]:SENT SECS2 Message : SSID(0), B2(134), B3(11), P(0), S(0), SB(52)
2023-08-23 12:47:16,973[INFO ]:>>>S6F11 W>>>  
<L [3] 
    <U4 [1] 0 >
    <U4 [1] `EquipmentStateChanged` 1051 >
    <L [1] 
        <L [2] 
            <U4 [1] 1051 >
            <L [2] 
                <U2 [1] `EqpState` 1 >
                <U2 [1] `PreviousEqpState` 2 >
            >
        >
    >
>
2023-08-23 12:47:17,034[INFO ]:RECV SECS2 Message : SSID(0), B2(6), B3(12), P(0), S(0), SB(52), Length[3]
2023-08-23 12:47:17,034[DEBUG]:<<<S6F12<<<  
<B [1] 00 >
2023-08-23 12:50:39,276[INFO ]:Queued SECS2 Message : S6F11
2023-08-23 12:50:39,276[INFO ]:SENT SECS2 Message : SSID(0), B2(134), B3(11), P(0), S(0), SB(55)
2023-08-23 12:50:39,277[INFO ]:>>>S6F11 W>>>  
<L [3] 
    <U4 [1] 0 >
    <U4 [1] `ProcessEnd` 1312 >
    <L [0] >
>
2023-08-23 12:50:39,280[INFO ]:Queued SECS2 Message : S6F11
2023-08-23 12:50:39,321[INFO ]:RECV SECS2 Message : SSID(0), B2(6), B3(12), P(0), S(0), SB(55), Length[3]
2023-08-23 12:50:39,321[DEBUG]:<<<S6F12<<<  
<B [1] 00 >
2023-08-23 12:50:39,337[INFO ]:SENT SECS2 Message : SSID(0), B2(134), B3(11), P(0), S(0), SB(56)
2023-08-23 12:50:39,337[INFO ]:>>>S6F11 W>>>  
<L [3] 
    <U4 [1] 0 >
    <U4 [1] `SubstrateLocationOccupied` 1201 >
    <L [0] >
>
2023-08-23 12:50:39,396[INFO ]:RECV SECS2 Message : SSID(0), B2(6), B3(12), P(0), S(0), SB(56), Length[3]
2023-08-23 12:50:39,396[DEBUG]:<<<S6F12<<<  
<B [1] 00 >
2023-08-23 12:50:39,573[INFO ]:Queued SECS2 Message : S6F11
2023-08-23 12:50:39,579[INFO ]:SENT SECS2 Message : SSID(0), B2(134), B3(11), P(0), S(0), SB(57)
2023-08-23 12:50:39,579[INFO ]:>>>S6F11 W>>>  
<L [3] 
    <U4 [1] 0 >
    <U4 [1] `ProcessEnd` 1312 >
    <L [0] >
>
2023-08-23 12:50:39,626[INFO ]:RECV SECS2 Message : SSID(0), B2(6), B3(12), P(0), S(0), SB(57), Length[3]
2023-08-23 12:50:39,626[DEBUG]:<<<S6F12<<<  
<B [1] 00 >
2023-08-23 12:50:42,992[INFO ]:Queued SECS2 Message : S6F11
2023-08-23 12:50:42,993[INFO ]:Queued SECS2 Message : S6F11
2023-08-23 12:50:43,048[INFO ]:SENT SECS2 Message : SSID(0), B2(134), B3(11), P(0), S(0), SB(58)
2023-08-23 12:50:43,048[INFO ]:>>>S6F11 W>>>  
<L [3] 
    <U4 [1] 0 >
    <U4 [1] `ProcessEnd` 1312 >
    <L [0] >
>
2023-08-23 12:50:43,049[INFO ]:SENT SECS2 Message : SSID(0), B2(134), B3(11), P(0), S(0), SB(59)
2023-08-23 12:50:43,049[INFO ]:>>>S6F11 W>>>  
<L [3] 
    <U4 [1] 0 >
    <U4 [1] `SubstrateLocationOccupied` 1201 >
    <L [0] >
>
2023-08-23 12:50:43,062[INFO ]:RECV SECS2 Message : SSID(0), B2(6), B3(12), P(0), S(0), SB(58), Length[3]
2023-08-23 12:50:43,062[DEBUG]:<<<S6F12<<<  
<B [1] 00 >
2023-08-23 12:50:43,074[INFO ]:RECV SECS2 Message : SSID(0), B2(6), B3(12), P(0), S(0), SB(59), Length[3]
2023-08-23 12:50:43,074[DEBUG]:<<<S6F12<<<  
<B [1] 00 >
2023-08-23 12:50:43,259[INFO ]:Queued SECS2 Message : S6F11
2023-08-23 12:50:43,292[INFO ]:SENT SECS2 Message : SSID(0), B2(134), B3(11), P(0), S(0), SB(60)
2023-08-23 12:50:43,292[INFO ]:>>>S6F11 W>>>  
<L [3] 
    <U4 [1] 0 >
    <U4 [1] `ProcessEnd` 1312 >
    <L [0] >
>
2023-08-23 12:50:43,305[INFO ]:RECV SECS2 Message : SSID(0), B2(6), B3(12), P(0), S(0), SB(60), Length[3]
2023-08-23 12:50:43,305[DEBUG]:<<<S6F12<<<  
<B [1] 00 >
2023-08-23 12:50:57,996[INFO ]:Queued SECS2 Message : S6F11
2023-08-23 12:50:58,024[INFO ]:SENT SECS2 Message : SSID(0), B2(134), B3(11), P(0), S(0), SB(61)
2023-08-23 12:50:58,024[INFO ]:>>>S6F11 W>>>  
<L [3] 
    <U4 [1] 0 >
    <U4 [1] `GlassScrapComplete` 1602 >
    <L [1] 
        <L [2] 
            <U4 [1] 1602 >
            <L [2] 
                <A [0] `TrayID` >
                <A [0] `GlassID` >
            >
        >
    >
>
2023-08-23 12:50:58,041[INFO ]:RECV SECS2 Message : SSID(0), B2(6), B3(12), P(0), S(0), SB(61), Length[3]
2023-08-23 12:50:58,041[DEBUG]:<<<S6F12<<<  
<B [1] 00 >
2023-08-23 12:52:09,858[INFO ]:Queued SECS2 Message : S1F13
2023-08-23 12:52:09,875[INFO ]:SENT SECS2 Message : SSID(0), B2(129), B3(13), P(0), S(0), SB(1)
2023-08-23 12:52:09,877[INFO ]:>>>S1F13 W>>>  
<L [2] 
    <A [3] "UPK">
    <A [14] "1.0.8635.23161">
>
2023-08-23 12:52:09,891[INFO ]:RECV SECS2 Message : SSID(0), B2(1), B3(14), P(0), S(0), SB(1), Length[7]
2023-08-23 12:52:09,891[DEBUG]:<<<S1F14<<<  
<L [2] 
    <B [1] 00 >
    <L [0] >
>
2023-08-23 12:52:16,932[INFO ]:RECV SECS2 Message : SSID(0), B2(129), B3(13), P(0), S(0), SB(14,258), Length[2]
2023-08-23 12:52:16,932[DEBUG]:<<<S1F13 W<<<  
<L [0] >
2023-08-23 12:52:16,933[INFO ]:Queued SECS2 Message : S1F14
2023-08-23 12:52:16,978[INFO ]:SENT SECS2 Message : SSID(0), B2(1), B3(14), P(0), S(0), SB(14,258)
2023-08-23 12:52:16,978[INFO ]:>>>S1F14>>>  
<L [2] 
    <B [1] 00 >
    <L [2] 
        <A [3] "UPK">
        <A [14] "1.0.8635.23161">
    >
>
2023-08-23 12:52:17,008[INFO ]:RECV SECS2 Message : SSID(0), B2(129), B3(17), P(0), S(0), SB(14,260), Length[0]
2023-08-23 12:52:17,008[DEBUG]:<<<S1F17 W<<<  

2023-08-23 12:52:17,010[INFO ]:Queued SECS2 Message : S1F18
2023-08-23 12:52:17,038[INFO ]:SENT SECS2 Message : SSID(0), B2(1), B3(18), P(0), S(0), SB(14,260)
2023-08-23 12:52:17,038[INFO ]:>>>S1F18>>>  
<B [1] 02 >
2023-08-23 12:52:34,059[INFO ]:RECV SECS2 Message : SSID(0), B2(130), B3(41), P(0), S(0), SB(14,262), Length[12]
2023-08-23 12:52:34,059[DEBUG]:<<<S2F41 W<<<  
<L [2] 
    <A [6] "RESUME">
    <L [0] >
>
2023-08-23 12:52:34,068[INFO ]:Queued SECS2 Message : S2F42
2023-08-23 12:52:34,074[INFO ]:SENT SECS2 Message : SSID(0), B2(2), B3(42), P(0), S(0), SB(14,262)
2023-08-23 12:52:34,074[INFO ]:>>>S2F42>>>  
<L [2] 
    <B [1] 04 >
    <L [0] >
>
2023-08-23 12:53:49,884[INFO ]:Queued SECS2 Message : S6F11
2023-08-23 12:53:49,885[INFO ]:Queued SECS2 Message : S6F11
2023-08-23 12:53:49,904[INFO ]:SENT SECS2 Message : SSID(0), B2(134), B3(11), P(0), S(0), SB(2)
2023-08-23 12:53:49,905[INFO ]:>>>S6F11 W>>>  
<L [3] 
    <U4 [1] 0 >
    <U4 [1] `EquipmentStateChanged` 1051 >
    <L [1] 
        <L [2] 
            <U4 [1] 1051 >
            <L [2] 
                <U2 [1] `EqpState` 2 >
                <U2 [1] `PreviousEqpState` 1 >
            >
        >
    >
>
2023-08-23 12:53:49,905[INFO ]:SENT SECS2 Message : SSID(0), B2(134), B3(11), P(0), S(0), SB(3)
2023-08-23 12:53:49,905[INFO ]:>>>S6F11 W>>>  
<L [3] 
    <U4 [1] 0 >
    <U4 [1] `ModuleStart` 1101 >
    <L [1] 
        <L [2] 
            <U4 [1] 1101 >
            <L [7] 
                <A [4] `ModuleID` "TM01">
                <U2 [1] `PortID` 1 >
                <A [0] `TrayID` >
                <A [0] `LotID` >
                <U2 [1] `SlotNo` 0 >
                <A [0] `GlassID` >
                <A [1] `UserId` "2">
            >
        >
    >
>
2023-08-23 12:53:49,996[INFO ]:RECV SECS2 Message : SSID(0), B2(6), B3(12), P(0), S(0), SB(2), Length[3]
2023-08-23 12:53:49,996[DEBUG]:<<<S6F12<<<  
<B [1] 00 >
2023-08-23 12:53:49,997[INFO ]:RECV SECS2 Message : SSID(0), B2(6), B3(12), P(0), S(0), SB(3), Length[3]
2023-08-23 12:53:49,997[DEBUG]:<<<S6F12<<<  
<B [1] 00 >
2023-08-23 12:53:50,269[INFO ]:Queued SECS2 Message : S6F11
2023-08-23 12:53:50,327[INFO ]:SENT SECS2 Message : SSID(0), B2(134), B3(11), P(0), S(0), SB(4)
2023-08-23 12:53:50,327[INFO ]:>>>S6F11 W>>>  
<L [3] 
    <U4 [1] 0 >
    <U4 [1] `ModuleStart` 1101 >
    <L [1] 
        <L [2] 
            <U4 [1] 1101 >
            <L [7] 
                <A [4] `ModuleID` "TM01">
                <U2 [1] `PortID` 1 >
                <A [0] `TrayID` >
                <A [0] `LotID` >
                <U2 [1] `SlotNo` 0 >
                <A [0] `GlassID` >
                <A [1] `UserId` "2">
            >
        >
    >
>
2023-08-23 12:53:50,372[INFO ]:RECV SECS2 Message : SSID(0), B2(6), B3(12), P(0), S(0), SB(4), Length[3]
2023-08-23 12:53:50,372[DEBUG]:<<<S6F12<<<  
<B [1] 00 >
2023-08-23 12:53:50,666[INFO ]:Queued SECS2 Message : S6F11
2023-08-23 12:53:50,690[INFO ]:SENT SECS2 Message : SSID(0), B2(134), B3(11), P(0), S(0), SB(5)
2023-08-23 12:53:50,691[INFO ]:>>>S6F11 W>>>  
<L [3] 
    <U4 [1] 0 >
    <U4 [1] `ModuleStart` 1101 >
    <L [1] 
        <L [2] 
            <U4 [1] 1101 >
            <L [7] 
                <A [4] `ModuleID` "TM01">
                <U2 [1] `PortID` 1 >
                <A [0] `TrayID` >
                <A [0] `LotID` >
                <U2 [1] `SlotNo` 0 >
                <A [0] `GlassID` >
                <A [1] `UserId` "2">
            >
        >
    >
>
2023-08-23 12:53:50,752[INFO ]:RECV SECS2 Message : SSID(0), B2(6), B3(12), P(0), S(0), SB(5), Length[3]
2023-08-23 12:53:50,752[DEBUG]:<<<S6F12<<<  
<B [1] 00 >
2023-08-23 12:53:51,083[INFO ]:Queued SECS2 Message : S6F11
2023-08-23 12:53:51,116[INFO ]:SENT SECS2 Message : SSID(0), B2(134), B3(11), P(0), S(0), SB(6)
2023-08-23 12:53:51,116[INFO ]:>>>S6F11 W>>>  
<L [3] 
    <U4 [1] 0 >
    <U4 [1] `ModuleStart` 1101 >
    <L [1] 
        <L [2] 
            <U4 [1] 1101 >
            <L [7] 
                <A [4] `ModuleID` "TM01">
                <U2 [1] `PortID` 1 >
                <A [0] `TrayID` >
                <A [0] `LotID` >
                <U2 [1] `SlotNo` 0 >
                <A [0] `GlassID` >
                <A [1] `UserId` "2">
            >
        >
    >
>
2023-08-23 12:53:51,208[INFO ]:RECV SECS2 Message : SSID(0), B2(6), B3(12), P(0), S(0), SB(6), Length[3]
2023-08-23 12:53:51,208[DEBUG]:<<<S6F12<<<  
<B [1] 00 >
2023-08-23 12:53:51,451[INFO ]:Queued SECS2 Message : S6F11
2023-08-23 12:53:51,483[INFO ]:SENT SECS2 Message : SSID(0), B2(134), B3(11), P(0), S(0), SB(7)
2023-08-23 12:53:51,483[INFO ]:>>>S6F11 W>>>  
<L [3] 
    <U4 [1] 0 >
    <U4 [1] `ModuleStart` 1101 >
    <L [1] 
        <L [2] 
            <U4 [1] 1101 >
            <L [7] 
                <A [4] `ModuleID` "TM01">
                <U2 [1] `PortID` 1 >
                <A [0] `TrayID` >
                <A [0] `LotID` >
                <U2 [1] `SlotNo` 0 >
                <A [0] `GlassID` >
                <A [1] `UserId` "2">
            >
        >
    >
>
2023-08-23 12:53:51,527[INFO ]:RECV SECS2 Message : SSID(0), B2(6), B3(12), P(0), S(0), SB(7), Length[3]
2023-08-23 12:53:51,527[DEBUG]:<<<S6F12<<<  
<B [1] 00 >
2023-08-23 12:53:51,875[INFO ]:Queued SECS2 Message : S6F11
2023-08-23 12:53:51,909[INFO ]:SENT SECS2 Message : SSID(0), B2(134), B3(11), P(0), S(0), SB(8)
2023-08-23 12:53:51,909[INFO ]:>>>S6F11 W>>>  
<L [3] 
    <U4 [1] 0 >
    <U4 [1] `ModuleStart` 1101 >
    <L [1] 
        <L [2] 
            <U4 [1] 1101 >
            <L [7] 
                <A [4] `ModuleID` "TM01">
                <U2 [1] `PortID` 1 >
                <A [0] `TrayID` >
                <A [0] `LotID` >
                <U2 [1] `SlotNo` 0 >
                <A [0] `GlassID` >
                <A [1] `UserId` "2">
            >
        >
    >
>
2023-08-23 12:53:51,969[INFO ]:RECV SECS2 Message : SSID(0), B2(6), B3(12), P(0), S(0), SB(8), Length[3]
2023-08-23 12:53:51,969[DEBUG]:<<<S6F12<<<  
<B [1] 00 >
2023-08-23 12:53:52,279[INFO ]:Queued SECS2 Message : S6F11
2023-08-23 12:53:52,334[INFO ]:SENT SECS2 Message : SSID(0), B2(134), B3(11), P(0), S(0), SB(9)
2023-08-23 12:53:52,335[INFO ]:>>>S6F11 W>>>  
<L [3] 
    <U4 [1] 0 >
    <U4 [1] `ModuleStart` 1101 >
    <L [1] 
        <L [2] 
            <U4 [1] 1101 >
            <L [7] 
                <A [4] `ModuleID` "TM01">
                <U2 [1] `PortID` 1 >
                <A [0] `TrayID` >
                <A [0] `LotID` >
                <U2 [1] `SlotNo` 0 >
                <A [0] `GlassID` >
                <A [1] `UserId` "2">
            >
        >
    >
>
2023-08-23 12:53:52,426[INFO ]:RECV SECS2 Message : SSID(0), B2(6), B3(12), P(0), S(0), SB(9), Length[3]
2023-08-23 12:53:52,426[DEBUG]:<<<S6F12<<<  
<B [1] 00 >
2023-08-23 12:53:52,671[INFO ]:Queued SECS2 Message : S6F11
2023-08-23 12:53:52,699[INFO ]:SENT SECS2 Message : SSID(0), B2(134), B3(11), P(0), S(0), SB(10)
2023-08-23 12:53:52,699[INFO ]:>>>S6F11 W>>>  
<L [3] 
    <U4 [1] 0 >
    <U4 [1] `ModuleStart` 1101 >
    <L [1] 
        <L [2] 
            <U4 [1] 1101 >
            <L [7] 
                <A [4] `ModuleID` "TM01">
                <U2 [1] `PortID` 1 >
                <A [0] `TrayID` >
                <A [0] `LotID` >
                <U2 [1] `SlotNo` 0 >
                <A [0] `GlassID` >
                <A [1] `UserId` "2">
            >
        >
    >
>
2023-08-23 12:53:52,735[INFO ]:RECV SECS2 Message : SSID(0), B2(6), B3(12), P(0), S(0), SB(10), Length[3]
2023-08-23 12:53:52,735[DEBUG]:<<<S6F12<<<  
<B [1] 00 >
2023-08-23 12:53:53,074[INFO ]:Queued SECS2 Message : S6F11
2023-08-23 12:53:53,123[INFO ]:SENT SECS2 Message : SSID(0), B2(134), B3(11), P(0), S(0), SB(11)
2023-08-23 12:53:53,123[INFO ]:>>>S6F11 W>>>  
<L [3] 
    <U4 [1] 0 >
    <U4 [1] `ModuleStart` 1101 >
    <L [1] 
        <L [2] 
            <U4 [1] 1101 >
            <L [7] 
                <A [4] `ModuleID` "TM01">
                <U2 [1] `PortID` 1 >
                <A [0] `TrayID` >
                <A [0] `LotID` >
                <U2 [1] `SlotNo` 0 >
                <A [0] `GlassID` >
                <A [1] `UserId` "2">
            >
        >
    >
>
2023-08-23 12:53:53,184[INFO ]:RECV SECS2 Message : SSID(0), B2(6), B3(12), P(0), S(0), SB(11), Length[3]
2023-08-23 12:53:53,184[DEBUG]:<<<S6F12<<<  
<B [1] 00 >
2023-08-23 12:53:53,473[INFO ]:Queued SECS2 Message : S6F11
2023-08-23 12:53:53,484[INFO ]:SENT SECS2 Message : SSID(0), B2(134), B3(11), P(0), S(0), SB(12)
2023-08-23 12:53:53,484[INFO ]:>>>S6F11 W>>>  
<L [3] 
    <U4 [1] 0 >
    <U4 [1] `ModuleStart` 1101 >
    <L [1] 
        <L [2] 
            <U4 [1] 1101 >
            <L [7] 
                <A [4] `ModuleID` "TM01">
                <U2 [1] `PortID` 1 >
                <A [0] `TrayID` >
                <A [0] `LotID` >
                <U2 [1] `SlotNo` 0 >
                <A [0] `GlassID` >
                <A [1] `UserId` "2">
            >
        >
    >
>
2023-08-23 12:53:53,562[INFO ]:RECV SECS2 Message : SSID(0), B2(6), B3(12), P(0), S(0), SB(12), Length[3]
2023-08-23 12:53:53,562[DEBUG]:<<<S6F12<<<  
<B [1] 00 >
2023-08-23 12:53:53,876[INFO ]:Queued SECS2 Message : S6F11
2023-08-23 12:53:53,909[INFO ]:SENT SECS2 Message : SSID(0), B2(134), B3(11), P(0), S(0), SB(13)
2023-08-23 12:53:53,909[INFO ]:>>>S6F11 W>>>  
<L [3] 
    <U4 [1] 0 >
    <U4 [1] `ModuleStart` 1101 >
    <L [1] 
        <L [2] 
            <U4 [1] 1101 >
            <L [7] 
                <A [4] `ModuleID` "TM01">
                <U2 [1] `PortID` 1 >
                <A [0] `TrayID` >
                <A [0] `LotID` >
                <U2 [1] `SlotNo` 0 >
                <A [0] `GlassID` >
                <A [1] `UserId` "2">
            >
        >
    >
>
2023-08-23 12:53:53,953[INFO ]:RECV SECS2 Message : SSID(0), B2(6), B3(12), P(0), S(0), SB(13), Length[3]
2023-08-23 12:53:53,953[DEBUG]:<<<S6F12<<<  
<B [1] 00 >
2023-08-23 12:53:54,276[INFO ]:Queued SECS2 Message : S6F11
2023-08-23 12:53:54,334[INFO ]:SENT SECS2 Message : SSID(0), B2(134), B3(11), P(0), S(0), SB(14)
2023-08-23 12:53:54,334[INFO ]:>>>S6F11 W>>>  
<L [3] 
    <U4 [1] 0 >
    <U4 [1] `ModuleStart` 1101 >
    <L [1] 
        <L [2] 
            <U4 [1] 1101 >
            <L [7] 
                <A [4] `ModuleID` "TM01">
                <U2 [1] `PortID` 1 >
                <A [0] `TrayID` >
                <A [0] `LotID` >
                <U2 [1] `SlotNo` 0 >
                <A [0] `GlassID` >
                <A [1] `UserId` "2">
            >
        >
    >
>
2023-08-23 12:53:54,411[INFO ]:RECV SECS2 Message : SSID(0), B2(6), B3(12), P(0), S(0), SB(14), Length[3]
2023-08-23 12:53:54,411[DEBUG]:<<<S6F12<<<  
<B [1] 00 >
2023-08-23 12:53:54,655[INFO ]:Queued SECS2 Message : S6F11
2023-08-23 12:53:54,700[INFO ]:SENT SECS2 Message : SSID(0), B2(134), B3(11), P(0), S(0), SB(15)
2023-08-23 12:53:54,700[INFO ]:>>>S6F11 W>>>  
<L [3] 
    <U4 [1] 0 >
    <U4 [1] `ModuleStart` 1101 >
    <L [1] 
        <L [2] 
            <U4 [1] 1101 >
            <L [7] 
                <A [4] `ModuleID` "TM01">
                <U2 [1] `PortID` 1 >
                <A [0] `TrayID` >
                <A [0] `LotID` >
                <U2 [1] `SlotNo` 0 >
                <A [0] `GlassID` >
                <A [1] `UserId` "2">
            >
        >
    >
>
2023-08-23 12:53:54,791[INFO ]:RECV SECS2 Message : SSID(0), B2(6), B3(12), P(0), S(0), SB(15), Length[3]
2023-08-23 12:53:54,791[DEBUG]:<<<S6F12<<<  
<B [1] 00 >
2023-08-23 12:53:55,046[INFO ]:Queued SECS2 Message : S6F11
2023-08-23 12:53:55,064[INFO ]:SENT SECS2 Message : SSID(0), B2(134), B3(11), P(0), S(0), SB(16)
2023-08-23 12:53:55,064[INFO ]:>>>S6F11 W>>>  
<L [3] 
    <U4 [1] 0 >
    <U4 [1] `ModuleStart` 1101 >
    <L [1] 
        <L [2] 
            <U4 [1] 1101 >
            <L [7] 
                <A [4] `ModuleID` "TM01">
                <U2 [1] `PortID` 1 >
                <A [0] `TrayID` >
                <A [0] `LotID` >
                <U2 [1] `SlotNo` 0 >
                <A [0] `GlassID` >
                <A [1] `UserId` "2">
            >
        >
    >
>
2023-08-23 12:53:55,102[INFO ]:RECV SECS2 Message : SSID(0), B2(6), B3(12), P(0), S(0), SB(16), Length[3]
2023-08-23 12:53:55,102[DEBUG]:<<<S6F12<<<  
<B [1] 00 >
2023-08-23 12:53:55,449[INFO ]:Queued SECS2 Message : S6F11
2023-08-23 12:53:55,451[INFO ]:Queued SECS2 Message : S6F11
2023-08-23 12:53:55,489[INFO ]:SENT SECS2 Message : SSID(0), B2(134), B3(11), P(0), S(0), SB(17)
2023-08-23 12:53:55,489[INFO ]:>>>S6F11 W>>>  
<L [3] 
    <U4 [1] 0 >
    <U4 [1] `EquipmentStateChanged` 1051 >
    <L [1] 
        <L [2] 
            <U4 [1] 1051 >
            <L [2] 
                <U2 [1] `EqpState` 1 >
                <U2 [1] `PreviousEqpState` 2 >
            >
        >
    >
>
2023-08-23 12:53:55,490[INFO ]:SENT SECS2 Message : SSID(0), B2(134), B3(11), P(0), S(0), SB(18)
2023-08-23 12:53:55,490[INFO ]:>>>S6F11 W>>>  
<L [3] 
    <U4 [1] 0 >
    <U4 [1] `ModuleStart` 1101 >
    <L [1] 
        <L [2] 
            <U4 [1] 1101 >
            <L [7] 
                <A [4] `ModuleID` "TM01">
                <U2 [1] `PortID` 1 >
                <A [0] `TrayID` >
                <A [0] `LotID` >
                <U2 [1] `SlotNo` 0 >
                <A [0] `GlassID` >
                <A [1] `UserId` "2">
            >
        >
    >
>
2023-08-23 12:53:55,551[INFO ]:RECV SECS2 Message : SSID(0), B2(6), B3(12), P(0), S(0), SB(17), Length[3]
2023-08-23 12:53:55,551[DEBUG]:<<<S6F12<<<  
<B [1] 00 >
2023-08-23 12:53:55,627[INFO ]:RECV SECS2 Message : SSID(0), B2(6), B3(12), P(0), S(0), SB(18), Length[3]
2023-08-23 12:53:55,627[DEBUG]:<<<S6F12<<<  
<B [1] 00 >
2023-08-23 12:53:56,387[INFO ]:Queued SECS2 Message : S6F11
2023-08-23 12:53:56,401[INFO ]:SENT SECS2 Message : SSID(0), B2(134), B3(11), P(0), S(0), SB(19)
2023-08-23 12:53:56,401[INFO ]:>>>S6F11 W>>>  
<L [3] 
    <U4 [1] 0 >
    <U4 [1] `EquipmentStateChanged` 1051 >
    <L [1] 
        <L [2] 
            <U4 [1] 1051 >
            <L [2] 
                <U2 [1] `EqpState` 3 >
                <U2 [1] `PreviousEqpState` 1 >
            >
        >
    >
>
2023-08-23 12:53:56,463[INFO ]:RECV SECS2 Message : SSID(0), B2(6), B3(12), P(0), S(0), SB(19), Length[3]
2023-08-23 12:53:56,463[DEBUG]:<<<S6F12<<<  
<B [1] 00 >
2023-08-23 12:54:09,338[INFO ]:Queued SECS2 Message : S6F11
2023-08-23 12:54:09,385[INFO ]:SENT SECS2 Message : SSID(0), B2(134), B3(11), P(0), S(0), SB(20)
2023-08-23 12:54:09,385[INFO ]:>>>S6F11 W>>>  
<L [3] 
    <U4 [1] 0 >
    <U4 [1] `EquipmentStateChanged` 1051 >
    <L [1] 
        <L [2] 
            <U4 [1] 1051 >
            <L [2] 
                <U2 [1] `EqpState` 4 >
                <U2 [1] `PreviousEqpState` 3 >
            >
        >
    >
>
2023-08-23 12:54:09,423[INFO ]:RECV SECS2 Message : SSID(0), B2(6), B3(12), P(0), S(0), SB(20), Length[3]
2023-08-23 12:54:09,423[DEBUG]:<<<S6F12<<<  
<B [1] 00 >
2023-08-23 12:54:29,556[INFO ]:Queued SECS2 Message : S6F11
2023-08-23 12:54:29,560[INFO ]:Queued SECS2 Message : S6F11
2023-08-23 12:54:29,610[INFO ]:SENT SECS2 Message : SSID(0), B2(134), B3(11), P(0), S(0), SB(22)
2023-08-23 12:54:29,610[INFO ]:>>>S6F11 W>>>  
<L [3] 
    <U4 [1] 0 >
    <U4 [1] `EquipmentStateChanged` 1051 >
    <L [1] 
        <L [2] 
            <U4 [1] 1051 >
            <L [2] 
                <U2 [1] `EqpState` 2 >
                <U2 [1] `PreviousEqpState` 4 >
            >
        >
    >
>
2023-08-23 12:54:29,610[INFO ]:SENT SECS2 Message : SSID(0), B2(134), B3(11), P(0), S(0), SB(23)
2023-08-23 12:54:29,610[INFO ]:>>>S6F11 W>>>  
<L [3] 
    <U4 [1] 0 >
    <U4 [1] `ModuleStart` 1101 >
    <L [1] 
        <L [2] 
            <U4 [1] 1101 >
            <L [7] 
                <A [4] `ModuleID` "TM01">
                <U2 [1] `PortID` 1 >
                <A [0] `TrayID` >
                <A [0] `LotID` >
                <U2 [1] `SlotNo` 0 >
                <A [0] `GlassID` >
                <A [1] `UserId` "2">
            >
        >
    >
>
2023-08-23 12:54:29,656[INFO ]:RECV SECS2 Message : SSID(0), B2(6), B3(12), P(0), S(0), SB(22), Length[3]
2023-08-23 12:54:29,656[DEBUG]:<<<S6F12<<<  
<B [1] 00 >
2023-08-23 12:54:29,732[INFO ]:RECV SECS2 Message : SSID(0), B2(6), B3(12), P(0), S(0), SB(23), Length[3]
2023-08-23 12:54:29,732[DEBUG]:<<<S6F12<<<  
<B [1] 00 >
2023-08-23 12:54:29,972[INFO ]:Queued SECS2 Message : S6F11
2023-08-23 12:54:29,974[INFO ]:SENT SECS2 Message : SSID(0), B2(134), B3(11), P(0), S(0), SB(24)
2023-08-23 12:54:29,975[INFO ]:>>>S6F11 W>>>  
<L [3] 
    <U4 [1] 0 >
    <U4 [1] `ModuleStart` 1101 >
    <L [1] 
        <L [2] 
            <U4 [1] 1101 >
            <L [7] 
                <A [4] `ModuleID` "TM01">
                <U2 [1] `PortID` 1 >
                <A [0] `TrayID` >
                <A [0] `LotID` >
                <U2 [1] `SlotNo` 0 >
                <A [0] `GlassID` >
                <A [1] `UserId` "2">
            >
        >
    >
>
2023-08-23 12:54:30,035[INFO ]:RECV SECS2 Message : SSID(0), B2(6), B3(12), P(0), S(0), SB(24), Length[3]
2023-08-23 12:54:30,035[DEBUG]:<<<S6F12<<<  
<B [1] 00 >
2023-08-23 12:54:30,340[INFO ]:RECV SECS2 Message : SSID(0), B2(130), B3(41), P(0), S(0), SB(14,318), Length[11]
2023-08-23 12:54:30,340[DEBUG]:<<<S2F41 W<<<  
<L [2] 
    <A [5] "PAUSE">
    <L [0] >
>
2023-08-23 12:54:30,341[INFO ]:Queued SECS2 Message : S2F42
2023-08-23 12:54:30,399[INFO ]:Queued SECS2 Message : S6F11
2023-08-23 12:54:30,401[INFO ]:SENT SECS2 Message : SSID(0), B2(2), B3(42), P(0), S(0), SB(14,318)
2023-08-23 12:54:30,401[INFO ]:>>>S2F42>>>  
<L [2] 
    <B [1] 04 >
    <L [0] >
>
2023-08-23 12:54:30,401[INFO ]:SENT SECS2 Message : SSID(0), B2(134), B3(11), P(0), S(0), SB(25)
2023-08-23 12:54:30,401[INFO ]:>>>S6F11 W>>>  
<L [3] 
    <U4 [1] 0 >
    <U4 [1] `ModuleStart` 1101 >
    <L [1] 
        <L [2] 
            <U4 [1] 1101 >
            <L [7] 
                <A [4] `ModuleID` "TM01">
                <U2 [1] `PortID` 1 >
                <A [0] `TrayID` >
                <A [0] `LotID` >
                <U2 [1] `SlotNo` 0 >
                <A [0] `GlassID` >
                <A [1] `UserId` "2">
            >
        >
    >
>
2023-08-23 12:54:30,493[INFO ]:RECV SECS2 Message : SSID(0), B2(6), B3(12), P(0), S(0), SB(25), Length[3]
2023-08-23 12:54:30,493[DEBUG]:<<<S6F12<<<  
<B [1] 00 >
2023-08-23 12:54:30,896[INFO ]:Queued SECS2 Message : S6F11
2023-08-23 12:54:30,951[INFO ]:SENT SECS2 Message : SSID(0), B2(134), B3(11), P(0), S(0), SB(26)
2023-08-23 12:54:30,951[INFO ]:>>>S6F11 W>>>  
<L [3] 
    <U4 [1] 0 >
    <U4 [1] `ModuleStart` 1101 >
    <L [1] 
        <L [2] 
            <U4 [1] 1101 >
            <L [7] 
                <A [4] `ModuleID` "TM01">
                <U2 [1] `PortID` 1 >
                <A [0] `TrayID` >
                <A [0] `LotID` >
                <U2 [1] `SlotNo` 0 >
                <A [0] `GlassID` >
                <A [1] `UserId` "2">
            >
        >
    >
>
2023-08-23 12:54:31,027[INFO ]:RECV SECS2 Message : SSID(0), B2(6), B3(12), P(0), S(0), SB(26), Length[3]
2023-08-23 12:54:31,027[DEBUG]:<<<S6F12<<<  
<B [1] 00 >
2023-08-23 12:54:31,456[INFO ]:Queued SECS2 Message : S6F11
2023-08-23 12:54:31,500[INFO ]:SENT SECS2 Message : SSID(0), B2(134), B3(11), P(0), S(0), SB(27)
2023-08-23 12:54:31,500[INFO ]:>>>S6F11 W>>>  
<L [3] 
    <U4 [1] 0 >
    <U4 [1] `ModuleStart` 1101 >
    <L [1] 
        <L [2] 
            <U4 [1] 1101 >
            <L [7] 
                <A [4] `ModuleID` "TM01">
                <U2 [1] `PortID` 1 >
                <A [0] `TrayID` >
                <A [0] `LotID` >
                <U2 [1] `SlotNo` 0 >
                <A [0] `GlassID` >
                <A [1] `UserId` "2">
            >
        >
    >
>
2023-08-23 12:54:31,562[INFO ]:RECV SECS2 Message : SSID(0), B2(6), B3(12), P(0), S(0), SB(27), Length[3]
2023-08-23 12:54:31,562[DEBUG]:<<<S6F12<<<  
<B [1] 00 >
2023-08-23 12:54:32,006[INFO ]:Queued SECS2 Message : S6F11
2023-08-23 12:54:32,049[INFO ]:SENT SECS2 Message : SSID(0), B2(134), B3(11), P(0), S(0), SB(28)
2023-08-23 12:54:32,049[INFO ]:>>>S6F11 W>>>  
<L [3] 
    <U4 [1] 0 >
    <U4 [1] `ModuleStart` 1101 >
    <L [1] 
        <L [2] 
            <U4 [1] 1101 >
            <L [7] 
                <A [4] `ModuleID` "TM01">
                <U2 [1] `PortID` 1 >
                <A [0] `TrayID` >
                <A [0] `LotID` >
                <U2 [1] `SlotNo` 0 >
                <A [0] `GlassID` >
                <A [1] `UserId` "2">
            >
        >
    >
>
2023-08-23 12:54:32,096[INFO ]:RECV SECS2 Message : SSID(0), B2(6), B3(12), P(0), S(0), SB(28), Length[3]
2023-08-23 12:54:32,096[DEBUG]:<<<S6F12<<<  
<B [1] 00 >
2023-08-23 12:54:32,552[INFO ]:Queued SECS2 Message : S6F11
2023-08-23 12:54:32,597[INFO ]:SENT SECS2 Message : SSID(0), B2(134), B3(11), P(0), S(0), SB(29)
2023-08-23 12:54:32,601[INFO ]:>>>S6F11 W>>>  
<L [3] 
    <U4 [1] 0 >
    <U4 [1] `ModuleStart` 1101 >
    <L [1] 
        <L [2] 
            <U4 [1] 1101 >
            <L [7] 
                <A [4] `ModuleID` "TM01">
                <U2 [1] `PortID` 1 >
                <A [0] `TrayID` >
                <A [0] `LotID` >
                <U2 [1] `SlotNo` 0 >
                <A [0] `GlassID` >
                <A [1] `UserId` "2">
            >
        >
    >
>
2023-08-23 12:54:32,702[INFO ]:RECV SECS2 Message : SSID(0), B2(6), B3(12), P(0), S(0), SB(29), Length[3]
2023-08-23 12:54:32,702[DEBUG]:<<<S6F12<<<  
<B [1] 00 >
2023-08-23 12:54:33,096[INFO ]:Queued SECS2 Message : S6F11
2023-08-23 12:54:33,144[INFO ]:SENT SECS2 Message : SSID(0), B2(134), B3(11), P(0), S(0), SB(30)
2023-08-23 12:54:33,144[INFO ]:>>>S6F11 W>>>  
<L [3] 
    <U4 [1] 0 >
    <U4 [1] `ModuleStart` 1101 >
    <L [1] 
        <L [2] 
            <U4 [1] 1101 >
            <L [7] 
                <A [4] `ModuleID` "TM01">
                <U2 [1] `PortID` 1 >
                <A [0] `TrayID` >
                <A [0] `LotID` >
                <U2 [1] `SlotNo` 0 >
                <A [0] `GlassID` >
                <A [1] `UserId` "2">
            >
        >
    >
>
2023-08-23 12:54:33,235[INFO ]:RECV SECS2 Message : SSID(0), B2(6), B3(12), P(0), S(0), SB(30), Length[3]
2023-08-23 12:54:33,235[DEBUG]:<<<S6F12<<<  
<B [1] 00 >
2023-08-23 12:54:33,675[INFO ]:Queued SECS2 Message : S6F11
2023-08-23 12:54:33,690[INFO ]:SENT SECS2 Message : SSID(0), B2(134), B3(11), P(0), S(0), SB(31)
2023-08-23 12:54:33,690[INFO ]:>>>S6F11 W>>>  
<L [3] 
    <U4 [1] 0 >
    <U4 [1] `ModuleStart` 1101 >
    <L [1] 
        <L [2] 
            <U4 [1] 1101 >
            <L [7] 
                <A [4] `ModuleID` "TM01">
                <U2 [1] `PortID` 1 >
                <A [0] `TrayID` >
                <A [0] `LotID` >
                <U2 [1] `SlotNo` 0 >
                <A [0] `GlassID` >
                <A [1] `UserId` "2">
            >
        >
    >
>
2023-08-23 12:54:33,767[INFO ]:RECV SECS2 Message : SSID(0), B2(6), B3(12), P(0), S(0), SB(31), Length[3]
2023-08-23 12:54:33,767[DEBUG]:<<<S6F12<<<  
<B [1] 00 >
2023-08-23 12:54:34,194[INFO ]:Queued SECS2 Message : S6F11
2023-08-23 12:54:34,195[INFO ]:Queued SECS2 Message : S6F11
2023-08-23 12:54:34,238[INFO ]:SENT SECS2 Message : SSID(0), B2(134), B3(11), P(0), S(0), SB(32)
2023-08-23 12:54:34,238[INFO ]:>>>S6F11 W>>>  
<L [3] 
    <U4 [1] 0 >
    <U4 [1] `EquipmentStateChanged` 1051 >
    <L [1] 
        <L [2] 
            <U4 [1] 1051 >
            <L [2] 
                <U2 [1] `EqpState` 1 >
                <U2 [1] `PreviousEqpState` 2 >
            >
        >
    >
>
2023-08-23 12:54:34,239[INFO ]:SENT SECS2 Message : SSID(0), B2(134), B3(11), P(0), S(0), SB(33)
2023-08-23 12:54:34,239[INFO ]:>>>S6F11 W>>>  
<L [3] 
    <U4 [1] 0 >
    <U4 [1] `ModuleStart` 1101 >
    <L [1] 
        <L [2] 
            <U4 [1] 1101 >
            <L [7] 
                <A [4] `ModuleID` "TM01">
                <U2 [1] `PortID` 1 >
                <A [0] `TrayID` >
                <A [0] `LotID` >
                <U2 [1] `SlotNo` 0 >
                <A [0] `GlassID` >
                <A [1] `UserId` "2">
            >
        >
    >
>
2023-08-23 12:54:34,300[INFO ]:RECV SECS2 Message : SSID(0), B2(6), B3(12), P(0), S(0), SB(32), Length[3]
2023-08-23 12:54:34,300[DEBUG]:<<<S6F12<<<  
<B [1] 00 >
2023-08-23 12:54:34,313[INFO ]:RECV SECS2 Message : SSID(0), B2(6), B3(12), P(0), S(0), SB(33), Length[3]
2023-08-23 12:54:34,313[DEBUG]:<<<S6F12<<<  
<B [1] 00 >
