2023-08-23 18:00:00,482[INFO ]:Queued SECS2 Message : S6F11
2023-08-23 18:00:00,527[INFO ]:SENT SECS2 Message : SSID(0), B2(134), B3(11), P(0), S(0), SB(4)
2023-08-23 18:00:00,527[INFO ]:>>>S6F11 W>>>  
<L [3] 
    <U4 [1] 0 >
    <U4 [1] `TrayGlassOut` 1412 >
    <L [1] 
        <L [2] 
            <U4 [1] 111 >
            <L [5] 
                <U2 [1] `PortID` 1 >
                <A [6] `TrayID` "TRAY-1">
                <U2 [1] `SlotNo` 1 >
                <A [10] `PreviousGlassID` "GlassID-01">
                <A [13] `LotID` "LOT_230217005">
            >
        >
    >
>
2023-08-23 18:00:00,665[INFO ]:RECV SECS2 Message : SSID(0), B2(6), B3(12), P(0), S(0), SB(4), Length[3]
2023-08-23 18:00:00,665[DEBUG]:<<<S6F12<<<  
<B [1] 00 >
2023-08-23 18:00:07,135[INFO ]:Queued SECS2 Message : S6F11
2023-08-23 18:00:07,137[INFO ]:Queued SECS2 Message : S6F11
2023-08-23 18:00:07,162[INFO ]:SENT SECS2 Message : SSID(0), B2(134), B3(11), P(0), S(0), SB(5)
2023-08-23 18:00:07,162[INFO ]:>>>S6F11 W>>>  
<L [3] 
    <U4 [1] 0 >
    <U4 [1] `EquipmentStateChanged` 1051 >
    <L [1] 
        <L [2] 
            <U4 [1] 104 >
            <L [2] 
                <U2 [1] `EqpState` 1 >
                <U2 [1] `PreviousEqpState` 2 >
            >
        >
    >
>
2023-08-23 18:00:07,162[INFO ]:SENT SECS2 Message : SSID(0), B2(134), B3(11), P(0), S(0), SB(6)
2023-08-23 18:00:07,162[INFO ]:>>>S6F11 W>>>  
<L [3] 
    <U4 [1] 0 >
    <U4 [1] `SubstrateLocationOccupied` 1201 >
    <L [1] 
        <L [2] 
            <U4 [1] 107 >
            <L [2] 
                <A [4] `ModuleID` "TM01">
                <A [0] `GlassID` >
            >
        >
    >
>
2023-08-23 18:00:07,253[INFO ]:RECV SECS2 Message : SSID(0), B2(6), B3(12), P(0), S(0), SB(5), Length[3]
2023-08-23 18:00:07,253[DEBUG]:<<<S6F12<<<  
<B [1] 00 >
2023-08-23 18:00:07,253[INFO ]:RECV SECS2 Message : SSID(0), B2(6), B3(12), P(0), S(0), SB(6), Length[3]
2023-08-23 18:00:07,253[DEBUG]:<<<S6F12<<<  
<B [1] 00 >
2023-08-23 18:00:07,313[INFO ]:Queued SECS2 Message : S6F11
2023-08-23 18:00:07,346[INFO ]:SENT SECS2 Message : SSID(0), B2(134), B3(11), P(0), S(0), SB(7)
2023-08-23 18:00:07,346[INFO ]:>>>S6F11 W>>>  
<L [3] 
    <U4 [1] 0 >
    <U4 [1] `EquipmentStateChanged` 1051 >
    <L [1] 
        <L [2] 
            <U4 [1] 104 >
            <L [2] 
                <U2 [1] `EqpState` 2 >
                <U2 [1] `PreviousEqpState` 1 >
            >
        >
    >
>
2023-08-23 18:00:07,405[INFO ]:RECV SECS2 Message : SSID(0), B2(6), B3(12), P(0), S(0), SB(7), Length[3]
2023-08-23 18:00:07,405[DEBUG]:<<<S6F12<<<  
<B [1] 00 >
2023-08-23 18:00:12,895[INFO ]:Queued SECS2 Message : S6F11
2023-08-23 18:00:12,926[INFO ]:SENT SECS2 Message : SSID(0), B2(134), B3(11), P(0), S(0), SB(8)
2023-08-23 18:00:12,926[INFO ]:>>>S6F11 W>>>  
<L [3] 
    <U4 [1] 0 >
    <U4 [1] `EquipmentStateChanged` 1051 >
    <L [1] 
        <L [2] 
            <U4 [1] 104 >
            <L [2] 
                <U2 [1] `EqpState` 1 >
                <U2 [1] `PreviousEqpState` 2 >
            >
        >
    >
>
2023-08-23 18:00:13,002[INFO ]:RECV SECS2 Message : SSID(0), B2(6), B3(12), P(0), S(0), SB(8), Length[3]
2023-08-23 18:00:13,002[DEBUG]:<<<S6F12<<<  
<B [1] 00 >
2023-08-23 18:00:13,578[INFO ]:Queued SECS2 Message : S6F11
2023-08-23 18:00:13,600[INFO ]:SENT SECS2 Message : SSID(0), B2(134), B3(11), P(0), S(0), SB(9)
2023-08-23 18:00:13,600[INFO ]:>>>S6F11 W>>>  
<L [3] 
    <U4 [1] 0 >
    <U4 [1] `EquipmentStateChanged` 1051 >
    <L [1] 
        <L [2] 
            <U4 [1] 104 >
            <L [2] 
                <U2 [1] `EqpState` 2 >
                <U2 [1] `PreviousEqpState` 1 >
            >
        >
    >
>
2023-08-23 18:00:13,692[INFO ]:RECV SECS2 Message : SSID(0), B2(6), B3(12), P(0), S(0), SB(9), Length[3]
2023-08-23 18:00:13,692[DEBUG]:<<<S6F12<<<  
<B [1] 00 >
2023-08-23 18:00:27,336[INFO ]:Queued SECS2 Message : S6F11
2023-08-23 18:00:27,336[INFO ]:Queued SECS2 Message : S6F11
2023-08-23 18:00:27,344[INFO ]:SENT SECS2 Message : SSID(0), B2(134), B3(11), P(0), S(0), SB(10)
2023-08-23 18:00:27,344[INFO ]:>>>S6F11 W>>>  
<L [3] 
    <U4 [1] 0 >
    <U4 [1] `SubstrateLocationUnoccupied` 1202 >
    <L [1] 
        <L [2] 
            <U4 [1] 107 >
            <L [2] 
                <A [4] `ModuleID` "TM01">
                <A [0] `GlassID` >
            >
        >
    >
>
2023-08-23 18:00:27,345[INFO ]:SENT SECS2 Message : SSID(0), B2(134), B3(11), P(0), S(0), SB(11)
2023-08-23 18:00:27,345[INFO ]:>>>S6F11 W>>>  
<L [3] 
    <U4 [1] 0 >
    <U4 [1] `ModuleStart` 1101 >
    <L [1] 
        <L [2] 
            <U4 [1] 106 >
            <L [1] 
                <A [4] `ModuleID` "BF01">
            >
        >
    >
>
2023-08-23 18:00:27,420[INFO ]:RECV SECS2 Message : SSID(0), B2(6), B3(12), P(0), S(0), SB(10), Length[3]
2023-08-23 18:00:27,420[DEBUG]:<<<S6F12<<<  
<B [1] 00 >
2023-08-23 18:00:27,421[INFO ]:RECV SECS2 Message : SSID(0), B2(6), B3(12), P(0), S(0), SB(11), Length[3]
2023-08-23 18:00:27,421[DEBUG]:<<<S6F12<<<  
<B [1] 00 >
2023-08-23 18:00:27,525[INFO ]:Queued SECS2 Message : S6F11
2023-08-23 18:00:27,527[INFO ]:SENT SECS2 Message : SSID(0), B2(134), B3(11), P(0), S(0), SB(12)
2023-08-23 18:00:27,527[INFO ]:>>>S6F11 W>>>  
<L [3] 
    <U4 [1] 0 >
    <U4 [1] `EquipmentStateChanged` 1051 >
    <L [1] 
        <L [2] 
            <U4 [1] 104 >
            <L [2] 
                <U2 [1] `EqpState` 1 >
                <U2 [1] `PreviousEqpState` 2 >
            >
        >
    >
>
2023-08-23 18:00:27,573[INFO ]:RECV SECS2 Message : SSID(0), B2(6), B3(12), P(0), S(0), SB(12), Length[3]
2023-08-23 18:00:27,573[DEBUG]:<<<S6F12<<<  
<B [1] 00 >
2023-08-23 18:00:28,405[INFO ]:Queued SECS2 Message : S6F11
2023-08-23 18:00:28,451[INFO ]:SENT SECS2 Message : SSID(0), B2(134), B3(11), P(0), S(0), SB(13)
2023-08-23 18:00:28,451[INFO ]:>>>S6F11 W>>>  
<L [3] 
    <U4 [1] 0 >
    <U4 [1] `EquipmentStateChanged` 1051 >
    <L [1] 
        <L [2] 
            <U4 [1] 104 >
            <L [2] 
                <U2 [1] `EqpState` 2 >
                <U2 [1] `PreviousEqpState` 1 >
            >
        >
    >
>
2023-08-23 18:00:28,497[INFO ]:RECV SECS2 Message : SSID(0), B2(6), B3(12), P(0), S(0), SB(13), Length[3]
2023-08-23 18:00:28,497[DEBUG]:<<<S6F12<<<  
<B [1] 00 >
2023-08-23 18:00:31,489[INFO ]:Queued SECS2 Message : S6F11
2023-08-23 18:00:31,501[INFO ]:Queued SECS2 Message : S6F11
2023-08-23 18:00:31,519[INFO ]:SENT SECS2 Message : SSID(0), B2(134), B3(11), P(0), S(0), SB(14)
2023-08-23 18:00:31,519[INFO ]:>>>S6F11 W>>>  
<L [3] 
    <U4 [1] 0 >
    <U4 [1] `ModuleEnd` 1102 >
    <L [1] 
        <L [2] 
            <U4 [1] 106 >
            <L [1] 
                <A [4] `ModuleID` "TM01">
            >
        >
    >
>
2023-08-23 18:00:31,519[INFO ]:SENT SECS2 Message : SSID(0), B2(134), B3(11), P(0), S(0), SB(15)
2023-08-23 18:00:31,519[INFO ]:>>>S6F11 W>>>  
<L [3] 
    <U4 [1] 0 >
    <U4 [1] `GlassIDRead` 1601 >
    <L [1] 
        <L [2] 
            <U4 [1] 114 >
            <L [4] 
                <A [4] `ModuleID` "BF01">
                <A [0] `GlassID` >
                <A [10] `PreviousGlassID` "GlassID-01">
                <U2 [1] `IDReadStatus` 1 >
            >
        >
    >
>
2023-08-23 18:00:31,564[INFO ]:RECV SECS2 Message : SSID(0), B2(6), B3(12), P(0), S(0), SB(14), Length[3]
2023-08-23 18:00:31,564[DEBUG]:<<<S6F12<<<  
<B [1] 00 >
2023-08-23 18:00:31,640[INFO ]:RECV SECS2 Message : SSID(0), B2(6), B3(12), P(0), S(0), SB(15), Length[3]
2023-08-23 18:00:31,640[DEBUG]:<<<S6F12<<<  
<B [1] 00 >
2023-08-23 18:00:31,706[INFO ]:Queued SECS2 Message : S6F11
2023-08-23 18:00:31,762[INFO ]:SENT SECS2 Message : SSID(0), B2(134), B3(11), P(0), S(0), SB(16)
2023-08-23 18:00:31,762[INFO ]:>>>S6F11 W>>>  
<L [3] 
    <U4 [1] 0 >
    <U4 [1] `SubstrateLocationOccupied` 1201 >
    <L [1] 
        <L [2] 
            <U4 [1] 107 >
            <L [2] 
                <A [4] `ModuleID` "BF01">
                <A [21] `GlassID` "UNKG202308DD180031502">
            >
        >
    >
>
2023-08-23 18:00:31,802[INFO ]:RECV SECS2 Message : SSID(0), B2(6), B3(12), P(0), S(0), SB(16), Length[3]
2023-08-23 18:00:31,802[DEBUG]:<<<S6F12<<<  
<B [1] 00 >
2023-08-23 18:00:41,434[INFO ]:Queued SECS2 Message : S6F11
2023-08-23 18:00:41,445[INFO ]:Queued SECS2 Message : S6F11
2023-08-23 18:00:41,455[INFO ]:Queued SECS2 Message : S6F11
2023-08-23 18:00:41,463[INFO ]:SENT SECS2 Message : SSID(0), B2(134), B3(11), P(0), S(0), SB(17)
2023-08-23 18:00:41,463[INFO ]:>>>S6F11 W>>>  
<L [3] 
    <U4 [1] 0 >
    <U4 [1] `SubstrateLocationUnoccupied` 1202 >
    <L [1] 
        <L [2] 
            <U4 [1] 107 >
            <L [2] 
                <A [4] `ModuleID` "BF01">
                <A [21] `GlassID` "UNKG202308DD180031502">
            >
        >
    >
>
2023-08-23 18:00:41,463[INFO ]:SENT SECS2 Message : SSID(0), B2(134), B3(11), P(0), S(0), SB(18)
2023-08-23 18:00:41,463[INFO ]:>>>S6F11 W>>>  
<L [3] 
    <U4 [1] 0 >
    <U4 [1] `ModuleEnd` 1102 >
    <L [1] 
        <L [2] 
            <U4 [1] 106 >
            <L [1] 
                <A [4] `ModuleID` "BF01">
            >
        >
    >
>
2023-08-23 18:00:41,463[INFO ]:SENT SECS2 Message : SSID(0), B2(134), B3(11), P(0), S(0), SB(19)
2023-08-23 18:00:41,463[INFO ]:>>>S6F11 W>>>  
<L [3] 
    <U4 [1] 0 >
    <U4 [1] `ModuleStart` 1101 >
    <L [1] 
        <L [2] 
            <U4 [1] 106 >
            <L [1] 
                <A [5] `ModuleID` "USC01">
            >
        >
    >
>
2023-08-23 18:00:41,538[INFO ]:RECV SECS2 Message : SSID(0), B2(6), B3(12), P(0), S(0), SB(17), Length[3]
2023-08-23 18:00:41,538[DEBUG]:<<<S6F12<<<  
<B [1] 00 >
2023-08-23 18:00:41,539[INFO ]:RECV SECS2 Message : SSID(0), B2(6), B3(12), P(0), S(0), SB(18), Length[3]
2023-08-23 18:00:41,539[DEBUG]:<<<S6F12<<<  
<B [1] 00 >
2023-08-23 18:00:41,614[INFO ]:RECV SECS2 Message : SSID(0), B2(6), B3(12), P(0), S(0), SB(19), Length[3]
2023-08-23 18:00:41,614[DEBUG]:<<<S6F12<<<  
<B [1] 00 >
2023-08-23 18:00:41,660[INFO ]:Queued SECS2 Message : S6F11
2023-08-23 18:00:41,707[INFO ]:SENT SECS2 Message : SSID(0), B2(134), B3(11), P(0), S(0), SB(20)
2023-08-23 18:00:41,707[INFO ]:>>>S6F11 W>>>  
<L [3] 
    <U4 [1] 0 >
    <U4 [1] `SubstrateLocationUnoccupied` 1202 >
    <L [1] 
        <L [2] 
            <U4 [1] 107 >
            <L [2] 
                <A [4] `ModuleID` "BF01">
                <A [21] `GlassID` "UNKG202308DD180031502">
            >
        >
    >
>
2023-08-23 18:00:41,768[INFO ]:RECV SECS2 Message : SSID(0), B2(6), B3(12), P(0), S(0), SB(20), Length[3]
2023-08-23 18:00:41,768[DEBUG]:<<<S6F12<<<  
<B [1] 00 >
2023-08-23 18:00:41,852[INFO ]:Queued SECS2 Message : S6F11
2023-08-23 18:00:41,891[INFO ]:SENT SECS2 Message : SSID(0), B2(134), B3(11), P(0), S(0), SB(21)
2023-08-23 18:00:41,891[INFO ]:>>>S6F11 W>>>  
<L [3] 
    <U4 [1] 0 >
    <U4 [1] `SubstrateLocationUnoccupied` 1202 >
    <L [1] 
        <L [2] 
            <U4 [1] 107 >
            <L [2] 
                <A [4] `ModuleID` "BF01">
                <A [21] `GlassID` "UNKG202308DD180031502">
            >
        >
    >
>
2023-08-23 18:00:41,928[INFO ]:RECV SECS2 Message : SSID(0), B2(6), B3(12), P(0), S(0), SB(21), Length[3]
2023-08-23 18:00:41,928[DEBUG]:<<<S6F12<<<  
<B [1] 00 >
2023-08-23 18:00:45,626[INFO ]:Queued SECS2 Message : S6F11
2023-08-23 18:00:45,627[INFO ]:SENT SECS2 Message : SSID(0), B2(134), B3(11), P(0), S(0), SB(22)
2023-08-23 18:00:45,627[INFO ]:>>>S6F11 W>>>  
<L [3] 
    <U4 [1] 0 >
    <U4 [1] `GlassStart` 1611 >
    <L [1] 
        <L [2] 
            <U4 [1] 116 >
            <L [6] 
                <A [5] `ModuleID` "USC01">
                <A [21] `GlassID` "UNKG202308DD180031502">
                <U2 [1] `PortID` 0 >
                <A [6] `TrayID` "TRAY-1">
                <U2 [1] `SlotNo` 1 >
                <A [13] `LotID` "LOT_230217005">
            >
        >
    >
>
2023-08-23 18:00:45,627[INFO ]:Queued SECS2 Message : S6F11
2023-08-23 18:00:45,628[INFO ]:SENT SECS2 Message : SSID(0), B2(134), B3(11), P(0), S(0), SB(23)
2023-08-23 18:00:45,628[INFO ]:>>>S6F11 W>>>  
<L [3] 
    <U4 [1] 0 >
    <U4 [1] `SubstrateLocationOccupied` 1201 >
    <L [1] 
        <L [2] 
            <U4 [1] 107 >
            <L [2] 
                <A [5] `ModuleID` "USC01">
                <A [21] `GlassID` "UNKG202308DD180031502">
            >
        >
    >
>
2023-08-23 18:00:45,680[INFO ]:RECV SECS2 Message : SSID(0), B2(6), B3(12), P(0), S(0), SB(22), Length[3]
2023-08-23 18:00:45,680[DEBUG]:<<<S6F12<<<  
<B [1] 00 >
2023-08-23 18:00:45,749[INFO ]:RECV SECS2 Message : SSID(0), B2(6), B3(12), P(0), S(0), SB(23), Length[3]
2023-08-23 18:00:45,749[DEBUG]:<<<S6F12<<<  
<B [1] 00 >
2023-08-23 18:00:48,178[INFO ]:Queued SECS2 Message : S6F11
2023-08-23 18:00:48,206[INFO ]:SENT SECS2 Message : SSID(0), B2(134), B3(11), P(0), S(0), SB(24)
2023-08-23 18:00:48,207[INFO ]:>>>S6F11 W>>>  
<L [3] 
    <U4 [1] 0 >
    <U4 [1] `EquipmentStateChanged` 1051 >
    <L [1] 
        <L [2] 
            <U4 [1] 104 >
            <L [2] 
                <U2 [1] `EqpState` 1 >
                <U2 [1] `PreviousEqpState` 2 >
            >
        >
    >
>
2023-08-23 18:00:48,283[INFO ]:RECV SECS2 Message : SSID(0), B2(6), B3(12), P(0), S(0), SB(24), Length[3]
2023-08-23 18:00:48,283[DEBUG]:<<<S6F12<<<  
<B [1] 00 >
2023-08-23 18:01:16,180[INFO ]:Queued SECS2 Message : S6F11
2023-08-23 18:01:16,215[INFO ]:SENT SECS2 Message : SSID(0), B2(134), B3(11), P(0), S(0), SB(25)
2023-08-23 18:01:16,215[INFO ]:>>>S6F11 W>>>  
<L [3] 
    <U4 [1] 0 >
    <U4 [1] `EquipmentStateChanged` 1051 >
    <L [1] 
        <L [2] 
            <U4 [1] 104 >
            <L [2] 
                <U2 [1] `EqpState` 3 >
                <U2 [1] `PreviousEqpState` 1 >
            >
        >
    >
>
2023-08-23 18:01:16,275[INFO ]:RECV SECS2 Message : SSID(0), B2(6), B3(12), P(0), S(0), SB(25), Length[3]
2023-08-23 18:01:16,275[DEBUG]:<<<S6F12<<<  
<B [1] 00 >
2023-08-23 18:02:23,790[INFO ]:Queued SECS2 Message : S6F11
2023-08-23 18:02:23,850[INFO ]:SENT SECS2 Message : SSID(0), B2(134), B3(11), P(0), S(0), SB(27)
2023-08-23 18:02:23,850[INFO ]:>>>S6F11 W>>>  
<L [3] 
    <U4 [1] 0 >
    <U4 [1] `GlassStart` 1611 >
    <L [1] 
        <L [2] 
            <U4 [1] 116 >
            <L [6] 
                <A [5] `ModuleID` "USC01">
                <A [21] `GlassID` "UNKG202308DD180031502">
                <U2 [1] `PortID` 0 >
                <A [6] `TrayID` "TRAY-1">
                <U2 [1] `SlotNo` 1 >
                <A [13] `LotID` "LOT_230217005">
            >
        >
    >
>
2023-08-23 18:02:23,891[INFO ]:RECV SECS2 Message : SSID(0), B2(6), B3(12), P(0), S(0), SB(27), Length[3]
2023-08-23 18:02:23,891[DEBUG]:<<<S6F12<<<  
<B [1] 00 >
2023-08-23 18:10:24,460[INFO ]:Queued SECS2 Message : S1F13
2023-08-23 18:10:24,491[INFO ]:SENT SECS2 Message : SSID(0), B2(129), B3(13), P(0), S(0), SB(1)
2023-08-23 18:10:24,492[INFO ]:>>>S1F13 W>>>  
<L [2] 
    <A [3] "UPK">
    <A [14] "1.0.8635.32709">
>
2023-08-23 18:10:24,582[INFO ]:RECV SECS2 Message : SSID(0), B2(1), B3(14), P(0), S(0), SB(1), Length[7]
2023-08-23 18:10:24,583[DEBUG]:<<<S1F14<<<  
<L [2] 
    <B [1] 00 >
    <L [0] >
>
2023-08-23 18:10:27,845[INFO ]:RECV SECS2 Message : SSID(0), B2(129), B3(13), P(0), S(0), SB(21,664), Length[2]
2023-08-23 18:10:27,845[DEBUG]:<<<S1F13 W<<<  
<L [0] >
2023-08-23 18:10:27,846[INFO ]:Queued SECS2 Message : S1F14
2023-08-23 18:10:27,890[INFO ]:SENT SECS2 Message : SSID(0), B2(1), B3(14), P(0), S(0), SB(21,664)
2023-08-23 18:10:27,890[INFO ]:>>>S1F14>>>  
<L [2] 
    <B [1] 00 >
    <L [2] 
        <A [3] "UPK">
        <A [14] "1.0.8635.32709">
    >
>
2023-08-23 18:10:27,921[INFO ]:RECV SECS2 Message : SSID(0), B2(129), B3(17), P(0), S(0), SB(21,666), Length[0]
2023-08-23 18:10:27,921[DEBUG]:<<<S1F17 W<<<  

2023-08-23 18:10:27,922[INFO ]:Queued SECS2 Message : S1F18
2023-08-23 18:10:27,951[INFO ]:SENT SECS2 Message : SSID(0), B2(1), B3(18), P(0), S(0), SB(21,666)
2023-08-23 18:10:27,951[INFO ]:>>>S1F18>>>  
<B [1] 02 >
2023-08-23 18:10:41,708[INFO ]:RECV SECS2 Message : SSID(0), B2(129), B3(13), P(0), S(0), SB(21,668), Length[2]
2023-08-23 18:10:41,708[DEBUG]:<<<S1F13 W<<<  
<L [0] >
2023-08-23 18:10:41,708[INFO ]:Queued SECS2 Message : S1F14
2023-08-23 18:10:41,722[INFO ]:SENT SECS2 Message : SSID(0), B2(1), B3(14), P(0), S(0), SB(21,668)
2023-08-23 18:10:41,722[INFO ]:>>>S1F14>>>  
<L [2] 
    <B [1] 00 >
    <L [2] 
        <A [3] "UPK">
        <A [14] "1.0.8635.32709">
    >
>
2023-08-23 18:10:41,783[INFO ]:RECV SECS2 Message : SSID(0), B2(129), B3(17), P(0), S(0), SB(21,670), Length[0]
2023-08-23 18:10:41,783[DEBUG]:<<<S1F17 W<<<  

2023-08-23 18:10:41,784[INFO ]:Queued SECS2 Message : S1F18
2023-08-23 18:10:41,844[INFO ]:SENT SECS2 Message : SSID(0), B2(1), B3(18), P(0), S(0), SB(21,670)
2023-08-23 18:10:41,844[INFO ]:>>>S1F18>>>  
<B [1] 02 >
2023-08-23 18:10:44,317[INFO ]:Queued SECS2 Message : S6F11
2023-08-23 18:10:44,336[INFO ]:SENT SECS2 Message : SSID(0), B2(134), B3(11), P(0), S(0), SB(2)
2023-08-23 18:10:44,337[INFO ]:>>>S6F11 W>>>  
<L [3] 
    <U4 [1] 0 >
    <U4 [1] `EquipmentStateChanged` 1051 >
    <L [1] 
        <L [2] 
            <U4 [1] 104 >
            <L [2] 
                <U2 [1] `EqpState` 4 >
                <U2 [1] `PreviousEqpState` 3 >
            >
        >
    >
>
2023-08-23 18:10:44,427[INFO ]:RECV SECS2 Message : SSID(0), B2(6), B3(12), P(0), S(0), SB(2), Length[3]
2023-08-23 18:10:44,427[DEBUG]:<<<S6F12<<<  
<B [1] 00 >
2023-08-23 18:10:45,330[INFO ]:Queued SECS2 Message : S6F11
2023-08-23 18:10:45,332[INFO ]:Queued SECS2 Message : S6F11
2023-08-23 18:10:45,371[INFO ]:SENT SECS2 Message : SSID(0), B2(134), B3(11), P(0), S(0), SB(3)
2023-08-23 18:10:45,371[INFO ]:>>>S6F11 W>>>  
<L [3] 
    <U4 [1] 0 >
    <U4 [1] `EquipmentStateChanged` 1051 >
    <L [1] 
        <L [2] 
            <U4 [1] 104 >
            <L [2] 
                <U2 [1] `EqpState` 2 >
                <U2 [1] `PreviousEqpState` 4 >
            >
        >
    >
>
2023-08-23 18:10:45,372[INFO ]:SENT SECS2 Message : SSID(0), B2(134), B3(11), P(0), S(0), SB(4)
2023-08-23 18:10:45,372[INFO ]:>>>S6F11 W>>>  
<L [3] 
    <U4 [1] 0 >
    <U4 [1] `ModuleStart` 1101 >
    <L [1] 
        <L [2] 
            <U4 [1] 106 >
            <L [1] 
                <A [4] `ModuleID` "TM01">
            >
        >
    >
>
2023-08-23 18:10:45,417[INFO ]:RECV SECS2 Message : SSID(0), B2(6), B3(12), P(0), S(0), SB(3), Length[3]
2023-08-23 18:10:45,417[DEBUG]:<<<S6F12<<<  
<B [1] 00 >
2023-08-23 18:10:45,492[INFO ]:RECV SECS2 Message : SSID(0), B2(6), B3(12), P(0), S(0), SB(4), Length[3]
2023-08-23 18:10:45,492[DEBUG]:<<<S6F12<<<  
<B [1] 00 >
2023-08-23 18:10:55,693[INFO ]:Queued SECS2 Message : S6F11
2023-08-23 18:10:55,695[INFO ]:SENT SECS2 Message : SSID(0), B2(134), B3(11), P(0), S(0), SB(5)
2023-08-23 18:10:55,695[INFO ]:>>>S6F11 W>>>  
<L [3] 
    <U4 [1] 0 >
    <U4 [1] `EquipmentStateChanged` 1051 >
    <L [1] 
        <L [2] 
            <U4 [1] 104 >
            <L [2] 
                <U2 [1] `EqpState` 1 >
                <U2 [1] `PreviousEqpState` 2 >
            >
        >
    >
>
2023-08-23 18:10:55,738[INFO ]:RECV SECS2 Message : SSID(0), B2(6), B3(12), P(0), S(0), SB(5), Length[3]
2023-08-23 18:10:55,738[DEBUG]:<<<S6F12<<<  
<B [1] 00 >
2023-08-23 18:10:56,376[INFO ]:Queued SECS2 Message : S6F11
2023-08-23 18:10:56,423[INFO ]:SENT SECS2 Message : SSID(0), B2(134), B3(11), P(0), S(0), SB(6)
2023-08-23 18:10:56,423[INFO ]:>>>S6F11 W>>>  
<L [3] 
    <U4 [1] 0 >
    <U4 [1] `EquipmentStateChanged` 1051 >
    <L [1] 
        <L [2] 
            <U4 [1] 104 >
            <L [2] 
                <U2 [1] `EqpState` 2 >
                <U2 [1] `PreviousEqpState` 1 >
            >
        >
    >
>
2023-08-23 18:10:56,484[INFO ]:RECV SECS2 Message : SSID(0), B2(6), B3(12), P(0), S(0), SB(6), Length[3]
2023-08-23 18:10:56,484[DEBUG]:<<<S6F12<<<  
<B [1] 00 >
2023-08-23 18:11:14,068[INFO ]:Queued SECS2 Message : S6F11
2023-08-23 18:11:14,103[INFO ]:SENT SECS2 Message : SSID(0), B2(134), B3(11), P(0), S(0), SB(7)
2023-08-23 18:11:14,103[INFO ]:>>>S6F11 W>>>  
<L [3] 
    <U4 [1] 0 >
    <U4 [1] `TrayGlassOut` 1412 >
    <L [1] 
        <L [2] 
            <U4 [1] 111 >
            <L [5] 
                <U2 [1] `PortID` 1 >
                <A [6] `TrayID` "TRAY-1">
                <U2 [1] `SlotNo` 1 >
                <A [10] `PreviousGlassID` "GlassID-01">
                <A [13] `LotID` "LOT_230217005">
            >
        >
    >
>
2023-08-23 18:11:14,180[INFO ]:RECV SECS2 Message : SSID(0), B2(6), B3(12), P(0), S(0), SB(7), Length[3]
2023-08-23 18:11:14,180[DEBUG]:<<<S6F12<<<  
<B [1] 00 >
2023-08-23 18:11:20,680[INFO ]:Queued SECS2 Message : S6F11
2023-08-23 18:11:20,733[INFO ]:SENT SECS2 Message : SSID(0), B2(134), B3(11), P(0), S(0), SB(8)
2023-08-23 18:11:20,733[INFO ]:>>>S6F11 W>>>  
<L [3] 
    <U4 [1] 0 >
    <U4 [1] `SubstrateLocationOccupied` 1201 >
    <L [1] 
        <L [2] 
            <U4 [1] 107 >
            <L [2] 
                <A [4] `ModuleID` "TM01">
                <A [0] `GlassID` >
            >
        >
    >
>
2023-08-23 18:11:20,794[INFO ]:RECV SECS2 Message : SSID(0), B2(6), B3(12), P(0), S(0), SB(8), Length[3]
2023-08-23 18:11:20,794[DEBUG]:<<<S6F12<<<  
<B [1] 00 >
2023-08-23 18:11:26,399[INFO ]:Queued SECS2 Message : S6F11
2023-08-23 18:11:26,450[INFO ]:SENT SECS2 Message : SSID(0), B2(134), B3(11), P(0), S(0), SB(9)
2023-08-23 18:11:26,450[INFO ]:>>>S6F11 W>>>  
<L [3] 
    <U4 [1] 0 >
    <U4 [1] `EquipmentStateChanged` 1051 >
    <L [1] 
        <L [2] 
            <U4 [1] 104 >
            <L [2] 
                <U2 [1] `EqpState` 1 >
                <U2 [1] `PreviousEqpState` 2 >
            >
        >
    >
>
2023-08-23 18:11:26,495[INFO ]:RECV SECS2 Message : SSID(0), B2(6), B3(12), P(0), S(0), SB(9), Length[3]
2023-08-23 18:11:26,495[DEBUG]:<<<S6F12<<<  
<B [1] 00 >
2023-08-23 18:11:27,098[INFO ]:Queued SECS2 Message : S6F11
2023-08-23 18:11:27,119[INFO ]:SENT SECS2 Message : SSID(0), B2(134), B3(11), P(0), S(0), SB(10)
2023-08-23 18:11:27,119[INFO ]:>>>S6F11 W>>>  
<L [3] 
    <U4 [1] 0 >
    <U4 [1] `EquipmentStateChanged` 1051 >
    <L [1] 
        <L [2] 
            <U4 [1] 104 >
            <L [2] 
                <U2 [1] `EqpState` 2 >
                <U2 [1] `PreviousEqpState` 1 >
            >
        >
    >
>
2023-08-23 18:11:27,180[INFO ]:RECV SECS2 Message : SSID(0), B2(6), B3(12), P(0), S(0), SB(10), Length[3]
2023-08-23 18:11:27,180[DEBUG]:<<<S6F12<<<  
<B [1] 00 >
2023-08-23 18:11:33,495[INFO ]:Queued SECS2 Message : S6F11
2023-08-23 18:11:33,556[INFO ]:SENT SECS2 Message : SSID(0), B2(134), B3(11), P(0), S(0), SB(11)
2023-08-23 18:11:33,556[INFO ]:>>>S6F11 W>>>  
<L [3] 
    <U4 [1] 0 >
    <U4 [1] `OperationIDChanged` 1061 >
    <L [1] 
        <L [2] 
            <U4 [1] 105 >
            <L [2] 
                <A [0] `UserId` >
                <A [1] `PreviousUserId` "2">
            >
        >
    >
>
2023-08-23 18:11:33,632[INFO ]:RECV SECS2 Message : SSID(0), B2(6), B3(12), P(0), S(0), SB(11), Length[3]
2023-08-23 18:11:33,632[DEBUG]:<<<S6F12<<<  
<B [1] 00 >
2023-08-23 18:11:40,808[INFO ]:Queued SECS2 Message : S6F11
2023-08-23 18:11:40,808[INFO ]:Queued SECS2 Message : S6F11
2023-08-23 18:11:40,839[INFO ]:SENT SECS2 Message : SSID(0), B2(134), B3(11), P(0), S(0), SB(12)
2023-08-23 18:11:40,839[INFO ]:>>>S6F11 W>>>  
<L [3] 
    <U4 [1] 0 >
    <U4 [1] `SubstrateLocationUnoccupied` 1202 >
    <L [1] 
        <L [2] 
            <U4 [1] 107 >
            <L [2] 
                <A [4] `ModuleID` "TM01">
                <A [0] `GlassID` >
            >
        >
    >
>
2023-08-23 18:11:40,840[INFO ]:SENT SECS2 Message : SSID(0), B2(134), B3(11), P(0), S(0), SB(13)
2023-08-23 18:11:40,840[INFO ]:>>>S6F11 W>>>  
<L [3] 
    <U4 [1] 0 >
    <U4 [1] `ModuleStart` 1101 >
    <L [1] 
        <L [2] 
            <U4 [1] 106 >
            <L [1] 
                <A [4] `ModuleID` "BF01">
            >
        >
    >
>
2023-08-23 18:11:40,900[INFO ]:RECV SECS2 Message : SSID(0), B2(6), B3(12), P(0), S(0), SB(12), Length[3]
2023-08-23 18:11:40,900[DEBUG]:<<<S6F12<<<  
<B [1] 00 >
2023-08-23 18:11:40,907[INFO ]:RECV SECS2 Message : SSID(0), B2(6), B3(12), P(0), S(0), SB(13), Length[3]
2023-08-23 18:11:40,907[DEBUG]:<<<S6F12<<<  
<B [1] 00 >
2023-08-23 18:11:40,988[INFO ]:Queued SECS2 Message : S6F11
2023-08-23 18:11:41,021[INFO ]:SENT SECS2 Message : SSID(0), B2(134), B3(11), P(0), S(0), SB(14)
2023-08-23 18:11:41,021[INFO ]:>>>S6F11 W>>>  
<L [3] 
    <U4 [1] 0 >
    <U4 [1] `EquipmentStateChanged` 1051 >
    <L [1] 
        <L [2] 
            <U4 [1] 104 >
            <L [2] 
                <U2 [1] `EqpState` 1 >
                <U2 [1] `PreviousEqpState` 2 >
            >
        >
    >
>
2023-08-23 18:11:41,052[INFO ]:RECV SECS2 Message : SSID(0), B2(6), B3(12), P(0), S(0), SB(14), Length[3]
2023-08-23 18:11:41,052[DEBUG]:<<<S6F12<<<  
<B [1] 00 >
2023-08-23 18:11:41,893[INFO ]:Queued SECS2 Message : S6F11
2023-08-23 18:11:41,930[INFO ]:SENT SECS2 Message : SSID(0), B2(134), B3(11), P(0), S(0), SB(15)
2023-08-23 18:11:41,930[INFO ]:>>>S6F11 W>>>  
<L [3] 
    <U4 [1] 0 >
    <U4 [1] `EquipmentStateChanged` 1051 >
    <L [1] 
        <L [2] 
            <U4 [1] 104 >
            <L [2] 
                <U2 [1] `EqpState` 2 >
                <U2 [1] `PreviousEqpState` 1 >
            >
        >
    >
>
2023-08-23 18:11:41,971[INFO ]:RECV SECS2 Message : SSID(0), B2(6), B3(12), P(0), S(0), SB(15), Length[3]
2023-08-23 18:11:41,971[DEBUG]:<<<S6F12<<<  
<B [1] 00 >
2023-08-23 18:11:44,995[INFO ]:Queued SECS2 Message : S6F11
2023-08-23 18:11:45,009[INFO ]:Queued SECS2 Message : S6F11
2023-08-23 18:11:45,025[INFO ]:SENT SECS2 Message : SSID(0), B2(134), B3(11), P(0), S(0), SB(16)
2023-08-23 18:11:45,025[INFO ]:>>>S6F11 W>>>  
<L [3] 
    <U4 [1] 0 >
    <U4 [1] `ModuleEnd` 1102 >
    <L [1] 
        <L [2] 
            <U4 [1] 106 >
            <L [1] 
                <A [4] `ModuleID` "TM01">
            >
        >
    >
>
2023-08-23 18:11:45,025[INFO ]:SENT SECS2 Message : SSID(0), B2(134), B3(11), P(0), S(0), SB(17)
2023-08-23 18:11:45,025[INFO ]:>>>S6F11 W>>>  
<L [3] 
    <U4 [1] 0 >
    <U4 [1] `GlassIDRead` 1601 >
    <L [1] 
        <L [2] 
            <U4 [1] 114 >
            <L [4] 
                <A [4] `ModuleID` "BF01">
                <A [0] `GlassID` >
                <A [10] `PreviousGlassID` "GlassID-01">
                <U2 [1] `IDReadStatus` 1 >
            >
        >
    >
>
2023-08-23 18:11:45,070[INFO ]:RECV SECS2 Message : SSID(0), B2(6), B3(12), P(0), S(0), SB(16), Length[3]
2023-08-23 18:11:45,070[DEBUG]:<<<S6F12<<<  
<B [1] 00 >
2023-08-23 18:11:45,145[INFO ]:RECV SECS2 Message : SSID(0), B2(6), B3(12), P(0), S(0), SB(17), Length[3]
2023-08-23 18:11:45,145[DEBUG]:<<<S6F12<<<  
<B [1] 00 >
2023-08-23 18:11:45,220[INFO ]:Queued SECS2 Message : S6F11
2023-08-23 18:11:45,267[INFO ]:SENT SECS2 Message : SSID(0), B2(134), B3(11), P(0), S(0), SB(18)
2023-08-23 18:11:45,267[INFO ]:>>>S6F11 W>>>  
<L [3] 
    <U4 [1] 0 >
    <U4 [1] `SubstrateLocationOccupied` 1201 >
    <L [1] 
        <L [2] 
            <U4 [1] 107 >
            <L [2] 
                <A [4] `ModuleID` "BF01">
                <A [21] `GlassID` "UNKG202308DD181145011">
            >
        >
    >
>
2023-08-23 18:11:45,308[INFO ]:RECV SECS2 Message : SSID(0), B2(6), B3(12), P(0), S(0), SB(18), Length[3]
2023-08-23 18:11:45,308[DEBUG]:<<<S6F12<<<  
<B [1] 00 >
2023-08-23 18:11:54,900[INFO ]:Queued SECS2 Message : S6F11
2023-08-23 18:11:54,912[INFO ]:Queued SECS2 Message : S6F11
2023-08-23 18:11:54,917[INFO ]:SENT SECS2 Message : SSID(0), B2(134), B3(11), P(0), S(0), SB(19)
2023-08-23 18:11:54,917[INFO ]:>>>S6F11 W>>>  
<L [3] 
    <U4 [1] 0 >
    <U4 [1] `SubstrateLocationUnoccupied` 1202 >
    <L [1] 
        <L [2] 
            <U4 [1] 107 >
            <L [2] 
                <A [4] `ModuleID` "BF01">
                <A [21] `GlassID` "UNKG202308DD181145011">
            >
        >
    >
>
2023-08-23 18:11:54,917[INFO ]:SENT SECS2 Message : SSID(0), B2(134), B3(11), P(0), S(0), SB(20)
2023-08-23 18:11:54,917[INFO ]:>>>S6F11 W>>>  
<L [3] 
    <U4 [1] 0 >
    <U4 [1] `ModuleEnd` 1102 >
    <L [1] 
        <L [2] 
            <U4 [1] 106 >
            <L [1] 
                <A [4] `ModuleID` "BF01">
            >
        >
    >
>
2023-08-23 18:11:54,993[INFO ]:RECV SECS2 Message : SSID(0), B2(6), B3(12), P(0), S(0), SB(19), Length[3]
2023-08-23 18:11:54,993[DEBUG]:<<<S6F12<<<  
<B [1] 00 >
2023-08-23 18:11:54,993[INFO ]:RECV SECS2 Message : SSID(0), B2(6), B3(12), P(0), S(0), SB(20), Length[3]
2023-08-23 18:11:54,993[DEBUG]:<<<S6F12<<<  
<B [1] 00 >
2023-08-23 18:11:55,112[INFO ]:Queued SECS2 Message : S6F11
2023-08-23 18:11:55,127[INFO ]:Queued SECS2 Message : S6F11
2023-08-23 18:11:55,159[INFO ]:SENT SECS2 Message : SSID(0), B2(134), B3(11), P(0), S(0), SB(21)
2023-08-23 18:11:55,159[INFO ]:>>>S6F11 W>>>  
<L [3] 
    <U4 [1] 0 >
    <U4 [1] `SubstrateLocationUnoccupied` 1202 >
    <L [1] 
        <L [2] 
            <U4 [1] 107 >
            <L [2] 
                <A [4] `ModuleID` "BF01">
                <A [21] `GlassID` "UNKG202308DD181145011">
            >
        >
    >
>
2023-08-23 18:11:55,159[INFO ]:SENT SECS2 Message : SSID(0), B2(134), B3(11), P(0), S(0), SB(22)
2023-08-23 18:11:55,159[INFO ]:>>>S6F11 W>>>  
<L [3] 
    <U4 [1] 0 >
    <U4 [1] `ModuleStart` 1101 >
    <L [1] 
        <L [2] 
            <U4 [1] 106 >
            <L [1] 
                <A [5] `ModuleID` "USC01">
            >
        >
    >
>
2023-08-23 18:11:55,220[INFO ]:RECV SECS2 Message : SSID(0), B2(6), B3(12), P(0), S(0), SB(21), Length[3]
2023-08-23 18:11:55,220[DEBUG]:<<<S6F12<<<  
<B [1] 00 >
2023-08-23 18:11:55,231[INFO ]:RECV SECS2 Message : SSID(0), B2(6), B3(12), P(0), S(0), SB(22), Length[3]
2023-08-23 18:11:55,231[DEBUG]:<<<S6F12<<<  
<B [1] 00 >
2023-08-23 18:11:55,320[INFO ]:Queued SECS2 Message : S6F11
2023-08-23 18:11:55,342[INFO ]:SENT SECS2 Message : SSID(0), B2(134), B3(11), P(0), S(0), SB(23)
2023-08-23 18:11:55,342[INFO ]:>>>S6F11 W>>>  
<L [3] 
    <U4 [1] 0 >
    <U4 [1] `SubstrateLocationUnoccupied` 1202 >
    <L [1] 
        <L [2] 
            <U4 [1] 107 >
            <L [2] 
                <A [4] `ModuleID` "BF01">
                <A [21] `GlassID` "UNKG202308DD181145011">
            >
        >
    >
>
2023-08-23 18:11:55,373[INFO ]:RECV SECS2 Message : SSID(0), B2(6), B3(12), P(0), S(0), SB(23), Length[3]
2023-08-23 18:11:55,373[DEBUG]:<<<S6F12<<<  
<B [1] 00 >
2023-08-23 18:11:59,286[INFO ]:Queued SECS2 Message : S6F11
2023-08-23 18:11:59,287[INFO ]:Queued SECS2 Message : S6F11
2023-08-23 18:11:59,307[INFO ]:SENT SECS2 Message : SSID(0), B2(134), B3(11), P(0), S(0), SB(24)
2023-08-23 18:11:59,307[INFO ]:>>>S6F11 W>>>  
<L [3] 
    <U4 [1] 0 >
    <U4 [1] `GlassStart` 1611 >
    <L [1] 
        <L [2] 
            <U4 [1] 116 >
            <L [6] 
                <A [5] `ModuleID` "USC01">
                <A [21] `GlassID` "UNKG202308DD181145011">
                <U2 [1] `PortID` 0 >
                <A [6] `TrayID` "TRAY-1">
                <U2 [1] `SlotNo` 1 >
                <A [13] `LotID` "LOT_230217005">
            >
        >
    >
>
2023-08-23 18:11:59,308[INFO ]:SENT SECS2 Message : SSID(0), B2(134), B3(11), P(0), S(0), SB(25)
2023-08-23 18:11:59,308[INFO ]:>>>S6F11 W>>>  
<L [3] 
    <U4 [1] 0 >
    <U4 [1] `SubstrateLocationOccupied` 1201 >
    <L [1] 
        <L [2] 
            <U4 [1] 107 >
            <L [2] 
                <A [5] `ModuleID` "USC01">
                <A [21] `GlassID` "UNKG202308DD181145011">
            >
        >
    >
>
2023-08-23 18:11:59,349[INFO ]:RECV SECS2 Message : SSID(0), B2(6), B3(12), P(0), S(0), SB(24), Length[3]
2023-08-23 18:11:59,349[DEBUG]:<<<S6F12<<<  
<B [1] 00 >
2023-08-23 18:11:59,414[INFO ]:RECV SECS2 Message : SSID(0), B2(6), B3(12), P(0), S(0), SB(25), Length[3]
2023-08-23 18:11:59,414[DEBUG]:<<<S6F12<<<  
<B [1] 00 >
2023-08-23 18:12:01,674[INFO ]:Queued SECS2 Message : S6F11
2023-08-23 18:12:01,735[INFO ]:SENT SECS2 Message : SSID(0), B2(134), B3(11), P(0), S(0), SB(26)
2023-08-23 18:12:01,735[INFO ]:>>>S6F11 W>>>  
<L [3] 
    <U4 [1] 0 >
    <U4 [1] `EquipmentStateChanged` 1051 >
    <L [1] 
        <L [2] 
            <U4 [1] 104 >
            <L [2] 
                <U2 [1] `EqpState` 1 >
                <U2 [1] `PreviousEqpState` 2 >
            >
        >
    >
>
2023-08-23 18:12:01,767[INFO ]:RECV SECS2 Message : SSID(0), B2(6), B3(12), P(0), S(0), SB(26), Length[3]
2023-08-23 18:12:01,767[DEBUG]:<<<S6F12<<<  
<B [1] 00 >
2023-08-23 18:12:10,224[INFO ]:Queued SECS2 Message : S6F11
2023-08-23 18:12:10,235[INFO ]:SENT SECS2 Message : SSID(0), B2(134), B3(11), P(0), S(0), SB(27)
2023-08-23 18:12:10,235[INFO ]:>>>S6F11 W>>>  
<L [3] 
    <U4 [1] 0 >
    <U4 [1] `OperationIDChanged` 1061 >
    <L [1] 
        <L [2] 
            <U4 [1] 105 >
            <L [2] 
                <A [1] `UserId` "2">
                <A [1] `PreviousUserId` "2">
            >
        >
    >
>
2023-08-23 18:12:10,276[INFO ]:RECV SECS2 Message : SSID(0), B2(6), B3(12), P(0), S(0), SB(27), Length[3]
2023-08-23 18:12:10,276[DEBUG]:<<<S6F12<<<  
<B [1] 00 >
2023-08-23 18:16:38,769[INFO ]:Queued SECS2 Message : S6F11
2023-08-23 18:16:38,786[INFO ]:SENT SECS2 Message : SSID(0), B2(134), B3(11), P(0), S(0), SB(31)
2023-08-23 18:16:38,786[INFO ]:>>>S6F11 W>>>  
<L [3] 
    <U4 [1] 0 >
    <U4 [1] `EquipmentStateChanged` 1051 >
    <L [1] 
        <L [2] 
            <U4 [1] 104 >
            <L [2] 
                <U2 [1] `EqpState` 3 >
                <U2 [1] `PreviousEqpState` 1 >
            >
        >
    >
>
2023-08-23 18:16:38,876[INFO ]:RECV SECS2 Message : SSID(0), B2(6), B3(12), P(0), S(0), SB(31), Length[3]
2023-08-23 18:16:38,876[DEBUG]:<<<S6F12<<<  
<B [1] 00 >
2023-08-23 18:33:26,295[INFO ]:Queued SECS2 Message : S1F13
2023-08-23 18:33:26,311[INFO ]:SENT SECS2 Message : SSID(0), B2(129), B3(13), P(0), S(0), SB(1)
2023-08-23 18:33:26,313[INFO ]:>>>S1F13 W>>>  
<L [2] 
    <A [3] "UPK">
    <A [14] "1.0.8635.33399">
>
2023-08-23 18:33:26,418[INFO ]:RECV SECS2 Message : SSID(0), B2(1), B3(14), P(0), S(0), SB(1), Length[7]
2023-08-23 18:33:26,419[DEBUG]:<<<S1F14<<<  
<L [2] 
    <B [1] 00 >
    <L [0] >
>
2023-08-23 18:36:30,889[INFO ]:Queued SECS2 Message : S6F11
2023-08-23 18:36:30,917[INFO ]:SENT SECS2 Message : SSID(0), B2(134), B3(11), P(0), S(0), SB(3)
2023-08-23 18:36:30,917[INFO ]:>>>S6F11 W>>>  
<L [3] 
    <U4 [1] 0 >
    <U4 [1] `SubstrateLocationUnoccupied` 1202 >
    <L [1] 
        <L [2] 
            <U4 [1] 107 >
            <L [2] 
                <A [4] `ModuleID` "BF01">
                <A [0] `GlassID` >
            >
        >
    >
>
2023-08-23 18:36:31,055[INFO ]:RECV SECS2 Message : SSID(0), B2(6), B3(12), P(0), S(0), SB(3), Length[3]
2023-08-23 18:36:31,055[DEBUG]:<<<S6F12<<<  
<B [1] 00 >
2023-08-23 18:42:52,987[INFO ]:Queued SECS2 Message : S6F11
2023-08-23 18:42:53,033[INFO ]:SENT SECS2 Message : SSID(0), B2(134), B3(11), P(0), S(0), SB(7)
2023-08-23 18:42:53,033[INFO ]:>>>S6F11 W>>>  
<L [3] 
    <U4 [1] 0 >
    <U4 [1] `SubstrateLocationUnoccupied` 1202 >
    <L [1] 
        <L [2] 
            <U4 [1] 107 >
            <L [2] 
                <A [4] `ModuleID` "BF01">
                <A [0] `GlassID` >
            >
        >
    >
>
2023-08-23 18:42:53,170[INFO ]:RECV SECS2 Message : SSID(0), B2(6), B3(12), P(0), S(0), SB(7), Length[3]
2023-08-23 18:42:53,170[DEBUG]:<<<S6F12<<<  
<B [1] 00 >
2023-08-23 18:56:27,390[INFO ]:Queued SECS2 Message : S1F13
2023-08-23 18:56:27,406[INFO ]:SENT SECS2 Message : SSID(0), B2(129), B3(13), P(0), S(0), SB(11)
2023-08-23 18:56:27,406[INFO ]:>>>S1F13 W>>>  
<L [2] 
    <A [3] "UPK">
    <A [14] "1.0.8635.33399">
>
2023-08-23 18:56:27,496[INFO ]:RECV SECS2 Message : SSID(0), B2(1), B3(14), P(0), S(0), SB(11), Length[7]
2023-08-23 18:56:27,496[DEBUG]:<<<S1F14<<<  
<L [2] 
    <B [1] 00 >
    <L [0] >
>
2023-08-23 18:56:34,356[INFO ]:Queued SECS2 Message : S6F11
2023-08-23 18:56:34,385[INFO ]:SENT SECS2 Message : SSID(0), B2(134), B3(11), P(0), S(0), SB(12)
2023-08-23 18:56:34,385[INFO ]:>>>S6F11 W>>>  
<L [3] 
    <U4 [1] 0 >
    <U4 [1] `SubstrateLocationUnoccupied` 1202 >
    <L [1] 
        <L [2] 
            <U4 [1] 107 >
            <L [2] 
                <A [4] `ModuleID` "BF01">
                <A [0] `GlassID` >
            >
        >
    >
>
2023-08-23 18:56:34,462[INFO ]:RECV SECS2 Message : SSID(0), B2(6), B3(12), P(0), S(0), SB(12), Length[3]
2023-08-23 18:56:34,462[DEBUG]:<<<S6F12<<<  
<B [1] 00 >
2023-08-23 18:56:35,681[INFO ]:Queued SECS2 Message : S6F11
2023-08-23 18:56:35,727[INFO ]:SENT SECS2 Message : SSID(0), B2(134), B3(11), P(0), S(0), SB(13)
2023-08-23 18:56:35,727[INFO ]:>>>S6F11 W>>>  
<L [3] 
    <U4 [1] 0 >
    <U4 [1] `SubstrateLocationUnoccupied` 1202 >
    <L [1] 
        <L [2] 
            <U4 [1] 107 >
            <L [2] 
                <A [4] `ModuleID` "BF01">
                <A [0] `GlassID` >
            >
        >
    >
>
2023-08-23 18:56:35,833[INFO ]:RECV SECS2 Message : SSID(0), B2(6), B3(12), P(0), S(0), SB(13), Length[3]
2023-08-23 18:56:35,833[DEBUG]:<<<S6F12<<<  
<B [1] 00 >
2023-08-23 18:56:37,015[INFO ]:Queued SECS2 Message : S6F11
2023-08-23 18:56:37,075[INFO ]:SENT SECS2 Message : SSID(0), B2(134), B3(11), P(0), S(0), SB(14)
2023-08-23 18:56:37,075[INFO ]:>>>S6F11 W>>>  
<L [3] 
    <U4 [1] 0 >
    <U4 [1] `SubstrateLocationUnoccupied` 1202 >
    <L [1] 
        <L [2] 
            <U4 [1] 107 >
            <L [2] 
                <A [4] `ModuleID` "BF01">
                <A [0] `GlassID` >
            >
        >
    >
>
2023-08-23 18:56:37,140[INFO ]:RECV SECS2 Message : SSID(0), B2(6), B3(12), P(0), S(0), SB(14), Length[3]
2023-08-23 18:56:37,140[DEBUG]:<<<S6F12<<<  
<B [1] 00 >
2023-08-23 18:56:50,107[INFO ]:Queued SECS2 Message : S6F11
2023-08-23 18:56:50,169[INFO ]:SENT SECS2 Message : SSID(0), B2(134), B3(11), P(0), S(0), SB(15)
2023-08-23 18:56:50,169[INFO ]:>>>S6F11 W>>>  
<L [3] 
    <U4 [1] 0 >
    <U4 [1] `SubstrateLocationUnoccupied` 1202 >
    <L [1] 
        <L [2] 
            <U4 [1] 107 >
            <L [2] 
                <A [4] `ModuleID` "BF01">
                <A [0] `GlassID` >
            >
        >
    >
>
2023-08-23 18:56:50,290[INFO ]:RECV SECS2 Message : SSID(0), B2(6), B3(12), P(0), S(0), SB(15), Length[3]
2023-08-23 18:56:50,290[DEBUG]:<<<S6F12<<<  
<B [1] 00 >
2023-08-23 18:56:52,031[INFO ]:Queued SECS2 Message : S6F11
2023-08-23 18:56:52,060[INFO ]:SENT SECS2 Message : SSID(0), B2(134), B3(11), P(0), S(0), SB(16)
2023-08-23 18:56:52,060[INFO ]:>>>S6F11 W>>>  
<L [3] 
    <U4 [1] 0 >
    <U4 [1] `SubstrateLocationUnoccupied` 1202 >
    <L [1] 
        <L [2] 
            <U4 [1] 107 >
            <L [2] 
                <A [4] `ModuleID` "BF01">
                <A [0] `GlassID` >
            >
        >
    >
>
2023-08-23 18:56:52,197[INFO ]:RECV SECS2 Message : SSID(0), B2(6), B3(12), P(0), S(0), SB(16), Length[3]
2023-08-23 18:56:52,197[DEBUG]:<<<S6F12<<<  
<B [1] 00 >
2023-08-23 18:56:53,540[INFO ]:Queued SECS2 Message : S6F11
2023-08-23 18:56:53,585[INFO ]:SENT SECS2 Message : SSID(0), B2(134), B3(11), P(0), S(0), SB(17)
2023-08-23 18:56:53,586[INFO ]:>>>S6F11 W>>>  
<L [3] 
    <U4 [1] 0 >
    <U4 [1] `SubstrateLocationUnoccupied` 1202 >
    <L [1] 
        <L [2] 
            <U4 [1] 107 >
            <L [2] 
                <A [4] `ModuleID` "BF01">
                <A [0] `GlassID` >
            >
        >
    >
>
2023-08-23 18:56:53,655[INFO ]:RECV SECS2 Message : SSID(0), B2(6), B3(12), P(0), S(0), SB(17), Length[3]
2023-08-23 18:56:53,655[DEBUG]:<<<S6F12<<<  
<B [1] 00 >
2023-08-23 18:56:55,048[INFO ]:Queued SECS2 Message : S6F11
2023-08-23 18:56:55,109[INFO ]:SENT SECS2 Message : SSID(0), B2(134), B3(11), P(0), S(0), SB(18)
2023-08-23 18:56:55,109[INFO ]:>>>S6F11 W>>>  
<L [3] 
    <U4 [1] 0 >
    <U4 [1] `SubstrateLocationUnoccupied` 1202 >
    <L [1] 
        <L [2] 
            <U4 [1] 107 >
            <L [2] 
                <A [4] `ModuleID` "BF01">
                <A [0] `GlassID` >
            >
        >
    >
>
2023-08-23 18:56:55,184[INFO ]:RECV SECS2 Message : SSID(0), B2(6), B3(12), P(0), S(0), SB(18), Length[3]
2023-08-23 18:56:55,184[DEBUG]:<<<S6F12<<<  
<B [1] 00 >
2023-08-23 18:59:56,197[INFO ]:Queued SECS2 Message : S1F13
2023-08-23 18:59:56,226[INFO ]:SENT SECS2 Message : SSID(0), B2(129), B3(13), P(0), S(0), SB(1)
2023-08-23 18:59:56,229[INFO ]:>>>S1F13 W>>>  
<L [2] 
    <A [3] "UPK">
    <A [14] "1.0.8635.34120">
>
2023-08-23 18:59:56,318[INFO ]:RECV SECS2 Message : SSID(0), B2(1), B3(14), P(0), S(0), SB(1), Length[7]
2023-08-23 18:59:56,319[DEBUG]:<<<S1F14<<<  
<L [2] 
    <B [1] 00 >
    <L [0] >
>
