Time,Name,Type,MsgType,Text
2023-08-30 08:07:45.927,Connection,EFEM,Normal,Opned.
2023-08-30 09:23:01.552,Connection,EFEM,Normal,Opned.
2023-08-30 09:33:43.142,Connection,EFEM,Normal,Opned.
2023-08-30 09:34:13.228,Connection,EFEM,Normal,Opned.
2023-08-30 09:36:41.778,Connection,EFEM,Normal,Opned.
2023-08-30 10:35:08.419,Connection,EFEM,Normal,Opned.
2023-08-30 10:40:15.927,Connection,EFEM,Normal,Opned.
2023-08-30 10:41:31.386,Connection,EFEM,Normal,Opned.
2023-08-30 10:42:25.938,Connection,EFEM,Normal,Opned.
2023-08-30 10:44:12.417,Connection,EFEM,Normal,Connected.
2023-08-30 10:52:33.404,Receive,EFEM,Normal,{
  "COMMAND": "WORKORDER_START_REQUEST".
  "PPLIST": [
    {
      "SEQNO": 1001.
      "PPID": "PPID".
      "CARRIER_SLOTS": [
        {
          "PORT_NO": 1.
          "CARRIER_ID": "CSTSAP01105010".
          "SLOTS": [
            {
              "SLOT_NO": 1.
              "GLASS_ID": "GLASS01".
              "FLIPINFO": "TTT"
            }.
            {
              "SLOT_NO": 2.
              "GLASS_ID": "GLASS02".
              "FLIPINFO": "TTT"
            }.
            {
              "SLOT_NO": 3.
              "GLASS_ID": "GLASS03".
              "FLIPINFO": "TTT"
            }
          ]
        }
      ]
    }
  ]
}
2023-08-30 10:52:33.430,Send,EFEM,Normal,{"COMMAND":"WORKORDER_START_RESPONSE"."PPAckList":[{"SEQNO":1001."PPACK":0}]}
2023-08-30 10:52:33.662,Receive,EFEM,Normal,{"COMMAND":"WORKSEQPP_START_REQUEST"."SEQNO":1001."PPID":"PPID"."APCP":""}
2023-08-30 10:52:33.671,Send,EFEM,Normal,{"COMMAND":"WORKSEQPP_START_RESPONSE"."SEQNO":1001."ACK":0."RECIPE_CHANGE_TIME":0}
2023-08-30 10:53:00.203,Send,EFEM,Normal,{"COMMAND":"GLASS_DATA_REPORT_REQUEST"."HANDOVER_PORT":"port1"."GLASS_INFO":{"CARRIER_ID":"TRAY-1"."PORT_ID":1."LOT_ID":""."GLASS_ID":"GLASS01"."SLOT_NO":1."MAPPED_GLASSCOUNT":3."THIS_GLASSORDER":1."USAGE":""."PROCESS_STATE":0."FLIP_INFO":""."PPID":""."ULGFlag":"first"}}
2023-08-30 10:53:00.306,Receive,EFEM,Normal,{"COMMAND":"GLASS_DATA_REPORT_RESPONSE"}
2023-08-30 10:55:53.777,Send,EFEM,Normal,{"COMMAND":"GLASS_DATA_REPORT_REQUEST"."HANDOVER_PORT":"port1"."GLASS_INFO":{"CARRIER_ID":"TRAY-1"."PORT_ID":1."LOT_ID":""."GLASS_ID":"GLASS02"."SLOT_NO":2."MAPPED_GLASSCOUNT":3."THIS_GLASSORDER":2."USAGE":""."PROCESS_STATE":0."FLIP_INFO":""."PPID":""."ULGFlag":"middle"}}
2023-08-30 10:55:53.832,Receive,EFEM,Normal,{"COMMAND":"GLASS_DATA_REPORT_RESPONSE"}
2023-08-30 10:56:23.799,Send,EFEM,Normal,{"COMMAND":"GLASS_DATA_REPORT_REQUEST"."HANDOVER_PORT":"port1"."GLASS_INFO":{"CARRIER_ID":"TRAY-1"."PORT_ID":1."LOT_ID":""."GLASS_ID":"GLASS03"."SLOT_NO":3."MAPPED_GLASSCOUNT":3."THIS_GLASSORDER":3."USAGE":""."PROCESS_STATE":0."FLIP_INFO":""."PPID":""."ULGFlag":"last"}}
2023-08-30 10:56:23.971,Receive,EFEM,Normal,{"COMMAND":"GLASS_DATA_REPORT_RESPONSE"}
2023-08-30 10:57:06.324,Receive,EFEM,Normal,{"COMMAND":"WORKSEQPP_END_REQUEST"."SEQNO":1001}
2023-08-30 10:57:06.326,Send,EFEM,Normal,{"COMMAND":"WORKSEQPP_END_RESPONSE"."SEQNO":1001}
2023-08-30 11:14:05.034,Receive,EFEM,Normal,{
  "COMMAND": "WORKORDER_START_REQUEST".
  "PPLIST": [
    {
      "SEQNO": 1001.
      "PPID": "PPID".
      "CARRIER_SLOTS": [
        {
          "PORT_NO": 2.
          "CARRIER_ID": "CSTSAP021148".
          "SLOTS": [
            {
              "SLOT_NO": 1.
              "GLASS_ID": "GLASS01".
              "FLIPINFO": "TTT"
            }.
            {
              "SLOT_NO": 2.
              "GLASS_ID": "GLASS02".
              "FLIPINFO": "TTT"
            }.
            {
              "SLOT_NO": 3.
              "GLASS_ID": "GLASS03".
              "FLIPINFO": "TTT"
            }
          ]
        }
      ]
    }
  ]
}
2023-08-30 11:14:05.034,Send,EFEM,Normal,{"COMMAND":"WORKORDER_START_RESPONSE"."PPAckList":[{"SEQNO":1001."PPACK":0}]}
2023-08-30 11:14:05.156,Receive,EFEM,Normal,{"COMMAND":"WORKSEQPP_START_REQUEST"."SEQNO":1001."PPID":"PPID"."APCP":""}
2023-08-30 11:14:05.157,Send,EFEM,Normal,{"COMMAND":"WORKSEQPP_START_RESPONSE"."SEQNO":1001."ACK":0."RECIPE_CHANGE_TIME":0}
2023-08-30 11:16:38.418,Send,EFEM,Normal,{"COMMAND":"GLASS_DATA_REPORT_REQUEST"."HANDOVER_PORT":"port1"."GLASS_INFO":{"CARRIER_ID":"TRAY-1"."PORT_ID":1."LOT_ID":""."GLASS_ID":"GLASS01"."SLOT_NO":1."MAPPED_GLASSCOUNT":3."THIS_GLASSORDER":1."USAGE":""."PROCESS_STATE":0."FLIP_INFO":""."PPID":""."ULGFlag":"first"}}
2023-08-30 11:16:38.573,Receive,EFEM,Normal,{"COMMAND":"GLASS_DATA_REPORT_RESPONSE"}
2023-08-30 11:16:55.780,Send,EFEM,Normal,{"COMMAND":"GLASS_DATA_REPORT_REQUEST"."HANDOVER_PORT":"port1"."GLASS_INFO":{"CARRIER_ID":"TRAY-1"."PORT_ID":1."LOT_ID":""."GLASS_ID":"GLASS02"."SLOT_NO":2."MAPPED_GLASSCOUNT":3."THIS_GLASSORDER":2."USAGE":""."PROCESS_STATE":0."FLIP_INFO":""."PPID":""."ULGFlag":"middle"}}
2023-08-30 11:16:55.834,Receive,EFEM,Normal,{"COMMAND":"GLASS_DATA_REPORT_RESPONSE"}
2023-08-30 11:17:28.477,Send,EFEM,Normal,{"COMMAND":"GLASS_DATA_REPORT_REQUEST"."HANDOVER_PORT":"port1"."GLASS_INFO":{"CARRIER_ID":"TRAY-1"."PORT_ID":1."LOT_ID":""."GLASS_ID":"GLASS03"."SLOT_NO":3."MAPPED_GLASSCOUNT":3."THIS_GLASSORDER":3."USAGE":""."PROCESS_STATE":0."FLIP_INFO":""."PPID":""."ULGFlag":"last"}}
2023-08-30 11:17:28.616,Receive,EFEM,Normal,{"COMMAND":"GLASS_DATA_REPORT_RESPONSE"}
2023-08-30 11:18:02.460,Receive,EFEM,Normal,{"COMMAND":"WORKSEQPP_END_REQUEST"."SEQNO":1001}
2023-08-30 11:18:02.461,Send,EFEM,Normal,{"COMMAND":"WORKSEQPP_END_RESPONSE"."SEQNO":1001}
2023-08-30 11:18:15.444,Connection,EFEM,Normal,Disconnected.
2023-08-30 11:18:41.831,Connection,EFEM,Normal,Connected.
2023-08-30 13:05:50.777,Connection,EFEM,Normal,Opned.
2023-08-30 13:05:55.999,Connection,EFEM,Normal,Connected.
2023-08-30 13:06:29.471,Connection,EFEM,Normal,Disconnected.
2023-08-30 13:06:35.673,Connection,EFEM,Normal,Connected.
2023-08-30 13:08:13.219,Receive,EFEM,Normal,{
  "COMMAND": "WORKORDER_START_REQUEST".
  "PPLIST": [
    {
      "SEQNO": 1001.
      "PPID": "PPID".
      "CARRIER_SLOTS": [
        {
          "PORT_NO": 1.
          "CARRIER_ID": "CSTSAP0113657".
          "SLOTS": [
            {
              "SLOT_NO": 1.
              "GLASS_ID": "GLASS01".
              "FLIPINFO": "TTT"
            }.
            {
              "SLOT_NO": 2.
              "GLASS_ID": "GLASS02".
              "FLIPINFO": "TTT"
            }.
            {
              "SLOT_NO": 3.
              "GLASS_ID": "GLASS03".
              "FLIPINFO": "TTT"
            }
          ]
        }
      ]
    }
  ]
}
2023-08-30 13:08:13.412,Send,EFEM,Normal,{"COMMAND":"WORKORDER_START_RESPONSE"."PPAckList":[{"SEQNO":1001."PPACK":0}]}
2023-08-30 13:08:13.646,Receive,EFEM,Normal,{"COMMAND":"WORKSEQPP_START_REQUEST"."SEQNO":1001."PPID":"PPID"."APCP":""}
2023-08-30 13:08:13.652,Send,EFEM,Normal,{"COMMAND":"WORKSEQPP_START_RESPONSE"."SEQNO":1001."ACK":0."RECIPE_CHANGE_TIME":0}
2023-08-30 13:08:45.240,Send,EFEM,Normal,{"COMMAND":"GLASS_DATA_REPORT_REQUEST"."HANDOVER_PORT":"port1"."GLASS_INFO":{"CARRIER_ID":"TRAY-1"."PORT_ID":1."LOT_ID":""."GLASS_ID":"GLASS01"."SLOT_NO":1."MAPPED_GLASSCOUNT":3."THIS_GLASSORDER":1."USAGE":""."PROCESS_STATE":0."FLIP_INFO":""."PPID":""."ULGFlag":"first"}}
2023-08-30 13:08:45.329,Receive,EFEM,Normal,{"COMMAND":"GLASS_DATA_REPORT_RESPONSE"}
2023-08-30 13:08:55.518,Send,EFEM,Normal,{"COMMAND":"GLASS_DATA_REPORT_REQUEST"."HANDOVER_PORT":"port1"."GLASS_INFO":{"CARRIER_ID":"TRAY-1"."PORT_ID":1."LOT_ID":""."GLASS_ID":"GLASS02"."SLOT_NO":2."MAPPED_GLASSCOUNT":3."THIS_GLASSORDER":2."USAGE":""."PROCESS_STATE":0."FLIP_INFO":""."PPID":""."ULGFlag":"middle"}}
2023-08-30 13:08:55.678,Receive,EFEM,Normal,{"COMMAND":"GLASS_DATA_REPORT_RESPONSE"}
2023-08-30 13:10:12.875,Send,EFEM,Normal,{"COMMAND":"GLASS_SCRAP_NOTIFY_REQUEST"."GLASS_INFO":{"CARRIER_ID":"TRAY-1"."PORT_ID":1."LOT_ID":"LOT_001"."GLASS_ID":"GLASS03"."SLOT_NO":3."THIS_GLASSORDER":3}}
2023-08-30 13:10:24.187,Receive,EFEM,Normal,{"COMMAND":"GLASS_SCRAP_NOTIFY_RESPONSE"}
2023-08-30 13:10:24.415,Receive,EFEM,Normal,{"COMMAND":"WORKSEQPP_END_REQUEST"."SEQNO":1001}
2023-08-30 13:10:24.422,Send,EFEM,Normal,{"COMMAND":"WORKSEQPP_END_RESPONSE"."SEQNO":1001}
