2023-08-25 17:01:26,363[INFO ]:Before Clear Queue.
2023-08-25 17:01:26,369[INFO ]:Clear Queue.
2023-08-25 17:01:26,369[INFO ]:Reset System Bytes to Zero(0).
2023-08-25 17:01:26,370[INFO ]:Connection Mode : Passive
2023-08-25 17:01:26,375[INFO ]:Thread State Changed : Working
2023-08-25 17:01:26,375[INFO ]:Start RunThreadPassive()
2023-08-25 17:01:26,375[INFO ]:Listening State Changed : Open
2023-08-25 17:01:26,376[INFO ]:Socket Listener was Started.
2023-08-25 17:01:26,376[INFO ]:Before Clear Queue.
2023-08-25 17:01:26,376[INFO ]:Clear Queue.
2023-08-25 17:01:26,376[INFO ]:Waiting New Connection...
2023-08-25 17:02:28,736[INFO ]:Before Clear Queue.
2023-08-25 17:02:28,741[INFO ]:Clear Queue.
2023-08-25 17:02:28,742[INFO ]:Reset System Bytes to Zero(0).
2023-08-25 17:02:28,742[INFO ]:Connection Mode : Passive
2023-08-25 17:02:28,746[INFO ]:Thread State Changed : Working
2023-08-25 17:02:28,747[INFO ]:Start RunThreadPassive()
2023-08-25 17:02:28,747[INFO ]:Listening State Changed : Open
2023-08-25 17:02:28,748[INFO ]:Socket Listener was Started.
2023-08-25 17:02:28,748[INFO ]:Before Clear Queue.
2023-08-25 17:02:28,748[INFO ]:Clear Queue.
2023-08-25 17:02:28,748[INFO ]:Waiting New Connection...
2023-08-25 17:03:03,263[INFO ]:Before Clear Queue.
2023-08-25 17:03:03,268[INFO ]:Clear Queue.
2023-08-25 17:03:03,268[INFO ]:Reset System Bytes to Zero(0).
2023-08-25 17:03:03,268[INFO ]:Connection Mode : Passive
2023-08-25 17:03:03,272[INFO ]:Thread State Changed : Working
2023-08-25 17:03:03,273[INFO ]:Start RunThreadPassive()
2023-08-25 17:03:03,273[INFO ]:Listening State Changed : Open
2023-08-25 17:03:03,273[INFO ]:Socket Listener was Started.
2023-08-25 17:03:03,273[INFO ]:Before Clear Queue.
2023-08-25 17:03:03,273[INFO ]:Clear Queue.
2023-08-25 17:03:03,273[INFO ]:Waiting New Connection...
2023-08-25 17:04:19,521[INFO ]:Before Clear Queue.
2023-08-25 17:04:19,529[INFO ]:Clear Queue.
2023-08-25 17:04:19,529[INFO ]:Reset System Bytes to Zero(0).
2023-08-25 17:04:19,529[INFO ]:Connection Mode : Passive
2023-08-25 17:04:19,534[INFO ]:Thread State Changed : Working
2023-08-25 17:04:19,535[INFO ]:Start RunThreadPassive()
2023-08-25 17:04:19,536[INFO ]:Listening State Changed : Open
2023-08-25 17:04:19,536[INFO ]:Socket Listener was Started.
2023-08-25 17:04:19,536[INFO ]:Before Clear Queue.
2023-08-25 17:04:19,536[INFO ]:Clear Queue.
2023-08-25 17:04:19,536[INFO ]:Waiting New Connection...
2023-08-25 17:04:53,514[INFO ]:Before Clear Queue.
2023-08-25 17:04:53,519[INFO ]:Clear Queue.
2023-08-25 17:04:53,520[INFO ]:Reset System Bytes to Zero(0).
2023-08-25 17:04:53,520[INFO ]:Connection Mode : Passive
2023-08-25 17:04:53,523[INFO ]:Thread State Changed : Working
2023-08-25 17:04:53,524[INFO ]:Start RunThreadPassive()
2023-08-25 17:04:53,524[INFO ]:Listening State Changed : Open
2023-08-25 17:04:53,524[INFO ]:Socket Listener was Started.
2023-08-25 17:04:53,524[INFO ]:Before Clear Queue.
2023-08-25 17:04:53,524[INFO ]:Clear Queue.
2023-08-25 17:04:53,524[INFO ]:Waiting New Connection...
2023-08-25 17:05:28,258[INFO ]:Before Clear Queue.
2023-08-25 17:05:28,264[INFO ]:Clear Queue.
2023-08-25 17:05:28,264[INFO ]:Reset System Bytes to Zero(0).
2023-08-25 17:05:28,264[INFO ]:Connection Mode : Passive
2023-08-25 17:05:28,272[INFO ]:Thread State Changed : Working
2023-08-25 17:05:28,274[INFO ]:Start RunThreadPassive()
2023-08-25 17:05:28,274[INFO ]:Listening State Changed : Open
2023-08-25 17:05:28,274[INFO ]:Socket Listener was Started.
2023-08-25 17:05:28,274[INFO ]:Before Clear Queue.
2023-08-25 17:05:28,274[INFO ]:Clear Queue.
2023-08-25 17:05:28,274[INFO ]:Waiting New Connection...
2023-08-25 17:07:31,528[INFO ]:Before Clear Queue.
2023-08-25 17:07:31,535[INFO ]:Clear Queue.
2023-08-25 17:07:31,535[INFO ]:Reset System Bytes to Zero(0).
2023-08-25 17:07:31,535[INFO ]:Connection Mode : Passive
2023-08-25 17:07:31,539[INFO ]:Thread State Changed : Working
2023-08-25 17:07:31,540[INFO ]:Start RunThreadPassive()
2023-08-25 17:07:31,541[INFO ]:Listening State Changed : Open
2023-08-25 17:07:31,541[INFO ]:Socket Listener was Started.
2023-08-25 17:07:31,541[INFO ]:Before Clear Queue.
2023-08-25 17:07:31,541[INFO ]:Clear Queue.
2023-08-25 17:07:31,541[INFO ]:Waiting New Connection...
2023-08-25 17:09:55,091[INFO ]:Before Clear Queue.
2023-08-25 17:09:55,097[INFO ]:Clear Queue.
2023-08-25 17:09:55,097[INFO ]:Reset System Bytes to Zero(0).
2023-08-25 17:09:55,097[INFO ]:Connection Mode : Passive
2023-08-25 17:09:55,101[INFO ]:Thread State Changed : Working
2023-08-25 17:09:55,101[INFO ]:Start RunThreadPassive()
2023-08-25 17:09:55,101[INFO ]:Listening State Changed : Open
2023-08-25 17:09:55,101[INFO ]:Socket Listener was Started.
2023-08-25 17:09:55,101[INFO ]:Before Clear Queue.
2023-08-25 17:09:55,101[INFO ]:Clear Queue.
2023-08-25 17:09:55,101[INFO ]:Waiting New Connection...
2023-08-25 17:11:11,062[INFO ]:Before Clear Queue.
2023-08-25 17:11:11,068[INFO ]:Clear Queue.
2023-08-25 17:11:11,068[INFO ]:Reset System Bytes to Zero(0).
2023-08-25 17:11:11,068[INFO ]:Connection Mode : Passive
2023-08-25 17:11:11,072[INFO ]:Thread State Changed : Working
2023-08-25 17:11:11,073[INFO ]:Start RunThreadPassive()
2023-08-25 17:11:11,073[INFO ]:Listening State Changed : Open
2023-08-25 17:11:11,073[INFO ]:Socket Listener was Started.
2023-08-25 17:11:11,073[INFO ]:Before Clear Queue.
2023-08-25 17:11:11,073[INFO ]:Clear Queue.
2023-08-25 17:11:11,073[INFO ]:Waiting New Connection...
2023-08-25 17:12:04,808[INFO ]:Before Clear Queue.
2023-08-25 17:12:04,816[INFO ]:Clear Queue.
2023-08-25 17:12:04,816[INFO ]:Reset System Bytes to Zero(0).
2023-08-25 17:12:04,816[INFO ]:Connection Mode : Passive
2023-08-25 17:12:04,820[INFO ]:Thread State Changed : Working
2023-08-25 17:12:04,821[INFO ]:Start RunThreadPassive()
2023-08-25 17:12:04,821[INFO ]:Listening State Changed : Open
2023-08-25 17:12:04,821[INFO ]:Socket Listener was Started.
2023-08-25 17:12:04,821[INFO ]:Before Clear Queue.
2023-08-25 17:12:04,821[INFO ]:Clear Queue.
2023-08-25 17:12:04,821[INFO ]:Waiting New Connection...
2023-08-25 17:12:51,266[INFO ]:Before Clear Queue.
2023-08-25 17:12:51,272[INFO ]:Clear Queue.
2023-08-25 17:12:51,272[INFO ]:Reset System Bytes to Zero(0).
2023-08-25 17:12:51,272[INFO ]:Connection Mode : Passive
2023-08-25 17:12:51,276[INFO ]:Thread State Changed : Working
2023-08-25 17:12:51,277[INFO ]:Start RunThreadPassive()
2023-08-25 17:12:51,277[INFO ]:Listening State Changed : Open
2023-08-25 17:12:51,277[INFO ]:Socket Listener was Started.
2023-08-25 17:12:51,277[INFO ]:Before Clear Queue.
2023-08-25 17:12:51,277[INFO ]:Clear Queue.
2023-08-25 17:12:51,277[INFO ]:Waiting New Connection...
2023-08-25 17:16:03,979[INFO ]:Before Clear Queue.
2023-08-25 17:16:03,985[INFO ]:Clear Queue.
2023-08-25 17:16:03,985[INFO ]:Reset System Bytes to Zero(0).
2023-08-25 17:16:03,986[INFO ]:Connection Mode : Passive
2023-08-25 17:16:03,990[INFO ]:Thread State Changed : Working
2023-08-25 17:16:03,990[INFO ]:Start RunThreadPassive()
2023-08-25 17:16:03,991[INFO ]:Listening State Changed : Open
2023-08-25 17:16:03,991[INFO ]:Socket Listener was Started.
2023-08-25 17:16:03,991[INFO ]:Before Clear Queue.
2023-08-25 17:16:03,991[INFO ]:Clear Queue.
2023-08-25 17:16:03,991[INFO ]:Waiting New Connection...
2023-08-25 17:16:30,538[INFO ]:Before Clear Queue.
2023-08-25 17:16:30,545[INFO ]:Clear Queue.
2023-08-25 17:16:30,545[INFO ]:Reset System Bytes to Zero(0).
2023-08-25 17:16:30,545[INFO ]:Connection Mode : Passive
2023-08-25 17:16:30,552[INFO ]:Thread State Changed : Working
2023-08-25 17:16:30,553[INFO ]:Start RunThreadPassive()
2023-08-25 17:16:30,553[INFO ]:Listening State Changed : Open
2023-08-25 17:16:30,553[INFO ]:Socket Listener was Started.
2023-08-25 17:16:30,553[INFO ]:Before Clear Queue.
2023-08-25 17:16:30,553[INFO ]:Clear Queue.
2023-08-25 17:16:30,553[INFO ]:Waiting New Connection...
2023-08-25 17:17:58,100[INFO ]:Before Clear Queue.
2023-08-25 17:17:58,108[INFO ]:Clear Queue.
2023-08-25 17:17:58,108[INFO ]:Reset System Bytes to Zero(0).
2023-08-25 17:17:58,108[INFO ]:Connection Mode : Passive
2023-08-25 17:17:58,117[INFO ]:Thread State Changed : Working
2023-08-25 17:17:58,117[INFO ]:Start RunThreadPassive()
2023-08-25 17:17:58,118[INFO ]:Listening State Changed : Open
2023-08-25 17:17:58,118[INFO ]:Socket Listener was Started.
2023-08-25 17:17:58,118[INFO ]:Before Clear Queue.
2023-08-25 17:17:58,118[INFO ]:Clear Queue.
2023-08-25 17:17:58,118[INFO ]:Waiting New Connection...
2023-08-25 17:19:35,509[INFO ]:Before Clear Queue.
2023-08-25 17:19:35,515[INFO ]:Clear Queue.
2023-08-25 17:19:35,515[INFO ]:Reset System Bytes to Zero(0).
2023-08-25 17:19:35,515[INFO ]:Connection Mode : Passive
2023-08-25 17:19:35,519[INFO ]:Thread State Changed : Working
2023-08-25 17:19:35,519[INFO ]:Start RunThreadPassive()
2023-08-25 17:19:35,520[INFO ]:Listening State Changed : Open
2023-08-25 17:19:35,520[INFO ]:Socket Listener was Started.
2023-08-25 17:19:35,520[INFO ]:Before Clear Queue.
2023-08-25 17:19:35,520[INFO ]:Clear Queue.
2023-08-25 17:19:35,520[INFO ]:Waiting New Connection...
2023-08-25 17:20:43,030[INFO ]:Before Clear Queue.
2023-08-25 17:20:43,037[INFO ]:Clear Queue.
2023-08-25 17:20:43,037[INFO ]:Reset System Bytes to Zero(0).
2023-08-25 17:20:43,037[INFO ]:Connection Mode : Passive
2023-08-25 17:20:43,041[INFO ]:Thread State Changed : Working
2023-08-25 17:20:43,042[INFO ]:Start RunThreadPassive()
2023-08-25 17:20:43,042[INFO ]:Listening State Changed : Open
2023-08-25 17:20:43,042[INFO ]:Socket Listener was Started.
2023-08-25 17:20:43,042[INFO ]:Before Clear Queue.
2023-08-25 17:20:43,042[INFO ]:Clear Queue.
2023-08-25 17:20:43,042[INFO ]:Waiting New Connection...
2023-08-25 17:20:57,314[INFO ]:Before Clear Queue.
2023-08-25 17:20:57,322[INFO ]:Clear Queue.
2023-08-25 17:20:57,322[INFO ]:Reset System Bytes to Zero(0).
2023-08-25 17:20:57,322[INFO ]:Connection Mode : Passive
2023-08-25 17:20:57,327[INFO ]:Thread State Changed : Working
2023-08-25 17:20:57,328[INFO ]:Start RunThreadPassive()
2023-08-25 17:20:57,328[INFO ]:Listening State Changed : Open
2023-08-25 17:20:57,328[INFO ]:Socket Listener was Started.
2023-08-25 17:20:57,328[INFO ]:Before Clear Queue.
2023-08-25 17:20:57,328[INFO ]:Clear Queue.
2023-08-25 17:20:57,328[INFO ]:Waiting New Connection...
2023-08-25 17:21:15,506[INFO ]:Before Clear Queue.
2023-08-25 17:21:15,513[INFO ]:Clear Queue.
2023-08-25 17:21:15,513[INFO ]:Reset System Bytes to Zero(0).
2023-08-25 17:21:15,513[INFO ]:Connection Mode : Passive
2023-08-25 17:21:15,518[INFO ]:Thread State Changed : Working
2023-08-25 17:21:15,518[INFO ]:Start RunThreadPassive()
2023-08-25 17:21:15,519[INFO ]:Listening State Changed : Open
2023-08-25 17:21:15,519[INFO ]:Socket Listener was Started.
2023-08-25 17:21:15,519[INFO ]:Before Clear Queue.
2023-08-25 17:21:15,519[INFO ]:Clear Queue.
2023-08-25 17:21:15,519[INFO ]:Waiting New Connection...
2023-08-25 17:21:51,199[INFO ]:Before Clear Queue.
2023-08-25 17:21:51,207[INFO ]:Clear Queue.
2023-08-25 17:21:51,207[INFO ]:Reset System Bytes to Zero(0).
2023-08-25 17:21:51,208[INFO ]:Connection Mode : Passive
2023-08-25 17:21:51,212[INFO ]:Thread State Changed : Working
2023-08-25 17:21:51,213[INFO ]:Start RunThreadPassive()
2023-08-25 17:21:51,214[INFO ]:Listening State Changed : Open
2023-08-25 17:21:51,214[INFO ]:Socket Listener was Started.
2023-08-25 17:21:51,214[INFO ]:Before Clear Queue.
2023-08-25 17:21:51,214[INFO ]:Clear Queue.
2023-08-25 17:21:51,214[INFO ]:Waiting New Connection...
2023-08-25 17:22:38,547[INFO ]:Before Clear Queue.
2023-08-25 17:22:38,552[INFO ]:Clear Queue.
2023-08-25 17:22:38,552[INFO ]:Reset System Bytes to Zero(0).
2023-08-25 17:22:38,552[INFO ]:Connection Mode : Passive
2023-08-25 17:22:38,556[INFO ]:Thread State Changed : Working
2023-08-25 17:22:38,556[INFO ]:Start RunThreadPassive()
2023-08-25 17:22:38,557[INFO ]:Listening State Changed : Open
2023-08-25 17:22:38,557[INFO ]:Socket Listener was Started.
2023-08-25 17:22:38,557[INFO ]:Before Clear Queue.
2023-08-25 17:22:38,557[INFO ]:Clear Queue.
2023-08-25 17:22:38,557[INFO ]:Waiting New Connection...
2023-08-25 17:23:11,532[INFO ]:Before Clear Queue.
2023-08-25 17:23:11,537[INFO ]:Clear Queue.
2023-08-25 17:23:11,537[INFO ]:Reset System Bytes to Zero(0).
2023-08-25 17:23:11,537[INFO ]:Connection Mode : Passive
2023-08-25 17:23:11,541[INFO ]:Thread State Changed : Working
2023-08-25 17:23:11,542[INFO ]:Start RunThreadPassive()
2023-08-25 17:23:11,542[INFO ]:Listening State Changed : Open
2023-08-25 17:23:11,542[INFO ]:Socket Listener was Started.
2023-08-25 17:23:11,542[INFO ]:Before Clear Queue.
2023-08-25 17:23:11,542[INFO ]:Clear Queue.
2023-08-25 17:23:11,542[INFO ]:Waiting New Connection...
2023-08-25 17:23:50,941[INFO ]:Before Clear Queue.
2023-08-25 17:23:50,947[INFO ]:Clear Queue.
2023-08-25 17:23:50,947[INFO ]:Reset System Bytes to Zero(0).
2023-08-25 17:23:50,947[INFO ]:Connection Mode : Passive
2023-08-25 17:23:50,952[INFO ]:Thread State Changed : Working
2023-08-25 17:23:50,953[INFO ]:Start RunThreadPassive()
2023-08-25 17:23:50,953[INFO ]:Listening State Changed : Open
2023-08-25 17:23:50,953[INFO ]:Socket Listener was Started.
2023-08-25 17:23:50,954[INFO ]:Before Clear Queue.
2023-08-25 17:23:50,954[INFO ]:Clear Queue.
2023-08-25 17:23:50,954[INFO ]:Waiting New Connection...
2023-08-25 17:26:59,269[INFO ]:Before Clear Queue.
2023-08-25 17:26:59,278[INFO ]:Clear Queue.
2023-08-25 17:26:59,278[INFO ]:Reset System Bytes to Zero(0).
2023-08-25 17:26:59,278[INFO ]:Connection Mode : Passive
2023-08-25 17:26:59,282[INFO ]:Thread State Changed : Working
2023-08-25 17:26:59,283[INFO ]:Start RunThreadPassive()
2023-08-25 17:26:59,283[INFO ]:Listening State Changed : Open
2023-08-25 17:26:59,283[INFO ]:Socket Listener was Started.
2023-08-25 17:26:59,283[INFO ]:Before Clear Queue.
2023-08-25 17:26:59,283[INFO ]:Clear Queue.
2023-08-25 17:26:59,283[INFO ]:Waiting New Connection...
2023-08-25 17:28:56,620[INFO ]:Before Clear Queue.
2023-08-25 17:28:56,627[INFO ]:Clear Queue.
2023-08-25 17:28:56,627[INFO ]:Reset System Bytes to Zero(0).
2023-08-25 17:28:56,627[INFO ]:Connection Mode : Passive
2023-08-25 17:28:56,632[INFO ]:Thread State Changed : Working
2023-08-25 17:28:56,633[INFO ]:Start RunThreadPassive()
2023-08-25 17:28:56,634[INFO ]:Listening State Changed : Open
2023-08-25 17:28:56,634[INFO ]:Socket Listener was Started.
2023-08-25 17:28:56,634[INFO ]:Before Clear Queue.
2023-08-25 17:28:56,634[INFO ]:Clear Queue.
2023-08-25 17:28:56,634[INFO ]:Waiting New Connection...
2023-08-25 17:33:05,012[INFO ]:Before Clear Queue.
2023-08-25 17:33:05,019[INFO ]:Clear Queue.
2023-08-25 17:33:05,019[INFO ]:Reset System Bytes to Zero(0).
2023-08-25 17:33:05,019[INFO ]:Connection Mode : Passive
2023-08-25 17:33:05,024[INFO ]:Thread State Changed : Working
2023-08-25 17:33:05,025[INFO ]:Start RunThreadPassive()
2023-08-25 17:33:05,025[INFO ]:Listening State Changed : Open
2023-08-25 17:33:05,025[INFO ]:Socket Listener was Started.
2023-08-25 17:33:05,025[INFO ]:Before Clear Queue.
2023-08-25 17:33:05,025[INFO ]:Clear Queue.
2023-08-25 17:33:05,025[INFO ]:Waiting New Connection...
2023-08-25 17:35:19,501[INFO ]:Before Clear Queue.
2023-08-25 17:35:19,510[INFO ]:Clear Queue.
2023-08-25 17:35:19,510[INFO ]:Reset System Bytes to Zero(0).
2023-08-25 17:35:19,510[INFO ]:Connection Mode : Passive
2023-08-25 17:35:19,515[INFO ]:Thread State Changed : Working
2023-08-25 17:35:19,516[INFO ]:Start RunThreadPassive()
2023-08-25 17:35:19,516[INFO ]:Listening State Changed : Open
2023-08-25 17:35:19,516[INFO ]:Socket Listener was Started.
2023-08-25 17:35:19,516[INFO ]:Before Clear Queue.
2023-08-25 17:35:19,516[INFO ]:Clear Queue.
2023-08-25 17:35:19,516[INFO ]:Waiting New Connection...
2023-08-25 17:38:06,015[INFO ]:Before Clear Queue.
2023-08-25 17:38:06,023[INFO ]:Clear Queue.
2023-08-25 17:38:06,023[INFO ]:Reset System Bytes to Zero(0).
2023-08-25 17:38:06,023[INFO ]:Connection Mode : Passive
2023-08-25 17:38:06,034[INFO ]:Thread State Changed : Working
2023-08-25 17:38:06,034[INFO ]:Start RunThreadPassive()
2023-08-25 17:38:06,035[INFO ]:Listening State Changed : Open
2023-08-25 17:38:06,035[INFO ]:Socket Listener was Started.
2023-08-25 17:38:06,035[INFO ]:Before Clear Queue.
2023-08-25 17:38:06,035[INFO ]:Clear Queue.
2023-08-25 17:38:06,035[INFO ]:Waiting New Connection...
2023-08-25 17:39:33,800[INFO ]:Before Clear Queue.
2023-08-25 17:39:33,806[INFO ]:Clear Queue.
2023-08-25 17:39:33,806[INFO ]:Reset System Bytes to Zero(0).
2023-08-25 17:39:33,806[INFO ]:Connection Mode : Passive
2023-08-25 17:39:33,812[INFO ]:Thread State Changed : Working
2023-08-25 17:39:33,812[INFO ]:Start RunThreadPassive()
2023-08-25 17:39:33,813[INFO ]:Listening State Changed : Open
2023-08-25 17:39:33,813[INFO ]:Socket Listener was Started.
2023-08-25 17:39:33,813[INFO ]:Before Clear Queue.
2023-08-25 17:39:33,813[INFO ]:Clear Queue.
2023-08-25 17:39:33,813[INFO ]:Waiting New Connection...
2023-08-25 17:42:49,334[INFO ]:Before Clear Queue.
2023-08-25 17:42:49,340[INFO ]:Clear Queue.
2023-08-25 17:42:49,340[INFO ]:Reset System Bytes to Zero(0).
2023-08-25 17:42:49,340[INFO ]:Connection Mode : Passive
2023-08-25 17:42:49,345[INFO ]:Thread State Changed : Working
2023-08-25 17:42:49,346[INFO ]:Start RunThreadPassive()
2023-08-25 17:42:49,346[INFO ]:Listening State Changed : Open
2023-08-25 17:42:49,346[INFO ]:Socket Listener was Started.
2023-08-25 17:42:49,346[INFO ]:Before Clear Queue.
2023-08-25 17:42:49,346[INFO ]:Clear Queue.
2023-08-25 17:42:49,346[INFO ]:Waiting New Connection...
