2023-07-03 20:27:55,388[INFO ]:Before Clear Queue.
2023-07-03 20:27:55,394[INFO ]:Clear Queue.
2023-07-03 20:27:55,394[INFO ]:Reset System Bytes to Zero(0).
2023-07-03 20:27:55,395[INFO ]:Connection Mode : Passive
2023-07-03 20:27:55,399[INFO ]:Thread State Changed : Working
2023-07-03 20:27:55,400[INFO ]:Start RunThreadPassive()
2023-07-03 20:27:55,400[INFO ]:Listening State Changed : Open
2023-07-03 20:27:55,400[INFO ]:Socket Listener was Started.
2023-07-03 20:27:55,400[INFO ]:Before Clear Queue.
2023-07-03 20:27:55,400[INFO ]:Clear Queue.
2023-07-03 20:27:55,400[INFO ]:Waiting New Connection...
2023-07-03 20:28:20,350[INFO ]:Before Clear Queue.
2023-07-03 20:28:20,357[INFO ]:Clear Queue.
2023-07-03 20:28:20,358[INFO ]:Reset System Bytes to Zero(0).
2023-07-03 20:28:20,358[INFO ]:Connection Mode : Passive
2023-07-03 20:28:20,370[INFO ]:Thread State Changed : Working
2023-07-03 20:28:20,371[INFO ]:Start RunThreadPassive()
2023-07-03 20:28:20,371[INFO ]:Listening State Changed : Open
2023-07-03 20:28:20,371[INFO ]:Socket Listener was Started.
2023-07-03 20:28:20,371[INFO ]:Before Clear Queue.
2023-07-03 20:28:20,371[INFO ]:Clear Queue.
2023-07-03 20:28:20,371[INFO ]:Waiting New Connection...
2023-07-03 20:29:25,854[INFO ]:Before Clear Queue.
2023-07-03 20:29:25,861[INFO ]:Clear Queue.
2023-07-03 20:29:25,861[INFO ]:Reset System Bytes to Zero(0).
2023-07-03 20:29:25,861[INFO ]:Connection Mode : Passive
2023-07-03 20:29:25,867[INFO ]:Thread State Changed : Working
2023-07-03 20:29:25,867[INFO ]:Start RunThreadPassive()
2023-07-03 20:29:25,868[INFO ]:Listening State Changed : Open
2023-07-03 20:29:25,868[INFO ]:Socket Listener was Started.
2023-07-03 20:29:25,868[INFO ]:Before Clear Queue.
2023-07-03 20:29:25,868[INFO ]:Clear Queue.
2023-07-03 20:29:25,868[INFO ]:Waiting New Connection...
2023-07-03 20:30:57,219[INFO ]:Before Clear Queue.
2023-07-03 20:30:57,226[INFO ]:Clear Queue.
2023-07-03 20:30:57,227[INFO ]:Reset System Bytes to Zero(0).
2023-07-03 20:30:57,227[INFO ]:Connection Mode : Passive
2023-07-03 20:30:57,232[INFO ]:Thread State Changed : Working
2023-07-03 20:30:57,232[INFO ]:Start RunThreadPassive()
2023-07-03 20:30:57,233[INFO ]:Listening State Changed : Open
2023-07-03 20:30:57,233[INFO ]:Socket Listener was Started.
2023-07-03 20:30:57,233[INFO ]:Before Clear Queue.
2023-07-03 20:30:57,233[INFO ]:Clear Queue.
2023-07-03 20:30:57,233[INFO ]:Waiting New Connection...
2023-07-03 20:32:10,939[INFO ]:Before Clear Queue.
2023-07-03 20:32:10,944[INFO ]:Clear Queue.
2023-07-03 20:32:10,945[INFO ]:Reset System Bytes to Zero(0).
2023-07-03 20:32:10,945[INFO ]:Connection Mode : Passive
2023-07-03 20:32:10,955[INFO ]:Thread State Changed : Working
2023-07-03 20:32:10,956[INFO ]:Start RunThreadPassive()
2023-07-03 20:32:10,957[INFO ]:Listening State Changed : Open
2023-07-03 20:32:10,957[INFO ]:Socket Listener was Started.
2023-07-03 20:32:10,957[INFO ]:Before Clear Queue.
2023-07-03 20:32:10,957[INFO ]:Clear Queue.
2023-07-03 20:32:10,957[INFO ]:Waiting New Connection...
2023-07-03 20:32:39,383[INFO ]:Before Clear Queue.
2023-07-03 20:32:39,390[INFO ]:Clear Queue.
2023-07-03 20:32:39,390[INFO ]:Reset System Bytes to Zero(0).
2023-07-03 20:32:39,390[INFO ]:Connection Mode : Passive
2023-07-03 20:32:39,394[INFO ]:Thread State Changed : Working
2023-07-03 20:32:39,395[INFO ]:Start RunThreadPassive()
2023-07-03 20:32:39,396[INFO ]:Listening State Changed : Open
2023-07-03 20:32:39,396[INFO ]:Socket Listener was Started.
2023-07-03 20:32:39,396[INFO ]:Before Clear Queue.
2023-07-03 20:32:39,396[INFO ]:Clear Queue.
2023-07-03 20:32:39,396[INFO ]:Waiting New Connection...
2023-07-03 20:33:04,356[INFO ]:Before Clear Queue.
2023-07-03 20:33:04,364[INFO ]:Clear Queue.
2023-07-03 20:33:04,364[INFO ]:Reset System Bytes to Zero(0).
2023-07-03 20:33:04,364[INFO ]:Connection Mode : Passive
2023-07-03 20:33:04,370[INFO ]:Thread State Changed : Working
2023-07-03 20:33:04,370[INFO ]:Start RunThreadPassive()
2023-07-03 20:33:04,371[INFO ]:Listening State Changed : Open
2023-07-03 20:33:04,371[INFO ]:Socket Listener was Started.
2023-07-03 20:33:04,371[INFO ]:Before Clear Queue.
2023-07-03 20:33:04,371[INFO ]:Clear Queue.
2023-07-03 20:33:04,371[INFO ]:Waiting New Connection...
2023-07-03 20:33:29,527[INFO ]:Before Clear Queue.
2023-07-03 20:33:29,534[INFO ]:Clear Queue.
2023-07-03 20:33:29,534[INFO ]:Reset System Bytes to Zero(0).
2023-07-03 20:33:29,534[INFO ]:Connection Mode : Passive
2023-07-03 20:33:29,539[INFO ]:Thread State Changed : Working
2023-07-03 20:33:29,540[INFO ]:Start RunThreadPassive()
2023-07-03 20:33:29,540[INFO ]:Listening State Changed : Open
2023-07-03 20:33:29,540[INFO ]:Socket Listener was Started.
2023-07-03 20:33:29,540[INFO ]:Before Clear Queue.
2023-07-03 20:33:29,540[INFO ]:Clear Queue.
2023-07-03 20:33:29,540[INFO ]:Waiting New Connection...
2023-07-03 20:34:21,652[INFO ]:Before Clear Queue.
2023-07-03 20:34:21,659[INFO ]:Clear Queue.
2023-07-03 20:34:21,659[INFO ]:Reset System Bytes to Zero(0).
2023-07-03 20:34:21,659[INFO ]:Connection Mode : Passive
2023-07-03 20:34:21,663[INFO ]:Thread State Changed : Working
2023-07-03 20:34:21,664[INFO ]:Start RunThreadPassive()
2023-07-03 20:34:21,664[INFO ]:Listening State Changed : Open
2023-07-03 20:34:21,664[INFO ]:Socket Listener was Started.
2023-07-03 20:34:21,664[INFO ]:Before Clear Queue.
2023-07-03 20:34:21,664[INFO ]:Clear Queue.
2023-07-03 20:34:21,664[INFO ]:Waiting New Connection...
2023-07-03 20:39:55,958[INFO ]:Before Clear Queue.
2023-07-03 20:39:55,964[INFO ]:Clear Queue.
2023-07-03 20:39:55,964[INFO ]:Reset System Bytes to Zero(0).
2023-07-03 20:39:55,964[INFO ]:Connection Mode : Passive
2023-07-03 20:39:55,968[INFO ]:Thread State Changed : Working
2023-07-03 20:39:55,968[INFO ]:Start RunThreadPassive()
2023-07-03 20:39:55,969[INFO ]:Listening State Changed : Open
2023-07-03 20:39:55,969[INFO ]:Socket Listener was Started.
2023-07-03 20:39:55,969[INFO ]:Before Clear Queue.
2023-07-03 20:39:55,969[INFO ]:Clear Queue.
2023-07-03 20:39:55,969[INFO ]:Waiting New Connection...
2023-07-03 20:40:33,005[INFO ]:Before Clear Queue.
2023-07-03 20:40:33,012[INFO ]:Clear Queue.
2023-07-03 20:40:33,012[INFO ]:Reset System Bytes to Zero(0).
2023-07-03 20:40:33,012[INFO ]:Connection Mode : Passive
2023-07-03 20:40:33,016[INFO ]:Thread State Changed : Working
2023-07-03 20:40:33,017[INFO ]:Start RunThreadPassive()
2023-07-03 20:40:33,017[INFO ]:Listening State Changed : Open
2023-07-03 20:40:33,017[INFO ]:Socket Listener was Started.
2023-07-03 20:40:33,017[INFO ]:Before Clear Queue.
2023-07-03 20:40:33,017[INFO ]:Clear Queue.
2023-07-03 20:40:33,017[INFO ]:Waiting New Connection...
2023-07-03 20:40:52,932[INFO ]:Before Clear Queue.
2023-07-03 20:40:52,938[INFO ]:Clear Queue.
2023-07-03 20:40:52,938[INFO ]:Reset System Bytes to Zero(0).
2023-07-03 20:40:52,939[INFO ]:Connection Mode : Passive
2023-07-03 20:40:52,943[INFO ]:Thread State Changed : Working
2023-07-03 20:40:52,944[INFO ]:Start RunThreadPassive()
2023-07-03 20:40:52,945[INFO ]:Listening State Changed : Open
2023-07-03 20:40:52,945[INFO ]:Socket Listener was Started.
2023-07-03 20:40:52,945[INFO ]:Before Clear Queue.
2023-07-03 20:40:52,945[INFO ]:Clear Queue.
2023-07-03 20:40:52,945[INFO ]:Waiting New Connection...
2023-07-03 20:41:58,255[INFO ]:Before Clear Queue.
2023-07-03 20:41:58,261[INFO ]:Clear Queue.
2023-07-03 20:41:58,261[INFO ]:Reset System Bytes to Zero(0).
2023-07-03 20:41:58,263[INFO ]:Connection Mode : Passive
2023-07-03 20:41:58,265[INFO ]:Thread State Changed : Working
2023-07-03 20:41:58,266[INFO ]:Start RunThreadPassive()
2023-07-03 20:41:58,266[INFO ]:Listening State Changed : Open
2023-07-03 20:41:58,266[INFO ]:Socket Listener was Started.
2023-07-03 20:41:58,266[INFO ]:Before Clear Queue.
2023-07-03 20:41:58,266[INFO ]:Clear Queue.
2023-07-03 20:41:58,266[INFO ]:Waiting New Connection...
