2023-08-25 08:45:26,511[INFO ]:Before Clear Queue.
2023-08-25 08:45:26,518[INFO ]:Clear Queue.
2023-08-25 08:45:26,518[INFO ]:Reset System Bytes to Zero(0).
2023-08-25 08:45:26,519[INFO ]:Connection Mode : Passive
2023-08-25 08:45:26,523[INFO ]:Thread State Changed : Working
2023-08-25 08:45:26,524[INFO ]:Start RunThreadPassive()
2023-08-25 08:45:26,524[INFO ]:Listening State Changed : Open
2023-08-25 08:45:26,524[INFO ]:Socket Listener was Started.
2023-08-25 08:45:26,524[INFO ]:Before Clear Queue.
2023-08-25 08:45:26,524[INFO ]:Clear Queue.
2023-08-25 08:45:26,524[INFO ]:Waiting New Connection...
2023-08-25 08:45:27,009[INFO ]:Accept New Connection.
2023-08-25 08:45:27,009[INFO ]:Listening State Changed : Close
2023-08-25 08:45:27,056[INFO ]:Start New Connection.
2023-08-25 08:45:27,057[INFO ]:HSMS Connection State Is Changed : 0 -> 1
2023-08-25 08:45:27,061[INFO ]:Start Basic Timer Due(1000), Period(1000)
2023-08-25 08:45:27,063[INFO ]:Started Basic Timer.
2023-08-25 08:45:27,070[INFO ]:Start Recv Thread.
2023-08-25 08:45:27,071[INFO ]:Start RunThreadRecv()
2023-08-25 08:45:27,083[INFO ]:Queued HSMS Message : SSID(65535), B2(0), B3(0), P(0), S(2), SB(22,054), Length[0]
2023-08-25 08:45:27,084[INFO ]:Message Stat : Queue[1], Sent[0], Recv[1]
2023-08-25 08:45:27,085[INFO ]:HSMS Connection State Is Changed : 1 -> 3
2023-08-25 08:45:27,091[INFO ]:Received Select Request.
2023-08-25 08:45:27,091[INFO ]:<<< Received HSMS Message <<< : SSID(65535), B2(0), B3(0), P(0), S(1), SB(22,054), Length[0]
2023-08-25 08:45:27,092[INFO ]:Send LinkTest Request.
2023-08-25 08:45:27,092[INFO ]:Queued HSMS Message : SSID(65535), B2(0), B3(0), P(0), S(5), SB(0), Length[0]
2023-08-25 08:45:27,092[INFO ]:Message Stat : Queue[2], Sent[0], Recv[1]
2023-08-25 08:45:27,131[INFO ]:Sent Select Response.
2023-08-25 08:45:27,131[INFO ]:>>> Sent HSMS Message >>> : SSID(65535), B2(0), B3(0), P(0), S(2), SB(22,054), Length[0]
2023-08-25 08:45:27,132[INFO ]:>>> Sent HSMS Message >>> : SSID(65535), B2(0), B3(0), P(0), S(5), SB(0), Length[0]
2023-08-25 08:45:27,160[INFO ]:Received LinkTest Response.
2023-08-25 08:45:27,160[INFO ]:<<< Received HSMS Message <<< : SSID(65535), B2(0), B3(0), P(0), S(6), SB(0), Length[0]
2023-08-25 08:45:27,190[INFO ]:Queued HSMS Message : SSID(0), B2(129), B3(13), P(0), S(0), SB(1), Length[23]
2023-08-25 08:45:27,191[INFO ]:Message Stat : Queue[1], Sent[0], Recv[1]
2023-08-25 08:45:27,191[INFO ]:>>> Sent HSMS Message >>> : SSID(0), B2(129), B3(13), P(0), S(0), SB(1), Length[23]
2023-08-25 08:45:27,192[DEBUG]:>>>> HSMS Data [23] >>>>
    01-02-41-03  44-46-52-41  0E-31-2E-30  2E-38-36-33
    37-2E-31-35  37-35-37
2023-08-25 08:45:27,314[INFO ]:<<< Received HSMS Message <<< : SSID(0), B2(1), B3(14), P(0), S(0), SB(1), Length[7]
2023-08-25 08:45:27,314[DEBUG]:<<<< HSMS Data [7] <<<<
    01-02-21-01  00-01-00
