2023-08-26 12:39:36,493[INFO ]:Before Clear Queue.
2023-08-26 12:39:36,493[INFO ]:Clear Queue.
2023-08-26 12:39:36,493[INFO ]:Reset System Bytes to Zero(0).
2023-08-26 12:39:36,493[INFO ]:Connection Mode : Passive
2023-08-26 12:39:36,493[INFO ]:Thread State Changed : Working
2023-08-26 12:39:36,493[INFO ]:Start RunThreadPassive()
2023-08-26 12:39:36,493[INFO ]:Listening State Changed : Open
2023-08-26 12:39:36,493[INFO ]:Socket Listener was Started.
2023-08-26 12:39:36,493[INFO ]:Before Clear Queue.
2023-08-26 12:39:36,493[INFO ]:Clear Queue.
2023-08-26 12:39:36,493[INFO ]:Waiting New Connection...
2023-08-26 12:42:58,666[INFO ]:Before Clear Queue.
2023-08-26 12:42:58,666[INFO ]:Clear Queue.
2023-08-26 12:42:58,666[INFO ]:Reset System Bytes to Zero(0).
2023-08-26 12:42:58,666[INFO ]:Connection Mode : Passive
2023-08-26 12:42:58,666[INFO ]:Thread State Changed : Working
2023-08-26 12:42:58,666[INFO ]:Start RunThreadPassive()
2023-08-26 12:42:58,666[INFO ]:Listening State Changed : Open
2023-08-26 12:42:58,666[INFO ]:Socket Listener was Started.
2023-08-26 12:42:58,666[INFO ]:Before Clear Queue.
2023-08-26 12:42:58,666[INFO ]:Clear Queue.
2023-08-26 12:42:58,666[INFO ]:Waiting New Connection...
2023-08-26 12:47:07,082[INFO ]:Before Clear Queue.
2023-08-26 12:47:07,082[INFO ]:Clear Queue.
2023-08-26 12:47:07,082[INFO ]:Reset System Bytes to Zero(0).
2023-08-26 12:47:07,082[INFO ]:Connection Mode : Passive
2023-08-26 12:47:07,082[INFO ]:Thread State Changed : Working
2023-08-26 12:47:07,082[INFO ]:Start RunThreadPassive()
2023-08-26 12:47:07,082[INFO ]:Listening State Changed : Open
2023-08-26 12:47:07,082[INFO ]:Socket Listener was Started.
2023-08-26 12:47:07,082[INFO ]:Before Clear Queue.
2023-08-26 12:47:07,082[INFO ]:Clear Queue.
2023-08-26 12:47:07,082[INFO ]:Waiting New Connection...
2023-08-26 12:48:53,959[INFO ]:Before Clear Queue.
2023-08-26 12:48:53,959[INFO ]:Clear Queue.
2023-08-26 12:48:53,959[INFO ]:Reset System Bytes to Zero(0).
2023-08-26 12:48:53,959[INFO ]:Connection Mode : Passive
2023-08-26 12:48:53,974[INFO ]:Thread State Changed : Working
2023-08-26 12:48:53,974[INFO ]:Start RunThreadPassive()
2023-08-26 12:48:53,974[INFO ]:Listening State Changed : Open
2023-08-26 12:48:53,974[INFO ]:Socket Listener was Started.
2023-08-26 12:48:53,974[INFO ]:Before Clear Queue.
2023-08-26 12:48:53,974[INFO ]:Clear Queue.
2023-08-26 12:48:53,974[INFO ]:Waiting New Connection...
2023-08-26 12:50:51,040[INFO ]:Before Clear Queue.
2023-08-26 12:50:51,040[INFO ]:Clear Queue.
2023-08-26 12:50:51,040[INFO ]:Reset System Bytes to Zero(0).
2023-08-26 12:50:51,040[INFO ]:Connection Mode : Passive
2023-08-26 12:50:51,040[INFO ]:Thread State Changed : Working
2023-08-26 12:50:51,040[INFO ]:Start RunThreadPassive()
2023-08-26 12:50:51,040[INFO ]:Listening State Changed : Open
2023-08-26 12:50:51,040[INFO ]:Socket Listener was Started.
2023-08-26 12:50:51,040[INFO ]:Before Clear Queue.
2023-08-26 12:50:51,040[INFO ]:Clear Queue.
2023-08-26 12:50:51,040[INFO ]:Waiting New Connection...
2023-08-26 12:51:58,706[INFO ]:Before Clear Queue.
2023-08-26 12:51:58,722[INFO ]:Clear Queue.
2023-08-26 12:51:58,722[INFO ]:Reset System Bytes to Zero(0).
2023-08-26 12:51:58,722[INFO ]:Connection Mode : Passive
2023-08-26 12:51:58,722[INFO ]:Thread State Changed : Working
2023-08-26 12:51:58,722[INFO ]:Start RunThreadPassive()
2023-08-26 12:51:58,722[INFO ]:Listening State Changed : Open
2023-08-26 12:51:58,722[INFO ]:Socket Listener was Started.
2023-08-26 12:51:58,722[INFO ]:Before Clear Queue.
2023-08-26 12:51:58,722[INFO ]:Clear Queue.
2023-08-26 12:51:58,722[INFO ]:Waiting New Connection...
2023-08-26 12:53:17,697[INFO ]:Before Clear Queue.
2023-08-26 12:53:17,697[INFO ]:Clear Queue.
2023-08-26 12:53:17,697[INFO ]:Reset System Bytes to Zero(0).
2023-08-26 12:53:17,697[INFO ]:Connection Mode : Passive
2023-08-26 12:53:17,697[INFO ]:Thread State Changed : Working
2023-08-26 12:53:17,697[INFO ]:Start RunThreadPassive()
2023-08-26 12:53:17,697[INFO ]:Listening State Changed : Open
2023-08-26 12:53:17,697[INFO ]:Socket Listener was Started.
2023-08-26 12:53:17,697[INFO ]:Before Clear Queue.
2023-08-26 12:53:17,697[INFO ]:Clear Queue.
2023-08-26 12:53:17,697[INFO ]:Waiting New Connection...
2023-08-26 12:59:21,982[INFO ]:Before Clear Queue.
2023-08-26 12:59:21,998[INFO ]:Clear Queue.
2023-08-26 12:59:21,998[INFO ]:Reset System Bytes to Zero(0).
2023-08-26 12:59:21,998[INFO ]:Connection Mode : Passive
2023-08-26 12:59:21,998[INFO ]:Thread State Changed : Working
2023-08-26 12:59:21,998[INFO ]:Start RunThreadPassive()
2023-08-26 12:59:21,998[INFO ]:Listening State Changed : Open
2023-08-26 12:59:21,998[INFO ]:Socket Listener was Started.
2023-08-26 12:59:21,998[INFO ]:Before Clear Queue.
2023-08-26 12:59:21,998[INFO ]:Clear Queue.
2023-08-26 12:59:21,998[INFO ]:Waiting New Connection...
