2023-07-25 21:14:30,133[INFO ]:Before Clear Queue.
2023-07-25 21:14:30,138[INFO ]:Clear Queue.
2023-07-25 21:14:30,138[INFO ]:Reset System Bytes to Zero(0).
2023-07-25 21:14:30,138[INFO ]:Connection Mode : Passive
2023-07-25 21:14:30,150[INFO ]:Thread State Changed : Working
2023-07-25 21:14:30,151[INFO ]:Start RunThreadPassive()
2023-07-25 21:14:30,152[INFO ]:Listening State Changed : Open
2023-07-25 21:14:30,152[INFO ]:Socket Listener was Started.
2023-07-25 21:14:30,152[INFO ]:Before Clear Queue.
2023-07-25 21:14:30,152[INFO ]:Clear Queue.
2023-07-25 21:14:30,152[INFO ]:Waiting New Connection...
2023-07-25 21:15:32,832[INFO ]:Before Clear Queue.
2023-07-25 21:15:32,839[INFO ]:Clear Queue.
2023-07-25 21:15:32,886[INFO ]:Reset System Bytes to Zero(0).
2023-07-25 21:15:32,887[INFO ]:Connection Mode : Passive
2023-07-25 21:15:32,891[INFO ]:Thread State Changed : Working
2023-07-25 21:15:32,892[INFO ]:Start RunThreadPassive()
2023-07-25 21:15:32,893[INFO ]:Listening State Changed : Open
2023-07-25 21:15:32,893[INFO ]:Socket Listener was Started.
2023-07-25 21:15:32,893[INFO ]:Before Clear Queue.
2023-07-25 21:15:32,893[INFO ]:Clear Queue.
2023-07-25 21:15:32,893[INFO ]:Waiting New Connection...
2023-07-25 21:19:50,234[INFO ]:Before Clear Queue.
2023-07-25 21:19:50,244[INFO ]:Clear Queue.
2023-07-25 21:19:50,244[INFO ]:Reset System Bytes to Zero(0).
2023-07-25 21:19:50,244[INFO ]:Connection Mode : Passive
2023-07-25 21:19:50,266[INFO ]:Thread State Changed : Working
2023-07-25 21:19:50,267[INFO ]:Start RunThreadPassive()
2023-07-25 21:19:50,267[INFO ]:Listening State Changed : Open
2023-07-25 21:19:50,267[INFO ]:Socket Listener was Started.
2023-07-25 21:19:50,267[INFO ]:Before Clear Queue.
2023-07-25 21:19:50,267[INFO ]:Clear Queue.
2023-07-25 21:19:50,267[INFO ]:Waiting New Connection...
