2023-08-24 21:19:47,899[INFO ]:Before Clear Queue.
2023-08-24 21:19:47,905[INFO ]:Clear Queue.
2023-08-24 21:19:47,905[INFO ]:Reset System Bytes to Zero(0).
2023-08-24 21:19:47,905[INFO ]:Connection Mode : Passive
2023-08-24 21:19:47,909[INFO ]:Thread State Changed : Working
2023-08-24 21:19:47,911[INFO ]:Start RunThreadPassive()
2023-08-24 21:19:47,911[INFO ]:Listening State Changed : Open
2023-08-24 21:19:47,911[INFO ]:Socket Listener was Started.
2023-08-24 21:19:47,911[INFO ]:Before Clear Queue.
2023-08-24 21:19:47,911[INFO ]:Clear Queue.
2023-08-24 21:19:47,911[INFO ]:Waiting New Connection...
2023-08-24 21:19:49,281[INFO ]:Accept New Connection.
2023-08-24 21:19:49,282[INFO ]:Listening State Changed : Close
2023-08-24 21:19:49,282[INFO ]:Start New Connection.
2023-08-24 21:19:49,282[INFO ]:HSMS Connection State Is Changed : 0 -> 1
2023-08-24 21:19:49,285[INFO ]:Start Basic Timer Due(1000), Period(1000)
2023-08-24 21:19:49,285[INFO ]:Started Basic Timer.
2023-08-24 21:19:49,289[INFO ]:Start Recv Thread.
2023-08-24 21:19:49,289[INFO ]:Start RunThreadRecv()
2023-08-24 21:19:49,294[INFO ]:Queued HSMS Message : SSID(65535), B2(0), B3(0), P(0), S(2), SB(21,928), Length[0]
2023-08-24 21:19:49,294[INFO ]:Message Stat : Queue[1], Sent[0], Recv[1]
2023-08-24 21:19:49,295[INFO ]:HSMS Connection State Is Changed : 1 -> 3
2023-08-24 21:19:49,296[INFO ]:Received Select Request.
2023-08-24 21:19:49,296[INFO ]:<<< Received HSMS Message <<< : SSID(65535), B2(0), B3(0), P(0), S(1), SB(21,928), Length[0]
2023-08-24 21:19:49,296[INFO ]:Send LinkTest Request.
2023-08-24 21:19:49,297[INFO ]:Queued HSMS Message : SSID(65535), B2(0), B3(0), P(0), S(5), SB(0), Length[0]
2023-08-24 21:19:49,297[INFO ]:Message Stat : Queue[2], Sent[0], Recv[1]
2023-08-24 21:19:49,302[INFO ]:Queued HSMS Message : SSID(0), B2(129), B3(13), P(0), S(0), SB(1), Length[23]
2023-08-24 21:19:49,302[INFO ]:Message Stat : Queue[3], Sent[0], Recv[1]
2023-08-24 21:19:49,345[INFO ]:Sent Select Response.
2023-08-24 21:19:49,345[INFO ]:>>> Sent HSMS Message >>> : SSID(65535), B2(0), B3(0), P(0), S(2), SB(21,928), Length[0]
2023-08-24 21:19:49,345[INFO ]:>>> Sent HSMS Message >>> : SSID(65535), B2(0), B3(0), P(0), S(5), SB(0), Length[0]
2023-08-24 21:19:49,346[INFO ]:>>> Sent HSMS Message >>> : SSID(0), B2(129), B3(13), P(0), S(0), SB(1), Length[23]
2023-08-24 21:19:49,346[DEBUG]:>>>> HSMS Data [23] >>>>
    01-02-41-03  44-46-52-41  0E-31-2E-30  2E-38-36-33
    36-2E-33-38  33-38-35
2023-08-24 21:19:49,374[INFO ]:Received LinkTest Response.
2023-08-24 21:19:49,374[INFO ]:<<< Received HSMS Message <<< : SSID(65535), B2(0), B3(0), P(0), S(6), SB(0), Length[0]
2023-08-24 21:19:49,374[INFO ]:<<< Received HSMS Message <<< : SSID(0), B2(1), B3(14), P(0), S(0), SB(1), Length[7]
2023-08-24 21:19:49,374[DEBUG]:<<<< HSMS Data [7] <<<<
    01-02-21-01  00-01-00
2023-08-24 21:20:20,966[INFO ]:Received LinkTest Request.
2023-08-24 21:20:20,966[INFO ]:<<< Received HSMS Message <<< : SSID(65535), B2(0), B3(0), P(0), S(5), SB(21,936), Length[0]
2023-08-24 21:20:20,966[INFO ]:Queued HSMS Message : SSID(65535), B2(0), B3(0), P(0), S(6), SB(21,936), Length[0]
2023-08-24 21:20:20,966[INFO ]:Message Stat : Queue[1], Sent[0], Recv[3]
2023-08-24 21:20:21,012[INFO ]:Sent LinkTest Response.
2023-08-24 21:20:21,013[INFO ]:>>> Sent HSMS Message >>> : SSID(65535), B2(0), B3(0), P(0), S(6), SB(21,936), Length[0]
2023-08-24 21:20:58,728[INFO ]:Before Clear Queue.
2023-08-24 21:20:58,736[INFO ]:Clear Queue.
2023-08-24 21:20:58,736[INFO ]:Reset System Bytes to Zero(0).
2023-08-24 21:20:58,736[INFO ]:Connection Mode : Passive
2023-08-24 21:20:58,741[INFO ]:Thread State Changed : Working
2023-08-24 21:20:58,742[INFO ]:Start RunThreadPassive()
2023-08-24 21:20:58,742[INFO ]:Listening State Changed : Open
2023-08-24 21:20:58,742[INFO ]:Socket Listener was Started.
2023-08-24 21:20:58,742[INFO ]:Before Clear Queue.
2023-08-24 21:20:58,742[INFO ]:Clear Queue.
2023-08-24 21:20:58,742[INFO ]:Waiting New Connection...
2023-08-24 21:21:01,201[INFO ]:Accept New Connection.
2023-08-24 21:21:01,201[INFO ]:Listening State Changed : Close
2023-08-24 21:21:01,201[INFO ]:Start New Connection.
2023-08-24 21:21:01,203[INFO ]:HSMS Connection State Is Changed : 0 -> 1
2023-08-24 21:21:01,206[INFO ]:Start Basic Timer Due(1000), Period(1000)
2023-08-24 21:21:01,208[INFO ]:Started Basic Timer.
2023-08-24 21:21:01,212[INFO ]:Start Recv Thread.
2023-08-24 21:21:01,212[INFO ]:Start RunThreadRecv()
2023-08-24 21:21:01,218[INFO ]:Queued HSMS Message : SSID(65535), B2(0), B3(0), P(0), S(2), SB(21,940), Length[0]
2023-08-24 21:21:01,219[INFO ]:Message Stat : Queue[1], Sent[0], Recv[1]
2023-08-24 21:21:01,219[INFO ]:HSMS Connection State Is Changed : 1 -> 3
2023-08-24 21:21:01,221[INFO ]:Received Select Request.
2023-08-24 21:21:01,221[INFO ]:<<< Received HSMS Message <<< : SSID(65535), B2(0), B3(0), P(0), S(1), SB(21,940), Length[0]
2023-08-24 21:21:01,221[INFO ]:Send LinkTest Request.
2023-08-24 21:21:01,221[INFO ]:Queued HSMS Message : SSID(65535), B2(0), B3(0), P(0), S(5), SB(0), Length[0]
2023-08-24 21:21:01,221[INFO ]:Message Stat : Queue[2], Sent[0], Recv[1]
2023-08-24 21:21:01,279[INFO ]:Sent Select Response.
2023-08-24 21:21:01,280[INFO ]:>>> Sent HSMS Message >>> : SSID(65535), B2(0), B3(0), P(0), S(2), SB(21,940), Length[0]
2023-08-24 21:21:01,280[INFO ]:>>> Sent HSMS Message >>> : SSID(65535), B2(0), B3(0), P(0), S(5), SB(0), Length[0]
2023-08-24 21:21:01,292[INFO ]:Received LinkTest Response.
2023-08-24 21:21:01,292[INFO ]:<<< Received HSMS Message <<< : SSID(65535), B2(0), B3(0), P(0), S(6), SB(0), Length[0]
2023-08-24 21:21:01,379[INFO ]:Queued HSMS Message : SSID(0), B2(129), B3(13), P(0), S(0), SB(1), Length[23]
2023-08-24 21:21:01,379[INFO ]:Message Stat : Queue[1], Sent[0], Recv[1]
2023-08-24 21:21:01,400[INFO ]:>>> Sent HSMS Message >>> : SSID(0), B2(129), B3(13), P(0), S(0), SB(1), Length[23]
2023-08-24 21:21:01,401[DEBUG]:>>>> HSMS Data [23] >>>>
    01-02-41-03  44-46-52-41  0E-31-2E-30  2E-38-36-33
    36-2E-33-38  33-38-35
2023-08-24 21:21:01,445[INFO ]:<<< Received HSMS Message <<< : SSID(0), B2(1), B3(14), P(0), S(0), SB(1), Length[7]
2023-08-24 21:21:01,445[DEBUG]:<<<< HSMS Data [7] <<<<
    01-02-21-01  00-01-00
2023-08-24 21:21:52,489[INFO ]:Before Clear Queue.
2023-08-24 21:21:52,494[INFO ]:Clear Queue.
2023-08-24 21:21:52,494[INFO ]:Reset System Bytes to Zero(0).
2023-08-24 21:21:52,494[INFO ]:Connection Mode : Passive
2023-08-24 21:21:52,498[INFO ]:Thread State Changed : Working
2023-08-24 21:21:52,499[INFO ]:Start RunThreadPassive()
2023-08-24 21:21:52,500[INFO ]:Listening State Changed : Open
2023-08-24 21:21:52,500[INFO ]:Socket Listener was Started.
2023-08-24 21:21:52,500[INFO ]:Before Clear Queue.
2023-08-24 21:21:52,500[INFO ]:Clear Queue.
2023-08-24 21:21:52,500[INFO ]:Waiting New Connection...
2023-08-24 21:22:02,577[INFO ]:Accept New Connection.
2023-08-24 21:22:02,577[INFO ]:Listening State Changed : Close
2023-08-24 21:22:02,577[INFO ]:Start New Connection.
2023-08-24 21:22:02,577[INFO ]:HSMS Connection State Is Changed : 0 -> 1
2023-08-24 21:22:02,579[INFO ]:Start Basic Timer Due(1000), Period(1000)
2023-08-24 21:22:02,580[INFO ]:Started Basic Timer.
2023-08-24 21:22:02,582[INFO ]:Start Recv Thread.
2023-08-24 21:22:02,582[INFO ]:Start RunThreadRecv()
2023-08-24 21:22:02,588[INFO ]:Queued HSMS Message : SSID(65535), B2(0), B3(0), P(0), S(2), SB(21,948), Length[0]
2023-08-24 21:22:02,588[INFO ]:Message Stat : Queue[1], Sent[0], Recv[1]
2023-08-24 21:22:02,588[INFO ]:HSMS Connection State Is Changed : 1 -> 3
2023-08-24 21:22:02,591[INFO ]:Received Select Request.
2023-08-24 21:22:02,591[INFO ]:<<< Received HSMS Message <<< : SSID(65535), B2(0), B3(0), P(0), S(1), SB(21,948), Length[0]
2023-08-24 21:22:02,591[INFO ]:Send LinkTest Request.
2023-08-24 21:22:02,592[INFO ]:Queued HSMS Message : SSID(65535), B2(0), B3(0), P(0), S(5), SB(0), Length[0]
2023-08-24 21:22:02,592[INFO ]:Message Stat : Queue[2], Sent[0], Recv[1]
2023-08-24 21:22:02,635[INFO ]:Queued HSMS Message : SSID(0), B2(129), B3(13), P(0), S(0), SB(1), Length[23]
2023-08-24 21:22:02,635[INFO ]:Message Stat : Queue[3], Sent[0], Recv[1]
2023-08-24 21:22:02,639[INFO ]:Sent Select Response.
2023-08-24 21:22:02,639[INFO ]:>>> Sent HSMS Message >>> : SSID(65535), B2(0), B3(0), P(0), S(2), SB(21,948), Length[0]
2023-08-24 21:22:02,641[INFO ]:>>> Sent HSMS Message >>> : SSID(65535), B2(0), B3(0), P(0), S(5), SB(0), Length[0]
2023-08-24 21:22:02,641[INFO ]:>>> Sent HSMS Message >>> : SSID(0), B2(129), B3(13), P(0), S(0), SB(1), Length[23]
2023-08-24 21:22:02,641[DEBUG]:>>>> HSMS Data [23] >>>>
    01-02-41-03  44-46-52-41  0E-31-2E-30  2E-38-36-33
    36-2E-33-38  34-35-35
2023-08-24 21:22:02,667[INFO ]:Received LinkTest Response.
2023-08-24 21:22:02,667[INFO ]:<<< Received HSMS Message <<< : SSID(65535), B2(0), B3(0), P(0), S(6), SB(0), Length[0]
2023-08-24 21:22:02,667[INFO ]:<<< Received HSMS Message <<< : SSID(0), B2(1), B3(14), P(0), S(0), SB(1), Length[7]
2023-08-24 21:22:02,667[DEBUG]:<<<< HSMS Data [7] <<<<
    01-02-21-01  00-01-00
2023-08-24 21:22:33,897[INFO ]:Received LinkTest Request.
2023-08-24 21:22:33,897[INFO ]:<<< Received HSMS Message <<< : SSID(65535), B2(0), B3(0), P(0), S(5), SB(21,956), Length[0]
2023-08-24 21:22:33,897[INFO ]:Queued HSMS Message : SSID(65535), B2(0), B3(0), P(0), S(6), SB(21,956), Length[0]
2023-08-24 21:22:33,897[INFO ]:Message Stat : Queue[1], Sent[0], Recv[3]
2023-08-24 21:22:33,901[INFO ]:Sent LinkTest Response.
2023-08-24 21:22:33,901[INFO ]:>>> Sent HSMS Message >>> : SSID(65535), B2(0), B3(0), P(0), S(6), SB(21,956), Length[0]
2023-08-24 21:23:05,458[INFO ]:Received LinkTest Request.
2023-08-24 21:23:05,458[INFO ]:<<< Received HSMS Message <<< : SSID(65535), B2(0), B3(0), P(0), S(5), SB(21,960), Length[0]
2023-08-24 21:23:05,458[INFO ]:Queued HSMS Message : SSID(65535), B2(0), B3(0), P(0), S(6), SB(21,960), Length[0]
2023-08-24 21:23:05,458[INFO ]:Message Stat : Queue[1], Sent[0], Recv[3]
2023-08-24 21:23:05,505[INFO ]:Sent LinkTest Response.
2023-08-24 21:23:05,505[INFO ]:>>> Sent HSMS Message >>> : SSID(65535), B2(0), B3(0), P(0), S(6), SB(21,960), Length[0]
2023-08-24 21:23:36,900[INFO ]:Received LinkTest Request.
2023-08-24 21:23:36,900[INFO ]:<<< Received HSMS Message <<< : SSID(65535), B2(0), B3(0), P(0), S(5), SB(21,964), Length[0]
2023-08-24 21:23:36,900[INFO ]:Queued HSMS Message : SSID(65535), B2(0), B3(0), P(0), S(6), SB(21,964), Length[0]
2023-08-24 21:23:36,900[INFO ]:Message Stat : Queue[1], Sent[0], Recv[3]
2023-08-24 21:23:36,945[INFO ]:Sent LinkTest Response.
2023-08-24 21:23:36,946[INFO ]:>>> Sent HSMS Message >>> : SSID(65535), B2(0), B3(0), P(0), S(6), SB(21,964), Length[0]
2023-08-24 21:24:03,344[INFO ]:Send LinkTest Request.
2023-08-24 21:24:03,344[INFO ]:Queued HSMS Message : SSID(65535), B2(0), B3(0), P(0), S(5), SB(2), Length[0]
2023-08-24 21:24:03,344[INFO ]:Message Stat : Queue[1], Sent[0], Recv[2]
2023-08-24 21:24:03,390[INFO ]:>>> Sent HSMS Message >>> : SSID(65535), B2(0), B3(0), P(0), S(5), SB(2), Length[0]
2023-08-24 21:24:03,406[INFO ]:Received LinkTest Response.
2023-08-24 21:24:03,406[INFO ]:<<< Received HSMS Message <<< : SSID(65535), B2(0), B3(0), P(0), S(6), SB(2), Length[0]
2023-08-24 21:24:35,402[INFO ]:Received LinkTest Request.
2023-08-24 21:24:35,402[INFO ]:<<< Received HSMS Message <<< : SSID(65535), B2(0), B3(0), P(0), S(5), SB(21,970), Length[0]
2023-08-24 21:24:35,402[INFO ]:Queued HSMS Message : SSID(65535), B2(0), B3(0), P(0), S(6), SB(21,970), Length[0]
2023-08-24 21:24:35,402[INFO ]:Message Stat : Queue[1], Sent[0], Recv[4]
2023-08-24 21:24:35,447[INFO ]:Sent LinkTest Response.
2023-08-24 21:24:35,448[INFO ]:>>> Sent HSMS Message >>> : SSID(65535), B2(0), B3(0), P(0), S(6), SB(21,970), Length[0]
2023-08-24 21:25:06,925[INFO ]:Received LinkTest Request.
2023-08-24 21:25:06,925[INFO ]:<<< Received HSMS Message <<< : SSID(65535), B2(0), B3(0), P(0), S(5), SB(21,974), Length[0]
2023-08-24 21:25:06,925[INFO ]:Queued HSMS Message : SSID(65535), B2(0), B3(0), P(0), S(6), SB(21,974), Length[0]
2023-08-24 21:25:06,925[INFO ]:Message Stat : Queue[1], Sent[0], Recv[4]
2023-08-24 21:25:06,940[INFO ]:Sent LinkTest Response.
2023-08-24 21:25:06,940[INFO ]:>>> Sent HSMS Message >>> : SSID(65535), B2(0), B3(0), P(0), S(6), SB(21,974), Length[0]
2023-08-24 21:25:38,454[INFO ]:Received LinkTest Request.
2023-08-24 21:25:38,454[INFO ]:<<< Received HSMS Message <<< : SSID(65535), B2(0), B3(0), P(0), S(5), SB(21,978), Length[0]
2023-08-24 21:25:38,454[INFO ]:Queued HSMS Message : SSID(65535), B2(0), B3(0), P(0), S(6), SB(21,978), Length[0]
2023-08-24 21:25:38,454[INFO ]:Message Stat : Queue[1], Sent[0], Recv[4]
2023-08-24 21:25:38,500[INFO ]:Sent LinkTest Response.
2023-08-24 21:25:38,500[INFO ]:>>> Sent HSMS Message >>> : SSID(65535), B2(0), B3(0), P(0), S(6), SB(21,978), Length[0]
2023-08-24 21:26:05,031[INFO ]:Send LinkTest Request.
2023-08-24 21:26:05,032[INFO ]:Queued HSMS Message : SSID(65535), B2(0), B3(0), P(0), S(5), SB(3), Length[0]
2023-08-24 21:26:05,032[INFO ]:Message Stat : Queue[1], Sent[0], Recv[3]
2023-08-24 21:26:05,061[INFO ]:>>> Sent HSMS Message >>> : SSID(65535), B2(0), B3(0), P(0), S(5), SB(3), Length[0]
2023-08-24 21:26:05,121[INFO ]:Received LinkTest Response.
2023-08-24 21:26:05,121[INFO ]:<<< Received HSMS Message <<< : SSID(65535), B2(0), B3(0), P(0), S(6), SB(3), Length[0]
2023-08-24 21:26:36,934[INFO ]:Received LinkTest Request.
2023-08-24 21:26:36,934[INFO ]:<<< Received HSMS Message <<< : SSID(65535), B2(0), B3(0), P(0), S(5), SB(21,984), Length[0]
2023-08-24 21:26:36,934[INFO ]:Queued HSMS Message : SSID(65535), B2(0), B3(0), P(0), S(6), SB(21,984), Length[0]
2023-08-24 21:26:36,934[INFO ]:Message Stat : Queue[1], Sent[0], Recv[5]
2023-08-24 21:26:36,964[INFO ]:Sent LinkTest Response.
2023-08-24 21:26:36,964[INFO ]:>>> Sent HSMS Message >>> : SSID(65535), B2(0), B3(0), P(0), S(6), SB(21,984), Length[0]
2023-08-24 21:27:08,391[INFO ]:Received LinkTest Request.
2023-08-24 21:27:08,391[INFO ]:<<< Received HSMS Message <<< : SSID(65535), B2(0), B3(0), P(0), S(5), SB(21,988), Length[0]
2023-08-24 21:27:08,391[INFO ]:Queued HSMS Message : SSID(65535), B2(0), B3(0), P(0), S(6), SB(21,988), Length[0]
2023-08-24 21:27:08,391[INFO ]:Message Stat : Queue[1], Sent[0], Recv[5]
2023-08-24 21:27:08,438[INFO ]:Sent LinkTest Response.
2023-08-24 21:27:08,438[INFO ]:>>> Sent HSMS Message >>> : SSID(65535), B2(0), B3(0), P(0), S(6), SB(21,988), Length[0]
2023-08-24 21:27:39,894[INFO ]:Received LinkTest Request.
2023-08-24 21:27:39,894[INFO ]:<<< Received HSMS Message <<< : SSID(65535), B2(0), B3(0), P(0), S(5), SB(21,992), Length[0]
2023-08-24 21:27:39,894[INFO ]:Queued HSMS Message : SSID(65535), B2(0), B3(0), P(0), S(6), SB(21,992), Length[0]
2023-08-24 21:27:39,894[INFO ]:Message Stat : Queue[1], Sent[0], Recv[5]
2023-08-24 21:27:39,934[INFO ]:Sent LinkTest Response.
2023-08-24 21:27:39,934[INFO ]:>>> Sent HSMS Message >>> : SSID(65535), B2(0), B3(0), P(0), S(6), SB(21,992), Length[0]
2023-08-24 21:28:06,765[INFO ]:Send LinkTest Request.
2023-08-24 21:28:06,765[INFO ]:Queued HSMS Message : SSID(65535), B2(0), B3(0), P(0), S(5), SB(4), Length[0]
2023-08-24 21:28:06,765[INFO ]:Message Stat : Queue[1], Sent[0], Recv[4]
2023-08-24 21:28:06,796[INFO ]:>>> Sent HSMS Message >>> : SSID(65535), B2(0), B3(0), P(0), S(5), SB(4), Length[0]
2023-08-24 21:28:06,841[INFO ]:Received LinkTest Response.
2023-08-24 21:28:06,841[INFO ]:<<< Received HSMS Message <<< : SSID(65535), B2(0), B3(0), P(0), S(6), SB(4), Length[0]
2023-08-24 21:28:38,424[INFO ]:Received LinkTest Request.
2023-08-24 21:28:38,424[INFO ]:<<< Received HSMS Message <<< : SSID(65535), B2(0), B3(0), P(0), S(5), SB(21,998), Length[0]
2023-08-24 21:28:38,424[INFO ]:Queued HSMS Message : SSID(65535), B2(0), B3(0), P(0), S(6), SB(21,998), Length[0]
2023-08-24 21:28:38,424[INFO ]:Message Stat : Queue[1], Sent[0], Recv[6]
2023-08-24 21:28:38,469[INFO ]:Sent LinkTest Response.
2023-08-24 21:28:38,469[INFO ]:>>> Sent HSMS Message >>> : SSID(65535), B2(0), B3(0), P(0), S(6), SB(21,998), Length[0]
2023-08-24 21:29:09,961[INFO ]:Received LinkTest Request.
2023-08-24 21:29:09,961[INFO ]:<<< Received HSMS Message <<< : SSID(65535), B2(0), B3(0), P(0), S(5), SB(22,002), Length[0]
2023-08-24 21:29:09,961[INFO ]:Queued HSMS Message : SSID(65535), B2(0), B3(0), P(0), S(6), SB(22,002), Length[0]
2023-08-24 21:29:09,961[INFO ]:Message Stat : Queue[1], Sent[0], Recv[6]
2023-08-24 21:29:09,976[INFO ]:Sent LinkTest Response.
2023-08-24 21:29:09,976[INFO ]:>>> Sent HSMS Message >>> : SSID(65535), B2(0), B3(0), P(0), S(6), SB(22,002), Length[0]
