2023-08-26 13:31:38,648[INFO ]:Before Clear Queue.
2023-08-26 13:31:38,648[INFO ]:Clear Queue.
2023-08-26 13:31:38,648[INFO ]:Reset System Bytes to Zero(0).
2023-08-26 13:31:38,648[INFO ]:Connection Mode : Passive
2023-08-26 13:31:38,648[INFO ]:Thread State Changed : Working
2023-08-26 13:31:38,648[INFO ]:Start RunThreadPassive()
2023-08-26 13:31:38,648[INFO ]:Listening State Changed : Open
2023-08-26 13:31:38,648[INFO ]:Socket Listener was Started.
2023-08-26 13:31:38,648[INFO ]:Before Clear Queue.
2023-08-26 13:31:38,648[INFO ]:Clear Queue.
2023-08-26 13:31:38,648[INFO ]:Waiting New Connection...
2023-08-26 13:32:06,531[INFO ]:Before Clear Queue.
2023-08-26 13:32:06,531[INFO ]:Clear Queue.
2023-08-26 13:32:06,531[INFO ]:Reset System Bytes to Zero(0).
2023-08-26 13:32:06,531[INFO ]:Connection Mode : Passive
2023-08-26 13:32:06,531[INFO ]:Thread State Changed : Working
2023-08-26 13:32:06,531[INFO ]:Start RunThreadPassive()
2023-08-26 13:32:06,531[INFO ]:Listening State Changed : Open
2023-08-26 13:32:06,531[INFO ]:Socket Listener was Started.
2023-08-26 13:32:06,531[INFO ]:Before Clear Queue.
2023-08-26 13:32:06,531[INFO ]:Clear Queue.
2023-08-26 13:32:06,531[INFO ]:Waiting New Connection...
2023-08-26 13:35:09,314[INFO ]:Before Clear Queue.
2023-08-26 13:35:09,314[INFO ]:Clear Queue.
2023-08-26 13:35:09,314[INFO ]:Reset System Bytes to Zero(0).
2023-08-26 13:35:09,314[INFO ]:Connection Mode : Passive
2023-08-26 13:35:09,314[INFO ]:Thread State Changed : Working
2023-08-26 13:35:09,314[INFO ]:Start RunThreadPassive()
2023-08-26 13:35:09,314[INFO ]:Listening State Changed : Open
2023-08-26 13:35:09,314[INFO ]:Socket Listener was Started.
2023-08-26 13:35:09,314[INFO ]:Before Clear Queue.
2023-08-26 13:35:09,314[INFO ]:Clear Queue.
2023-08-26 13:35:09,314[INFO ]:Waiting New Connection...
2023-08-26 13:40:43,047[INFO ]:Before Clear Queue.
2023-08-26 13:40:43,047[INFO ]:Clear Queue.
2023-08-26 13:40:43,047[INFO ]:Reset System Bytes to Zero(0).
2023-08-26 13:40:43,047[INFO ]:Connection Mode : Passive
2023-08-26 13:40:43,047[INFO ]:Thread State Changed : Working
2023-08-26 13:40:43,047[INFO ]:Start RunThreadPassive()
2023-08-26 13:40:43,047[INFO ]:Listening State Changed : Open
2023-08-26 13:40:43,047[INFO ]:Socket Listener was Started.
2023-08-26 13:40:43,047[INFO ]:Before Clear Queue.
2023-08-26 13:40:43,047[INFO ]:Clear Queue.
2023-08-26 13:40:43,047[INFO ]:Waiting New Connection...
2023-08-26 13:49:04,231[INFO ]:Before Clear Queue.
2023-08-26 13:49:04,231[INFO ]:Clear Queue.
2023-08-26 13:49:04,231[INFO ]:Reset System Bytes to Zero(0).
2023-08-26 13:49:04,231[INFO ]:Connection Mode : Passive
2023-08-26 13:49:04,231[INFO ]:Thread State Changed : Working
2023-08-26 13:49:04,231[INFO ]:Start RunThreadPassive()
2023-08-26 13:49:04,231[INFO ]:Listening State Changed : Open
2023-08-26 13:49:04,231[INFO ]:Socket Listener was Started.
2023-08-26 13:49:04,231[INFO ]:Before Clear Queue.
2023-08-26 13:49:04,231[INFO ]:Clear Queue.
2023-08-26 13:49:04,231[INFO ]:Waiting New Connection...
2023-08-26 13:50:32,119[INFO ]:Before Clear Queue.
2023-08-26 13:50:32,119[INFO ]:Clear Queue.
2023-08-26 13:50:32,119[INFO ]:Reset System Bytes to Zero(0).
2023-08-26 13:50:32,119[INFO ]:Connection Mode : Passive
2023-08-26 13:50:32,135[INFO ]:Thread State Changed : Working
2023-08-26 13:50:32,135[INFO ]:Start RunThreadPassive()
2023-08-26 13:50:32,135[INFO ]:Listening State Changed : Open
2023-08-26 13:50:32,135[INFO ]:Socket Listener was Started.
2023-08-26 13:50:32,135[INFO ]:Before Clear Queue.
2023-08-26 13:50:32,135[INFO ]:Clear Queue.
2023-08-26 13:50:32,135[INFO ]:Waiting New Connection...
2023-08-26 13:52:53,760[INFO ]:Before Clear Queue.
2023-08-26 13:52:53,776[INFO ]:Clear Queue.
2023-08-26 13:52:53,776[INFO ]:Reset System Bytes to Zero(0).
2023-08-26 13:52:53,776[INFO ]:Connection Mode : Passive
2023-08-26 13:52:53,776[INFO ]:Thread State Changed : Working
2023-08-26 13:52:53,776[INFO ]:Start RunThreadPassive()
2023-08-26 13:52:53,776[INFO ]:Listening State Changed : Open
2023-08-26 13:52:53,776[INFO ]:Socket Listener was Started.
2023-08-26 13:52:53,776[INFO ]:Before Clear Queue.
2023-08-26 13:52:53,776[INFO ]:Clear Queue.
2023-08-26 13:52:53,776[INFO ]:Waiting New Connection...
2023-08-26 13:53:54,523[INFO ]:Before Clear Queue.
2023-08-26 13:53:54,523[INFO ]:Clear Queue.
2023-08-26 13:53:54,523[INFO ]:Reset System Bytes to Zero(0).
2023-08-26 13:53:54,523[INFO ]:Connection Mode : Passive
2023-08-26 13:53:54,538[INFO ]:Thread State Changed : Working
2023-08-26 13:53:54,538[INFO ]:Start RunThreadPassive()
2023-08-26 13:53:54,538[INFO ]:Listening State Changed : Open
2023-08-26 13:53:54,538[INFO ]:Socket Listener was Started.
2023-08-26 13:53:54,538[INFO ]:Before Clear Queue.
2023-08-26 13:53:54,538[INFO ]:Clear Queue.
2023-08-26 13:53:54,538[INFO ]:Waiting New Connection...
2023-08-26 13:55:25,386[INFO ]:Before Clear Queue.
2023-08-26 13:55:25,402[INFO ]:Clear Queue.
2023-08-26 13:55:25,402[INFO ]:Reset System Bytes to Zero(0).
2023-08-26 13:55:25,402[INFO ]:Connection Mode : Passive
2023-08-26 13:55:25,402[INFO ]:Thread State Changed : Working
2023-08-26 13:55:25,402[INFO ]:Start RunThreadPassive()
2023-08-26 13:55:25,402[INFO ]:Listening State Changed : Open
2023-08-26 13:55:25,402[INFO ]:Socket Listener was Started.
2023-08-26 13:55:25,402[INFO ]:Before Clear Queue.
2023-08-26 13:55:25,402[INFO ]:Clear Queue.
2023-08-26 13:55:25,402[INFO ]:Waiting New Connection...
2023-08-26 13:59:10,374[INFO ]:Accept New Connection.
2023-08-26 13:59:10,374[INFO ]:Listening State Changed : Close
2023-08-26 13:59:10,374[INFO ]:Start New Connection.
2023-08-26 13:59:10,374[INFO ]:HSMS Connection State Is Changed : 0 -> 1
2023-08-26 13:59:10,390[INFO ]:Start Basic Timer Due(1000), Period(1000)
2023-08-26 13:59:10,390[INFO ]:Started Basic Timer.
2023-08-26 13:59:10,405[INFO ]:Start Recv Thread.
2023-08-26 13:59:10,405[INFO ]:Start RunThreadRecv()
2023-08-26 13:59:10,405[INFO ]:Queued HSMS Message : SSID(65535), B2(0), B3(0), P(0), S(2), SB(25,193), Length[0]
2023-08-26 13:59:10,405[INFO ]:Message Stat : Queue[1], Sent[0], Recv[1]
2023-08-26 13:59:10,405[INFO ]:HSMS Connection State Is Changed : 1 -> 3
2023-08-26 13:59:10,405[INFO ]:Sent Select Response.
2023-08-26 13:59:10,405[INFO ]:>>> Sent HSMS Message >>> : SSID(65535), B2(0), B3(0), P(0), S(2), SB(25,193), Length[0]
2023-08-26 13:59:10,405[INFO ]:Received Select Request.
2023-08-26 13:59:10,405[INFO ]:<<< Received HSMS Message <<< : SSID(65535), B2(0), B3(0), P(0), S(1), SB(25,193), Length[0]
2023-08-26 13:59:10,405[INFO ]:Send LinkTest Request.
2023-08-26 13:59:10,405[INFO ]:Queued HSMS Message : SSID(65535), B2(0), B3(0), P(0), S(5), SB(0), Length[0]
2023-08-26 13:59:10,405[INFO ]:Message Stat : Queue[1], Sent[0], Recv[0]
2023-08-26 13:59:10,468[INFO ]:>>> Sent HSMS Message >>> : SSID(65535), B2(0), B3(0), P(0), S(5), SB(0), Length[0]
2023-08-26 13:59:10,531[INFO ]:Queued HSMS Message : SSID(0), B2(129), B3(13), P(0), S(0), SB(1), Length[23]
2023-08-26 13:59:10,531[INFO ]:Message Stat : Queue[1], Sent[1], Recv[0]
2023-08-26 13:59:10,562[INFO ]:Received LinkTest Response.
2023-08-26 13:59:10,562[INFO ]:<<< Received HSMS Message <<< : SSID(65535), B2(0), B3(0), P(0), S(6), SB(0), Length[0]
2023-08-26 13:59:10,593[INFO ]:>>> Sent HSMS Message >>> : SSID(0), B2(129), B3(13), P(0), S(0), SB(1), Length[23]
2023-08-26 13:59:10,593[DEBUG]:>>>> HSMS Data [23] >>>>
    01-02-41-03  44-46-52-41  0E-31-2E-30  2E-38-36-33
    38-2E-32-35  30-36-31
2023-08-26 13:59:10,718[INFO ]:<<< Received HSMS Message <<< : SSID(0), B2(1), B3(14), P(0), S(0), SB(1), Length[7]
2023-08-26 13:59:10,718[DEBUG]:<<<< HSMS Data [7] <<<<
    01-02-21-01  00-01-00
2023-08-26 13:59:41,872[INFO ]:Received LinkTest Request.
2023-08-26 13:59:41,872[INFO ]:<<< Received HSMS Message <<< : SSID(65535), B2(0), B3(0), P(0), S(5), SB(25,201), Length[0]
2023-08-26 13:59:41,872[INFO ]:Queued HSMS Message : SSID(65535), B2(0), B3(0), P(0), S(6), SB(25,201), Length[0]
2023-08-26 13:59:41,872[INFO ]:Message Stat : Queue[1], Sent[0], Recv[3]
2023-08-26 13:59:41,903[INFO ]:Sent LinkTest Response.
2023-08-26 13:59:41,903[INFO ]:>>> Sent HSMS Message >>> : SSID(65535), B2(0), B3(0), P(0), S(6), SB(25,201), Length[0]
