2023-08-26 18:00:23,127[INFO ]:Received LinkTest Request.
2023-08-26 18:00:23,143[INFO ]:<<< Received HSMS Message <<< : SSID(65535), B2(0), B3(0), P(0), S(5), SB(26,787), Length[0]
2023-08-26 18:00:23,143[INFO ]:Queued HSMS Message : SSID(65535), B2(0), B3(0), P(0), S(6), SB(26,787), Length[0]
2023-08-26 18:00:23,143[INFO ]:Message Stat : Queue[1], Sent[0], Recv[3]
2023-08-26 18:00:23,174[INFO ]:Sent LinkTest Response.
2023-08-26 18:00:23,174[INFO ]:>>> Sent HSMS Message >>> : SSID(65535), B2(0), B3(0), P(0), S(6), SB(26,787), Length[0]
2023-08-26 18:00:54,633[INFO ]:Received LinkTest Request.
2023-08-26 18:00:54,633[INFO ]:<<< Received HSMS Message <<< : SSID(65535), B2(0), B3(0), P(0), S(5), SB(26,791), Length[0]
2023-08-26 18:00:54,633[INFO ]:Queued HSMS Message : SSID(65535), B2(0), B3(0), P(0), S(6), SB(26,791), Length[0]
2023-08-26 18:00:54,633[INFO ]:Message Stat : Queue[1], Sent[0], Recv[3]
2023-08-26 18:00:54,680[INFO ]:Sent LinkTest Response.
2023-08-26 18:00:54,680[INFO ]:>>> Sent HSMS Message >>> : SSID(65535), B2(0), B3(0), P(0), S(6), SB(26,791), Length[0]
2023-08-26 18:01:21,938[INFO ]:Send LinkTest Request.
2023-08-26 18:01:21,938[INFO ]:Queued HSMS Message : SSID(65535), B2(0), B3(0), P(0), S(5), SB(2), Length[0]
2023-08-26 18:01:21,938[INFO ]:Message Stat : Queue[1], Sent[0], Recv[2]
2023-08-26 18:01:22,001[INFO ]:>>> Sent HSMS Message >>> : SSID(65535), B2(0), B3(0), P(0), S(5), SB(2), Length[0]
2023-08-26 18:01:22,064[INFO ]:Received LinkTest Response.
2023-08-26 18:01:22,064[INFO ]:<<< Received HSMS Message <<< : SSID(65535), B2(0), B3(0), P(0), S(6), SB(2), Length[0]
2023-08-26 18:01:53,160[INFO ]:Received LinkTest Request.
2023-08-26 18:01:53,160[INFO ]:<<< Received HSMS Message <<< : SSID(65535), B2(0), B3(0), P(0), S(5), SB(26,797), Length[0]
2023-08-26 18:01:53,160[INFO ]:Queued HSMS Message : SSID(65535), B2(0), B3(0), P(0), S(6), SB(26,797), Length[0]
2023-08-26 18:01:53,160[INFO ]:Message Stat : Queue[1], Sent[0], Recv[4]
2023-08-26 18:01:53,191[INFO ]:Sent LinkTest Response.
2023-08-26 18:01:53,191[INFO ]:>>> Sent HSMS Message >>> : SSID(65535), B2(0), B3(0), P(0), S(6), SB(26,797), Length[0]
2023-08-26 18:02:24,618[INFO ]:Received LinkTest Request.
2023-08-26 18:02:24,618[INFO ]:<<< Received HSMS Message <<< : SSID(65535), B2(0), B3(0), P(0), S(5), SB(26,801), Length[0]
2023-08-26 18:02:24,618[INFO ]:Queued HSMS Message : SSID(65535), B2(0), B3(0), P(0), S(6), SB(26,801), Length[0]
2023-08-26 18:02:24,618[INFO ]:Message Stat : Queue[1], Sent[0], Recv[4]
2023-08-26 18:02:24,680[INFO ]:Sent LinkTest Response.
2023-08-26 18:02:24,680[INFO ]:>>> Sent HSMS Message >>> : SSID(65535), B2(0), B3(0), P(0), S(6), SB(26,801), Length[0]
2023-08-26 18:02:56,139[INFO ]:Received LinkTest Request.
2023-08-26 18:02:56,139[INFO ]:<<< Received HSMS Message <<< : SSID(65535), B2(0), B3(0), P(0), S(5), SB(26,805), Length[0]
2023-08-26 18:02:56,139[INFO ]:Queued HSMS Message : SSID(65535), B2(0), B3(0), P(0), S(6), SB(26,805), Length[0]
2023-08-26 18:02:56,139[INFO ]:Message Stat : Queue[1], Sent[0], Recv[4]
2023-08-26 18:02:56,187[INFO ]:Sent LinkTest Response.
2023-08-26 18:02:56,187[INFO ]:>>> Sent HSMS Message >>> : SSID(65535), B2(0), B3(0), P(0), S(6), SB(26,805), Length[0]
2023-08-26 18:03:23,784[INFO ]:Send LinkTest Request.
2023-08-26 18:03:23,784[INFO ]:Queued HSMS Message : SSID(65535), B2(0), B3(0), P(0), S(5), SB(3), Length[0]
2023-08-26 18:03:23,784[INFO ]:Message Stat : Queue[1], Sent[0], Recv[3]
2023-08-26 18:03:23,800[INFO ]:>>> Sent HSMS Message >>> : SSID(65535), B2(0), B3(0), P(0), S(5), SB(3), Length[0]
2023-08-26 18:03:23,894[INFO ]:Received LinkTest Response.
2023-08-26 18:03:23,894[INFO ]:<<< Received HSMS Message <<< : SSID(65535), B2(0), B3(0), P(0), S(6), SB(3), Length[0]
2023-08-26 18:03:56,137[INFO ]:Received LinkTest Request.
2023-08-26 18:03:56,137[INFO ]:<<< Received HSMS Message <<< : SSID(65535), B2(0), B3(0), P(0), S(5), SB(26,811), Length[0]
2023-08-26 18:03:56,137[INFO ]:Queued HSMS Message : SSID(65535), B2(0), B3(0), P(0), S(6), SB(26,811), Length[0]
2023-08-26 18:03:56,137[INFO ]:Message Stat : Queue[0], Sent[0], Recv[5]
2023-08-26 18:03:56,137[INFO ]:Sent LinkTest Response.
2023-08-26 18:03:56,137[INFO ]:>>> Sent HSMS Message >>> : SSID(65535), B2(0), B3(0), P(0), S(6), SB(26,811), Length[0]
2023-08-26 18:04:27,713[INFO ]:Received LinkTest Request.
2023-08-26 18:04:27,713[INFO ]:<<< Received HSMS Message <<< : SSID(65535), B2(0), B3(0), P(0), S(5), SB(26,815), Length[0]
2023-08-26 18:04:27,713[INFO ]:Queued HSMS Message : SSID(65535), B2(0), B3(0), P(0), S(6), SB(26,815), Length[0]
2023-08-26 18:04:27,713[INFO ]:Message Stat : Queue[1], Sent[0], Recv[5]
2023-08-26 18:04:27,760[INFO ]:Sent LinkTest Response.
2023-08-26 18:04:27,760[INFO ]:>>> Sent HSMS Message >>> : SSID(65535), B2(0), B3(0), P(0), S(6), SB(26,815), Length[0]
2023-08-26 18:04:59,108[INFO ]:Received LinkTest Request.
2023-08-26 18:04:59,108[INFO ]:<<< Received HSMS Message <<< : SSID(65535), B2(0), B3(0), P(0), S(5), SB(26,819), Length[0]
2023-08-26 18:04:59,108[INFO ]:Queued HSMS Message : SSID(65535), B2(0), B3(0), P(0), S(6), SB(26,819), Length[0]
2023-08-26 18:04:59,108[INFO ]:Message Stat : Queue[1], Sent[0], Recv[5]
2023-08-26 18:04:59,170[INFO ]:Sent LinkTest Response.
2023-08-26 18:04:59,170[INFO ]:>>> Sent HSMS Message >>> : SSID(65535), B2(0), B3(0), P(0), S(6), SB(26,819), Length[0]
2023-08-26 18:05:25,767[INFO ]:Send LinkTest Request.
2023-08-26 18:05:25,767[INFO ]:Queued HSMS Message : SSID(65535), B2(0), B3(0), P(0), S(5), SB(4), Length[0]
2023-08-26 18:05:25,767[INFO ]:Message Stat : Queue[1], Sent[0], Recv[4]
2023-08-26 18:05:25,815[INFO ]:>>> Sent HSMS Message >>> : SSID(65535), B2(0), B3(0), P(0), S(5), SB(4), Length[0]
2023-08-26 18:05:25,879[INFO ]:Received LinkTest Response.
2023-08-26 18:05:25,879[INFO ]:<<< Received HSMS Message <<< : SSID(65535), B2(0), B3(0), P(0), S(6), SB(4), Length[0]
2023-08-26 18:05:57,609[INFO ]:Received LinkTest Request.
2023-08-26 18:05:57,609[INFO ]:<<< Received HSMS Message <<< : SSID(65535), B2(0), B3(0), P(0), S(5), SB(26,825), Length[0]
2023-08-26 18:05:57,609[INFO ]:Queued HSMS Message : SSID(65535), B2(0), B3(0), P(0), S(6), SB(26,825), Length[0]
2023-08-26 18:05:57,609[INFO ]:Message Stat : Queue[1], Sent[0], Recv[6]
2023-08-26 18:05:57,625[INFO ]:Sent LinkTest Response.
2023-08-26 18:05:57,625[INFO ]:>>> Sent HSMS Message >>> : SSID(65535), B2(0), B3(0), P(0), S(6), SB(26,825), Length[0]
2023-08-26 18:06:29,167[INFO ]:Received LinkTest Request.
2023-08-26 18:06:29,167[INFO ]:<<< Received HSMS Message <<< : SSID(65535), B2(0), B3(0), P(0), S(5), SB(26,829), Length[0]
2023-08-26 18:06:29,167[INFO ]:Queued HSMS Message : SSID(65535), B2(0), B3(0), P(0), S(6), SB(26,829), Length[0]
2023-08-26 18:06:29,167[INFO ]:Message Stat : Queue[1], Sent[0], Recv[6]
2023-08-26 18:06:29,231[INFO ]:Sent LinkTest Response.
2023-08-26 18:06:29,231[INFO ]:>>> Sent HSMS Message >>> : SSID(65535), B2(0), B3(0), P(0), S(6), SB(26,829), Length[0]
2023-08-26 18:07:00,603[INFO ]:Received LinkTest Request.
2023-08-26 18:07:00,603[INFO ]:<<< Received HSMS Message <<< : SSID(65535), B2(0), B3(0), P(0), S(5), SB(26,833), Length[0]
2023-08-26 18:07:00,603[INFO ]:Queued HSMS Message : SSID(65535), B2(0), B3(0), P(0), S(6), SB(26,833), Length[0]
2023-08-26 18:07:00,603[INFO ]:Message Stat : Queue[1], Sent[0], Recv[6]
2023-08-26 18:07:00,666[INFO ]:Sent LinkTest Response.
2023-08-26 18:07:00,666[INFO ]:>>> Sent HSMS Message >>> : SSID(65535), B2(0), B3(0), P(0), S(6), SB(26,833), Length[0]
2023-08-26 18:07:27,705[INFO ]:Send LinkTest Request.
2023-08-26 18:07:27,705[INFO ]:Queued HSMS Message : SSID(65535), B2(0), B3(0), P(0), S(5), SB(5), Length[0]
2023-08-26 18:07:27,705[INFO ]:Message Stat : Queue[1], Sent[0], Recv[5]
2023-08-26 18:07:27,752[INFO ]:>>> Sent HSMS Message >>> : SSID(65535), B2(0), B3(0), P(0), S(5), SB(5), Length[0]
2023-08-26 18:07:27,846[INFO ]:Received LinkTest Response.
2023-08-26 18:07:27,846[INFO ]:<<< Received HSMS Message <<< : SSID(65535), B2(0), B3(0), P(0), S(6), SB(5), Length[0]
2023-08-26 18:07:59,850[INFO ]:Received LinkTest Request.
2023-08-26 18:07:59,850[INFO ]:<<< Received HSMS Message <<< : SSID(65535), B2(0), B3(0), P(0), S(5), SB(26,839), Length[0]
2023-08-26 18:07:59,850[INFO ]:Queued HSMS Message : SSID(65535), B2(0), B3(0), P(0), S(6), SB(26,839), Length[0]
2023-08-26 18:07:59,850[INFO ]:Message Stat : Queue[1], Sent[0], Recv[7]
2023-08-26 18:07:59,850[INFO ]:Sent LinkTest Response.
2023-08-26 18:07:59,850[INFO ]:>>> Sent HSMS Message >>> : SSID(65535), B2(0), B3(0), P(0), S(6), SB(26,839), Length[0]
2023-08-26 18:08:31,381[INFO ]:Received LinkTest Request.
2023-08-26 18:08:31,381[INFO ]:<<< Received HSMS Message <<< : SSID(65535), B2(0), B3(0), P(0), S(5), SB(26,843), Length[0]
2023-08-26 18:08:31,381[INFO ]:Queued HSMS Message : SSID(65535), B2(0), B3(0), P(0), S(6), SB(26,843), Length[0]
2023-08-26 18:08:31,381[INFO ]:Message Stat : Queue[1], Sent[0], Recv[7]
2023-08-26 18:08:31,412[INFO ]:Sent LinkTest Response.
2023-08-26 18:08:31,412[INFO ]:>>> Sent HSMS Message >>> : SSID(65535), B2(0), B3(0), P(0), S(6), SB(26,843), Length[0]
2023-08-26 18:09:02,869[INFO ]:Received LinkTest Request.
2023-08-26 18:09:02,869[INFO ]:<<< Received HSMS Message <<< : SSID(65535), B2(0), B3(0), P(0), S(5), SB(26,847), Length[0]
2023-08-26 18:09:02,869[INFO ]:Queued HSMS Message : SSID(65535), B2(0), B3(0), P(0), S(6), SB(26,847), Length[0]
2023-08-26 18:09:02,869[INFO ]:Message Stat : Queue[1], Sent[0], Recv[7]
2023-08-26 18:09:02,900[INFO ]:Sent LinkTest Response.
2023-08-26 18:09:02,900[INFO ]:>>> Sent HSMS Message >>> : SSID(65535), B2(0), B3(0), P(0), S(6), SB(26,847), Length[0]
2023-08-26 18:09:29,666[INFO ]:Send LinkTest Request.
2023-08-26 18:09:29,666[INFO ]:Queued HSMS Message : SSID(65535), B2(0), B3(0), P(0), S(5), SB(6), Length[0]
2023-08-26 18:09:29,666[INFO ]:Message Stat : Queue[1], Sent[0], Recv[6]
2023-08-26 18:09:29,713[INFO ]:>>> Sent HSMS Message >>> : SSID(65535), B2(0), B3(0), P(0), S(5), SB(6), Length[0]
2023-08-26 18:09:29,777[INFO ]:Received LinkTest Response.
2023-08-26 18:09:29,777[INFO ]:<<< Received HSMS Message <<< : SSID(65535), B2(0), B3(0), P(0), S(6), SB(6), Length[0]
2023-08-26 18:10:01,350[INFO ]:Received LinkTest Request.
2023-08-26 18:10:01,350[INFO ]:<<< Received HSMS Message <<< : SSID(65535), B2(0), B3(0), P(0), S(5), SB(26,853), Length[0]
2023-08-26 18:10:01,350[INFO ]:Queued HSMS Message : SSID(65535), B2(0), B3(0), P(0), S(6), SB(26,853), Length[0]
2023-08-26 18:10:01,350[INFO ]:Message Stat : Queue[1], Sent[0], Recv[8]
2023-08-26 18:10:01,412[INFO ]:Sent LinkTest Response.
2023-08-26 18:10:01,412[INFO ]:>>> Sent HSMS Message >>> : SSID(65535), B2(0), B3(0), P(0), S(6), SB(26,853), Length[0]
2023-08-26 18:10:32,847[INFO ]:Received LinkTest Request.
2023-08-26 18:10:32,847[INFO ]:<<< Received HSMS Message <<< : SSID(65535), B2(0), B3(0), P(0), S(5), SB(26,857), Length[0]
2023-08-26 18:10:32,847[INFO ]:Queued HSMS Message : SSID(65535), B2(0), B3(0), P(0), S(6), SB(26,857), Length[0]
2023-08-26 18:10:32,847[INFO ]:Message Stat : Queue[1], Sent[0], Recv[8]
2023-08-26 18:10:32,894[INFO ]:Sent LinkTest Response.
2023-08-26 18:10:32,894[INFO ]:>>> Sent HSMS Message >>> : SSID(65535), B2(0), B3(0), P(0), S(6), SB(26,857), Length[0]
2023-08-26 18:11:04,347[INFO ]:Received LinkTest Request.
2023-08-26 18:11:04,347[INFO ]:<<< Received HSMS Message <<< : SSID(65535), B2(0), B3(0), P(0), S(5), SB(26,861), Length[0]
2023-08-26 18:11:04,347[INFO ]:Queued HSMS Message : SSID(65535), B2(0), B3(0), P(0), S(6), SB(26,861), Length[0]
2023-08-26 18:11:04,347[INFO ]:Message Stat : Queue[1], Sent[0], Recv[8]
2023-08-26 18:11:04,394[INFO ]:Sent LinkTest Response.
2023-08-26 18:11:04,394[INFO ]:>>> Sent HSMS Message >>> : SSID(65535), B2(0), B3(0), P(0), S(6), SB(26,861), Length[0]
2023-08-26 18:11:31,682[INFO ]:Send LinkTest Request.
2023-08-26 18:11:31,682[INFO ]:Queued HSMS Message : SSID(65535), B2(0), B3(0), P(0), S(5), SB(7), Length[0]
2023-08-26 18:11:31,682[INFO ]:Message Stat : Queue[1], Sent[0], Recv[7]
2023-08-26 18:11:31,698[INFO ]:>>> Sent HSMS Message >>> : SSID(65535), B2(0), B3(0), P(0), S(5), SB(7), Length[0]
2023-08-26 18:11:31,777[INFO ]:Received LinkTest Response.
2023-08-26 18:11:31,777[INFO ]:<<< Received HSMS Message <<< : SSID(65535), B2(0), B3(0), P(0), S(6), SB(7), Length[0]
2023-08-26 18:12:02,867[INFO ]:Received LinkTest Request.
2023-08-26 18:12:02,867[INFO ]:<<< Received HSMS Message <<< : SSID(65535), B2(0), B3(0), P(0), S(5), SB(26,867), Length[0]
2023-08-26 18:12:02,867[INFO ]:Queued HSMS Message : SSID(65535), B2(0), B3(0), P(0), S(6), SB(26,867), Length[0]
2023-08-26 18:12:02,867[INFO ]:Message Stat : Queue[1], Sent[0], Recv[9]
2023-08-26 18:12:02,930[INFO ]:Sent LinkTest Response.
2023-08-26 18:12:02,930[INFO ]:>>> Sent HSMS Message >>> : SSID(65535), B2(0), B3(0), P(0), S(6), SB(26,867), Length[0]
2023-08-26 18:12:34,324[INFO ]:Received LinkTest Request.
2023-08-26 18:12:34,324[INFO ]:<<< Received HSMS Message <<< : SSID(65535), B2(0), B3(0), P(0), S(5), SB(26,871), Length[0]
2023-08-26 18:12:34,324[INFO ]:Queued HSMS Message : SSID(65535), B2(0), B3(0), P(0), S(6), SB(26,871), Length[0]
2023-08-26 18:12:34,324[INFO ]:Message Stat : Queue[1], Sent[0], Recv[9]
2023-08-26 18:12:34,371[INFO ]:Sent LinkTest Response.
2023-08-26 18:12:34,371[INFO ]:>>> Sent HSMS Message >>> : SSID(65535), B2(0), B3(0), P(0), S(6), SB(26,871), Length[0]
2023-08-26 18:13:05,805[INFO ]:Received LinkTest Request.
2023-08-26 18:13:05,805[INFO ]:<<< Received HSMS Message <<< : SSID(65535), B2(0), B3(0), P(0), S(5), SB(26,875), Length[0]
2023-08-26 18:13:05,805[INFO ]:Queued HSMS Message : SSID(65535), B2(0), B3(0), P(0), S(6), SB(26,875), Length[0]
2023-08-26 18:13:05,805[INFO ]:Message Stat : Queue[1], Sent[0], Recv[9]
2023-08-26 18:13:05,837[INFO ]:Sent LinkTest Response.
2023-08-26 18:13:05,837[INFO ]:>>> Sent HSMS Message >>> : SSID(65535), B2(0), B3(0), P(0), S(6), SB(26,875), Length[0]
2023-08-26 18:13:33,657[INFO ]:Send LinkTest Request.
2023-08-26 18:13:33,657[INFO ]:Queued HSMS Message : SSID(65535), B2(0), B3(0), P(0), S(5), SB(8), Length[0]
2023-08-26 18:13:33,657[INFO ]:Message Stat : Queue[1], Sent[0], Recv[8]
2023-08-26 18:13:33,689[INFO ]:>>> Sent HSMS Message >>> : SSID(65535), B2(0), B3(0), P(0), S(5), SB(8), Length[0]
2023-08-26 18:13:33,783[INFO ]:Received LinkTest Response.
2023-08-26 18:13:33,783[INFO ]:<<< Received HSMS Message <<< : SSID(65535), B2(0), B3(0), P(0), S(6), SB(8), Length[0]
2023-08-26 18:14:04,368[INFO ]:Received LinkTest Request.
2023-08-26 18:14:04,368[INFO ]:<<< Received HSMS Message <<< : SSID(65535), B2(0), B3(0), P(0), S(5), SB(26,881), Length[0]
2023-08-26 18:14:04,368[INFO ]:Queued HSMS Message : SSID(65535), B2(0), B3(0), P(0), S(6), SB(26,881), Length[0]
2023-08-26 18:14:04,368[INFO ]:Message Stat : Queue[1], Sent[0], Recv[10]
2023-08-26 18:14:04,384[INFO ]:Sent LinkTest Response.
2023-08-26 18:14:04,384[INFO ]:>>> Sent HSMS Message >>> : SSID(65535), B2(0), B3(0), P(0), S(6), SB(26,881), Length[0]
2023-08-26 18:14:35,838[INFO ]:Received LinkTest Request.
2023-08-26 18:14:35,838[INFO ]:<<< Received HSMS Message <<< : SSID(65535), B2(0), B3(0), P(0), S(5), SB(26,885), Length[0]
2023-08-26 18:14:35,838[INFO ]:Queued HSMS Message : SSID(65535), B2(0), B3(0), P(0), S(6), SB(26,885), Length[0]
2023-08-26 18:14:35,838[INFO ]:Message Stat : Queue[1], Sent[0], Recv[10]
2023-08-26 18:14:35,853[INFO ]:Sent LinkTest Response.
2023-08-26 18:14:35,853[INFO ]:>>> Sent HSMS Message >>> : SSID(65535), B2(0), B3(0), P(0), S(6), SB(26,885), Length[0]
2023-08-26 18:15:07,369[INFO ]:Received LinkTest Request.
2023-08-26 18:15:07,369[INFO ]:<<< Received HSMS Message <<< : SSID(65535), B2(0), B3(0), P(0), S(5), SB(26,889), Length[0]
2023-08-26 18:15:07,369[INFO ]:Queued HSMS Message : SSID(65535), B2(0), B3(0), P(0), S(6), SB(26,889), Length[0]
2023-08-26 18:15:07,369[INFO ]:Message Stat : Queue[1], Sent[0], Recv[10]
2023-08-26 18:15:07,431[INFO ]:Sent LinkTest Response.
2023-08-26 18:15:07,431[INFO ]:>>> Sent HSMS Message >>> : SSID(65535), B2(0), B3(0), P(0), S(6), SB(26,889), Length[0]
2023-08-26 18:15:38,839[INFO ]:Received LinkTest Request.
2023-08-26 18:15:38,839[INFO ]:<<< Received HSMS Message <<< : SSID(65535), B2(0), B3(0), P(0), S(5), SB(26,893), Length[0]
2023-08-26 18:15:38,839[INFO ]:Queued HSMS Message : SSID(65535), B2(0), B3(0), P(0), S(6), SB(26,893), Length[0]
2023-08-26 18:15:38,839[INFO ]:Message Stat : Queue[1], Sent[0], Recv[10]
2023-08-26 18:15:38,854[INFO ]:Sent LinkTest Response.
2023-08-26 18:15:38,854[INFO ]:>>> Sent HSMS Message >>> : SSID(65535), B2(0), B3(0), P(0), S(6), SB(26,893), Length[0]
2023-08-26 18:15:47,784[INFO ]:Send LinkTest Request.
2023-08-26 18:15:47,784[INFO ]:Queued HSMS Message : SSID(65535), B2(0), B3(0), P(0), S(5), SB(9), Length[0]
2023-08-26 18:15:47,784[INFO ]:Message Stat : Queue[1], Sent[0], Recv[9]
2023-08-26 18:15:47,847[INFO ]:>>> Sent HSMS Message >>> : SSID(65535), B2(0), B3(0), P(0), S(5), SB(9), Length[0]
2023-08-26 18:15:47,957[INFO ]:Received LinkTest Response.
2023-08-26 18:15:47,957[INFO ]:<<< Received HSMS Message <<< : SSID(65535), B2(0), B3(0), P(0), S(6), SB(9), Length[0]
2023-08-26 18:16:19,338[INFO ]:Received LinkTest Request.
2023-08-26 18:16:19,338[INFO ]:<<< Received HSMS Message <<< : SSID(65535), B2(0), B3(0), P(0), S(5), SB(26,899), Length[0]
2023-08-26 18:16:19,338[INFO ]:Queued HSMS Message : SSID(65535), B2(0), B3(0), P(0), S(6), SB(26,899), Length[0]
2023-08-26 18:16:19,338[INFO ]:Message Stat : Queue[1], Sent[0], Recv[11]
2023-08-26 18:16:19,369[INFO ]:Sent LinkTest Response.
2023-08-26 18:16:19,369[INFO ]:>>> Sent HSMS Message >>> : SSID(65535), B2(0), B3(0), P(0), S(6), SB(26,899), Length[0]
2023-08-26 18:16:50,869[INFO ]:Received LinkTest Request.
2023-08-26 18:16:50,869[INFO ]:<<< Received HSMS Message <<< : SSID(65535), B2(0), B3(0), P(0), S(5), SB(26,903), Length[0]
2023-08-26 18:16:50,869[INFO ]:Queued HSMS Message : SSID(65535), B2(0), B3(0), P(0), S(6), SB(26,903), Length[0]
2023-08-26 18:16:50,869[INFO ]:Message Stat : Queue[1], Sent[0], Recv[11]
2023-08-26 18:16:50,884[INFO ]:Sent LinkTest Response.
2023-08-26 18:16:50,884[INFO ]:>>> Sent HSMS Message >>> : SSID(65535), B2(0), B3(0), P(0), S(6), SB(26,903), Length[0]
2023-08-26 18:18:26,584[INFO ]:Received LinkTest Request.
2023-08-26 18:18:26,595[INFO ]:<<< Received HSMS Message <<< : SSID(65535), B2(0), B3(0), P(0), S(5), SB(26,907), Length[0]
2023-08-26 18:18:26,595[INFO ]:Queued HSMS Message : SSID(65535), B2(0), B3(0), P(0), S(6), SB(26,907), Length[0]
2023-08-26 18:18:26,595[INFO ]:Message Stat : Queue[1], Sent[0], Recv[11]
2023-08-26 18:18:26,595[INFO ]:HSMS Connection State Is Changed : 3 -> 1
2023-08-26 18:18:26,601[INFO ]:Received Separate Request.
2023-08-26 18:18:26,601[INFO ]:<<< Received HSMS Message <<< : SSID(65535), B2(0), B3(0), P(0), S(9), SB(26,911), Length[0]
2023-08-26 18:18:26,601[ERROR]:Found disconnection on the reading the receive message.
2023-08-26 18:18:26,601[INFO ]:Finish RunThreadRecv()
2023-08-26 18:18:26,601[INFO ]:Stop Recv Thread.
2023-08-26 18:18:26,601[INFO ]:HSMS Connection State Is Changed : 1 -> 0
2023-08-26 18:18:26,648[INFO ]:Finish Current Connection...
2023-08-26 18:18:26,648[INFO ]:HSMS Close Current Session : Passive Mode
2023-08-26 18:18:26,648[INFO ]:Killing Basic Timer
2023-08-26 18:18:26,648[INFO ]:Killed Basic Timer
2023-08-26 18:18:26,648[INFO ]:HSMS Close Socket : Wait to get sync key.
2023-08-26 18:18:26,648[INFO ]:HSMS Close Socket : success to get sync key.
2023-08-26 18:18:26,648[INFO ]:HSMS Shutdown Socket.
2023-08-26 18:18:26,648[INFO ]:HSMS Close Socket Object.
2023-08-26 18:18:26,648[INFO ]:Complete HSMS CloseSocket
2023-08-26 18:18:26,648[INFO ]:Wait T5 (Connect Separation Timeout) Start.
2023-08-26 18:18:43,802[INFO ]:Wait T5 (Connect Separation Timeout) End.
2023-08-26 18:18:43,802[INFO ]:Listening State Changed : Open
2023-08-26 18:18:43,802[INFO ]:Socket Listener was Started.
2023-08-26 18:18:43,802[INFO ]:Before Clear Queue.
2023-08-26 18:18:43,802[INFO ]:Clear Queue.
2023-08-26 18:18:43,802[INFO ]:Waiting New Connection...
2023-08-26 18:18:45,056[INFO ]:Accept New Connection.
2023-08-26 18:18:45,056[INFO ]:Listening State Changed : Close
2023-08-26 18:18:45,056[INFO ]:Start New Connection.
2023-08-26 18:18:45,056[INFO ]:HSMS Connection State Is Changed : 0 -> 1
2023-08-26 18:18:45,056[INFO ]:Start Basic Timer Due(1000), Period(1000)
2023-08-26 18:18:45,056[INFO ]:Started Basic Timer.
2023-08-26 18:18:45,064[INFO ]:Start Recv Thread.
2023-08-26 18:18:45,064[INFO ]:Start RunThreadRecv()
2023-08-26 18:18:45,064[INFO ]:Queued HSMS Message : SSID(65535), B2(0), B3(0), P(0), S(2), SB(26,915), Length[0]
2023-08-26 18:18:45,064[INFO ]:Message Stat : Queue[1], Sent[0], Recv[1]
2023-08-26 18:18:45,064[INFO ]:HSMS Connection State Is Changed : 1 -> 3
2023-08-26 18:18:45,072[INFO ]:Received Select Request.
2023-08-26 18:18:45,072[INFO ]:<<< Received HSMS Message <<< : SSID(65535), B2(0), B3(0), P(0), S(1), SB(26,915), Length[0]
2023-08-26 18:18:45,072[INFO ]:Send LinkTest Request.
2023-08-26 18:18:45,072[INFO ]:Queued HSMS Message : SSID(65535), B2(0), B3(0), P(0), S(5), SB(10), Length[0]
2023-08-26 18:18:45,072[INFO ]:Message Stat : Queue[2], Sent[0], Recv[1]
2023-08-26 18:18:45,088[INFO ]:Queued HSMS Message : SSID(0), B2(129), B3(13), P(0), S(0), SB(11), Length[23]
2023-08-26 18:18:45,088[INFO ]:Message Stat : Queue[3], Sent[0], Recv[1]
2023-08-26 18:18:45,120[INFO ]:Sent Select Response.
2023-08-26 18:18:45,120[INFO ]:>>> Sent HSMS Message >>> : SSID(65535), B2(0), B3(0), P(0), S(2), SB(26,915), Length[0]
2023-08-26 18:18:45,120[INFO ]:>>> Sent HSMS Message >>> : SSID(65535), B2(0), B3(0), P(0), S(5), SB(10), Length[0]
2023-08-26 18:18:45,120[INFO ]:>>> Sent HSMS Message >>> : SSID(0), B2(129), B3(13), P(0), S(0), SB(11), Length[23]
2023-08-26 18:18:45,120[DEBUG]:>>>> HSMS Data [23] >>>>
    01-02-41-03  44-46-52-41  0E-31-2E-30  2E-38-36-33
    38-2E-33-32  33-37-34
2023-08-26 18:18:46,413[INFO ]:Received LinkTest Response.
2023-08-26 18:18:46,413[INFO ]:<<< Received HSMS Message <<< : SSID(65535), B2(0), B3(0), P(0), S(6), SB(10), Length[0]
2023-08-26 18:18:46,492[INFO ]:<<< Received HSMS Message <<< : SSID(0), B2(1), B3(14), P(0), S(0), SB(11), Length[7]
2023-08-26 18:18:46,492[DEBUG]:<<<< HSMS Data [7] <<<<
    01-02-21-01  00-01-00
2023-08-26 18:19:17,869[INFO ]:Received LinkTest Request.
2023-08-26 18:19:17,869[INFO ]:<<< Received HSMS Message <<< : SSID(65535), B2(0), B3(0), P(0), S(5), SB(26,923), Length[0]
2023-08-26 18:19:17,869[INFO ]:Queued HSMS Message : SSID(65535), B2(0), B3(0), P(0), S(6), SB(26,923), Length[0]
2023-08-26 18:19:17,869[INFO ]:Message Stat : Queue[1], Sent[0], Recv[3]
2023-08-26 18:19:17,931[INFO ]:Sent LinkTest Response.
2023-08-26 18:19:17,931[INFO ]:>>> Sent HSMS Message >>> : SSID(65535), B2(0), B3(0), P(0), S(6), SB(26,923), Length[0]
2023-08-26 18:19:35,665[INFO ]:Send LinkTest Request.
2023-08-26 18:19:35,665[INFO ]:Queued HSMS Message : SSID(65535), B2(0), B3(0), P(0), S(5), SB(12), Length[0]
2023-08-26 18:19:35,665[INFO ]:Message Stat : Queue[1], Sent[0], Recv[2]
2023-08-26 18:19:35,681[INFO ]:>>> Sent HSMS Message >>> : SSID(65535), B2(0), B3(0), P(0), S(5), SB(12), Length[0]
2023-08-26 18:19:35,759[INFO ]:Received LinkTest Response.
2023-08-26 18:19:35,759[INFO ]:<<< Received HSMS Message <<< : SSID(65535), B2(0), B3(0), P(0), S(6), SB(12), Length[0]
2023-08-26 18:20:05,916[INFO ]:Received LinkTest Request.
2023-08-26 18:20:05,916[INFO ]:<<< Received HSMS Message <<< : SSID(65535), B2(0), B3(0), P(0), S(5), SB(26,929), Length[0]
2023-08-26 18:20:05,916[INFO ]:Queued HSMS Message : SSID(65535), B2(0), B3(0), P(0), S(6), SB(26,929), Length[0]
2023-08-26 18:20:05,916[INFO ]:Message Stat : Queue[1], Sent[0], Recv[4]
2023-08-26 18:20:05,947[INFO ]:Sent LinkTest Response.
2023-08-26 18:20:05,947[INFO ]:>>> Sent HSMS Message >>> : SSID(65535), B2(0), B3(0), P(0), S(6), SB(26,929), Length[0]
2023-08-26 18:20:37,382[INFO ]:Received LinkTest Request.
2023-08-26 18:20:37,382[INFO ]:<<< Received HSMS Message <<< : SSID(65535), B2(0), B3(0), P(0), S(5), SB(26,933), Length[0]
2023-08-26 18:20:37,382[INFO ]:Queued HSMS Message : SSID(65535), B2(0), B3(0), P(0), S(6), SB(26,933), Length[0]
2023-08-26 18:20:37,382[INFO ]:Message Stat : Queue[1], Sent[0], Recv[4]
2023-08-26 18:20:37,382[INFO ]:Sent LinkTest Response.
2023-08-26 18:20:37,382[INFO ]:>>> Sent HSMS Message >>> : SSID(65535), B2(0), B3(0), P(0), S(6), SB(26,933), Length[0]
2023-08-26 18:21:08,869[INFO ]:Received LinkTest Request.
2023-08-26 18:21:08,869[INFO ]:<<< Received HSMS Message <<< : SSID(65535), B2(0), B3(0), P(0), S(5), SB(26,937), Length[0]
2023-08-26 18:21:08,869[INFO ]:Queued HSMS Message : SSID(65535), B2(0), B3(0), P(0), S(6), SB(26,937), Length[0]
2023-08-26 18:21:08,869[INFO ]:Message Stat : Queue[1], Sent[0], Recv[4]
2023-08-26 18:21:08,931[INFO ]:Sent LinkTest Response.
2023-08-26 18:21:08,931[INFO ]:>>> Sent HSMS Message >>> : SSID(65535), B2(0), B3(0), P(0), S(6), SB(26,937), Length[0]
2023-08-26 18:21:37,879[INFO ]:Send LinkTest Request.
2023-08-26 18:21:37,879[INFO ]:Queued HSMS Message : SSID(65535), B2(0), B3(0), P(0), S(5), SB(13), Length[0]
2023-08-26 18:21:37,879[INFO ]:Message Stat : Queue[1], Sent[0], Recv[3]
2023-08-26 18:21:37,927[INFO ]:>>> Sent HSMS Message >>> : SSID(65535), B2(0), B3(0), P(0), S(5), SB(13), Length[0]
2023-08-26 18:21:38,038[INFO ]:Received LinkTest Response.
2023-08-26 18:21:38,038[INFO ]:<<< Received HSMS Message <<< : SSID(65535), B2(0), B3(0), P(0), S(6), SB(13), Length[0]
2023-08-26 18:22:08,931[INFO ]:Received LinkTest Request.
2023-08-26 18:22:08,931[INFO ]:<<< Received HSMS Message <<< : SSID(65535), B2(0), B3(0), P(0), S(5), SB(26,943), Length[0]
2023-08-26 18:22:08,931[INFO ]:Queued HSMS Message : SSID(65535), B2(0), B3(0), P(0), S(6), SB(26,943), Length[0]
2023-08-26 18:22:08,931[INFO ]:Message Stat : Queue[1], Sent[0], Recv[5]
2023-08-26 18:22:08,995[INFO ]:Sent LinkTest Response.
2023-08-26 18:22:08,995[INFO ]:>>> Sent HSMS Message >>> : SSID(65535), B2(0), B3(0), P(0), S(6), SB(26,943), Length[0]
2023-08-26 18:22:40,398[INFO ]:Received LinkTest Request.
2023-08-26 18:22:40,398[INFO ]:<<< Received HSMS Message <<< : SSID(65535), B2(0), B3(0), P(0), S(5), SB(26,947), Length[0]
2023-08-26 18:22:40,398[INFO ]:Queued HSMS Message : SSID(65535), B2(0), B3(0), P(0), S(6), SB(26,947), Length[0]
2023-08-26 18:22:40,398[INFO ]:Message Stat : Queue[1], Sent[0], Recv[5]
2023-08-26 18:22:40,461[INFO ]:Sent LinkTest Response.
2023-08-26 18:22:40,461[INFO ]:>>> Sent HSMS Message >>> : SSID(65535), B2(0), B3(0), P(0), S(6), SB(26,947), Length[0]
2023-08-26 18:23:11,884[INFO ]:Received LinkTest Request.
2023-08-26 18:23:11,884[INFO ]:<<< Received HSMS Message <<< : SSID(65535), B2(0), B3(0), P(0), S(5), SB(26,951), Length[0]
2023-08-26 18:23:11,884[INFO ]:Queued HSMS Message : SSID(65535), B2(0), B3(0), P(0), S(6), SB(26,951), Length[0]
2023-08-26 18:23:11,884[INFO ]:Message Stat : Queue[1], Sent[0], Recv[5]
2023-08-26 18:23:11,947[INFO ]:Sent LinkTest Response.
2023-08-26 18:23:11,947[INFO ]:>>> Sent HSMS Message >>> : SSID(65535), B2(0), B3(0), P(0), S(6), SB(26,951), Length[0]
2023-08-26 18:23:39,784[INFO ]:Send LinkTest Request.
2023-08-26 18:23:39,784[INFO ]:Queued HSMS Message : SSID(65535), B2(0), B3(0), P(0), S(5), SB(14), Length[0]
2023-08-26 18:23:39,784[INFO ]:Message Stat : Queue[1], Sent[0], Recv[4]
2023-08-26 18:23:39,800[INFO ]:>>> Sent HSMS Message >>> : SSID(65535), B2(0), B3(0), P(0), S(5), SB(14), Length[0]
2023-08-26 18:23:39,847[INFO ]:Received LinkTest Response.
2023-08-26 18:23:39,847[INFO ]:<<< Received HSMS Message <<< : SSID(65535), B2(0), B3(0), P(0), S(6), SB(14), Length[0]
2023-08-26 18:24:11,900[INFO ]:Received LinkTest Request.
2023-08-26 18:24:11,900[INFO ]:<<< Received HSMS Message <<< : SSID(65535), B2(0), B3(0), P(0), S(5), SB(26,957), Length[0]
2023-08-26 18:24:11,900[INFO ]:Queued HSMS Message : SSID(65535), B2(0), B3(0), P(0), S(6), SB(26,957), Length[0]
2023-08-26 18:24:11,900[INFO ]:Message Stat : Queue[1], Sent[0], Recv[6]
2023-08-26 18:24:11,931[INFO ]:Sent LinkTest Response.
2023-08-26 18:24:11,931[INFO ]:>>> Sent HSMS Message >>> : SSID(65535), B2(0), B3(0), P(0), S(6), SB(26,957), Length[0]
2023-08-26 18:24:43,379[INFO ]:Received LinkTest Request.
2023-08-26 18:24:43,379[INFO ]:<<< Received HSMS Message <<< : SSID(65535), B2(0), B3(0), P(0), S(5), SB(26,961), Length[0]
2023-08-26 18:24:43,379[INFO ]:Queued HSMS Message : SSID(65535), B2(0), B3(0), P(0), S(6), SB(26,961), Length[0]
2023-08-26 18:24:43,379[INFO ]:Message Stat : Queue[1], Sent[0], Recv[6]
2023-08-26 18:24:43,411[INFO ]:Sent LinkTest Response.
2023-08-26 18:24:43,411[INFO ]:>>> Sent HSMS Message >>> : SSID(65535), B2(0), B3(0), P(0), S(6), SB(26,961), Length[0]
2023-08-26 18:25:14,864[INFO ]:Received LinkTest Request.
2023-08-26 18:25:14,864[INFO ]:<<< Received HSMS Message <<< : SSID(65535), B2(0), B3(0), P(0), S(5), SB(26,965), Length[0]
2023-08-26 18:25:14,864[INFO ]:Queued HSMS Message : SSID(65535), B2(0), B3(0), P(0), S(6), SB(26,965), Length[0]
2023-08-26 18:25:14,864[INFO ]:Message Stat : Queue[1], Sent[0], Recv[6]
2023-08-26 18:25:14,896[INFO ]:Sent LinkTest Response.
2023-08-26 18:25:14,896[INFO ]:>>> Sent HSMS Message >>> : SSID(65535), B2(0), B3(0), P(0), S(6), SB(26,965), Length[0]
2023-08-26 18:25:41,754[INFO ]:Send LinkTest Request.
2023-08-26 18:25:41,754[INFO ]:Queued HSMS Message : SSID(65535), B2(0), B3(0), P(0), S(5), SB(15), Length[0]
2023-08-26 18:25:41,754[INFO ]:Message Stat : Queue[1], Sent[0], Recv[5]
2023-08-26 18:25:41,770[INFO ]:>>> Sent HSMS Message >>> : SSID(65535), B2(0), B3(0), P(0), S(5), SB(15), Length[0]
2023-08-26 18:25:41,848[INFO ]:Received LinkTest Response.
2023-08-26 18:25:41,848[INFO ]:<<< Received HSMS Message <<< : SSID(65535), B2(0), B3(0), P(0), S(6), SB(15), Length[0]
2023-08-26 18:26:13,416[INFO ]:Received LinkTest Request.
2023-08-26 18:26:13,416[INFO ]:<<< Received HSMS Message <<< : SSID(65535), B2(0), B3(0), P(0), S(5), SB(26,971), Length[0]
2023-08-26 18:26:13,416[INFO ]:Queued HSMS Message : SSID(65535), B2(0), B3(0), P(0), S(6), SB(26,971), Length[0]
2023-08-26 18:26:13,416[INFO ]:Message Stat : Queue[1], Sent[0], Recv[7]
2023-08-26 18:26:13,447[INFO ]:Sent LinkTest Response.
2023-08-26 18:26:13,447[INFO ]:>>> Sent HSMS Message >>> : SSID(65535), B2(0), B3(0), P(0), S(6), SB(26,971), Length[0]
2023-08-26 18:26:44,900[INFO ]:Received LinkTest Request.
2023-08-26 18:26:44,900[INFO ]:<<< Received HSMS Message <<< : SSID(65535), B2(0), B3(0), P(0), S(5), SB(26,975), Length[0]
2023-08-26 18:26:44,900[INFO ]:Queued HSMS Message : SSID(65535), B2(0), B3(0), P(0), S(6), SB(26,975), Length[0]
2023-08-26 18:26:44,900[INFO ]:Message Stat : Queue[1], Sent[0], Recv[7]
2023-08-26 18:26:44,931[INFO ]:Sent LinkTest Response.
2023-08-26 18:26:44,931[INFO ]:>>> Sent HSMS Message >>> : SSID(65535), B2(0), B3(0), P(0), S(6), SB(26,975), Length[0]
2023-08-26 18:27:16,385[INFO ]:Received LinkTest Request.
2023-08-26 18:27:16,385[INFO ]:<<< Received HSMS Message <<< : SSID(65535), B2(0), B3(0), P(0), S(5), SB(26,979), Length[0]
2023-08-26 18:27:16,385[INFO ]:Queued HSMS Message : SSID(65535), B2(0), B3(0), P(0), S(6), SB(26,979), Length[0]
2023-08-26 18:27:16,385[INFO ]:Message Stat : Queue[1], Sent[0], Recv[7]
2023-08-26 18:27:16,416[INFO ]:Sent LinkTest Response.
2023-08-26 18:27:16,416[INFO ]:>>> Sent HSMS Message >>> : SSID(65535), B2(0), B3(0), P(0), S(6), SB(26,979), Length[0]
2023-08-26 18:27:43,701[INFO ]:Send LinkTest Request.
2023-08-26 18:27:43,701[INFO ]:Queued HSMS Message : SSID(65535), B2(0), B3(0), P(0), S(5), SB(16), Length[0]
2023-08-26 18:27:43,701[INFO ]:Message Stat : Queue[1], Sent[0], Recv[6]
2023-08-26 18:27:43,717[INFO ]:>>> Sent HSMS Message >>> : SSID(65535), B2(0), B3(0), P(0), S(5), SB(16), Length[0]
2023-08-26 18:27:43,826[INFO ]:Received LinkTest Response.
2023-08-26 18:27:43,826[INFO ]:<<< Received HSMS Message <<< : SSID(65535), B2(0), B3(0), P(0), S(6), SB(16), Length[0]
2023-08-26 18:28:14,929[INFO ]:Received LinkTest Request.
2023-08-26 18:28:14,929[INFO ]:<<< Received HSMS Message <<< : SSID(65535), B2(0), B3(0), P(0), S(5), SB(26,985), Length[0]
2023-08-26 18:28:14,929[INFO ]:Queued HSMS Message : SSID(65535), B2(0), B3(0), P(0), S(6), SB(26,985), Length[0]
2023-08-26 18:28:14,929[INFO ]:Message Stat : Queue[1], Sent[0], Recv[8]
2023-08-26 18:28:14,961[INFO ]:Sent LinkTest Response.
2023-08-26 18:28:14,961[INFO ]:>>> Sent HSMS Message >>> : SSID(65535), B2(0), B3(0), P(0), S(6), SB(26,985), Length[0]
2023-08-26 18:28:46,400[INFO ]:Received LinkTest Request.
2023-08-26 18:28:46,400[INFO ]:<<< Received HSMS Message <<< : SSID(65535), B2(0), B3(0), P(0), S(5), SB(26,989), Length[0]
2023-08-26 18:28:46,400[INFO ]:Queued HSMS Message : SSID(65535), B2(0), B3(0), P(0), S(6), SB(26,989), Length[0]
2023-08-26 18:28:46,400[INFO ]:Message Stat : Queue[1], Sent[0], Recv[8]
2023-08-26 18:28:46,463[INFO ]:Sent LinkTest Response.
2023-08-26 18:28:46,463[INFO ]:>>> Sent HSMS Message >>> : SSID(65535), B2(0), B3(0), P(0), S(6), SB(26,989), Length[0]
2023-08-26 18:29:45,695[INFO ]:Send LinkTest Request.
2023-08-26 18:29:45,695[INFO ]:Queued HSMS Message : SSID(65535), B2(0), B3(0), P(0), S(5), SB(17), Length[0]
2023-08-26 18:29:45,695[INFO ]:Message Stat : Queue[1], Sent[0], Recv[7]
2023-08-26 18:29:45,710[INFO ]:>>> Sent HSMS Message >>> : SSID(65535), B2(0), B3(0), P(0), S(5), SB(17), Length[0]
2023-08-26 18:29:50,736[WARN ]:HSMS Control Timeout.
2023-08-26 18:29:50,736[WARN ]:Sent Message Information : SSID(65535), B2(0), B3(0), P(0), S(5), SB(17), Length[0]
2023-08-26 18:29:50,736[DEBUG]:Occured HSMS Timeout : type6, time-sec5.041111
2023-08-26 18:29:50,736[INFO ]:Queued HSMS Message : SSID(0), B2(9), B3(9), P(0), S(0), SB(18), Length[12]
2023-08-26 18:29:50,736[INFO ]:Message Stat : Queue[1], Sent[1], Recv[7]
2023-08-26 18:29:50,783[INFO ]:>>> Sent HSMS Message >>> : SSID(0), B2(9), B3(9), P(0), S(0), SB(18), Length[12]
2023-08-26 18:29:50,783[DEBUG]:>>>> HSMS Data [12] >>>>
    21-0A-FF-FF  00-00-00-05  00-00-00-11
2023-08-26 18:29:55,753[ERROR]:HSMS Link-Test Timeout. Disconnect HSMS Connection.
2023-08-26 18:29:55,769[INFO ]:Finish RunThreadRecv()
2023-08-26 18:29:55,769[INFO ]:Stop Recv Thread.
2023-08-26 18:29:55,769[INFO ]:HSMS Connection State Is Changed : 3 -> 0
2023-08-26 18:30:15,004[INFO ]:Finish Current Connection...
2023-08-26 18:30:15,004[INFO ]:HSMS Close Current Session : Passive Mode
2023-08-26 18:30:15,004[INFO ]:Killing Basic Timer
2023-08-26 18:30:15,004[INFO ]:Killed Basic Timer
2023-08-26 18:30:15,004[INFO ]:HSMS Close Socket : Wait to get sync key.
2023-08-26 18:30:15,004[INFO ]:HSMS Close Socket : success to get sync key.
2023-08-26 18:30:15,004[INFO ]:HSMS Shutdown Socket.
2023-08-26 18:30:15,004[INFO ]:HSMS Close Socket Object.
2023-08-26 18:30:15,004[INFO ]:Complete HSMS CloseSocket
2023-08-26 18:30:15,004[INFO ]:Wait T5 (Connect Separation Timeout) Start.
2023-08-26 18:32:45,400[INFO ]:Before Clear Queue.
2023-08-26 18:32:45,400[INFO ]:Clear Queue.
2023-08-26 18:32:45,400[INFO ]:Reset System Bytes to Zero(0).
2023-08-26 18:32:45,400[INFO ]:Connection Mode : Passive
2023-08-26 18:32:45,415[INFO ]:Thread State Changed : Working
2023-08-26 18:32:45,415[INFO ]:Start RunThreadPassive()
2023-08-26 18:32:45,415[INFO ]:Listening State Changed : Open
2023-08-26 18:32:45,415[INFO ]:Socket Listener was Started.
2023-08-26 18:32:45,415[INFO ]:Before Clear Queue.
2023-08-26 18:32:45,415[INFO ]:Clear Queue.
2023-08-26 18:32:45,415[INFO ]:Waiting New Connection...
2023-08-26 18:32:54,105[INFO ]:Accept New Connection.
2023-08-26 18:32:54,105[INFO ]:Listening State Changed : Close
2023-08-26 18:32:54,105[INFO ]:Start New Connection.
2023-08-26 18:32:54,105[INFO ]:HSMS Connection State Is Changed : 0 -> 1
2023-08-26 18:32:54,121[INFO ]:Start Basic Timer Due(1000), Period(1000)
2023-08-26 18:32:54,121[INFO ]:Started Basic Timer.
2023-08-26 18:32:54,121[INFO ]:Start Recv Thread.
2023-08-26 18:32:54,121[INFO ]:Start RunThreadRecv()
2023-08-26 18:32:54,121[INFO ]:Queued HSMS Message : SSID(65535), B2(0), B3(0), P(0), S(2), SB(26,997), Length[0]
2023-08-26 18:32:54,121[INFO ]:Message Stat : Queue[1], Sent[0], Recv[1]
2023-08-26 18:32:54,121[INFO ]:HSMS Connection State Is Changed : 1 -> 3
2023-08-26 18:32:54,136[INFO ]:Received Select Request.
2023-08-26 18:32:54,136[INFO ]:<<< Received HSMS Message <<< : SSID(65535), B2(0), B3(0), P(0), S(1), SB(26,997), Length[0]
2023-08-26 18:32:54,136[INFO ]:Send LinkTest Request.
2023-08-26 18:32:54,136[INFO ]:Queued HSMS Message : SSID(65535), B2(0), B3(0), P(0), S(5), SB(0), Length[0]
2023-08-26 18:32:54,136[INFO ]:Message Stat : Queue[2], Sent[0], Recv[1]
2023-08-26 18:32:54,184[INFO ]:Sent Select Response.
2023-08-26 18:32:54,184[INFO ]:>>> Sent HSMS Message >>> : SSID(65535), B2(0), B3(0), P(0), S(2), SB(26,997), Length[0]
2023-08-26 18:32:54,184[INFO ]:>>> Sent HSMS Message >>> : SSID(65535), B2(0), B3(0), P(0), S(5), SB(0), Length[0]
2023-08-26 18:32:54,280[INFO ]:Queued HSMS Message : SSID(0), B2(129), B3(13), P(0), S(0), SB(1), Length[23]
2023-08-26 18:32:54,280[INFO ]:Message Stat : Queue[1], Sent[1], Recv[0]
2023-08-26 18:32:54,311[INFO ]:>>> Sent HSMS Message >>> : SSID(0), B2(129), B3(13), P(0), S(0), SB(1), Length[23]
2023-08-26 18:32:54,311[DEBUG]:>>>> HSMS Data [23] >>>>
    01-02-41-03  44-46-52-41  0E-31-2E-30  2E-38-36-33
    38-2E-33-33  33-38-31
2023-08-26 18:32:54,375[INFO ]:Received LinkTest Response.
2023-08-26 18:32:54,375[INFO ]:<<< Received HSMS Message <<< : SSID(65535), B2(0), B3(0), P(0), S(6), SB(0), Length[0]
2023-08-26 18:32:54,375[INFO ]:<<< Received HSMS Message <<< : SSID(0), B2(1), B3(14), P(0), S(0), SB(1), Length[7]
2023-08-26 18:32:54,375[DEBUG]:<<<< HSMS Data [7] <<<<
    01-02-21-01  00-01-00
2023-08-26 18:33:25,447[INFO ]:Received LinkTest Request.
2023-08-26 18:33:25,447[INFO ]:<<< Received HSMS Message <<< : SSID(65535), B2(0), B3(0), P(0), S(5), SB(27,005), Length[0]
2023-08-26 18:33:25,447[INFO ]:Queued HSMS Message : SSID(65535), B2(0), B3(0), P(0), S(6), SB(27,005), Length[0]
2023-08-26 18:33:25,447[INFO ]:Message Stat : Queue[1], Sent[0], Recv[3]
2023-08-26 18:33:25,463[INFO ]:Sent LinkTest Response.
2023-08-26 18:33:25,463[INFO ]:>>> Sent HSMS Message >>> : SSID(65535), B2(0), B3(0), P(0), S(6), SB(27,005), Length[0]
2023-08-26 18:33:56,932[INFO ]:Received LinkTest Request.
2023-08-26 18:33:56,932[INFO ]:<<< Received HSMS Message <<< : SSID(65535), B2(0), B3(0), P(0), S(5), SB(27,009), Length[0]
2023-08-26 18:33:56,932[INFO ]:Queued HSMS Message : SSID(65535), B2(0), B3(0), P(0), S(6), SB(27,009), Length[0]
2023-08-26 18:33:56,932[INFO ]:Message Stat : Queue[1], Sent[0], Recv[3]
2023-08-26 18:33:56,947[INFO ]:Sent LinkTest Response.
2023-08-26 18:33:56,947[INFO ]:>>> Sent HSMS Message >>> : SSID(65535), B2(0), B3(0), P(0), S(6), SB(27,009), Length[0]
2023-08-26 18:34:28,401[INFO ]:Received LinkTest Request.
2023-08-26 18:34:28,401[INFO ]:<<< Received HSMS Message <<< : SSID(65535), B2(0), B3(0), P(0), S(5), SB(27,013), Length[0]
2023-08-26 18:34:28,401[INFO ]:Queued HSMS Message : SSID(65535), B2(0), B3(0), P(0), S(6), SB(27,013), Length[0]
2023-08-26 18:34:28,401[INFO ]:Message Stat : Queue[1], Sent[0], Recv[3]
2023-08-26 18:34:28,417[INFO ]:Sent LinkTest Response.
2023-08-26 18:34:28,417[INFO ]:>>> Sent HSMS Message >>> : SSID(65535), B2(0), B3(0), P(0), S(6), SB(27,013), Length[0]
2023-08-26 18:34:55,120[INFO ]:Send LinkTest Request.
2023-08-26 18:34:55,120[INFO ]:Queued HSMS Message : SSID(65535), B2(0), B3(0), P(0), S(5), SB(2), Length[0]
2023-08-26 18:34:55,120[INFO ]:Message Stat : Queue[1], Sent[0], Recv[2]
2023-08-26 18:34:55,135[INFO ]:>>> Sent HSMS Message >>> : SSID(65535), B2(0), B3(0), P(0), S(5), SB(2), Length[0]
2023-08-26 18:34:55,182[INFO ]:Received LinkTest Response.
2023-08-26 18:34:55,182[INFO ]:<<< Received HSMS Message <<< : SSID(65535), B2(0), B3(0), P(0), S(6), SB(2), Length[0]
2023-08-26 18:35:26,889[INFO ]:Received LinkTest Request.
2023-08-26 18:35:26,889[INFO ]:<<< Received HSMS Message <<< : SSID(65535), B2(0), B3(0), P(0), S(5), SB(27,019), Length[0]
2023-08-26 18:35:26,889[INFO ]:Queued HSMS Message : SSID(65535), B2(0), B3(0), P(0), S(6), SB(27,019), Length[0]
2023-08-26 18:35:26,889[INFO ]:Message Stat : Queue[1], Sent[0], Recv[4]
2023-08-26 18:35:26,921[INFO ]:Sent LinkTest Response.
2023-08-26 18:35:26,921[INFO ]:>>> Sent HSMS Message >>> : SSID(65535), B2(0), B3(0), P(0), S(6), SB(27,019), Length[0]
2023-08-26 18:35:58,379[INFO ]:Received LinkTest Request.
2023-08-26 18:35:58,379[INFO ]:<<< Received HSMS Message <<< : SSID(65535), B2(0), B3(0), P(0), S(5), SB(27,023), Length[0]
2023-08-26 18:35:58,379[INFO ]:Queued HSMS Message : SSID(65535), B2(0), B3(0), P(0), S(6), SB(27,023), Length[0]
2023-08-26 18:35:58,379[INFO ]:Message Stat : Queue[1], Sent[0], Recv[4]
2023-08-26 18:35:58,410[INFO ]:Sent LinkTest Response.
2023-08-26 18:35:58,410[INFO ]:>>> Sent HSMS Message >>> : SSID(65535), B2(0), B3(0), P(0), S(6), SB(27,023), Length[0]
2023-08-26 18:36:29,900[INFO ]:Received LinkTest Request.
2023-08-26 18:36:29,900[INFO ]:<<< Received HSMS Message <<< : SSID(65535), B2(0), B3(0), P(0), S(5), SB(27,027), Length[0]
2023-08-26 18:36:29,900[INFO ]:Queued HSMS Message : SSID(65535), B2(0), B3(0), P(0), S(6), SB(27,027), Length[0]
2023-08-26 18:36:29,900[INFO ]:Message Stat : Queue[1], Sent[0], Recv[4]
2023-08-26 18:36:29,916[INFO ]:Sent LinkTest Response.
2023-08-26 18:36:29,916[INFO ]:>>> Sent HSMS Message >>> : SSID(65535), B2(0), B3(0), P(0), S(6), SB(27,027), Length[0]
2023-08-26 18:36:57,005[INFO ]:Send LinkTest Request.
2023-08-26 18:36:57,005[INFO ]:Queued HSMS Message : SSID(65535), B2(0), B3(0), P(0), S(5), SB(3), Length[0]
2023-08-26 18:36:57,005[INFO ]:Message Stat : Queue[1], Sent[0], Recv[3]
2023-08-26 18:36:57,036[INFO ]:>>> Sent HSMS Message >>> : SSID(65535), B2(0), B3(0), P(0), S(5), SB(3), Length[0]
2023-08-26 18:36:57,116[INFO ]:Received LinkTest Response.
2023-08-26 18:36:57,116[INFO ]:<<< Received HSMS Message <<< : SSID(65535), B2(0), B3(0), P(0), S(6), SB(3), Length[0]
2023-08-26 18:37:29,030[INFO ]:Received LinkTest Request.
2023-08-26 18:37:29,030[INFO ]:<<< Received HSMS Message <<< : SSID(65535), B2(0), B3(0), P(0), S(5), SB(27,033), Length[0]
2023-08-26 18:37:29,030[INFO ]:Queued HSMS Message : SSID(65535), B2(0), B3(0), P(0), S(6), SB(27,033), Length[0]
2023-08-26 18:37:29,030[INFO ]:Message Stat : Queue[1], Sent[0], Recv[5]
2023-08-26 18:37:29,046[INFO ]:Sent LinkTest Response.
2023-08-26 18:37:29,046[INFO ]:>>> Sent HSMS Message >>> : SSID(65535), B2(0), B3(0), P(0), S(6), SB(27,033), Length[0]
2023-08-26 18:38:58,965[INFO ]:Send LinkTest Request.
2023-08-26 18:38:58,965[INFO ]:Queued HSMS Message : SSID(65535), B2(0), B3(0), P(0), S(5), SB(4), Length[0]
2023-08-26 18:38:58,965[INFO ]:Message Stat : Queue[1], Sent[0], Recv[4]
2023-08-26 18:38:58,981[INFO ]:>>> Sent HSMS Message >>> : SSID(65535), B2(0), B3(0), P(0), S(5), SB(4), Length[0]
2023-08-26 18:39:04,043[WARN ]:HSMS Control Timeout.
2023-08-26 18:39:04,043[WARN ]:Sent Message Information : SSID(65535), B2(0), B3(0), P(0), S(5), SB(4), Length[0]
2023-08-26 18:39:04,043[DEBUG]:Occured HSMS Timeout : type6, time-sec5.0779905
2023-08-26 18:39:04,043[INFO ]:Queued HSMS Message : SSID(0), B2(9), B3(9), P(0), S(0), SB(5), Length[12]
2023-08-26 18:39:04,043[INFO ]:Message Stat : Queue[1], Sent[1], Recv[4]
2023-08-26 18:39:04,106[INFO ]:>>> Sent HSMS Message >>> : SSID(0), B2(9), B3(9), P(0), S(0), SB(5), Length[12]
2023-08-26 18:39:04,106[DEBUG]:>>>> HSMS Data [12] >>>>
    21-0A-FF-FF  00-00-00-05  00-00-00-04
2023-08-26 18:39:09,120[ERROR]:HSMS Link-Test Timeout. Disconnect HSMS Connection.
2023-08-26 18:39:09,151[INFO ]:Finish Current Connection...
2023-08-26 18:39:09,151[INFO ]:HSMS Close Current Session : Passive Mode
2023-08-26 18:39:09,182[INFO ]:Finish RunThreadRecv()
2023-08-26 18:39:09,182[INFO ]:Stop Recv Thread.
2023-08-26 18:39:09,182[INFO ]:HSMS Connection State Is Changed : 3 -> 0
2023-08-26 18:39:28,403[INFO ]:Killing Basic Timer
2023-08-26 18:39:28,403[INFO ]:Killed Basic Timer
2023-08-26 18:39:28,403[INFO ]:HSMS Close Socket : Wait to get sync key.
2023-08-26 18:39:28,403[INFO ]:HSMS Close Socket : success to get sync key.
2023-08-26 18:39:28,403[INFO ]:HSMS Shutdown Socket.
2023-08-26 18:39:28,403[INFO ]:HSMS Close Socket Object.
2023-08-26 18:39:28,403[INFO ]:Complete HSMS CloseSocket
2023-08-26 18:39:28,403[INFO ]:Wait T5 (Connect Separation Timeout) Start.
2023-08-26 18:45:00,931[INFO ]:Before Clear Queue.
2023-08-26 18:45:00,947[INFO ]:Clear Queue.
2023-08-26 18:45:00,947[INFO ]:Reset System Bytes to Zero(0).
2023-08-26 18:45:00,947[INFO ]:Connection Mode : Passive
2023-08-26 18:45:00,947[INFO ]:Thread State Changed : Working
2023-08-26 18:45:00,947[INFO ]:Start RunThreadPassive()
2023-08-26 18:45:00,947[INFO ]:Listening State Changed : Open
2023-08-26 18:45:00,947[INFO ]:Socket Listener was Started.
2023-08-26 18:45:00,947[INFO ]:Before Clear Queue.
2023-08-26 18:45:00,947[INFO ]:Clear Queue.
2023-08-26 18:45:00,947[INFO ]:Waiting New Connection...
2023-08-26 18:45:01,103[INFO ]:Accept New Connection.
2023-08-26 18:45:01,103[INFO ]:Listening State Changed : Close
2023-08-26 18:45:01,103[INFO ]:Start New Connection.
2023-08-26 18:45:01,103[INFO ]:HSMS Connection State Is Changed : 0 -> 1
2023-08-26 18:45:01,119[INFO ]:Start Basic Timer Due(1000), Period(1000)
2023-08-26 18:45:01,119[INFO ]:Started Basic Timer.
2023-08-26 18:45:01,119[INFO ]:Start Recv Thread.
2023-08-26 18:45:01,119[INFO ]:Start RunThreadRecv()
2023-08-26 18:45:01,119[INFO ]:Queued HSMS Message : SSID(65535), B2(0), B3(0), P(0), S(2), SB(27,041), Length[0]
2023-08-26 18:45:01,119[INFO ]:Message Stat : Queue[1], Sent[0], Recv[1]
2023-08-26 18:45:01,119[INFO ]:HSMS Connection State Is Changed : 1 -> 3
2023-08-26 18:45:01,134[INFO ]:Received Select Request.
2023-08-26 18:45:01,134[INFO ]:<<< Received HSMS Message <<< : SSID(65535), B2(0), B3(0), P(0), S(1), SB(27,041), Length[0]
2023-08-26 18:45:01,134[INFO ]:Send LinkTest Request.
2023-08-26 18:45:01,134[INFO ]:Queued HSMS Message : SSID(65535), B2(0), B3(0), P(0), S(5), SB(0), Length[0]
2023-08-26 18:45:01,134[INFO ]:Message Stat : Queue[2], Sent[0], Recv[1]
2023-08-26 18:45:01,181[INFO ]:Sent Select Response.
2023-08-26 18:45:01,181[INFO ]:>>> Sent HSMS Message >>> : SSID(65535), B2(0), B3(0), P(0), S(2), SB(27,041), Length[0]
2023-08-26 18:45:01,181[INFO ]:>>> Sent HSMS Message >>> : SSID(65535), B2(0), B3(0), P(0), S(5), SB(0), Length[0]
2023-08-26 18:45:01,277[INFO ]:Queued HSMS Message : SSID(0), B2(129), B3(13), P(0), S(0), SB(1), Length[23]
2023-08-26 18:45:01,277[INFO ]:Message Stat : Queue[1], Sent[1], Recv[0]
2023-08-26 18:45:01,308[INFO ]:>>> Sent HSMS Message >>> : SSID(0), B2(129), B3(13), P(0), S(0), SB(1), Length[23]
2023-08-26 18:45:01,308[DEBUG]:>>>> HSMS Data [23] >>>>
    01-02-41-03  44-46-52-41  0E-31-2E-30  2E-38-36-33
    38-2E-33-33  33-38-31
2023-08-26 18:45:01,372[INFO ]:Received LinkTest Response.
2023-08-26 18:45:01,372[INFO ]:<<< Received HSMS Message <<< : SSID(65535), B2(0), B3(0), P(0), S(6), SB(0), Length[0]
2023-08-26 18:45:01,372[INFO ]:<<< Received HSMS Message <<< : SSID(0), B2(1), B3(14), P(0), S(0), SB(1), Length[7]
2023-08-26 18:45:01,372[DEBUG]:<<<< HSMS Data [7] <<<<
    01-02-21-01  00-01-00
2023-08-26 18:45:33,266[INFO ]:Received LinkTest Request.
2023-08-26 18:45:33,266[INFO ]:<<< Received HSMS Message <<< : SSID(65535), B2(0), B3(0), P(0), S(5), SB(27,049), Length[0]
2023-08-26 18:45:33,266[INFO ]:Queued HSMS Message : SSID(65535), B2(0), B3(0), P(0), S(6), SB(27,049), Length[0]
2023-08-26 18:45:33,266[INFO ]:Message Stat : Queue[1], Sent[0], Recv[3]
2023-08-26 18:45:33,313[INFO ]:Sent LinkTest Response.
2023-08-26 18:45:33,313[INFO ]:>>> Sent HSMS Message >>> : SSID(65535), B2(0), B3(0), P(0), S(6), SB(27,049), Length[0]
2023-08-26 18:46:04,731[INFO ]:Received LinkTest Request.
2023-08-26 18:46:04,731[INFO ]:<<< Received HSMS Message <<< : SSID(65535), B2(0), B3(0), P(0), S(5), SB(27,053), Length[0]
2023-08-26 18:46:04,731[INFO ]:Queued HSMS Message : SSID(65535), B2(0), B3(0), P(0), S(6), SB(27,053), Length[0]
2023-08-26 18:46:04,731[INFO ]:Message Stat : Queue[1], Sent[0], Recv[3]
2023-08-26 18:46:04,778[INFO ]:Sent LinkTest Response.
2023-08-26 18:46:04,778[INFO ]:>>> Sent HSMS Message >>> : SSID(65535), B2(0), B3(0), P(0), S(6), SB(27,053), Length[0]
2023-08-26 18:46:36,235[INFO ]:Received LinkTest Request.
2023-08-26 18:46:36,235[INFO ]:<<< Received HSMS Message <<< : SSID(65535), B2(0), B3(0), P(0), S(5), SB(27,057), Length[0]
2023-08-26 18:46:36,235[INFO ]:Queued HSMS Message : SSID(65535), B2(0), B3(0), P(0), S(6), SB(27,057), Length[0]
2023-08-26 18:46:36,235[INFO ]:Message Stat : Queue[1], Sent[0], Recv[3]
2023-08-26 18:46:36,283[INFO ]:Sent LinkTest Response.
2023-08-26 18:46:36,283[INFO ]:>>> Sent HSMS Message >>> : SSID(65535), B2(0), B3(0), P(0), S(6), SB(27,057), Length[0]
2023-08-26 18:47:02,093[INFO ]:Send LinkTest Request.
2023-08-26 18:47:02,093[INFO ]:Queued HSMS Message : SSID(65535), B2(0), B3(0), P(0), S(5), SB(2), Length[0]
2023-08-26 18:47:02,093[INFO ]:Message Stat : Queue[1], Sent[0], Recv[2]
2023-08-26 18:47:02,109[INFO ]:>>> Sent HSMS Message >>> : SSID(65535), B2(0), B3(0), P(0), S(5), SB(2), Length[0]
2023-08-26 18:47:02,218[INFO ]:Received LinkTest Response.
2023-08-26 18:47:02,218[INFO ]:<<< Received HSMS Message <<< : SSID(65535), B2(0), B3(0), P(0), S(6), SB(2), Length[0]
2023-08-26 18:47:33,212[INFO ]:Received LinkTest Request.
2023-08-26 18:47:33,212[INFO ]:<<< Received HSMS Message <<< : SSID(65535), B2(0), B3(0), P(0), S(5), SB(27,063), Length[0]
2023-08-26 18:47:33,212[INFO ]:Queued HSMS Message : SSID(65535), B2(0), B3(0), P(0), S(6), SB(27,063), Length[0]
2023-08-26 18:47:33,212[INFO ]:Message Stat : Queue[1], Sent[0], Recv[4]
2023-08-26 18:47:33,257[INFO ]:Sent LinkTest Response.
2023-08-26 18:47:33,257[INFO ]:>>> Sent HSMS Message >>> : SSID(65535), B2(0), B3(0), P(0), S(6), SB(27,063), Length[0]
2023-08-26 18:48:04,726[INFO ]:Received LinkTest Request.
2023-08-26 18:48:04,726[INFO ]:<<< Received HSMS Message <<< : SSID(65535), B2(0), B3(0), P(0), S(5), SB(27,067), Length[0]
2023-08-26 18:48:04,726[INFO ]:Queued HSMS Message : SSID(65535), B2(0), B3(0), P(0), S(6), SB(27,067), Length[0]
2023-08-26 18:48:04,726[INFO ]:Message Stat : Queue[1], Sent[0], Recv[4]
2023-08-26 18:48:04,773[INFO ]:Sent LinkTest Response.
2023-08-26 18:48:04,773[INFO ]:>>> Sent HSMS Message >>> : SSID(65535), B2(0), B3(0), P(0), S(6), SB(27,067), Length[0]
2023-08-26 18:48:36,219[INFO ]:Received LinkTest Request.
2023-08-26 18:48:36,219[INFO ]:<<< Received HSMS Message <<< : SSID(65535), B2(0), B3(0), P(0), S(5), SB(27,071), Length[0]
2023-08-26 18:48:36,219[INFO ]:Queued HSMS Message : SSID(65535), B2(0), B3(0), P(0), S(6), SB(27,071), Length[0]
2023-08-26 18:48:36,219[INFO ]:Message Stat : Queue[1], Sent[0], Recv[4]
2023-08-26 18:48:36,266[INFO ]:Sent LinkTest Response.
2023-08-26 18:48:36,266[INFO ]:>>> Sent HSMS Message >>> : SSID(65535), B2(0), B3(0), P(0), S(6), SB(27,071), Length[0]
2023-08-26 18:49:04,059[INFO ]:Send LinkTest Request.
2023-08-26 18:49:04,059[INFO ]:Queued HSMS Message : SSID(65535), B2(0), B3(0), P(0), S(5), SB(3), Length[0]
2023-08-26 18:49:04,059[INFO ]:Message Stat : Queue[1], Sent[0], Recv[3]
2023-08-26 18:49:04,091[INFO ]:>>> Sent HSMS Message >>> : SSID(65535), B2(0), B3(0), P(0), S(5), SB(3), Length[0]
2023-08-26 18:49:04,138[INFO ]:Received LinkTest Response.
2023-08-26 18:49:04,138[INFO ]:<<< Received HSMS Message <<< : SSID(65535), B2(0), B3(0), P(0), S(6), SB(3), Length[0]
2023-08-26 18:49:36,270[INFO ]:Received LinkTest Request.
2023-08-26 18:49:36,270[INFO ]:<<< Received HSMS Message <<< : SSID(65535), B2(0), B3(0), P(0), S(5), SB(27,077), Length[0]
2023-08-26 18:49:36,270[INFO ]:Queued HSMS Message : SSID(65535), B2(0), B3(0), P(0), S(6), SB(27,077), Length[0]
2023-08-26 18:49:36,270[INFO ]:Message Stat : Queue[1], Sent[0], Recv[5]
2023-08-26 18:49:36,333[INFO ]:Sent LinkTest Response.
2023-08-26 18:49:36,333[INFO ]:>>> Sent HSMS Message >>> : SSID(65535), B2(0), B3(0), P(0), S(6), SB(27,077), Length[0]
2023-08-26 18:50:07,712[INFO ]:Received LinkTest Request.
2023-08-26 18:50:07,712[INFO ]:<<< Received HSMS Message <<< : SSID(65535), B2(0), B3(0), P(0), S(5), SB(27,081), Length[0]
2023-08-26 18:50:07,712[INFO ]:Queued HSMS Message : SSID(65535), B2(0), B3(0), P(0), S(6), SB(27,081), Length[0]
2023-08-26 18:50:07,712[INFO ]:Message Stat : Queue[1], Sent[0], Recv[5]
2023-08-26 18:50:07,728[INFO ]:Sent LinkTest Response.
2023-08-26 18:50:07,728[INFO ]:>>> Sent HSMS Message >>> : SSID(65535), B2(0), B3(0), P(0), S(6), SB(27,081), Length[0]
2023-08-26 18:50:39,209[INFO ]:Received LinkTest Request.
2023-08-26 18:50:39,209[INFO ]:<<< Received HSMS Message <<< : SSID(65535), B2(0), B3(0), P(0), S(5), SB(27,085), Length[0]
2023-08-26 18:50:39,209[INFO ]:Queued HSMS Message : SSID(65535), B2(0), B3(0), P(0), S(6), SB(27,085), Length[0]
2023-08-26 18:50:39,209[INFO ]:Message Stat : Queue[1], Sent[0], Recv[5]
2023-08-26 18:50:39,256[INFO ]:Sent LinkTest Response.
2023-08-26 18:50:39,256[INFO ]:>>> Sent HSMS Message >>> : SSID(65535), B2(0), B3(0), P(0), S(6), SB(27,085), Length[0]
2023-08-26 18:51:44,962[INFO ]:Before Clear Queue.
2023-08-26 18:51:44,978[INFO ]:Clear Queue.
2023-08-26 18:51:44,978[INFO ]:Reset System Bytes to Zero(0).
2023-08-26 18:51:44,978[INFO ]:Connection Mode : Passive
2023-08-26 18:51:44,978[INFO ]:Thread State Changed : Working
2023-08-26 18:51:44,978[INFO ]:Start RunThreadPassive()
2023-08-26 18:51:44,978[INFO ]:Listening State Changed : Open
2023-08-26 18:51:44,978[INFO ]:Socket Listener was Started.
2023-08-26 18:51:44,978[INFO ]:Before Clear Queue.
2023-08-26 18:51:44,978[INFO ]:Clear Queue.
2023-08-26 18:51:44,978[INFO ]:Waiting New Connection...
2023-08-26 18:51:51,596[INFO ]:Accept New Connection.
2023-08-26 18:51:51,596[INFO ]:Listening State Changed : Close
2023-08-26 18:51:51,596[INFO ]:Start New Connection.
2023-08-26 18:51:51,596[INFO ]:HSMS Connection State Is Changed : 0 -> 1
2023-08-26 18:51:51,596[INFO ]:Start Basic Timer Due(1000), Period(1000)
2023-08-26 18:51:51,596[INFO ]:Started Basic Timer.
2023-08-26 18:51:51,596[INFO ]:Start Recv Thread.
2023-08-26 18:51:51,596[INFO ]:Start RunThreadRecv()
2023-08-26 18:51:51,596[INFO ]:Queued HSMS Message : SSID(65535), B2(0), B3(0), P(0), S(2), SB(27,089), Length[0]
2023-08-26 18:51:51,596[INFO ]:Message Stat : Queue[1], Sent[0], Recv[1]
2023-08-26 18:51:51,596[INFO ]:HSMS Connection State Is Changed : 1 -> 3
2023-08-26 18:51:51,596[INFO ]:Received Select Request.
2023-08-26 18:51:51,596[INFO ]:<<< Received HSMS Message <<< : SSID(65535), B2(0), B3(0), P(0), S(1), SB(27,089), Length[0]
2023-08-26 18:51:51,596[INFO ]:Send LinkTest Request.
2023-08-26 18:51:51,596[INFO ]:Queued HSMS Message : SSID(65535), B2(0), B3(0), P(0), S(5), SB(0), Length[0]
2023-08-26 18:51:51,596[INFO ]:Message Stat : Queue[2], Sent[0], Recv[1]
2023-08-26 18:51:51,611[INFO ]:Queued HSMS Message : SSID(0), B2(129), B3(13), P(0), S(0), SB(1), Length[23]
2023-08-26 18:51:51,611[INFO ]:Message Stat : Queue[3], Sent[0], Recv[1]
2023-08-26 18:51:51,659[INFO ]:Sent Select Response.
2023-08-26 18:51:51,659[INFO ]:>>> Sent HSMS Message >>> : SSID(65535), B2(0), B3(0), P(0), S(2), SB(27,089), Length[0]
2023-08-26 18:51:51,659[INFO ]:>>> Sent HSMS Message >>> : SSID(65535), B2(0), B3(0), P(0), S(5), SB(0), Length[0]
2023-08-26 18:51:51,659[INFO ]:>>> Sent HSMS Message >>> : SSID(0), B2(129), B3(13), P(0), S(0), SB(1), Length[23]
2023-08-26 18:51:51,659[DEBUG]:>>>> HSMS Data [23] >>>>
    01-02-41-03  44-46-52-41  0E-31-2E-30  2E-38-36-33
    38-2E-33-33  39-32-36
2023-08-26 18:51:52,844[INFO ]:Received LinkTest Response.
2023-08-26 18:51:52,844[INFO ]:<<< Received HSMS Message <<< : SSID(65535), B2(0), B3(0), P(0), S(6), SB(0), Length[0]
2023-08-26 18:51:52,923[INFO ]:<<< Received HSMS Message <<< : SSID(0), B2(1), B3(14), P(0), S(0), SB(1), Length[7]
2023-08-26 18:51:52,923[DEBUG]:<<<< HSMS Data [7] <<<<
    01-02-21-01  00-01-00
2023-08-26 18:52:24,284[INFO ]:Received LinkTest Request.
2023-08-26 18:52:24,284[INFO ]:<<< Received HSMS Message <<< : SSID(65535), B2(0), B3(0), P(0), S(5), SB(27,097), Length[0]
2023-08-26 18:52:24,284[INFO ]:Queued HSMS Message : SSID(65535), B2(0), B3(0), P(0), S(6), SB(27,097), Length[0]
2023-08-26 18:52:24,284[INFO ]:Message Stat : Queue[1], Sent[0], Recv[3]
2023-08-26 18:52:24,300[INFO ]:Sent LinkTest Response.
2023-08-26 18:52:24,300[INFO ]:>>> Sent HSMS Message >>> : SSID(65535), B2(0), B3(0), P(0), S(6), SB(27,097), Length[0]
2023-08-26 18:52:55,839[INFO ]:Received LinkTest Request.
2023-08-26 18:52:55,839[INFO ]:<<< Received HSMS Message <<< : SSID(65535), B2(0), B3(0), P(0), S(5), SB(27,101), Length[0]
2023-08-26 18:52:55,839[INFO ]:Queued HSMS Message : SSID(65535), B2(0), B3(0), P(0), S(6), SB(27,101), Length[0]
2023-08-26 18:52:55,839[INFO ]:Message Stat : Queue[1], Sent[0], Recv[3]
2023-08-26 18:52:55,854[INFO ]:Sent LinkTest Response.
2023-08-26 18:52:55,854[INFO ]:>>> Sent HSMS Message >>> : SSID(65535), B2(0), B3(0), P(0), S(6), SB(27,101), Length[0]
2023-08-26 18:53:27,360[INFO ]:Received LinkTest Request.
2023-08-26 18:53:27,360[INFO ]:<<< Received HSMS Message <<< : SSID(65535), B2(0), B3(0), P(0), S(5), SB(27,105), Length[0]
2023-08-26 18:53:27,360[INFO ]:Queued HSMS Message : SSID(65535), B2(0), B3(0), P(0), S(6), SB(27,105), Length[0]
2023-08-26 18:53:27,360[INFO ]:Message Stat : Queue[1], Sent[0], Recv[3]
2023-08-26 18:53:27,391[INFO ]:Sent LinkTest Response.
2023-08-26 18:53:27,391[INFO ]:>>> Sent HSMS Message >>> : SSID(65535), B2(0), B3(0), P(0), S(6), SB(27,105), Length[0]
2023-08-26 18:53:52,501[INFO ]:Send LinkTest Request.
2023-08-26 18:53:52,501[INFO ]:Queued HSMS Message : SSID(65535), B2(0), B3(0), P(0), S(5), SB(2), Length[0]
2023-08-26 18:53:52,501[INFO ]:Message Stat : Queue[1], Sent[0], Recv[2]
2023-08-26 18:53:52,547[INFO ]:>>> Sent HSMS Message >>> : SSID(65535), B2(0), B3(0), P(0), S(5), SB(2), Length[0]
2023-08-26 18:53:52,641[INFO ]:Received LinkTest Response.
2023-08-26 18:53:52,641[INFO ]:<<< Received HSMS Message <<< : SSID(65535), B2(0), B3(0), P(0), S(6), SB(2), Length[0]
2023-08-26 18:54:24,308[INFO ]:Received LinkTest Request.
2023-08-26 18:54:24,308[INFO ]:<<< Received HSMS Message <<< : SSID(65535), B2(0), B3(0), P(0), S(5), SB(27,111), Length[0]
2023-08-26 18:54:24,308[INFO ]:Queued HSMS Message : SSID(65535), B2(0), B3(0), P(0), S(6), SB(27,111), Length[0]
2023-08-26 18:54:24,308[INFO ]:Message Stat : Queue[1], Sent[0], Recv[4]
2023-08-26 18:54:24,324[INFO ]:Sent LinkTest Response.
2023-08-26 18:54:24,324[INFO ]:>>> Sent HSMS Message >>> : SSID(65535), B2(0), B3(0), P(0), S(6), SB(27,111), Length[0]
2023-08-26 18:54:55,852[INFO ]:Received LinkTest Request.
2023-08-26 18:54:55,852[INFO ]:<<< Received HSMS Message <<< : SSID(65535), B2(0), B3(0), P(0), S(5), SB(27,115), Length[0]
2023-08-26 18:54:55,852[INFO ]:Queued HSMS Message : SSID(65535), B2(0), B3(0), P(0), S(6), SB(27,115), Length[0]
2023-08-26 18:54:55,852[INFO ]:Message Stat : Queue[1], Sent[0], Recv[4]
2023-08-26 18:54:55,899[INFO ]:Sent LinkTest Response.
2023-08-26 18:54:55,899[INFO ]:>>> Sent HSMS Message >>> : SSID(65535), B2(0), B3(0), P(0), S(6), SB(27,115), Length[0]
2023-08-26 18:55:27,291[INFO ]:Received LinkTest Request.
2023-08-26 18:55:27,291[INFO ]:<<< Received HSMS Message <<< : SSID(65535), B2(0), B3(0), P(0), S(5), SB(27,119), Length[0]
2023-08-26 18:55:27,291[INFO ]:Queued HSMS Message : SSID(65535), B2(0), B3(0), P(0), S(6), SB(27,119), Length[0]
2023-08-26 18:55:27,291[INFO ]:Message Stat : Queue[1], Sent[0], Recv[4]
2023-08-26 18:55:27,354[INFO ]:Sent LinkTest Response.
2023-08-26 18:55:27,354[INFO ]:>>> Sent HSMS Message >>> : SSID(65535), B2(0), B3(0), P(0), S(6), SB(27,119), Length[0]
2023-08-26 18:55:54,645[INFO ]:Send LinkTest Request.
2023-08-26 18:55:54,645[INFO ]:Queued HSMS Message : SSID(65535), B2(0), B3(0), P(0), S(5), SB(3), Length[0]
2023-08-26 18:55:54,645[INFO ]:Message Stat : Queue[1], Sent[0], Recv[3]
2023-08-26 18:55:54,645[INFO ]:>>> Sent HSMS Message >>> : SSID(65535), B2(0), B3(0), P(0), S(5), SB(3), Length[0]
2023-08-26 18:55:54,755[INFO ]:Received LinkTest Response.
2023-08-26 18:55:54,755[INFO ]:<<< Received HSMS Message <<< : SSID(65535), B2(0), B3(0), P(0), S(6), SB(3), Length[0]
2023-08-26 18:56:25,845[INFO ]:Received LinkTest Request.
2023-08-26 18:56:25,845[INFO ]:<<< Received HSMS Message <<< : SSID(65535), B2(0), B3(0), P(0), S(5), SB(27,125), Length[0]
2023-08-26 18:56:25,845[INFO ]:Queued HSMS Message : SSID(65535), B2(0), B3(0), P(0), S(6), SB(27,125), Length[0]
2023-08-26 18:56:25,845[INFO ]:Message Stat : Queue[1], Sent[0], Recv[5]
2023-08-26 18:56:25,860[INFO ]:Sent LinkTest Response.
2023-08-26 18:56:25,860[INFO ]:>>> Sent HSMS Message >>> : SSID(65535), B2(0), B3(0), P(0), S(6), SB(27,125), Length[0]
2023-08-26 18:56:57,366[INFO ]:Received LinkTest Request.
2023-08-26 18:56:57,366[INFO ]:<<< Received HSMS Message <<< : SSID(65535), B2(0), B3(0), P(0), S(5), SB(27,129), Length[0]
2023-08-26 18:56:57,366[INFO ]:Queued HSMS Message : SSID(65535), B2(0), B3(0), P(0), S(6), SB(27,129), Length[0]
2023-08-26 18:56:57,366[INFO ]:Message Stat : Queue[1], Sent[0], Recv[5]
2023-08-26 18:56:57,428[INFO ]:Sent LinkTest Response.
2023-08-26 18:56:57,428[INFO ]:>>> Sent HSMS Message >>> : SSID(65535), B2(0), B3(0), P(0), S(6), SB(27,129), Length[0]
2023-08-26 18:57:39,136[INFO ]:Before Clear Queue.
2023-08-26 18:57:39,136[INFO ]:Clear Queue.
2023-08-26 18:57:39,136[INFO ]:Reset System Bytes to Zero(0).
2023-08-26 18:57:39,136[INFO ]:Connection Mode : Passive
2023-08-26 18:57:39,136[INFO ]:Thread State Changed : Working
2023-08-26 18:57:39,136[INFO ]:Start RunThreadPassive()
2023-08-26 18:57:39,136[INFO ]:Listening State Changed : Open
2023-08-26 18:57:39,136[INFO ]:Socket Listener was Started.
2023-08-26 18:57:39,136[INFO ]:Before Clear Queue.
2023-08-26 18:57:39,136[INFO ]:Clear Queue.
2023-08-26 18:57:39,136[INFO ]:Waiting New Connection...
2023-08-26 18:57:46,280[INFO ]:Accept New Connection.
2023-08-26 18:57:46,280[INFO ]:Listening State Changed : Close
2023-08-26 18:57:46,280[INFO ]:Start New Connection.
2023-08-26 18:57:46,280[INFO ]:HSMS Connection State Is Changed : 0 -> 1
2023-08-26 18:57:46,280[INFO ]:Start Basic Timer Due(1000), Period(1000)
2023-08-26 18:57:46,280[INFO ]:Started Basic Timer.
2023-08-26 18:57:46,280[INFO ]:Start Recv Thread.
2023-08-26 18:57:46,280[INFO ]:Start RunThreadRecv()
2023-08-26 18:57:46,280[INFO ]:Queued HSMS Message : SSID(65535), B2(0), B3(0), P(0), S(2), SB(27,133), Length[0]
2023-08-26 18:57:46,280[INFO ]:Message Stat : Queue[1], Sent[0], Recv[1]
2023-08-26 18:57:46,280[INFO ]:HSMS Connection State Is Changed : 1 -> 3
2023-08-26 18:57:46,280[INFO ]:Received Select Request.
2023-08-26 18:57:46,280[INFO ]:<<< Received HSMS Message <<< : SSID(65535), B2(0), B3(0), P(0), S(1), SB(27,133), Length[0]
2023-08-26 18:57:46,280[INFO ]:Send LinkTest Request.
2023-08-26 18:57:46,280[INFO ]:Queued HSMS Message : SSID(65535), B2(0), B3(0), P(0), S(5), SB(0), Length[0]
2023-08-26 18:57:46,280[INFO ]:Message Stat : Queue[2], Sent[0], Recv[1]
2023-08-26 18:57:46,343[INFO ]:Sent Select Response.
2023-08-26 18:57:46,343[INFO ]:>>> Sent HSMS Message >>> : SSID(65535), B2(0), B3(0), P(0), S(2), SB(27,133), Length[0]
2023-08-26 18:57:46,343[INFO ]:>>> Sent HSMS Message >>> : SSID(65535), B2(0), B3(0), P(0), S(5), SB(0), Length[0]
2023-08-26 18:57:46,439[INFO ]:Queued HSMS Message : SSID(0), B2(129), B3(13), P(0), S(0), SB(1), Length[23]
2023-08-26 18:57:46,439[INFO ]:Message Stat : Queue[1], Sent[1], Recv[0]
2023-08-26 18:57:46,471[INFO ]:>>> Sent HSMS Message >>> : SSID(0), B2(129), B3(13), P(0), S(0), SB(1), Length[23]
2023-08-26 18:57:46,471[DEBUG]:>>>> HSMS Data [23] >>>>
    01-02-41-03  44-46-52-41  0E-31-2E-30  2E-38-36-33
    38-2E-33-34  30-39-37
2023-08-26 18:57:46,519[INFO ]:Received LinkTest Response.
2023-08-26 18:57:46,519[INFO ]:<<< Received HSMS Message <<< : SSID(65535), B2(0), B3(0), P(0), S(6), SB(0), Length[0]
2023-08-26 18:57:46,519[INFO ]:<<< Received HSMS Message <<< : SSID(0), B2(1), B3(14), P(0), S(0), SB(1), Length[7]
2023-08-26 18:57:46,519[DEBUG]:<<<< HSMS Data [7] <<<<
    01-02-21-01  00-01-00
2023-08-26 18:58:17,711[INFO ]:Received LinkTest Request.
2023-08-26 18:58:17,711[INFO ]:<<< Received HSMS Message <<< : SSID(65535), B2(0), B3(0), P(0), S(5), SB(27,141), Length[0]
2023-08-26 18:58:17,711[INFO ]:Queued HSMS Message : SSID(65535), B2(0), B3(0), P(0), S(6), SB(27,141), Length[0]
2023-08-26 18:58:17,711[INFO ]:Message Stat : Queue[1], Sent[0], Recv[3]
2023-08-26 18:58:17,743[INFO ]:Sent LinkTest Response.
2023-08-26 18:58:17,743[INFO ]:>>> Sent HSMS Message >>> : SSID(65535), B2(0), B3(0), P(0), S(6), SB(27,141), Length[0]
2023-08-26 18:58:49,165[INFO ]:Received LinkTest Request.
2023-08-26 18:58:49,165[INFO ]:<<< Received HSMS Message <<< : SSID(65535), B2(0), B3(0), P(0), S(5), SB(27,145), Length[0]
2023-08-26 18:58:49,165[INFO ]:Queued HSMS Message : SSID(65535), B2(0), B3(0), P(0), S(6), SB(27,145), Length[0]
2023-08-26 18:58:49,165[INFO ]:Message Stat : Queue[1], Sent[0], Recv[3]
2023-08-26 18:58:49,212[INFO ]:Sent LinkTest Response.
2023-08-26 18:58:49,212[INFO ]:>>> Sent HSMS Message >>> : SSID(65535), B2(0), B3(0), P(0), S(6), SB(27,145), Length[0]
2023-08-26 18:59:41,150[INFO ]:Before Clear Queue.
2023-08-26 18:59:41,150[INFO ]:Clear Queue.
2023-08-26 18:59:41,150[INFO ]:Reset System Bytes to Zero(0).
2023-08-26 18:59:41,150[INFO ]:Connection Mode : Passive
2023-08-26 18:59:41,150[INFO ]:Thread State Changed : Working
2023-08-26 18:59:41,150[INFO ]:Start RunThreadPassive()
2023-08-26 18:59:41,150[INFO ]:Listening State Changed : Open
2023-08-26 18:59:41,150[INFO ]:Socket Listener was Started.
2023-08-26 18:59:41,150[INFO ]:Before Clear Queue.
2023-08-26 18:59:41,150[INFO ]:Clear Queue.
2023-08-26 18:59:41,150[INFO ]:Waiting New Connection...
2023-08-26 18:59:49,100[INFO ]:Accept New Connection.
2023-08-26 18:59:49,100[INFO ]:Listening State Changed : Close
2023-08-26 18:59:49,100[INFO ]:Start New Connection.
2023-08-26 18:59:49,100[INFO ]:HSMS Connection State Is Changed : 0 -> 1
2023-08-26 18:59:49,100[INFO ]:Start Basic Timer Due(1000), Period(1000)
2023-08-26 18:59:49,100[INFO ]:Started Basic Timer.
2023-08-26 18:59:49,100[INFO ]:Start Recv Thread.
2023-08-26 18:59:49,100[INFO ]:Start RunThreadRecv()
2023-08-26 18:59:49,100[INFO ]:Queued HSMS Message : SSID(65535), B2(0), B3(0), P(0), S(2), SB(27,149), Length[0]
2023-08-26 18:59:49,100[INFO ]:Message Stat : Queue[1], Sent[0], Recv[1]
2023-08-26 18:59:49,100[INFO ]:HSMS Connection State Is Changed : 1 -> 3
2023-08-26 18:59:49,100[INFO ]:Received Select Request.
2023-08-26 18:59:49,100[INFO ]:<<< Received HSMS Message <<< : SSID(65535), B2(0), B3(0), P(0), S(1), SB(27,149), Length[0]
2023-08-26 18:59:49,100[INFO ]:Send LinkTest Request.
2023-08-26 18:59:49,100[INFO ]:Queued HSMS Message : SSID(65535), B2(0), B3(0), P(0), S(5), SB(0), Length[0]
2023-08-26 18:59:49,100[INFO ]:Message Stat : Queue[2], Sent[0], Recv[1]
2023-08-26 18:59:49,163[INFO ]:Sent Select Response.
2023-08-26 18:59:49,163[INFO ]:>>> Sent HSMS Message >>> : SSID(65535), B2(0), B3(0), P(0), S(2), SB(27,149), Length[0]
2023-08-26 18:59:49,163[INFO ]:>>> Sent HSMS Message >>> : SSID(65535), B2(0), B3(0), P(0), S(5), SB(0), Length[0]
2023-08-26 18:59:49,259[INFO ]:Queued HSMS Message : SSID(0), B2(129), B3(13), P(0), S(0), SB(1), Length[23]
2023-08-26 18:59:49,259[INFO ]:Message Stat : Queue[1], Sent[1], Recv[0]
2023-08-26 18:59:49,291[INFO ]:>>> Sent HSMS Message >>> : SSID(0), B2(129), B3(13), P(0), S(0), SB(1), Length[23]
2023-08-26 18:59:49,291[DEBUG]:>>>> HSMS Data [23] >>>>
    01-02-41-03  44-46-52-41  0E-31-2E-30  2E-38-36-33
    38-2E-33-34  31-37-36
2023-08-26 18:59:49,337[INFO ]:Received LinkTest Response.
2023-08-26 18:59:49,337[INFO ]:<<< Received HSMS Message <<< : SSID(65535), B2(0), B3(0), P(0), S(6), SB(0), Length[0]
2023-08-26 18:59:49,337[INFO ]:<<< Received HSMS Message <<< : SSID(0), B2(1), B3(14), P(0), S(0), SB(1), Length[7]
2023-08-26 18:59:49,337[DEBUG]:<<<< HSMS Data [7] <<<<
    01-02-21-01  00-01-00
