2023-07-04 18:00:16,174[INFO ]:Send LinkTest Request.
2023-07-04 18:00:16,177[INFO ]:Queued HSMS Message : SSID(65535), B2(0), B3(0), P(0), S(5), SB(111), Length[0]
2023-07-04 18:00:16,177[INFO ]:Message Stat : Queue[1], Sent[0], Recv[0]
2023-07-04 18:00:16,220[INFO ]:>>> Sent HSMS Message >>> : SSID(65535), B2(0), B3(0), P(0), S(5), SB(111), Length[0]
2023-07-04 18:00:16,224[INFO ]:Received LinkTest Response.
2023-07-04 18:00:16,224[INFO ]:<<< Received HSMS Message <<< : SSID(65535), B2(0), B3(0), P(0), S(6), SB(111), Length[0]
2023-07-04 18:24:58,740[INFO ]:Before Clear Queue.
2023-07-04 18:24:58,747[INFO ]:Clear Queue.
2023-07-04 18:24:58,747[INFO ]:Reset System Bytes to Zero(0).
2023-07-04 18:24:58,748[INFO ]:Connection Mode : Passive
2023-07-04 18:24:58,753[INFO ]:Thread State Changed : Working
2023-07-04 18:24:58,754[INFO ]:Start RunThreadPassive()
2023-07-04 18:24:58,754[INFO ]:Listening State Changed : Open
2023-07-04 18:24:58,754[INFO ]:Socket Listener was Started.
2023-07-04 18:24:58,754[INFO ]:Before Clear Queue.
2023-07-04 18:24:58,754[INFO ]:Clear Queue.
2023-07-04 18:24:58,754[INFO ]:Waiting New Connection...
2023-07-04 18:24:59,522[INFO ]:Accept New Connection.
2023-07-04 18:24:59,522[INFO ]:Listening State Changed : Close
2023-07-04 18:24:59,522[INFO ]:Start New Connection.
2023-07-04 18:24:59,523[INFO ]:HSMS Connection State Is Changed : 0 -> 1
2023-07-04 18:24:59,525[INFO ]:Start Basic Timer Due(1000), Period(1000)
2023-07-04 18:24:59,530[INFO ]:Started Basic Timer.
2023-07-04 18:24:59,541[INFO ]:Start Recv Thread.
2023-07-04 18:24:59,542[INFO ]:Start RunThreadRecv()
2023-07-04 18:24:59,547[INFO ]:Queued HSMS Message : SSID(65535), B2(0), B3(0), P(0), S(2), SB(15,496), Length[0]
2023-07-04 18:24:59,548[INFO ]:Message Stat : Queue[1], Sent[0], Recv[1]
2023-07-04 18:24:59,548[INFO ]:HSMS Connection State Is Changed : 1 -> 3
2023-07-04 18:24:59,550[INFO ]:Received Select Request.
2023-07-04 18:24:59,550[INFO ]:<<< Received HSMS Message <<< : SSID(65535), B2(0), B3(0), P(0), S(1), SB(15,496), Length[0]
2023-07-04 18:24:59,550[INFO ]:Send LinkTest Request.
2023-07-04 18:24:59,550[INFO ]:Queued HSMS Message : SSID(65535), B2(0), B3(0), P(0), S(5), SB(0), Length[0]
2023-07-04 18:24:59,550[INFO ]:Message Stat : Queue[2], Sent[0], Recv[1]
2023-07-04 18:24:59,600[INFO ]:Sent Select Response.
2023-07-04 18:24:59,600[INFO ]:>>> Sent HSMS Message >>> : SSID(65535), B2(0), B3(0), P(0), S(2), SB(15,496), Length[0]
2023-07-04 18:24:59,600[INFO ]:>>> Sent HSMS Message >>> : SSID(65535), B2(0), B3(0), P(0), S(5), SB(0), Length[0]
2023-07-04 18:24:59,614[INFO ]:Received LinkTest Response.
2023-07-04 18:24:59,614[INFO ]:<<< Received HSMS Message <<< : SSID(65535), B2(0), B3(0), P(0), S(6), SB(0), Length[0]
2023-07-04 18:24:59,692[INFO ]:Queued HSMS Message : SSID(1), B2(129), B3(13), P(0), S(0), SB(1), Length[10]
2023-07-04 18:24:59,692[INFO ]:Message Stat : Queue[1], Sent[0], Recv[1]
2023-07-04 18:24:59,720[INFO ]:>>> Sent HSMS Message >>> : SSID(1), B2(129), B3(13), P(0), S(0), SB(1), Length[10]
2023-07-04 18:24:59,720[DEBUG]:>>>> HSMS Data [10] >>>>
    01-02-41-03  44-46-52-41  01-30
2023-07-04 18:24:59,766[INFO ]:<<< Received HSMS Message <<< : SSID(1), B2(1), B3(14), P(0), S(0), SB(1), Length[7]
2023-07-04 18:24:59,766[DEBUG]:<<<< HSMS Data [7] <<<<
    01-02-21-01  00-01-00
2023-07-04 18:25:30,425[INFO ]:Received LinkTest Request.
2023-07-04 18:25:30,425[INFO ]:<<< Received HSMS Message <<< : SSID(65535), B2(0), B3(0), P(0), S(5), SB(15,504), Length[0]
2023-07-04 18:25:30,425[INFO ]:Queued HSMS Message : SSID(65535), B2(0), B3(0), P(0), S(6), SB(15,504), Length[0]
2023-07-04 18:25:30,425[INFO ]:Message Stat : Queue[1], Sent[0], Recv[3]
2023-07-04 18:25:30,456[INFO ]:Sent LinkTest Response.
2023-07-04 18:25:30,456[INFO ]:>>> Sent HSMS Message >>> : SSID(65535), B2(0), B3(0), P(0), S(6), SB(15,504), Length[0]
2023-07-04 18:26:01,943[INFO ]:Received LinkTest Request.
2023-07-04 18:26:01,943[INFO ]:<<< Received HSMS Message <<< : SSID(65535), B2(0), B3(0), P(0), S(5), SB(15,508), Length[0]
2023-07-04 18:26:01,943[INFO ]:Queued HSMS Message : SSID(65535), B2(0), B3(0), P(0), S(6), SB(15,508), Length[0]
2023-07-04 18:26:01,943[INFO ]:Message Stat : Queue[1], Sent[0], Recv[3]
2023-07-04 18:26:01,959[INFO ]:Sent LinkTest Response.
2023-07-04 18:26:01,959[INFO ]:>>> Sent HSMS Message >>> : SSID(65535), B2(0), B3(0), P(0), S(6), SB(15,508), Length[0]
2023-07-04 18:26:32,026[INFO ]:Received LinkTest Request.
2023-07-04 18:26:32,026[INFO ]:<<< Received HSMS Message <<< : SSID(65535), B2(0), B3(0), P(0), S(5), SB(15,512), Length[0]
2023-07-04 18:26:32,026[INFO ]:Queued HSMS Message : SSID(65535), B2(0), B3(0), P(0), S(6), SB(15,512), Length[0]
2023-07-04 18:26:32,026[INFO ]:Message Stat : Queue[1], Sent[0], Recv[3]
2023-07-04 18:26:32,070[INFO ]:Sent LinkTest Response.
2023-07-04 18:26:32,070[INFO ]:>>> Sent HSMS Message >>> : SSID(65535), B2(0), B3(0), P(0), S(6), SB(15,512), Length[0]
2023-07-04 18:27:00,398[INFO ]:Send LinkTest Request.
2023-07-04 18:27:00,398[INFO ]:Queued HSMS Message : SSID(65535), B2(0), B3(0), P(0), S(5), SB(2), Length[0]
2023-07-04 18:27:00,398[INFO ]:Message Stat : Queue[1], Sent[0], Recv[2]
2023-07-04 18:27:00,428[INFO ]:>>> Sent HSMS Message >>> : SSID(65535), B2(0), B3(0), P(0), S(5), SB(2), Length[0]
2023-07-04 18:27:00,489[INFO ]:Received LinkTest Response.
2023-07-04 18:27:00,489[INFO ]:<<< Received HSMS Message <<< : SSID(65535), B2(0), B3(0), P(0), S(6), SB(2), Length[0]
2023-07-04 18:27:32,071[INFO ]:Received LinkTest Request.
2023-07-04 18:27:32,071[INFO ]:<<< Received HSMS Message <<< : SSID(65535), B2(0), B3(0), P(0), S(5), SB(15,518), Length[0]
2023-07-04 18:27:32,071[INFO ]:Queued HSMS Message : SSID(65535), B2(0), B3(0), P(0), S(6), SB(15,518), Length[0]
2023-07-04 18:27:32,071[INFO ]:Message Stat : Queue[1], Sent[0], Recv[4]
2023-07-04 18:27:32,117[INFO ]:Sent LinkTest Response.
2023-07-04 18:27:32,117[INFO ]:>>> Sent HSMS Message >>> : SSID(65535), B2(0), B3(0), P(0), S(6), SB(15,518), Length[0]
2023-07-04 18:28:03,595[INFO ]:Received LinkTest Request.
2023-07-04 18:28:03,595[INFO ]:<<< Received HSMS Message <<< : SSID(65535), B2(0), B3(0), P(0), S(5), SB(15,522), Length[0]
2023-07-04 18:28:03,595[INFO ]:Queued HSMS Message : SSID(65535), B2(0), B3(0), P(0), S(6), SB(15,522), Length[0]
2023-07-04 18:28:03,595[INFO ]:Message Stat : Queue[1], Sent[0], Recv[4]
2023-07-04 18:28:03,625[INFO ]:Sent LinkTest Response.
2023-07-04 18:28:03,625[INFO ]:>>> Sent HSMS Message >>> : SSID(65535), B2(0), B3(0), P(0), S(6), SB(15,522), Length[0]
2023-07-04 18:28:35,141[INFO ]:Received LinkTest Request.
2023-07-04 18:28:35,141[INFO ]:<<< Received HSMS Message <<< : SSID(65535), B2(0), B3(0), P(0), S(5), SB(15,526), Length[0]
2023-07-04 18:28:35,141[INFO ]:Queued HSMS Message : SSID(65535), B2(0), B3(0), P(0), S(6), SB(15,526), Length[0]
2023-07-04 18:28:35,141[INFO ]:Message Stat : Queue[1], Sent[0], Recv[4]
2023-07-04 18:28:35,186[INFO ]:Sent LinkTest Response.
2023-07-04 18:28:35,186[INFO ]:>>> Sent HSMS Message >>> : SSID(65535), B2(0), B3(0), P(0), S(6), SB(15,526), Length[0]
2023-07-04 18:29:02,235[INFO ]:Send LinkTest Request.
2023-07-04 18:29:02,235[INFO ]:Queued HSMS Message : SSID(65535), B2(0), B3(0), P(0), S(5), SB(3), Length[0]
2023-07-04 18:29:02,235[INFO ]:Message Stat : Queue[1], Sent[0], Recv[3]
2023-07-04 18:29:02,250[INFO ]:>>> Sent HSMS Message >>> : SSID(65535), B2(0), B3(0), P(0), S(5), SB(3), Length[0]
2023-07-04 18:29:02,251[INFO ]:Received LinkTest Response.
2023-07-04 18:29:02,251[INFO ]:<<< Received HSMS Message <<< : SSID(65535), B2(0), B3(0), P(0), S(6), SB(3), Length[0]
2023-07-04 18:29:33,737[INFO ]:Received LinkTest Request.
2023-07-04 18:29:33,737[INFO ]:<<< Received HSMS Message <<< : SSID(65535), B2(0), B3(0), P(0), S(5), SB(15,532), Length[0]
2023-07-04 18:29:33,737[INFO ]:Queued HSMS Message : SSID(65535), B2(0), B3(0), P(0), S(6), SB(15,532), Length[0]
2023-07-04 18:29:33,737[INFO ]:Message Stat : Queue[1], Sent[0], Recv[5]
2023-07-04 18:29:33,798[INFO ]:Sent LinkTest Response.
2023-07-04 18:29:33,798[INFO ]:>>> Sent HSMS Message >>> : SSID(65535), B2(0), B3(0), P(0), S(6), SB(15,532), Length[0]
2023-07-04 18:30:05,230[INFO ]:Received LinkTest Request.
2023-07-04 18:30:05,230[INFO ]:<<< Received HSMS Message <<< : SSID(65535), B2(0), B3(0), P(0), S(5), SB(15,536), Length[0]
2023-07-04 18:30:05,230[INFO ]:Queued HSMS Message : SSID(65535), B2(0), B3(0), P(0), S(6), SB(15,536), Length[0]
2023-07-04 18:30:05,230[INFO ]:Message Stat : Queue[1], Sent[0], Recv[5]
2023-07-04 18:30:05,238[INFO ]:Sent LinkTest Response.
2023-07-04 18:30:05,238[INFO ]:>>> Sent HSMS Message >>> : SSID(65535), B2(0), B3(0), P(0), S(6), SB(15,536), Length[0]
2023-07-04 18:30:36,766[INFO ]:Received LinkTest Request.
2023-07-04 18:30:36,766[INFO ]:<<< Received HSMS Message <<< : SSID(65535), B2(0), B3(0), P(0), S(5), SB(15,540), Length[0]
2023-07-04 18:30:36,766[INFO ]:Queued HSMS Message : SSID(65535), B2(0), B3(0), P(0), S(6), SB(15,540), Length[0]
2023-07-04 18:30:36,766[INFO ]:Message Stat : Queue[1], Sent[0], Recv[5]
2023-07-04 18:30:36,803[INFO ]:Sent LinkTest Response.
2023-07-04 18:30:36,803[INFO ]:>>> Sent HSMS Message >>> : SSID(65535), B2(0), B3(0), P(0), S(6), SB(15,540), Length[0]
2023-07-04 18:31:04,041[INFO ]:Send LinkTest Request.
2023-07-04 18:31:04,041[INFO ]:Queued HSMS Message : SSID(65535), B2(0), B3(0), P(0), S(5), SB(4), Length[0]
2023-07-04 18:31:04,041[INFO ]:Message Stat : Queue[1], Sent[0], Recv[4]
2023-07-04 18:31:04,057[INFO ]:>>> Sent HSMS Message >>> : SSID(65535), B2(0), B3(0), P(0), S(5), SB(4), Length[0]
2023-07-04 18:31:04,057[INFO ]:Received LinkTest Response.
2023-07-04 18:31:04,057[INFO ]:<<< Received HSMS Message <<< : SSID(65535), B2(0), B3(0), P(0), S(6), SB(4), Length[0]
2023-07-04 18:31:35,345[INFO ]:Received LinkTest Request.
2023-07-04 18:31:35,345[INFO ]:<<< Received HSMS Message <<< : SSID(65535), B2(0), B3(0), P(0), S(5), SB(15,546), Length[0]
2023-07-04 18:31:35,345[INFO ]:Queued HSMS Message : SSID(65535), B2(0), B3(0), P(0), S(6), SB(15,546), Length[0]
2023-07-04 18:31:35,345[INFO ]:Message Stat : Queue[1], Sent[0], Recv[6]
2023-07-04 18:31:35,362[INFO ]:Sent LinkTest Response.
2023-07-04 18:31:35,362[INFO ]:>>> Sent HSMS Message >>> : SSID(65535), B2(0), B3(0), P(0), S(6), SB(15,546), Length[0]
2023-07-04 18:32:06,913[INFO ]:Received LinkTest Request.
2023-07-04 18:32:06,913[INFO ]:<<< Received HSMS Message <<< : SSID(65535), B2(0), B3(0), P(0), S(5), SB(15,550), Length[0]
2023-07-04 18:32:06,913[INFO ]:Queued HSMS Message : SSID(65535), B2(0), B3(0), P(0), S(6), SB(15,550), Length[0]
2023-07-04 18:32:06,913[INFO ]:Message Stat : Queue[1], Sent[0], Recv[6]
2023-07-04 18:32:06,959[INFO ]:Sent LinkTest Response.
2023-07-04 18:32:06,959[INFO ]:>>> Sent HSMS Message >>> : SSID(65535), B2(0), B3(0), P(0), S(6), SB(15,550), Length[0]
2023-07-04 18:32:38,416[INFO ]:Received LinkTest Request.
2023-07-04 18:32:38,416[INFO ]:<<< Received HSMS Message <<< : SSID(65535), B2(0), B3(0), P(0), S(5), SB(15,554), Length[0]
2023-07-04 18:32:38,416[INFO ]:Queued HSMS Message : SSID(65535), B2(0), B3(0), P(0), S(6), SB(15,554), Length[0]
2023-07-04 18:32:38,416[INFO ]:Message Stat : Queue[1], Sent[0], Recv[6]
2023-07-04 18:32:38,446[INFO ]:Sent LinkTest Response.
2023-07-04 18:32:38,446[INFO ]:>>> Sent HSMS Message >>> : SSID(65535), B2(0), B3(0), P(0), S(6), SB(15,554), Length[0]
2023-07-04 18:33:05,775[INFO ]:Send LinkTest Request.
2023-07-04 18:33:05,775[INFO ]:Queued HSMS Message : SSID(65535), B2(0), B3(0), P(0), S(5), SB(5), Length[0]
2023-07-04 18:33:05,775[INFO ]:Message Stat : Queue[1], Sent[0], Recv[5]
2023-07-04 18:33:05,805[INFO ]:>>> Sent HSMS Message >>> : SSID(65535), B2(0), B3(0), P(0), S(5), SB(5), Length[0]
2023-07-04 18:33:05,836[INFO ]:Received LinkTest Response.
2023-07-04 18:33:05,836[INFO ]:<<< Received HSMS Message <<< : SSID(65535), B2(0), B3(0), P(0), S(6), SB(5), Length[0]
2023-07-04 18:33:36,987[INFO ]:Received LinkTest Request.
2023-07-04 18:33:36,987[INFO ]:<<< Received HSMS Message <<< : SSID(65535), B2(0), B3(0), P(0), S(5), SB(15,560), Length[0]
2023-07-04 18:33:36,987[INFO ]:Queued HSMS Message : SSID(65535), B2(0), B3(0), P(0), S(6), SB(15,560), Length[0]
2023-07-04 18:33:36,987[INFO ]:Message Stat : Queue[1], Sent[0], Recv[7]
2023-07-04 18:33:37,002[INFO ]:Sent LinkTest Response.
2023-07-04 18:33:37,002[INFO ]:>>> Sent HSMS Message >>> : SSID(65535), B2(0), B3(0), P(0), S(6), SB(15,560), Length[0]
2023-07-04 18:34:08,439[INFO ]:Received LinkTest Request.
2023-07-04 18:34:08,439[INFO ]:<<< Received HSMS Message <<< : SSID(65535), B2(0), B3(0), P(0), S(5), SB(15,564), Length[0]
2023-07-04 18:34:08,439[INFO ]:Queued HSMS Message : SSID(65535), B2(0), B3(0), P(0), S(6), SB(15,564), Length[0]
2023-07-04 18:34:08,439[INFO ]:Message Stat : Queue[1], Sent[0], Recv[7]
2023-07-04 18:34:08,470[INFO ]:Sent LinkTest Response.
2023-07-04 18:34:08,470[INFO ]:>>> Sent HSMS Message >>> : SSID(65535), B2(0), B3(0), P(0), S(6), SB(15,564), Length[0]
2023-07-04 18:34:39,978[INFO ]:Received LinkTest Request.
2023-07-04 18:34:39,978[INFO ]:<<< Received HSMS Message <<< : SSID(65535), B2(0), B3(0), P(0), S(5), SB(15,568), Length[0]
2023-07-04 18:34:39,978[INFO ]:Queued HSMS Message : SSID(65535), B2(0), B3(0), P(0), S(6), SB(15,568), Length[0]
2023-07-04 18:34:39,978[INFO ]:Message Stat : Queue[1], Sent[0], Recv[7]
2023-07-04 18:34:40,025[INFO ]:Sent LinkTest Response.
2023-07-04 18:34:40,025[INFO ]:>>> Sent HSMS Message >>> : SSID(65535), B2(0), B3(0), P(0), S(6), SB(15,568), Length[0]
2023-07-04 18:35:07,470[INFO ]:Send LinkTest Request.
2023-07-04 18:35:07,470[INFO ]:Queued HSMS Message : SSID(65535), B2(0), B3(0), P(0), S(5), SB(6), Length[0]
2023-07-04 18:35:07,470[INFO ]:Message Stat : Queue[1], Sent[0], Recv[6]
2023-07-04 18:35:07,532[INFO ]:>>> Sent HSMS Message >>> : SSID(65535), B2(0), B3(0), P(0), S(5), SB(6), Length[0]
2023-07-04 18:35:07,578[INFO ]:Received LinkTest Response.
2023-07-04 18:35:07,578[INFO ]:<<< Received HSMS Message <<< : SSID(65535), B2(0), B3(0), P(0), S(6), SB(6), Length[0]
2023-07-04 18:35:38,500[INFO ]:Received LinkTest Request.
2023-07-04 18:35:38,500[INFO ]:<<< Received HSMS Message <<< : SSID(65535), B2(0), B3(0), P(0), S(5), SB(15,574), Length[0]
2023-07-04 18:35:38,500[INFO ]:Queued HSMS Message : SSID(65535), B2(0), B3(0), P(0), S(6), SB(15,574), Length[0]
2023-07-04 18:35:38,500[INFO ]:Message Stat : Queue[1], Sent[0], Recv[8]
2023-07-04 18:35:38,545[INFO ]:Sent LinkTest Response.
2023-07-04 18:35:38,545[INFO ]:>>> Sent HSMS Message >>> : SSID(65535), B2(0), B3(0), P(0), S(6), SB(15,574), Length[0]
2023-07-04 18:36:09,978[INFO ]:Received LinkTest Request.
2023-07-04 18:36:09,978[INFO ]:<<< Received HSMS Message <<< : SSID(65535), B2(0), B3(0), P(0), S(5), SB(15,578), Length[0]
2023-07-04 18:36:09,978[INFO ]:Queued HSMS Message : SSID(65535), B2(0), B3(0), P(0), S(6), SB(15,578), Length[0]
2023-07-04 18:36:09,978[INFO ]:Message Stat : Queue[1], Sent[0], Recv[8]
2023-07-04 18:36:10,007[INFO ]:Sent LinkTest Response.
2023-07-04 18:36:10,007[INFO ]:>>> Sent HSMS Message >>> : SSID(65535), B2(0), B3(0), P(0), S(6), SB(15,578), Length[0]
2023-07-04 18:36:41,467[INFO ]:Received LinkTest Request.
2023-07-04 18:36:41,467[INFO ]:<<< Received HSMS Message <<< : SSID(65535), B2(0), B3(0), P(0), S(5), SB(15,582), Length[0]
2023-07-04 18:36:41,468[INFO ]:Queued HSMS Message : SSID(65535), B2(0), B3(0), P(0), S(6), SB(15,582), Length[0]
2023-07-04 18:36:41,468[INFO ]:Message Stat : Queue[1], Sent[0], Recv[8]
2023-07-04 18:36:41,498[INFO ]:Sent LinkTest Response.
2023-07-04 18:36:41,498[INFO ]:>>> Sent HSMS Message >>> : SSID(65535), B2(0), B3(0), P(0), S(6), SB(15,582), Length[0]
2023-07-04 18:37:09,253[INFO ]:Send LinkTest Request.
2023-07-04 18:37:09,253[INFO ]:Queued HSMS Message : SSID(65535), B2(0), B3(0), P(0), S(5), SB(7), Length[0]
2023-07-04 18:37:09,253[INFO ]:Message Stat : Queue[1], Sent[0], Recv[7]
2023-07-04 18:37:09,299[INFO ]:>>> Sent HSMS Message >>> : SSID(65535), B2(0), B3(0), P(0), S(5), SB(7), Length[0]
2023-07-04 18:37:09,345[INFO ]:Received LinkTest Response.
2023-07-04 18:37:09,345[INFO ]:<<< Received HSMS Message <<< : SSID(65535), B2(0), B3(0), P(0), S(6), SB(7), Length[0]
2023-07-04 18:37:41,466[INFO ]:Received LinkTest Request.
2023-07-04 18:37:41,466[INFO ]:<<< Received HSMS Message <<< : SSID(65535), B2(0), B3(0), P(0), S(5), SB(15,588), Length[0]
2023-07-04 18:37:41,466[INFO ]:Queued HSMS Message : SSID(65535), B2(0), B3(0), P(0), S(6), SB(15,588), Length[0]
2023-07-04 18:37:41,466[INFO ]:Message Stat : Queue[1], Sent[0], Recv[9]
2023-07-04 18:37:41,512[INFO ]:Sent LinkTest Response.
2023-07-04 18:37:41,512[INFO ]:>>> Sent HSMS Message >>> : SSID(65535), B2(0), B3(0), P(0), S(6), SB(15,588), Length[0]
2023-07-04 18:38:13,001[INFO ]:Received LinkTest Request.
2023-07-04 18:38:13,001[INFO ]:<<< Received HSMS Message <<< : SSID(65535), B2(0), B3(0), P(0), S(5), SB(15,592), Length[0]
2023-07-04 18:38:13,001[INFO ]:Queued HSMS Message : SSID(65535), B2(0), B3(0), P(0), S(6), SB(15,592), Length[0]
2023-07-04 18:38:13,001[INFO ]:Message Stat : Queue[1], Sent[0], Recv[9]
2023-07-04 18:38:13,032[INFO ]:Sent LinkTest Response.
2023-07-04 18:38:13,032[INFO ]:>>> Sent HSMS Message >>> : SSID(65535), B2(0), B3(0), P(0), S(6), SB(15,592), Length[0]
2023-07-04 18:38:44,452[INFO ]:Received LinkTest Request.
2023-07-04 18:38:44,452[INFO ]:<<< Received HSMS Message <<< : SSID(65535), B2(0), B3(0), P(0), S(5), SB(15,596), Length[0]
2023-07-04 18:38:44,452[INFO ]:Queued HSMS Message : SSID(65535), B2(0), B3(0), P(0), S(6), SB(15,596), Length[0]
2023-07-04 18:38:44,452[INFO ]:Message Stat : Queue[1], Sent[0], Recv[9]
2023-07-04 18:38:44,467[INFO ]:Sent LinkTest Response.
2023-07-04 18:38:44,467[INFO ]:>>> Sent HSMS Message >>> : SSID(65535), B2(0), B3(0), P(0), S(6), SB(15,596), Length[0]
2023-07-04 18:39:10,994[INFO ]:Send LinkTest Request.
2023-07-04 18:39:10,994[INFO ]:Queued HSMS Message : SSID(65535), B2(0), B3(0), P(0), S(5), SB(8), Length[0]
2023-07-04 18:39:10,994[INFO ]:Message Stat : Queue[1], Sent[0], Recv[8]
2023-07-04 18:39:11,040[INFO ]:>>> Sent HSMS Message >>> : SSID(65535), B2(0), B3(0), P(0), S(5), SB(8), Length[0]
2023-07-04 18:39:11,086[INFO ]:Received LinkTest Response.
2023-07-04 18:39:11,086[INFO ]:<<< Received HSMS Message <<< : SSID(65535), B2(0), B3(0), P(0), S(6), SB(8), Length[0]
2023-07-04 18:39:42,967[INFO ]:Received LinkTest Request.
2023-07-04 18:39:42,967[INFO ]:<<< Received HSMS Message <<< : SSID(65535), B2(0), B3(0), P(0), S(5), SB(15,602), Length[0]
2023-07-04 18:39:42,967[INFO ]:Queued HSMS Message : SSID(65535), B2(0), B3(0), P(0), S(6), SB(15,602), Length[0]
2023-07-04 18:39:42,967[INFO ]:Message Stat : Queue[1], Sent[0], Recv[10]
2023-07-04 18:39:42,980[INFO ]:Sent LinkTest Response.
2023-07-04 18:39:42,980[INFO ]:>>> Sent HSMS Message >>> : SSID(65535), B2(0), B3(0), P(0), S(6), SB(15,602), Length[0]
2023-07-04 18:40:14,466[INFO ]:Received LinkTest Request.
2023-07-04 18:40:14,466[INFO ]:<<< Received HSMS Message <<< : SSID(65535), B2(0), B3(0), P(0), S(5), SB(15,606), Length[0]
2023-07-04 18:40:14,466[INFO ]:Queued HSMS Message : SSID(65535), B2(0), B3(0), P(0), S(6), SB(15,606), Length[0]
2023-07-04 18:40:14,466[INFO ]:Message Stat : Queue[1], Sent[0], Recv[10]
2023-07-04 18:40:14,511[INFO ]:Sent LinkTest Response.
2023-07-04 18:40:14,511[INFO ]:>>> Sent HSMS Message >>> : SSID(65535), B2(0), B3(0), P(0), S(6), SB(15,606), Length[0]
2023-07-04 18:40:46,025[INFO ]:Received LinkTest Request.
2023-07-04 18:40:46,025[INFO ]:<<< Received HSMS Message <<< : SSID(65535), B2(0), B3(0), P(0), S(5), SB(15,610), Length[0]
2023-07-04 18:40:46,025[INFO ]:Queued HSMS Message : SSID(65535), B2(0), B3(0), P(0), S(6), SB(15,610), Length[0]
2023-07-04 18:40:46,025[INFO ]:Message Stat : Queue[1], Sent[0], Recv[10]
2023-07-04 18:40:46,055[INFO ]:Sent LinkTest Response.
2023-07-04 18:40:46,055[INFO ]:>>> Sent HSMS Message >>> : SSID(65535), B2(0), B3(0), P(0), S(6), SB(15,610), Length[0]
2023-07-04 18:41:12,732[INFO ]:Send LinkTest Request.
2023-07-04 18:41:12,732[INFO ]:Queued HSMS Message : SSID(65535), B2(0), B3(0), P(0), S(5), SB(9), Length[0]
2023-07-04 18:41:12,732[INFO ]:Message Stat : Queue[1], Sent[0], Recv[9]
2023-07-04 18:41:12,762[INFO ]:>>> Sent HSMS Message >>> : SSID(65535), B2(0), B3(0), P(0), S(5), SB(9), Length[0]
2023-07-04 18:41:12,808[INFO ]:Received LinkTest Response.
2023-07-04 18:41:12,808[INFO ]:<<< Received HSMS Message <<< : SSID(65535), B2(0), B3(0), P(0), S(6), SB(9), Length[0]
2023-07-04 18:41:43,083[INFO ]:Received LinkTest Request.
2023-07-04 18:41:43,084[INFO ]:<<< Received HSMS Message <<< : SSID(65535), B2(0), B3(0), P(0), S(5), SB(15,616), Length[0]
2023-07-04 18:41:43,084[INFO ]:Queued HSMS Message : SSID(65535), B2(0), B3(0), P(0), S(6), SB(15,616), Length[0]
2023-07-04 18:41:43,084[INFO ]:Message Stat : Queue[1], Sent[0], Recv[11]
2023-07-04 18:41:43,129[INFO ]:Sent LinkTest Response.
2023-07-04 18:41:43,129[INFO ]:>>> Sent HSMS Message >>> : SSID(65535), B2(0), B3(0), P(0), S(6), SB(15,616), Length[0]
2023-07-04 18:42:14,556[INFO ]:Received LinkTest Request.
2023-07-04 18:42:14,556[INFO ]:<<< Received HSMS Message <<< : SSID(65535), B2(0), B3(0), P(0), S(5), SB(15,620), Length[0]
2023-07-04 18:42:14,556[INFO ]:Queued HSMS Message : SSID(65535), B2(0), B3(0), P(0), S(6), SB(15,620), Length[0]
2023-07-04 18:42:14,556[INFO ]:Message Stat : Queue[1], Sent[0], Recv[11]
2023-07-04 18:42:14,572[INFO ]:Sent LinkTest Response.
2023-07-04 18:42:14,572[INFO ]:>>> Sent HSMS Message >>> : SSID(65535), B2(0), B3(0), P(0), S(6), SB(15,620), Length[0]
2023-07-04 18:42:46,058[INFO ]:Received LinkTest Request.
2023-07-04 18:42:46,058[INFO ]:<<< Received HSMS Message <<< : SSID(65535), B2(0), B3(0), P(0), S(5), SB(15,624), Length[0]
2023-07-04 18:42:46,058[INFO ]:Queued HSMS Message : SSID(65535), B2(0), B3(0), P(0), S(6), SB(15,624), Length[0]
2023-07-04 18:42:46,058[INFO ]:Message Stat : Queue[1], Sent[0], Recv[11]
2023-07-04 18:42:46,104[INFO ]:Sent LinkTest Response.
2023-07-04 18:42:46,104[INFO ]:>>> Sent HSMS Message >>> : SSID(65535), B2(0), B3(0), P(0), S(6), SB(15,624), Length[0]
2023-07-04 18:43:14,495[INFO ]:Send LinkTest Request.
2023-07-04 18:43:14,495[INFO ]:Queued HSMS Message : SSID(65535), B2(0), B3(0), P(0), S(5), SB(10), Length[0]
2023-07-04 18:43:14,495[INFO ]:Message Stat : Queue[1], Sent[0], Recv[10]
2023-07-04 18:43:14,540[INFO ]:>>> Sent HSMS Message >>> : SSID(65535), B2(0), B3(0), P(0), S(5), SB(10), Length[0]
2023-07-04 18:43:14,571[INFO ]:Received LinkTest Response.
2023-07-04 18:43:14,571[INFO ]:<<< Received HSMS Message <<< : SSID(65535), B2(0), B3(0), P(0), S(6), SB(10), Length[0]
2023-07-04 18:43:46,067[INFO ]:Received LinkTest Request.
2023-07-04 18:43:46,068[INFO ]:<<< Received HSMS Message <<< : SSID(65535), B2(0), B3(0), P(0), S(5), SB(15,630), Length[0]
2023-07-04 18:43:46,068[INFO ]:Queued HSMS Message : SSID(65535), B2(0), B3(0), P(0), S(6), SB(15,630), Length[0]
2023-07-04 18:43:46,068[INFO ]:Message Stat : Queue[1], Sent[0], Recv[12]
2023-07-04 18:43:46,096[INFO ]:Sent LinkTest Response.
2023-07-04 18:43:46,096[INFO ]:>>> Sent HSMS Message >>> : SSID(65535), B2(0), B3(0), P(0), S(6), SB(15,630), Length[0]
2023-07-04 18:44:17,588[INFO ]:Received LinkTest Request.
2023-07-04 18:44:17,588[INFO ]:<<< Received HSMS Message <<< : SSID(65535), B2(0), B3(0), P(0), S(5), SB(15,634), Length[0]
2023-07-04 18:44:17,588[INFO ]:Queued HSMS Message : SSID(65535), B2(0), B3(0), P(0), S(6), SB(15,634), Length[0]
2023-07-04 18:44:17,588[INFO ]:Message Stat : Queue[1], Sent[0], Recv[12]
2023-07-04 18:44:17,632[INFO ]:Sent LinkTest Response.
2023-07-04 18:44:17,632[INFO ]:>>> Sent HSMS Message >>> : SSID(65535), B2(0), B3(0), P(0), S(6), SB(15,634), Length[0]
2023-07-04 18:44:49,142[INFO ]:Received LinkTest Request.
2023-07-04 18:44:49,142[INFO ]:<<< Received HSMS Message <<< : SSID(65535), B2(0), B3(0), P(0), S(5), SB(15,638), Length[0]
2023-07-04 18:44:49,142[INFO ]:Queued HSMS Message : SSID(65535), B2(0), B3(0), P(0), S(6), SB(15,638), Length[0]
2023-07-04 18:44:49,142[INFO ]:Message Stat : Queue[1], Sent[0], Recv[12]
2023-07-04 18:44:49,172[INFO ]:Sent LinkTest Response.
2023-07-04 18:44:49,172[INFO ]:>>> Sent HSMS Message >>> : SSID(65535), B2(0), B3(0), P(0), S(6), SB(15,638), Length[0]
2023-07-04 18:45:16,192[INFO ]:Send LinkTest Request.
2023-07-04 18:45:16,192[INFO ]:Queued HSMS Message : SSID(65535), B2(0), B3(0), P(0), S(5), SB(11), Length[0]
2023-07-04 18:45:16,192[INFO ]:Message Stat : Queue[1], Sent[0], Recv[11]
2023-07-04 18:45:16,252[INFO ]:>>> Sent HSMS Message >>> : SSID(65535), B2(0), B3(0), P(0), S(5), SB(11), Length[0]
2023-07-04 18:45:16,298[INFO ]:Received LinkTest Response.
2023-07-04 18:45:16,298[INFO ]:<<< Received HSMS Message <<< : SSID(65535), B2(0), B3(0), P(0), S(6), SB(11), Length[0]
2023-07-04 18:45:47,632[INFO ]:Received LinkTest Request.
2023-07-04 18:45:47,632[INFO ]:<<< Received HSMS Message <<< : SSID(65535), B2(0), B3(0), P(0), S(5), SB(15,644), Length[0]
2023-07-04 18:45:47,632[INFO ]:Queued HSMS Message : SSID(65535), B2(0), B3(0), P(0), S(6), SB(15,644), Length[0]
2023-07-04 18:45:47,632[INFO ]:Message Stat : Queue[1], Sent[0], Recv[13]
2023-07-04 18:45:47,677[INFO ]:Sent LinkTest Response.
2023-07-04 18:45:47,677[INFO ]:>>> Sent HSMS Message >>> : SSID(65535), B2(0), B3(0), P(0), S(6), SB(15,644), Length[0]
2023-07-04 18:46:19,167[INFO ]:Received LinkTest Request.
2023-07-04 18:46:19,167[INFO ]:<<< Received HSMS Message <<< : SSID(65535), B2(0), B3(0), P(0), S(5), SB(15,648), Length[0]
2023-07-04 18:46:19,167[INFO ]:Queued HSMS Message : SSID(65535), B2(0), B3(0), P(0), S(6), SB(15,648), Length[0]
2023-07-04 18:46:19,167[INFO ]:Message Stat : Queue[1], Sent[0], Recv[13]
2023-07-04 18:46:19,213[INFO ]:Sent LinkTest Response.
2023-07-04 18:46:19,213[INFO ]:>>> Sent HSMS Message >>> : SSID(65535), B2(0), B3(0), P(0), S(6), SB(15,648), Length[0]
2023-07-04 18:46:50,632[INFO ]:Received LinkTest Request.
2023-07-04 18:46:50,632[INFO ]:<<< Received HSMS Message <<< : SSID(65535), B2(0), B3(0), P(0), S(5), SB(15,652), Length[0]
2023-07-04 18:46:50,632[INFO ]:Queued HSMS Message : SSID(65535), B2(0), B3(0), P(0), S(6), SB(15,652), Length[0]
2023-07-04 18:46:50,632[INFO ]:Message Stat : Queue[1], Sent[0], Recv[13]
2023-07-04 18:46:50,678[INFO ]:Sent LinkTest Response.
2023-07-04 18:46:50,678[INFO ]:>>> Sent HSMS Message >>> : SSID(65535), B2(0), B3(0), P(0), S(6), SB(15,652), Length[0]
2023-07-04 18:47:17,980[INFO ]:Send LinkTest Request.
2023-07-04 18:47:17,980[INFO ]:Queued HSMS Message : SSID(65535), B2(0), B3(0), P(0), S(5), SB(12), Length[0]
2023-07-04 18:47:17,980[INFO ]:Message Stat : Queue[1], Sent[0], Recv[12]
2023-07-04 18:47:18,025[INFO ]:>>> Sent HSMS Message >>> : SSID(65535), B2(0), B3(0), P(0), S(5), SB(12), Length[0]
2023-07-04 18:47:18,055[INFO ]:Received LinkTest Response.
2023-07-04 18:47:18,055[INFO ]:<<< Received HSMS Message <<< : SSID(65535), B2(0), B3(0), P(0), S(6), SB(12), Length[0]
2023-07-04 18:47:49,172[INFO ]:Received LinkTest Request.
2023-07-04 18:47:49,172[INFO ]:<<< Received HSMS Message <<< : SSID(65535), B2(0), B3(0), P(0), S(5), SB(15,658), Length[0]
2023-07-04 18:47:49,172[INFO ]:Queued HSMS Message : SSID(65535), B2(0), B3(0), P(0), S(6), SB(15,658), Length[0]
2023-07-04 18:47:49,172[INFO ]:Message Stat : Queue[1], Sent[0], Recv[14]
2023-07-04 18:47:49,216[INFO ]:Sent LinkTest Response.
2023-07-04 18:47:49,216[INFO ]:>>> Sent HSMS Message >>> : SSID(65535), B2(0), B3(0), P(0), S(6), SB(15,658), Length[0]
2023-07-04 18:48:20,736[INFO ]:Received LinkTest Request.
2023-07-04 18:48:20,736[INFO ]:<<< Received HSMS Message <<< : SSID(65535), B2(0), B3(0), P(0), S(5), SB(15,662), Length[0]
2023-07-04 18:48:20,736[INFO ]:Queued HSMS Message : SSID(65535), B2(0), B3(0), P(0), S(6), SB(15,662), Length[0]
2023-07-04 18:48:20,736[INFO ]:Message Stat : Queue[1], Sent[0], Recv[14]
2023-07-04 18:48:20,796[INFO ]:Sent LinkTest Response.
2023-07-04 18:48:20,796[INFO ]:>>> Sent HSMS Message >>> : SSID(65535), B2(0), B3(0), P(0), S(6), SB(15,662), Length[0]
2023-07-04 18:48:52,221[INFO ]:Received LinkTest Request.
2023-07-04 18:48:52,221[INFO ]:<<< Received HSMS Message <<< : SSID(65535), B2(0), B3(0), P(0), S(5), SB(15,666), Length[0]
2023-07-04 18:48:52,221[INFO ]:Queued HSMS Message : SSID(65535), B2(0), B3(0), P(0), S(6), SB(15,666), Length[0]
2023-07-04 18:48:52,221[INFO ]:Message Stat : Queue[1], Sent[0], Recv[14]
2023-07-04 18:48:52,267[INFO ]:Sent LinkTest Response.
2023-07-04 18:48:52,267[INFO ]:>>> Sent HSMS Message >>> : SSID(65535), B2(0), B3(0), P(0), S(6), SB(15,666), Length[0]
2023-07-04 18:49:19,690[INFO ]:Send LinkTest Request.
2023-07-04 18:49:19,690[INFO ]:Queued HSMS Message : SSID(65535), B2(0), B3(0), P(0), S(5), SB(13), Length[0]
2023-07-04 18:49:19,690[INFO ]:Message Stat : Queue[1], Sent[0], Recv[13]
2023-07-04 18:49:19,735[INFO ]:>>> Sent HSMS Message >>> : SSID(65535), B2(0), B3(0), P(0), S(5), SB(13), Length[0]
2023-07-04 18:49:19,780[INFO ]:Received LinkTest Response.
2023-07-04 18:49:19,780[INFO ]:<<< Received HSMS Message <<< : SSID(65535), B2(0), B3(0), P(0), S(6), SB(13), Length[0]
2023-07-04 18:49:27,671[INFO ]:HSMS Connection State Is Changed : 3 -> 1
2023-07-04 18:49:27,673[INFO ]:Received Separate Request.
2023-07-04 18:49:27,673[INFO ]:<<< Received HSMS Message <<< : SSID(65535), B2(0), B3(0), P(0), S(9), SB(15,672), Length[0]
2023-07-04 18:49:27,673[ERROR]:Found disconnection on the reading the receive message.
2023-07-04 18:49:27,673[INFO ]:Finish RunThreadRecv()
2023-07-04 18:49:27,673[INFO ]:Stop Recv Thread.
2023-07-04 18:49:27,673[INFO ]:HSMS Connection State Is Changed : 1 -> 0
2023-07-04 18:49:27,683[INFO ]:Finish Current Connection...
2023-07-04 18:49:27,684[INFO ]:HSMS Close Current Session : Passive Mode
2023-07-04 18:49:27,684[INFO ]:Killing Basic Timer
2023-07-04 18:49:27,684[INFO ]:Killed Basic Timer
2023-07-04 18:49:27,685[INFO ]:HSMS Close Socket : Wait to get sync key.
2023-07-04 18:49:27,685[INFO ]:HSMS Close Socket : success to get sync key.
2023-07-04 18:49:27,685[INFO ]:HSMS Shutdown Socket.
2023-07-04 18:49:27,685[INFO ]:HSMS Close Socket Object.
2023-07-04 18:49:27,685[INFO ]:Complete HSMS CloseSocket
2023-07-04 18:49:27,685[INFO ]:Wait T5 (Connect Separation Timeout) Start.
2023-07-04 18:49:38,281[INFO ]:Wait T5 (Connect Separation Timeout) End.
2023-07-04 18:49:38,281[INFO ]:Listening State Changed : Open
2023-07-04 18:49:38,281[INFO ]:Socket Listener was Started.
2023-07-04 18:49:38,281[INFO ]:Before Clear Queue.
2023-07-04 18:49:38,281[INFO ]:Clear Queue.
2023-07-04 18:49:38,281[INFO ]:Waiting New Connection...
2023-07-04 18:49:42,996[INFO ]:Accept New Connection.
2023-07-04 18:49:42,996[INFO ]:Listening State Changed : Close
2023-07-04 18:49:42,996[INFO ]:Start New Connection.
2023-07-04 18:49:42,996[INFO ]:HSMS Connection State Is Changed : 0 -> 1
2023-07-04 18:49:42,997[INFO ]:Start Basic Timer Due(1000), Period(1000)
2023-07-04 18:49:42,997[INFO ]:Started Basic Timer.
2023-07-04 18:49:43,000[INFO ]:Start Recv Thread.
2023-07-04 18:49:43,000[INFO ]:Start RunThreadRecv()
2023-07-04 18:49:43,000[INFO ]:Queued HSMS Message : SSID(65535), B2(0), B3(0), P(0), S(2), SB(15,678), Length[0]
2023-07-04 18:49:43,000[INFO ]:Message Stat : Queue[1], Sent[0], Recv[1]
2023-07-04 18:49:43,000[INFO ]:HSMS Connection State Is Changed : 1 -> 3
2023-07-04 18:49:43,002[INFO ]:Received Select Request.
2023-07-04 18:49:43,002[INFO ]:<<< Received HSMS Message <<< : SSID(65535), B2(0), B3(0), P(0), S(1), SB(15,678), Length[0]
2023-07-04 18:49:43,002[INFO ]:Send LinkTest Request.
2023-07-04 18:49:43,002[INFO ]:Queued HSMS Message : SSID(65535), B2(0), B3(0), P(0), S(5), SB(14), Length[0]
2023-07-04 18:49:43,002[INFO ]:Message Stat : Queue[2], Sent[0], Recv[1]
2023-07-04 18:49:43,027[INFO ]:Queued HSMS Message : SSID(1), B2(129), B3(13), P(0), S(0), SB(15), Length[10]
2023-07-04 18:49:43,027[INFO ]:Message Stat : Queue[3], Sent[0], Recv[1]
2023-07-04 18:49:43,057[INFO ]:Sent Select Response.
2023-07-04 18:49:43,057[INFO ]:>>> Sent HSMS Message >>> : SSID(65535), B2(0), B3(0), P(0), S(2), SB(15,678), Length[0]
2023-07-04 18:49:43,057[INFO ]:>>> Sent HSMS Message >>> : SSID(65535), B2(0), B3(0), P(0), S(5), SB(14), Length[0]
2023-07-04 18:49:43,057[INFO ]:>>> Sent HSMS Message >>> : SSID(1), B2(129), B3(13), P(0), S(0), SB(15), Length[10]
2023-07-04 18:49:43,057[DEBUG]:>>>> HSMS Data [10] >>>>
    01-02-41-03  44-46-52-41  01-30
2023-07-04 18:49:43,072[INFO ]:Received LinkTest Response.
2023-07-04 18:49:43,072[INFO ]:<<< Received HSMS Message <<< : SSID(65535), B2(0), B3(0), P(0), S(6), SB(14), Length[0]
2023-07-04 18:49:43,072[INFO ]:<<< Received HSMS Message <<< : SSID(1), B2(1), B3(14), P(0), S(0), SB(15), Length[7]
2023-07-04 18:49:43,072[DEBUG]:<<<< HSMS Data [7] <<<<
    01-02-21-01  00-01-00
2023-07-04 18:50:00,974[INFO ]:HSMS Connection State Is Changed : 3 -> 1
2023-07-04 18:50:00,974[INFO ]:Received Separate Request.
2023-07-04 18:50:00,974[INFO ]:<<< Received HSMS Message <<< : SSID(65535), B2(0), B3(0), P(0), S(9), SB(15,686), Length[0]
2023-07-04 18:50:00,974[ERROR]:Found disconnection on the reading the receive message.
2023-07-04 18:50:00,974[INFO ]:Finish RunThreadRecv()
2023-07-04 18:50:00,974[INFO ]:Stop Recv Thread.
2023-07-04 18:50:00,974[INFO ]:HSMS Connection State Is Changed : 1 -> 0
2023-07-04 18:50:01,034[INFO ]:Finish Current Connection...
2023-07-04 18:50:01,034[INFO ]:HSMS Close Current Session : Passive Mode
2023-07-04 18:50:01,034[INFO ]:Killing Basic Timer
2023-07-04 18:50:01,034[INFO ]:Killed Basic Timer
2023-07-04 18:50:01,034[INFO ]:HSMS Close Socket : Wait to get sync key.
2023-07-04 18:50:01,034[INFO ]:HSMS Close Socket : success to get sync key.
2023-07-04 18:50:01,034[INFO ]:HSMS Shutdown Socket.
2023-07-04 18:50:01,034[INFO ]:HSMS Close Socket Object.
2023-07-04 18:50:01,034[INFO ]:Complete HSMS CloseSocket
2023-07-04 18:50:01,034[INFO ]:Wait T5 (Connect Separation Timeout) Start.
2023-07-04 18:50:11,684[INFO ]:Wait T5 (Connect Separation Timeout) End.
2023-07-04 18:50:11,684[INFO ]:Listening State Changed : Open
2023-07-04 18:50:11,684[INFO ]:Socket Listener was Started.
2023-07-04 18:50:11,684[INFO ]:Before Clear Queue.
2023-07-04 18:50:11,684[INFO ]:Clear Queue.
2023-07-04 18:50:11,684[INFO ]:Waiting New Connection...
