2023-07-05 06:40:42,170[INFO ]:Queued SECS2 Message : S1F13
2023-07-05 06:40:42,204[INFO ]:SENT SECS2 Message : SSID(1), B2(129), B3(13), P(0), S(0), SB(1)
2023-07-05 06:40:42,206[INFO ]:>>>S1F13 W>>>  
<L [2] 
    <A [3] "DFR">
    <A [1] "0">
>
2023-07-05 06:40:42,234[INFO ]:RECV SECS2 Message : SSID(1), B2(1), B3(14), P(0), S(0), SB(1), Length[7]
2023-07-05 06:40:42,234[DEBUG]:<<<S1F14<<<  
<L [2] 
    <B [1] 00 >
    <L [0] >
>
2023-07-05 06:41:49,730[INFO ]:Queued SECS2 Message : S6F11
2023-07-05 06:41:49,745[INFO ]:Queued SECS2 Message : S6F11
2023-07-05 06:41:49,790[INFO ]:SENT SECS2 Message : SSID(1), B2(134), B3(11), P(0), S(0), SB(2)
2023-07-05 06:41:49,790[INFO ]:>>>S6F11 W>>>  
<L [3] 
    <U4 [1] 0 >
    <U4 [1] `SubstrateLocationOccupied` 1201 >
    <L [1] 
        <L [2] 
            <U4 [1] 109 >
            <L [2] 
                <A [4] `ModuleID` "IP01">
                <A [7] `GlassID` "glassid">
            >
        >
    >
>
2023-07-05 06:41:49,794[INFO ]:SENT SECS2 Message : SSID(1), B2(134), B3(11), P(0), S(0), SB(3)
2023-07-05 06:41:49,794[INFO ]:>>>S6F11 W>>>  
<L [3] 
    <U4 [1] 0 >
    <U4 [1] `ModuleStart` 1101 >
    <L [1] 
        <L [2] 
            <U4 [1] 108 >
            <L [1] 
                <A [4] `ModuleID` "IP01">
            >
        >
    >
>
2023-07-05 06:41:49,851[INFO ]:RECV SECS2 Message : SSID(1), B2(6), B3(12), P(0), S(0), SB(2), Length[3]
2023-07-05 06:41:49,851[DEBUG]:<<<S6F12<<<  
<B [1] 00 >
2023-07-05 06:41:49,851[INFO ]:RECV SECS2 Message : SSID(1), B2(6), B3(12), P(0), S(0), SB(3), Length[3]
2023-07-05 06:41:49,851[DEBUG]:<<<S6F12<<<  
<B [1] 00 >
2023-07-05 06:41:50,137[INFO ]:Queued SECS2 Message : S6F11
2023-07-05 06:41:50,152[INFO ]:SENT SECS2 Message : SSID(1), B2(134), B3(11), P(0), S(0), SB(4)
2023-07-05 06:41:50,153[INFO ]:Queued SECS2 Message : S6F11
2023-07-05 06:41:50,153[INFO ]:>>>S6F11 W>>>  
<L [3] 
    <U4 [1] 0 >
    <U4 [1] `EquipmentStateChanged` 1051 >
    <L [1] 
        <L [2] 
            <U4 [1] 104 >
            <L [2] 
                <U2 [1] `EqpState` 2 >
                <U2 [1] `PreviousEqpState` 1 >
            >
        >
    >
>
2023-07-05 06:41:50,153[INFO ]:SENT SECS2 Message : SSID(1), B2(134), B3(11), P(0), S(0), SB(5)
2023-07-05 06:41:50,153[INFO ]:>>>S6F11 W>>>  
<L [3] 
    <U4 [1] 0 >
    <U4 [1] `SubstrateLocationOccupied` 1201 >
    <L [1] 
        <L [2] 
            <U4 [1] 109 >
            <L [2] 
                <A [4] `ModuleID` "IP01">
                <A [7] `GlassID` "glassid">
            >
        >
    >
>
2023-07-05 06:41:50,229[INFO ]:RECV SECS2 Message : SSID(1), B2(6), B3(12), P(0), S(0), SB(4), Length[3]
2023-07-05 06:41:50,229[DEBUG]:<<<S6F12<<<  
<B [1] 00 >
2023-07-05 06:41:50,230[INFO ]:RECV SECS2 Message : SSID(1), B2(6), B3(12), P(0), S(0), SB(5), Length[3]
2023-07-05 06:41:50,230[DEBUG]:<<<S6F12<<<  
<B [1] 00 >
2023-07-05 06:41:53,283[INFO ]:Queued SECS2 Message : S6F11
2023-07-05 06:41:53,314[INFO ]:SENT SECS2 Message : SSID(1), B2(134), B3(11), P(0), S(0), SB(6)
2023-07-05 06:41:53,314[INFO ]:>>>S6F11 W>>>  
<L [3] 
    <U4 [1] 0 >
    <U4 [1] `SubstrateLocationOccupied` 1201 >
    <L [1] 
        <L [2] 
            <U4 [1] 109 >
            <L [2] 
                <A [4] `ModuleID` "IP01">
                <A [7] `GlassID` "glassid">
            >
        >
    >
>
2023-07-05 06:41:53,344[INFO ]:RECV SECS2 Message : SSID(1), B2(6), B3(12), P(0), S(0), SB(6), Length[3]
2023-07-05 06:41:53,344[DEBUG]:<<<S6F12<<<  
<B [1] 00 >
2023-07-05 06:41:55,292[INFO ]:Queued SECS2 Message : S6F11
2023-07-05 06:41:55,322[INFO ]:SENT SECS2 Message : SSID(1), B2(134), B3(11), P(0), S(0), SB(7)
2023-07-05 06:41:55,322[INFO ]:>>>S6F11 W>>>  
<L [3] 
    <U4 [1] 0 >
    <U4 [1] `ModuleStart` 1101 >
    <L [1] 
        <L [2] 
            <U4 [1] 108 >
            <L [1] 
                <A [5] `ModuleID` "DEV01">
            >
        >
    >
>
2023-07-05 06:41:55,397[INFO ]:RECV SECS2 Message : SSID(1), B2(6), B3(12), P(0), S(0), SB(7), Length[3]
2023-07-05 06:41:55,398[DEBUG]:<<<S6F12<<<  
<B [1] 00 >
2023-07-05 06:41:55,702[INFO ]:Queued SECS2 Message : S6F11
2023-07-05 06:41:55,748[INFO ]:SENT SECS2 Message : SSID(1), B2(134), B3(11), P(0), S(0), SB(8)
2023-07-05 06:41:55,748[INFO ]:>>>S6F11 W>>>  
<L [3] 
    <U4 [1] 0 >
    <U4 [1] `ModuleEnd` 1102 >
    <L [1] 
        <L [2] 
            <U4 [1] 108 >
            <L [1] 
                <A [4] `ModuleID` "IP01">
            >
        >
    >
>
2023-07-05 06:41:55,779[INFO ]:RECV SECS2 Message : SSID(1), B2(6), B3(12), P(0), S(0), SB(8), Length[3]
2023-07-05 06:41:55,779[DEBUG]:<<<S6F12<<<  
<B [1] 00 >
2023-07-05 06:41:56,553[INFO ]:Queued SECS2 Message : S6F11
2023-07-05 06:41:56,599[INFO ]:SENT SECS2 Message : SSID(1), B2(134), B3(11), P(0), S(0), SB(9)
2023-07-05 06:41:56,600[INFO ]:>>>S6F11 W>>>  
<L [3] 
    <U4 [1] 0 >
    <U4 [1] `SubstrateLocationOccupied` 1201 >
    <L [1] 
        <L [2] 
            <U4 [1] 109 >
            <L [2] 
                <A [5] `ModuleID` "DEV01">
                <A [7] `GlassID` "glassid">
            >
        >
    >
>
2023-07-05 06:41:56,625[INFO ]:RECV SECS2 Message : SSID(1), B2(6), B3(12), P(0), S(0), SB(9), Length[3]
2023-07-05 06:41:56,625[DEBUG]:<<<S6F12<<<  
<B [1] 00 >
2023-07-05 06:41:58,173[INFO ]:Queued SECS2 Message : S6F11
2023-07-05 06:41:58,234[INFO ]:SENT SECS2 Message : SSID(1), B2(134), B3(11), P(0), S(0), SB(10)
2023-07-05 06:41:58,234[INFO ]:>>>S6F11 W>>>  
<L [3] 
    <U4 [1] 0 >
    <U4 [1] `ModuleStart` 1101 >
    <L [1] 
        <L [2] 
            <U4 [1] 108 >
            <L [1] 
                <A [4] `ModuleID` "RS01">
            >
        >
    >
>
2023-07-05 06:41:58,280[INFO ]:RECV SECS2 Message : SSID(1), B2(6), B3(12), P(0), S(0), SB(10), Length[3]
2023-07-05 06:41:58,280[DEBUG]:<<<S6F12<<<  
<B [1] 00 >
2023-07-05 06:41:58,582[INFO ]:Queued SECS2 Message : S6F11
2023-07-05 06:41:58,597[INFO ]:SENT SECS2 Message : SSID(1), B2(134), B3(11), P(0), S(0), SB(11)
2023-07-05 06:41:58,597[INFO ]:>>>S6F11 W>>>  
<L [3] 
    <U4 [1] 0 >
    <U4 [1] `ModuleEnd` 1102 >
    <L [1] 
        <L [2] 
            <U4 [1] 108 >
            <L [1] 
                <A [5] `ModuleID` "DEV01">
            >
        >
    >
>
2023-07-05 06:41:58,659[INFO ]:RECV SECS2 Message : SSID(1), B2(6), B3(12), P(0), S(0), SB(11), Length[3]
2023-07-05 06:41:58,659[DEBUG]:<<<S6F12<<<  
<B [1] 00 >
2023-07-05 06:41:59,435[INFO ]:Queued SECS2 Message : S6F11
2023-07-05 06:41:59,451[INFO ]:SENT SECS2 Message : SSID(1), B2(134), B3(11), P(0), S(0), SB(12)
2023-07-05 06:41:59,451[INFO ]:>>>S6F11 W>>>  
<L [3] 
    <U4 [1] 0 >
    <U4 [1] `SubstrateLocationOccupied` 1201 >
    <L [1] 
        <L [2] 
            <U4 [1] 109 >
            <L [2] 
                <A [4] `ModuleID` "RS01">
                <A [7] `GlassID` "glassid">
            >
        >
    >
>
2023-07-05 06:41:59,496[INFO ]:RECV SECS2 Message : SSID(1), B2(6), B3(12), P(0), S(0), SB(12), Length[3]
2023-07-05 06:41:59,496[DEBUG]:<<<S6F12<<<  
<B [1] 00 >
2023-07-05 06:42:01,066[INFO ]:Queued SECS2 Message : S6F11
2023-07-05 06:42:01,097[INFO ]:SENT SECS2 Message : SSID(1), B2(134), B3(11), P(0), S(0), SB(13)
2023-07-05 06:42:01,097[INFO ]:>>>S6F11 W>>>  
<L [3] 
    <U4 [1] 0 >
    <U4 [1] `ModuleStart` 1101 >
    <L [1] 
        <L [2] 
            <U4 [1] 108 >
            <L [1] 
                <A [4] `ModuleID` "RS02">
            >
        >
    >
>
2023-07-05 06:42:01,173[INFO ]:RECV SECS2 Message : SSID(1), B2(6), B3(12), P(0), S(0), SB(13), Length[3]
2023-07-05 06:42:01,173[DEBUG]:<<<S6F12<<<  
<B [1] 00 >
2023-07-05 06:42:01,478[INFO ]:Queued SECS2 Message : S6F11
2023-07-05 06:42:01,522[INFO ]:SENT SECS2 Message : SSID(1), B2(134), B3(11), P(0), S(0), SB(14)
2023-07-05 06:42:01,522[INFO ]:>>>S6F11 W>>>  
<L [3] 
    <U4 [1] 0 >
    <U4 [1] `ModuleEnd` 1102 >
    <L [1] 
        <L [2] 
            <U4 [1] 108 >
            <L [1] 
                <A [4] `ModuleID` "RS01">
            >
        >
    >
>
2023-07-05 06:42:01,552[INFO ]:RECV SECS2 Message : SSID(1), B2(6), B3(12), P(0), S(0), SB(14), Length[3]
2023-07-05 06:42:01,552[DEBUG]:<<<S6F12<<<  
<B [1] 00 >
2023-07-05 06:42:02,329[INFO ]:Queued SECS2 Message : S6F11
2023-07-05 06:42:02,375[INFO ]:SENT SECS2 Message : SSID(1), B2(134), B3(11), P(0), S(0), SB(15)
2023-07-05 06:42:02,375[INFO ]:>>>S6F11 W>>>  
<L [3] 
    <U4 [1] 0 >
    <U4 [1] `SubstrateLocationOccupied` 1201 >
    <L [1] 
        <L [2] 
            <U4 [1] 109 >
            <L [2] 
                <A [4] `ModuleID` "RS02">
                <A [7] `GlassID` "glassid">
            >
        >
    >
>
2023-07-05 06:42:02,401[INFO ]:RECV SECS2 Message : SSID(1), B2(6), B3(12), P(0), S(0), SB(15), Length[3]
2023-07-05 06:42:02,401[DEBUG]:<<<S6F12<<<  
<B [1] 00 >
2023-07-05 06:42:03,957[INFO ]:Queued SECS2 Message : S6F11
2023-07-05 06:42:04,017[INFO ]:SENT SECS2 Message : SSID(1), B2(134), B3(11), P(0), S(0), SB(16)
2023-07-05 06:42:04,017[INFO ]:>>>S6F11 W>>>  
<L [3] 
    <U4 [1] 0 >
    <U4 [1] `ModuleStart` 1101 >
    <L [1] 
        <L [2] 
            <U4 [1] 108 >
            <L [1] 
                <A [4] `ModuleID` "RS03">
            >
        >
    >
>
2023-07-05 06:42:04,047[INFO ]:RECV SECS2 Message : SSID(1), B2(6), B3(12), P(0), S(0), SB(16), Length[3]
2023-07-05 06:42:04,047[DEBUG]:<<<S6F12<<<  
<B [1] 00 >
2023-07-05 06:42:04,365[INFO ]:Queued SECS2 Message : S6F11
2023-07-05 06:42:04,380[INFO ]:SENT SECS2 Message : SSID(1), B2(134), B3(11), P(0), S(0), SB(17)
2023-07-05 06:42:04,380[INFO ]:>>>S6F11 W>>>  
<L [3] 
    <U4 [1] 0 >
    <U4 [1] `ModuleEnd` 1102 >
    <L [1] 
        <L [2] 
            <U4 [1] 108 >
            <L [1] 
                <A [4] `ModuleID` "RS02">
            >
        >
    >
>
2023-07-05 06:42:04,425[INFO ]:RECV SECS2 Message : SSID(1), B2(6), B3(12), P(0), S(0), SB(17), Length[3]
2023-07-05 06:42:04,425[DEBUG]:<<<S6F12<<<  
<B [1] 00 >
2023-07-05 06:42:05,215[INFO ]:Queued SECS2 Message : S6F11
2023-07-05 06:42:05,230[INFO ]:SENT SECS2 Message : SSID(1), B2(134), B3(11), P(0), S(0), SB(18)
2023-07-05 06:42:05,231[INFO ]:>>>S6F11 W>>>  
<L [3] 
    <U4 [1] 0 >
    <U4 [1] `SubstrateLocationOccupied` 1201 >
    <L [1] 
        <L [2] 
            <U4 [1] 109 >
            <L [2] 
                <A [4] `ModuleID` "RS03">
                <A [7] `GlassID` "glassid">
            >
        >
    >
>
2023-07-05 06:42:05,261[INFO ]:RECV SECS2 Message : SSID(1), B2(6), B3(12), P(0), S(0), SB(18), Length[3]
2023-07-05 06:42:05,261[DEBUG]:<<<S6F12<<<  
<B [1] 00 >
2023-07-05 06:42:06,845[INFO ]:Queued SECS2 Message : S6F11
2023-07-05 06:42:06,877[INFO ]:SENT SECS2 Message : SSID(1), B2(134), B3(11), P(0), S(0), SB(19)
2023-07-05 06:42:06,877[INFO ]:>>>S6F11 W>>>  
<L [3] 
    <U4 [1] 0 >
    <U4 [1] `ModuleStart` 1101 >
    <L [1] 
        <L [2] 
            <U4 [1] 108 >
            <L [1] 
                <A [4] `ModuleID` "RS04">
            >
        >
    >
>
2023-07-05 06:42:06,937[INFO ]:RECV SECS2 Message : SSID(1), B2(6), B3(12), P(0), S(0), SB(19), Length[3]
2023-07-05 06:42:06,937[DEBUG]:<<<S6F12<<<  
<B [1] 00 >
2023-07-05 06:42:07,258[INFO ]:Queued SECS2 Message : S6F11
2023-07-05 06:42:07,304[INFO ]:SENT SECS2 Message : SSID(1), B2(134), B3(11), P(0), S(0), SB(20)
2023-07-05 06:42:07,304[INFO ]:>>>S6F11 W>>>  
<L [3] 
    <U4 [1] 0 >
    <U4 [1] `ModuleEnd` 1102 >
    <L [1] 
        <L [2] 
            <U4 [1] 108 >
            <L [1] 
                <A [4] `ModuleID` "RS03">
            >
        >
    >
>
2023-07-05 06:42:07,331[INFO ]:RECV SECS2 Message : SSID(1), B2(6), B3(12), P(0), S(0), SB(20), Length[3]
2023-07-05 06:42:07,331[DEBUG]:<<<S6F12<<<  
<B [1] 00 >
2023-07-05 06:42:08,106[INFO ]:Queued SECS2 Message : S6F11
2023-07-05 06:42:08,153[INFO ]:SENT SECS2 Message : SSID(1), B2(134), B3(11), P(0), S(0), SB(21)
2023-07-05 06:42:08,153[INFO ]:>>>S6F11 W>>>  
<L [3] 
    <U4 [1] 0 >
    <U4 [1] `SubstrateLocationOccupied` 1201 >
    <L [1] 
        <L [2] 
            <U4 [1] 109 >
            <L [2] 
                <A [4] `ModuleID` "RS04">
                <A [7] `GlassID` "glassid">
            >
        >
    >
>
2023-07-05 06:42:08,229[INFO ]:RECV SECS2 Message : SSID(1), B2(6), B3(12), P(0), S(0), SB(21), Length[3]
2023-07-05 06:42:08,229[DEBUG]:<<<S6F12<<<  
<B [1] 00 >
2023-07-05 06:42:09,732[INFO ]:Queued SECS2 Message : S6F11
2023-07-05 06:42:09,794[INFO ]:SENT SECS2 Message : SSID(1), B2(134), B3(11), P(0), S(0), SB(22)
2023-07-05 06:42:09,794[INFO ]:>>>S6F11 W>>>  
<L [3] 
    <U4 [1] 0 >
    <U4 [1] `ModuleStart` 1101 >
    <L [1] 
        <L [2] 
            <U4 [1] 108 >
            <L [1] 
                <A [4] `ModuleID` "RS05">
            >
        >
    >
>
2023-07-05 06:42:09,823[INFO ]:RECV SECS2 Message : SSID(1), B2(6), B3(12), P(0), S(0), SB(22), Length[3]
2023-07-05 06:42:09,823[DEBUG]:<<<S6F12<<<  
<B [1] 00 >
2023-07-05 06:42:10,142[INFO ]:Queued SECS2 Message : S6F11
2023-07-05 06:42:10,157[INFO ]:SENT SECS2 Message : SSID(1), B2(134), B3(11), P(0), S(0), SB(23)
2023-07-05 06:42:10,157[INFO ]:>>>S6F11 W>>>  
<L [3] 
    <U4 [1] 0 >
    <U4 [1] `ModuleEnd` 1102 >
    <L [1] 
        <L [2] 
            <U4 [1] 108 >
            <L [1] 
                <A [4] `ModuleID` "RS04">
            >
        >
    >
>
2023-07-05 06:42:10,202[INFO ]:RECV SECS2 Message : SSID(1), B2(6), B3(12), P(0), S(0), SB(23), Length[3]
2023-07-05 06:42:10,202[DEBUG]:<<<S6F12<<<  
<B [1] 00 >
2023-07-05 06:42:10,999[INFO ]:Queued SECS2 Message : S6F11
2023-07-05 06:42:11,013[INFO ]:SENT SECS2 Message : SSID(1), B2(134), B3(11), P(0), S(0), SB(24)
2023-07-05 06:42:11,013[INFO ]:>>>S6F11 W>>>  
<L [3] 
    <U4 [1] 0 >
    <U4 [1] `SubstrateLocationOccupied` 1201 >
    <L [1] 
        <L [2] 
            <U4 [1] 109 >
            <L [2] 
                <A [4] `ModuleID` "RS05">
                <A [7] `GlassID` "glassid">
            >
        >
    >
>
2023-07-05 06:42:11,044[INFO ]:RECV SECS2 Message : SSID(1), B2(6), B3(12), P(0), S(0), SB(24), Length[3]
2023-07-05 06:42:11,044[DEBUG]:<<<S6F12<<<  
<B [1] 00 >
2023-07-05 06:42:12,626[INFO ]:Queued SECS2 Message : S6F11
2023-07-05 06:42:12,657[INFO ]:SENT SECS2 Message : SSID(1), B2(134), B3(11), P(0), S(0), SB(25)
2023-07-05 06:42:12,657[INFO ]:>>>S6F11 W>>>  
<L [3] 
    <U4 [1] 0 >
    <U4 [1] `ModuleStart` 1101 >
    <L [1] 
        <L [2] 
            <U4 [1] 108 >
            <L [1] 
                <A [4] `ModuleID` "AK01">
            >
        >
    >
>
2023-07-05 06:42:12,716[INFO ]:RECV SECS2 Message : SSID(1), B2(6), B3(12), P(0), S(0), SB(25), Length[3]
2023-07-05 06:42:12,717[DEBUG]:<<<S6F12<<<  
<B [1] 00 >
2023-07-05 06:42:13,035[INFO ]:Queued SECS2 Message : S6F11
2023-07-05 06:42:13,081[INFO ]:SENT SECS2 Message : SSID(1), B2(134), B3(11), P(0), S(0), SB(26)
2023-07-05 06:42:13,081[INFO ]:>>>S6F11 W>>>  
<L [3] 
    <U4 [1] 0 >
    <U4 [1] `ModuleEnd` 1102 >
    <L [1] 
        <L [2] 
            <U4 [1] 108 >
            <L [1] 
                <A [4] `ModuleID` "RS05">
            >
        >
    >
>
2023-07-05 06:42:13,102[INFO ]:RECV SECS2 Message : SSID(1), B2(6), B3(12), P(0), S(0), SB(26), Length[3]
2023-07-05 06:42:13,102[DEBUG]:<<<S6F12<<<  
<B [1] 00 >
2023-07-05 06:42:13,892[INFO ]:Queued SECS2 Message : S6F11
2023-07-05 06:42:13,938[INFO ]:SENT SECS2 Message : SSID(1), B2(134), B3(11), P(0), S(0), SB(27)
2023-07-05 06:42:13,938[INFO ]:>>>S6F11 W>>>  
<L [3] 
    <U4 [1] 0 >
    <U4 [1] `SubstrateLocationOccupied` 1201 >
    <L [1] 
        <L [2] 
            <U4 [1] 109 >
            <L [2] 
                <A [4] `ModuleID` "AK01">
                <A [7] `GlassID` "glassid">
            >
        >
    >
>
2023-07-05 06:42:14,014[INFO ]:RECV SECS2 Message : SSID(1), B2(6), B3(12), P(0), S(0), SB(27), Length[3]
2023-07-05 06:42:14,014[DEBUG]:<<<S6F12<<<  
<B [1] 00 >
2023-07-05 06:42:15,517[INFO ]:Queued SECS2 Message : S6F11
2023-07-05 06:42:15,578[INFO ]:SENT SECS2 Message : SSID(1), B2(134), B3(11), P(0), S(0), SB(28)
2023-07-05 06:42:15,578[INFO ]:>>>S6F11 W>>>  
<L [3] 
    <U4 [1] 0 >
    <U4 [1] `ModuleStart` 1101 >
    <L [1] 
        <L [2] 
            <U4 [1] 108 >
            <L [1] 
                <A [4] `ModuleID` "BF01">
            >
        >
    >
>
2023-07-05 06:42:15,603[INFO ]:RECV SECS2 Message : SSID(1), B2(6), B3(12), P(0), S(0), SB(28), Length[3]
2023-07-05 06:42:15,603[DEBUG]:<<<S6F12<<<  
<B [1] 00 >
2023-07-05 06:42:15,927[INFO ]:Queued SECS2 Message : S6F11
2023-07-05 06:42:15,943[INFO ]:SENT SECS2 Message : SSID(1), B2(134), B3(11), P(0), S(0), SB(29)
2023-07-05 06:42:15,943[INFO ]:>>>S6F11 W>>>  
<L [3] 
    <U4 [1] 0 >
    <U4 [1] `ModuleEnd` 1102 >
    <L [1] 
        <L [2] 
            <U4 [1] 108 >
            <L [1] 
                <A [4] `ModuleID` "AK01">
            >
        >
    >
>
2023-07-05 06:42:15,972[INFO ]:RECV SECS2 Message : SSID(1), B2(6), B3(12), P(0), S(0), SB(29), Length[3]
2023-07-05 06:42:15,972[DEBUG]:<<<S6F12<<<  
<B [1] 00 >
2023-07-05 06:42:16,775[INFO ]:Queued SECS2 Message : S6F11
2023-07-05 06:42:16,790[INFO ]:SENT SECS2 Message : SSID(1), B2(134), B3(11), P(0), S(0), SB(30)
2023-07-05 06:42:16,790[INFO ]:>>>S6F11 W>>>  
<L [3] 
    <U4 [1] 0 >
    <U4 [1] `SubstrateLocationOccupied` 1201 >
    <L [1] 
        <L [2] 
            <U4 [1] 109 >
            <L [2] 
                <A [4] `ModuleID` "BF01">
                <A [7] `GlassID` "glassid">
            >
        >
    >
>
2023-07-05 06:42:16,819[INFO ]:RECV SECS2 Message : SSID(1), B2(6), B3(12), P(0), S(0), SB(30), Length[3]
2023-07-05 06:42:16,819[DEBUG]:<<<S6F12<<<  
<B [1] 00 >
2023-07-05 06:42:18,401[INFO ]:Queued SECS2 Message : S6F11
2023-07-05 06:42:18,432[INFO ]:SENT SECS2 Message : SSID(1), B2(134), B3(11), P(0), S(0), SB(31)
2023-07-05 06:42:18,432[INFO ]:>>>S6F11 W>>>  
<L [3] 
    <U4 [1] 0 >
    <U4 [1] `ModuleStart` 1101 >
    <L [1] 
        <L [2] 
            <U4 [1] 108 >
            <L [1] 
                <A [4] `ModuleID` "LF01">
            >
        >
    >
>
2023-07-05 06:42:18,463[INFO ]:RECV SECS2 Message : SSID(1), B2(6), B3(12), P(0), S(0), SB(31), Length[3]
2023-07-05 06:42:18,463[DEBUG]:<<<S6F12<<<  
<B [1] 00 >
2023-07-05 06:42:18,813[INFO ]:Queued SECS2 Message : S6F11
2023-07-05 06:42:18,859[INFO ]:SENT SECS2 Message : SSID(1), B2(134), B3(11), P(0), S(0), SB(32)
2023-07-05 06:42:18,859[INFO ]:>>>S6F11 W>>>  
<L [3] 
    <U4 [1] 0 >
    <U4 [1] `ModuleEnd` 1102 >
    <L [1] 
        <L [2] 
            <U4 [1] 108 >
            <L [1] 
                <A [4] `ModuleID` "BF01">
            >
        >
    >
>
2023-07-05 06:42:18,920[INFO ]:RECV SECS2 Message : SSID(1), B2(6), B3(12), P(0), S(0), SB(32), Length[3]
2023-07-05 06:42:18,920[DEBUG]:<<<S6F12<<<  
<B [1] 00 >
2023-07-05 06:42:19,664[INFO ]:Queued SECS2 Message : S6F11
2023-07-05 06:42:19,710[INFO ]:SENT SECS2 Message : SSID(1), B2(134), B3(11), P(0), S(0), SB(33)
2023-07-05 06:42:19,710[INFO ]:>>>S6F11 W>>>  
<L [3] 
    <U4 [1] 0 >
    <U4 [1] `SubstrateLocationOccupied` 1201 >
    <L [1] 
        <L [2] 
            <U4 [1] 109 >
            <L [2] 
                <A [4] `ModuleID` "LF01">
                <A [7] `GlassID` "glassid">
            >
        >
    >
>
2023-07-05 06:42:19,756[INFO ]:RECV SECS2 Message : SSID(1), B2(6), B3(12), P(0), S(0), SB(33), Length[3]
2023-07-05 06:42:19,756[DEBUG]:<<<S6F12<<<  
<B [1] 00 >
2023-07-05 06:42:21,298[INFO ]:Queued SECS2 Message : S6F11
2023-07-05 06:42:21,360[INFO ]:SENT SECS2 Message : SSID(1), B2(134), B3(11), P(0), S(0), SB(34)
2023-07-05 06:42:21,360[INFO ]:>>>S6F11 W>>>  
<L [3] 
    <U4 [1] 0 >
    <U4 [1] `ModuleStart` 1101 >
    <L [1] 
        <L [2] 
            <U4 [1] 108 >
            <L [1] 
                <A [5] `ModuleID` "UCV01">
            >
        >
    >
>
2023-07-05 06:42:21,437[INFO ]:RECV SECS2 Message : SSID(1), B2(6), B3(12), P(0), S(0), SB(34), Length[3]
2023-07-05 06:42:21,437[DEBUG]:<<<S6F12<<<  
<B [1] 00 >
2023-07-05 06:42:21,710[INFO ]:Queued SECS2 Message : S6F11
2023-07-05 06:42:21,725[INFO ]:SENT SECS2 Message : SSID(1), B2(134), B3(11), P(0), S(0), SB(35)
2023-07-05 06:42:21,725[INFO ]:>>>S6F11 W>>>  
<L [3] 
    <U4 [1] 0 >
    <U4 [1] `ModuleEnd` 1102 >
    <L [1] 
        <L [2] 
            <U4 [1] 108 >
            <L [1] 
                <A [4] `ModuleID` "LF01">
            >
        >
    >
>
2023-07-05 06:42:21,755[INFO ]:RECV SECS2 Message : SSID(1), B2(6), B3(12), P(0), S(0), SB(35), Length[3]
2023-07-05 06:42:21,755[DEBUG]:<<<S6F12<<<  
<B [1] 00 >
2023-07-05 06:42:22,560[INFO ]:Queued SECS2 Message : S6F11
2023-07-05 06:42:22,576[INFO ]:SENT SECS2 Message : SSID(1), B2(134), B3(11), P(0), S(0), SB(36)
2023-07-05 06:42:22,576[INFO ]:>>>S6F11 W>>>  
<L [3] 
    <U4 [1] 0 >
    <U4 [1] `SubstrateLocationOccupied` 1201 >
    <L [1] 
        <L [2] 
            <U4 [1] 109 >
            <L [2] 
                <A [5] `ModuleID` "UCV01">
                <A [7] `GlassID` "glassid">
            >
        >
    >
>
2023-07-05 06:42:22,605[INFO ]:RECV SECS2 Message : SSID(1), B2(6), B3(12), P(0), S(0), SB(36), Length[3]
2023-07-05 06:42:22,605[DEBUG]:<<<S6F12<<<  
<B [1] 00 >
2023-07-05 06:42:24,189[INFO ]:Queued SECS2 Message : S6F11
2023-07-05 06:42:24,218[INFO ]:SENT SECS2 Message : SSID(1), B2(134), B3(11), P(0), S(0), SB(37)
2023-07-05 06:42:24,218[INFO ]:>>>S6F11 W>>>  
<L [3] 
    <U4 [1] 0 >
    <U4 [1] `ModuleStart` 1101 >
    <L [1] 
        <L [2] 
            <U4 [1] 108 >
            <L [1] 
                <A [5] `ModuleID` "UCV02">
            >
        >
    >
>
2023-07-05 06:42:24,279[INFO ]:RECV SECS2 Message : SSID(1), B2(6), B3(12), P(0), S(0), SB(37), Length[3]
2023-07-05 06:42:24,279[DEBUG]:<<<S6F12<<<  
<B [1] 00 >
2023-07-05 06:42:24,597[INFO ]:Queued SECS2 Message : S6F11
2023-07-05 06:42:24,643[INFO ]:SENT SECS2 Message : SSID(1), B2(134), B3(11), P(0), S(0), SB(38)
2023-07-05 06:42:24,643[INFO ]:>>>S6F11 W>>>  
<L [3] 
    <U4 [1] 0 >
    <U4 [1] `ModuleEnd` 1102 >
    <L [1] 
        <L [2] 
            <U4 [1] 108 >
            <L [1] 
                <A [5] `ModuleID` "UCV01">
            >
        >
    >
>
2023-07-05 06:42:24,664[INFO ]:RECV SECS2 Message : SSID(1), B2(6), B3(12), P(0), S(0), SB(38), Length[3]
2023-07-05 06:42:24,664[DEBUG]:<<<S6F12<<<  
<B [1] 00 >
2023-07-05 06:42:25,448[INFO ]:Queued SECS2 Message : S6F11
2023-07-05 06:42:25,493[INFO ]:SENT SECS2 Message : SSID(1), B2(134), B3(11), P(0), S(0), SB(39)
2023-07-05 06:42:25,493[INFO ]:>>>S6F11 W>>>  
<L [3] 
    <U4 [1] 0 >
    <U4 [1] `SubstrateLocationOccupied` 1201 >
    <L [1] 
        <L [2] 
            <U4 [1] 109 >
            <L [2] 
                <A [5] `ModuleID` "UCV02">
                <A [7] `GlassID` "glassid">
            >
        >
    >
>
2023-07-05 06:42:25,569[INFO ]:RECV SECS2 Message : SSID(1), B2(6), B3(12), P(0), S(0), SB(39), Length[3]
2023-07-05 06:42:25,569[DEBUG]:<<<S6F12<<<  
<B [1] 00 >
2023-07-05 06:42:27,079[INFO ]:Queued SECS2 Message : S6F11
2023-07-05 06:42:27,079[INFO ]:SENT SECS2 Message : SSID(1), B2(134), B3(11), P(0), S(0), SB(40)
2023-07-05 06:42:27,079[INFO ]:>>>S6F11 W>>>  
<L [3] 
    <U4 [1] 0 >
    <U4 [1] `ModuleStart` 1101 >
    <L [1] 
        <L [2] 
            <U4 [1] 108 >
            <L [1] 
                <A [5] `ModuleID` "UCV03">
            >
        >
    >
>
2023-07-05 06:42:27,107[INFO ]:RECV SECS2 Message : SSID(1), B2(6), B3(12), P(0), S(0), SB(40), Length[3]
2023-07-05 06:42:27,107[DEBUG]:<<<S6F12<<<  
<B [1] 00 >
2023-07-05 06:42:27,490[INFO ]:Queued SECS2 Message : S6F11
2023-07-05 06:42:27,505[INFO ]:SENT SECS2 Message : SSID(1), B2(134), B3(11), P(0), S(0), SB(41)
2023-07-05 06:42:27,505[INFO ]:>>>S6F11 W>>>  
<L [3] 
    <U4 [1] 0 >
    <U4 [1] `ModuleEnd` 1102 >
    <L [1] 
        <L [2] 
            <U4 [1] 108 >
            <L [1] 
                <A [5] `ModuleID` "UCV02">
            >
        >
    >
>
2023-07-05 06:42:27,550[INFO ]:RECV SECS2 Message : SSID(1), B2(6), B3(12), P(0), S(0), SB(41), Length[3]
2023-07-05 06:42:27,550[DEBUG]:<<<S6F12<<<  
<B [1] 00 >
2023-07-05 06:42:28,341[INFO ]:Queued SECS2 Message : S6F11
2023-07-05 06:42:28,356[INFO ]:SENT SECS2 Message : SSID(1), B2(134), B3(11), P(0), S(0), SB(42)
2023-07-05 06:42:28,356[INFO ]:>>>S6F11 W>>>  
<L [3] 
    <U4 [1] 0 >
    <U4 [1] `SubstrateLocationOccupied` 1201 >
    <L [1] 
        <L [2] 
            <U4 [1] 109 >
            <L [2] 
                <A [5] `ModuleID` "UCV03">
                <A [7] `GlassID` "glassid">
            >
        >
    >
>
2023-07-05 06:42:28,387[INFO ]:RECV SECS2 Message : SSID(1), B2(6), B3(12), P(0), S(0), SB(42), Length[3]
2023-07-05 06:42:28,387[DEBUG]:<<<S6F12<<<  
<B [1] 00 >
2023-07-05 06:42:29,968[INFO ]:Queued SECS2 Message : S6F11
2023-07-05 06:42:29,999[INFO ]:SENT SECS2 Message : SSID(1), B2(134), B3(11), P(0), S(0), SB(43)
2023-07-05 06:42:29,999[INFO ]:>>>S6F11 W>>>  
<L [3] 
    <U4 [1] 0 >
    <U4 [1] `ModuleStart` 1101 >
    <L [1] 
        <L [2] 
            <U4 [1] 108 >
            <L [1] 
                <A [5] `ModuleID` "UCV04">
            >
        >
    >
>
2023-07-05 06:42:30,058[INFO ]:RECV SECS2 Message : SSID(1), B2(6), B3(12), P(0), S(0), SB(43), Length[3]
2023-07-05 06:42:30,058[DEBUG]:<<<S6F12<<<  
<B [1] 00 >
2023-07-05 06:42:30,375[INFO ]:Queued SECS2 Message : S6F11
2023-07-05 06:42:30,421[INFO ]:SENT SECS2 Message : SSID(1), B2(134), B3(11), P(0), S(0), SB(44)
2023-07-05 06:42:30,421[INFO ]:>>>S6F11 W>>>  
<L [3] 
    <U4 [1] 0 >
    <U4 [1] `ModuleEnd` 1102 >
    <L [1] 
        <L [2] 
            <U4 [1] 108 >
            <L [1] 
                <A [5] `ModuleID` "UCV03">
            >
        >
    >
>
2023-07-05 06:42:30,442[INFO ]:RECV SECS2 Message : SSID(1), B2(6), B3(12), P(0), S(0), SB(44), Length[3]
2023-07-05 06:42:30,442[DEBUG]:<<<S6F12<<<  
<B [1] 00 >
2023-07-05 06:42:31,226[INFO ]:Queued SECS2 Message : S6F11
2023-07-05 06:42:31,271[INFO ]:SENT SECS2 Message : SSID(1), B2(134), B3(11), P(0), S(0), SB(45)
2023-07-05 06:42:31,271[INFO ]:>>>S6F11 W>>>  
<L [3] 
    <U4 [1] 0 >
    <U4 [1] `SubstrateLocationOccupied` 1201 >
    <L [1] 
        <L [2] 
            <U4 [1] 109 >
            <L [2] 
                <A [5] `ModuleID` "UCV04">
                <A [7] `GlassID` "glassid">
            >
        >
    >
>
2023-07-05 06:42:31,347[INFO ]:RECV SECS2 Message : SSID(1), B2(6), B3(12), P(0), S(0), SB(45), Length[3]
2023-07-05 06:42:31,347[DEBUG]:<<<S6F12<<<  
<B [1] 00 >
2023-07-05 06:42:32,850[INFO ]:Queued SECS2 Message : S6F11
2023-07-05 06:42:32,910[INFO ]:SENT SECS2 Message : SSID(1), B2(134), B3(11), P(0), S(0), SB(46)
2023-07-05 06:42:32,910[INFO ]:>>>S6F11 W>>>  
<L [3] 
    <U4 [1] 0 >
    <U4 [1] `ModuleStart` 1101 >
    <L [1] 
        <L [2] 
            <U4 [1] 108 >
            <L [1] 
                <A [5] `ModuleID` "UCV05">
            >
        >
    >
>
2023-07-05 06:42:32,941[INFO ]:RECV SECS2 Message : SSID(1), B2(6), B3(12), P(0), S(0), SB(46), Length[3]
2023-07-05 06:42:32,941[DEBUG]:<<<S6F12<<<  
<B [1] 00 >
2023-07-05 06:42:33,261[INFO ]:Queued SECS2 Message : S6F11
2023-07-05 06:42:33,277[INFO ]:SENT SECS2 Message : SSID(1), B2(134), B3(11), P(0), S(0), SB(47)
2023-07-05 06:42:33,277[INFO ]:>>>S6F11 W>>>  
<L [3] 
    <U4 [1] 0 >
    <U4 [1] `ModuleEnd` 1102 >
    <L [1] 
        <L [2] 
            <U4 [1] 108 >
            <L [1] 
                <A [5] `ModuleID` "UCV04">
            >
        >
    >
>
2023-07-05 06:42:33,321[INFO ]:RECV SECS2 Message : SSID(1), B2(6), B3(12), P(0), S(0), SB(47), Length[3]
2023-07-05 06:42:33,321[DEBUG]:<<<S6F12<<<  
<B [1] 00 >
2023-07-05 06:42:34,114[INFO ]:Queued SECS2 Message : S6F11
2023-07-05 06:42:34,128[INFO ]:SENT SECS2 Message : SSID(1), B2(134), B3(11), P(0), S(0), SB(48)
2023-07-05 06:42:34,129[INFO ]:>>>S6F11 W>>>  
<L [3] 
    <U4 [1] 0 >
    <U4 [1] `SubstrateLocationOccupied` 1201 >
    <L [1] 
        <L [2] 
            <U4 [1] 109 >
            <L [2] 
                <A [5] `ModuleID` "UCV05">
                <A [7] `GlassID` "glassid">
            >
        >
    >
>
2023-07-05 06:42:34,167[INFO ]:RECV SECS2 Message : SSID(1), B2(6), B3(12), P(0), S(0), SB(48), Length[3]
2023-07-05 06:42:34,167[DEBUG]:<<<S6F12<<<  
<B [1] 00 >
2023-07-05 06:42:35,741[INFO ]:Queued SECS2 Message : S6F11
2023-07-05 06:42:35,771[INFO ]:SENT SECS2 Message : SSID(1), B2(134), B3(11), P(0), S(0), SB(49)
2023-07-05 06:42:35,771[INFO ]:>>>S6F11 W>>>  
<L [3] 
    <U4 [1] 0 >
    <U4 [1] `ModuleStart` 1101 >
    <L [1] 
        <L [2] 
            <U4 [1] 108 >
            <L [1] 
                <A [4] `ModuleID` "OP01">
            >
        >
    >
>
2023-07-05 06:42:35,832[INFO ]:RECV SECS2 Message : SSID(1), B2(6), B3(12), P(0), S(0), SB(49), Length[3]
2023-07-05 06:42:35,832[DEBUG]:<<<S6F12<<<  
<B [1] 00 >
2023-07-05 06:42:36,151[INFO ]:Queued SECS2 Message : S6F11
2023-07-05 06:42:36,196[INFO ]:SENT SECS2 Message : SSID(1), B2(134), B3(11), P(0), S(0), SB(50)
2023-07-05 06:42:36,196[INFO ]:>>>S6F11 W>>>  
<L [3] 
    <U4 [1] 0 >
    <U4 [1] `ModuleEnd` 1102 >
    <L [1] 
        <L [2] 
            <U4 [1] 108 >
            <L [1] 
                <A [5] `ModuleID` "UCV05">
            >
        >
    >
>
2023-07-05 06:42:36,225[INFO ]:RECV SECS2 Message : SSID(1), B2(6), B3(12), P(0), S(0), SB(50), Length[3]
2023-07-05 06:42:36,225[DEBUG]:<<<S6F12<<<  
<B [1] 00 >
2023-07-05 06:42:37,001[INFO ]:Queued SECS2 Message : S6F11
2023-07-05 06:42:37,046[INFO ]:SENT SECS2 Message : SSID(1), B2(134), B3(11), P(0), S(0), SB(51)
2023-07-05 06:42:37,046[INFO ]:>>>S6F11 W>>>  
<L [3] 
    <U4 [1] 0 >
    <U4 [1] `SubstrateLocationOccupied` 1201 >
    <L [1] 
        <L [2] 
            <U4 [1] 109 >
            <L [2] 
                <A [4] `ModuleID` "OP01">
                <A [7] `GlassID` "glassid">
            >
        >
    >
>
2023-07-05 06:42:37,070[INFO ]:RECV SECS2 Message : SSID(1), B2(6), B3(12), P(0), S(0), SB(51), Length[3]
2023-07-05 06:42:37,070[DEBUG]:<<<S6F12<<<  
<B [1] 00 >
2023-07-05 06:44:03,943[INFO ]:Queued SECS2 Message : S6F11
2023-07-05 06:44:03,989[INFO ]:SENT SECS2 Message : SSID(1), B2(134), B3(11), P(0), S(0), SB(53)
2023-07-05 06:44:03,989[INFO ]:>>>S6F11 W>>>  
<L [3] 
    <U4 [1] 0 >
    <U4 [1] `ModuleStart` 1101 >
    <L [1] 
        <L [2] 
            <U4 [1] 108 >
            <L [1] 
                <A [4] `ModuleID` "OP01">
            >
        >
    >
>
2023-07-05 06:44:04,080[INFO ]:RECV SECS2 Message : SSID(1), B2(6), B3(12), P(0), S(0), SB(53), Length[3]
2023-07-05 06:44:04,080[DEBUG]:<<<S6F12<<<  
<B [1] 00 >
2023-07-05 06:44:04,341[INFO ]:Queued SECS2 Message : S6F11
2023-07-05 06:44:04,355[INFO ]:SENT SECS2 Message : SSID(1), B2(134), B3(11), P(0), S(0), SB(54)
2023-07-05 06:44:04,356[INFO ]:>>>S6F11 W>>>  
<L [3] 
    <U4 [1] 0 >
    <U4 [1] `EquipmentStateChanged` 1051 >
    <L [1] 
        <L [2] 
            <U4 [1] 104 >
            <L [2] 
                <U2 [1] `EqpState` 1 >
                <U2 [1] `PreviousEqpState` 2 >
            >
        >
    >
>
2023-07-05 06:44:04,386[INFO ]:RECV SECS2 Message : SSID(1), B2(6), B3(12), P(0), S(0), SB(54), Length[3]
2023-07-05 06:44:04,386[DEBUG]:<<<S6F12<<<  
<B [1] 00 >
2023-07-05 06:44:05,159[INFO ]:Queued SECS2 Message : S6F11
2023-07-05 06:44:05,205[INFO ]:SENT SECS2 Message : SSID(1), B2(134), B3(11), P(0), S(0), SB(55)
2023-07-05 06:44:05,205[INFO ]:>>>S6F11 W>>>  
<L [3] 
    <U4 [1] 0 >
    <U4 [1] `EquipmentStateChanged` 1051 >
    <L [1] 
        <L [2] 
            <U4 [1] 104 >
            <L [2] 
                <U2 [1] `EqpState` 2 >
                <U2 [1] `PreviousEqpState` 1 >
            >
        >
    >
>
2023-07-05 06:44:05,234[INFO ]:RECV SECS2 Message : SSID(1), B2(6), B3(12), P(0), S(0), SB(55), Length[3]
2023-07-05 06:44:05,234[DEBUG]:<<<S6F12<<<  
<B [1] 00 >
2023-07-05 06:44:05,570[INFO ]:Queued SECS2 Message : S6F11
2023-07-05 06:44:05,631[INFO ]:SENT SECS2 Message : SSID(1), B2(134), B3(11), P(0), S(0), SB(56)
2023-07-05 06:44:05,631[INFO ]:>>>S6F11 W>>>  
<L [3] 
    <U4 [1] 0 >
    <U4 [1] `SubstrateLocationOccupied` 1201 >
    <L [1] 
        <L [2] 
            <U4 [1] 109 >
            <L [2] 
                <A [4] `ModuleID` "OP01">
                <A [0] `GlassID` >
            >
        >
    >
>
2023-07-05 06:44:05,677[INFO ]:RECV SECS2 Message : SSID(1), B2(6), B3(12), P(0), S(0), SB(56), Length[3]
2023-07-05 06:44:05,677[DEBUG]:<<<S6F12<<<  
<B [1] 00 >
2023-07-05 06:44:15,358[INFO ]:Queued SECS2 Message : S6F11
2023-07-05 06:44:15,359[INFO ]:SENT SECS2 Message : SSID(1), B2(134), B3(11), P(0), S(0), SB(57)
2023-07-05 06:44:15,359[INFO ]:>>>S6F11 W>>>  
<L [3] 
    <U4 [1] 0 >
    <U4 [1] `EquipmentStateChanged` 1051 >
    <L [1] 
        <L [2] 
            <U4 [1] 104 >
            <L [2] 
                <U2 [1] `EqpState` 1 >
                <U2 [1] `PreviousEqpState` 2 >
            >
        >
    >
>
2023-07-05 06:44:15,389[INFO ]:RECV SECS2 Message : SSID(1), B2(6), B3(12), P(0), S(0), SB(57), Length[3]
2023-07-05 06:44:15,389[DEBUG]:<<<S6F12<<<  
<B [1] 00 >
2023-07-05 06:44:35,535[INFO ]:Queued SECS2 Message : S6F11
2023-07-05 06:44:35,550[INFO ]:SENT SECS2 Message : SSID(1), B2(134), B3(11), P(0), S(0), SB(58)
2023-07-05 06:44:35,551[INFO ]:>>>S6F11 W>>>  
<L [3] 
    <U4 [1] 0 >
    <U4 [1] `SubstrateLocationOccupied` 1201 >
    <L [1] 
        <L [2] 
            <U4 [1] 109 >
            <L [2] 
                <A [4] `ModuleID` "IP01">
                <A [7] `GlassID` "glassid">
            >
        >
    >
>
2023-07-05 06:44:35,551[INFO ]:Queued SECS2 Message : S6F11
2023-07-05 06:44:35,551[INFO ]:SENT SECS2 Message : SSID(1), B2(134), B3(11), P(0), S(0), SB(59)
2023-07-05 06:44:35,551[INFO ]:>>>S6F11 W>>>  
<L [3] 
    <U4 [1] 0 >
    <U4 [1] `ModuleStart` 1101 >
    <L [1] 
        <L [2] 
            <U4 [1] 108 >
            <L [1] 
                <A [4] `ModuleID` "IP01">
            >
        >
    >
>
2023-07-05 06:44:35,612[INFO ]:RECV SECS2 Message : SSID(1), B2(6), B3(12), P(0), S(0), SB(58), Length[3]
2023-07-05 06:44:35,612[DEBUG]:<<<S6F12<<<  
<B [1] 00 >
2023-07-05 06:44:35,613[INFO ]:RECV SECS2 Message : SSID(1), B2(6), B3(12), P(0), S(0), SB(59), Length[3]
2023-07-05 06:44:35,613[DEBUG]:<<<S6F12<<<  
<B [1] 00 >
2023-07-05 06:44:35,948[INFO ]:Queued SECS2 Message : S6F11
2023-07-05 06:44:35,963[INFO ]:Queued SECS2 Message : S6F11
2023-07-05 06:44:35,979[INFO ]:SENT SECS2 Message : SSID(1), B2(134), B3(11), P(0), S(0), SB(60)
2023-07-05 06:44:35,979[INFO ]:>>>S6F11 W>>>  
<L [3] 
    <U4 [1] 0 >
    <U4 [1] `EquipmentStateChanged` 1051 >
    <L [1] 
        <L [2] 
            <U4 [1] 104 >
            <L [2] 
                <U2 [1] `EqpState` 2 >
                <U2 [1] `PreviousEqpState` 1 >
            >
        >
    >
>
2023-07-05 06:44:35,979[INFO ]:SENT SECS2 Message : SSID(1), B2(134), B3(11), P(0), S(0), SB(61)
2023-07-05 06:44:35,979[INFO ]:>>>S6F11 W>>>  
<L [3] 
    <U4 [1] 0 >
    <U4 [1] `SubstrateLocationOccupied` 1201 >
    <L [1] 
        <L [2] 
            <U4 [1] 109 >
            <L [2] 
                <A [4] `ModuleID` "IP01">
                <A [7] `GlassID` "glassid">
            >
        >
    >
>
2023-07-05 06:44:36,071[INFO ]:RECV SECS2 Message : SSID(1), B2(6), B3(12), P(0), S(0), SB(60), Length[3]
2023-07-05 06:44:36,071[DEBUG]:<<<S6F12<<<  
<B [1] 00 >
2023-07-05 06:44:36,071[INFO ]:RECV SECS2 Message : SSID(1), B2(6), B3(12), P(0), S(0), SB(61), Length[3]
2023-07-05 06:44:36,071[DEBUG]:<<<S6F12<<<  
<B [1] 00 >
2023-07-05 06:44:38,003[INFO ]:Queued SECS2 Message : S6F11
2023-07-05 06:44:38,049[INFO ]:SENT SECS2 Message : SSID(1), B2(134), B3(11), P(0), S(0), SB(62)
2023-07-05 06:44:38,049[INFO ]:>>>S6F11 W>>>  
<L [3] 
    <U4 [1] 0 >
    <U4 [1] `ModuleStart` 1101 >
    <L [1] 
        <L [2] 
            <U4 [1] 108 >
            <L [1] 
                <A [5] `ModuleID` "DEV01">
            >
        >
    >
>
2023-07-05 06:44:38,126[INFO ]:RECV SECS2 Message : SSID(1), B2(6), B3(12), P(0), S(0), SB(62), Length[3]
2023-07-05 06:44:38,126[DEBUG]:<<<S6F12<<<  
<B [1] 00 >
2023-07-05 06:44:38,416[INFO ]:Queued SECS2 Message : S6F11
2023-07-05 06:44:38,478[INFO ]:SENT SECS2 Message : SSID(1), B2(134), B3(11), P(0), S(0), SB(63)
2023-07-05 06:44:38,478[INFO ]:>>>S6F11 W>>>  
<L [3] 
    <U4 [1] 0 >
    <U4 [1] `ModuleEnd` 1102 >
    <L [1] 
        <L [2] 
            <U4 [1] 108 >
            <L [1] 
                <A [4] `ModuleID` "IP01">
            >
        >
    >
>
2023-07-05 06:44:38,508[INFO ]:RECV SECS2 Message : SSID(1), B2(6), B3(12), P(0), S(0), SB(63), Length[3]
2023-07-05 06:44:38,508[DEBUG]:<<<S6F12<<<  
<B [1] 00 >
2023-07-05 06:44:39,269[INFO ]:Queued SECS2 Message : S6F11
2023-07-05 06:44:39,330[INFO ]:SENT SECS2 Message : SSID(1), B2(134), B3(11), P(0), S(0), SB(64)
2023-07-05 06:44:39,330[INFO ]:>>>S6F11 W>>>  
<L [3] 
    <U4 [1] 0 >
    <U4 [1] `SubstrateLocationOccupied` 1201 >
    <L [1] 
        <L [2] 
            <U4 [1] 109 >
            <L [2] 
                <A [5] `ModuleID` "DEV01">
                <A [7] `GlassID` "glassid">
            >
        >
    >
>
2023-07-05 06:44:39,357[INFO ]:RECV SECS2 Message : SSID(1), B2(6), B3(12), P(0), S(0), SB(64), Length[3]
2023-07-05 06:44:39,357[DEBUG]:<<<S6F12<<<  
<B [1] 00 >
2023-07-05 06:44:40,895[INFO ]:Queued SECS2 Message : S6F11
2023-07-05 06:44:40,911[INFO ]:SENT SECS2 Message : SSID(1), B2(134), B3(11), P(0), S(0), SB(65)
2023-07-05 06:44:40,911[INFO ]:>>>S6F11 W>>>  
<L [3] 
    <U4 [1] 0 >
    <U4 [1] `ModuleStart` 1101 >
    <L [1] 
        <L [2] 
            <U4 [1] 108 >
            <L [1] 
                <A [4] `ModuleID` "RS01">
            >
        >
    >
>
2023-07-05 06:44:40,941[INFO ]:RECV SECS2 Message : SSID(1), B2(6), B3(12), P(0), S(0), SB(65), Length[3]
2023-07-05 06:44:40,941[DEBUG]:<<<S6F12<<<  
<B [1] 00 >
2023-07-05 06:44:41,303[INFO ]:Queued SECS2 Message : S6F11
2023-07-05 06:44:41,333[INFO ]:SENT SECS2 Message : SSID(1), B2(134), B3(11), P(0), S(0), SB(66)
2023-07-05 06:44:41,333[INFO ]:>>>S6F11 W>>>  
<L [3] 
    <U4 [1] 0 >
    <U4 [1] `ModuleEnd` 1102 >
    <L [1] 
        <L [2] 
            <U4 [1] 108 >
            <L [1] 
                <A [5] `ModuleID` "DEV01">
            >
        >
    >
>
2023-07-05 06:44:41,394[INFO ]:RECV SECS2 Message : SSID(1), B2(6), B3(12), P(0), S(0), SB(66), Length[3]
2023-07-05 06:44:41,394[DEBUG]:<<<S6F12<<<  
<B [1] 00 >
2023-07-05 06:44:42,154[INFO ]:Queued SECS2 Message : S6F11
2023-07-05 06:44:42,183[INFO ]:SENT SECS2 Message : SSID(1), B2(134), B3(11), P(0), S(0), SB(67)
2023-07-05 06:44:42,183[INFO ]:>>>S6F11 W>>>  
<L [3] 
    <U4 [1] 0 >
    <U4 [1] `SubstrateLocationOccupied` 1201 >
    <L [1] 
        <L [2] 
            <U4 [1] 109 >
            <L [2] 
                <A [4] `ModuleID` "RS01">
                <A [7] `GlassID` "glassid">
            >
        >
    >
>
2023-07-05 06:44:42,229[INFO ]:RECV SECS2 Message : SSID(1), B2(6), B3(12), P(0), S(0), SB(67), Length[3]
2023-07-05 06:44:42,229[DEBUG]:<<<S6F12<<<  
<B [1] 00 >
2023-07-05 06:44:43,778[INFO ]:Queued SECS2 Message : S6F11
2023-07-05 06:44:43,824[INFO ]:SENT SECS2 Message : SSID(1), B2(134), B3(11), P(0), S(0), SB(68)
2023-07-05 06:44:43,824[INFO ]:>>>S6F11 W>>>  
<L [3] 
    <U4 [1] 0 >
    <U4 [1] `ModuleStart` 1101 >
    <L [1] 
        <L [2] 
            <U4 [1] 108 >
            <L [1] 
                <A [4] `ModuleID` "RS02">
            >
        >
    >
>
2023-07-05 06:44:43,899[INFO ]:RECV SECS2 Message : SSID(1), B2(6), B3(12), P(0), S(0), SB(68), Length[3]
2023-07-05 06:44:43,899[DEBUG]:<<<S6F12<<<  
<B [1] 00 >
2023-07-05 06:44:44,188[INFO ]:Queued SECS2 Message : S6F11
2023-07-05 06:44:44,249[INFO ]:SENT SECS2 Message : SSID(1), B2(134), B3(11), P(0), S(0), SB(69)
2023-07-05 06:44:44,249[INFO ]:>>>S6F11 W>>>  
<L [3] 
    <U4 [1] 0 >
    <U4 [1] `ModuleEnd` 1102 >
    <L [1] 
        <L [2] 
            <U4 [1] 108 >
            <L [1] 
                <A [4] `ModuleID` "RS01">
            >
        >
    >
>
2023-07-05 06:44:44,280[INFO ]:RECV SECS2 Message : SSID(1), B2(6), B3(12), P(0), S(0), SB(69), Length[3]
2023-07-05 06:44:44,280[DEBUG]:<<<S6F12<<<  
<B [1] 00 >
2023-07-05 06:44:45,040[INFO ]:Queued SECS2 Message : S6F11
2023-07-05 06:44:45,101[INFO ]:SENT SECS2 Message : SSID(1), B2(134), B3(11), P(0), S(0), SB(71)
2023-07-05 06:44:45,101[INFO ]:>>>S6F11 W>>>  
<L [3] 
    <U4 [1] 0 >
    <U4 [1] `SubstrateLocationOccupied` 1201 >
    <L [1] 
        <L [2] 
            <U4 [1] 109 >
            <L [2] 
                <A [4] `ModuleID` "RS02">
                <A [7] `GlassID` "glassid">
            >
        >
    >
>
2023-07-05 06:44:45,177[INFO ]:RECV SECS2 Message : SSID(1), B2(6), B3(12), P(0), S(0), SB(71), Length[3]
2023-07-05 06:44:45,177[DEBUG]:<<<S6F12<<<  
<B [1] 00 >
2023-07-05 06:44:46,671[INFO ]:Queued SECS2 Message : S6F11
2023-07-05 06:44:46,686[INFO ]:SENT SECS2 Message : SSID(1), B2(134), B3(11), P(0), S(0), SB(72)
2023-07-05 06:44:46,686[INFO ]:>>>S6F11 W>>>  
<L [3] 
    <U4 [1] 0 >
    <U4 [1] `ModuleStart` 1101 >
    <L [1] 
        <L [2] 
            <U4 [1] 108 >
            <L [1] 
                <A [4] `ModuleID` "RS03">
            >
        >
    >
>
2023-07-05 06:44:46,710[INFO ]:RECV SECS2 Message : SSID(1), B2(6), B3(12), P(0), S(0), SB(72), Length[3]
2023-07-05 06:44:46,710[DEBUG]:<<<S6F12<<<  
<B [1] 00 >
2023-07-05 06:44:47,082[INFO ]:Queued SECS2 Message : S6F11
2023-07-05 06:44:47,112[INFO ]:SENT SECS2 Message : SSID(1), B2(134), B3(11), P(0), S(0), SB(73)
2023-07-05 06:44:47,112[INFO ]:>>>S6F11 W>>>  
<L [3] 
    <U4 [1] 0 >
    <U4 [1] `ModuleEnd` 1102 >
    <L [1] 
        <L [2] 
            <U4 [1] 108 >
            <L [1] 
                <A [4] `ModuleID` "RS02">
            >
        >
    >
>
2023-07-05 06:44:47,157[INFO ]:RECV SECS2 Message : SSID(1), B2(6), B3(12), P(0), S(0), SB(73), Length[3]
2023-07-05 06:44:47,157[DEBUG]:<<<S6F12<<<  
<B [1] 00 >
2023-07-05 06:44:47,928[INFO ]:Queued SECS2 Message : S6F11
2023-07-05 06:44:47,959[INFO ]:SENT SECS2 Message : SSID(1), B2(134), B3(11), P(0), S(0), SB(74)
2023-07-05 06:44:47,959[INFO ]:>>>S6F11 W>>>  
<L [3] 
    <U4 [1] 0 >
    <U4 [1] `SubstrateLocationOccupied` 1201 >
    <L [1] 
        <L [2] 
            <U4 [1] 109 >
            <L [2] 
                <A [4] `ModuleID` "RS03">
                <A [7] `GlassID` "glassid">
            >
        >
    >
>
2023-07-05 06:44:47,989[INFO ]:RECV SECS2 Message : SSID(1), B2(6), B3(12), P(0), S(0), SB(74), Length[3]
2023-07-05 06:44:47,989[DEBUG]:<<<S6F12<<<  
<B [1] 00 >
2023-07-05 06:44:49,558[INFO ]:Queued SECS2 Message : S6F11
2023-07-05 06:44:49,603[INFO ]:SENT SECS2 Message : SSID(1), B2(134), B3(11), P(0), S(0), SB(75)
2023-07-05 06:44:49,603[INFO ]:>>>S6F11 W>>>  
<L [3] 
    <U4 [1] 0 >
    <U4 [1] `ModuleStart` 1101 >
    <L [1] 
        <L [2] 
            <U4 [1] 108 >
            <L [1] 
                <A [4] `ModuleID` "RS04">
            >
        >
    >
>
2023-07-05 06:44:49,663[INFO ]:RECV SECS2 Message : SSID(1), B2(6), B3(12), P(0), S(0), SB(75), Length[3]
2023-07-05 06:44:49,663[DEBUG]:<<<S6F12<<<  
<B [1] 00 >
2023-07-05 06:44:49,967[INFO ]:Queued SECS2 Message : S6F11
2023-07-05 06:44:50,028[INFO ]:SENT SECS2 Message : SSID(1), B2(134), B3(11), P(0), S(0), SB(76)
2023-07-05 06:44:50,028[INFO ]:>>>S6F11 W>>>  
<L [3] 
    <U4 [1] 0 >
    <U4 [1] `ModuleEnd` 1102 >
    <L [1] 
        <L [2] 
            <U4 [1] 108 >
            <L [1] 
                <A [4] `ModuleID` "RS03">
            >
        >
    >
>
2023-07-05 06:44:50,058[INFO ]:RECV SECS2 Message : SSID(1), B2(6), B3(12), P(0), S(0), SB(76), Length[3]
2023-07-05 06:44:50,058[DEBUG]:<<<S6F12<<<  
<B [1] 00 >
2023-07-05 06:44:50,817[INFO ]:Queued SECS2 Message : S6F11
2023-07-05 06:44:50,879[INFO ]:SENT SECS2 Message : SSID(1), B2(134), B3(11), P(0), S(0), SB(77)
2023-07-05 06:44:50,879[INFO ]:>>>S6F11 W>>>  
<L [3] 
    <U4 [1] 0 >
    <U4 [1] `SubstrateLocationOccupied` 1201 >
    <L [1] 
        <L [2] 
            <U4 [1] 109 >
            <L [2] 
                <A [4] `ModuleID` "RS04">
                <A [7] `GlassID` "glassid">
            >
        >
    >
>
2023-07-05 06:44:50,955[INFO ]:RECV SECS2 Message : SSID(1), B2(6), B3(12), P(0), S(0), SB(77), Length[3]
2023-07-05 06:44:50,955[DEBUG]:<<<S6F12<<<  
<B [1] 00 >
2023-07-05 06:44:52,444[INFO ]:Queued SECS2 Message : S6F11
2023-07-05 06:44:52,460[INFO ]:SENT SECS2 Message : SSID(1), B2(134), B3(11), P(0), S(0), SB(78)
2023-07-05 06:44:52,460[INFO ]:>>>S6F11 W>>>  
<L [3] 
    <U4 [1] 0 >
    <U4 [1] `ModuleStart` 1101 >
    <L [1] 
        <L [2] 
            <U4 [1] 108 >
            <L [1] 
                <A [4] `ModuleID` "RS05">
            >
        >
    >
>
2023-07-05 06:44:52,488[INFO ]:RECV SECS2 Message : SSID(1), B2(6), B3(12), P(0), S(0), SB(78), Length[3]
2023-07-05 06:44:52,488[DEBUG]:<<<S6F12<<<  
<B [1] 00 >
2023-07-05 06:44:52,853[INFO ]:Queued SECS2 Message : S6F11
2023-07-05 06:44:52,884[INFO ]:SENT SECS2 Message : SSID(1), B2(134), B3(11), P(0), S(0), SB(79)
2023-07-05 06:44:52,884[INFO ]:>>>S6F11 W>>>  
<L [3] 
    <U4 [1] 0 >
    <U4 [1] `ModuleEnd` 1102 >
    <L [1] 
        <L [2] 
            <U4 [1] 108 >
            <L [1] 
                <A [4] `ModuleID` "RS04">
            >
        >
    >
>
2023-07-05 06:44:52,928[INFO ]:RECV SECS2 Message : SSID(1), B2(6), B3(12), P(0), S(0), SB(79), Length[3]
2023-07-05 06:44:52,928[DEBUG]:<<<S6F12<<<  
<B [1] 00 >
2023-07-05 06:44:53,702[INFO ]:Queued SECS2 Message : S6F11
2023-07-05 06:44:53,733[INFO ]:SENT SECS2 Message : SSID(1), B2(134), B3(11), P(0), S(0), SB(80)
2023-07-05 06:44:53,733[INFO ]:>>>S6F11 W>>>  
<L [3] 
    <U4 [1] 0 >
    <U4 [1] `SubstrateLocationOccupied` 1201 >
    <L [1] 
        <L [2] 
            <U4 [1] 109 >
            <L [2] 
                <A [4] `ModuleID` "RS05">
                <A [7] `GlassID` "glassid">
            >
        >
    >
>
2023-07-05 06:44:53,764[INFO ]:RECV SECS2 Message : SSID(1), B2(6), B3(12), P(0), S(0), SB(80), Length[3]
2023-07-05 06:44:53,764[DEBUG]:<<<S6F12<<<  
<B [1] 00 >
2023-07-05 06:44:55,327[INFO ]:Queued SECS2 Message : S6F11
2023-07-05 06:44:55,372[INFO ]:SENT SECS2 Message : SSID(1), B2(134), B3(11), P(0), S(0), SB(81)
2023-07-05 06:44:55,373[INFO ]:>>>S6F11 W>>>  
<L [3] 
    <U4 [1] 0 >
    <U4 [1] `ModuleStart` 1101 >
    <L [1] 
        <L [2] 
            <U4 [1] 108 >
            <L [1] 
                <A [4] `ModuleID` "AK01">
            >
        >
    >
>
2023-07-05 06:44:55,433[INFO ]:RECV SECS2 Message : SSID(1), B2(6), B3(12), P(0), S(0), SB(81), Length[3]
2023-07-05 06:44:55,433[DEBUG]:<<<S6F12<<<  
<B [1] 00 >
2023-07-05 06:44:55,737[INFO ]:Queued SECS2 Message : S6F11
2023-07-05 06:44:55,798[INFO ]:SENT SECS2 Message : SSID(1), B2(134), B3(11), P(0), S(0), SB(82)
2023-07-05 06:44:55,798[INFO ]:>>>S6F11 W>>>  
<L [3] 
    <U4 [1] 0 >
    <U4 [1] `ModuleEnd` 1102 >
    <L [1] 
        <L [2] 
            <U4 [1] 108 >
            <L [1] 
                <A [4] `ModuleID` "RS05">
            >
        >
    >
>
2023-07-05 06:44:55,826[INFO ]:RECV SECS2 Message : SSID(1), B2(6), B3(12), P(0), S(0), SB(82), Length[3]
2023-07-05 06:44:55,826[DEBUG]:<<<S6F12<<<  
<B [1] 00 >
2023-07-05 06:44:56,589[INFO ]:Queued SECS2 Message : S6F11
2023-07-05 06:44:56,649[INFO ]:SENT SECS2 Message : SSID(1), B2(134), B3(11), P(0), S(0), SB(83)
2023-07-05 06:44:56,649[INFO ]:>>>S6F11 W>>>  
<L [3] 
    <U4 [1] 0 >
    <U4 [1] `SubstrateLocationOccupied` 1201 >
    <L [1] 
        <L [2] 
            <U4 [1] 109 >
            <L [2] 
                <A [4] `ModuleID` "AK01">
                <A [7] `GlassID` "glassid">
            >
        >
    >
>
2023-07-05 06:44:56,724[INFO ]:RECV SECS2 Message : SSID(1), B2(6), B3(12), P(0), S(0), SB(83), Length[3]
2023-07-05 06:44:56,724[DEBUG]:<<<S6F12<<<  
<B [1] 00 >
2023-07-05 06:44:58,214[INFO ]:Queued SECS2 Message : S6F11
2023-07-05 06:44:58,229[INFO ]:SENT SECS2 Message : SSID(1), B2(134), B3(11), P(0), S(0), SB(84)
2023-07-05 06:44:58,229[INFO ]:>>>S6F11 W>>>  
<L [3] 
    <U4 [1] 0 >
    <U4 [1] `ModuleStart` 1101 >
    <L [1] 
        <L [2] 
            <U4 [1] 108 >
            <L [1] 
                <A [4] `ModuleID` "BF01">
            >
        >
    >
>
2023-07-05 06:44:58,258[INFO ]:RECV SECS2 Message : SSID(1), B2(6), B3(12), P(0), S(0), SB(84), Length[3]
2023-07-05 06:44:58,258[DEBUG]:<<<S6F12<<<  
<B [1] 00 >
2023-07-05 06:44:58,626[INFO ]:Queued SECS2 Message : S6F11
2023-07-05 06:44:58,656[INFO ]:SENT SECS2 Message : SSID(1), B2(134), B3(11), P(0), S(0), SB(85)
2023-07-05 06:44:58,656[INFO ]:>>>S6F11 W>>>  
<L [3] 
    <U4 [1] 0 >
    <U4 [1] `ModuleEnd` 1102 >
    <L [1] 
        <L [2] 
            <U4 [1] 108 >
            <L [1] 
                <A [4] `ModuleID` "AK01">
            >
        >
    >
>
2023-07-05 06:44:58,703[INFO ]:RECV SECS2 Message : SSID(1), B2(6), B3(12), P(0), S(0), SB(85), Length[3]
2023-07-05 06:44:58,703[DEBUG]:<<<S6F12<<<  
<B [1] 00 >
2023-07-05 06:44:59,479[INFO ]:Queued SECS2 Message : S6F11
2023-07-05 06:44:59,509[INFO ]:SENT SECS2 Message : SSID(1), B2(134), B3(11), P(0), S(0), SB(86)
2023-07-05 06:44:59,509[INFO ]:>>>S6F11 W>>>  
<L [3] 
    <U4 [1] 0 >
    <U4 [1] `SubstrateLocationOccupied` 1201 >
    <L [1] 
        <L [2] 
            <U4 [1] 109 >
            <L [2] 
                <A [4] `ModuleID` "BF01">
                <A [7] `GlassID` "glassid">
            >
        >
    >
>
2023-07-05 06:44:59,540[INFO ]:RECV SECS2 Message : SSID(1), B2(6), B3(12), P(0), S(0), SB(86), Length[3]
2023-07-05 06:44:59,540[DEBUG]:<<<S6F12<<<  
<B [1] 00 >
2023-07-05 06:45:01,105[INFO ]:Queued SECS2 Message : S6F11
2023-07-05 06:45:01,150[INFO ]:SENT SECS2 Message : SSID(1), B2(134), B3(11), P(0), S(0), SB(87)
2023-07-05 06:45:01,150[INFO ]:>>>S6F11 W>>>  
<L [3] 
    <U4 [1] 0 >
    <U4 [1] `ModuleStart` 1101 >
    <L [1] 
        <L [2] 
            <U4 [1] 108 >
            <L [1] 
                <A [4] `ModuleID` "LF01">
            >
        >
    >
>
2023-07-05 06:45:01,211[INFO ]:RECV SECS2 Message : SSID(1), B2(6), B3(12), P(0), S(0), SB(87), Length[3]
2023-07-05 06:45:01,211[DEBUG]:<<<S6F12<<<  
<B [1] 00 >
2023-07-05 06:45:01,515[INFO ]:Queued SECS2 Message : S6F11
2023-07-05 06:45:01,575[INFO ]:SENT SECS2 Message : SSID(1), B2(134), B3(11), P(0), S(0), SB(88)
2023-07-05 06:45:01,575[INFO ]:>>>S6F11 W>>>  
<L [3] 
    <U4 [1] 0 >
    <U4 [1] `ModuleEnd` 1102 >
    <L [1] 
        <L [2] 
            <U4 [1] 108 >
            <L [1] 
                <A [4] `ModuleID` "BF01">
            >
        >
    >
>
2023-07-05 06:45:01,666[INFO ]:RECV SECS2 Message : SSID(1), B2(6), B3(12), P(0), S(0), SB(88), Length[3]
2023-07-05 06:45:01,666[DEBUG]:<<<S6F12<<<  
<B [1] 00 >
2023-07-05 06:45:02,363[INFO ]:Queued SECS2 Message : S6F11
2023-07-05 06:45:02,424[INFO ]:SENT SECS2 Message : SSID(1), B2(134), B3(11), P(0), S(0), SB(89)
2023-07-05 06:45:02,424[INFO ]:>>>S6F11 W>>>  
<L [3] 
    <U4 [1] 0 >
    <U4 [1] `SubstrateLocationOccupied` 1201 >
    <L [1] 
        <L [2] 
            <U4 [1] 109 >
            <L [2] 
                <A [4] `ModuleID` "LF01">
                <A [7] `GlassID` "glassid">
            >
        >
    >
>
2023-07-05 06:45:02,500[INFO ]:RECV SECS2 Message : SSID(1), B2(6), B3(12), P(0), S(0), SB(89), Length[3]
2023-07-05 06:45:02,500[DEBUG]:<<<S6F12<<<  
<B [1] 00 >
2023-07-05 06:45:03,991[INFO ]:Queued SECS2 Message : S6F11
2023-07-05 06:45:04,006[INFO ]:SENT SECS2 Message : SSID(1), B2(134), B3(11), P(0), S(0), SB(90)
2023-07-05 06:45:04,006[INFO ]:>>>S6F11 W>>>  
<L [3] 
    <U4 [1] 0 >
    <U4 [1] `ModuleStart` 1101 >
    <L [1] 
        <L [2] 
            <U4 [1] 108 >
            <L [1] 
                <A [5] `ModuleID` "UCV01">
            >
        >
    >
>
2023-07-05 06:45:04,034[INFO ]:RECV SECS2 Message : SSID(1), B2(6), B3(12), P(0), S(0), SB(90), Length[3]
2023-07-05 06:45:04,034[DEBUG]:<<<S6F12<<<  
<B [1] 00 >
2023-07-05 06:45:04,399[INFO ]:Queued SECS2 Message : S6F11
2023-07-05 06:45:04,429[INFO ]:SENT SECS2 Message : SSID(1), B2(134), B3(11), P(0), S(0), SB(91)
2023-07-05 06:45:04,429[INFO ]:>>>S6F11 W>>>  
<L [3] 
    <U4 [1] 0 >
    <U4 [1] `ModuleEnd` 1102 >
    <L [1] 
        <L [2] 
            <U4 [1] 108 >
            <L [1] 
                <A [4] `ModuleID` "LF01">
            >
        >
    >
>
2023-07-05 06:45:04,476[INFO ]:RECV SECS2 Message : SSID(1), B2(6), B3(12), P(0), S(0), SB(91), Length[3]
2023-07-05 06:45:04,476[DEBUG]:<<<S6F12<<<  
<B [1] 00 >
2023-07-05 06:45:05,254[INFO ]:Queued SECS2 Message : S6F11
2023-07-05 06:45:05,285[INFO ]:SENT SECS2 Message : SSID(1), B2(134), B3(11), P(0), S(0), SB(92)
2023-07-05 06:45:05,285[INFO ]:>>>S6F11 W>>>  
<L [3] 
    <U4 [1] 0 >
    <U4 [1] `SubstrateLocationOccupied` 1201 >
    <L [1] 
        <L [2] 
            <U4 [1] 109 >
            <L [2] 
                <A [5] `ModuleID` "UCV01">
                <A [7] `GlassID` "glassid">
            >
        >
    >
>
2023-07-05 06:45:05,316[INFO ]:RECV SECS2 Message : SSID(1), B2(6), B3(12), P(0), S(0), SB(92), Length[3]
2023-07-05 06:45:05,316[DEBUG]:<<<S6F12<<<  
<B [1] 00 >
2023-07-05 06:45:06,882[INFO ]:Queued SECS2 Message : S6F11
2023-07-05 06:45:06,928[INFO ]:SENT SECS2 Message : SSID(1), B2(134), B3(11), P(0), S(0), SB(93)
2023-07-05 06:45:06,928[INFO ]:>>>S6F11 W>>>  
<L [3] 
    <U4 [1] 0 >
    <U4 [1] `ModuleStart` 1101 >
    <L [1] 
        <L [2] 
            <U4 [1] 108 >
            <L [1] 
                <A [5] `ModuleID` "UCV02">
            >
        >
    >
>
2023-07-05 06:45:06,989[INFO ]:RECV SECS2 Message : SSID(1), B2(6), B3(12), P(0), S(0), SB(93), Length[3]
2023-07-05 06:45:06,989[DEBUG]:<<<S6F12<<<  
<B [1] 00 >
2023-07-05 06:45:07,294[INFO ]:Queued SECS2 Message : S6F11
2023-07-05 06:45:07,354[INFO ]:SENT SECS2 Message : SSID(1), B2(134), B3(11), P(0), S(0), SB(94)
2023-07-05 06:45:07,354[INFO ]:>>>S6F11 W>>>  
<L [3] 
    <U4 [1] 0 >
    <U4 [1] `ModuleEnd` 1102 >
    <L [1] 
        <L [2] 
            <U4 [1] 108 >
            <L [1] 
                <A [5] `ModuleID` "UCV01">
            >
        >
    >
>
2023-07-05 06:45:07,376[INFO ]:RECV SECS2 Message : SSID(1), B2(6), B3(12), P(0), S(0), SB(94), Length[3]
2023-07-05 06:45:07,376[DEBUG]:<<<S6F12<<<  
<B [1] 00 >
2023-07-05 06:45:08,150[INFO ]:Queued SECS2 Message : S6F11
2023-07-05 06:45:08,211[INFO ]:SENT SECS2 Message : SSID(1), B2(134), B3(11), P(0), S(0), SB(95)
2023-07-05 06:45:08,211[INFO ]:>>>S6F11 W>>>  
<L [3] 
    <U4 [1] 0 >
    <U4 [1] `SubstrateLocationOccupied` 1201 >
    <L [1] 
        <L [2] 
            <U4 [1] 109 >
            <L [2] 
                <A [5] `ModuleID` "UCV02">
                <A [7] `GlassID` "glassid">
            >
        >
    >
>
2023-07-05 06:45:08,286[INFO ]:RECV SECS2 Message : SSID(1), B2(6), B3(12), P(0), S(0), SB(95), Length[3]
2023-07-05 06:45:08,286[DEBUG]:<<<S6F12<<<  
<B [1] 00 >
2023-07-05 06:45:09,776[INFO ]:Queued SECS2 Message : S6F11
2023-07-05 06:45:09,792[INFO ]:SENT SECS2 Message : SSID(1), B2(134), B3(11), P(0), S(0), SB(96)
2023-07-05 06:45:09,792[INFO ]:>>>S6F11 W>>>  
<L [3] 
    <U4 [1] 0 >
    <U4 [1] `ModuleStart` 1101 >
    <L [1] 
        <L [2] 
            <U4 [1] 108 >
            <L [1] 
                <A [5] `ModuleID` "UCV03">
            >
        >
    >
>
2023-07-05 06:45:09,881[INFO ]:RECV SECS2 Message : SSID(1), B2(6), B3(12), P(0), S(0), SB(96), Length[3]
2023-07-05 06:45:09,881[DEBUG]:<<<S6F12<<<  
<B [1] 00 >
2023-07-05 06:45:10,187[INFO ]:Queued SECS2 Message : S6F11
2023-07-05 06:45:10,216[INFO ]:SENT SECS2 Message : SSID(1), B2(134), B3(11), P(0), S(0), SB(97)
2023-07-05 06:45:10,216[INFO ]:>>>S6F11 W>>>  
<L [3] 
    <U4 [1] 0 >
    <U4 [1] `ModuleEnd` 1102 >
    <L [1] 
        <L [2] 
            <U4 [1] 108 >
            <L [1] 
                <A [5] `ModuleID` "UCV02">
            >
        >
    >
>
2023-07-05 06:45:10,262[INFO ]:RECV SECS2 Message : SSID(1), B2(6), B3(12), P(0), S(0), SB(97), Length[3]
2023-07-05 06:45:10,262[DEBUG]:<<<S6F12<<<  
<B [1] 00 >
2023-07-05 06:45:11,036[INFO ]:Queued SECS2 Message : S6F11
2023-07-05 06:45:11,066[INFO ]:SENT SECS2 Message : SSID(1), B2(134), B3(11), P(0), S(0), SB(98)
2023-07-05 06:45:11,067[INFO ]:>>>S6F11 W>>>  
<L [3] 
    <U4 [1] 0 >
    <U4 [1] `SubstrateLocationOccupied` 1201 >
    <L [1] 
        <L [2] 
            <U4 [1] 109 >
            <L [2] 
                <A [5] `ModuleID` "UCV03">
                <A [7] `GlassID` "glassid">
            >
        >
    >
>
2023-07-05 06:45:11,096[INFO ]:RECV SECS2 Message : SSID(1), B2(6), B3(12), P(0), S(0), SB(98), Length[3]
2023-07-05 06:45:11,096[DEBUG]:<<<S6F12<<<  
<B [1] 00 >
2023-07-05 06:45:12,667[INFO ]:Queued SECS2 Message : S6F11
2023-07-05 06:45:12,712[INFO ]:SENT SECS2 Message : SSID(1), B2(134), B3(11), P(0), S(0), SB(99)
2023-07-05 06:45:12,712[INFO ]:>>>S6F11 W>>>  
<L [3] 
    <U4 [1] 0 >
    <U4 [1] `ModuleStart` 1101 >
    <L [1] 
        <L [2] 
            <U4 [1] 108 >
            <L [1] 
                <A [5] `ModuleID` "UCV04">
            >
        >
    >
>
2023-07-05 06:45:12,772[INFO ]:RECV SECS2 Message : SSID(1), B2(6), B3(12), P(0), S(0), SB(99), Length[3]
2023-07-05 06:45:12,772[DEBUG]:<<<S6F12<<<  
<B [1] 00 >
2023-07-05 06:45:13,074[INFO ]:Queued SECS2 Message : S6F11
2023-07-05 06:45:13,136[INFO ]:SENT SECS2 Message : SSID(1), B2(134), B3(11), P(0), S(0), SB(100)
2023-07-05 06:45:13,136[INFO ]:>>>S6F11 W>>>  
<L [3] 
    <U4 [1] 0 >
    <U4 [1] `ModuleEnd` 1102 >
    <L [1] 
        <L [2] 
            <U4 [1] 108 >
            <L [1] 
                <A [5] `ModuleID` "UCV03">
            >
        >
    >
>
2023-07-05 06:45:13,161[INFO ]:RECV SECS2 Message : SSID(1), B2(6), B3(12), P(0), S(0), SB(100), Length[3]
2023-07-05 06:45:13,161[DEBUG]:<<<S6F12<<<  
<B [1] 00 >
2023-07-05 06:45:13,924[INFO ]:Queued SECS2 Message : S6F11
2023-07-05 06:45:13,986[INFO ]:SENT SECS2 Message : SSID(1), B2(134), B3(11), P(0), S(0), SB(101)
2023-07-05 06:45:13,986[INFO ]:>>>S6F11 W>>>  
<L [3] 
    <U4 [1] 0 >
    <U4 [1] `SubstrateLocationOccupied` 1201 >
    <L [1] 
        <L [2] 
            <U4 [1] 109 >
            <L [2] 
                <A [5] `ModuleID` "UCV04">
                <A [7] `GlassID` "glassid">
            >
        >
    >
>
2023-07-05 06:45:14,061[INFO ]:RECV SECS2 Message : SSID(1), B2(6), B3(12), P(0), S(0), SB(101), Length[3]
2023-07-05 06:45:14,061[DEBUG]:<<<S6F12<<<  
<B [1] 00 >
2023-07-05 06:45:15,551[INFO ]:Queued SECS2 Message : S6F11
2023-07-05 06:45:15,566[INFO ]:SENT SECS2 Message : SSID(1), B2(134), B3(11), P(0), S(0), SB(102)
2023-07-05 06:45:15,566[INFO ]:>>>S6F11 W>>>  
<L [3] 
    <U4 [1] 0 >
    <U4 [1] `ModuleStart` 1101 >
    <L [1] 
        <L [2] 
            <U4 [1] 108 >
            <L [1] 
                <A [5] `ModuleID` "UCV05">
            >
        >
    >
>
2023-07-05 06:45:15,592[INFO ]:RECV SECS2 Message : SSID(1), B2(6), B3(12), P(0), S(0), SB(102), Length[3]
2023-07-05 06:45:15,592[DEBUG]:<<<S6F12<<<  
<B [1] 00 >
2023-07-05 06:45:15,961[INFO ]:Queued SECS2 Message : S6F11
2023-07-05 06:45:15,990[INFO ]:SENT SECS2 Message : SSID(1), B2(134), B3(11), P(0), S(0), SB(103)
2023-07-05 06:45:15,990[INFO ]:>>>S6F11 W>>>  
<L [3] 
    <U4 [1] 0 >
    <U4 [1] `ModuleEnd` 1102 >
    <L [1] 
        <L [2] 
            <U4 [1] 108 >
            <L [1] 
                <A [5] `ModuleID` "UCV04">
            >
        >
    >
>
2023-07-05 06:45:16,036[INFO ]:RECV SECS2 Message : SSID(1), B2(6), B3(12), P(0), S(0), SB(103), Length[3]
2023-07-05 06:45:16,036[DEBUG]:<<<S6F12<<<  
<B [1] 00 >
2023-07-05 06:45:16,812[INFO ]:Queued SECS2 Message : S6F11
2023-07-05 06:45:16,842[INFO ]:SENT SECS2 Message : SSID(1), B2(134), B3(11), P(0), S(0), SB(104)
2023-07-05 06:45:16,842[INFO ]:>>>S6F11 W>>>  
<L [3] 
    <U4 [1] 0 >
    <U4 [1] `SubstrateLocationOccupied` 1201 >
    <L [1] 
        <L [2] 
            <U4 [1] 109 >
            <L [2] 
                <A [5] `ModuleID` "UCV05">
                <A [7] `GlassID` "glassid">
            >
        >
    >
>
2023-07-05 06:45:16,873[INFO ]:RECV SECS2 Message : SSID(1), B2(6), B3(12), P(0), S(0), SB(104), Length[3]
2023-07-05 06:45:16,873[DEBUG]:<<<S6F12<<<  
<B [1] 00 >
2023-07-05 06:45:18,434[INFO ]:Queued SECS2 Message : S6F11
2023-07-05 06:45:18,479[INFO ]:SENT SECS2 Message : SSID(1), B2(134), B3(11), P(0), S(0), SB(105)
2023-07-05 06:45:18,479[INFO ]:>>>S6F11 W>>>  
<L [3] 
    <U4 [1] 0 >
    <U4 [1] `ModuleStart` 1101 >
    <L [1] 
        <L [2] 
            <U4 [1] 108 >
            <L [1] 
                <A [4] `ModuleID` "OP01">
            >
        >
    >
>
2023-07-05 06:45:18,541[INFO ]:RECV SECS2 Message : SSID(1), B2(6), B3(12), P(0), S(0), SB(105), Length[3]
2023-07-05 06:45:18,541[DEBUG]:<<<S6F12<<<  
<B [1] 00 >
2023-07-05 06:45:18,845[INFO ]:Queued SECS2 Message : S6F11
2023-07-05 06:45:18,905[INFO ]:SENT SECS2 Message : SSID(1), B2(134), B3(11), P(0), S(0), SB(106)
2023-07-05 06:45:18,905[INFO ]:>>>S6F11 W>>>  
<L [3] 
    <U4 [1] 0 >
    <U4 [1] `ModuleEnd` 1102 >
    <L [1] 
        <L [2] 
            <U4 [1] 108 >
            <L [1] 
                <A [5] `ModuleID` "UCV05">
            >
        >
    >
>
2023-07-05 06:45:18,934[INFO ]:RECV SECS2 Message : SSID(1), B2(6), B3(12), P(0), S(0), SB(106), Length[3]
2023-07-05 06:45:18,935[DEBUG]:<<<S6F12<<<  
<B [1] 00 >
2023-07-05 06:45:19,692[INFO ]:Queued SECS2 Message : S6F11
2023-07-05 06:45:19,753[INFO ]:SENT SECS2 Message : SSID(1), B2(134), B3(11), P(0), S(0), SB(107)
2023-07-05 06:45:19,753[INFO ]:>>>S6F11 W>>>  
<L [3] 
    <U4 [1] 0 >
    <U4 [1] `SubstrateLocationOccupied` 1201 >
    <L [1] 
        <L [2] 
            <U4 [1] 109 >
            <L [2] 
                <A [4] `ModuleID` "OP01">
                <A [7] `GlassID` "glassid">
            >
        >
    >
>
2023-07-05 06:45:19,781[INFO ]:RECV SECS2 Message : SSID(1), B2(6), B3(12), P(0), S(0), SB(107), Length[3]
2023-07-05 06:45:19,781[DEBUG]:<<<S6F12<<<  
<B [1] 00 >
2023-07-05 06:49:26,978[INFO ]:Queued SECS2 Message : S1F13
2023-07-05 06:49:27,009[INFO ]:SENT SECS2 Message : SSID(1), B2(129), B3(13), P(0), S(0), SB(110)
2023-07-05 06:49:27,013[INFO ]:>>>S1F13 W>>>  
<L [2] 
    <A [3] "DFR">
    <A [1] "0">
>
2023-07-05 06:49:27,054[INFO ]:RECV SECS2 Message : SSID(1), B2(1), B3(14), P(0), S(0), SB(110), Length[7]
2023-07-05 06:49:27,054[DEBUG]:<<<S1F14<<<  
<L [2] 
    <B [1] 00 >
    <L [0] >
>
2023-07-05 06:58:41,957[INFO ]:Queued SECS2 Message : S1F13
2023-07-05 06:58:41,999[INFO ]:SENT SECS2 Message : SSID(1), B2(129), B3(13), P(0), S(0), SB(1)
2023-07-05 06:58:42,001[INFO ]:>>>S1F13 W>>>  
<L [2] 
    <A [3] "DFR">
    <A [1] "0">
>
2023-07-05 06:58:42,092[INFO ]:RECV SECS2 Message : SSID(1), B2(1), B3(14), P(0), S(0), SB(1), Length[7]
2023-07-05 06:58:42,093[DEBUG]:<<<S1F14<<<  
<L [2] 
    <B [1] 00 >
    <L [0] >
>
2023-07-05 06:58:42,472[INFO ]:Queued SECS2 Message : S6F11
2023-07-05 06:58:42,483[INFO ]:SENT SECS2 Message : SSID(1), B2(134), B3(11), P(0), S(0), SB(2)
2023-07-05 06:58:42,483[INFO ]:>>>S6F11 W>>>  
<L [3] 
    <U4 [1] 0 >
    <U4 [1] `EquipmentStateChanged` 1051 >
    <L [1] 
        <L [2] 
            <U4 [1] 104 >
            <L [2] 
                <U2 [1] `EqpState` 2 >
                <U2 [1] `PreviousEqpState` 4 >
            >
        >
    >
>
2023-07-05 06:58:42,545[INFO ]:RECV SECS2 Message : SSID(1), B2(6), B3(12), P(0), S(0), SB(2), Length[3]
2023-07-05 06:58:42,545[DEBUG]:<<<S6F12<<<  
<B [1] 00 >
2023-07-05 06:58:42,880[INFO ]:Queued SECS2 Message : S6F11
2023-07-05 06:58:42,911[INFO ]:SENT SECS2 Message : SSID(1), B2(134), B3(11), P(0), S(0), SB(3)
2023-07-05 06:58:42,911[INFO ]:>>>S6F11 W>>>  
<L [3] 
    <U4 [1] 0 >
    <U4 [1] `EquipmentStateChanged` 1051 >
    <L [1] 
        <L [2] 
            <U4 [1] 104 >
            <L [2] 
                <U2 [1] `EqpState` 1 >
                <U2 [1] `PreviousEqpState` 2 >
            >
        >
    >
>
2023-07-05 06:58:42,940[INFO ]:RECV SECS2 Message : SSID(1), B2(6), B3(12), P(0), S(0), SB(3), Length[3]
2023-07-05 06:58:42,940[DEBUG]:<<<S6F12<<<  
<B [1] 00 >
2023-07-05 06:59:04,214[INFO ]:Queued SECS2 Message : S6F11
2023-07-05 06:59:04,229[INFO ]:Queued SECS2 Message : S6F11
2023-07-05 06:59:04,275[INFO ]:SENT SECS2 Message : SSID(1), B2(134), B3(11), P(0), S(0), SB(4)
2023-07-05 06:59:04,275[INFO ]:>>>S6F11 W>>>  
<L [3] 
    <U4 [1] 0 >
    <U4 [1] `SubstrateLocationOccupied` 1201 >
    <L [1] 
        <L [2] 
            <U4 [1] 109 >
            <L [2] 
                <A [4] `ModuleID` "IP01">
                <A [7] `GlassID` "glassid">
            >
        >
    >
>
2023-07-05 06:59:04,276[INFO ]:SENT SECS2 Message : SSID(1), B2(134), B3(11), P(0), S(0), SB(5)
2023-07-05 06:59:04,276[INFO ]:>>>S6F11 W>>>  
<L [3] 
    <U4 [1] 0 >
    <U4 [1] `ModuleStart` 1101 >
    <L [1] 
        <L [2] 
            <U4 [1] 108 >
            <L [1] 
                <A [4] `ModuleID` "IP01">
            >
        >
    >
>
2023-07-05 06:59:04,320[INFO ]:RECV SECS2 Message : SSID(1), B2(6), B3(12), P(0), S(0), SB(4), Length[3]
2023-07-05 06:59:04,320[DEBUG]:<<<S6F12<<<  
<B [1] 00 >
2023-07-05 06:59:04,327[INFO ]:RECV SECS2 Message : SSID(1), B2(6), B3(12), P(0), S(0), SB(5), Length[3]
2023-07-05 06:59:04,327[DEBUG]:<<<S6F12<<<  
<B [1] 00 >
2023-07-05 06:59:04,625[INFO ]:Queued SECS2 Message : S6F11
2023-07-05 06:59:04,640[INFO ]:Queued SECS2 Message : S6F11
2023-07-05 06:59:04,640[INFO ]:SENT SECS2 Message : SSID(1), B2(134), B3(11), P(0), S(0), SB(6)
2023-07-05 06:59:04,640[INFO ]:>>>S6F11 W>>>  
<L [3] 
    <U4 [1] 0 >
    <U4 [1] `EquipmentStateChanged` 1051 >
    <L [1] 
        <L [2] 
            <U4 [1] 104 >
            <L [2] 
                <U2 [1] `EqpState` 2 >
                <U2 [1] `PreviousEqpState` 1 >
            >
        >
    >
>
2023-07-05 06:59:04,640[INFO ]:SENT SECS2 Message : SSID(1), B2(134), B3(11), P(0), S(0), SB(7)
2023-07-05 06:59:04,640[INFO ]:>>>S6F11 W>>>  
<L [3] 
    <U4 [1] 0 >
    <U4 [1] `SubstrateLocationOccupied` 1201 >
    <L [1] 
        <L [2] 
            <U4 [1] 109 >
            <L [2] 
                <A [4] `ModuleID` "IP01">
                <A [7] `GlassID` "glassid">
            >
        >
    >
>
2023-07-05 06:59:04,701[INFO ]:RECV SECS2 Message : SSID(1), B2(6), B3(12), P(0), S(0), SB(6), Length[3]
2023-07-05 06:59:04,701[DEBUG]:<<<S6F12<<<  
<B [1] 00 >
2023-07-05 06:59:04,701[INFO ]:RECV SECS2 Message : SSID(1), B2(6), B3(12), P(0), S(0), SB(7), Length[3]
2023-07-05 06:59:04,701[DEBUG]:<<<S6F12<<<  
<B [1] 00 >
2023-07-05 06:59:07,397[INFO ]:Queued SECS2 Message : S6F11
2023-07-05 06:59:07,442[INFO ]:SENT SECS2 Message : SSID(1), B2(134), B3(11), P(0), S(0), SB(8)
2023-07-05 06:59:07,442[INFO ]:>>>S6F11 W>>>  
<L [3] 
    <U4 [1] 0 >
    <U4 [1] `SubstrateLocationOccupied` 1201 >
    <L [1] 
        <L [2] 
            <U4 [1] 109 >
            <L [2] 
                <A [4] `ModuleID` "IP01">
                <A [7] `GlassID` "glassid">
            >
        >
    >
>
2023-07-05 06:59:07,519[INFO ]:RECV SECS2 Message : SSID(1), B2(6), B3(12), P(0), S(0), SB(8), Length[3]
2023-07-05 06:59:07,519[DEBUG]:<<<S6F12<<<  
<B [1] 00 >
2023-07-05 06:59:09,022[INFO ]:Queued SECS2 Message : S6F11
2023-07-05 06:59:09,083[INFO ]:SENT SECS2 Message : SSID(1), B2(134), B3(11), P(0), S(0), SB(9)
2023-07-05 06:59:09,083[INFO ]:>>>S6F11 W>>>  
<L [3] 
    <U4 [1] 0 >
    <U4 [1] `ModuleStart` 1101 >
    <L [1] 
        <L [2] 
            <U4 [1] 108 >
            <L [1] 
                <A [5] `ModuleID` "DEV01">
            >
        >
    >
>
2023-07-05 06:59:09,113[INFO ]:RECV SECS2 Message : SSID(1), B2(6), B3(12), P(0), S(0), SB(9), Length[3]
2023-07-05 06:59:09,113[DEBUG]:<<<S6F12<<<  
<B [1] 00 >
2023-07-05 06:59:09,432[INFO ]:Queued SECS2 Message : S6F11
2023-07-05 06:59:09,446[INFO ]:SENT SECS2 Message : SSID(1), B2(134), B3(11), P(0), S(0), SB(10)
2023-07-05 06:59:09,446[INFO ]:>>>S6F11 W>>>  
<L [3] 
    <U4 [1] 0 >
    <U4 [1] `ModuleEnd` 1102 >
    <L [1] 
        <L [2] 
            <U4 [1] 108 >
            <L [1] 
                <A [4] `ModuleID` "IP01">
            >
        >
    >
>
2023-07-05 06:59:09,492[INFO ]:RECV SECS2 Message : SSID(1), B2(6), B3(12), P(0), S(0), SB(10), Length[3]
2023-07-05 06:59:09,492[DEBUG]:<<<S6F12<<<  
<B [1] 00 >
2023-07-05 06:59:10,281[INFO ]:Queued SECS2 Message : S6F11
2023-07-05 06:59:10,295[INFO ]:SENT SECS2 Message : SSID(1), B2(134), B3(11), P(0), S(0), SB(11)
2023-07-05 06:59:10,295[INFO ]:>>>S6F11 W>>>  
<L [3] 
    <U4 [1] 0 >
    <U4 [1] `SubstrateLocationOccupied` 1201 >
    <L [1] 
        <L [2] 
            <U4 [1] 109 >
            <L [2] 
                <A [5] `ModuleID` "DEV01">
                <A [7] `GlassID` "glassid">
            >
        >
    >
>
2023-07-05 06:59:10,331[INFO ]:RECV SECS2 Message : SSID(1), B2(6), B3(12), P(0), S(0), SB(11), Length[3]
2023-07-05 06:59:10,331[DEBUG]:<<<S6F12<<<  
<B [1] 00 >
2023-07-05 06:59:11,907[INFO ]:Queued SECS2 Message : S6F11
2023-07-05 06:59:11,938[INFO ]:SENT SECS2 Message : SSID(1), B2(134), B3(11), P(0), S(0), SB(12)
2023-07-05 06:59:11,938[INFO ]:>>>S6F11 W>>>  
<L [3] 
    <U4 [1] 0 >
    <U4 [1] `ModuleStart` 1101 >
    <L [1] 
        <L [2] 
            <U4 [1] 108 >
            <L [1] 
                <A [4] `ModuleID` "RS01">
            >
        >
    >
>
2023-07-05 06:59:11,998[INFO ]:RECV SECS2 Message : SSID(1), B2(6), B3(12), P(0), S(0), SB(12), Length[3]
2023-07-05 06:59:11,998[DEBUG]:<<<S6F12<<<  
<B [1] 00 >
2023-07-05 06:59:12,318[INFO ]:Queued SECS2 Message : S6F11
2023-07-05 06:59:12,363[INFO ]:SENT SECS2 Message : SSID(1), B2(134), B3(11), P(0), S(0), SB(13)
2023-07-05 06:59:12,363[INFO ]:>>>S6F11 W>>>  
<L [3] 
    <U4 [1] 0 >
    <U4 [1] `ModuleEnd` 1102 >
    <L [1] 
        <L [2] 
            <U4 [1] 108 >
            <L [1] 
                <A [5] `ModuleID` "DEV01">
            >
        >
    >
>
2023-07-05 06:59:12,454[INFO ]:RECV SECS2 Message : SSID(1), B2(6), B3(12), P(0), S(0), SB(13), Length[3]
2023-07-05 06:59:12,454[DEBUG]:<<<S6F12<<<  
<B [1] 00 >
2023-07-05 06:59:13,167[INFO ]:Queued SECS2 Message : S6F11
2023-07-05 06:59:13,213[INFO ]:SENT SECS2 Message : SSID(1), B2(134), B3(11), P(0), S(0), SB(14)
2023-07-05 06:59:13,213[INFO ]:>>>S6F11 W>>>  
<L [3] 
    <U4 [1] 0 >
    <U4 [1] `SubstrateLocationOccupied` 1201 >
    <L [1] 
        <L [2] 
            <U4 [1] 109 >
            <L [2] 
                <A [4] `ModuleID` "RS01">
                <A [7] `GlassID` "glassid">
            >
        >
    >
>
2023-07-05 06:59:13,289[INFO ]:RECV SECS2 Message : SSID(1), B2(6), B3(12), P(0), S(0), SB(14), Length[3]
2023-07-05 06:59:13,289[DEBUG]:<<<S6F12<<<  
<B [1] 00 >
2023-07-05 06:59:14,797[INFO ]:Queued SECS2 Message : S6F11
2023-07-05 06:59:14,858[INFO ]:SENT SECS2 Message : SSID(1), B2(134), B3(11), P(0), S(0), SB(15)
2023-07-05 06:59:14,858[INFO ]:>>>S6F11 W>>>  
<L [3] 
    <U4 [1] 0 >
    <U4 [1] `ModuleStart` 1101 >
    <L [1] 
        <L [2] 
            <U4 [1] 108 >
            <L [1] 
                <A [4] `ModuleID` "RS02">
            >
        >
    >
>
2023-07-05 06:59:14,889[INFO ]:RECV SECS2 Message : SSID(1), B2(6), B3(12), P(0), S(0), SB(15), Length[3]
2023-07-05 06:59:14,889[DEBUG]:<<<S6F12<<<  
<B [1] 00 >
2023-07-05 06:59:15,208[INFO ]:Queued SECS2 Message : S6F11
2023-07-05 06:59:15,225[INFO ]:SENT SECS2 Message : SSID(1), B2(134), B3(11), P(0), S(0), SB(16)
2023-07-05 06:59:15,225[INFO ]:>>>S6F11 W>>>  
<L [3] 
    <U4 [1] 0 >
    <U4 [1] `ModuleEnd` 1102 >
    <L [1] 
        <L [2] 
            <U4 [1] 108 >
            <L [1] 
                <A [4] `ModuleID` "RS01">
            >
        >
    >
>
2023-07-05 06:59:15,269[INFO ]:RECV SECS2 Message : SSID(1), B2(6), B3(12), P(0), S(0), SB(16), Length[3]
2023-07-05 06:59:15,269[DEBUG]:<<<S6F12<<<  
<B [1] 00 >
2023-07-05 06:59:16,060[INFO ]:Queued SECS2 Message : S6F11
2023-07-05 06:59:16,076[INFO ]:SENT SECS2 Message : SSID(1), B2(134), B3(11), P(0), S(0), SB(17)
2023-07-05 06:59:16,076[INFO ]:>>>S6F11 W>>>  
<L [3] 
    <U4 [1] 0 >
    <U4 [1] `SubstrateLocationOccupied` 1201 >
    <L [1] 
        <L [2] 
            <U4 [1] 109 >
            <L [2] 
                <A [4] `ModuleID` "RS02">
                <A [7] `GlassID` "glassid">
            >
        >
    >
>
2023-07-05 06:59:16,108[INFO ]:RECV SECS2 Message : SSID(1), B2(6), B3(12), P(0), S(0), SB(17), Length[3]
2023-07-05 06:59:16,108[DEBUG]:<<<S6F12<<<  
<B [1] 00 >
2023-07-05 06:59:17,684[INFO ]:Queued SECS2 Message : S6F11
2023-07-05 06:59:17,715[INFO ]:SENT SECS2 Message : SSID(1), B2(134), B3(11), P(0), S(0), SB(18)
2023-07-05 06:59:17,715[INFO ]:>>>S6F11 W>>>  
<L [3] 
    <U4 [1] 0 >
    <U4 [1] `ModuleStart` 1101 >
    <L [1] 
        <L [2] 
            <U4 [1] 108 >
            <L [1] 
                <A [4] `ModuleID` "RS03">
            >
        >
    >
>
2023-07-05 06:59:17,775[INFO ]:RECV SECS2 Message : SSID(1), B2(6), B3(12), P(0), S(0), SB(18), Length[3]
2023-07-05 06:59:17,775[DEBUG]:<<<S6F12<<<  
<B [1] 00 >
2023-07-05 06:59:18,094[INFO ]:Queued SECS2 Message : S6F11
2023-07-05 06:59:18,140[INFO ]:SENT SECS2 Message : SSID(1), B2(134), B3(11), P(0), S(0), SB(19)
2023-07-05 06:59:18,140[INFO ]:>>>S6F11 W>>>  
<L [3] 
    <U4 [1] 0 >
    <U4 [1] `ModuleEnd` 1102 >
    <L [1] 
        <L [2] 
            <U4 [1] 108 >
            <L [1] 
                <A [4] `ModuleID` "RS02">
            >
        >
    >
>
2023-07-05 06:59:18,166[INFO ]:RECV SECS2 Message : SSID(1), B2(6), B3(12), P(0), S(0), SB(19), Length[3]
2023-07-05 06:59:18,166[DEBUG]:<<<S6F12<<<  
<B [1] 00 >
2023-07-05 06:59:18,949[INFO ]:Queued SECS2 Message : S6F11
2023-07-05 06:59:18,994[INFO ]:SENT SECS2 Message : SSID(1), B2(134), B3(11), P(0), S(0), SB(20)
2023-07-05 06:59:18,994[INFO ]:>>>S6F11 W>>>  
<L [3] 
    <U4 [1] 0 >
    <U4 [1] `SubstrateLocationOccupied` 1201 >
    <L [1] 
        <L [2] 
            <U4 [1] 109 >
            <L [2] 
                <A [4] `ModuleID` "RS03">
                <A [7] `GlassID` "glassid">
            >
        >
    >
>
2023-07-05 06:59:19,070[INFO ]:RECV SECS2 Message : SSID(1), B2(6), B3(12), P(0), S(0), SB(20), Length[3]
2023-07-05 06:59:19,070[DEBUG]:<<<S6F12<<<  
<B [1] 00 >
2023-07-05 06:59:20,575[INFO ]:Queued SECS2 Message : S6F11
2023-07-05 06:59:20,635[INFO ]:SENT SECS2 Message : SSID(1), B2(134), B3(11), P(0), S(0), SB(21)
2023-07-05 06:59:20,635[INFO ]:>>>S6F11 W>>>  
<L [3] 
    <U4 [1] 0 >
    <U4 [1] `ModuleStart` 1101 >
    <L [1] 
        <L [2] 
            <U4 [1] 108 >
            <L [1] 
                <A [4] `ModuleID` "RS04">
            >
        >
    >
>
2023-07-05 06:59:20,666[INFO ]:RECV SECS2 Message : SSID(1), B2(6), B3(12), P(0), S(0), SB(21), Length[3]
2023-07-05 06:59:20,666[DEBUG]:<<<S6F12<<<  
<B [1] 00 >
2023-07-05 06:59:20,986[INFO ]:Queued SECS2 Message : S6F11
2023-07-05 06:59:21,002[INFO ]:SENT SECS2 Message : SSID(1), B2(134), B3(11), P(0), S(0), SB(22)
2023-07-05 06:59:21,003[INFO ]:>>>S6F11 W>>>  
<L [3] 
    <U4 [1] 0 >
    <U4 [1] `ModuleEnd` 1102 >
    <L [1] 
        <L [2] 
            <U4 [1] 108 >
            <L [1] 
                <A [4] `ModuleID` "RS03">
            >
        >
    >
>
2023-07-05 06:59:21,047[INFO ]:RECV SECS2 Message : SSID(1), B2(6), B3(12), P(0), S(0), SB(22), Length[3]
2023-07-05 06:59:21,047[DEBUG]:<<<S6F12<<<  
<B [1] 00 >
2023-07-05 06:59:21,840[INFO ]:Queued SECS2 Message : S6F11
2023-07-05 06:59:21,855[INFO ]:SENT SECS2 Message : SSID(1), B2(134), B3(11), P(0), S(0), SB(23)
2023-07-05 06:59:21,855[INFO ]:>>>S6F11 W>>>  
<L [3] 
    <U4 [1] 0 >
    <U4 [1] `SubstrateLocationOccupied` 1201 >
    <L [1] 
        <L [2] 
            <U4 [1] 109 >
            <L [2] 
                <A [4] `ModuleID` "RS04">
                <A [7] `GlassID` "glassid">
            >
        >
    >
>
2023-07-05 06:59:21,892[INFO ]:RECV SECS2 Message : SSID(1), B2(6), B3(12), P(0), S(0), SB(23), Length[3]
2023-07-05 06:59:21,892[DEBUG]:<<<S6F12<<<  
<B [1] 00 >
2023-07-05 06:59:23,467[INFO ]:Queued SECS2 Message : S6F11
2023-07-05 06:59:23,497[INFO ]:SENT SECS2 Message : SSID(1), B2(134), B3(11), P(0), S(0), SB(24)
2023-07-05 06:59:23,497[INFO ]:>>>S6F11 W>>>  
<L [3] 
    <U4 [1] 0 >
    <U4 [1] `ModuleStart` 1101 >
    <L [1] 
        <L [2] 
            <U4 [1] 108 >
            <L [1] 
                <A [4] `ModuleID` "RS05">
            >
        >
    >
>
2023-07-05 06:59:23,558[INFO ]:RECV SECS2 Message : SSID(1), B2(6), B3(12), P(0), S(0), SB(24), Length[3]
2023-07-05 06:59:23,558[DEBUG]:<<<S6F12<<<  
<B [1] 00 >
2023-07-05 06:59:23,878[INFO ]:Queued SECS2 Message : S6F11
2023-07-05 06:59:23,924[INFO ]:SENT SECS2 Message : SSID(1), B2(134), B3(11), P(0), S(0), SB(25)
2023-07-05 06:59:23,924[INFO ]:>>>S6F11 W>>>  
<L [3] 
    <U4 [1] 0 >
    <U4 [1] `ModuleEnd` 1102 >
    <L [1] 
        <L [2] 
            <U4 [1] 108 >
            <L [1] 
                <A [4] `ModuleID` "RS04">
            >
        >
    >
>
2023-07-05 06:59:24,016[INFO ]:RECV SECS2 Message : SSID(1), B2(6), B3(12), P(0), S(0), SB(25), Length[3]
2023-07-05 06:59:24,016[DEBUG]:<<<S6F12<<<  
<B [1] 00 >
2023-07-05 06:59:24,731[INFO ]:Queued SECS2 Message : S6F11
2023-07-05 06:59:24,778[INFO ]:SENT SECS2 Message : SSID(1), B2(134), B3(11), P(0), S(0), SB(26)
2023-07-05 06:59:24,778[INFO ]:>>>S6F11 W>>>  
<L [3] 
    <U4 [1] 0 >
    <U4 [1] `SubstrateLocationOccupied` 1201 >
    <L [1] 
        <L [2] 
            <U4 [1] 109 >
            <L [2] 
                <A [4] `ModuleID` "RS05">
                <A [7] `GlassID` "glassid">
            >
        >
    >
>
2023-07-05 06:59:24,854[INFO ]:RECV SECS2 Message : SSID(1), B2(6), B3(12), P(0), S(0), SB(26), Length[3]
2023-07-05 06:59:24,854[DEBUG]:<<<S6F12<<<  
<B [1] 00 >
2023-07-05 06:59:26,359[INFO ]:Queued SECS2 Message : S6F11
2023-07-05 06:59:26,420[INFO ]:SENT SECS2 Message : SSID(1), B2(134), B3(11), P(0), S(0), SB(27)
2023-07-05 06:59:26,420[INFO ]:>>>S6F11 W>>>  
<L [3] 
    <U4 [1] 0 >
    <U4 [1] `ModuleStart` 1101 >
    <L [1] 
        <L [2] 
            <U4 [1] 108 >
            <L [1] 
                <A [4] `ModuleID` "AK01">
            >
        >
    >
>
2023-07-05 06:59:26,454[INFO ]:RECV SECS2 Message : SSID(1), B2(6), B3(12), P(0), S(0), SB(27), Length[3]
2023-07-05 06:59:26,454[DEBUG]:<<<S6F12<<<  
<B [1] 00 >
2023-07-05 06:59:26,768[INFO ]:Queued SECS2 Message : S6F11
2023-07-05 06:59:26,783[INFO ]:SENT SECS2 Message : SSID(1), B2(134), B3(11), P(0), S(0), SB(28)
2023-07-05 06:59:26,783[INFO ]:>>>S6F11 W>>>  
<L [3] 
    <U4 [1] 0 >
    <U4 [1] `ModuleEnd` 1102 >
    <L [1] 
        <L [2] 
            <U4 [1] 108 >
            <L [1] 
                <A [4] `ModuleID` "RS05">
            >
        >
    >
>
2023-07-05 06:59:26,828[INFO ]:RECV SECS2 Message : SSID(1), B2(6), B3(12), P(0), S(0), SB(28), Length[3]
2023-07-05 06:59:26,828[DEBUG]:<<<S6F12<<<  
<B [1] 00 >
2023-07-05 06:59:27,618[INFO ]:Queued SECS2 Message : S6F11
2023-07-05 06:59:27,633[INFO ]:SENT SECS2 Message : SSID(1), B2(134), B3(11), P(0), S(0), SB(29)
2023-07-05 06:59:27,633[INFO ]:>>>S6F11 W>>>  
<L [3] 
    <U4 [1] 0 >
    <U4 [1] `SubstrateLocationOccupied` 1201 >
    <L [1] 
        <L [2] 
            <U4 [1] 109 >
            <L [2] 
                <A [4] `ModuleID` "AK01">
                <A [7] `GlassID` "glassid">
            >
        >
    >
>
2023-07-05 06:59:27,669[INFO ]:RECV SECS2 Message : SSID(1), B2(6), B3(12), P(0), S(0), SB(29), Length[3]
2023-07-05 06:59:27,669[DEBUG]:<<<S6F12<<<  
<B [1] 00 >
2023-07-05 06:59:29,241[INFO ]:Queued SECS2 Message : S6F11
2023-07-05 06:59:29,271[INFO ]:SENT SECS2 Message : SSID(1), B2(134), B3(11), P(0), S(0), SB(30)
2023-07-05 06:59:29,272[INFO ]:>>>S6F11 W>>>  
<L [3] 
    <U4 [1] 0 >
    <U4 [1] `ModuleStart` 1101 >
    <L [1] 
        <L [2] 
            <U4 [1] 108 >
            <L [1] 
                <A [4] `ModuleID` "BF01">
            >
        >
    >
>
2023-07-05 06:59:29,333[INFO ]:RECV SECS2 Message : SSID(1), B2(6), B3(12), P(0), S(0), SB(30), Length[3]
2023-07-05 06:59:29,333[DEBUG]:<<<S6F12<<<  
<B [1] 00 >
2023-07-05 06:59:29,652[INFO ]:Queued SECS2 Message : S6F11
2023-07-05 06:59:29,697[INFO ]:SENT SECS2 Message : SSID(1), B2(134), B3(11), P(0), S(0), SB(31)
2023-07-05 06:59:29,697[INFO ]:>>>S6F11 W>>>  
<L [3] 
    <U4 [1] 0 >
    <U4 [1] `ModuleEnd` 1102 >
    <L [1] 
        <L [2] 
            <U4 [1] 108 >
            <L [1] 
                <A [4] `ModuleID` "AK01">
            >
        >
    >
>
2023-07-05 06:59:29,720[INFO ]:RECV SECS2 Message : SSID(1), B2(6), B3(12), P(0), S(0), SB(31), Length[3]
2023-07-05 06:59:29,720[DEBUG]:<<<S6F12<<<  
<B [1] 00 >
2023-07-05 06:59:30,505[INFO ]:Queued SECS2 Message : S6F11
2023-07-05 06:59:30,551[INFO ]:SENT SECS2 Message : SSID(1), B2(134), B3(11), P(0), S(0), SB(32)
2023-07-05 06:59:30,551[INFO ]:>>>S6F11 W>>>  
<L [3] 
    <U4 [1] 0 >
    <U4 [1] `SubstrateLocationOccupied` 1201 >
    <L [1] 
        <L [2] 
            <U4 [1] 109 >
            <L [2] 
                <A [4] `ModuleID` "BF01">
                <A [7] `GlassID` "glassid">
            >
        >
    >
>
2023-07-05 06:59:30,628[INFO ]:RECV SECS2 Message : SSID(1), B2(6), B3(12), P(0), S(0), SB(32), Length[3]
2023-07-05 06:59:30,628[DEBUG]:<<<S6F12<<<  
<B [1] 00 >
2023-07-05 06:59:32,140[INFO ]:Queued SECS2 Message : S6F11
2023-07-05 06:59:32,200[INFO ]:SENT SECS2 Message : SSID(1), B2(134), B3(11), P(0), S(0), SB(33)
2023-07-05 06:59:32,201[INFO ]:>>>S6F11 W>>>  
<L [3] 
    <U4 [1] 0 >
    <U4 [1] `ModuleStart` 1101 >
    <L [1] 
        <L [2] 
            <U4 [1] 108 >
            <L [1] 
                <A [4] `ModuleID` "LF01">
            >
        >
    >
>
2023-07-05 06:59:32,230[INFO ]:RECV SECS2 Message : SSID(1), B2(6), B3(12), P(0), S(0), SB(33), Length[3]
2023-07-05 06:59:32,230[DEBUG]:<<<S6F12<<<  
<B [1] 00 >
2023-07-05 06:59:32,551[INFO ]:Queued SECS2 Message : S6F11
2023-07-05 06:59:32,566[INFO ]:SENT SECS2 Message : SSID(1), B2(134), B3(11), P(0), S(0), SB(34)
2023-07-05 06:59:32,566[INFO ]:>>>S6F11 W>>>  
<L [3] 
    <U4 [1] 0 >
    <U4 [1] `ModuleEnd` 1102 >
    <L [1] 
        <L [2] 
            <U4 [1] 108 >
            <L [1] 
                <A [4] `ModuleID` "BF01">
            >
        >
    >
>
2023-07-05 06:59:32,613[INFO ]:RECV SECS2 Message : SSID(1), B2(6), B3(12), P(0), S(0), SB(34), Length[3]
2023-07-05 06:59:32,613[DEBUG]:<<<S6F12<<<  
<B [1] 00 >
2023-07-05 06:59:33,401[INFO ]:Queued SECS2 Message : S6F11
2023-07-05 06:59:33,417[INFO ]:SENT SECS2 Message : SSID(1), B2(134), B3(11), P(0), S(0), SB(35)
2023-07-05 06:59:33,417[INFO ]:>>>S6F11 W>>>  
<L [3] 
    <U4 [1] 0 >
    <U4 [1] `SubstrateLocationOccupied` 1201 >
    <L [1] 
        <L [2] 
            <U4 [1] 109 >
            <L [2] 
                <A [4] `ModuleID` "LF01">
                <A [7] `GlassID` "glassid">
            >
        >
    >
>
2023-07-05 06:59:33,449[INFO ]:RECV SECS2 Message : SSID(1), B2(6), B3(12), P(0), S(0), SB(35), Length[3]
2023-07-05 06:59:33,449[DEBUG]:<<<S6F12<<<  
<B [1] 00 >
2023-07-05 06:59:35,031[INFO ]:Queued SECS2 Message : S6F11
2023-07-05 06:59:35,061[INFO ]:SENT SECS2 Message : SSID(1), B2(134), B3(11), P(0), S(0), SB(36)
2023-07-05 06:59:35,061[INFO ]:>>>S6F11 W>>>  
<L [3] 
    <U4 [1] 0 >
    <U4 [1] `ModuleStart` 1101 >
    <L [1] 
        <L [2] 
            <U4 [1] 108 >
            <L [1] 
                <A [5] `ModuleID` "UCV01">
            >
        >
    >
>
2023-07-05 06:59:35,122[INFO ]:RECV SECS2 Message : SSID(1), B2(6), B3(12), P(0), S(0), SB(36), Length[3]
2023-07-05 06:59:35,122[DEBUG]:<<<S6F12<<<  
<B [1] 00 >
2023-07-05 06:59:35,439[INFO ]:Queued SECS2 Message : S6F11
2023-07-05 06:59:35,484[INFO ]:SENT SECS2 Message : SSID(1), B2(134), B3(11), P(0), S(0), SB(37)
2023-07-05 06:59:35,484[INFO ]:>>>S6F11 W>>>  
<L [3] 
    <U4 [1] 0 >
    <U4 [1] `ModuleEnd` 1102 >
    <L [1] 
        <L [2] 
            <U4 [1] 108 >
            <L [1] 
                <A [4] `ModuleID` "LF01">
            >
        >
    >
>
2023-07-05 06:59:35,504[INFO ]:RECV SECS2 Message : SSID(1), B2(6), B3(12), P(0), S(0), SB(37), Length[3]
2023-07-05 06:59:35,504[DEBUG]:<<<S6F12<<<  
<B [1] 00 >
2023-07-05 06:59:36,289[INFO ]:Queued SECS2 Message : S6F11
2023-07-05 06:59:36,334[INFO ]:SENT SECS2 Message : SSID(1), B2(134), B3(11), P(0), S(0), SB(38)
2023-07-05 06:59:36,334[INFO ]:>>>S6F11 W>>>  
<L [3] 
    <U4 [1] 0 >
    <U4 [1] `SubstrateLocationOccupied` 1201 >
    <L [1] 
        <L [2] 
            <U4 [1] 109 >
            <L [2] 
                <A [5] `ModuleID` "UCV01">
                <A [7] `GlassID` "glassid">
            >
        >
    >
>
2023-07-05 06:59:36,409[INFO ]:RECV SECS2 Message : SSID(1), B2(6), B3(12), P(0), S(0), SB(38), Length[3]
2023-07-05 06:59:36,409[DEBUG]:<<<S6F12<<<  
<B [1] 00 >
2023-07-05 06:59:37,917[INFO ]:Queued SECS2 Message : S6F11
2023-07-05 06:59:37,978[INFO ]:SENT SECS2 Message : SSID(1), B2(134), B3(11), P(0), S(0), SB(39)
2023-07-05 06:59:37,978[INFO ]:>>>S6F11 W>>>  
<L [3] 
    <U4 [1] 0 >
    <U4 [1] `ModuleStart` 1101 >
    <L [1] 
        <L [2] 
            <U4 [1] 108 >
            <L [1] 
                <A [5] `ModuleID` "UCV02">
            >
        >
    >
>
2023-07-05 06:59:38,009[INFO ]:RECV SECS2 Message : SSID(1), B2(6), B3(12), P(0), S(0), SB(39), Length[3]
2023-07-05 06:59:38,009[DEBUG]:<<<S6F12<<<  
<B [1] 00 >
2023-07-05 06:59:38,332[INFO ]:Queued SECS2 Message : S6F11
2023-07-05 06:59:38,347[INFO ]:SENT SECS2 Message : SSID(1), B2(134), B3(11), P(0), S(0), SB(40)
2023-07-05 06:59:38,347[INFO ]:>>>S6F11 W>>>  
<L [3] 
    <U4 [1] 0 >
    <U4 [1] `ModuleEnd` 1102 >
    <L [1] 
        <L [2] 
            <U4 [1] 108 >
            <L [1] 
                <A [5] `ModuleID` "UCV01">
            >
        >
    >
>
2023-07-05 06:59:38,392[INFO ]:RECV SECS2 Message : SSID(1), B2(6), B3(12), P(0), S(0), SB(40), Length[3]
2023-07-05 06:59:38,392[DEBUG]:<<<S6F12<<<  
<B [1] 00 >
2023-07-05 06:59:39,182[INFO ]:Queued SECS2 Message : S6F11
2023-07-05 06:59:39,197[INFO ]:SENT SECS2 Message : SSID(1), B2(134), B3(11), P(0), S(0), SB(41)
2023-07-05 06:59:39,197[INFO ]:>>>S6F11 W>>>  
<L [3] 
    <U4 [1] 0 >
    <U4 [1] `SubstrateLocationOccupied` 1201 >
    <L [1] 
        <L [2] 
            <U4 [1] 109 >
            <L [2] 
                <A [5] `ModuleID` "UCV02">
                <A [7] `GlassID` "glassid">
            >
        >
    >
>
2023-07-05 06:59:39,228[INFO ]:RECV SECS2 Message : SSID(1), B2(6), B3(12), P(0), S(0), SB(41), Length[3]
2023-07-05 06:59:39,228[DEBUG]:<<<S6F12<<<  
<B [1] 00 >
2023-07-05 06:59:40,809[INFO ]:Queued SECS2 Message : S6F11
2023-07-05 06:59:40,839[INFO ]:SENT SECS2 Message : SSID(1), B2(134), B3(11), P(0), S(0), SB(42)
2023-07-05 06:59:40,839[INFO ]:>>>S6F11 W>>>  
<L [3] 
    <U4 [1] 0 >
    <U4 [1] `ModuleStart` 1101 >
    <L [1] 
        <L [2] 
            <U4 [1] 108 >
            <L [1] 
                <A [5] `ModuleID` "UCV03">
            >
        >
    >
>
2023-07-05 06:59:40,899[INFO ]:RECV SECS2 Message : SSID(1), B2(6), B3(12), P(0), S(0), SB(42), Length[3]
2023-07-05 06:59:40,899[DEBUG]:<<<S6F12<<<  
<B [1] 00 >
2023-07-05 06:59:41,218[INFO ]:Queued SECS2 Message : S6F11
2023-07-05 06:59:41,263[INFO ]:SENT SECS2 Message : SSID(1), B2(134), B3(11), P(0), S(0), SB(43)
2023-07-05 06:59:41,263[INFO ]:>>>S6F11 W>>>  
<L [3] 
    <U4 [1] 0 >
    <U4 [1] `ModuleEnd` 1102 >
    <L [1] 
        <L [2] 
            <U4 [1] 108 >
            <L [1] 
                <A [5] `ModuleID` "UCV02">
            >
        >
    >
>
2023-07-05 06:59:41,292[INFO ]:RECV SECS2 Message : SSID(1), B2(6), B3(12), P(0), S(0), SB(43), Length[3]
2023-07-05 06:59:41,292[DEBUG]:<<<S6F12<<<  
<B [1] 00 >
2023-07-05 06:59:42,070[INFO ]:Queued SECS2 Message : S6F11
2023-07-05 06:59:42,117[INFO ]:SENT SECS2 Message : SSID(1), B2(134), B3(11), P(0), S(0), SB(44)
2023-07-05 06:59:42,117[INFO ]:>>>S6F11 W>>>  
<L [3] 
    <U4 [1] 0 >
    <U4 [1] `SubstrateLocationOccupied` 1201 >
    <L [1] 
        <L [2] 
            <U4 [1] 109 >
            <L [2] 
                <A [5] `ModuleID` "UCV03">
                <A [7] `GlassID` "glassid">
            >
        >
    >
>
2023-07-05 06:59:42,193[INFO ]:RECV SECS2 Message : SSID(1), B2(6), B3(12), P(0), S(0), SB(44), Length[3]
2023-07-05 06:59:42,193[DEBUG]:<<<S6F12<<<  
<B [1] 00 >
2023-07-05 06:59:43,704[INFO ]:Queued SECS2 Message : S6F11
2023-07-05 06:59:43,764[INFO ]:SENT SECS2 Message : SSID(1), B2(134), B3(11), P(0), S(0), SB(45)
2023-07-05 06:59:43,764[INFO ]:>>>S6F11 W>>>  
<L [3] 
    <U4 [1] 0 >
    <U4 [1] `ModuleStart` 1101 >
    <L [1] 
        <L [2] 
            <U4 [1] 108 >
            <L [1] 
                <A [5] `ModuleID` "UCV04">
            >
        >
    >
>
2023-07-05 06:59:43,794[INFO ]:RECV SECS2 Message : SSID(1), B2(6), B3(12), P(0), S(0), SB(45), Length[3]
2023-07-05 06:59:43,794[DEBUG]:<<<S6F12<<<  
<B [1] 00 >
2023-07-05 06:59:44,111[INFO ]:Queued SECS2 Message : S6F11
2023-07-05 06:59:44,125[INFO ]:SENT SECS2 Message : SSID(1), B2(134), B3(11), P(0), S(0), SB(46)
2023-07-05 06:59:44,125[INFO ]:>>>S6F11 W>>>  
<L [3] 
    <U4 [1] 0 >
    <U4 [1] `ModuleEnd` 1102 >
    <L [1] 
        <L [2] 
            <U4 [1] 108 >
            <L [1] 
                <A [5] `ModuleID` "UCV03">
            >
        >
    >
>
2023-07-05 06:59:44,170[INFO ]:RECV SECS2 Message : SSID(1), B2(6), B3(12), P(0), S(0), SB(46), Length[3]
2023-07-05 06:59:44,170[DEBUG]:<<<S6F12<<<  
<B [1] 00 >
2023-07-05 06:59:44,969[INFO ]:Queued SECS2 Message : S6F11
2023-07-05 06:59:44,984[INFO ]:SENT SECS2 Message : SSID(1), B2(134), B3(11), P(0), S(0), SB(47)
2023-07-05 06:59:44,984[INFO ]:>>>S6F11 W>>>  
<L [3] 
    <U4 [1] 0 >
    <U4 [1] `SubstrateLocationOccupied` 1201 >
    <L [1] 
        <L [2] 
            <U4 [1] 109 >
            <L [2] 
                <A [5] `ModuleID` "UCV04">
                <A [7] `GlassID` "glassid">
            >
        >
    >
>
2023-07-05 06:59:45,014[INFO ]:RECV SECS2 Message : SSID(1), B2(6), B3(12), P(0), S(0), SB(47), Length[3]
2023-07-05 06:59:45,014[DEBUG]:<<<S6F12<<<  
<B [1] 00 >
