2023-08-25 11:11:51,913[INFO ]:Queued SECS2 Message : S1F13
2023-08-25 11:11:51,939[INFO ]:SENT SECS2 Message : SSID(0), B2(129), B3(13), P(0), S(0), SB(1)
2023-08-25 11:11:51,941[INFO ]:>>>S1F13 W>>>  
<L [2] 
    <A [3] "DFR">
    <A [14] "1.0.8637.20152">
>
2023-08-25 11:11:51,986[INFO ]:RECV SECS2 Message : SSID(0), B2(1), B3(14), P(0), S(0), SB(1), Length[7]
2023-08-25 11:11:51,988[DEBUG]:<<<S1F14<<<  
<L [2] 
    <B [1] 00 >
    <L [0] >
>
2023-08-25 11:14:05,026[INFO ]:Queued SECS2 Message : S1F13
2023-08-25 11:14:05,054[INFO ]:SENT SECS2 Message : SSID(0), B2(129), B3(13), P(0), S(0), SB(1)
2023-08-25 11:14:05,056[INFO ]:>>>S1F13 W>>>  
<L [2] 
    <A [3] "DFR">
    <A [14] "1.0.8637.20219">
>
2023-08-25 11:14:05,084[INFO ]:RECV SECS2 Message : SSID(0), B2(1), B3(14), P(0), S(0), SB(1), Length[7]
2023-08-25 11:14:05,085[DEBUG]:<<<S1F14<<<  
<L [2] 
    <B [1] 00 >
    <L [0] >
>
2023-08-25 11:15:09,284[INFO ]:Queued SECS2 Message : S1F13
2023-08-25 11:15:09,328[INFO ]:SENT SECS2 Message : SSID(0), B2(129), B3(13), P(0), S(0), SB(1)
2023-08-25 11:15:09,329[INFO ]:>>>S1F13 W>>>  
<L [2] 
    <A [3] "DFR">
    <A [14] "1.0.8637.20252">
>
2023-08-25 11:15:09,679[INFO ]:RECV SECS2 Message : SSID(0), B2(1), B3(14), P(0), S(0), SB(1), Length[7]
2023-08-25 11:15:09,680[DEBUG]:<<<S1F14<<<  
<L [2] 
    <B [1] 00 >
    <L [0] >
>
2023-08-25 11:30:07,498[INFO ]:Queued SECS2 Message : S1F13
2023-08-25 11:30:07,511[INFO ]:SENT SECS2 Message : SSID(0), B2(129), B3(13), P(0), S(0), SB(1)
2023-08-25 11:30:07,513[INFO ]:>>>S1F13 W>>>  
<L [2] 
    <A [3] "DFR">
    <A [14] "1.0.8637.20252">
>
2023-08-25 11:30:07,619[INFO ]:RECV SECS2 Message : SSID(0), B2(1), B3(14), P(0), S(0), SB(1), Length[7]
2023-08-25 11:30:07,619[DEBUG]:<<<S1F14<<<  
<L [2] 
    <B [1] 00 >
    <L [0] >
>
2023-08-25 11:34:59,288[INFO ]:Queued SECS2 Message : S1F13
2023-08-25 11:34:59,330[INFO ]:SENT SECS2 Message : SSID(0), B2(129), B3(13), P(0), S(0), SB(1)
2023-08-25 11:34:59,331[INFO ]:>>>S1F13 W>>>  
<L [2] 
    <A [3] "DFR">
    <A [14] "1.0.8637.20823">
>
2023-08-25 11:34:59,362[INFO ]:RECV SECS2 Message : SSID(0), B2(1), B3(14), P(0), S(0), SB(1), Length[7]
2023-08-25 11:34:59,362[DEBUG]:<<<S1F14<<<  
<L [2] 
    <B [1] 00 >
    <L [0] >
>
2023-08-25 11:35:25,062[INFO ]:Queued SECS2 Message : S6F11
2023-08-25 11:35:25,112[INFO ]:SENT SECS2 Message : SSID(0), B2(134), B3(11), P(0), S(0), SB(2)
2023-08-25 11:35:25,113[INFO ]:>>>S6F11 W>>>  
<L [3] 
    <U4 [1] 0 >
    <U4 [1] `EquipmentStateChanged` 1051 >
    <L [1] 
        <L [2] 
            <U4 [1] 1051 >
            <L [2] 
                <U2 [1] `EqpState` 0 >
                <U2 [1] `PreviousEqpState` 4 >
            >
        >
    >
>
2023-08-25 11:35:25,152[INFO ]:RECV SECS2 Message : SSID(0), B2(6), B3(12), P(0), S(0), SB(2), Length[3]
2023-08-25 11:35:25,152[DEBUG]:<<<S6F12<<<  
<B [1] 00 >
2023-08-25 11:37:48,865[INFO ]:Queued SECS2 Message : S1F13
2023-08-25 11:37:48,908[INFO ]:SENT SECS2 Message : SSID(0), B2(129), B3(13), P(0), S(0), SB(1)
2023-08-25 11:37:48,911[INFO ]:>>>S1F13 W>>>  
<L [2] 
    <A [3] "DFR">
    <A [14] "1.0.8637.20823">
>
2023-08-25 11:37:48,935[INFO ]:RECV SECS2 Message : SSID(0), B2(1), B3(14), P(0), S(0), SB(1), Length[7]
2023-08-25 11:37:48,936[DEBUG]:<<<S1F14<<<  
<L [2] 
    <B [1] 00 >
    <L [0] >
>
2023-08-25 11:38:40,925[INFO ]:Queued SECS2 Message : S1F13
2023-08-25 11:38:40,972[INFO ]:SENT SECS2 Message : SSID(0), B2(129), B3(13), P(0), S(0), SB(3)
2023-08-25 11:38:40,972[INFO ]:>>>S1F13 W>>>  
<L [2] 
    <A [3] "DFR">
    <A [14] "1.0.8637.20823">
>
2023-08-25 11:38:40,987[INFO ]:RECV SECS2 Message : SSID(0), B2(1), B3(14), P(0), S(0), SB(3), Length[7]
2023-08-25 11:38:40,987[DEBUG]:<<<S1F14<<<  
<L [2] 
    <B [1] 00 >
    <L [0] >
>
