2023-08-26 17:41:41,220[INFO ]:Queued SECS2 Message : S1F13
2023-08-26 17:41:41,251[INFO ]:SENT SECS2 Message : SSID(0), B2(129), B3(13), P(0), S(0), SB(1)
2023-08-26 17:41:41,251[INFO ]:>>>S1F13 W>>>  
<L [2] 
    <A [3] "DFR">
    <A [14] "1.0.8638.31848">
>
2023-08-26 17:41:41,298[INFO ]:RECV SECS2 Message : SSID(0), B2(1), B3(14), P(0), S(0), SB(1), Length[7]
2023-08-26 17:41:41,298[DEBUG]:<<<S1F14<<<  
<L [2] 
    <B [1] 00 >
    <L [0] >
>
2023-08-26 17:46:18,949[INFO ]:Queued SECS2 Message : S1F13
2023-08-26 17:46:18,996[INFO ]:SENT SECS2 Message : SSID(0), B2(129), B3(13), P(0), S(0), SB(1)
2023-08-26 17:46:18,996[INFO ]:>>>S1F13 W>>>  
<L [2] 
    <A [3] "DFR">
    <A [14] "1.0.8638.31848">
>
2023-08-26 17:46:19,043[INFO ]:RECV SECS2 Message : SSID(0), B2(1), B3(14), P(0), S(0), SB(1), Length[7]
2023-08-26 17:46:19,043[DEBUG]:<<<S1F14<<<  
<L [2] 
    <B [1] 00 >
    <L [0] >
>
2023-08-26 17:59:20,667[INFO ]:Queued SECS2 Message : S1F13
2023-08-26 17:59:20,730[INFO ]:SENT SECS2 Message : SSID(0), B2(129), B3(13), P(0), S(0), SB(1)
2023-08-26 17:59:20,730[INFO ]:>>>S1F13 W>>>  
<L [2] 
    <A [3] "DFR">
    <A [14] "1.0.8638.32374">
>
2023-08-26 17:59:20,856[INFO ]:RECV SECS2 Message : SSID(0), B2(1), B3(14), P(0), S(0), SB(1), Length[7]
2023-08-26 17:59:20,856[DEBUG]:<<<S1F14<<<  
<L [2] 
    <B [1] 00 >
    <L [0] >
>
