2023-08-26 18:18:45,088[INFO ]:Queued SECS2 Message : S1F13
2023-08-26 18:18:45,120[INFO ]:SENT SECS2 Message : SSID(0), B2(129), B3(13), P(0), S(0), SB(11)
2023-08-26 18:18:45,120[INFO ]:>>>S1F13 W>>>  
<L [2] 
    <A [3] "DFR">
    <A [14] "1.0.8638.32374">
>
2023-08-26 18:18:46,492[INFO ]:RECV SECS2 Message : SSID(0), B2(1), B3(14), P(0), S(0), SB(11), Length[7]
2023-08-26 18:18:46,492[DEBUG]:<<<S1F14<<<  
<L [2] 
    <B [1] 00 >
    <L [0] >
>
2023-08-26 18:29:50,736[INFO ]:HSMS Timeout Occured : Type[6], TimeSec[5.041111], Header[SSID(65535), B2(0), B3(0), P(0), S(5), SB(17)]
2023-08-26 18:29:50,736[INFO ]:Queued SECS2 Message : S9F9
2023-08-26 18:29:50,783[INFO ]:SENT SECS2 Message : SSID(0), B2(9), B3(9), P(0), S(0), SB(18)
2023-08-26 18:29:50,783[INFO ]:>>>S9F9>>>  
<B [10] FF FF 00 00 00 05 00 00 00 11 >
2023-08-26 18:32:54,280[INFO ]:Queued SECS2 Message : S1F13
2023-08-26 18:32:54,311[INFO ]:SENT SECS2 Message : SSID(0), B2(129), B3(13), P(0), S(0), SB(1)
2023-08-26 18:32:54,311[INFO ]:>>>S1F13 W>>>  
<L [2] 
    <A [3] "DFR">
    <A [14] "1.0.8638.33381">
>
2023-08-26 18:32:54,375[INFO ]:RECV SECS2 Message : SSID(0), B2(1), B3(14), P(0), S(0), SB(1), Length[7]
2023-08-26 18:32:54,375[DEBUG]:<<<S1F14<<<  
<L [2] 
    <B [1] 00 >
    <L [0] >
>
2023-08-26 18:39:04,043[INFO ]:HSMS Timeout Occured : Type[6], TimeSec[5.0779905], Header[SSID(65535), B2(0), B3(0), P(0), S(5), SB(4)]
2023-08-26 18:39:04,043[INFO ]:Queued SECS2 Message : S9F9
2023-08-26 18:39:04,106[INFO ]:SENT SECS2 Message : SSID(0), B2(9), B3(9), P(0), S(0), SB(5)
2023-08-26 18:39:04,106[INFO ]:>>>S9F9>>>  
<B [10] FF FF 00 00 00 05 00 00 00 04 >
2023-08-26 18:45:01,277[INFO ]:Queued SECS2 Message : S1F13
2023-08-26 18:45:01,308[INFO ]:SENT SECS2 Message : SSID(0), B2(129), B3(13), P(0), S(0), SB(1)
2023-08-26 18:45:01,308[INFO ]:>>>S1F13 W>>>  
<L [2] 
    <A [3] "DFR">
    <A [14] "1.0.8638.33381">
>
2023-08-26 18:45:01,372[INFO ]:RECV SECS2 Message : SSID(0), B2(1), B3(14), P(0), S(0), SB(1), Length[7]
2023-08-26 18:45:01,372[DEBUG]:<<<S1F14<<<  
<L [2] 
    <B [1] 00 >
    <L [0] >
>
2023-08-26 18:51:51,611[INFO ]:Queued SECS2 Message : S1F13
2023-08-26 18:51:51,659[INFO ]:SENT SECS2 Message : SSID(0), B2(129), B3(13), P(0), S(0), SB(1)
2023-08-26 18:51:51,659[INFO ]:>>>S1F13 W>>>  
<L [2] 
    <A [3] "DFR">
    <A [14] "1.0.8638.33926">
>
2023-08-26 18:51:52,923[INFO ]:RECV SECS2 Message : SSID(0), B2(1), B3(14), P(0), S(0), SB(1), Length[7]
2023-08-26 18:51:52,923[DEBUG]:<<<S1F14<<<  
<L [2] 
    <B [1] 00 >
    <L [0] >
>
2023-08-26 18:57:46,439[INFO ]:Queued SECS2 Message : S1F13
2023-08-26 18:57:46,471[INFO ]:SENT SECS2 Message : SSID(0), B2(129), B3(13), P(0), S(0), SB(1)
2023-08-26 18:57:46,471[INFO ]:>>>S1F13 W>>>  
<L [2] 
    <A [3] "DFR">
    <A [14] "1.0.8638.34097">
>
2023-08-26 18:57:46,519[INFO ]:RECV SECS2 Message : SSID(0), B2(1), B3(14), P(0), S(0), SB(1), Length[7]
2023-08-26 18:57:46,519[DEBUG]:<<<S1F14<<<  
<L [2] 
    <B [1] 00 >
    <L [0] >
>
2023-08-26 18:59:49,259[INFO ]:Queued SECS2 Message : S1F13
2023-08-26 18:59:49,291[INFO ]:SENT SECS2 Message : SSID(0), B2(129), B3(13), P(0), S(0), SB(1)
2023-08-26 18:59:49,291[INFO ]:>>>S1F13 W>>>  
<L [2] 
    <A [3] "DFR">
    <A [14] "1.0.8638.34176">
>
2023-08-26 18:59:49,337[INFO ]:RECV SECS2 Message : SSID(0), B2(1), B3(14), P(0), S(0), SB(1), Length[7]
2023-08-26 18:59:49,337[DEBUG]:<<<S1F14<<<  
<L [2] 
    <B [1] 00 >
    <L [0] >
>
