2023-07-05 14:01:53,370[INFO ]:Queued SECS2 Message : S1F13
2023-07-05 14:01:53,397[INFO ]:SENT SECS2 Message : SSID(0), B2(129), B3(13), P(0), S(0), SB(1)
2023-07-05 14:01:53,401[INFO ]:>>>S1F13 W>>>  
<L [2] 
    <A [3] "DFR">
    <A [1] "0">
>
2023-07-05 14:01:53,571[INFO ]:RECV SECS2 Message : SSID(0), B2(1), B3(14), P(0), S(0), SB(1), Length[11]
2023-07-05 14:01:53,571[DEBUG]:<<<S1F14<<<  
<L [2] 
    <B [1] 00 >
    <L [2] 
        <A [0] >
        <A [0] >
    >
>
2023-07-05 14:31:55,614[INFO ]:Queued SECS2 Message : S1F13
2023-07-05 14:31:55,623[INFO ]:SENT SECS2 Message : SSID(0), B2(129), B3(13), P(0), S(0), SB(1)
2023-07-05 14:31:55,626[INFO ]:>>>S1F13 W>>>  
<L [2] 
    <A [3] "DFR">
    <A [1] "0">
>
2023-07-05 14:31:55,872[INFO ]:RECV SECS2 Message : SSID(0), B2(1), B3(14), P(0), S(0), SB(1), Length[11]
2023-07-05 14:31:55,872[DEBUG]:<<<S1F14<<<  
<L [2] 
    <B [1] 00 >
    <L [2] 
        <A [0] >
        <A [0] >
    >
>
2023-07-05 14:32:18,932[INFO ]:Queued SECS2 Message : S1F13
2023-07-05 14:32:18,975[INFO ]:SENT SECS2 Message : SSID(0), B2(129), B3(13), P(0), S(0), SB(1)
2023-07-05 14:32:18,977[INFO ]:>>>S1F13 W>>>  
<L [2] 
    <A [3] "DFR">
    <A [1] "0">
>
2023-07-05 14:32:19,222[INFO ]:RECV SECS2 Message : SSID(0), B2(1), B3(14), P(0), S(0), SB(1), Length[11]
2023-07-05 14:32:19,222[DEBUG]:<<<S1F14<<<  
<L [2] 
    <B [1] 00 >
    <L [2] 
        <A [0] >
        <A [0] >
    >
>
2023-07-05 14:32:35,332[INFO ]:Queued SECS2 Message : S6F11
2023-07-05 14:32:35,340[INFO ]:SENT SECS2 Message : SSID(0), B2(134), B3(11), P(0), S(0), SB(2)
2023-07-05 14:32:35,340[INFO ]:>>>S6F11 W>>>  
<L [3] 
    <U4 [1] 0 >
    <U4 [1] `PPSelected` 1072 >
    <L [0] >
>
2023-07-05 14:32:35,540[INFO ]:RECV SECS2 Message : SSID(0), B2(6), B3(12), P(0), S(0), SB(2), Length[3]
2023-07-05 14:32:35,540[DEBUG]:<<<S6F12<<<  
<B [1] 00 >
2023-07-05 14:38:09,682[INFO ]:RECV SECS2 Message : SSID(0), B2(130), B3(37), P(0), S(0), SB(28), Length[7]
2023-07-05 14:38:09,683[DEBUG]:<<<S2F37 W<<<  
<L [2] 
    <BL [1] False >
    <L [0] >
>
2023-07-05 14:38:09,704[INFO ]:Queued SECS2 Message : S2F38
2023-07-05 14:38:09,710[INFO ]:SENT SECS2 Message : SSID(0), B2(2), B3(38), P(0), S(0), SB(28)
2023-07-05 14:38:09,710[INFO ]:>>>S2F38>>>  
<B [1] 00 >
2023-07-05 14:38:11,216[INFO ]:RECV SECS2 Message : SSID(0), B2(130), B3(35), P(0), S(0), SB(30), Length[10]
2023-07-05 14:38:11,216[DEBUG]:<<<S2F35 W<<<  
<L [2] 
    <U4 [1] 0 >
    <L [0] >
>
2023-07-05 14:38:11,218[INFO ]:Queued SECS2 Message : S2F36
2023-07-05 14:38:11,231[INFO ]:SENT SECS2 Message : SSID(0), B2(2), B3(36), P(0), S(0), SB(30)
2023-07-05 14:38:11,231[INFO ]:>>>S2F36>>>  
<B [1] 00 >
2023-07-05 14:38:13,084[INFO ]:RECV SECS2 Message : SSID(0), B2(130), B3(33), P(0), S(0), SB(32), Length[10]
2023-07-05 14:38:13,084[DEBUG]:<<<S2F33 W<<<  
<L [2] 
    <U4 [1] 0 >
    <L [0] >
>
2023-07-05 14:38:13,085[INFO ]:Queued SECS2 Message : S2F34
2023-07-05 14:38:13,115[INFO ]:SENT SECS2 Message : SSID(0), B2(2), B3(34), P(0), S(0), SB(32)
2023-07-05 14:38:13,115[INFO ]:>>>S2F34>>>  
<B [1] 00 >
2023-07-05 14:38:17,004[INFO ]:RECV SECS2 Message : SSID(0), B2(130), B3(33), P(0), S(0), SB(34), Length[262]
2023-07-05 14:38:17,004[DEBUG]:<<<S2F33 W<<<  
<L [2] 
    <U4 [1] 0 >
    <L [9] 
        <L [2] 
            <U4 [1] 1001 >
            <L [2] 
                <U4 [1] 201 >
                <U4 [1] 202 >
            >
        >
        <L [2] 
            <U4 [1] 1002 >
            <L [2] 
                <U4 [1] 201 >
                <U4 [1] 202 >
            >
        >
        <L [2] 
            <U4 [1] 1003 >
            <L [2] 
                <U4 [1] 201 >
                <U4 [1] 202 >
            >
        >
        <L [2] 
            <U4 [1] 1051 >
            <L [2] 
                <U4 [1] 203 >
                <U4 [1] 204 >
            >
        >
        <L [2] 
            <U4 [1] 1061 >
            <L [2] 
                <U4 [1] 206 >
                <U4 [1] 205 >
            >
        >
        <L [2] 
            <U4 [1] 1311 >
            <L [8] 
                <U4 [1] 310 >
                <U4 [1] 312 >
                <U4 [1] 313 >
                <U4 [1] 314 >
                <U4 [1] 315 >
                <U4 [1] 316 >
                <U4 [1] 311 >
                <U4 [1] 205 >
            >
        >
        <L [2] 
            <U4 [1] 1312 >
            <L [6] 
                <U4 [1] 310 >
                <U4 [1] 312 >
                <U4 [1] 315 >
                <U4 [1] 316 >
                <U4 [1] 311 >
                <U4 [1] 205 >
            >
        >
        <L [2] 
            <U4 [1] 1401 >
            <L [2] 
                <U4 [1] 311 >
                <U4 [1] 321 >
            >
        >
        <L [2] 
            <U4 [1] 1072 >
            <L [1] 
                <U4 [1] 309 >
            >
        >
    >
>
2023-07-05 14:38:17,007[INFO ]:Queued SECS2 Message : S2F34
2023-07-05 14:38:17,065[INFO ]:SENT SECS2 Message : SSID(0), B2(2), B3(34), P(0), S(0), SB(34)
2023-07-05 14:38:17,065[INFO ]:>>>S2F34>>>  
<B [1] 00 >
2023-07-05 14:38:19,048[INFO ]:RECV SECS2 Message : SSID(0), B2(130), B3(35), P(0), S(0), SB(36), Length[154]
2023-07-05 14:38:19,048[DEBUG]:<<<S2F35 W<<<  
<L [2] 
    <U4 [1] 0 >
    <L [9] 
        <L [2] 
            <U4 [1] 1401 >
            <L [1] 
                <U4 [1] 1401 >
            >
        >
        <L [2] 
            <U4 [1] 1061 >
            <L [1] 
                <U4 [1] 1061 >
            >
        >
        <L [2] 
            <U4 [1] 1003 >
            <L [1] 
                <U4 [1] 1003 >
            >
        >
        <L [2] 
            <U4 [1] 1002 >
            <L [1] 
                <U4 [1] 1002 >
            >
        >
        <L [2] 
            <U4 [1] 1001 >
            <L [1] 
                <U4 [1] 1001 >
            >
        >
        <L [2] 
            <U4 [1] 1051 >
            <L [1] 
                <U4 [1] 1051 >
            >
        >
        <L [2] 
            <U4 [1] 1311 >
            <L [1] 
                <U4 [1] 1311 >
            >
        >
        <L [2] 
            <U4 [1] 1312 >
            <L [1] 
                <U4 [1] 1312 >
            >
        >
        <L [2] 
            <U4 [1] 1072 >
            <L [1] 
                <U4 [1] 1072 >
            >
        >
    >
>
2023-07-05 14:38:19,050[INFO ]:Queued SECS2 Message : S2F36
2023-07-05 14:38:19,078[INFO ]:SENT SECS2 Message : SSID(0), B2(2), B3(36), P(0), S(0), SB(36)
2023-07-05 14:38:19,078[INFO ]:>>>S2F36>>>  
<B [1] 00 >
2023-07-05 14:38:21,384[INFO ]:RECV SECS2 Message : SSID(0), B2(130), B3(37), P(0), S(0), SB(38), Length[121]
2023-07-05 14:38:21,384[DEBUG]:<<<S2F37 W<<<  
<L [2] 
    <BL [1] True >
    <L [19] 
        <U4 [1] 1101 >
        <U4 [1] 1102 >
        <U4 [1] 1401 >
        <U4 [1] 1061 >
        <U4 [1] 1003 >
        <U4 [1] 1002 >
        <U4 [1] 1001 >
        <U4 [1] 1051 >
        <U4 [1] 1015 >
        <U4 [1] 1031 >
        <U4 [1] 1032 >
        <U4 [1] 1071 >
        <U4 [1] 1072 >
        <U4 [1] 1201 >
        <U4 [1] 1202 >
        <U4 [1] 1301 >
        <U4 [1] 1302 >
        <U4 [1] 1311 >
        <U4 [1] 1312 >
    >
>
2023-07-05 14:38:21,387[INFO ]:Queued SECS2 Message : S2F38
2023-07-05 14:38:21,444[INFO ]:SENT SECS2 Message : SSID(0), B2(2), B3(38), P(0), S(0), SB(38)
2023-07-05 14:38:21,444[INFO ]:>>>S2F38>>>  
<B [1] 00 >
2023-07-05 14:38:23,948[INFO ]:RECV SECS2 Message : SSID(0), B2(129), B3(3), P(0), S(0), SB(40), Length[26]
2023-07-05 14:38:23,948[DEBUG]:<<<S1F3 W<<<  
<L [4] 
    <U4 [1] 201 >
    <U4 [1] 202 >
    <U4 [1] 203 >
    <U4 [1] 204 >
>
2023-07-05 14:38:23,954[INFO ]:Queued SECS2 Message : S1F4
2023-07-05 14:38:23,995[INFO ]:SENT SECS2 Message : SSID(0), B2(1), B3(4), P(0), S(0), SB(40)
2023-07-05 14:38:23,995[INFO ]:>>>S1F4>>>  
<L [4] 
    <U2 [1] 5 >
    <U2 [1] 3 >
    <U2 [1] 1 >
    <U2 [1] 4 >
>
2023-07-05 14:38:32,032[INFO ]:Queued SECS2 Message : S6F11
2023-07-05 14:38:32,071[INFO ]:SENT SECS2 Message : SSID(0), B2(134), B3(11), P(0), S(0), SB(6)
2023-07-05 14:38:32,071[INFO ]:>>>S6F11 W>>>  
<L [3] 
    <U4 [1] 0 >
    <U4 [1] `PPSelected` 1072 >
    <L [1] 
        <L [2] 
            <U4 [1] 1072 >
            <L [1] 
                <A [6] `PPCurrentSelected` "TEST-1">
            >
        >
    >
>
2023-07-05 14:38:32,284[INFO ]:RECV SECS2 Message : SSID(0), B2(6), B3(12), P(0), S(0), SB(6), Length[3]
2023-07-05 14:38:32,284[DEBUG]:<<<S6F12<<<  
<B [1] 00 >
2023-07-05 14:40:01,756[INFO ]:RECV SECS2 Message : SSID(0), B2(135), B3(19), P(0), S(0), SB(42), Length[0]
2023-07-05 14:40:01,756[DEBUG]:<<<S7F19 W<<<  

2023-07-05 14:40:01,759[INFO ]:Queued SECS2 Message : S7F20
2023-07-05 14:40:01,772[INFO ]:SENT SECS2 Message : SSID(0), B2(7), B3(20), P(0), S(0), SB(42)
2023-07-05 14:40:01,772[INFO ]:>>>S7F20>>>  
<L [2] 
    <A [6] "TEST-1">
    <A [6] "TEST-2">
>
2023-07-05 14:40:21,561[INFO ]:RECV SECS2 Message : SSID(0), B2(135), B3(25), P(0), S(0), SB(44), Length[8]
2023-07-05 14:40:21,561[DEBUG]:<<<S7F25 W<<<  
<A [6] "TEST-1">
2023-07-05 14:40:21,564[INFO ]:Queued SECS2 Message : S7F26
2023-07-05 14:40:21,607[INFO ]:SENT SECS2 Message : SSID(0), B2(7), B3(26), P(0), S(0), SB(44)
2023-07-05 14:40:21,607[INFO ]:>>>S7F26>>>  
<L [4] 
    <A [6] "TEST-1">
    <A [3] "DFR">
    <A [1] "0">
    <L [1] 
        <L [2] 
            <A [0] >
            <L [8] 
                <A [4] "2000">
                <A [2] "50">
                <A [2] "23">
                <A [2] "23">
                <A [2] "22">
                <A [2] "22">
                <A [2] "22">
                <A [2] "50">
            >
        >
    >
>
2023-07-05 14:40:47,841[INFO ]:RECV SECS2 Message : SSID(0), B2(135), B3(23), P(0), S(0), SB(46), Length[2]
2023-07-05 14:40:47,841[DEBUG]:<<<S7F23 W<<<  
<A [0] >
2023-07-05 14:40:47,845[INFO ]:Queued SECS2 Message : S7F24
2023-07-05 14:40:47,886[INFO ]:SENT SECS2 Message : SSID(0), B2(7), B3(24), P(0), S(0), SB(46)
2023-07-05 14:40:47,886[INFO ]:>>>S7F24>>>  
<B [1] 00 >
2023-07-05 14:44:28,058[INFO ]:Queued SECS2 Message : S1F13
2023-07-05 14:44:28,082[INFO ]:SENT SECS2 Message : SSID(0), B2(129), B3(13), P(0), S(0), SB(1)
2023-07-05 14:44:28,084[INFO ]:>>>S1F13 W>>>  
<L [2] 
    <A [3] "DFR">
    <A [1] "0">
>
2023-07-05 14:44:28,253[INFO ]:RECV SECS2 Message : SSID(0), B2(1), B3(14), P(0), S(0), SB(1), Length[11]
2023-07-05 14:44:28,253[DEBUG]:<<<S1F14<<<  
<L [2] 
    <B [1] 00 >
    <L [2] 
        <A [0] >
        <A [0] >
    >
>
2023-07-05 14:44:38,259[INFO ]:RECV SECS2 Message : SSID(0), B2(135), B3(25), P(0), S(0), SB(49), Length[8]
2023-07-05 14:44:38,259[DEBUG]:<<<S7F25 W<<<  
<A [6] "TEST-1">
2023-07-05 14:44:38,262[INFO ]:Queued SECS2 Message : S7F26
2023-07-05 14:44:38,306[INFO ]:SENT SECS2 Message : SSID(0), B2(7), B3(26), P(0), S(0), SB(49)
2023-07-05 14:44:38,306[INFO ]:>>>S7F26>>>  
<L [4] 
    <A [6] "TEST-1">
    <A [3] "DFR">
    <A [1] "0">
    <L [1] 
        <L [2] 
            <A [0] >
            <L [8] 
                <A [4] "2000">
                <A [2] "50">
                <A [2] "23">
                <A [2] "23">
                <A [2] "22">
                <A [2] "22">
                <A [2] "22">
                <A [2] "50">
            >
        >
    >
>
2023-07-05 14:46:30,945[INFO ]:Queued SECS2 Message : S1F13
2023-07-05 14:46:30,958[INFO ]:SENT SECS2 Message : SSID(0), B2(129), B3(13), P(0), S(0), SB(1)
2023-07-05 14:46:30,959[INFO ]:>>>S1F13 W>>>  
<L [2] 
    <A [3] "DFR">
    <A [1] "0">
>
2023-07-05 14:46:31,132[INFO ]:RECV SECS2 Message : SSID(0), B2(1), B3(14), P(0), S(0), SB(1), Length[11]
2023-07-05 14:46:31,132[DEBUG]:<<<S1F14<<<  
<L [2] 
    <B [1] 00 >
    <L [2] 
        <A [0] >
        <A [0] >
    >
>
2023-07-05 14:46:35,129[INFO ]:Queued SECS2 Message : S6F11
2023-07-05 14:46:35,151[INFO ]:SENT SECS2 Message : SSID(0), B2(134), B3(11), P(0), S(0), SB(2)
2023-07-05 14:46:35,152[INFO ]:>>>S6F11 W>>>  
<L [3] 
    <U4 [1] 0 >
    <U4 [1] `PPSelected` 1072 >
    <L [1] 
        <L [2] 
            <U4 [1] 1072 >
            <L [1] 
                <A [6] `PPCurrentSelected` "TEST-1">
            >
        >
    >
>
2023-07-05 14:46:35,365[INFO ]:RECV SECS2 Message : SSID(0), B2(6), B3(12), P(0), S(0), SB(2), Length[3]
2023-07-05 14:46:35,365[DEBUG]:<<<S6F12<<<  
<B [1] 00 >
2023-07-05 14:47:44,377[INFO ]:RECV SECS2 Message : SSID(0), B2(135), B3(17), P(0), S(0), SB(52), Length[8]
2023-07-05 14:47:44,377[DEBUG]:<<<S7F17 W<<<  
<L [1] 
    <A [4] "TEST">
>
2023-07-05 14:47:44,383[INFO ]:Queued SECS2 Message : S7F18
2023-07-05 14:47:44,437[INFO ]:SENT SECS2 Message : SSID(0), B2(7), B3(18), P(0), S(0), SB(52)
2023-07-05 14:47:44,437[INFO ]:>>>S7F18>>>  
<B [1] 04 >
2023-07-05 14:47:58,412[INFO ]:RECV SECS2 Message : SSID(0), B2(135), B3(17), P(0), S(0), SB(54), Length[10]
2023-07-05 14:47:58,413[DEBUG]:<<<S7F17 W<<<  
<L [1] 
    <A [6] "TEST-3">
>
2023-07-05 14:47:58,424[INFO ]:Queued SECS2 Message : S7F18
2023-07-05 14:47:58,425[INFO ]:SENT SECS2 Message : SSID(0), B2(7), B3(18), P(0), S(0), SB(54)
2023-07-05 14:47:58,426[INFO ]:>>>S7F18>>>  
<B [1] 00 >
2023-07-05 14:48:11,626[INFO ]:RECV SECS2 Message : SSID(0), B2(135), B3(19), P(0), S(0), SB(56), Length[0]
2023-07-05 14:48:11,626[DEBUG]:<<<S7F19 W<<<  

2023-07-05 14:48:11,629[INFO ]:Queued SECS2 Message : S7F20
2023-07-05 14:48:11,687[INFO ]:SENT SECS2 Message : SSID(0), B2(7), B3(20), P(0), S(0), SB(56)
2023-07-05 14:48:11,687[INFO ]:>>>S7F20>>>  
<L [2] 
    <A [6] "TEST-1">
    <A [6] "TEST-2">
>
