2023-07-06 19:46:53,518[INFO ]:Queued SECS2 Message : S1F13
2023-07-06 19:46:53,536[INFO ]:SENT SECS2 Message : SSID(0), B2(129), B3(13), P(0), S(0), SB(1)
2023-07-06 19:46:53,538[INFO ]:>>>S1F13 W>>>  
<L [2] 
    <A [3] "DFR">
    <A [4] "8587">
>
2023-07-06 19:46:53,582[INFO ]:RECV SECS2 Message : SSID(0), B2(1), B3(14), P(0), S(0), SB(1), Length[7]
2023-07-06 19:46:53,583[DEBUG]:<<<S1F14<<<  
<L [2] 
    <B [1] 00 >
    <L [0] >
>
2023-07-06 19:47:54,213[INFO ]:Queued SECS2 Message : S1F13
2023-07-06 19:47:54,240[INFO ]:SENT SECS2 Message : SSID(0), B2(129), B3(13), P(0), S(0), SB(1)
2023-07-06 19:47:54,242[INFO ]:>>>S1F13 W>>>  
<L [2] 
    <A [3] "DFR">
    <A [14] "1.0.8587.35632">
>
2023-07-06 19:47:54,337[INFO ]:RECV SECS2 Message : SSID(0), B2(1), B3(14), P(0), S(0), SB(1), Length[7]
2023-07-06 19:47:54,337[DEBUG]:<<<S1F14<<<  
<L [2] 
    <B [1] 00 >
    <L [0] >
>
