2023-07-04 11:17:10,478[INFO ]:Queued SECS2 Message : S1F13
2023-07-04 11:17:10,526[INFO ]:SENT SECS2 Message : SSID(1), B2(129), B3(13), P(0), S(0), SB(1)
2023-07-04 11:17:10,528[INFO ]:>>>S1F13 W>>>  
<L [2] 
    <A [3] "DFR">
    <A [1] "0">
>
2023-07-04 11:17:10,551[INFO ]:RECV SECS2 Message : SSID(1), B2(1), B3(14), P(0), S(0), SB(1), Length[7]
2023-07-04 11:17:10,552[DEBUG]:<<<S1F14<<<  
<L [2] 
    <B [1] 00 >
    <L [0] >
>
2023-07-04 11:20:49,975[INFO ]:Queued SECS2 Message : S1F13
2023-07-04 11:20:50,005[INFO ]:SENT SECS2 Message : SSID(1), B2(129), B3(13), P(0), S(0), SB(1)
2023-07-04 11:20:50,007[INFO ]:>>>S1F13 W>>>  
<L [2] 
    <A [3] "DFR">
    <A [1] "0">
>
2023-07-04 11:20:50,067[INFO ]:RECV SECS2 Message : SSID(1), B2(1), B3(14), P(0), S(0), SB(1), Length[7]
2023-07-04 11:20:50,069[DEBUG]:<<<S1F14<<<  
<L [2] 
    <B [1] 00 >
    <L [0] >
>
2023-07-04 11:21:45,595[INFO ]:Queued SECS2 Message : S1F13
2023-07-04 11:21:45,640[INFO ]:SENT SECS2 Message : SSID(1), B2(129), B3(13), P(0), S(0), SB(1)
2023-07-04 11:21:45,644[INFO ]:>>>S1F13 W>>>  
<L [2] 
    <A [3] "DFR">
    <A [1] "0">
>
2023-07-04 11:21:45,684[INFO ]:RECV SECS2 Message : SSID(1), B2(1), B3(14), P(0), S(0), SB(1), Length[7]
2023-07-04 11:21:45,685[DEBUG]:<<<S1F14<<<  
<L [2] 
    <B [1] 00 >
    <L [0] >
>
2023-07-04 11:25:58,522[INFO ]:Queued SECS2 Message : S1F13
2023-07-04 11:25:58,554[INFO ]:SENT SECS2 Message : SSID(1), B2(129), B3(13), P(0), S(0), SB(1)
2023-07-04 11:25:58,556[INFO ]:>>>S1F13 W>>>  
<L [2] 
    <A [3] "DFR">
    <A [1] "0">
>
2023-07-04 11:25:58,579[INFO ]:RECV SECS2 Message : SSID(1), B2(1), B3(14), P(0), S(0), SB(1), Length[7]
2023-07-04 11:25:58,580[DEBUG]:<<<S1F14<<<  
<L [2] 
    <B [1] 00 >
    <L [0] >
>
2023-07-04 11:26:43,518[INFO ]:Queued SECS2 Message : S6F11
2023-07-04 11:26:43,544[INFO ]:SENT SECS2 Message : SSID(1), B2(134), B3(11), P(0), S(0), SB(2)
2023-07-04 11:26:43,544[INFO ]:>>>S6F11 W>>>  
<L [3] 
    <U4 [1] 0 >
    <U4 [1] `EquipmentStateChanged` 1051 >
    <L [0] >
>
2023-07-04 11:26:43,620[INFO ]:RECV SECS2 Message : SSID(1), B2(6), B3(12), P(0), S(0), SB(2), Length[3]
2023-07-04 11:26:43,621[DEBUG]:<<<S6F12<<<  
<B [1] 00 >
2023-07-04 11:26:53,567[INFO ]:Queued SECS2 Message : S6F11
2023-07-04 11:26:53,624[INFO ]:SENT SECS2 Message : SSID(1), B2(134), B3(11), P(0), S(0), SB(3)
2023-07-04 11:26:53,624[INFO ]:>>>S6F11 W>>>  
<L [3] 
    <U4 [1] 0 >
    <U4 [1] `EquipmentStateChanged` 1051 >
    <L [0] >
>
2023-07-04 11:26:53,644[INFO ]:RECV SECS2 Message : SSID(1), B2(6), B3(12), P(0), S(0), SB(3), Length[3]
2023-07-04 11:26:53,644[DEBUG]:<<<S6F12<<<  
<B [1] 00 >
2023-07-04 11:29:30,631[INFO ]:Queued SECS2 Message : S1F13
2023-07-04 11:29:30,648[INFO ]:SENT SECS2 Message : SSID(1), B2(129), B3(13), P(0), S(0), SB(1)
2023-07-04 11:29:30,649[INFO ]:>>>S1F13 W>>>  
<L [2] 
    <A [3] "DFR">
    <A [1] "0">
>
2023-07-04 11:29:30,678[INFO ]:RECV SECS2 Message : SSID(1), B2(1), B3(14), P(0), S(0), SB(1), Length[7]
2023-07-04 11:29:30,678[DEBUG]:<<<S1F14<<<  
<L [2] 
    <B [1] 00 >
    <L [0] >
>
2023-07-04 11:30:06,434[INFO ]:Queued SECS2 Message : S1F13
2023-07-04 11:30:06,481[INFO ]:SENT SECS2 Message : SSID(1), B2(129), B3(13), P(0), S(0), SB(1)
2023-07-04 11:30:06,482[INFO ]:>>>S1F13 W>>>  
<L [2] 
    <A [3] "DFR">
    <A [1] "0">
>
2023-07-04 11:30:06,502[INFO ]:RECV SECS2 Message : SSID(1), B2(1), B3(14), P(0), S(0), SB(1), Length[7]
2023-07-04 11:30:06,502[DEBUG]:<<<S1F14<<<  
<L [2] 
    <B [1] 00 >
    <L [0] >
>
2023-07-04 11:31:34,285[INFO ]:Queued SECS2 Message : S1F13
2023-07-04 11:31:34,315[INFO ]:SENT SECS2 Message : SSID(1), B2(129), B3(13), P(0), S(0), SB(1)
2023-07-04 11:31:34,317[INFO ]:>>>S1F13 W>>>  
<L [2] 
    <A [3] "DFR">
    <A [1] "0">
>
2023-07-04 11:31:34,406[INFO ]:RECV SECS2 Message : SSID(1), B2(1), B3(14), P(0), S(0), SB(1), Length[7]
2023-07-04 11:31:34,407[DEBUG]:<<<S1F14<<<  
<L [2] 
    <B [1] 00 >
    <L [0] >
>
2023-07-04 11:32:21,010[INFO ]:Queued SECS2 Message : S6F11
2023-07-04 11:32:21,012[INFO ]:SENT SECS2 Message : SSID(1), B2(134), B3(11), P(0), S(0), SB(2)
2023-07-04 11:32:21,012[INFO ]:>>>S6F11 W>>>  
<L [3] 
    <U4 [1] 0 >
    <U4 [1] `ModuleStart` 1101 >
    <L [0] >
>
2023-07-04 11:32:21,042[INFO ]:RECV SECS2 Message : SSID(1), B2(6), B3(12), P(0), S(0), SB(2), Length[3]
2023-07-04 11:32:21,042[DEBUG]:<<<S6F12<<<  
<B [1] 00 >
2023-07-04 11:32:35,282[INFO ]:Queued SECS2 Message : S6F11
2023-07-04 11:32:35,308[INFO ]:SENT SECS2 Message : SSID(1), B2(134), B3(11), P(0), S(0), SB(3)
2023-07-04 11:32:35,308[INFO ]:>>>S6F11 W>>>  
<L [3] 
    <U4 [1] 0 >
    <U4 [1] `EquipmentStateChanged` 1051 >
    <L [0] >
>
2023-07-04 11:32:35,338[INFO ]:RECV SECS2 Message : SSID(1), B2(6), B3(12), P(0), S(0), SB(3), Length[3]
2023-07-04 11:32:35,338[DEBUG]:<<<S6F12<<<  
<B [1] 00 >
2023-07-04 11:42:02,443[INFO ]:Queued SECS2 Message : S1F13
2023-07-04 11:42:02,490[INFO ]:SENT SECS2 Message : SSID(1), B2(129), B3(13), P(0), S(0), SB(1)
2023-07-04 11:42:02,492[INFO ]:>>>S1F13 W>>>  
<L [2] 
    <A [3] "DFR">
    <A [1] "0">
>
2023-07-04 11:42:02,518[INFO ]:RECV SECS2 Message : SSID(1), B2(1), B3(14), P(0), S(0), SB(1), Length[7]
2023-07-04 11:42:02,518[DEBUG]:<<<S1F14<<<  
<L [2] 
    <B [1] 00 >
    <L [0] >
>
2023-07-04 11:42:15,408[INFO ]:Queued SECS2 Message : S6F11
2023-07-04 11:42:15,417[INFO ]:SENT SECS2 Message : SSID(1), B2(134), B3(11), P(0), S(0), SB(2)
2023-07-04 11:42:15,417[INFO ]:>>>S6F11 W>>>  
<L [3] 
    <U4 [1] 0 >
    <U4 [1] `EquipmentStateChanged` 1051 >
    <L [0] >
>
2023-07-04 11:42:15,477[INFO ]:RECV SECS2 Message : SSID(1), B2(6), B3(12), P(0), S(0), SB(2), Length[3]
2023-07-04 11:42:15,477[DEBUG]:<<<S6F12<<<  
<B [1] 00 >
