2023-08-26 14:07:17,494[INFO ]:Queued SECS2 Message : S1F13
2023-08-26 14:07:17,556[INFO ]:SENT SECS2 Message : SSID(0), B2(129), B3(13), P(0), S(0), SB(0)
2023-08-26 14:07:17,556[INFO ]:>>>S1F13 W>>>  
<L [2] 
    <A [3] "DFR">
    <A [14] "1.0.8638.25413">
>
2023-08-26 14:07:18,904[INFO ]:RECV SECS2 Message : SSID(0), B2(1), B3(14), P(0), S(0), SB(0), Length[7]
2023-08-26 14:07:18,904[DEBUG]:<<<S1F14<<<  
<L [2] 
    <B [1] 00 >
    <L [0] >
>
2023-08-26 14:25:18,581[INFO ]:Queued SECS2 Message : S1F13
2023-08-26 14:25:18,643[INFO ]:SENT SECS2 Message : SSID(0), B2(129), B3(13), P(0), S(0), SB(1)
2023-08-26 14:25:18,643[INFO ]:>>>S1F13 W>>>  
<L [2] 
    <A [3] "DFR">
    <A [14] "1.0.8638.25954">
>
2023-08-26 14:25:18,690[INFO ]:RECV SECS2 Message : SSID(0), B2(1), B3(14), P(0), S(0), SB(1), Length[7]
2023-08-26 14:25:18,690[DEBUG]:<<<S1F14<<<  
<L [2] 
    <B [1] 00 >
    <L [0] >
>
2023-08-26 14:39:24,783[INFO ]:Queued SECS2 Message : S1F13
2023-08-26 14:39:24,830[INFO ]:SENT SECS2 Message : SSID(0), B2(129), B3(13), P(0), S(0), SB(1)
2023-08-26 14:39:24,830[INFO ]:>>>S1F13 W>>>  
<L [2] 
    <A [3] "DFR">
    <A [14] "1.0.8638.26379">
>
2023-08-26 14:39:24,893[INFO ]:RECV SECS2 Message : SSID(0), B2(1), B3(14), P(0), S(0), SB(1), Length[7]
2023-08-26 14:39:24,893[DEBUG]:<<<S1F14<<<  
<L [2] 
    <B [1] 00 >
    <L [0] >
>
